2 298.150000 1.000000 0.000000 0.200000 0.100000 110.000000 0.000000 -207912.779692 50.177327 25.270161
6 298.150000 1.000000 0.100000 0.500000 0.100000 110.000000 0.000000 -207901.072669 24.701976 25.205763
6 298.150000 1.000000 0.100000 0.500000 0.100000 110.000000 0.000000 -207858.512154 36.054794 25.056973
6 298.150000 1.000000 0.100000 0.500000 0.100000 110.000000 0.000000 -207755.453156 48.968607 24.915485
6 298.150000 1.000000 0.100000 0.500000 0.100000 110.000000 0.000000 -207535.450589 40.759876 24.960630
6 298.150000 1.000000 0.100000 0.500000 0.100000 110.000000 0.000000 -207803.896748 19.204834 24.900629
7 298.150000 1.000000 0.200000 0.500000 0.100000 110.000000 0.000000 -207768.977647 14.066561 25.086941
6 298.150000 1.000000 0.100000 0.500000 0.100000 110.000000 0.000000 -207612.953422 32.464207 25.045010
6 298.150000 1.000000 0.100000 0.500000 0.100000 110.000000 0.000000 -207757.472862 31.526844 24.950348
6 298.150000 1.000000 0.100000 0.500000 0.100000 110.000000 0.000000 -207643.282788 69.447092 24.704698
6 298.150000 1.000000 0.100000 0.500000 0.100000 110.000000 0.000000 -207671.975603 19.926990 24.890240
6 298.150000 1.000000 0.100000 0.500000 0.100000 110.000000 0.000000 -207671.761214 47.655487 24.595958
6 298.150000 1.000000 0.100000 0.500000 0.100000 110.000000 0.000000 -207974.304495 22.689120 24.949774
6 298.150000 1.000000 0.100000 0.500000 0.100000 110.000000 0.000000 -207530.578526 40.416289 24.887906
6 298.150000 1.000000 0.100000 0.500000 0.100000 110.000000 0.000000 -207623.931351 37.283245 24.675731
6 298.150000 1.000000 0.100000 0.500000 0.100000 110.000000 0.000000 -207661.510911 13.933654 24.970781
7 298.150000 1.000000 0.200000 0.500000 0.100000 110.000000 0.000000 -207637.277222 18.161055 24.902511
6 298.150000 1.000000 0.100000 0.500000 0.100000 110.000000 0.000000 -207808.614607 26.732088 25.026255
6 298.150000 1.000000 0.100000 0.500000 0.100000 110.000000 0.000000 -207823.182267 36.011511 25.145223
6 298.150000 1.000000 0.100000 0.500000 0.100000 110.000000 0.000000 -207966.836414 23.190888 24.920146
6 298.150000 1.000000 0.100000 0.500000 0.100000 110.000000 0.000000 -207417.571335 56.051600 25.221919
4 298.150000 1.000000 0.000000 0.400000 0.100000 110.000000 0.000000 -207594.363665 88.603742 25.170505
3 298.150000 1.000000 0.000000 0.300000 0.100000 110.000000 0.000000 -207536.173437 129.292921 25.110041
3 298.150000 1.000000 0.000000 0.300000 0.100000 110.000000 0.000000 -207828.700345 122.113847 25.052097
3 298.150000 1.000000 0.000000 0.300000 0.100000 110.000000 0.000000 -207780.638289 87.172649 24.942343
3 298.150000 1.000000 0.000000 0.300000 0.100000 110.000000 0.000000 -207456.569185 96.285412 24.885609
5 298.150000 1.000000 0.000000 0.500000 0.100000 110.000000 0.000000 -207930.498696 78.387916 24.896366
5 298.150000 1.000000 0.000000 0.500000 0.100000 110.000000 0.000000 -207575.997009 82.903984 25.079674
4 298.150000 1.000000 0.000000 0.400000 0.100000 110.000000 0.000000 -207503.437231 92.385041 23.901392
4 298.150000 1.000000 0.000000 0.400000 0.100000 110.000000 0.000000 -207648.019698 69.809669 25.050822
5 298.150000 1.000000 0.000000 0.500000 0.100000 110.000000 0.000000 -208076.512946 108.266688 25.113013
5 298.150000 1.000000 0.000000 0.500000 0.100000 110.000000 0.000000 -207639.224391 108.329164 24.922119
4 298.150000 1.000000 0.000000 0.400000 0.100000 110.000000 0.000000 -207701.648448 89.732797 24.908626
5 298.150000 1.000000 0.000000 0.500000 0.100000 110.000000 0.000000 -207811.204873 67.368877 24.756679
3 298.150000 1.000000 0.000000 0.300000 0.100000 110.000000 0.000000 -207819.003975 71.864965 24.903600
5 298.150000 1.000000 0.000000 0.500000 0.100000 110.000000 0.000000 -207430.086206 85.547013 24.295601
4 298.150000 1.000000 0.000000 0.400000 0.100000 110.000000 0.000000 -208028.041877 75.267860 25.209436
4 298.150000 1.000000 0.000000 0.400000 0.100000 110.000000 0.000000 -207642.821966 84.255758 25.038532
4 298.150000 1.000000 0.000000 0.400000 0.100000 110.000000 0.000000 -207890.082246 91.131461 24.692194
3 298.150000 1.000000 0.000000 0.300000 0.100000 110.000000 0.000000 -207913.539517 103.841441 24.907548
4 298.150000 1.000000 0.000000 0.400000 0.100000 110.000000 0.000000 -207829.926719 57.294915 25.252337
3 298.150000 1.000000 0.000000 0.300000 0.100000 110.000000 0.000000 -208022.871412 95.950984 23.880957
3 298.150000 1.000000 0.000000 0.300000 0.100000 110.000000 0.000000 -207791.403903 88.335951 24.903726
4 298.150000 1.000000 0.000000 0.400000 0.100000 110.000000 0.000000 -207639.191928 72.516394 24.997083
4 298.150000 1.000000 0.000000 0.400000 0.100000 110.000000 0.000000 -207982.161138 55.630369 24.689581
5 298.150000 1.000000 0.000000 0.500000 0.100000 110.000000 0.000000 -207961.464325 41.282158 25.023256
4 298.150000 1.000000 0.000000 0.400000 0.100000 110.000000 0.000000 -207354.511688 83.893733 25.251659
4 298.150000 1.000000 0.000000 0.400000 0.100000 110.000000 0.000000 -207941.802736 62.523560 24.759167
4 298.150000 1.000000 0.000000 0.400000 0.100000 110.000000 0.000000 -207533.141542 61.467039 24.577772
4 298.150000 1.000000 0.000000 0.400000 0.100000 110.000000 0.000000 -207995.504741 82.552086 25.316066
4 298.150000 1.000000 0.000000 0.400000 0.100000 110.000000 0.000000 -207890.504369 120.849369 25.186639
2 298.150000 1.000000 0.000000 0.200000 0.100000 110.000000 0.000000 -207780.900412 130.763095 24.955502
2 298.150000 1.000000 0.000000 0.200000 0.100000 110.000000 0.000000 -207872.221979 141.801592 23.366961
2 298.150000 1.000000 0.000000 0.200000 0.100000 110.000000 0.000000 -207339.220581 115.163219 24.652589
2 298.150000 1.000000 0.000000 0.200000 0.100000 110.000000 0.000000 -207980.658298 129.967982 23.920563
4 298.150000 1.000000 0.000000 0.400000 0.100000 110.000000 0.000000 -208037.825465 87.512469 24.146922
5 298.150000 1.000000 0.000000 0.500000 0.100000 110.000000 0.000000 -207911.545931 70.702541 24.855364
5 298.150000 1.000000 0.000000 0.500000 0.100000 110.000000 0.000000 -207845.504501 77.958963 25.003183
3 298.150000 1.000000 0.000000 0.300000 0.100000 110.000000 0.000000 -207642.564853 93.952547 24.253964
4 298.150000 1.000000 0.000000 0.400000 0.100000 110.000000 0.000000 -207745.806629 90.357025 25.339208
5 298.150000 1.000000 0.000000 0.500000 0.100000 110.000000 0.000000 -207906.977665 78.471726 25.079752
3 298.150000 1.000000 0.000000 0.300000 0.100000 110.000000 0.000000 -207668.655825 105.422197 24.664888
3 298.150000 1.000000 0.000000 0.300000 0.100000 110.000000 0.000000 -207577.820084 110.377348 24.916416
3 298.150000 1.000000 0.000000 0.300000 0.100000 110.000000 0.000000 -207706.210885 72.531885 24.886648
5 298.150000 1.000000 0.000000 0.500000 0.100000 110.000000 0.000000 -207482.134301 77.218524 25.028726
4 298.150000 1.000000 0.000000 0.400000 0.100000 110.000000 0.000000 -207547.839474 74.079911 25.329260
4 298.150000 1.000000 0.000000 0.400000 0.100000 110.000000 0.000000 -207750.654043 63.652202 24.890322
4 298.150000 1.000000 0.000000 0.400000 0.100000 110.000000 0.000000 -207756.182278 91.726636 24.872250
4 298.150000 1.000000 0.000000 0.400000 0.100000 110.000000 0.000000 -207863.626925 72.115096 24.568441
5 298.150000 1.000000 0.000000 0.500000 0.100000 110.000000 0.000000 -207555.337687 97.062831 25.161776
3 298.150000 1.000000 0.000000 0.300000 0.100000 110.000000 0.000000 -207675.546750 108.608310 24.953424
3 298.150000 1.000000 0.000000 0.300000 0.100000 110.000000 0.000000 -208146.230144 57.207515 25.212274
3 298.150000 1.000000 0.000000 0.300000 0.100000 110.000000 0.000000 -207518.171321 88.861966 25.281686
4 298.150000 1.000000 0.000000 0.400000 0.100000 110.000000 0.000000 -207704.097391 66.387669 24.601401
4 298.150000 1.000000 0.000000 0.400000 0.100000 110.000000 0.000000 -207987.265543 91.462180 24.907142
5 298.150000 1.000000 0.000000 0.500000 0.100000 110.000000 0.000000 -207835.280127 51.442212 25.125067
5 298.150000 1.000000 0.000000 0.500000 0.100000 110.000000 0.000000 -207672.749215 76.879664 25.190341
4 298.150000 1.000000 0.000000 0.400000 0.100000 110.000000 0.000000 -207634.036612 93.026701 25.132268
4 298.150000 1.000000 0.000000 0.400000 0.100000 110.000000 0.000000 -207863.992185 78.128055 25.258844
4 298.150000 1.000000 0.000000 0.400000 0.100000 110.000000 0.000000 -207559.243721 45.555532 24.892711
3 298.150000 1.000000 0.000000 0.300000 0.100000 110.000000 0.000000 -207394.348689 114.835589 24.871939
2 298.150000 1.000000 0.000000 0.200000 0.100000 110.000000 0.000000 -207489.172578 98.514979 24.721074
2 298.150000 1.000000 0.000000 0.200000 0.100000 110.000000 0.000000 -208070.374923 128.718752 25.013971
2 298.150000 1.000000 0.000000 0.200000 0.100000 110.000000 0.000000 -207695.147021 135.144523 24.995128
2 298.150000 1.000000 0.000000 0.200000 0.100000 110.000000 0.000000 -207765.602259 125.031522 25.111703
2 298.150000 1.000000 0.000000 0.200000 0.100000 110.000000 0.000000 -207398.418853 123.390941 23.667617
2 298.150000 1.000000 0.000000 0.200000 0.100000 110.000000 0.000000 -208043.763479 135.278864 25.255468
2 298.150000 1.000000 0.000000 0.200000 0.100000 110.000000 0.000000 -207922.542688 121.198375 25.088571
2 298.150000 1.000000 0.000000 0.200000 0.100000 110.000000 0.000000 -207980.010908 146.889041 24.010735
2 298.150000 1.000000 0.000000 0.200000 0.100000 110.000000 0.000000 -207637.843919 139.089364 23.506038
2 298.150000 1.000000 0.000000 0.200000 0.100000 110.000000 0.000000 -207849.865747 105.633669 25.012246
2 298.150000 1.000000 0.000000 0.200000 0.100000 110.000000 0.000000 -207940.049803 102.410310 25.199457
2 298.150000 1.000000 0.000000 0.200000 0.100000 110.000000 0.000000 -207787.314968 128.696479 24.873924
3 298.150000 1.000000 0.000000 0.300000 0.100000 110.000000 0.000000 -207951.003693 129.637804 24.911361
3 298.150000 1.000000 0.000000 0.300000 0.100000 110.000000 0.000000 -207888.415485 97.784368 25.071035
3 298.150000 1.000000 0.000000 0.300000 0.100000 110.000000 0.000000 -207838.136448 85.201822 24.901468
5 298.150000 1.000000 0.000000 0.500000 0.100000 110.000000 0.000000 -207462.230500 105.582425 25.022294
4 298.150000 1.000000 0.000000 0.400000 0.100000 110.000000 0.000000 -207962.147511 76.196605 24.624851
5 298.150000 1.000000 0.000000 0.500000 0.100000 110.000000 0.000000 -207870.551697 91.464354 24.612551
5 298.150000 1.000000 0.000000 0.500000 0.100000 110.000000 0.000000 -207619.635421 95.424914 24.676221
4 298.150000 1.000000 0.000000 0.400000 0.100000 110.000000 0.000000 -208037.781571 71.483135 24.482862
4 298.150000 1.000000 0.000000 0.400000 0.100000 110.000000 0.000000 -207732.396898 68.707818 25.147097
5 298.150000 1.000000 0.000000 0.500000 0.100000 110.000000 0.000000 -207386.549389 68.600226 25.216544
4 298.150000 1.000000 0.000000 0.400000 0.100000 110.000000 0.000000 -207441.055178 115.483646 25.009224
4 298.150000 1.000000 0.000000 0.400000 0.100000 110.000000 0.000000 -207972.748459 89.540641 24.975814
5 298.150000 1.000000 0.000000 0.500000 0.100000 110.000000 0.000000 -208055.600831 75.436216 24.524890
4 298.150000 1.000000 0.000000 0.400000 0.100000 110.000000 0.000000 -207286.856507 71.795859 25.124338
5 298.150000 1.000000 0.000000 0.500000 0.100000 110.000000 0.000000 -207942.347449 74.500162 25.084594
5 298.150000 1.000000 0.000000 0.500000 0.100000 110.000000 0.000000 -208052.361158 58.203949 24.865851
3 298.150000 1.000000 0.000000 0.300000 0.100000 110.000000 0.000000 -208034.278721 115.797349 24.614171
4 298.150000 1.000000 0.000000 0.400000 0.100000 110.000000 0.000000 -207834.169461 87.280316 25.061955
3 298.150000 1.000000 0.000000 0.300000 0.100000 110.000000 0.000000 -207712.166231 87.518935 25.390729
3 298.150000 1.000000 0.000000 0.300000 0.100000 110.000000 0.000000 -207753.880806 119.005449 25.274670
3 298.150000 1.000000 0.000000 0.300000 0.100000 110.000000 0.000000 -207536.406314 53.160144 25.023002
3 298.150000 1.000000 0.000000 0.300000 0.100000 110.000000 0.000000 -208087.016150 110.988513 24.942084
3 298.150000 1.000000 0.000000 0.300000 0.100000 110.000000 0.000000 -208014.032702 121.075822 25.297931
3 298.150000 1.000000 0.000000 0.300000 0.100000 110.000000 0.000000 -207753.496485 91.122563 23.728549
4 298.150000 1.000000 0.000000 0.400000 0.100000 110.000000 0.000000 -207756.556897 81.388242 25.179149
5 298.150000 1.000000 0.000000 0.500000 0.100000 110.000000 0.000000 -207411.610850 74.880832 25.037130
4 298.150000 1.000000 0.000000 0.400000 0.100000 110.000000 0.000000 -207322.880307 100.490596 25.215710
5 298.150000 1.000000 0.000000 0.500000 0.100000 110.000000 0.000000 -207629.105115 84.663974 24.937749
4 298.150000 1.000000 0.000000 0.400000 0.100000 110.000000 0.000000 -208023.579323 113.941995 24.967205
4 298.150000 1.000000 0.000000 0.400000 0.100000 110.000000 0.000000 -207969.815726 51.624762 24.825563
6 298.150000 1.000000 0.100000 0.500000 0.100000 110.000000 0.000000 -208005.585626 25.533257 25.128756
6 298.150000 1.000000 0.100000 0.500000 0.100000 110.000000 0.000000 -207654.557099 33.112543 24.853540
6 298.150000 1.000000 0.100000 0.500000 0.100000 110.000000 0.000000 -207907.318861 19.343085 25.227589
6 298.150000 1.000000 0.100000 0.500000 0.100000 110.000000 0.000000 -207653.491350 36.019025 25.132490
