15 298.150000 -1.000000 0.100000 0.500000 0.100000 110.000000 0.000000 -207796.852110 31.909601 25.529573
15 298.150000 -1.000000 0.100000 0.500000 0.100000 110.000000 0.000000 -207765.743589 36.660636 25.237903
15 298.150000 -1.000000 0.100000 0.500000 0.100000 110.000000 0.000000 -207053.441099 38.083701 25.536600
15 298.150000 -1.000000 0.100000 0.500000 0.100000 110.000000 0.000000 -207017.816323 21.408503 25.651288
16 298.150000 -1.000000 0.000000 0.500000 0.100000 110.000000 0.000000 -207661.027173 88.123804 25.516978
18 298.150000 -1.000000 0.000000 0.300000 0.100000 110.000000 0.000000 -207611.741747 63.228779 25.572499
18 298.150000 -1.000000 0.000000 0.300000 0.100000 110.000000 0.000000 -207228.438391 83.012852 25.708996
19 298.150000 -1.000000 0.000000 0.200000 0.100000 110.000000 0.000000 -207152.371434 93.227782 25.686533
19 298.150000 -1.000000 0.000000 0.200000 0.100000 110.000000 0.000000 -207282.791384 42.903045 25.828943
18 298.150000 -1.000000 0.000000 0.300000 0.100000 110.000000 0.000000 -207465.303986 63.985150 25.336035
17 298.150000 -1.000000 0.000000 0.400000 0.100000 110.000000 0.000000 -207451.057932 82.625854 25.334901
16 298.150000 -1.000000 0.000000 0.500000 0.100000 110.000000 0.000000 -207524.478926 56.109234 25.480725
18 298.150000 -1.000000 0.000000 0.300000 0.100000 110.000000 0.000000 -207462.790222 52.368831 25.688220
17 298.150000 -1.000000 0.000000 0.400000 0.100000 110.000000 0.000000 -207464.681980 67.617191 25.322691
16 298.150000 -1.000000 0.000000 0.500000 0.100000 110.000000 0.000000 -207428.219121 51.285996 25.721649
17 298.150000 -1.000000 0.000000 0.400000 0.100000 110.000000 0.000000 -207189.954901 57.097978 25.669060
17 298.150000 -1.000000 0.000000 0.400000 0.100000 110.000000 0.000000 -207332.327331 60.235412 25.706181
16 298.150000 -1.000000 0.000000 0.500000 0.100000 110.000000 0.000000 -207251.950410 67.206451 24.981034
17 298.150000 -1.000000 0.000000 0.400000 0.100000 110.000000 0.000000 -207113.050296 68.338387 25.416889
16 298.150000 -1.000000 0.000000 0.500000 0.100000 110.000000 0.000000 -207472.689079 54.497380 25.205942
17 298.150000 -1.000000 0.000000 0.400000 0.100000 110.000000 0.000000 -206840.483738 55.661148 25.295046
16 298.150000 -1.000000 0.000000 0.500000 0.100000 110.000000 0.000000 -207362.913400 72.149706 25.460721
17 298.150000 -1.000000 0.000000 0.400000 0.100000 110.000000 0.000000 -207527.104154 57.220102 25.234651
18 298.150000 -1.000000 0.000000 0.300000 0.100000 110.000000 0.000000 -207488.560877 81.032022 25.183261
16 298.150000 -1.000000 0.000000 0.500000 0.100000 110.000000 0.000000 -207192.540548 25.758610 25.273059
15 298.150000 -1.000000 0.100000 0.500000 0.100000 110.000000 0.000000 -207116.128231 3.619237 25.587742
12 298.150000 -1.000000 0.400000 0.500000 0.100000 110.000000 0.000000 -207228.449890 10.419693 25.539645
13 298.150000 -1.000000 0.300000 0.500000 0.100000 110.000000 0.000000 -207507.988791 -1.911477 25.752443
13 298.150000 -1.000000 0.300000 0.500000 0.100000 110.000000 0.000000 -207836.646623 8.813231 25.155517
13 298.150000 -1.000000 0.300000 0.500000 0.100000 110.000000 0.000000 -207746.449320 8.665315 25.716928
13 298.150000 -1.000000 0.300000 0.500000 0.100000 110.000000 0.000000 -207094.212607 23.454564 25.408476
15 298.150000 -1.000000 0.100000 0.500000 0.100000 110.000000 0.000000 -207479.907864 47.109389 25.790282
15 298.150000 -1.000000 0.100000 0.500000 0.100000 110.000000 0.000000 -207342.471952 16.419076 25.528133
14 298.150000 -1.000000 0.200000 0.500000 0.100000 110.000000 0.000000 -207442.286351 8.402419 25.611650
14 298.150000 -1.000000 0.200000 0.500000 0.100000 110.000000 0.000000 -207044.079763 2.879619 25.296018
13 298.150000 -1.000000 0.300000 0.500000 0.100000 110.000000 0.000000 -207449.512563 7.552417 25.469424
14 298.150000 -1.000000 0.200000 0.500000 0.100000 110.000000 0.000000 -207485.179458 13.459272 25.471614
15 298.150000 -1.000000 0.100000 0.500000 0.100000 110.000000 0.000000 -207497.022644 20.925684 25.264581
17 298.150000 -1.000000 0.000000 0.400000 0.100000 110.000000 0.000000 -207416.434777 76.575893 25.590338
17 298.150000 -1.000000 0.000000 0.400000 0.100000 110.000000 0.000000 -207229.912070 93.234795 25.451467
16 298.150000 -1.000000 0.000000 0.500000 0.100000 110.000000 0.000000 -207396.791073 72.258535 25.501564
17 298.150000 -1.000000 0.000000 0.400000 0.100000 110.000000 0.000000 -207636.786021 34.962420 25.527192
17 298.150000 -1.000000 0.000000 0.400000 0.100000 110.000000 0.000000 -207563.642818 24.979875 25.659138
16 298.150000 -1.000000 0.000000 0.500000 0.100000 110.000000 0.000000 -207265.855461 27.020970 24.980568
15 298.150000 -1.000000 0.100000 0.500000 0.100000 110.000000 0.000000 -207534.097951 20.404440 25.448830
15 298.150000 -1.000000 0.100000 0.500000 0.100000 110.000000 0.000000 -207291.933964 12.948115 25.511780
12 298.150000 -1.000000 0.400000 0.500000 0.100000 110.000000 0.000000 -207181.138292 3.177230 25.689248
12 298.150000 -1.000000 0.400000 0.500000 0.100000 110.000000 0.000000 -207467.413453 -1.207546 25.249116
12 298.150000 -1.000000 0.400000 0.500000 0.100000 110.000000 0.000000 -207767.370948 6.059520 25.698457
12 298.150000 -1.000000 0.400000 0.500000 0.100000 110.000000 0.000000 -207355.539203 1.439531 25.742827
12 298.150000 -1.000000 0.400000 0.500000 0.100000 110.000000 0.000000 -207507.261431 0.208796 25.624267
12 298.150000 -1.000000 0.400000 0.500000 0.100000 110.000000 0.000000 -207795.315959 -2.226371 25.521513
11 298.150000 -1.000000 0.500000 0.500000 0.100000 110.000000 0.000000 -207367.707194 -2.008763 25.577629
12 298.150000 -1.000000 0.400000 0.500000 0.100000 110.000000 0.000000 -207817.042212 0.881430 25.560609
10 298.150000 1.000000 0.500000 0.500000 0.100000 110.000000 0.000000 -207606.116965 -7.632271 25.685204
10 298.150000 1.000000 0.500000 0.500000 0.100000 110.000000 0.000000 -207547.632898 3.585380 25.182680
10 298.150000 1.000000 0.500000 0.500000 0.100000 110.000000 0.000000 -207194.373817 -1.404458 25.368126
11 298.150000 -1.000000 0.500000 0.500000 0.100000 110.000000 0.000000 -207154.573128 -1.380674 25.489891
11 298.150000 -1.000000 0.500000 0.500000 0.100000 110.000000 0.000000 -208058.029975 -2.773539 25.551275
10 298.150000 1.000000 0.500000 0.500000 0.100000 110.000000 0.000000 -207366.145544 -2.242080 25.524476
10 298.150000 1.000000 0.500000 0.500000 0.100000 110.000000 0.000000 -207328.859592 4.111854 25.432005
10 298.150000 1.000000 0.500000 0.500000 0.100000 110.000000 0.000000 -207530.387615 1.587397 25.252973
10 298.150000 1.000000 0.500000 0.500000 0.100000 110.000000 0.000000 -207454.123602 1.262832 25.260691
11 298.150000 -1.000000 0.500000 0.500000 0.100000 110.000000 0.000000 -206853.374386 5.914047 25.452592
12 298.150000 -1.000000 0.400000 0.500000 0.100000 110.000000 0.000000 -207509.821533 6.817790 25.510440
11 298.150000 -1.000000 0.500000 0.500000 0.100000 110.000000 0.000000 -207497.536371 7.507817 25.733213
9 298.150000 1.000000 0.400000 0.500000 0.100000 110.000000 0.000000 -207622.219687 1.865396 25.490783
9 298.150000 1.000000 0.400000 0.500000 0.100000 110.000000 0.000000 -207265.536468 -4.911573 25.016438
10 298.150000 1.000000 0.500000 0.500000 0.100000 110.000000 0.000000 -207402.092504 0.661821 25.754202
9 298.150000 1.000000 0.400000 0.500000 0.100000 110.000000 0.000000 -207369.763823 -1.256709 25.522235
9 298.150000 1.000000 0.400000 0.500000 0.100000 110.000000 0.000000 -207651.544750 3.186415 25.618718
8 298.150000 1.000000 0.300000 0.500000 0.100000 110.000000 0.000000 -207493.071846 2.149297 25.686906
10 298.150000 1.000000 0.500000 0.500000 0.100000 110.000000 0.000000 -207625.256117 -2.564755 25.644123
10 298.150000 1.000000 0.500000 0.500000 0.100000 110.000000 0.000000 -207218.254159 -3.863556 25.060133
10 298.150000 1.000000 0.500000 0.500000 0.100000 110.000000 0.000000 -207622.516647 0.551302 25.424307
11 298.150000 -1.000000 0.500000 0.500000 0.100000 110.000000 0.000000 -207381.048996 5.580469 25.606876
13 298.150000 -1.000000 0.300000 0.500000 0.100000 110.000000 0.000000 -207125.833090 6.048263 25.329161
14 298.150000 -1.000000 0.200000 0.500000 0.100000 110.000000 0.000000 -207529.947371 3.877821 25.295517
14 298.150000 -1.000000 0.200000 0.500000 0.100000 110.000000 0.000000 -207455.284692 12.644004 25.443711
14 298.150000 -1.000000 0.200000 0.500000 0.100000 110.000000 0.000000 -207624.174933 16.002637 25.577959
14 298.150000 -1.000000 0.200000 0.500000 0.100000 110.000000 0.000000 -207645.313605 2.985584 25.421258
14 298.150000 -1.000000 0.200000 0.500000 0.100000 110.000000 0.000000 -207589.355734 3.706260 25.544544
14 298.150000 -1.000000 0.200000 0.500000 0.100000 110.000000 0.000000 -207485.254209 4.592707 25.408054
12 298.150000 -1.000000 0.400000 0.500000 0.100000 110.000000 0.000000 -207793.961368 -1.144405 25.213893
12 298.150000 -1.000000 0.400000 0.500000 0.100000 110.000000 0.000000 -207743.727190 3.846561 25.640686
12 298.150000 -1.000000 0.400000 0.500000 0.100000 110.000000 0.000000 -207605.040740 0.950913 25.359904
13 298.150000 -1.000000 0.300000 0.500000 0.100000 110.000000 0.000000 -207617.590780 5.385269 25.391729
13 298.150000 -1.000000 0.300000 0.500000 0.100000 110.000000 0.000000 -207170.969674 7.500539 25.675722
13 298.150000 -1.000000 0.300000 0.500000 0.100000 110.000000 0.000000 -207397.413716 4.279495 25.083708
15 298.150000 -1.000000 0.100000 0.500000 0.100000 110.000000 0.000000 -207803.474959 9.437807 25.161977
13 298.150000 -1.000000 0.300000 0.500000 0.100000 110.000000 0.000000 -207612.312894 9.512499 25.413705
15 298.150000 -1.000000 0.100000 0.500000 0.100000 110.000000 0.000000 -207636.294742 13.340990 24.656631
14 298.150000 -1.000000 0.200000 0.500000 0.100000 110.000000 0.000000 -207279.661434 0.672680 25.172041
13 298.150000 -1.000000 0.300000 0.500000 0.100000 110.000000 0.000000 -207361.623258 3.635873 25.431022
13 298.150000 -1.000000 0.300000 0.500000 0.100000 110.000000 0.000000 -207418.995020 5.829689 25.058568
12 298.150000 -1.000000 0.400000 0.500000 0.100000 110.000000 0.000000 -207540.716286 -1.691146 25.162798
12 298.150000 -1.000000 0.400000 0.500000 0.100000 110.000000 0.000000 -207543.853299 6.351067 25.223653
13 298.150000 -1.000000 0.300000 0.500000 0.100000 110.000000 0.000000 -207301.281385 8.663111 25.392631
12 298.150000 -1.000000 0.400000 0.500000 0.100000 110.000000 0.000000 -207233.829770 4.140530 25.171688
13 298.150000 -1.000000 0.300000 0.500000 0.100000 110.000000 0.000000 -207279.079073 -2.729960 25.551217
12 298.150000 -1.000000 0.400000 0.500000 0.100000 110.000000 0.000000 -207458.665243 2.064184 25.748471
13 298.150000 -1.000000 0.300000 0.500000 0.100000 110.000000 0.000000 -207209.216951 6.442890 25.318777
13 298.150000 -1.000000 0.300000 0.500000 0.100000 110.000000 0.000000 -207252.735156 7.715432 25.099069
13 298.150000 -1.000000 0.300000 0.500000 0.100000 110.000000 0.000000 -207319.248757 2.951389 25.501463
11 298.150000 -1.000000 0.500000 0.500000 0.100000 110.000000 0.000000 -207439.083462 4.218244 25.504135
11 298.150000 -1.000000 0.500000 0.500000 0.100000 110.000000 0.000000 -207272.527253 -1.860261 25.472370
12 298.150000 -1.000000 0.400000 0.500000 0.100000 110.000000 0.000000 -207438.926575 -1.331945 25.662580
12 298.150000 -1.000000 0.400000 0.500000 0.100000 110.000000 0.000000 -207460.034969 3.591813 24.913512
13 298.150000 -1.000000 0.300000 0.500000 0.100000 110.000000 0.000000 -207570.541521 7.371516 25.338438
12 298.150000 -1.000000 0.400000 0.500000 0.100000 110.000000 0.000000 -207348.082529 1.468948 25.605896
14 298.150000 -1.000000 0.200000 0.500000 0.100000 110.000000 0.000000 -207556.808007 9.075764 25.484589
14 298.150000 -1.000000 0.200000 0.500000 0.100000 110.000000 0.000000 -207526.682826 5.082753 25.487014
13 298.150000 -1.000000 0.300000 0.500000 0.100000 110.000000 0.000000 -207018.656475 6.792979 25.380933
12 298.150000 -1.000000 0.400000 0.500000 0.100000 110.000000 0.000000 -207181.195807 2.791976 25.205647
12 298.150000 -1.000000 0.400000 0.500000 0.100000 110.000000 0.000000 -207476.465114 6.605977 25.578463
11 298.150000 -1.000000 0.500000 0.500000 0.100000 110.000000 0.000000 -207545.926067 1.722844 25.265455
10 298.150000 1.000000 0.500000 0.500000 0.100000 110.000000 0.000000 -207551.239541 -3.795979 25.503091
10 298.150000 1.000000 0.500000 0.500000 0.100000 110.000000 0.000000 -207682.204105 1.635792 25.256057
10 298.150000 1.000000 0.500000 0.500000 0.100000 110.000000 0.000000 -207461.487087 7.498083 25.237373
12 298.150000 -1.000000 0.400000 0.500000 0.100000 110.000000 0.000000 -206966.129521 2.956126 25.188706
12 298.150000 -1.000000 0.400000 0.500000 0.100000 110.000000 0.000000 -207349.873865 6.898254 25.592044
14 298.150000 -1.000000 0.200000 0.500000 0.100000 110.000000 0.000000 -207354.939675 8.374014 24.772271
14 298.150000 -1.000000 0.200000 0.500000 0.100000 110.000000 0.000000 -207581.398470 10.386382 25.374201
16 298.150000 -1.000000 0.000000 0.500000 0.100000 110.000000 0.000000 -207368.098617 78.688385 25.278317
18 298.150000 -1.000000 0.000000 0.300000 0.100000 110.000000 0.000000 -207654.356214 105.129827 24.562207
19 298.150000 -1.000000 0.000000 0.200000 0.100000 110.000000 0.000000 -207582.592160 93.418530 25.149219
19 298.150000 -1.000000 0.000000 0.200000 0.100000 110.000000 0.000000 -207225.748402 86.120466 25.653641
18 298.150000 -1.000000 0.000000 0.300000 0.100000 110.000000 0.000000 -207646.361599 40.059622 25.200531
18 298.150000 -1.000000 0.000000 0.300000 0.100000 110.000000 0.000000 -207183.377842 83.321126 25.407614
19 298.150000 -1.000000 0.000000 0.200000 0.100000 110.000000 0.000000 -207275.442546 30.696996 25.339117
20 298.150000 -1.000000 0.000000 0.100000 0.100000 110.000000 0.000000 -207578.157760 113.609359 25.396247
20 298.150000 -1.000000 0.000000 0.100000 0.100000 110.000000 0.000000 -206913.685339 136.134689 25.506876
20 298.150000 -1.000000 0.000000 0.100000 0.100000 110.000000 0.000000 -207591.119759 137.732375 25.032465
20 298.150000 -1.000000 0.000000 0.100000 0.100000 110.000000 0.000000 -207516.011438 75.846145 25.356871
17 298.150000 -1.000000 0.000000 0.400000 0.100000 110.000000 0.000000 -207605.218645 95.968120 25.518417
17 298.150000 -1.000000 0.000000 0.400000 0.100000 110.000000 0.000000 -207691.008876 51.474995 25.450391
16 298.150000 -1.000000 0.000000 0.500000 0.100000 110.000000 0.000000 -207476.805456 27.822769 25.145542
16 298.150000 -1.000000 0.000000 0.500000 0.100000 110.000000 0.000000 -207093.392863 41.967429 25.202802
18 298.150000 -1.000000 0.000000 0.300000 0.100000 110.000000 0.000000 -207547.877999 107.561736 25.194558
19 298.150000 -1.000000 0.000000 0.200000 0.100000 110.000000 0.000000 -207406.185956 115.259763 25.612077
19 298.150000 -1.000000 0.000000 0.200000 0.100000 110.000000 0.000000 -207077.325516 33.158886 25.316770
15 298.150000 -1.000000 0.100000 0.500000 0.100000 110.000000 0.000000 -207040.554391 15.665099 25.448204
17 298.150000 -1.000000 0.000000 0.400000 0.100000 110.000000 0.000000 -207549.772326 37.949064 25.025654
17 298.150000 -1.000000 0.000000 0.400000 0.100000 110.000000 0.000000 -207817.769752 92.747907 24.887560
17 298.150000 -1.000000 0.000000 0.400000 0.100000 110.000000 0.000000 -207264.322674 70.136148 25.551459
18 298.150000 -1.000000 0.000000 0.300000 0.100000 110.000000 0.000000 -207475.944212 91.746235 25.324563
16 298.150000 -1.000000 0.000000 0.500000 0.100000 110.000000 0.000000 -207482.278701 41.887884 24.044900
16 298.150000 -1.000000 0.000000 0.500000 0.100000 110.000000 0.000000 -207490.396897 73.540208 25.411175
19 298.150000 -1.000000 0.000000 0.200000 0.100000 110.000000 0.000000 -207598.391418 96.304196 24.594679
17 298.150000 -1.000000 0.000000 0.400000 0.100000 110.000000 0.000000 -207876.949181 38.069190 25.425787
15 298.150000 -1.000000 0.100000 0.500000 0.100000 110.000000 0.000000 -207486.424121 14.534843 25.365680
15 298.150000 -1.000000 0.100000 0.500000 0.100000 110.000000 0.000000 -207428.094759 18.219693 25.472454
15 298.150000 -1.000000 0.100000 0.500000 0.100000 110.000000 0.000000 -207566.433292 30.974459 25.415977
15 298.150000 -1.000000 0.100000 0.500000 0.100000 110.000000 0.000000 -207362.502587 21.114272 25.046819
15 298.150000 -1.000000 0.100000 0.500000 0.100000 110.000000 0.000000 -207576.453645 16.070802 25.472643
13 298.150000 -1.000000 0.300000 0.500000 0.100000 110.000000 0.000000 -207263.865123 20.851000 25.391288
13 298.150000 -1.000000 0.300000 0.500000 0.100000 110.000000 0.000000 -207514.052115 7.527961 25.553836
12 298.150000 -1.000000 0.400000 0.500000 0.100000 110.000000 0.000000 -208016.702820 4.751813 25.246298
11 298.150000 -1.000000 0.500000 0.500000 0.100000 110.000000 0.000000 -207823.713300 1.373467 25.367002
11 298.150000 -1.000000 0.500000 0.500000 0.100000 110.000000 0.000000 -207430.169370 -4.294022 25.480186
11 298.150000 -1.000000 0.500000 0.500000 0.100000 110.000000 0.000000 -207868.554911 2.401148 25.201163
11 298.150000 -1.000000 0.500000 0.500000 0.100000 110.000000 0.000000 -207335.905859 5.928994 25.311916
12 298.150000 -1.000000 0.400000 0.500000 0.100000 110.000000 0.000000 -207558.111926 -2.841949 24.917732
10 298.150000 1.000000 0.500000 0.500000 0.100000 110.000000 0.000000 -207745.597509 1.766638 24.804636
9 298.150000 1.000000 0.400000 0.500000 0.100000 110.000000 0.000000 -207385.739398 3.570590 25.656529
10 298.150000 1.000000 0.500000 0.500000 0.100000 110.000000 0.000000 -207294.649263 -6.926337 25.319004
10 298.150000 1.000000 0.500000 0.500000 0.100000 110.000000 0.000000 -207556.856280 3.909703 24.966216
13 298.150000 -1.000000 0.300000 0.500000 0.100000 110.000000 0.000000 -207505.133484 1.378820 25.319155
12 298.150000 -1.000000 0.400000 0.500000 0.100000 110.000000 0.000000 -207770.798304 0.358963 25.481807
12 298.150000 -1.000000 0.400000 0.500000 0.100000 110.000000 0.000000 -207258.477876 8.680838 25.274992
13 298.150000 -1.000000 0.300000 0.500000 0.100000 110.000000 0.000000 -207201.823231 15.209177 25.628189
17 298.150000 -1.000000 0.000000 0.400000 0.100000 110.000000 0.000000 -207725.413832 80.634899 25.239245
19 298.150000 -1.000000 0.000000 0.200000 0.100000 110.000000 0.000000 -207538.918206 84.327486 25.304634
16 298.150000 -1.000000 0.000000 0.500000 0.100000 110.000000 0.000000 -207532.290129 116.749950 25.423007
18 298.150000 -1.000000 0.000000 0.300000 0.100000 110.000000 0.000000 -207421.909027 87.291383 25.279402
16 298.150000 -1.000000 0.000000 0.500000 0.100000 110.000000 0.000000 -207277.688466 50.181577 24.578607
16 298.150000 -1.000000 0.000000 0.500000 0.100000 110.000000 0.000000 -207124.014910 91.891005 25.230894
18 298.150000 -1.000000 0.000000 0.300000 0.100000 110.000000 0.000000 -207071.243195 107.854444 25.371290
18 298.150000 -1.000000 0.000000 0.300000 0.100000 110.000000 0.000000 -207462.739148 72.599109 25.376115
18 298.150000 -1.000000 0.000000 0.300000 0.100000 110.000000 0.000000 -207323.728099 52.089533 25.419971
19 298.150000 -1.000000 0.000000 0.200000 0.100000 110.000000 0.000000 -207312.837148 101.060935 25.346669
16 298.150000 -1.000000 0.000000 0.500000 0.100000 110.000000 0.000000 -207453.897028 45.664574 25.403628
16 298.150000 -1.000000 0.000000 0.500000 0.100000 110.000000 0.000000 -207547.317143 55.155324 25.279314
16 298.150000 -1.000000 0.000000 0.500000 0.100000 110.000000 0.000000 -207392.157489 68.674284 25.323603
17 298.150000 -1.000000 0.000000 0.400000 0.100000 110.000000 0.000000 -207559.312154 82.519946 25.393004
20 298.150000 -1.000000 0.000000 0.100000 0.100000 110.000000 0.000000 -207376.656369 122.985205 24.553538
20 298.150000 -1.000000 0.000000 0.100000 0.100000 110.000000 0.000000 -207434.804389 133.583832 25.762753
20 298.150000 -1.000000 0.000000 0.100000 0.100000 110.000000 0.000000 -207291.139386 136.553165 25.450589
20 298.150000 -1.000000 0.000000 0.100000 0.100000 110.000000 0.000000 -207324.760823 135.168865 25.285830
20 298.150000 -1.000000 0.000000 0.100000 0.100000 110.000000 0.000000 -207338.122043 118.752219 25.033440
19 298.150000 -1.000000 0.000000 0.200000 0.100000 110.000000 0.000000 -207427.810422 111.195176 25.311191
19 298.150000 -1.000000 0.000000 0.200000 0.100000 110.000000 0.000000 -207481.449600 124.025276 25.153570
19 298.150000 -1.000000 0.000000 0.200000 0.100000 110.000000 0.000000 -207028.807674 111.980131 24.605293
20 298.150000 -1.000000 0.000000 0.100000 0.100000 110.000000 0.000000 -207263.695612 126.932545 25.382308
20 298.150000 -1.000000 0.000000 0.100000 0.100000 110.000000 0.000000 -207435.952474 96.576401 25.583055
16 298.150000 -1.000000 0.000000 0.500000 0.100000 110.000000 0.000000 -207132.546666 68.163137 25.213713
17 298.150000 -1.000000 0.000000 0.400000 0.100000 110.000000 0.000000 -207737.463348 86.211108 25.184018
16 298.150000 -1.000000 0.000000 0.500000 0.100000 110.000000 0.000000 -207322.494385 34.893468 25.142276
17 298.150000 -1.000000 0.000000 0.400000 0.100000 110.000000 0.000000 -207631.908252 76.207244 25.330546
19 298.150000 -1.000000 0.000000 0.200000 0.100000 110.000000 0.000000 -207684.838619 78.541027 24.878468
16 298.150000 -1.000000 0.000000 0.500000 0.100000 110.000000 0.000000 -207547.487708 95.928171 25.283731
17 298.150000 -1.000000 0.000000 0.400000 0.100000 110.000000 0.000000 -207421.614471 44.613579 25.513821
19 298.150000 -1.000000 0.000000 0.200000 0.100000 110.000000 0.000000 -207289.904518 62.157905 24.622824
19 298.150000 -1.000000 0.000000 0.200000 0.100000 110.000000 0.000000 -207317.211084 110.356552 25.471682
19 298.150000 -1.000000 0.000000 0.200000 0.100000 110.000000 0.000000 -207766.849296 64.342345 25.390653
20 298.150000 -1.000000 0.000000 0.100000 0.100000 110.000000 0.000000 -207752.691580 135.204773 25.420680
20 298.150000 -1.000000 0.000000 0.100000 0.100000 110.000000 0.000000 -207494.190690 141.741524 25.225998
20 298.150000 -1.000000 0.000000 0.100000 0.100000 110.000000 0.000000 -207568.842521 134.348659 24.964974
20 298.150000 -1.000000 0.000000 0.100000 0.100000 110.000000 0.000000 -207538.436123 111.991995 25.104100
20 298.150000 -1.000000 0.000000 0.100000 0.100000 110.000000 0.000000 -207410.152212 123.295042 24.638143
19 298.150000 -1.000000 0.000000 0.200000 0.100000 110.000000 0.000000 -207312.196082 79.274829 25.498090
19 298.150000 -1.000000 0.000000 0.200000 0.100000 110.000000 0.000000 -207446.971222 95.083526 25.721830
18 298.150000 -1.000000 0.000000 0.300000 0.100000 110.000000 0.000000 -207438.589181 102.090891 25.309257
18 298.150000 -1.000000 0.000000 0.300000 0.100000 110.000000 0.000000 -207264.428046 57.831444 25.274005
16 298.150000 -1.000000 0.000000 0.500000 0.100000 110.000000 0.000000 -207193.960000 63.030043 25.306532
16 298.150000 -1.000000 0.000000 0.500000 0.100000 110.000000 0.000000 -207178.414414 58.928047 24.809982
19 298.150000 -1.000000 0.000000 0.200000 0.100000 110.000000 0.000000 -207780.606195 100.097777 25.488739
20 298.150000 -1.000000 0.000000 0.100000 0.100000 110.000000 0.000000 -207241.513290 130.180881 25.266109
20 298.150000 -1.000000 0.000000 0.100000 0.100000 110.000000 0.000000 -206978.357971 112.424731 25.234626
17 298.150000 -1.000000 0.000000 0.400000 0.100000 110.000000 0.000000 -207244.352226 59.333624 25.343624
17 298.150000 -1.000000 0.000000 0.400000 0.100000 110.000000 0.000000 -207278.466729 72.902122 24.364425
17 298.150000 -1.000000 0.000000 0.400000 0.100000 110.000000 0.000000 -207447.480409 46.087381 24.757024
16 298.150000 -1.000000 0.000000 0.500000 0.100000 110.000000 0.000000 -207226.638447 72.470403 25.382983
16 298.150000 -1.000000 0.000000 0.500000 0.100000 110.000000 0.000000 -207003.735872 104.223618 25.546125
17 298.150000 -1.000000 0.000000 0.400000 0.100000 110.000000 0.000000 -207188.704262 79.198532 25.295846
19 298.150000 -1.000000 0.000000 0.200000 0.100000 110.000000 0.000000 -207056.222699 122.837207 25.253218
19 298.150000 -1.000000 0.000000 0.200000 0.100000 110.000000 0.000000 -207533.564214 61.072907 24.826591
16 298.150000 -1.000000 0.000000 0.500000 0.100000 110.000000 0.000000 -207159.507505 75.184903 25.610835
17 298.150000 -1.000000 0.000000 0.400000 0.100000 110.000000 0.000000 -207335.006705 68.518010 25.298838
18 298.150000 -1.000000 0.000000 0.300000 0.100000 110.000000 0.000000 -207422.134314 69.183917 24.994527
17 298.150000 -1.000000 0.000000 0.400000 0.100000 110.000000 0.000000 -207318.252973 82.015532 25.401361
17 298.150000 -1.000000 0.000000 0.400000 0.100000 110.000000 0.000000 -206873.755510 32.574407 25.429505
20 298.150000 -1.000000 0.000000 0.100000 0.100000 110.000000 0.000000 -207680.340383 115.630579 25.322292
20 298.150000 -1.000000 0.000000 0.100000 0.100000 110.000000 0.000000 -207195.475461 150.673637 25.391345
20 298.150000 -1.000000 0.000000 0.100000 0.100000 110.000000 0.000000 -207417.454124 138.888505 24.105956
20 298.150000 -1.000000 0.000000 0.100000 0.100000 110.000000 0.000000 -207451.037411 139.737655 24.576424
20 298.150000 -1.000000 0.000000 0.100000 0.100000 110.000000 0.000000 -207708.292714 121.184347 25.223871
20 298.150000 -1.000000 0.000000 0.100000 0.100000 110.000000 0.000000 -207527.406772 95.872342 25.401885
20 298.150000 -1.000000 0.000000 0.100000 0.100000 110.000000 0.000000 -207400.839929 120.009071 25.395181
20 298.150000 -1.000000 0.000000 0.100000 0.100000 110.000000 0.000000 -207606.502902 99.392633 25.485654
17 298.150000 -1.000000 0.000000 0.400000 0.100000 110.000000 0.000000 -207371.845942 54.890278 25.229687
17 298.150000 -1.000000 0.000000 0.400000 0.100000 110.000000 0.000000 -207559.936133 92.784817 25.556983
18 298.150000 -1.000000 0.000000 0.300000 0.100000 110.000000 0.000000 -207970.615917 83.486428 25.219330
18 298.150000 -1.000000 0.000000 0.300000 0.100000 110.000000 0.000000 -207390.665436 33.681573 25.368632
18 298.150000 -1.000000 0.000000 0.300000 0.100000 110.000000 0.000000 -207316.541318 52.839875 24.715184
16 298.150000 -1.000000 0.000000 0.500000 0.100000 110.000000 0.000000 -207311.277396 67.541879 25.086389
17 298.150000 -1.000000 0.000000 0.400000 0.100000 110.000000 0.000000 -207538.973827 83.709871 25.517515
17 298.150000 -1.000000 0.000000 0.400000 0.100000 110.000000 0.000000 -207058.486706 47.782762 25.776055
19 298.150000 -1.000000 0.000000 0.200000 0.100000 110.000000 0.000000 -207630.191304 95.495401 25.048728
18 298.150000 -1.000000 0.000000 0.300000 0.100000 110.000000 0.000000 -207780.735355 71.797789 25.573249
16 298.150000 -1.000000 0.000000 0.500000 0.100000 110.000000 0.000000 -207168.230045 38.381128 25.236030
