12 298.150000 -1.000000 0.400000 0.500000 0.100000 110.000000 0.000000 -207341.882926 4.557806 25.482608
14 298.150000 -1.000000 0.200000 0.500000 0.100000 110.000000 0.000000 -207299.178886 9.389283 25.580033
14 298.150000 -1.000000 0.200000 0.500000 0.100000 110.000000 0.000000 -207771.147795 9.731130 25.633987
14 298.150000 -1.000000 0.200000 0.500000 0.100000 110.000000 0.000000 -207338.694360 15.272655 25.349363
14 298.150000 -1.000000 0.200000 0.500000 0.100000 110.000000 0.000000 -207249.393001 11.424226 25.616336
14 298.150000 -1.000000 0.200000 0.500000 0.100000 110.000000 0.000000 -207303.268587 20.130810 25.801341
15 298.150000 -1.000000 0.100000 0.500000 0.100000 110.000000 0.000000 -207446.940359 11.557235 25.615430
15 298.150000 -1.000000 0.100000 0.500000 0.100000 110.000000 0.000000 -207576.689754 18.980612 25.835130
15 298.150000 -1.000000 0.100000 0.500000 0.100000 110.000000 0.000000 -207853.199769 23.409642 25.435133
15 298.150000 -1.000000 0.100000 0.500000 0.100000 110.000000 0.000000 -207127.437772 5.023267 25.587181
14 298.150000 -1.000000 0.200000 0.500000 0.100000 110.000000 0.000000 -207252.805501 7.773136 25.450521
15 298.150000 -1.000000 0.100000 0.500000 0.100000 110.000000 0.000000 -207462.056427 12.283176 25.460516
15 298.150000 -1.000000 0.100000 0.500000 0.100000 110.000000 0.000000 -207573.130682 8.313528 25.244343
15 298.150000 -1.000000 0.100000 0.500000 0.100000 110.000000 0.000000 -207285.013414 33.014728 25.497748
15 298.150000 -1.000000 0.100000 0.500000 0.100000 110.000000 0.000000 -207524.437453 19.286794 25.420651
15 298.150000 -1.000000 0.100000 0.500000 0.100000 110.000000 0.000000 -207401.392960 29.439504 25.632918
15 298.150000 -1.000000 0.100000 0.500000 0.100000 110.000000 0.000000 -207375.812247 36.435903 25.621471
19 298.150000 -1.000000 0.000000 0.200000 0.100000 110.000000 0.000000 -207643.345854 121.473125 25.466059
19 298.150000 -1.000000 0.000000 0.200000 0.100000 110.000000 0.000000 -207504.556035 74.323264 24.943471
19 298.150000 -1.000000 0.000000 0.200000 0.100000 110.000000 0.000000 -207160.338810 58.936413 25.422784
16 298.150000 -1.000000 0.000000 0.500000 0.100000 110.000000 0.000000 -207060.746265 48.982001 25.482319
17 298.150000 -1.000000 0.000000 0.400000 0.100000 110.000000 0.000000 -207557.818742 59.296378 25.428197
18 298.150000 -1.000000 0.000000 0.300000 0.100000 110.000000 0.000000 -207473.576379 80.153825 25.492592
16 298.150000 -1.000000 0.000000 0.500000 0.100000 110.000000 0.000000 -207333.006218 74.370455 25.567294
19 298.150000 -1.000000 0.000000 0.200000 0.100000 110.000000 0.000000 -207765.284272 73.212933 25.560272
17 298.150000 -1.000000 0.000000 0.400000 0.100000 110.000000 0.000000 -207253.704741 41.938032 24.466982
19 298.150000 -1.000000 0.000000 0.200000 0.100000 110.000000 0.000000 -207353.818933 49.315170 25.250638
18 298.150000 -1.000000 0.000000 0.300000 0.100000 110.000000 0.000000 -207557.365138 78.613838 25.613916
17 298.150000 -1.000000 0.000000 0.400000 0.100000 110.000000 0.000000 -207397.136270 100.857791 25.770174
19 298.150000 -1.000000 0.000000 0.200000 0.100000 110.000000 0.000000 -207608.784986 73.352090 25.538328
17 298.150000 -1.000000 0.000000 0.400000 0.100000 110.000000 0.000000 -206973.468359 22.493160 25.313576
14 298.150000 -1.000000 0.200000 0.500000 0.100000 110.000000 0.000000 -207519.125835 3.284910 25.678494
14 298.150000 -1.000000 0.200000 0.500000 0.100000 110.000000 0.000000 -207697.391537 20.096047 25.701987
15 298.150000 -1.000000 0.100000 0.500000 0.100000 110.000000 0.000000 -207432.745507 16.841961 25.679213
15 298.150000 -1.000000 0.100000 0.500000 0.100000 110.000000 0.000000 -207375.041274 4.520729 25.332913
12 298.150000 -1.000000 0.400000 0.500000 0.100000 110.000000 0.000000 -207555.938421 0.438157 25.426199
12 298.150000 -1.000000 0.400000 0.500000 0.100000 110.000000 0.000000 -207192.486389 1.585069 25.497572
13 298.150000 -1.000000 0.300000 0.500000 0.100000 110.000000 0.000000 -207409.858974 12.197204 25.560028
14 298.150000 -1.000000 0.200000 0.500000 0.100000 110.000000 0.000000 -207611.103670 10.378083 25.453929
14 298.150000 -1.000000 0.200000 0.500000 0.100000 110.000000 0.000000 -207475.247511 17.976670 25.605225
14 298.150000 -1.000000 0.200000 0.500000 0.100000 110.000000 0.000000 -207335.740991 6.026356 25.017832
14 298.150000 -1.000000 0.200000 0.500000 0.100000 110.000000 0.000000 -207397.120249 4.630998 25.517793
14 298.150000 -1.000000 0.200000 0.500000 0.100000 110.000000 0.000000 -207381.130770 12.480371 25.664941
13 298.150000 -1.000000 0.300000 0.500000 0.100000 110.000000 0.000000 -207247.557234 13.812002 25.518352
13 298.150000 -1.000000 0.300000 0.500000 0.100000 110.000000 0.000000 -207179.995117 7.212023 25.666616
13 298.150000 -1.000000 0.300000 0.500000 0.100000 110.000000 0.000000 -207568.945049 7.785132 25.305768
15 298.150000 -1.000000 0.100000 0.500000 0.100000 110.000000 0.000000 -207861.698699 36.235091 25.236590
15 298.150000 -1.000000 0.100000 0.500000 0.100000 110.000000 0.000000 -207446.340691 16.862058 25.296592
14 298.150000 -1.000000 0.200000 0.500000 0.100000 110.000000 0.000000 -207379.530166 19.541957 25.624037
14 298.150000 -1.000000 0.200000 0.500000 0.100000 110.000000 0.000000 -207366.036334 13.880996 25.809849
14 298.150000 -1.000000 0.200000 0.500000 0.100000 110.000000 0.000000 -207219.789424 6.287243 25.608721
14 298.150000 -1.000000 0.200000 0.500000 0.100000 110.000000 0.000000 -207475.980137 12.786699 25.625083
13 298.150000 -1.000000 0.300000 0.500000 0.100000 110.000000 0.000000 -207605.718391 5.209151 25.373099
13 298.150000 -1.000000 0.300000 0.500000 0.100000 110.000000 0.000000 -207362.114921 7.221435 25.633040
14 298.150000 -1.000000 0.200000 0.500000 0.100000 110.000000 0.000000 -207435.085864 7.061546 25.424175
11 298.150000 -1.000000 0.500000 0.500000 0.100000 110.000000 0.000000 -207611.894489 3.139603 25.460501
11 298.150000 -1.000000 0.500000 0.500000 0.100000 110.000000 0.000000 -207726.126993 2.427384 25.443890
7 298.150000 1.000000 0.200000 0.500000 0.100000 110.000000 0.000000 -207632.817127 7.678898 25.678866
9 298.150000 1.000000 0.400000 0.500000 0.100000 110.000000 0.000000 -207179.129750 3.738721 25.754646
9 298.150000 1.000000 0.400000 0.500000 0.100000 110.000000 0.000000 -207358.373345 4.081558 25.781075
9 298.150000 1.000000 0.400000 0.500000 0.100000 110.000000 0.000000 -207450.233606 4.356222 25.541361
9 298.150000 1.000000 0.400000 0.500000 0.100000 110.000000 0.000000 -207568.605411 2.268530 25.460154
8 298.150000 1.000000 0.300000 0.500000 0.100000 110.000000 0.000000 -207325.851596 -3.970959 25.726785
8 298.150000 1.000000 0.300000 0.500000 0.100000 110.000000 0.000000 -207683.895297 5.664787 25.461438
8 298.150000 1.000000 0.300000 0.500000 0.100000 110.000000 0.000000 -207384.013468 8.556164 25.630708
7 298.150000 1.000000 0.200000 0.500000 0.100000 110.000000 0.000000 -207317.710158 12.151719 25.542573
7 298.150000 1.000000 0.200000 0.500000 0.100000 110.000000 0.000000 -207638.109481 18.175431 25.668684
7 298.150000 1.000000 0.200000 0.500000 0.100000 110.000000 0.000000 -207543.513999 12.125009 25.791033
7 298.150000 1.000000 0.200000 0.500000 0.100000 110.000000 0.000000 -207681.184334 8.277842 25.503582
6 298.150000 1.000000 0.100000 0.500000 0.100000 110.000000 0.000000 -207638.886311 14.624647 25.644601
6 298.150000 1.000000 0.100000 0.500000 0.100000 110.000000 0.000000 -207543.683489 19.122090 25.152346
6 298.150000 1.000000 0.100000 0.500000 0.100000 110.000000 0.000000 -207379.330657 20.292977 25.797612
6 298.150000 1.000000 0.100000 0.500000 0.100000 110.000000 0.000000 -207419.325890 13.044085 25.665017
6 298.150000 1.000000 0.100000 0.500000 0.100000 110.000000 0.000000 -207770.758115 18.890212 25.621388
6 298.150000 1.000000 0.100000 0.500000 0.100000 110.000000 0.000000 -207047.399975 16.231185 25.673570
6 298.150000 1.000000 0.100000 0.500000 0.100000 110.000000 0.000000 -207556.623667 28.842603 25.530869
6 298.150000 1.000000 0.100000 0.500000 0.100000 110.000000 0.000000 -207411.975785 7.971046 25.645531
6 298.150000 1.000000 0.100000 0.500000 0.100000 110.000000 0.000000 -207358.033028 38.465951 25.593503
6 298.150000 1.000000 0.100000 0.500000 0.100000 110.000000 0.000000 -207497.915960 19.079020 24.411894
6 298.150000 1.000000 0.100000 0.500000 0.100000 110.000000 0.000000 -207493.997566 14.378047 25.630459
6 298.150000 1.000000 0.100000 0.500000 0.100000 110.000000 0.000000 -207538.464752 15.346236 25.798340
6 298.150000 1.000000 0.100000 0.500000 0.100000 110.000000 0.000000 -207528.319102 24.150876 25.694770
6 298.150000 1.000000 0.100000 0.500000 0.100000 110.000000 0.000000 -207214.640960 31.580638 25.782128
6 298.150000 1.000000 0.100000 0.500000 0.100000 110.000000 0.000000 -207640.232295 13.124133 25.680005
6 298.150000 1.000000 0.100000 0.500000 0.100000 110.000000 0.000000 -207692.724969 16.529353 25.635168
7 298.150000 1.000000 0.200000 0.500000 0.100000 110.000000 0.000000 -207482.671537 9.405531 25.727708
7 298.150000 1.000000 0.200000 0.500000 0.100000 110.000000 0.000000 -207222.683725 5.924755 25.317821
8 298.150000 1.000000 0.300000 0.500000 0.100000 110.000000 0.000000 -207522.888909 1.672512 25.541842
9 298.150000 1.000000 0.400000 0.500000 0.100000 110.000000 0.000000 -207245.430420 0.442087 25.578669
10 298.150000 1.000000 0.500000 0.500000 0.100000 110.000000 0.000000 -207879.960939 7.864435 25.647178
9 298.150000 1.000000 0.400000 0.500000 0.100000 110.000000 0.000000 -207515.849709 3.190319 25.778862
9 298.150000 1.000000 0.400000 0.500000 0.100000 110.000000 0.000000 -207586.834037 3.190653 25.476645
10 298.150000 1.000000 0.500000 0.500000 0.100000 110.000000 0.000000 -207475.773614 -0.299352 25.638913
11 298.150000 -1.000000 0.500000 0.500000 0.100000 110.000000 0.000000 -207523.463100 -3.221532 25.580056
10 298.150000 1.000000 0.500000 0.500000 0.100000 110.000000 0.000000 -207349.493496 -1.152730 25.750524
9 298.150000 1.000000 0.400000 0.500000 0.100000 110.000000 0.000000 -207189.274191 8.969848 25.790932
9 298.150000 1.000000 0.400000 0.500000 0.100000 110.000000 0.000000 -207423.596156 3.695208 25.668639
7 298.150000 1.000000 0.200000 0.500000 0.100000 110.000000 0.000000 -207776.063394 16.837610 25.362990
7 298.150000 1.000000 0.200000 0.500000 0.100000 110.000000 0.000000 -207573.791909 11.881801 25.779166
7 298.150000 1.000000 0.200000 0.500000 0.100000 110.000000 0.000000 -207853.788099 9.588528 25.813674
8 298.150000 1.000000 0.300000 0.500000 0.100000 110.000000 0.000000 -207546.201535 11.536690 25.385846
6 298.150000 1.000000 0.100000 0.500000 0.100000 110.000000 0.000000 -207398.796667 11.540671 25.638761
7 298.150000 1.000000 0.200000 0.500000 0.100000 110.000000 0.000000 -207337.379059 11.250794 25.552828
7 298.150000 1.000000 0.200000 0.500000 0.100000 110.000000 0.000000 -207698.659801 13.504114 25.500137
7 298.150000 1.000000 0.200000 0.500000 0.100000 110.000000 0.000000 -207831.913873 11.158607 25.659454
7 298.150000 1.000000 0.200000 0.500000 0.100000 110.000000 0.000000 -207485.761699 4.908625 25.772158
9 298.150000 1.000000 0.400000 0.500000 0.100000 110.000000 0.000000 -207453.012527 -2.092044 25.595628
9 298.150000 1.000000 0.400000 0.500000 0.100000 110.000000 0.000000 -207755.953555 2.179953 25.410392
8 298.150000 1.000000 0.300000 0.500000 0.100000 110.000000 0.000000 -207540.240654 6.686657 25.767422
8 298.150000 1.000000 0.300000 0.500000 0.100000 110.000000 0.000000 -207516.446364 -5.740345 25.832799
10 298.150000 1.000000 0.500000 0.500000 0.100000 110.000000 0.000000 -207260.760152 2.674750 25.515690
10 298.150000 1.000000 0.500000 0.500000 0.100000 110.000000 0.000000 -207380.977696 -1.850484 25.746992
10 298.150000 1.000000 0.500000 0.500000 0.100000 110.000000 0.000000 -207539.935067 -4.405157 25.779152
10 298.150000 1.000000 0.500000 0.500000 0.100000 110.000000 0.000000 -207341.205940 0.938093 25.354715
9 298.150000 1.000000 0.400000 0.500000 0.100000 110.000000 0.000000 -207421.271632 -1.729593 25.574639
9 298.150000 1.000000 0.400000 0.500000 0.100000 110.000000 0.000000 -207418.565784 2.283602 25.365551
9 298.150000 1.000000 0.400000 0.500000 0.100000 110.000000 0.000000 -207577.043098 2.064670 25.681250
8 298.150000 1.000000 0.300000 0.500000 0.100000 110.000000 0.000000 -207691.033978 2.799064 25.343518
9 298.150000 1.000000 0.400000 0.500000 0.100000 110.000000 0.000000 -207774.640890 -0.503343 25.689596
8 298.150000 1.000000 0.300000 0.500000 0.100000 110.000000 0.000000 -207327.282480 8.356895 25.546293
9 298.150000 1.000000 0.400000 0.500000 0.100000 110.000000 0.000000 -207513.340311 -0.577157 25.546701
11 298.150000 -1.000000 0.500000 0.500000 0.100000 110.000000 0.000000 -207823.802626 3.543405 25.396664
13 298.150000 -1.000000 0.300000 0.500000 0.100000 110.000000 0.000000 -207480.152417 6.662995 25.811622
13 298.150000 -1.000000 0.300000 0.500000 0.100000 110.000000 0.000000 -207444.858263 1.265936 25.680287
12 298.150000 -1.000000 0.400000 0.500000 0.100000 110.000000 0.000000 -207482.842566 4.157494 25.597241
13 298.150000 -1.000000 0.300000 0.500000 0.100000 110.000000 0.000000 -207670.320822 5.401086 25.275400
12 298.150000 -1.000000 0.400000 0.500000 0.100000 110.000000 0.000000 -207408.637754 2.335535 25.571727
14 298.150000 -1.000000 0.200000 0.500000 0.100000 110.000000 0.000000 -207272.173125 17.216203 25.047020
14 298.150000 -1.000000 0.200000 0.500000 0.100000 110.000000 0.000000 -206864.518794 10.343011 25.775151
14 298.150000 -1.000000 0.200000 0.500000 0.100000 110.000000 0.000000 -207358.638847 16.351156 25.746857
14 298.150000 -1.000000 0.200000 0.500000 0.100000 110.000000 0.000000 -207449.426935 7.977533 25.478750
14 298.150000 -1.000000 0.200000 0.500000 0.100000 110.000000 0.000000 -207647.800272 16.156518 25.782751
14 298.150000 -1.000000 0.200000 0.500000 0.100000 110.000000 0.000000 -207917.129973 4.542059 25.418239
14 298.150000 -1.000000 0.200000 0.500000 0.100000 110.000000 0.000000 -207529.241084 6.430997 25.601101
14 298.150000 -1.000000 0.200000 0.500000 0.100000 110.000000 0.000000 -207085.196490 9.029145 25.826100
14 298.150000 -1.000000 0.200000 0.500000 0.100000 110.000000 0.000000 -207107.437479 12.006927 25.623707
14 298.150000 -1.000000 0.200000 0.500000 0.100000 110.000000 0.000000 -207461.325111 11.522054 25.581497
13 298.150000 -1.000000 0.300000 0.500000 0.100000 110.000000 0.000000 -207544.961706 3.596907 25.522775
10 298.150000 1.000000 0.500000 0.500000 0.100000 110.000000 0.000000 -207600.668328 2.890479 25.332532
8 298.150000 1.000000 0.300000 0.500000 0.100000 110.000000 0.000000 -207376.616429 5.876315 25.735614
8 298.150000 1.000000 0.300000 0.500000 0.100000 110.000000 0.000000 -207518.226447 7.126178 25.833616
7 298.150000 1.000000 0.200000 0.500000 0.100000 110.000000 0.000000 -207921.714077 2.827761 25.785924
7 298.150000 1.000000 0.200000 0.500000 0.100000 110.000000 0.000000 -207735.331619 18.227361 25.452715
7 298.150000 1.000000 0.200000 0.500000 0.100000 110.000000 0.000000 -207224.815609 17.891312 25.768307
7 298.150000 1.000000 0.200000 0.500000 0.100000 110.000000 0.000000 -207401.928742 16.685474 25.129788
7 298.150000 1.000000 0.200000 0.500000 0.100000 110.000000 0.000000 -207591.128147 11.996242 25.746089
7 298.150000 1.000000 0.200000 0.500000 0.100000 110.000000 0.000000 -207428.426719 15.433977 25.672307
6 298.150000 1.000000 0.100000 0.500000 0.100000 110.000000 0.000000 -207388.960332 25.604282 25.740435
2 298.150000 1.000000 0.000000 0.200000 0.100000 110.000000 0.000000 -207573.366836 11.260921 25.761429
5 298.150000 1.000000 0.000000 0.500000 0.100000 110.000000 0.000000 -207591.239820 54.998864 25.324998
2 298.150000 1.000000 0.000000 0.200000 0.100000 110.000000 0.000000 -207314.743082 96.287905 25.434741
4 298.150000 1.000000 0.000000 0.400000 0.100000 110.000000 0.000000 -207404.058162 34.456284 25.842459
5 298.150000 1.000000 0.000000 0.500000 0.100000 110.000000 0.000000 -207539.409465 48.133219 25.758586
5 298.150000 1.000000 0.000000 0.500000 0.100000 110.000000 0.000000 -207461.546451 75.677574 25.337057
5 298.150000 1.000000 0.000000 0.500000 0.100000 110.000000 0.000000 -207379.284825 22.005584 25.721993
6 298.150000 1.000000 0.100000 0.500000 0.100000 110.000000 0.000000 -207228.720368 26.005769 25.133519
6 298.150000 1.000000 0.100000 0.500000 0.100000 110.000000 0.000000 -207315.407799 17.249525 25.095354
6 298.150000 1.000000 0.100000 0.500000 0.100000 110.000000 0.000000 -207343.647232 25.145654 25.768996
6 298.150000 1.000000 0.100000 0.500000 0.100000 110.000000 0.000000 -207268.484907 0.570612 25.374231
9 298.150000 1.000000 0.400000 0.500000 0.100000 110.000000 0.000000 -207410.899307 8.045578 25.355969
8 298.150000 1.000000 0.300000 0.500000 0.100000 110.000000 0.000000 -207698.680823 1.214676 25.585450
9 298.150000 1.000000 0.400000 0.500000 0.100000 110.000000 0.000000 -207374.208133 3.834020 25.770520
9 298.150000 1.000000 0.400000 0.500000 0.100000 110.000000 0.000000 -207315.211973 5.494331 25.785430
9 298.150000 1.000000 0.400000 0.500000 0.100000 110.000000 0.000000 -207753.580658 -7.012145 25.685891
10 298.150000 1.000000 0.500000 0.500000 0.100000 110.000000 0.000000 -207320.152793 5.799539 25.662490
9 298.150000 1.000000 0.400000 0.500000 0.100000 110.000000 0.000000 -207255.338595 3.050004 25.686974
9 298.150000 1.000000 0.400000 0.500000 0.100000 110.000000 0.000000 -207720.271417 7.836401 25.402920
8 298.150000 1.000000 0.300000 0.500000 0.100000 110.000000 0.000000 -207111.640702 12.719045 25.368820
7 298.150000 1.000000 0.200000 0.500000 0.100000 110.000000 0.000000 -207804.657491 6.416149 25.619606
7 298.150000 1.000000 0.200000 0.500000 0.100000 110.000000 0.000000 -207606.430142 30.861022 25.692067
7 298.150000 1.000000 0.200000 0.500000 0.100000 110.000000 0.000000 -207622.224520 2.729886 25.400578
9 298.150000 1.000000 0.400000 0.500000 0.100000 110.000000 0.000000 -207438.941095 2.664873 25.459368
10 298.150000 1.000000 0.500000 0.500000 0.100000 110.000000 0.000000 -207025.976362 2.461650 25.643068
11 298.150000 -1.000000 0.500000 0.500000 0.100000 110.000000 0.000000 -207513.667366 -2.157813 25.489086
11 298.150000 -1.000000 0.500000 0.500000 0.100000 110.000000 0.000000 -207577.352241 -2.684607 25.224479
11 298.150000 -1.000000 0.500000 0.500000 0.100000 110.000000 0.000000 -207422.205658 -0.718069 25.179279
12 298.150000 -1.000000 0.400000 0.500000 0.100000 110.000000 0.000000 -207368.169499 -3.105711 25.345767
11 298.150000 -1.000000 0.500000 0.500000 0.100000 110.000000 0.000000 -207291.063713 -1.972778 25.654307
11 298.150000 -1.000000 0.500000 0.500000 0.100000 110.000000 0.000000 -207257.236905 0.151753 25.616598
11 298.150000 -1.000000 0.500000 0.500000 0.100000 110.000000 0.000000 -207159.543685 -4.713718 25.302490
10 298.150000 1.000000 0.500000 0.500000 0.100000 110.000000 0.000000 -207265.780632 -2.713059 25.830446
11 298.150000 -1.000000 0.500000 0.500000 0.100000 110.000000 0.000000 -207370.501654 -8.813206 25.613647
10 298.150000 1.000000 0.500000 0.500000 0.100000 110.000000 0.000000 -207465.942752 -5.181392 25.606121
11 298.150000 -1.000000 0.500000 0.500000 0.100000 110.000000 0.000000 -207450.483354 -0.129901 25.595226
13 298.150000 -1.000000 0.300000 0.500000 0.100000 110.000000 0.000000 -207678.045711 13.824509 25.788388
11 298.150000 -1.000000 0.500000 0.500000 0.100000 110.000000 0.000000 -207541.154583 -3.747994 25.496183
11 298.150000 -1.000000 0.500000 0.500000 0.100000 110.000000 0.000000 -207638.970570 7.795687 25.566159
10 298.150000 1.000000 0.500000 0.500000 0.100000 110.000000 0.000000 -207593.865532 0.603470 25.204942
10 298.150000 1.000000 0.500000 0.500000 0.100000 110.000000 0.000000 -207526.168490 -3.915076 25.753998
10 298.150000 1.000000 0.500000 0.500000 0.100000 110.000000 0.000000 -207333.241690 -2.070227 25.717462
8 298.150000 1.000000 0.300000 0.500000 0.100000 110.000000 0.000000 -207318.439613 12.393156 25.557369
8 298.150000 1.000000 0.300000 0.500000 0.100000 110.000000 0.000000 -207416.755716 0.691687 25.647243
8 298.150000 1.000000 0.300000 0.500000 0.100000 110.000000 0.000000 -207294.041341 0.656440 25.477614
8 298.150000 1.000000 0.300000 0.500000 0.100000 110.000000 0.000000 -207773.031526 11.957181 25.785477
7 298.150000 1.000000 0.200000 0.500000 0.100000 110.000000 0.000000 -207416.961127 6.761726 25.691642
7 298.150000 1.000000 0.200000 0.500000 0.100000 110.000000 0.000000 -207585.078534 25.457221 25.372449
6 298.150000 1.000000 0.100000 0.500000 0.100000 110.000000 0.000000 -207166.684410 27.362933 25.721403
6 298.150000 1.000000 0.100000 0.500000 0.100000 110.000000 0.000000 -207085.414107 42.134088 25.525975
6 298.150000 1.000000 0.100000 0.500000 0.100000 110.000000 0.000000 -207850.013586 7.889723 24.582042
7 298.150000 1.000000 0.200000 0.500000 0.100000 110.000000 0.000000 -207327.358808 3.086256 25.759357
9 298.150000 1.000000 0.400000 0.500000 0.100000 110.000000 0.000000 -207269.963724 4.975907 25.633885
9 298.150000 1.000000 0.400000 0.500000 0.100000 110.000000 0.000000 -207803.100398 4.056340 25.116584
8 298.150000 1.000000 0.300000 0.500000 0.100000 110.000000 0.000000 -207506.855644 2.445514 25.346451
9 298.150000 1.000000 0.400000 0.500000 0.100000 110.000000 0.000000 -207495.892926 0.176678 25.640578
10 298.150000 1.000000 0.500000 0.500000 0.100000 110.000000 0.000000 -207590.911750 -0.512235 25.309656
10 298.150000 1.000000 0.500000 0.500000 0.100000 110.000000 0.000000 -207454.203499 -0.213432 25.484206
11 298.150000 -1.000000 0.500000 0.500000 0.100000 110.000000 0.000000 -207460.960667 -2.030912 25.655494
13 298.150000 -1.000000 0.300000 0.500000 0.100000 110.000000 0.000000 -207395.154609 7.160698 25.391024
13 298.150000 -1.000000 0.300000 0.500000 0.100000 110.000000 0.000000 -207387.607002 8.492670 25.302944
13 298.150000 -1.000000 0.300000 0.500000 0.100000 110.000000 0.000000 -207637.210338 8.608913 25.335340
14 298.150000 -1.000000 0.200000 0.500000 0.100000 110.000000 0.000000 -207392.424810 18.483849 25.459109
14 298.150000 -1.000000 0.200000 0.500000 0.100000 110.000000 0.000000 -207490.648004 12.511750 25.158674
14 298.150000 -1.000000 0.200000 0.500000 0.100000 110.000000 0.000000 -207491.285072 8.648822 25.392070
14 298.150000 -1.000000 0.200000 0.500000 0.100000 110.000000 0.000000 -207639.204316 4.189821 24.766676
13 298.150000 -1.000000 0.300000 0.500000 0.100000 110.000000 0.000000 -207146.675864 7.064549 25.284552
10 298.150000 1.000000 0.500000 0.500000 0.100000 110.000000 0.000000 -207356.042908 -5.916738 25.686674
10 298.150000 1.000000 0.500000 0.500000 0.100000 110.000000 0.000000 -207353.782470 6.084343 25.610470
10 298.150000 1.000000 0.500000 0.500000 0.100000 110.000000 0.000000 -207585.696894 -7.553650 24.724541
10 298.150000 1.000000 0.500000 0.500000 0.100000 110.000000 0.000000 -207070.682645 5.617515 25.510926
7 298.150000 1.000000 0.200000 0.500000 0.100000 110.000000 0.000000 -207712.651334 8.621007 25.430284
9 298.150000 1.000000 0.400000 0.500000 0.100000 110.000000 0.000000 -207332.668379 2.213957 25.629867
8 298.150000 1.000000 0.300000 0.500000 0.100000 110.000000 0.000000 -207581.207153 1.488531 25.474896
9 298.150000 1.000000 0.400000 0.500000 0.100000 110.000000 0.000000 -207670.769830 13.785121 25.495717
7 298.150000 1.000000 0.200000 0.500000 0.100000 110.000000 0.000000 -207769.207594 10.724937 25.793753
9 298.150000 1.000000 0.400000 0.500000 0.100000 110.000000 0.000000 -207844.945718 -8.189360 23.709756
9 298.150000 1.000000 0.400000 0.500000 0.100000 110.000000 0.000000 -207070.138814 0.479401 25.611536
11 298.150000 -1.000000 0.500000 0.500000 0.100000 110.000000 0.000000 -207732.562385 2.575936 25.753509
11 298.150000 -1.000000 0.500000 0.500000 0.100000 110.000000 0.000000 -207525.870815 1.858382 25.413233
12 298.150000 -1.000000 0.400000 0.500000 0.100000 110.000000 0.000000 -207448.289120 1.859966 25.378278
12 298.150000 -1.000000 0.400000 0.500000 0.100000 110.000000 0.000000 -207324.971949 -1.387469 25.456388
12 298.150000 -1.000000 0.400000 0.500000 0.100000 110.000000 0.000000 -207565.601059 -0.138313 25.583893
12 298.150000 -1.000000 0.400000 0.500000 0.100000 110.000000 0.000000 -207296.111038 7.594096 25.353910
14 298.150000 -1.000000 0.200000 0.500000 0.100000 110.000000 0.000000 -207397.807108 6.671856 25.496442
13 298.150000 -1.000000 0.300000 0.500000 0.100000 110.000000 0.000000 -207435.449328 6.712741 24.179882
12 298.150000 -1.000000 0.400000 0.500000 0.100000 110.000000 0.000000 -207335.026386 1.639961 25.519038
12 298.150000 -1.000000 0.400000 0.500000 0.100000 110.000000 0.000000 -207398.851018 2.069917 25.429066
13 298.150000 -1.000000 0.300000 0.500000 0.100000 110.000000 0.000000 -207099.158869 2.291275 25.605655
12 298.150000 -1.000000 0.400000 0.500000 0.100000 110.000000 0.000000 -207653.248391 3.438179 25.294109
13 298.150000 -1.000000 0.300000 0.500000 0.100000 110.000000 0.000000 -207475.724049 6.817872 25.387056
15 298.150000 -1.000000 0.100000 0.500000 0.100000 110.000000 0.000000 -207920.015226 11.880584 25.334999
14 298.150000 -1.000000 0.200000 0.500000 0.100000 110.000000 0.000000 -207487.326519 7.950014 25.685749
15 298.150000 -1.000000 0.100000 0.500000 0.100000 110.000000 0.000000 -207151.505576 18.181460 25.238123
15 298.150000 -1.000000 0.100000 0.500000 0.100000 110.000000 0.000000 -207297.440018 28.926374 25.562962
15 298.150000 -1.000000 0.100000 0.500000 0.100000 110.000000 0.000000 -207462.864124 15.276388 25.429317
15 298.150000 -1.000000 0.100000 0.500000 0.100000 110.000000 0.000000 -207513.254140 23.246844 25.481284
15 298.150000 -1.000000 0.100000 0.500000 0.100000 110.000000 0.000000 -207727.989448 20.170883 25.412106
15 298.150000 -1.000000 0.100000 0.500000 0.100000 110.000000 0.000000 -207291.932783 24.212532 25.331051
15 298.150000 -1.000000 0.100000 0.500000 0.100000 110.000000 0.000000 -207589.670546 15.814453 25.519464
15 298.150000 -1.000000 0.100000 0.500000 0.100000 110.000000 0.000000 -207433.005822 29.424806 25.451635
14 298.150000 -1.000000 0.200000 0.500000 0.100000 110.000000 0.000000 -207335.807342 29.640373 25.289838
14 298.150000 -1.000000 0.200000 0.500000 0.100000 110.000000 0.000000 -207871.107519 0.058714 25.659718
