16 298.150000 -1.000000 0.000000 0.500000 0.100000 110.000000 0.000000 -207122.877363 34.922942 25.520187
16 298.150000 -1.000000 0.000000 0.500000 0.100000 110.000000 0.000000 -207252.316374 58.121152 25.209168
18 298.150000 -1.000000 0.000000 0.300000 0.100000 110.000000 0.000000 -207303.835208 85.267112 25.664715
18 298.150000 -1.000000 0.000000 0.300000 0.100000 110.000000 0.000000 -207320.886947 94.313605 25.384028
18 298.150000 -1.000000 0.000000 0.300000 0.100000 110.000000 0.000000 -207320.967779 45.709044 25.526977
17 298.150000 -1.000000 0.000000 0.400000 0.100000 110.000000 0.000000 -207551.510095 32.776890 25.650604
20 298.150000 -1.000000 0.000000 0.100000 0.100000 110.000000 0.000000 -207364.246998 122.679079 25.783952
20 298.150000 -1.000000 0.000000 0.100000 0.100000 110.000000 0.000000 -207224.376554 110.438793 25.835971
20 298.150000 -1.000000 0.000000 0.100000 0.100000 110.000000 0.000000 -207767.622156 138.022589 25.720568
20 298.150000 -1.000000 0.000000 0.100000 0.100000 110.000000 0.000000 -207558.187354 87.362646 25.571452
19 298.150000 -1.000000 0.000000 0.200000 0.100000 110.000000 0.000000 -207663.212000 93.466963 25.447840
18 298.150000 -1.000000 0.000000 0.300000 0.100000 110.000000 0.000000 -207199.962541 63.825027 25.612265
20 298.150000 -1.000000 0.000000 0.100000 0.100000 110.000000 0.000000 -207336.075841 132.011639 25.648505
20 298.150000 -1.000000 0.000000 0.100000 0.100000 110.000000 0.000000 -207498.391592 68.524999 25.661987
17 298.150000 -1.000000 0.000000 0.400000 0.100000 110.000000 0.000000 -207524.323911 42.857047 25.736646
18 298.150000 -1.000000 0.000000 0.300000 0.100000 110.000000 0.000000 -207243.578866 42.487053 25.699483
18 298.150000 -1.000000 0.000000 0.300000 0.100000 110.000000 0.000000 -207810.333153 83.998113 25.832687
17 298.150000 -1.000000 0.000000 0.400000 0.100000 110.000000 0.000000 -207461.012154 61.682595 25.569448
18 298.150000 -1.000000 0.000000 0.300000 0.100000 110.000000 0.000000 -207283.018111 60.730731 25.814802
18 298.150000 -1.000000 0.000000 0.300000 0.100000 110.000000 0.000000 -207288.035094 105.637397 25.463794
19 298.150000 -1.000000 0.000000 0.200000 0.100000 110.000000 0.000000 -207284.966882 80.429388 25.317271
20 298.150000 -1.000000 0.000000 0.100000 0.100000 110.000000 0.000000 -207674.396642 125.560458 25.695199
20 298.150000 -1.000000 0.000000 0.100000 0.100000 110.000000 0.000000 -207584.872508 116.346325 25.654941
20 298.150000 -1.000000 0.000000 0.100000 0.100000 110.000000 0.000000 -207287.222562 135.172288 25.631023
20 298.150000 -1.000000 0.000000 0.100000 0.100000 110.000000 0.000000 -207541.033036 123.926611 25.725736
20 298.150000 -1.000000 0.000000 0.100000 0.100000 110.000000 0.000000 -207383.674976 126.301788 25.633298
20 298.150000 -1.000000 0.000000 0.100000 0.100000 110.000000 0.000000 -207488.384169 154.683805 25.063392
20 298.150000 -1.000000 0.000000 0.100000 0.100000 110.000000 0.000000 -207795.505003 129.246880 25.559507
19 298.150000 -1.000000 0.000000 0.200000 0.100000 110.000000 0.000000 -207412.013791 76.580054 25.750623
18 298.150000 -1.000000 0.000000 0.300000 0.100000 110.000000 0.000000 -207712.307957 55.540732 25.189223
20 298.150000 -1.000000 0.000000 0.100000 0.100000 110.000000 0.000000 -207821.209061 123.566758 24.731331
20 298.150000 -1.000000 0.000000 0.100000 0.100000 110.000000 0.000000 -207399.643958 152.387667 25.386185
20 298.150000 -1.000000 0.000000 0.100000 0.100000 110.000000 0.000000 -207700.828624 134.487274 25.454249
20 298.150000 -1.000000 0.000000 0.100000 0.100000 110.000000 0.000000 -207664.870009 140.970037 25.667725
20 298.150000 -1.000000 0.000000 0.100000 0.100000 110.000000 0.000000 -207307.601393 149.932615 25.761548
20 298.150000 -1.000000 0.000000 0.100000 0.100000 110.000000 0.000000 -207627.554677 125.835404 25.753952
20 298.150000 -1.000000 0.000000 0.100000 0.100000 110.000000 0.000000 -207472.539221 118.743506 25.662433
20 298.150000 -1.000000 0.000000 0.100000 0.100000 110.000000 0.000000 -207532.631992 41.499094 25.768649
20 298.150000 -1.000000 0.000000 0.100000 0.100000 110.000000 0.000000 -207426.395413 130.181470 25.517982
20 298.150000 -1.000000 0.000000 0.100000 0.100000 110.000000 0.000000 -207676.323921 187.889799 25.292862
21 298.150000 -1.000000 0.000000 0.000000 0.100000 110.000000 0.000000 -207902.263354 187.402140 25.352408
20 298.150000 -1.000000 0.000000 0.100000 0.100000 110.000000 0.000000 -207390.665158 85.089065 25.328474
20 298.150000 -1.000000 0.000000 0.100000 0.100000 110.000000 0.000000 -207428.048842 130.802611 25.445601
20 298.150000 -1.000000 0.000000 0.100000 0.100000 110.000000 0.000000 -207560.193798 127.362755 24.751014
20 298.150000 -1.000000 0.000000 0.100000 0.100000 110.000000 0.000000 -207597.691734 135.791787 25.529686
20 298.150000 -1.000000 0.000000 0.100000 0.100000 110.000000 0.000000 -207222.879598 124.511677 25.410969
19 298.150000 -1.000000 0.000000 0.200000 0.100000 110.000000 0.000000 -207587.702199 60.611682 25.690866
18 298.150000 -1.000000 0.000000 0.300000 0.100000 110.000000 0.000000 -207242.565567 38.226223 25.486461
18 298.150000 -1.000000 0.000000 0.300000 0.100000 110.000000 0.000000 -206944.021238 72.926502 25.358250
19 298.150000 -1.000000 0.000000 0.200000 0.100000 110.000000 0.000000 -207621.736826 56.428419 25.683502
16 298.150000 -1.000000 0.000000 0.500000 0.100000 110.000000 0.000000 -207228.345425 64.212118 25.464787
17 298.150000 -1.000000 0.000000 0.400000 0.100000 110.000000 0.000000 -207673.970285 54.541026 25.660291
16 298.150000 -1.000000 0.000000 0.500000 0.100000 110.000000 0.000000 -207299.772619 81.449556 25.379176
18 298.150000 -1.000000 0.000000 0.300000 0.100000 110.000000 0.000000 -207422.646280 64.013715 25.600402
19 298.150000 -1.000000 0.000000 0.200000 0.100000 110.000000 0.000000 -207591.928278 50.302951 25.600389
16 298.150000 -1.000000 0.000000 0.500000 0.100000 110.000000 0.000000 -207275.913717 76.226207 25.396397
17 298.150000 -1.000000 0.000000 0.400000 0.100000 110.000000 0.000000 -207561.565986 62.832751 25.694136
18 298.150000 -1.000000 0.000000 0.300000 0.100000 110.000000 0.000000 -207698.542012 58.660796 25.608913
16 298.150000 -1.000000 0.000000 0.500000 0.100000 110.000000 0.000000 -207468.768978 51.960521 25.697432
18 298.150000 -1.000000 0.000000 0.300000 0.100000 110.000000 0.000000 -207533.149014 44.158618 25.598558
19 298.150000 -1.000000 0.000000 0.200000 0.100000 110.000000 0.000000 -207416.080957 91.127174 25.602368
17 298.150000 -1.000000 0.000000 0.400000 0.100000 110.000000 0.000000 -207534.951841 38.485761 25.552894
18 298.150000 -1.000000 0.000000 0.300000 0.100000 110.000000 0.000000 -207323.226357 57.202672 25.586364
19 298.150000 -1.000000 0.000000 0.200000 0.100000 110.000000 0.000000 -207669.189799 37.393027 25.427934
16 298.150000 -1.000000 0.000000 0.500000 0.100000 110.000000 0.000000 -207714.562999 45.539896 25.224891
16 298.150000 -1.000000 0.000000 0.500000 0.100000 110.000000 0.000000 -207610.514276 77.113539 25.777413
16 298.150000 -1.000000 0.000000 0.500000 0.100000 110.000000 0.000000 -207757.218469 62.204282 25.239818
16 298.150000 -1.000000 0.000000 0.500000 0.100000 110.000000 0.000000 -207724.229534 67.239409 25.424045
17 298.150000 -1.000000 0.000000 0.400000 0.100000 110.000000 0.000000 -207708.974020 64.170324 25.720135
17 298.150000 -1.000000 0.000000 0.400000 0.100000 110.000000 0.000000 -207226.012476 97.475924 25.384618
17 298.150000 -1.000000 0.000000 0.400000 0.100000 110.000000 0.000000 -207504.625595 40.764982 25.489421
17 298.150000 -1.000000 0.000000 0.400000 0.100000 110.000000 0.000000 -207165.705227 79.622949 25.079016
17 298.150000 -1.000000 0.000000 0.400000 0.100000 110.000000 0.000000 -207626.896211 69.407325 25.538704
16 298.150000 -1.000000 0.000000 0.500000 0.100000 110.000000 0.000000 -207608.565859 66.420894 25.738339
16 298.150000 -1.000000 0.000000 0.500000 0.100000 110.000000 0.000000 -207447.319385 67.210455 25.581945
19 298.150000 -1.000000 0.000000 0.200000 0.100000 110.000000 0.000000 -207214.731846 81.955694 25.329938
19 298.150000 -1.000000 0.000000 0.200000 0.100000 110.000000 0.000000 -207372.933253 97.764370 25.720829
19 298.150000 -1.000000 0.000000 0.200000 0.100000 110.000000 0.000000 -207279.696823 75.047139 25.480047
19 298.150000 -1.000000 0.000000 0.200000 0.100000 110.000000 0.000000 -207472.946296 56.061302 25.458602
20 298.150000 -1.000000 0.000000 0.100000 0.100000 110.000000 0.000000 -207453.983295 107.713718 25.504865
20 298.150000 -1.000000 0.000000 0.100000 0.100000 110.000000 0.000000 -207427.432474 128.194801 25.459151
20 298.150000 -1.000000 0.000000 0.100000 0.100000 110.000000 0.000000 -207714.158893 127.381330 25.396967
20 298.150000 -1.000000 0.000000 0.100000 0.100000 110.000000 0.000000 -207333.988714 152.538145 25.322058
20 298.150000 -1.000000 0.000000 0.100000 0.100000 110.000000 0.000000 -207205.313254 40.845445 25.759106
18 298.150000 -1.000000 0.000000 0.300000 0.100000 110.000000 0.000000 -207512.552924 84.885423 25.817536
20 298.150000 -1.000000 0.000000 0.100000 0.100000 110.000000 0.000000 -207555.303390 51.061455 25.379348
17 298.150000 -1.000000 0.000000 0.400000 0.100000 110.000000 0.000000 -207558.913568 53.966631 25.484095
17 298.150000 -1.000000 0.000000 0.400000 0.100000 110.000000 0.000000 -207318.684068 48.108984 25.563661
17 298.150000 -1.000000 0.000000 0.400000 0.100000 110.000000 0.000000 -207362.695994 29.884165 25.080156
16 298.150000 -1.000000 0.000000 0.500000 0.100000 110.000000 0.000000 -207557.725995 64.382815 25.559184
17 298.150000 -1.000000 0.000000 0.400000 0.100000 110.000000 0.000000 -207025.442107 66.152130 25.666532
17 298.150000 -1.000000 0.000000 0.400000 0.100000 110.000000 0.000000 -207384.128953 65.197603 24.959401
19 298.150000 -1.000000 0.000000 0.200000 0.100000 110.000000 0.000000 -207263.825972 108.211283 25.355260
19 298.150000 -1.000000 0.000000 0.200000 0.100000 110.000000 0.000000 -207516.962380 88.714210 25.646676
19 298.150000 -1.000000 0.000000 0.200000 0.100000 110.000000 0.000000 -207075.375098 99.474993 25.530543
18 298.150000 -1.000000 0.000000 0.300000 0.100000 110.000000 0.000000 -207199.775212 23.804904 25.369293
15 298.150000 -1.000000 0.100000 0.500000 0.100000 110.000000 0.000000 -207626.430632 9.758962 25.614904
12 298.150000 -1.000000 0.400000 0.500000 0.100000 110.000000 0.000000 -207383.133752 1.696471 25.586922
13 298.150000 -1.000000 0.300000 0.500000 0.100000 110.000000 0.000000 -207481.338752 3.287744 25.250543
14 298.150000 -1.000000 0.200000 0.500000 0.100000 110.000000 0.000000 -207329.626338 9.275830 25.259675
14 298.150000 -1.000000 0.200000 0.500000 0.100000 110.000000 0.000000 -207138.609416 11.795999 25.477266
14 298.150000 -1.000000 0.200000 0.500000 0.100000 110.000000 0.000000 -207601.585445 13.933626 25.452962
15 298.150000 -1.000000 0.100000 0.500000 0.100000 110.000000 0.000000 -207278.197569 27.308486 25.502699
15 298.150000 -1.000000 0.100000 0.500000 0.100000 110.000000 0.000000 -207467.641836 6.179668 25.425552
13 298.150000 -1.000000 0.300000 0.500000 0.100000 110.000000 0.000000 -207494.925165 4.201682 25.331123
13 298.150000 -1.000000 0.300000 0.500000 0.100000 110.000000 0.000000 -207426.285471 8.882056 25.501234
13 298.150000 -1.000000 0.300000 0.500000 0.100000 110.000000 0.000000 -207549.175184 7.037537 25.431925
13 298.150000 -1.000000 0.300000 0.500000 0.100000 110.000000 0.000000 -207324.969025 3.607733 25.255825
11 298.150000 -1.000000 0.500000 0.500000 0.100000 110.000000 0.000000 -207372.048062 -3.669610 25.627006
13 298.150000 -1.000000 0.300000 0.500000 0.100000 110.000000 0.000000 -207245.862997 6.648205 25.535391
12 298.150000 -1.000000 0.400000 0.500000 0.100000 110.000000 0.000000 -207359.497817 1.957451 25.387801
12 298.150000 -1.000000 0.400000 0.500000 0.100000 110.000000 0.000000 -207378.599090 -1.023868 25.530505
12 298.150000 -1.000000 0.400000 0.500000 0.100000 110.000000 0.000000 -208009.676614 8.597895 25.179472
13 298.150000 -1.000000 0.300000 0.500000 0.100000 110.000000 0.000000 -207604.016871 0.556829 25.304003
13 298.150000 -1.000000 0.300000 0.500000 0.100000 110.000000 0.000000 -207580.472164 6.606203 25.458629
13 298.150000 -1.000000 0.300000 0.500000 0.100000 110.000000 0.000000 -207596.943459 11.867302 25.217828
15 298.150000 -1.000000 0.100000 0.500000 0.100000 110.000000 0.000000 -207300.240880 17.095932 25.189060
16 298.150000 -1.000000 0.000000 0.500000 0.100000 110.000000 0.000000 -207544.528959 80.641494 25.359426
17 298.150000 -1.000000 0.000000 0.400000 0.100000 110.000000 0.000000 -207495.505419 73.471051 25.009998
19 298.150000 -1.000000 0.000000 0.200000 0.100000 110.000000 0.000000 -207397.862156 98.357306 25.500865
17 298.150000 -1.000000 0.000000 0.400000 0.100000 110.000000 0.000000 -207637.218796 69.404754 25.235623
16 298.150000 -1.000000 0.000000 0.500000 0.100000 110.000000 0.000000 -207724.657103 86.015243 25.125680
20 298.150000 -1.000000 0.000000 0.100000 0.100000 110.000000 0.000000 -207689.261205 128.061245 25.399553
20 298.150000 -1.000000 0.000000 0.100000 0.100000 110.000000 0.000000 -207661.684288 89.710817 25.303533
20 298.150000 -1.000000 0.000000 0.100000 0.100000 110.000000 0.000000 -207232.078044 126.550032 25.347016
20 298.150000 -1.000000 0.000000 0.100000 0.100000 110.000000 0.000000 -207487.360995 124.479438 25.352555
20 298.150000 -1.000000 0.000000 0.100000 0.100000 110.000000 0.000000 -207490.484977 113.585288 24.545005
19 298.150000 -1.000000 0.000000 0.200000 0.100000 110.000000 0.000000 -207545.203127 91.038721 25.479890
20 298.150000 -1.000000 0.000000 0.100000 0.100000 110.000000 0.000000 -207750.519750 142.934345 25.412467
20 298.150000 -1.000000 0.000000 0.100000 0.100000 110.000000 0.000000 -207496.511559 68.992083 25.445669
18 298.150000 -1.000000 0.000000 0.300000 0.100000 110.000000 0.000000 -207626.542446 32.800936 25.282664
15 298.150000 -1.000000 0.100000 0.500000 0.100000 110.000000 0.000000 -207457.391168 22.173883 25.236062
15 298.150000 -1.000000 0.100000 0.500000 0.100000 110.000000 0.000000 -207352.202844 27.676371 25.478288
15 298.150000 -1.000000 0.100000 0.500000 0.100000 110.000000 0.000000 -207560.604425 6.395637 25.588606
13 298.150000 -1.000000 0.300000 0.500000 0.100000 110.000000 0.000000 -207589.618762 1.149064 25.105702
12 298.150000 -1.000000 0.400000 0.500000 0.100000 110.000000 0.000000 -207497.362333 9.614833 25.808255
11 298.150000 -1.000000 0.500000 0.500000 0.100000 110.000000 0.000000 -207617.086236 5.061333 24.687898
11 298.150000 -1.000000 0.500000 0.500000 0.100000 110.000000 0.000000 -207255.191352 5.956681 25.487608
12 298.150000 -1.000000 0.400000 0.500000 0.100000 110.000000 0.000000 -207857.971582 6.070942 25.261215
14 298.150000 -1.000000 0.200000 0.500000 0.100000 110.000000 0.000000 -207562.539686 8.760460 25.435501
14 298.150000 -1.000000 0.200000 0.500000 0.100000 110.000000 0.000000 -207420.507632 10.230173 25.330805
14 298.150000 -1.000000 0.200000 0.500000 0.100000 110.000000 0.000000 -207429.009043 4.209525 25.489061
12 298.150000 -1.000000 0.400000 0.500000 0.100000 110.000000 0.000000 -207455.285892 1.002754 24.496304
12 298.150000 -1.000000 0.400000 0.500000 0.100000 110.000000 0.000000 -207559.145443 5.951983 25.107564
10 298.150000 1.000000 0.500000 0.500000 0.100000 110.000000 0.000000 -207492.650744 -4.425296 25.217197
11 298.150000 -1.000000 0.500000 0.500000 0.100000 110.000000 0.000000 -207545.173635 -1.584312 25.232037
11 298.150000 -1.000000 0.500000 0.500000 0.100000 110.000000 0.000000 -207930.302424 -0.989252 24.414500
10 298.150000 1.000000 0.500000 0.500000 0.100000 110.000000 0.000000 -207484.673918 -0.556407 25.473553
10 298.150000 1.000000 0.500000 0.500000 0.100000 110.000000 0.000000 -207252.667438 0.861442 25.282595
9 298.150000 1.000000 0.400000 0.500000 0.100000 110.000000 0.000000 -207601.856833 0.793869 25.472519
9 298.150000 1.000000 0.400000 0.500000 0.100000 110.000000 0.000000 -207371.054936 0.558024 25.049725
9 298.150000 1.000000 0.400000 0.500000 0.100000 110.000000 0.000000 -207050.416643 3.569641 25.810808
9 298.150000 1.000000 0.400000 0.500000 0.100000 110.000000 0.000000 -207749.779059 6.980212 25.507365
9 298.150000 1.000000 0.400000 0.500000 0.100000 110.000000 0.000000 -207591.831729 20.772095 25.529059
7 298.150000 1.000000 0.200000 0.500000 0.100000 110.000000 0.000000 -207834.751258 5.315463 25.566776
7 298.150000 1.000000 0.200000 0.500000 0.100000 110.000000 0.000000 -207365.004286 5.535142 25.532236
10 298.150000 1.000000 0.500000 0.500000 0.100000 110.000000 0.000000 -207638.508046 -2.492252 25.430814
10 298.150000 1.000000 0.500000 0.500000 0.100000 110.000000 0.000000 -207205.627406 -5.354095 25.549140
9 298.150000 1.000000 0.400000 0.500000 0.100000 110.000000 0.000000 -207297.891797 2.817754 25.637739
6 298.150000 1.000000 0.100000 0.500000 0.100000 110.000000 0.000000 -207392.915586 27.192191 25.478217
6 298.150000 1.000000 0.100000 0.500000 0.100000 110.000000 0.000000 -207705.559013 35.162215 25.323804
6 298.150000 1.000000 0.100000 0.500000 0.100000 110.000000 0.000000 -207349.788294 13.972640 25.524258
7 298.150000 1.000000 0.200000 0.500000 0.100000 110.000000 0.000000 -207509.776665 14.315003 25.272907
7 298.150000 1.000000 0.200000 0.500000 0.100000 110.000000 0.000000 -207376.797002 9.916120 25.514594
7 298.150000 1.000000 0.200000 0.500000 0.100000 110.000000 0.000000 -207460.989856 14.282888 25.830628
7 298.150000 1.000000 0.200000 0.500000 0.100000 110.000000 0.000000 -207459.976269 8.028433 25.316947
7 298.150000 1.000000 0.200000 0.500000 0.100000 110.000000 0.000000 -207407.565867 16.171222 25.505480
7 298.150000 1.000000 0.200000 0.500000 0.100000 110.000000 0.000000 -207769.950185 12.877447 23.936236
8 298.150000 1.000000 0.300000 0.500000 0.100000 110.000000 0.000000 -207576.597065 6.951073 25.726156
8 298.150000 1.000000 0.300000 0.500000 0.100000 110.000000 0.000000 -207275.476765 11.760706 25.436951
9 298.150000 1.000000 0.400000 0.500000 0.100000 110.000000 0.000000 -207482.661400 8.985560 25.346645
8 298.150000 1.000000 0.300000 0.500000 0.100000 110.000000 0.000000 -207435.806939 7.197431 25.542133
8 298.150000 1.000000 0.300000 0.500000 0.100000 110.000000 0.000000 -207714.565616 9.289974 24.892990
8 298.150000 1.000000 0.300000 0.500000 0.100000 110.000000 0.000000 -207629.877643 11.977114 25.839229
9 298.150000 1.000000 0.400000 0.500000 0.100000 110.000000 0.000000 -207729.004832 5.225207 25.537289
8 298.150000 1.000000 0.300000 0.500000 0.100000 110.000000 0.000000 -207328.134463 2.472137 25.485484
8 298.150000 1.000000 0.300000 0.500000 0.100000 110.000000 0.000000 -207349.732347 0.787139 25.507723
8 298.150000 1.000000 0.300000 0.500000 0.100000 110.000000 0.000000 -207396.849784 9.416475 25.190311
8 298.150000 1.000000 0.300000 0.500000 0.100000 110.000000 0.000000 -207832.881678 0.278140 25.376685
8 298.150000 1.000000 0.300000 0.500000 0.100000 110.000000 0.000000 -207758.568863 0.324270 25.751192
9 298.150000 1.000000 0.400000 0.500000 0.100000 110.000000 0.000000 -207220.135311 6.386770 25.672108
10 298.150000 1.000000 0.500000 0.500000 0.100000 110.000000 0.000000 -207703.892559 3.302599 25.519005
11 298.150000 -1.000000 0.500000 0.500000 0.100000 110.000000 0.000000 -207746.947646 1.929118 25.571283
13 298.150000 -1.000000 0.300000 0.500000 0.100000 110.000000 0.000000 -207487.775410 3.385774 25.765134
12 298.150000 -1.000000 0.400000 0.500000 0.100000 110.000000 0.000000 -207630.429482 3.204431 24.299274
12 298.150000 -1.000000 0.400000 0.500000 0.100000 110.000000 0.000000 -207263.704290 -5.608347 25.724972
12 298.150000 -1.000000 0.400000 0.500000 0.100000 110.000000 0.000000 -207475.727801 -0.574123 25.806027
14 298.150000 -1.000000 0.200000 0.500000 0.100000 110.000000 0.000000 -207806.094419 18.057337 25.607825
15 298.150000 -1.000000 0.100000 0.500000 0.100000 110.000000 0.000000 -207781.751471 10.880091 25.028014
15 298.150000 -1.000000 0.100000 0.500000 0.100000 110.000000 0.000000 -207711.916654 16.720013 25.120619
15 298.150000 -1.000000 0.100000 0.500000 0.100000 110.000000 0.000000 -207374.784432 19.516071 25.811826
15 298.150000 -1.000000 0.100000 0.500000 0.100000 110.000000 0.000000 -206951.575516 12.807603 25.203739
15 298.150000 -1.000000 0.100000 0.500000 0.100000 110.000000 0.000000 -207313.614978 18.404811 25.543621
15 298.150000 -1.000000 0.100000 0.500000 0.100000 110.000000 0.000000 -207501.138564 17.867386 25.389213
14 298.150000 -1.000000 0.200000 0.500000 0.100000 110.000000 0.000000 -207721.257547 17.786913 25.451115
14 298.150000 -1.000000 0.200000 0.500000 0.100000 110.000000 0.000000 -207702.882179 7.362161 25.349595
14 298.150000 -1.000000 0.200000 0.500000 0.100000 110.000000 0.000000 -207302.253988 8.430619 25.472537
14 298.150000 -1.000000 0.200000 0.500000 0.100000 110.000000 0.000000 -207277.693556 5.098651 25.125221
15 298.150000 -1.000000 0.100000 0.500000 0.100000 110.000000 0.000000 -207497.463365 28.034456 25.607873
15 298.150000 -1.000000 0.100000 0.500000 0.100000 110.000000 0.000000 -207384.517390 13.424371 25.636919
15 298.150000 -1.000000 0.100000 0.500000 0.100000 110.000000 0.000000 -207168.914612 18.226376 25.511369
14 298.150000 -1.000000 0.200000 0.500000 0.100000 110.000000 0.000000 -207747.926824 10.138423 25.607604
14 298.150000 -1.000000 0.200000 0.500000 0.100000 110.000000 0.000000 -207183.496613 14.369761 25.708917
14 298.150000 -1.000000 0.200000 0.500000 0.100000 110.000000 0.000000 -207876.865380 9.647745 25.545646
14 298.150000 -1.000000 0.200000 0.500000 0.100000 110.000000 0.000000 -207116.748369 16.771685 25.209192
14 298.150000 -1.000000 0.200000 0.500000 0.100000 110.000000 0.000000 -207719.766548 0.407959 25.715245
14 298.150000 -1.000000 0.200000 0.500000 0.100000 110.000000 0.000000 -207410.040322 9.031574 25.672459
14 298.150000 -1.000000 0.200000 0.500000 0.100000 110.000000 0.000000 -207219.771401 6.959314 25.693445
14 298.150000 -1.000000 0.200000 0.500000 0.100000 110.000000 0.000000 -207703.897555 7.407416 25.842836
14 298.150000 -1.000000 0.200000 0.500000 0.100000 110.000000 0.000000 -206976.252093 12.001635 25.693059
15 298.150000 -1.000000 0.100000 0.500000 0.100000 110.000000 0.000000 -207669.118340 22.093166 25.752410
15 298.150000 -1.000000 0.100000 0.500000 0.100000 110.000000 0.000000 -207535.496179 12.256005 25.381728
15 298.150000 -1.000000 0.100000 0.500000 0.100000 110.000000 0.000000 -207438.913027 38.896400 25.523178
15 298.150000 -1.000000 0.100000 0.500000 0.100000 110.000000 0.000000 -207684.463196 6.025570 25.335178
14 298.150000 -1.000000 0.200000 0.500000 0.100000 110.000000 0.000000 -207270.947067 19.277984 25.713777
14 298.150000 -1.000000 0.200000 0.500000 0.100000 110.000000 0.000000 -207438.555971 8.059141 25.653463
12 298.150000 -1.000000 0.400000 0.500000 0.100000 110.000000 0.000000 -207389.880502 -4.977860 25.428670
11 298.150000 -1.000000 0.500000 0.500000 0.100000 110.000000 0.000000 -207338.125022 -4.680887 25.742827
11 298.150000 -1.000000 0.500000 0.500000 0.100000 110.000000 0.000000 -207386.698661 0.534781 25.556256
13 298.150000 -1.000000 0.300000 0.500000 0.100000 110.000000 0.000000 -207147.867878 1.888979 25.446401
13 298.150000 -1.000000 0.300000 0.500000 0.100000 110.000000 0.000000 -207320.739292 6.803046 25.116051
12 298.150000 -1.000000 0.400000 0.500000 0.100000 110.000000 0.000000 -207277.860705 2.124121 25.533690
12 298.150000 -1.000000 0.400000 0.500000 0.100000 110.000000 0.000000 -207622.578022 -0.440257 25.519480
13 298.150000 -1.000000 0.300000 0.500000 0.100000 110.000000 0.000000 -207394.170754 9.794884 25.496381
13 298.150000 -1.000000 0.300000 0.500000 0.100000 110.000000 0.000000 -207601.360261 7.248852 25.731435
8 298.150000 1.000000 0.300000 0.500000 0.100000 110.000000 0.000000 -207176.484282 11.672670 25.451203
7 298.150000 1.000000 0.200000 0.500000 0.100000 110.000000 0.000000 -207217.231365 11.744306 25.554053
7 298.150000 1.000000 0.200000 0.500000 0.100000 110.000000 0.000000 -207342.450710 5.758624 25.245696
7 298.150000 1.000000 0.200000 0.500000 0.100000 110.000000 0.000000 -207563.360392 25.680724 25.747274
7 298.150000 1.000000 0.200000 0.500000 0.100000 110.000000 0.000000 -207344.947459 8.234791 25.572903
9 298.150000 1.000000 0.400000 0.500000 0.100000 110.000000 0.000000 -207636.810112 -2.676678 25.656208
9 298.150000 1.000000 0.400000 0.500000 0.100000 110.000000 0.000000 -207709.063414 1.158081 25.768869
9 298.150000 1.000000 0.400000 0.500000 0.100000 110.000000 0.000000 -207536.888359 8.682885 25.631794
6 298.150000 1.000000 0.100000 0.500000 0.100000 110.000000 0.000000 -207761.991398 12.612019 25.411835
6 298.150000 1.000000 0.100000 0.500000 0.100000 110.000000 0.000000 -207310.121049 16.484834 25.612121
7 298.150000 1.000000 0.200000 0.500000 0.100000 110.000000 0.000000 -207788.080535 1.962945 25.669358
8 298.150000 1.000000 0.300000 0.500000 0.100000 110.000000 0.000000 -207348.775462 2.329698 25.710305
8 298.150000 1.000000 0.300000 0.500000 0.100000 110.000000 0.000000 -207624.785963 1.491960 25.549672
9 298.150000 1.000000 0.400000 0.500000 0.100000 110.000000 0.000000 -207565.962639 3.028957 25.771121
9 298.150000 1.000000 0.400000 0.500000 0.100000 110.000000 0.000000 -207927.763660 4.723930 25.737224
9 298.150000 1.000000 0.400000 0.500000 0.100000 110.000000 0.000000 -207275.609638 -0.911365 25.635641
10 298.150000 1.000000 0.500000 0.500000 0.100000 110.000000 0.000000 -207563.456527 0.573242 25.365107
7 298.150000 1.000000 0.200000 0.500000 0.100000 110.000000 0.000000 -207120.503949 8.449214 25.346082
8 298.150000 1.000000 0.300000 0.500000 0.100000 110.000000 0.000000 -207649.656402 1.233006 25.382118
9 298.150000 1.000000 0.400000 0.500000 0.100000 110.000000 0.000000 -207492.856392 3.546917 25.250099
9 298.150000 1.000000 0.400000 0.500000 0.100000 110.000000 0.000000 -207120.672813 1.096930 25.033349
9 298.150000 1.000000 0.400000 0.500000 0.100000 110.000000 0.000000 -207430.317315 -3.124456 25.343548
10 298.150000 1.000000 0.500000 0.500000 0.100000 110.000000 0.000000 -207344.562780 4.346593 25.128561
8 298.150000 1.000000 0.300000 0.500000 0.100000 110.000000 0.000000 -207863.603399 21.161210 25.516463
8 298.150000 1.000000 0.300000 0.500000 0.100000 110.000000 0.000000 -207489.828172 6.553081 25.657715
8 298.150000 1.000000 0.300000 0.500000 0.100000 110.000000 0.000000 -207890.467251 10.581671 25.414943
