1 298.150000 1.000000 0.000000 0.100000 0.100000 110.000000 0.000000 -207172.286109 129.689360 25.833255
1 298.150000 1.000000 0.000000 0.100000 0.100000 110.000000 0.000000 -207564.671437 139.403250 25.586955
1 298.150000 1.000000 0.000000 0.100000 0.100000 110.000000 0.000000 -207640.820446 72.993541 25.220662
5 298.150000 1.000000 0.000000 0.500000 0.100000 110.000000 0.000000 -207324.712033 38.223136 25.474091
3 298.150000 1.000000 0.000000 0.300000 0.100000 110.000000 0.000000 -207531.547075 55.775918 25.367148
3 298.150000 1.000000 0.000000 0.300000 0.100000 110.000000 0.000000 -207509.711207 50.461590 25.475624
3 298.150000 1.000000 0.000000 0.300000 0.100000 110.000000 0.000000 -207826.625011 70.490583 25.046029
2 298.150000 1.000000 0.000000 0.200000 0.100000 110.000000 0.000000 -207381.655564 119.527531 25.659001
1 298.150000 1.000000 0.000000 0.100000 0.100000 110.000000 0.000000 -207600.500581 105.244212 24.729410
2 298.150000 1.000000 0.000000 0.200000 0.100000 110.000000 0.000000 -207422.633963 100.547038 25.530740
4 298.150000 1.000000 0.000000 0.400000 0.100000 110.000000 0.000000 -207051.524567 98.721314 25.325731
5 298.150000 1.000000 0.000000 0.500000 0.100000 110.000000 0.000000 -207590.300435 76.185134 25.745826
5 298.150000 1.000000 0.000000 0.500000 0.100000 110.000000 0.000000 -207539.589728 104.021088 24.747683
3 298.150000 1.000000 0.000000 0.300000 0.100000 110.000000 0.000000 -207557.306330 65.175756 25.665700
4 298.150000 1.000000 0.000000 0.400000 0.100000 110.000000 0.000000 -207354.586304 86.249001 25.955606
4 298.150000 1.000000 0.000000 0.400000 0.100000 110.000000 0.000000 -207684.802552 84.155189 25.906584
2 298.150000 1.000000 0.000000 0.200000 0.100000 110.000000 0.000000 -207441.965323 67.465052 25.945872
3 298.150000 1.000000 0.000000 0.300000 0.100000 110.000000 0.000000 -207685.153834 77.028437 25.923908
3 298.150000 1.000000 0.000000 0.300000 0.100000 110.000000 0.000000 -207621.364057 93.333514 25.688458
4 298.150000 1.000000 0.000000 0.400000 0.100000 110.000000 0.000000 -207322.978719 97.010520 25.772509
3 298.150000 1.000000 0.000000 0.300000 0.100000 110.000000 0.000000 -207214.242016 84.114493 25.631196
2 298.150000 1.000000 0.000000 0.200000 0.100000 110.000000 0.000000 -207987.199640 87.263224 25.884887
3 298.150000 1.000000 0.000000 0.300000 0.100000 110.000000 0.000000 -207548.630415 80.742218 25.939761
3 298.150000 1.000000 0.000000 0.300000 0.100000 110.000000 0.000000 -207649.427006 85.963469 25.414256
5 298.150000 1.000000 0.000000 0.500000 0.100000 110.000000 0.000000 -207550.044962 88.971848 25.844585
5 298.150000 1.000000 0.000000 0.500000 0.100000 110.000000 0.000000 -207391.585383 86.235503 25.923384
5 298.150000 1.000000 0.000000 0.500000 0.100000 110.000000 0.000000 -207271.477317 73.017818 25.704601
5 298.150000 1.000000 0.000000 0.500000 0.100000 110.000000 0.000000 -207128.349021 81.919349 26.029051
3 298.150000 1.000000 0.000000 0.300000 0.100000 110.000000 0.000000 -207229.500418 75.567558 26.010831
4 298.150000 1.000000 0.000000 0.400000 0.100000 110.000000 0.000000 -207439.965725 94.924607 26.004014
5 298.150000 1.000000 0.000000 0.500000 0.100000 110.000000 0.000000 -207508.707917 84.433771 25.565207
2 298.150000 1.000000 0.000000 0.200000 0.100000 110.000000 0.000000 -207228.948190 110.620554 25.449561
2 298.150000 1.000000 0.000000 0.200000 0.100000 110.000000 0.000000 -207464.001798 120.658014 25.551303
1 298.150000 1.000000 0.000000 0.100000 0.100000 110.000000 0.000000 -207825.985629 144.546685 25.824366
1 298.150000 1.000000 0.000000 0.100000 0.100000 110.000000 0.000000 -207102.377261 135.841784 25.774256
1 298.150000 1.000000 0.000000 0.100000 0.100000 110.000000 0.000000 -207615.145052 136.130524 22.720740
1 298.150000 1.000000 0.000000 0.100000 0.100000 110.000000 0.000000 -207587.885248 134.354508 25.956118
2 298.150000 1.000000 0.000000 0.200000 0.100000 110.000000 0.000000 -207646.313820 103.272005 25.480526
1 298.150000 1.000000 0.000000 0.100000 0.100000 110.000000 0.000000 -207320.883628 101.280029 25.466042
1 298.150000 1.000000 0.000000 0.100000 0.100000 110.000000 0.000000 -207728.108933 140.400771 25.351638
1 298.150000 1.000000 0.000000 0.100000 0.100000 110.000000 0.000000 -207261.873540 135.938337 25.459566
1 298.150000 1.000000 0.000000 0.100000 0.100000 110.000000 0.000000 -207384.692289 117.534830 25.650294
1 298.150000 1.000000 0.000000 0.100000 0.100000 110.000000 0.000000 -207424.421929 125.383183 24.763195
1 298.150000 1.000000 0.000000 0.100000 0.100000 110.000000 0.000000 -207466.574006 159.275985 24.870865
1 298.150000 1.000000 0.000000 0.100000 0.100000 110.000000 0.000000 -207277.341035 118.235802 25.295899
1 298.150000 1.000000 0.000000 0.100000 0.100000 110.000000 0.000000 -207306.468616 130.088882 24.993902
1 298.150000 1.000000 0.000000 0.100000 0.100000 110.000000 0.000000 -207589.069539 123.183241 25.569823
1 298.150000 1.000000 0.000000 0.100000 0.100000 110.000000 0.000000 -208033.479140 123.297416 25.756360
1 298.150000 1.000000 0.000000 0.100000 0.100000 110.000000 0.000000 -207506.332698 132.077446 25.344880
1 298.150000 1.000000 0.000000 0.100000 0.100000 110.000000 0.000000 -207642.083840 176.139376 24.144949
1 298.150000 1.000000 0.000000 0.100000 0.100000 110.000000 0.000000 -207804.675298 91.950333 25.743086
1 298.150000 1.000000 0.000000 0.100000 0.100000 110.000000 0.000000 -207541.050301 125.842932 25.916815
1 298.150000 1.000000 0.000000 0.100000 0.100000 110.000000 0.000000 -207410.408752 125.422497 24.831691
1 298.150000 1.000000 0.000000 0.100000 0.100000 110.000000 0.000000 -207105.884186 114.832193 24.904025
2 298.150000 1.000000 0.000000 0.200000 0.100000 110.000000 0.000000 -207800.634444 55.452184 25.119010
3 298.150000 1.000000 0.000000 0.300000 0.100000 110.000000 0.000000 -207080.677786 36.631627 25.360538
4 298.150000 1.000000 0.000000 0.400000 0.100000 110.000000 0.000000 -207475.688351 94.279433 25.163684
3 298.150000 1.000000 0.000000 0.300000 0.100000 110.000000 0.000000 -207471.860781 83.566203 25.339675
4 298.150000 1.000000 0.000000 0.400000 0.100000 110.000000 0.000000 -207603.352685 56.508051 25.199063
4 298.150000 1.000000 0.000000 0.400000 0.100000 110.000000 0.000000 -207360.567192 62.679483 25.024860
4 298.150000 1.000000 0.000000 0.400000 0.100000 110.000000 0.000000 -207628.981733 91.664292 25.457500
4 298.150000 1.000000 0.000000 0.400000 0.100000 110.000000 0.000000 -207360.714846 75.013746 25.852313
2 298.150000 1.000000 0.000000 0.200000 0.100000 110.000000 0.000000 -207299.277329 101.690091 25.677658
2 298.150000 1.000000 0.000000 0.200000 0.100000 110.000000 0.000000 -207700.153438 38.871323 25.032549
1 298.150000 1.000000 0.000000 0.100000 0.100000 110.000000 0.000000 -207781.106455 109.178105 25.440770
2 298.150000 1.000000 0.000000 0.200000 0.100000 110.000000 0.000000 -207338.712215 36.218983 25.626557
4 298.150000 1.000000 0.000000 0.400000 0.100000 110.000000 0.000000 -207935.203834 33.959452 25.678591
3 298.150000 1.000000 0.000000 0.300000 0.100000 110.000000 0.000000 -207254.364318 104.479946 25.374960
1 298.150000 1.000000 0.000000 0.100000 0.100000 110.000000 0.000000 -207648.125778 135.993597 25.378516
1 298.150000 1.000000 0.000000 0.100000 0.100000 110.000000 0.000000 -207415.559353 143.181824 23.967987
1 298.150000 1.000000 0.000000 0.100000 0.100000 110.000000 0.000000 -207486.183552 127.314209 25.925148
1 298.150000 1.000000 0.000000 0.100000 0.100000 110.000000 0.000000 -207604.243702 130.858335 23.807695
1 298.150000 1.000000 0.000000 0.100000 0.100000 110.000000 0.000000 -207582.127353 133.175637 24.474585
1 298.150000 1.000000 0.000000 0.100000 0.100000 110.000000 0.000000 -207610.304177 96.580477 25.523877
2 298.150000 1.000000 0.000000 0.200000 0.100000 110.000000 0.000000 -207180.918004 93.331324 25.973474
5 298.150000 1.000000 0.000000 0.500000 0.100000 110.000000 0.000000 -207183.108510 75.652413 25.877236
5 298.150000 1.000000 0.000000 0.500000 0.100000 110.000000 0.000000 -207489.221821 57.078534 25.752712
5 298.150000 1.000000 0.000000 0.500000 0.100000 110.000000 0.000000 -207558.356163 64.430344 25.160168
2 298.150000 1.000000 0.000000 0.200000 0.100000 110.000000 0.000000 -207345.569618 114.079008 25.791511
2 298.150000 1.000000 0.000000 0.200000 0.100000 110.000000 0.000000 -207355.796585 76.896384 25.856646
4 298.150000 1.000000 0.000000 0.400000 0.100000 110.000000 0.000000 -207297.579464 90.642936 25.992558
2 298.150000 1.000000 0.000000 0.200000 0.100000 110.000000 0.000000 -207304.684274 125.396522 24.602360
2 298.150000 1.000000 0.000000 0.200000 0.100000 110.000000 0.000000 -207540.022540 123.383572 25.370847
2 298.150000 1.000000 0.000000 0.200000 0.100000 110.000000 0.000000 -207283.997487 93.313270 25.823084
3 298.150000 1.000000 0.000000 0.300000 0.100000 110.000000 0.000000 -207146.996629 75.143753 25.817299
5 298.150000 1.000000 0.000000 0.500000 0.100000 110.000000 0.000000 -207321.902920 77.038364 25.477339
5 298.150000 1.000000 0.000000 0.500000 0.100000 110.000000 0.000000 -207600.907672 43.655202 25.727130
4 298.150000 1.000000 0.000000 0.400000 0.100000 110.000000 0.000000 -207800.675682 76.941735 26.009993
3 298.150000 1.000000 0.000000 0.300000 0.100000 110.000000 0.000000 -207293.544267 87.913852 25.608563
2 298.150000 1.000000 0.000000 0.200000 0.100000 110.000000 0.000000 -207656.685708 70.551159 25.946901
3 298.150000 1.000000 0.000000 0.300000 0.100000 110.000000 0.000000 -207449.922451 78.535121 25.703587
5 298.150000 1.000000 0.000000 0.500000 0.100000 110.000000 0.000000 -207216.338939 82.431353 25.862750
2 298.150000 1.000000 0.000000 0.200000 0.100000 110.000000 0.000000 -207518.537836 127.299406 25.986556
2 298.150000 1.000000 0.000000 0.200000 0.100000 110.000000 0.000000 -207285.577280 93.813049 25.300707
2 298.150000 1.000000 0.000000 0.200000 0.100000 110.000000 0.000000 -207664.754045 62.204393 25.880094
4 298.150000 1.000000 0.000000 0.400000 0.100000 110.000000 0.000000 -207417.597774 72.511754 25.727278
2 298.150000 1.000000 0.000000 0.200000 0.100000 110.000000 0.000000 -207427.595306 141.714879 25.557098
2 298.150000 1.000000 0.000000 0.200000 0.100000 110.000000 0.000000 -207616.436612 109.652347 25.707930
3 298.150000 1.000000 0.000000 0.300000 0.100000 110.000000 0.000000 -207946.716630 83.507292 25.777339
2 298.150000 1.000000 0.000000 0.200000 0.100000 110.000000 0.000000 -207319.883267 117.150799 25.629892
2 298.150000 1.000000 0.000000 0.200000 0.100000 110.000000 0.000000 -207810.045418 64.970262 25.923017
2 298.150000 1.000000 0.000000 0.200000 0.100000 110.000000 0.000000 -206823.814584 64.915582 25.303931
4 298.150000 1.000000 0.000000 0.400000 0.100000 110.000000 0.000000 -207681.516922 64.412001 25.704529
5 298.150000 1.000000 0.000000 0.500000 0.100000 110.000000 0.000000 -207292.524304 79.023490 25.841800
2 298.150000 1.000000 0.000000 0.200000 0.100000 110.000000 0.000000 -207719.750429 112.057987 25.862139
2 298.150000 1.000000 0.000000 0.200000 0.100000 110.000000 0.000000 -207283.908142 109.845109 25.375983
2 298.150000 1.000000 0.000000 0.200000 0.100000 110.000000 0.000000 -207296.890066 56.808352 25.570640
5 298.150000 1.000000 0.000000 0.500000 0.100000 110.000000 0.000000 -207169.346318 78.723306 25.781458
4 298.150000 1.000000 0.000000 0.400000 0.100000 110.000000 0.000000 -207580.026735 98.965149 25.223025
2 298.150000 1.000000 0.000000 0.200000 0.100000 110.000000 0.000000 -207450.716609 75.380236 25.196661
5 298.150000 1.000000 0.000000 0.500000 0.100000 110.000000 0.000000 -207189.101165 80.526911 25.641374
5 298.150000 1.000000 0.000000 0.500000 0.100000 110.000000 0.000000 -207204.108817 82.583381 25.736346
3 298.150000 1.000000 0.000000 0.300000 0.100000 110.000000 0.000000 -207242.300319 73.841937 25.278712
4 298.150000 1.000000 0.000000 0.400000 0.100000 110.000000 0.000000 -207617.394861 76.999922 25.027602
2 298.150000 1.000000 0.000000 0.200000 0.100000 110.000000 0.000000 -207315.745169 92.972696 25.231368
5 298.150000 1.000000 0.000000 0.500000 0.100000 110.000000 0.000000 -207205.600121 56.255119 25.467948
5 298.150000 1.000000 0.000000 0.500000 0.100000 110.000000 0.000000 -207374.408116 78.148501 25.412234
4 298.150000 1.000000 0.000000 0.400000 0.100000 110.000000 0.000000 -207279.540815 52.832215 25.266149
1 298.150000 1.000000 0.000000 0.100000 0.100000 110.000000 0.000000 -207570.134400 121.366004 25.559152
1 298.150000 1.000000 0.000000 0.100000 0.100000 110.000000 0.000000 -207474.574146 131.288245 24.707919
1 298.150000 1.000000 0.000000 0.100000 0.100000 110.000000 0.000000 -207577.848836 75.737891 25.688831
1 298.150000 1.000000 0.000000 0.100000 0.100000 110.000000 0.000000 -207794.362820 155.602787 25.006697
1 298.150000 1.000000 0.000000 0.100000 0.100000 110.000000 0.000000 -207603.175309 148.874711 24.639410
1 298.150000 1.000000 0.000000 0.100000 0.100000 110.000000 0.000000 -207024.850550 127.478187 24.645785
1 298.150000 1.000000 0.000000 0.100000 0.100000 110.000000 0.000000 -207429.740152 146.917590 22.633231
1 298.150000 1.000000 0.000000 0.100000 0.100000 110.000000 0.000000 -207345.827002 113.705029 25.236912
2 298.150000 1.000000 0.000000 0.200000 0.100000 110.000000 0.000000 -207903.493704 88.997264 25.422530
1 298.150000 1.000000 0.000000 0.100000 0.100000 110.000000 0.000000 -207012.107398 105.203859 25.679888
1 298.150000 1.000000 0.000000 0.100000 0.100000 110.000000 0.000000 -207639.984619 126.836248 25.448727
1 298.150000 1.000000 0.000000 0.100000 0.100000 110.000000 0.000000 -207444.506076 116.581584 25.379144
1 298.150000 1.000000 0.000000 0.100000 0.100000 110.000000 0.000000 -207243.354633 60.831534 25.409243
2 298.150000 1.000000 0.000000 0.200000 0.100000 110.000000 0.000000 -207615.445701 59.975366 25.266813
5 298.150000 1.000000 0.000000 0.500000 0.100000 110.000000 0.000000 -207397.632272 44.950392 25.354390
5 298.150000 1.000000 0.000000 0.500000 0.100000 110.000000 0.000000 -207379.585385 74.620924 25.627177
4 298.150000 1.000000 0.000000 0.400000 0.100000 110.000000 0.000000 -207354.078887 13.483191 25.364937
6 298.150000 1.000000 0.100000 0.500000 0.100000 110.000000 0.000000 -207204.025938 26.024453 25.091169
6 298.150000 1.000000 0.100000 0.500000 0.100000 110.000000 0.000000 -207634.622278 15.412048 25.514653
6 298.150000 1.000000 0.100000 0.500000 0.100000 110.000000 0.000000 -207645.698142 25.993073 25.815604
6 298.150000 1.000000 0.100000 0.500000 0.100000 110.000000 0.000000 -207555.450596 23.821889 24.711027
6 298.150000 1.000000 0.100000 0.500000 0.100000 110.000000 0.000000 -207340.145546 6.966537 25.650634
7 298.150000 1.000000 0.200000 0.500000 0.100000 110.000000 0.000000 -207820.248912 5.538500 25.732030
9 298.150000 1.000000 0.400000 0.500000 0.100000 110.000000 0.000000 -206952.633402 6.221672 25.613758
6 298.150000 1.000000 0.100000 0.500000 0.100000 110.000000 0.000000 -207120.283394 14.081683 25.820220
6 298.150000 1.000000 0.100000 0.500000 0.100000 110.000000 0.000000 -207971.577097 24.162657 25.465216
6 298.150000 1.000000 0.100000 0.500000 0.100000 110.000000 0.000000 -207225.476988 19.155972 25.275200
6 298.150000 1.000000 0.100000 0.500000 0.100000 110.000000 0.000000 -207253.558088 9.922904 25.521933
7 298.150000 1.000000 0.200000 0.500000 0.100000 110.000000 0.000000 -207722.184329 13.687284 25.420818
7 298.150000 1.000000 0.200000 0.500000 0.100000 110.000000 0.000000 -207131.831192 14.652451 25.363226
7 298.150000 1.000000 0.200000 0.500000 0.100000 110.000000 0.000000 -207134.066938 7.491205 25.430657
7 298.150000 1.000000 0.200000 0.500000 0.100000 110.000000 0.000000 -207995.914805 4.563072 25.304083
8 298.150000 1.000000 0.300000 0.500000 0.100000 110.000000 0.000000 -207569.274953 9.694340 25.518013
7 298.150000 1.000000 0.200000 0.500000 0.100000 110.000000 0.000000 -207387.118093 8.611763 25.709731
7 298.150000 1.000000 0.200000 0.500000 0.100000 110.000000 0.000000 -207611.946724 12.928484 25.717939
8 298.150000 1.000000 0.300000 0.500000 0.100000 110.000000 0.000000 -207736.440028 9.881531 25.780968
8 298.150000 1.000000 0.300000 0.500000 0.100000 110.000000 0.000000 -207433.510282 9.271338 25.221508
9 298.150000 1.000000 0.400000 0.500000 0.100000 110.000000 0.000000 -207717.300095 -1.127288 25.352891
9 298.150000 1.000000 0.400000 0.500000 0.100000 110.000000 0.000000 -207630.082963 6.517151 25.613256
9 298.150000 1.000000 0.400000 0.500000 0.100000 110.000000 0.000000 -207160.680656 7.388845 25.728040
9 298.150000 1.000000 0.400000 0.500000 0.100000 110.000000 0.000000 -207581.273382 2.210714 24.614732
10 298.150000 1.000000 0.500000 0.500000 0.100000 110.000000 0.000000 -207639.752414 -1.495165 25.568910
9 298.150000 1.000000 0.400000 0.500000 0.100000 110.000000 0.000000 -207356.084261 0.460822 25.673255
8 298.150000 1.000000 0.300000 0.500000 0.100000 110.000000 0.000000 -207283.826658 7.333876 25.487169
8 298.150000 1.000000 0.300000 0.500000 0.100000 110.000000 0.000000 -207535.113689 5.106246 25.559677
8 298.150000 1.000000 0.300000 0.500000 0.100000 110.000000 0.000000 -207241.958863 3.712182 25.626422
8 298.150000 1.000000 0.300000 0.500000 0.100000 110.000000 0.000000 -207776.433450 4.689017 25.552600
8 298.150000 1.000000 0.300000 0.500000 0.100000 110.000000 0.000000 -207685.781513 4.583468 25.772648
8 298.150000 1.000000 0.300000 0.500000 0.100000 110.000000 0.000000 -207153.945782 4.177385 25.476340
9 298.150000 1.000000 0.400000 0.500000 0.100000 110.000000 0.000000 -207230.475742 -0.764703 25.503168
10 298.150000 1.000000 0.500000 0.500000 0.100000 110.000000 0.000000 -207516.665078 0.407233 25.651161
11 298.150000 -1.000000 0.500000 0.500000 0.100000 110.000000 0.000000 -207698.465058 -2.400347 25.069985
9 298.150000 1.000000 0.400000 0.500000 0.100000 110.000000 0.000000 -207099.533680 5.027225 25.806285
11 298.150000 -1.000000 0.500000 0.500000 0.100000 110.000000 0.000000 -207562.661637 -4.782990 25.625183
11 298.150000 -1.000000 0.500000 0.500000 0.100000 110.000000 0.000000 -207636.716767 0.303110 25.551120
10 298.150000 1.000000 0.500000 0.500000 0.100000 110.000000 0.000000 -207555.255466 2.227968 25.516096
10 298.150000 1.000000 0.500000 0.500000 0.100000 110.000000 0.000000 -207715.228420 4.987202 25.818162
8 298.150000 1.000000 0.300000 0.500000 0.100000 110.000000 0.000000 -207455.087417 6.407726 25.504192
7 298.150000 1.000000 0.200000 0.500000 0.100000 110.000000 0.000000 -207442.051557 11.339781 25.611289
7 298.150000 1.000000 0.200000 0.500000 0.100000 110.000000 0.000000 -207468.431032 3.830636 25.587966
9 298.150000 1.000000 0.400000 0.500000 0.100000 110.000000 0.000000 -207247.713840 -0.351512 25.511197
9 298.150000 1.000000 0.400000 0.500000 0.100000 110.000000 0.000000 -207196.231273 -0.733785 25.776153
11 298.150000 -1.000000 0.500000 0.500000 0.100000 110.000000 0.000000 -207379.118208 -5.235170 25.544267
10 298.150000 1.000000 0.500000 0.500000 0.100000 110.000000 0.000000 -207613.320174 -1.485548 25.733995
9 298.150000 1.000000 0.400000 0.500000 0.100000 110.000000 0.000000 -207119.678335 11.294571 25.777470
9 298.150000 1.000000 0.400000 0.500000 0.100000 110.000000 0.000000 -207239.716317 11.005885 25.526226
7 298.150000 1.000000 0.200000 0.500000 0.100000 110.000000 0.000000 -207377.759918 12.439687 25.184728
9 298.150000 1.000000 0.400000 0.500000 0.100000 110.000000 0.000000 -207315.667583 3.755533 25.232993
9 298.150000 1.000000 0.400000 0.500000 0.100000 110.000000 0.000000 -207425.384673 -2.206999 25.486052
9 298.150000 1.000000 0.400000 0.500000 0.100000 110.000000 0.000000 -207368.010157 5.701078 25.340227
9 298.150000 1.000000 0.400000 0.500000 0.100000 110.000000 0.000000 -207254.267914 1.712273 25.406539
10 298.150000 1.000000 0.500000 0.500000 0.100000 110.000000 0.000000 -207774.038952 5.879652 25.575731
10 298.150000 1.000000 0.500000 0.500000 0.100000 110.000000 0.000000 -207383.051399 -0.887861 25.215028
10 298.150000 1.000000 0.500000 0.500000 0.100000 110.000000 0.000000 -207436.915106 2.821306 25.305024
10 298.150000 1.000000 0.500000 0.500000 0.100000 110.000000 0.000000 -207631.190254 -0.950869 25.081342
10 298.150000 1.000000 0.500000 0.500000 0.100000 110.000000 0.000000 -207545.419633 -0.458058 25.688533
10 298.150000 1.000000 0.500000 0.500000 0.100000 110.000000 0.000000 -207131.287378 -1.755761 25.604262
10 298.150000 1.000000 0.500000 0.500000 0.100000 110.000000 0.000000 -207377.300494 -2.287293 25.765839
10 298.150000 1.000000 0.500000 0.500000 0.100000 110.000000 0.000000 -207436.997977 -2.143580 25.240653
10 298.150000 1.000000 0.500000 0.500000 0.100000 110.000000 0.000000 -207629.111182 -1.062329 25.564479
10 298.150000 1.000000 0.500000 0.500000 0.100000 110.000000 0.000000 -207070.924678 -4.848154 25.526649
8 298.150000 1.000000 0.300000 0.500000 0.100000 110.000000 0.000000 -207452.011558 7.998362 25.469160
8 298.150000 1.000000 0.300000 0.500000 0.100000 110.000000 0.000000 -207453.166356 12.338283 25.220075
7 298.150000 1.000000 0.200000 0.500000 0.100000 110.000000 0.000000 -207205.333034 17.286993 25.373322
7 298.150000 1.000000 0.200000 0.500000 0.100000 110.000000 0.000000 -207141.584487 12.588606 25.387765
8 298.150000 1.000000 0.300000 0.500000 0.100000 110.000000 0.000000 -207313.245163 7.711274 25.672080
8 298.150000 1.000000 0.300000 0.500000 0.100000 110.000000 0.000000 -207612.271763 0.677397 25.466301
9 298.150000 1.000000 0.400000 0.500000 0.100000 110.000000 0.000000 -207367.202868 5.633182 25.723043
9 298.150000 1.000000 0.400000 0.500000 0.100000 110.000000 0.000000 -207661.172796 -1.681214 25.423625
9 298.150000 1.000000 0.400000 0.500000 0.100000 110.000000 0.000000 -207857.879265 6.100632 25.388333
8 298.150000 1.000000 0.300000 0.500000 0.100000 110.000000 0.000000 -207638.462505 16.646839 25.561771
6 298.150000 1.000000 0.100000 0.500000 0.100000 110.000000 0.000000 -207464.569580 28.834233 25.512042
6 298.150000 1.000000 0.100000 0.500000 0.100000 110.000000 0.000000 -207519.062531 19.578116 25.684026
6 298.150000 1.000000 0.100000 0.500000 0.100000 110.000000 0.000000 -207536.443330 29.078181 25.540620
6 298.150000 1.000000 0.100000 0.500000 0.100000 110.000000 0.000000 -207241.219352 24.087317 25.598954
6 298.150000 1.000000 0.100000 0.500000 0.100000 110.000000 0.000000 -207906.806951 18.292551 25.268915
6 298.150000 1.000000 0.100000 0.500000 0.100000 110.000000 0.000000 -207605.568023 19.481379 25.201657
6 298.150000 1.000000 0.100000 0.500000 0.100000 110.000000 0.000000 -207260.175483 19.894752 25.514919
6 298.150000 1.000000 0.100000 0.500000 0.100000 110.000000 0.000000 -207332.628313 16.659639 25.542959
6 298.150000 1.000000 0.100000 0.500000 0.100000 110.000000 0.000000 -207427.175300 13.568934 25.363705
6 298.150000 1.000000 0.100000 0.500000 0.100000 110.000000 0.000000 -207455.149122 22.039294 25.566160
6 298.150000 1.000000 0.100000 0.500000 0.100000 110.000000 0.000000 -207684.500784 6.644622 25.661874
8 298.150000 1.000000 0.300000 0.500000 0.100000 110.000000 0.000000 -207462.985457 5.939030 25.428874
8 298.150000 1.000000 0.300000 0.500000 0.100000 110.000000 0.000000 -207366.666861 7.696766 25.532989
8 298.150000 1.000000 0.300000 0.500000 0.100000 110.000000 0.000000 -207628.915469 6.353166 25.466024
7 298.150000 1.000000 0.200000 0.500000 0.100000 110.000000 0.000000 -207312.762808 6.233109 25.504561
8 298.150000 1.000000 0.300000 0.500000 0.100000 110.000000 0.000000 -207408.286364 9.414475 25.400305
8 298.150000 1.000000 0.300000 0.500000 0.100000 110.000000 0.000000 -207839.479329 9.306450 25.268481
7 298.150000 1.000000 0.200000 0.500000 0.100000 110.000000 0.000000 -207705.991812 8.732334 25.336061
8 298.150000 1.000000 0.300000 0.500000 0.100000 110.000000 0.000000 -207233.860346 10.413023 24.740153
8 298.150000 1.000000 0.300000 0.500000 0.100000 110.000000 0.000000 -207293.848840 10.921523 24.676776
9 298.150000 1.000000 0.400000 0.500000 0.100000 110.000000 0.000000 -207742.603916 10.723653 25.213023
9 298.150000 1.000000 0.400000 0.500000 0.100000 110.000000 0.000000 -207116.704386 1.948245 25.315609
8 298.150000 1.000000 0.300000 0.500000 0.100000 110.000000 0.000000 -207523.799104 3.369121 25.079037
7 298.150000 1.000000 0.200000 0.500000 0.100000 110.000000 0.000000 -208030.968660 11.129838 25.155075
7 298.150000 1.000000 0.200000 0.500000 0.100000 110.000000 0.000000 -207613.091285 9.152484 24.624349
7 298.150000 1.000000 0.200000 0.500000 0.100000 110.000000 0.000000 -207562.637519 7.413014 25.139204
7 298.150000 1.000000 0.200000 0.500000 0.100000 110.000000 0.000000 -207385.794341 12.444940 25.453492
9 298.150000 1.000000 0.400000 0.500000 0.100000 110.000000 0.000000 -207499.243285 5.359554 24.958993
11 298.150000 -1.000000 0.500000 0.500000 0.100000 110.000000 0.000000 -207282.819539 2.734585 25.140725
10 298.150000 1.000000 0.500000 0.500000 0.100000 110.000000 0.000000 -207642.380188 -3.146233 25.304417
10 298.150000 1.000000 0.500000 0.500000 0.100000 110.000000 0.000000 -207711.601450 2.024883 25.485891
10 298.150000 1.000000 0.500000 0.500000 0.100000 110.000000 0.000000 -207686.549487 -7.977409 25.229265
10 298.150000 1.000000 0.500000 0.500000 0.100000 110.000000 0.000000 -207973.036638 12.763823 25.337192
9 298.150000 1.000000 0.400000 0.500000 0.100000 110.000000 0.000000 -207387.642244 5.700936 25.609770
10 298.150000 1.000000 0.500000 0.500000 0.100000 110.000000 0.000000 -207445.979246 -4.053019 25.308933
10 298.150000 1.000000 0.500000 0.500000 0.100000 110.000000 0.000000 -207567.309944 -1.350984 25.413035
10 298.150000 1.000000 0.500000 0.500000 0.100000 110.000000 0.000000 -207280.818206 -2.671627 25.153481
10 298.150000 1.000000 0.500000 0.500000 0.100000 110.000000 0.000000 -207420.119910 -2.296990 25.341650
11 298.150000 -1.000000 0.500000 0.500000 0.100000 110.000000 0.000000 -207692.448381 -1.827307 23.913348
12 298.150000 -1.000000 0.400000 0.500000 0.100000 110.000000 0.000000 -207088.954493 3.615461 24.545289
12 298.150000 -1.000000 0.400000 0.500000 0.100000 110.000000 0.000000 -207640.921554 8.656204 25.358290
13 298.150000 -1.000000 0.300000 0.500000 0.100000 110.000000 0.000000 -207408.724496 7.715045 25.096177
12 298.150000 -1.000000 0.400000 0.500000 0.100000 110.000000 0.000000 -207825.314002 4.878770 24.671839
