2 298.150000 1.000000 0.000000 0.200000 0.100000 110.000000 0.000000 -205706.953628 107.919046 24.797349
2 298.150000 1.000000 0.000000 0.200000 0.100000 110.000000 0.000000 -206396.812386 82.686443 25.708052
4 298.150000 1.000000 0.000000 0.400000 0.100000 110.000000 0.000000 -206062.460688 88.692935 25.680469
3 298.150000 1.000000 0.000000 0.300000 0.100000 110.000000 0.000000 -206013.321599 47.302787 25.316072
4 298.150000 1.000000 0.000000 0.400000 0.100000 110.000000 0.000000 -206125.055965 84.178379 25.656759
2 298.150000 1.000000 0.000000 0.200000 0.100000 110.000000 0.000000 -205810.263726 64.116027 25.809118
4 298.150000 1.000000 0.000000 0.400000 0.100000 110.000000 0.000000 -206032.668724 66.750549 25.657492
5 298.150000 1.000000 0.000000 0.500000 0.100000 110.000000 0.000000 -206074.334906 55.739887 25.668876
3 298.150000 1.000000 0.000000 0.300000 0.100000 110.000000 0.000000 -205874.284240 89.652692 25.221065
3 298.150000 1.000000 0.000000 0.300000 0.100000 110.000000 0.000000 -205731.790979 78.548581 25.883106
4 298.150000 1.000000 0.000000 0.400000 0.100000 110.000000 0.000000 -206136.287492 10.802037 26.011783
8 298.150000 1.000000 0.300000 0.500000 0.100000 110.000000 0.000000 -205924.527216 2.283254 25.536595
8 298.150000 1.000000 0.300000 0.500000 0.100000 110.000000 0.000000 -206096.087715 2.099342 25.518245
8 298.150000 1.000000 0.300000 0.500000 0.100000 110.000000 0.000000 -206022.040771 2.791635 25.707004
8 298.150000 1.000000 0.300000 0.500000 0.100000 110.000000 0.000000 -205924.072604 -0.705032 25.999094
7 298.150000 1.000000 0.200000 0.500000 0.100000 110.000000 0.000000 -205961.592084 7.231030 25.263721
7 298.150000 1.000000 0.200000 0.500000 0.100000 110.000000 0.000000 -206093.604944 9.731272 25.954181
9 298.150000 1.000000 0.400000 0.500000 0.100000 110.000000 0.000000 -206202.885318 -8.970489 25.996563
9 298.150000 1.000000 0.400000 0.500000 0.100000 110.000000 0.000000 -206034.395611 -2.946961 25.293933
8 298.150000 1.000000 0.300000 0.500000 0.100000 110.000000 0.000000 -205856.783641 4.363012 25.981706
7 298.150000 1.000000 0.200000 0.500000 0.100000 110.000000 0.000000 -206345.231570 10.215310 25.990708
6 298.150000 1.000000 0.100000 0.500000 0.100000 110.000000 0.000000 -206379.206633 8.237639 25.965330
6 298.150000 1.000000 0.100000 0.500000 0.100000 110.000000 0.000000 -206134.114282 8.076705 25.924680
6 298.150000 1.000000 0.100000 0.500000 0.100000 110.000000 0.000000 -205859.942171 35.417025 25.475663
2 298.150000 1.000000 0.000000 0.200000 0.100000 110.000000 0.000000 -206181.851808 96.773998 25.303876
2 298.150000 1.000000 0.000000 0.200000 0.100000 110.000000 0.000000 -206136.985544 73.451536 25.988318
3 298.150000 1.000000 0.000000 0.300000 0.100000 110.000000 0.000000 -206315.624946 94.083639 25.913821
5 298.150000 1.000000 0.000000 0.500000 0.100000 110.000000 0.000000 -206275.118770 84.632344 25.700623
5 298.150000 1.000000 0.000000 0.500000 0.100000 110.000000 0.000000 -206091.799297 45.990684 25.784712
5 298.150000 1.000000 0.000000 0.500000 0.100000 110.000000 0.000000 -206172.077608 73.232285 25.363014
2 298.150000 1.000000 0.000000 0.200000 0.100000 110.000000 0.000000 -206397.896279 120.299501 25.837575
2 298.150000 1.000000 0.000000 0.200000 0.100000 110.000000 0.000000 -205698.654911 128.667333 25.987650
2 298.150000 1.000000 0.000000 0.200000 0.100000 110.000000 0.000000 -206012.453404 114.366199 25.910229
2 298.150000 1.000000 0.000000 0.200000 0.100000 110.000000 0.000000 -206070.222697 29.832001 25.456036
3 298.150000 1.000000 0.000000 0.300000 0.100000 110.000000 0.000000 -206219.879675 97.822988 25.446697
2 298.150000 1.000000 0.000000 0.200000 0.100000 110.000000 0.000000 -206331.314735 96.702937 25.975947
5 298.150000 1.000000 0.000000 0.500000 0.100000 110.000000 0.000000 -205725.958351 82.086413 25.367582
4 298.150000 1.000000 0.000000 0.400000 0.100000 110.000000 0.000000 -205907.815301 83.406213 25.461747
3 298.150000 1.000000 0.000000 0.300000 0.100000 110.000000 0.000000 -205716.930011 81.557383 25.898069
2 298.150000 1.000000 0.000000 0.200000 0.100000 110.000000 0.000000 -206061.632573 69.362697 25.859360
4 298.150000 1.000000 0.000000 0.400000 0.100000 110.000000 0.000000 -206204.786755 85.039371 25.819716
4 298.150000 1.000000 0.000000 0.400000 0.100000 110.000000 0.000000 -206519.373973 96.753943 25.576636
2 298.150000 1.000000 0.000000 0.200000 0.100000 110.000000 0.000000 -206156.437445 134.261918 23.630356
2 298.150000 1.000000 0.000000 0.200000 0.100000 110.000000 0.000000 -206050.408761 125.926781 22.837839
2 298.150000 1.000000 0.000000 0.200000 0.100000 110.000000 0.000000 -206147.044210 109.920744 25.801619
2 298.150000 1.000000 0.000000 0.200000 0.100000 110.000000 0.000000 -206175.948226 117.191265 25.944369
2 298.150000 1.000000 0.000000 0.200000 0.100000 110.000000 0.000000 -206304.282410 76.425278 25.794406
2 298.150000 1.000000 0.000000 0.200000 0.100000 110.000000 0.000000 -206436.016176 62.075903 25.584162
3 298.150000 1.000000 0.000000 0.300000 0.100000 110.000000 0.000000 -206307.120504 74.055677 22.963918
5 298.150000 1.000000 0.000000 0.500000 0.100000 110.000000 0.000000 -205962.300087 53.706520 24.879051
2 298.150000 1.000000 0.000000 0.200000 0.100000 110.000000 0.000000 -205996.741291 100.402743 25.728815
2 298.150000 1.000000 0.000000 0.200000 0.100000 110.000000 0.000000 -205928.559745 99.629393 24.091322
4 298.150000 1.000000 0.000000 0.400000 0.100000 110.000000 0.000000 -205937.261349 59.724394 25.975227
2 298.150000 1.000000 0.000000 0.200000 0.100000 110.000000 0.000000 -205827.647275 52.702359 25.961368
3 298.150000 1.000000 0.000000 0.300000 0.100000 110.000000 0.000000 -205901.077078 58.922400 24.409532
5 298.150000 1.000000 0.000000 0.500000 0.100000 110.000000 0.000000 -206454.277591 87.637185 25.782557
3 298.150000 1.000000 0.000000 0.300000 0.100000 110.000000 0.000000 -206191.092594 50.056079 24.915845
2 298.150000 1.000000 0.000000 0.200000 0.100000 110.000000 0.000000 -205723.457147 94.645559 25.813481
5 298.150000 1.000000 0.000000 0.500000 0.100000 110.000000 0.000000 -206061.759103 61.134113 23.920858
3 298.150000 1.000000 0.000000 0.300000 0.100000 110.000000 0.000000 -205578.616611 55.008268 25.562121
5 298.150000 1.000000 0.000000 0.500000 0.100000 110.000000 0.000000 -205962.642865 63.818577 25.942107
2 298.150000 1.000000 0.000000 0.200000 0.100000 110.000000 0.000000 -206148.565935 98.906981 23.776022
3 298.150000 1.000000 0.000000 0.300000 0.100000 110.000000 0.000000 -205967.508737 74.444621 25.622585
3 298.150000 1.000000 0.000000 0.300000 0.100000 110.000000 0.000000 -205953.718363 48.960756 25.880745
3 298.150000 1.000000 0.000000 0.300000 0.100000 110.000000 0.000000 -206032.617474 62.092529 25.407486
2 298.150000 1.000000 0.000000 0.200000 0.100000 110.000000 0.000000 -206044.805043 30.313747 25.826763
3 298.150000 1.000000 0.000000 0.300000 0.100000 110.000000 0.000000 -205844.285040 85.555384 24.467896
3 298.150000 1.000000 0.000000 0.300000 0.100000 110.000000 0.000000 -206029.238342 77.368468 22.504218
3 298.150000 1.000000 0.000000 0.300000 0.100000 110.000000 0.000000 -206100.146565 57.320666 25.798410
1 298.150000 1.000000 0.000000 0.100000 0.100000 110.000000 0.000000 -205919.701209 118.134968 25.885843
1 298.150000 1.000000 0.000000 0.100000 0.100000 110.000000 0.000000 -206178.427158 61.886712 25.560966
3 298.150000 1.000000 0.000000 0.300000 0.100000 110.000000 0.000000 -206208.908991 60.579102 25.173187
4 298.150000 1.000000 0.000000 0.400000 0.100000 110.000000 0.000000 -206146.622411 66.608779 25.541366
3 298.150000 1.000000 0.000000 0.300000 0.100000 110.000000 0.000000 -206168.334555 37.578884 25.791304
6 298.150000 1.000000 0.100000 0.500000 0.100000 110.000000 0.000000 -206441.644961 24.638212 25.984723
6 298.150000 1.000000 0.100000 0.500000 0.100000 110.000000 0.000000 -206126.491133 22.853625 25.894449
6 298.150000 1.000000 0.100000 0.500000 0.100000 110.000000 0.000000 -205668.802977 33.765643 25.887205
6 298.150000 1.000000 0.100000 0.500000 0.100000 110.000000 0.000000 -206301.472540 21.009248 25.989100
5 298.150000 1.000000 0.000000 0.500000 0.100000 110.000000 0.000000 -205652.693723 77.391575 25.986998
3 298.150000 1.000000 0.000000 0.300000 0.100000 110.000000 0.000000 -206042.933197 62.964261 25.485295
2 298.150000 1.000000 0.000000 0.200000 0.100000 110.000000 0.000000 -206347.101574 138.046896 24.498458
2 298.150000 1.000000 0.000000 0.200000 0.100000 110.000000 0.000000 -206234.310596 81.360955 25.032365
3 298.150000 1.000000 0.000000 0.300000 0.100000 110.000000 0.000000 -206270.015015 88.554398 25.399054
2 298.150000 1.000000 0.000000 0.200000 0.100000 110.000000 0.000000 -205896.534236 79.953278 25.781199
5 298.150000 1.000000 0.000000 0.500000 0.100000 110.000000 0.000000 -206088.856834 93.305191 25.806182
5 298.150000 1.000000 0.000000 0.500000 0.100000 110.000000 0.000000 -205819.635274 75.283552 25.947571
4 298.150000 1.000000 0.000000 0.400000 0.100000 110.000000 0.000000 -205634.382036 86.927503 25.669503
4 298.150000 1.000000 0.000000 0.400000 0.100000 110.000000 0.000000 -206121.056248 70.293174 25.944306
3 298.150000 1.000000 0.000000 0.300000 0.100000 110.000000 0.000000 -206084.951338 86.175240 25.930308
4 298.150000 1.000000 0.000000 0.400000 0.100000 110.000000 0.000000 -206047.453644 89.383659 25.956298
5 298.150000 1.000000 0.000000 0.500000 0.100000 110.000000 0.000000 -206054.491811 85.470425 25.802400
5 298.150000 1.000000 0.000000 0.500000 0.100000 110.000000 0.000000 -205957.104664 60.956940 25.814976
6 298.150000 1.000000 0.100000 0.500000 0.100000 110.000000 0.000000 -206461.894560 17.386628 25.990261
6 298.150000 1.000000 0.100000 0.500000 0.100000 110.000000 0.000000 -205801.915226 13.757720 25.993972
6 298.150000 1.000000 0.100000 0.500000 0.100000 110.000000 0.000000 -206077.380764 13.755406 25.938187
8 298.150000 1.000000 0.300000 0.500000 0.100000 110.000000 0.000000 -206204.820688 8.980914 25.649164
8 298.150000 1.000000 0.300000 0.500000 0.100000 110.000000 0.000000 -206042.853941 11.967290 26.043920
8 298.150000 1.000000 0.300000 0.500000 0.100000 110.000000 0.000000 -205995.502097 14.823280 25.866662
8 298.150000 1.000000 0.300000 0.500000 0.100000 110.000000 0.000000 -206074.998087 9.693871 25.838517
8 298.150000 1.000000 0.300000 0.500000 0.100000 110.000000 0.000000 -205796.727244 22.924836 25.830833
8 298.150000 1.000000 0.300000 0.500000 0.100000 110.000000 0.000000 -205939.618908 13.245937 26.063778
8 298.150000 1.000000 0.300000 0.500000 0.100000 110.000000 0.000000 -206225.538192 13.738369 25.891954
8 298.150000 1.000000 0.300000 0.500000 0.100000 110.000000 0.000000 -206010.524880 15.569930 25.959949
7 298.150000 1.000000 0.200000 0.500000 0.100000 110.000000 0.000000 -206005.466672 23.942629 24.659760
7 298.150000 1.000000 0.200000 0.500000 0.100000 110.000000 0.000000 -206233.615906 3.792381 25.416266
7 298.150000 1.000000 0.200000 0.500000 0.100000 110.000000 0.000000 -205684.265746 27.319800 25.983269
6 298.150000 1.000000 0.100000 0.500000 0.100000 110.000000 0.000000 -206117.919701 49.278626 25.626160
3 298.150000 1.000000 0.000000 0.300000 0.100000 110.000000 0.000000 -205726.278945 81.419462 25.890405
2 298.150000 1.000000 0.000000 0.200000 0.100000 110.000000 0.000000 -206203.183039 79.083776 25.953464
2 298.150000 1.000000 0.000000 0.200000 0.100000 110.000000 0.000000 -206211.561800 106.962309 25.711655
2 298.150000 1.000000 0.000000 0.200000 0.100000 110.000000 0.000000 -206276.167929 66.611430 26.017548
4 298.150000 1.000000 0.000000 0.400000 0.100000 110.000000 0.000000 -206086.229001 57.725646 25.064557
1 298.150000 1.000000 0.000000 0.100000 0.100000 110.000000 0.000000 -205973.872514 122.626101 25.553552
1 298.150000 1.000000 0.000000 0.100000 0.100000 110.000000 0.000000 -206081.393423 129.478969 25.323495
1 298.150000 1.000000 0.000000 0.100000 0.100000 110.000000 0.000000 -205732.271896 41.072659 24.937599
4 298.150000 1.000000 0.000000 0.400000 0.100000 110.000000 0.000000 -205675.506529 48.235998 25.953943
2 298.150000 1.000000 0.000000 0.200000 0.100000 110.000000 0.000000 -206029.705459 84.192435 25.726288
3 298.150000 1.000000 0.000000 0.300000 0.100000 110.000000 0.000000 -206283.662673 16.477475 25.929189
6 298.150000 1.000000 0.100000 0.500000 0.100000 110.000000 0.000000 -205806.807407 25.478193 25.751498
6 298.150000 1.000000 0.100000 0.500000 0.100000 110.000000 0.000000 -206032.417609 25.586743 25.638783
6 298.150000 1.000000 0.100000 0.500000 0.100000 110.000000 0.000000 -205988.964939 19.802498 25.997649
6 298.150000 1.000000 0.100000 0.500000 0.100000 110.000000 0.000000 -206217.393610 39.998131 25.652978
6 298.150000 1.000000 0.100000 0.500000 0.100000 110.000000 0.000000 -206224.540009 43.025671 26.013322
5 298.150000 1.000000 0.000000 0.500000 0.100000 110.000000 0.000000 -206029.308748 86.315342 25.654324
3 298.150000 1.000000 0.000000 0.300000 0.100000 110.000000 0.000000 -205920.477805 118.037808 24.380170
3 298.150000 1.000000 0.000000 0.300000 0.100000 110.000000 0.000000 -206263.522383 109.650896 24.819747
3 298.150000 1.000000 0.000000 0.300000 0.100000 110.000000 0.000000 -206179.277921 41.529702 25.793689
2 298.150000 1.000000 0.000000 0.200000 0.100000 110.000000 0.000000 -205967.632325 103.503336 26.003437
