0 298.150000 1.000000 0.000000 0.000000 0.100000 110.000000 0.000000 -207300.297581 197.454621 25.648883
0 298.150000 1.000000 0.000000 0.000000 0.100000 110.000000 0.000000 -207642.855649 182.498958 24.431403
0 298.150000 1.000000 0.000000 0.000000 0.100000 110.000000 0.000000 -207337.779182 191.515794 23.993517
0 298.150000 1.000000 0.000000 0.000000 0.100000 110.000000 0.000000 -207130.559042 180.570154 22.386557
0 298.150000 1.000000 0.000000 0.000000 0.100000 110.000000 0.000000 -207059.702430 186.697834 24.377960
0 298.150000 1.000000 0.000000 0.000000 0.100000 110.000000 0.000000 -207610.256954 164.420897 24.933501
0 298.150000 1.000000 0.000000 0.000000 0.100000 110.000000 0.000000 -207592.470030 188.371525 22.554514
0 298.150000 1.000000 0.000000 0.000000 0.100000 110.000000 0.000000 -207356.654752 172.479907 25.030449
0 298.150000 1.000000 0.000000 0.000000 0.100000 110.000000 0.000000 -207772.942112 188.946224 24.597081
0 298.150000 1.000000 0.000000 0.000000 0.100000 110.000000 0.000000 -207510.123843 178.127300 24.766249
0 298.150000 1.000000 0.000000 0.000000 0.100000 110.000000 0.000000 -207849.546405 186.225242 22.419148
0 298.150000 1.000000 0.000000 0.000000 0.100000 110.000000 0.000000 -207780.785819 185.662396 25.116133
0 298.150000 1.000000 0.000000 0.000000 0.100000 110.000000 0.000000 -207334.159032 182.777837 25.742385
0 298.150000 1.000000 0.000000 0.000000 0.100000 110.000000 0.000000 -207171.681843 186.526752 25.552547
0 298.150000 1.000000 0.000000 0.000000 0.100000 110.000000 0.000000 -207496.353825 185.035123 23.457305
0 298.150000 1.000000 0.000000 0.000000 0.100000 110.000000 0.000000 -207248.459717 178.962719 24.037641
0 298.150000 1.000000 0.000000 0.000000 0.100000 110.000000 0.000000 -208107.507276 179.226936 25.009601
0 298.150000 1.000000 0.000000 0.000000 0.100000 110.000000 0.000000 -207288.296803 177.604709 25.029542
0 298.150000 1.000000 0.000000 0.000000 0.100000 110.000000 0.000000 -207653.987102 183.181963 25.456560
0 298.150000 1.000000 0.000000 0.000000 0.100000 110.000000 0.000000 -207572.304989 184.314715 22.306289
0 298.150000 1.000000 0.000000 0.000000 0.100000 110.000000 0.000000 -207286.017195 188.320901 24.689730
0 298.150000 1.000000 0.000000 0.000000 0.100000 110.000000 0.000000 -207106.048244 184.178646 25.706567
0 298.150000 1.000000 0.000000 0.000000 0.100000 110.000000 0.000000 -207544.243129 198.554032 24.842284
0 298.150000 1.000000 0.000000 0.000000 0.100000 110.000000 0.000000 -207399.414816 183.362191 25.461969
0 298.150000 1.000000 0.000000 0.000000 0.100000 110.000000 0.000000 -207130.393000 178.386086 21.606284
0 298.150000 1.000000 0.000000 0.000000 0.100000 110.000000 0.000000 -207546.906145 195.730729 23.324600
0 298.150000 1.000000 0.000000 0.000000 0.100000 110.000000 0.000000 -207245.668457 185.620050 25.471145
0 298.150000 1.000000 0.000000 0.000000 0.100000 110.000000 0.000000 -206976.783362 179.594224 25.495171
0 298.150000 1.000000 0.000000 0.000000 0.100000 110.000000 0.000000 -207581.160826 182.645494 24.738713
0 298.150000 1.000000 0.000000 0.000000 0.100000 110.000000 0.000000 -207323.895777 180.366806 24.517864
0 298.150000 1.000000 0.000000 0.000000 0.100000 110.000000 0.000000 -207542.708482 187.192314 25.554967
0 298.150000 1.000000 0.000000 0.000000 0.100000 110.000000 0.000000 -207812.438234 178.004327 25.720219
0 298.150000 1.000000 0.000000 0.000000 0.100000 110.000000 0.000000 -207520.737534 184.611493 25.663163
0 298.150000 1.000000 0.000000 0.000000 0.100000 110.000000 0.000000 -207993.172866 175.099553 23.234274
0 298.150000 1.000000 0.000000 0.000000 0.100000 110.000000 0.000000 -207538.435010 185.871767 25.301747
0 298.150000 1.000000 0.000000 0.000000 0.100000 110.000000 0.000000 -207882.265758 183.042121 25.216192
0 298.150000 1.000000 0.000000 0.000000 0.100000 110.000000 0.000000 -207469.489224 191.750647 23.771240
0 298.150000 1.000000 0.000000 0.000000 0.100000 110.000000 0.000000 -207454.081287 176.262138 24.695731
0 298.150000 1.000000 0.000000 0.000000 0.100000 110.000000 0.000000 -207216.004029 196.480064 23.825231
0 298.150000 1.000000 0.000000 0.000000 0.100000 110.000000 0.000000 -207322.817302 167.363055 24.766052
0 298.150000 1.000000 0.000000 0.000000 0.100000 110.000000 0.000000 -207418.581640 186.767079 24.305405
0 298.150000 1.000000 0.000000 0.000000 0.100000 110.000000 0.000000 -207716.289069 178.349975 25.468861
0 298.150000 1.000000 0.000000 0.000000 0.100000 110.000000 0.000000 -207503.129726 178.668005 25.200249
0 298.150000 1.000000 0.000000 0.000000 0.100000 110.000000 0.000000 -207908.549110 178.655543 24.129219
0 298.150000 1.000000 0.000000 0.000000 0.100000 110.000000 0.000000 -207431.406839 160.657928 24.160488
0 298.150000 1.000000 0.000000 0.000000 0.100000 110.000000 0.000000 -207493.280795 195.039366 24.169938
0 298.150000 1.000000 0.000000 0.000000 0.100000 110.000000 0.000000 -207430.334288 192.500423 25.278600
0 298.150000 1.000000 0.000000 0.000000 0.100000 110.000000 0.000000 -207596.347519 179.689539 25.566953
0 298.150000 1.000000 0.000000 0.000000 0.100000 110.000000 0.000000 -207018.749141 186.737403 24.113417
0 298.150000 1.000000 0.000000 0.000000 0.100000 110.000000 0.000000 -207132.767135 192.413505 25.013557
0 298.150000 1.000000 0.000000 0.000000 0.100000 110.000000 0.000000 -207331.762899 187.918056 25.141898
0 298.150000 1.000000 0.000000 0.000000 0.100000 110.000000 0.000000 -207216.929031 185.772252 23.757514
0 298.150000 1.000000 0.000000 0.000000 0.100000 110.000000 0.000000 -207237.566577 189.130010 22.031032
0 298.150000 1.000000 0.000000 0.000000 0.100000 110.000000 0.000000 -207777.214680 188.318159 23.771441
0 298.150000 1.000000 0.000000 0.000000 0.100000 110.000000 0.000000 -207474.164193 180.747082 22.269042
0 298.150000 1.000000 0.000000 0.000000 0.100000 110.000000 0.000000 -207220.402065 191.866499 24.123862
0 298.150000 1.000000 0.000000 0.000000 0.100000 110.000000 0.000000 -207404.235890 179.270369 24.095728
0 298.150000 1.000000 0.000000 0.000000 0.100000 110.000000 0.000000 -207570.335975 147.356006 23.461445
1 298.150000 1.000000 0.000000 0.100000 0.100000 110.000000 0.000000 -207475.764512 166.258944 24.493811
1 298.150000 1.000000 0.000000 0.100000 0.100000 110.000000 0.000000 -207628.279331 139.072337 25.377660
1 298.150000 1.000000 0.000000 0.100000 0.100000 110.000000 0.000000 -207348.193555 153.066538 22.665472
1 298.150000 1.000000 0.000000 0.100000 0.100000 110.000000 0.000000 -207277.711036 135.847765 25.580707
1 298.150000 1.000000 0.000000 0.100000 0.100000 110.000000 0.000000 -207343.856921 131.981640 25.227725
1 298.150000 1.000000 0.000000 0.100000 0.100000 110.000000 0.000000 -207036.426637 59.505681 25.825831
3 298.150000 1.000000 0.000000 0.300000 0.100000 110.000000 0.000000 -207661.248333 64.495528 25.727615
5 298.150000 1.000000 0.000000 0.500000 0.100000 110.000000 0.000000 -207375.832003 63.985218 25.167655
3 298.150000 1.000000 0.000000 0.300000 0.100000 110.000000 0.000000 -207294.428774 100.457921 25.482684
2 298.150000 1.000000 0.000000 0.200000 0.100000 110.000000 0.000000 -207220.301895 115.710104 25.794350
2 298.150000 1.000000 0.000000 0.200000 0.100000 110.000000 0.000000 -206959.879805 95.014264 25.637243
4 298.150000 1.000000 0.000000 0.400000 0.100000 110.000000 0.000000 -207197.244269 62.978245 25.671746
3 298.150000 1.000000 0.000000 0.300000 0.100000 110.000000 0.000000 -207465.791991 90.670215 24.527857
5 298.150000 1.000000 0.000000 0.500000 0.100000 110.000000 0.000000 -206937.134937 79.407864 25.737291
3 298.150000 1.000000 0.000000 0.300000 0.100000 110.000000 0.000000 -207548.510878 89.585907 24.963446
4 298.150000 1.000000 0.000000 0.400000 0.100000 110.000000 0.000000 -207231.016979 69.566607 25.126459
5 298.150000 1.000000 0.000000 0.500000 0.100000 110.000000 0.000000 -208025.796401 64.370223 24.672219
3 298.150000 1.000000 0.000000 0.300000 0.100000 110.000000 0.000000 -207493.126346 114.872242 25.732273
3 298.150000 1.000000 0.000000 0.300000 0.100000 110.000000 0.000000 -207354.739865 82.143313 25.182164
4 298.150000 1.000000 0.000000 0.400000 0.100000 110.000000 0.000000 -207380.251667 83.096628 23.612659
4 298.150000 1.000000 0.000000 0.400000 0.100000 110.000000 0.000000 -207676.988915 77.127109 25.604096
5 298.150000 1.000000 0.000000 0.500000 0.100000 110.000000 0.000000 -207460.902323 67.564578 25.711716
5 298.150000 1.000000 0.000000 0.500000 0.100000 110.000000 0.000000 -207330.568036 18.423503 25.420466
8 298.150000 1.000000 0.300000 0.500000 0.100000 110.000000 0.000000 -207382.599349 17.220426 25.643867
7 298.150000 1.000000 0.200000 0.500000 0.100000 110.000000 0.000000 -207362.734903 6.733687 25.789797
7 298.150000 1.000000 0.200000 0.500000 0.100000 110.000000 0.000000 -207643.997068 -1.259880 25.431309
7 298.150000 1.000000 0.200000 0.500000 0.100000 110.000000 0.000000 -207157.884317 13.772096 25.643289
8 298.150000 1.000000 0.300000 0.500000 0.100000 110.000000 0.000000 -207422.998295 -0.142929 25.529569
9 298.150000 1.000000 0.400000 0.500000 0.100000 110.000000 0.000000 -207428.869748 1.852297 25.815553
8 298.150000 1.000000 0.300000 0.500000 0.100000 110.000000 0.000000 -207569.220066 14.252722 25.585687
7 298.150000 1.000000 0.200000 0.500000 0.100000 110.000000 0.000000 -207188.776927 11.012946 25.516263
7 298.150000 1.000000 0.200000 0.500000 0.100000 110.000000 0.000000 -207229.562507 18.120177 25.620193
7 298.150000 1.000000 0.200000 0.500000 0.100000 110.000000 0.000000 -207535.523758 15.493459 25.515164
8 298.150000 1.000000 0.300000 0.500000 0.100000 110.000000 0.000000 -207234.082664 9.798472 25.672662
8 298.150000 1.000000 0.300000 0.500000 0.100000 110.000000 0.000000 -207400.317769 1.559345 25.664179
10 298.150000 1.000000 0.500000 0.500000 0.100000 110.000000 0.000000 -207457.581939 7.605409 25.442737
10 298.150000 1.000000 0.500000 0.500000 0.100000 110.000000 0.000000 -207126.992048 3.555015 25.726669
7 298.150000 1.000000 0.200000 0.500000 0.100000 110.000000 0.000000 -207778.546274 13.602033 25.797617
8 298.150000 1.000000 0.300000 0.500000 0.100000 110.000000 0.000000 -207575.576806 5.324898 25.379187
8 298.150000 1.000000 0.300000 0.500000 0.100000 110.000000 0.000000 -207336.721201 6.558856 25.479674
10 298.150000 1.000000 0.500000 0.500000 0.100000 110.000000 0.000000 -207932.951124 6.640751 25.756129
9 298.150000 1.000000 0.400000 0.500000 0.100000 110.000000 0.000000 -207732.357567 4.822230 25.851414
7 298.150000 1.000000 0.200000 0.500000 0.100000 110.000000 0.000000 -207128.213203 13.054601 25.523747
8 298.150000 1.000000 0.300000 0.500000 0.100000 110.000000 0.000000 -207405.345405 2.088011 25.832010
8 298.150000 1.000000 0.300000 0.500000 0.100000 110.000000 0.000000 -207248.762278 6.584029 25.765558
8 298.150000 1.000000 0.300000 0.500000 0.100000 110.000000 0.000000 -207309.008037 -1.834035 25.841489
11 298.150000 -1.000000 0.500000 0.500000 0.100000 110.000000 0.000000 -207500.118836 4.183939 25.235501
12 298.150000 -1.000000 0.400000 0.500000 0.100000 110.000000 0.000000 -207506.842186 14.510100 25.637030
14 298.150000 -1.000000 0.200000 0.500000 0.100000 110.000000 0.000000 -207875.511355 10.880107 25.531021
14 298.150000 -1.000000 0.200000 0.500000 0.100000 110.000000 0.000000 -207700.153480 11.776018 25.736185
15 298.150000 -1.000000 0.100000 0.500000 0.100000 110.000000 0.000000 -207401.913730 19.317987 24.874971
15 298.150000 -1.000000 0.100000 0.500000 0.100000 110.000000 0.000000 -207684.402532 26.161821 25.442429
15 298.150000 -1.000000 0.100000 0.500000 0.100000 110.000000 0.000000 -207565.549863 24.601588 25.571610
16 298.150000 -1.000000 0.000000 0.500000 0.100000 110.000000 0.000000 -207261.170733 50.795319 25.415016
17 298.150000 -1.000000 0.000000 0.400000 0.100000 110.000000 0.000000 -207991.597169 88.690434 25.095682
16 298.150000 -1.000000 0.000000 0.500000 0.100000 110.000000 0.000000 -207465.832642 72.598980 25.622865
19 298.150000 -1.000000 0.000000 0.200000 0.100000 110.000000 0.000000 -207704.309747 59.210459 25.531454
16 298.150000 -1.000000 0.000000 0.500000 0.100000 110.000000 0.000000 -207333.532027 80.014748 25.355128
18 298.150000 -1.000000 0.000000 0.300000 0.100000 110.000000 0.000000 -207275.363678 45.150978 25.748417
18 298.150000 -1.000000 0.000000 0.300000 0.100000 110.000000 0.000000 -207570.695864 51.349588 25.593145
18 298.150000 -1.000000 0.000000 0.300000 0.100000 110.000000 0.000000 -207523.350985 74.296578 25.495147
19 298.150000 -1.000000 0.000000 0.200000 0.100000 110.000000 0.000000 -207687.322948 66.992663 25.744260
17 298.150000 -1.000000 0.000000 0.400000 0.100000 110.000000 0.000000 -207312.546705 68.618427 25.642057
19 298.150000 -1.000000 0.000000 0.200000 0.100000 110.000000 0.000000 -207421.259258 68.222189 25.490504
19 298.150000 -1.000000 0.000000 0.200000 0.100000 110.000000 0.000000 -207377.924768 97.863864 24.722341
16 298.150000 -1.000000 0.000000 0.500000 0.100000 110.000000 0.000000 -207588.616800 7.812207 25.528767
14 298.150000 -1.000000 0.200000 0.500000 0.100000 110.000000 0.000000 -207628.613904 8.684261 25.315441
13 298.150000 -1.000000 0.300000 0.500000 0.100000 110.000000 0.000000 -207646.678701 10.379112 24.383564
11 298.150000 -1.000000 0.500000 0.500000 0.100000 110.000000 0.000000 -207561.063530 0.277101 25.634980
11 298.150000 -1.000000 0.500000 0.500000 0.100000 110.000000 0.000000 -207696.652918 2.828187 25.629828
10 298.150000 1.000000 0.500000 0.500000 0.100000 110.000000 0.000000 -207468.549052 -0.358131 25.464106
11 298.150000 -1.000000 0.500000 0.500000 0.100000 110.000000 0.000000 -207700.038436 -4.375706 25.538153
11 298.150000 -1.000000 0.500000 0.500000 0.100000 110.000000 0.000000 -207352.669746 6.024253 24.640311
12 298.150000 -1.000000 0.400000 0.500000 0.100000 110.000000 0.000000 -207347.304885 -3.571105 25.825769
12 298.150000 -1.000000 0.400000 0.500000 0.100000 110.000000 0.000000 -207754.036971 1.211868 25.424995
11 298.150000 -1.000000 0.500000 0.500000 0.100000 110.000000 0.000000 -207474.318907 1.262355 25.196770
12 298.150000 -1.000000 0.400000 0.500000 0.100000 110.000000 0.000000 -207727.053189 7.121940 25.130400
12 298.150000 -1.000000 0.400000 0.500000 0.100000 110.000000 0.000000 -207294.734248 -0.705629 25.512850
13 298.150000 -1.000000 0.300000 0.500000 0.100000 110.000000 0.000000 -207219.401069 6.967648 25.227398
13 298.150000 -1.000000 0.300000 0.500000 0.100000 110.000000 0.000000 -207463.243732 5.984128 25.317758
14 298.150000 -1.000000 0.200000 0.500000 0.100000 110.000000 0.000000 -207609.815800 12.227296 25.631880
14 298.150000 -1.000000 0.200000 0.500000 0.100000 110.000000 0.000000 -207691.563641 -3.922118 25.071584
13 298.150000 -1.000000 0.300000 0.500000 0.100000 110.000000 0.000000 -207533.428114 3.868554 24.831372
13 298.150000 -1.000000 0.300000 0.500000 0.100000 110.000000 0.000000 -207862.647867 0.911262 23.806286
13 298.150000 -1.000000 0.300000 0.500000 0.100000 110.000000 0.000000 -207705.151130 -2.600242 25.729073
13 298.150000 -1.000000 0.300000 0.500000 0.100000 110.000000 0.000000 -207928.834202 -2.230103 25.593904
13 298.150000 -1.000000 0.300000 0.500000 0.100000 110.000000 0.000000 -207052.763565 9.104112 25.493803
13 298.150000 -1.000000 0.300000 0.500000 0.100000 110.000000 0.000000 -207530.818686 2.959136 25.551517
13 298.150000 -1.000000 0.300000 0.500000 0.100000 110.000000 0.000000 -207634.236635 6.633519 25.798997
12 298.150000 -1.000000 0.400000 0.500000 0.100000 110.000000 0.000000 -207179.143029 1.170969 25.687203
12 298.150000 -1.000000 0.400000 0.500000 0.100000 110.000000 0.000000 -207368.581012 2.120497 25.084374
13 298.150000 -1.000000 0.300000 0.500000 0.100000 110.000000 0.000000 -207420.861797 8.984105 24.696131
13 298.150000 -1.000000 0.300000 0.500000 0.100000 110.000000 0.000000 -207837.657042 -2.168615 25.742314
12 298.150000 -1.000000 0.400000 0.500000 0.100000 110.000000 0.000000 -207497.333153 1.363475 25.377313
12 298.150000 -1.000000 0.400000 0.500000 0.100000 110.000000 0.000000 -207591.051421 2.108230 24.235518
13 298.150000 -1.000000 0.300000 0.500000 0.100000 110.000000 0.000000 -207353.621768 4.005241 25.219722
13 298.150000 -1.000000 0.300000 0.500000 0.100000 110.000000 0.000000 -208113.018646 2.546642 25.646475
12 298.150000 -1.000000 0.400000 0.500000 0.100000 110.000000 0.000000 -207396.082034 1.218519 25.767246
12 298.150000 -1.000000 0.400000 0.500000 0.100000 110.000000 0.000000 -207499.721402 7.217411 25.588994
12 298.150000 -1.000000 0.400000 0.500000 0.100000 110.000000 0.000000 -207892.851565 -2.653833 25.770672
11 298.150000 -1.000000 0.500000 0.500000 0.100000 110.000000 0.000000 -207046.662209 1.998174 25.764612
12 298.150000 -1.000000 0.400000 0.500000 0.100000 110.000000 0.000000 -207434.817613 3.437062 25.390425
13 298.150000 -1.000000 0.300000 0.500000 0.100000 110.000000 0.000000 -207706.021289 -0.490309 25.466990
13 298.150000 -1.000000 0.300000 0.500000 0.100000 110.000000 0.000000 -207497.221676 8.186018 25.678630
15 298.150000 -1.000000 0.100000 0.500000 0.100000 110.000000 0.000000 -207199.269817 13.912746 25.377326
15 298.150000 -1.000000 0.100000 0.500000 0.100000 110.000000 0.000000 -207423.775418 26.383845 25.697098
15 298.150000 -1.000000 0.100000 0.500000 0.100000 110.000000 0.000000 -207296.192159 20.841728 25.513267
15 298.150000 -1.000000 0.100000 0.500000 0.100000 110.000000 0.000000 -207345.789888 15.552246 25.800435
15 298.150000 -1.000000 0.100000 0.500000 0.100000 110.000000 0.000000 -207712.683653 20.638291 25.470432
15 298.150000 -1.000000 0.100000 0.500000 0.100000 110.000000 0.000000 -207342.916699 43.487775 25.806951
15 298.150000 -1.000000 0.100000 0.500000 0.100000 110.000000 0.000000 -207216.908694 26.081620 25.345106
17 298.150000 -1.000000 0.000000 0.400000 0.100000 110.000000 0.000000 -207363.537594 60.899845 25.318529
18 298.150000 -1.000000 0.000000 0.300000 0.100000 110.000000 0.000000 -207457.343367 47.615986 25.650486
18 298.150000 -1.000000 0.000000 0.300000 0.100000 110.000000 0.000000 -207243.364377 58.999346 25.455643
18 298.150000 -1.000000 0.000000 0.300000 0.100000 110.000000 0.000000 -207819.353175 73.981874 25.401715
16 298.150000 -1.000000 0.000000 0.500000 0.100000 110.000000 0.000000 -207535.206702 53.866193 25.397415
18 298.150000 -1.000000 0.000000 0.300000 0.100000 110.000000 0.000000 -207343.163575 89.955606 25.462833
17 298.150000 -1.000000 0.000000 0.400000 0.100000 110.000000 0.000000 -207170.649337 87.732172 25.672895
19 298.150000 -1.000000 0.000000 0.200000 0.100000 110.000000 0.000000 -207628.045935 74.813971 25.124065
17 298.150000 -1.000000 0.000000 0.400000 0.100000 110.000000 0.000000 -207333.213768 11.576837 25.605764
15 298.150000 -1.000000 0.100000 0.500000 0.100000 110.000000 0.000000 -207562.322158 18.118866 25.327179
15 298.150000 -1.000000 0.100000 0.500000 0.100000 110.000000 0.000000 -207438.399848 26.555053 25.298019
19 298.150000 -1.000000 0.000000 0.200000 0.100000 110.000000 0.000000 -207166.596134 49.917102 25.708692
16 298.150000 -1.000000 0.000000 0.500000 0.100000 110.000000 0.000000 -207262.625226 37.808465 25.657191
17 298.150000 -1.000000 0.000000 0.400000 0.100000 110.000000 0.000000 -207688.333312 37.920461 25.696981
18 298.150000 -1.000000 0.000000 0.300000 0.100000 110.000000 0.000000 -207385.369117 95.606622 25.431755
18 298.150000 -1.000000 0.000000 0.300000 0.100000 110.000000 0.000000 -207378.238713 53.261775 25.338535
16 298.150000 -1.000000 0.000000 0.500000 0.100000 110.000000 0.000000 -207529.996608 75.311470 25.684955
19 298.150000 -1.000000 0.000000 0.200000 0.100000 110.000000 0.000000 -207119.221796 56.484028 25.667524
18 298.150000 -1.000000 0.000000 0.300000 0.100000 110.000000 0.000000 -207756.462606 81.811751 25.346203
16 298.150000 -1.000000 0.000000 0.500000 0.100000 110.000000 0.000000 -207228.396984 45.428210 25.779668
19 298.150000 -1.000000 0.000000 0.200000 0.100000 110.000000 0.000000 -207441.360192 73.256139 25.788336
18 298.150000 -1.000000 0.000000 0.300000 0.100000 110.000000 0.000000 -207816.619962 50.957913 25.766865
16 298.150000 -1.000000 0.000000 0.500000 0.100000 110.000000 0.000000 -207774.905769 74.827887 25.698821
16 298.150000 -1.000000 0.000000 0.500000 0.100000 110.000000 0.000000 -207645.325576 65.444707 25.716241
17 298.150000 -1.000000 0.000000 0.400000 0.100000 110.000000 0.000000 -207029.531787 82.866917 25.543945
17 298.150000 -1.000000 0.000000 0.400000 0.100000 110.000000 0.000000 -207154.055359 83.914572 25.731216
16 298.150000 -1.000000 0.000000 0.500000 0.100000 110.000000 0.000000 -207612.988089 63.080431 25.304665
18 298.150000 -1.000000 0.000000 0.300000 0.100000 110.000000 0.000000 -207250.827539 65.513103 25.516366
19 298.150000 -1.000000 0.000000 0.200000 0.100000 110.000000 0.000000 -207248.289091 90.915165 24.768417
18 298.150000 -1.000000 0.000000 0.300000 0.100000 110.000000 0.000000 -207654.636565 46.821215 25.835039
18 298.150000 -1.000000 0.000000 0.300000 0.100000 110.000000 0.000000 -207346.382974 44.162942 25.819736
18 298.150000 -1.000000 0.000000 0.300000 0.100000 110.000000 0.000000 -207540.076552 104.116474 25.785873
18 298.150000 -1.000000 0.000000 0.300000 0.100000 110.000000 0.000000 -207787.714916 78.351118 25.561992
20 298.150000 -1.000000 0.000000 0.100000 0.100000 110.000000 0.000000 -207601.359411 121.564891 25.642860
20 298.150000 -1.000000 0.000000 0.100000 0.100000 110.000000 0.000000 -207443.239123 143.039252 25.722250
20 298.150000 -1.000000 0.000000 0.100000 0.100000 110.000000 0.000000 -207581.648539 132.995878 25.608492
20 298.150000 -1.000000 0.000000 0.100000 0.100000 110.000000 0.000000 -207212.733964 43.240483 25.622188
16 298.150000 -1.000000 0.000000 0.500000 0.100000 110.000000 0.000000 -207408.798075 33.354633 25.476709
16 298.150000 -1.000000 0.000000 0.500000 0.100000 110.000000 0.000000 -207289.973459 64.765354 25.380143
17 298.150000 -1.000000 0.000000 0.400000 0.100000 110.000000 0.000000 -207681.559692 89.162018 25.749252
19 298.150000 -1.000000 0.000000 0.200000 0.100000 110.000000 0.000000 -207203.738753 135.220006 25.598670
19 298.150000 -1.000000 0.000000 0.200000 0.100000 110.000000 0.000000 -207477.790643 126.729006 25.663291
20 298.150000 -1.000000 0.000000 0.100000 0.100000 110.000000 0.000000 -207305.425236 128.706679 25.640995
20 298.150000 -1.000000 0.000000 0.100000 0.100000 110.000000 0.000000 -207824.046457 122.207584 25.545204
20 298.150000 -1.000000 0.000000 0.100000 0.100000 110.000000 0.000000 -207631.708339 69.122857 25.077724
20 298.150000 -1.000000 0.000000 0.100000 0.100000 110.000000 0.000000 -207827.192144 130.377240 25.588375
20 298.150000 -1.000000 0.000000 0.100000 0.100000 110.000000 0.000000 -207240.063237 148.385227 25.800231
20 298.150000 -1.000000 0.000000 0.100000 0.100000 110.000000 0.000000 -207519.627764 157.185873 25.617936
20 298.150000 -1.000000 0.000000 0.100000 0.100000 110.000000 0.000000 -207592.705378 51.684934 25.498491
16 298.150000 -1.000000 0.000000 0.500000 0.100000 110.000000 0.000000 -207569.993806 76.055617 25.657648
17 298.150000 -1.000000 0.000000 0.400000 0.100000 110.000000 0.000000 -207574.423268 111.735287 25.289971
20 298.150000 -1.000000 0.000000 0.100000 0.100000 110.000000 0.000000 -207517.371540 59.748517 25.586524
20 298.150000 -1.000000 0.000000 0.100000 0.100000 110.000000 0.000000 -207635.953671 133.585142 25.855396
20 298.150000 -1.000000 0.000000 0.100000 0.100000 110.000000 0.000000 -207094.528714 63.085731 25.653288
17 298.150000 -1.000000 0.000000 0.400000 0.100000 110.000000 0.000000 -207563.013956 73.062942 25.520467
19 298.150000 -1.000000 0.000000 0.200000 0.100000 110.000000 0.000000 -207599.372909 94.939184 25.744888
18 298.150000 -1.000000 0.000000 0.300000 0.100000 110.000000 0.000000 -207687.849574 49.156562 25.538918
16 298.150000 -1.000000 0.000000 0.500000 0.100000 110.000000 0.000000 -207262.173141 33.250578 25.542398
17 298.150000 -1.000000 0.000000 0.400000 0.100000 110.000000 0.000000 -207328.776992 41.809869 25.574181
18 298.150000 -1.000000 0.000000 0.300000 0.100000 110.000000 0.000000 -207575.550025 82.358024 25.707050
20 298.150000 -1.000000 0.000000 0.100000 0.100000 110.000000 0.000000 -207720.801882 186.330052 25.401386
20 298.150000 -1.000000 0.000000 0.100000 0.100000 110.000000 0.000000 -207522.234444 197.541098 25.321078
20 298.150000 -1.000000 0.000000 0.100000 0.100000 110.000000 0.000000 -207283.663625 133.770608 25.282344
20 298.150000 -1.000000 0.000000 0.100000 0.100000 110.000000 0.000000 -207269.971274 116.788434 25.631129
19 298.150000 -1.000000 0.000000 0.200000 0.100000 110.000000 0.000000 -207562.288507 83.142868 25.758048
19 298.150000 -1.000000 0.000000 0.200000 0.100000 110.000000 0.000000 -207390.474268 42.258774 25.530379
18 298.150000 -1.000000 0.000000 0.300000 0.100000 110.000000 0.000000 -207884.555317 26.110622 25.628584
19 298.150000 -1.000000 0.000000 0.200000 0.100000 110.000000 0.000000 -207580.916154 73.176896 25.692954
19 298.150000 -1.000000 0.000000 0.200000 0.100000 110.000000 0.000000 -207661.627204 82.951778 25.832665
19 298.150000 -1.000000 0.000000 0.200000 0.100000 110.000000 0.000000 -207246.030291 64.826145 25.828412
19 298.150000 -1.000000 0.000000 0.200000 0.100000 110.000000 0.000000 -207310.885622 95.936476 25.604360
19 298.150000 -1.000000 0.000000 0.200000 0.100000 110.000000 0.000000 -207379.241873 86.666268 25.757603
19 298.150000 -1.000000 0.000000 0.200000 0.100000 110.000000 0.000000 -207523.939920 69.007738 25.800793
16 298.150000 -1.000000 0.000000 0.500000 0.100000 110.000000 0.000000 -207209.818714 82.918724 25.545210
20 298.150000 -1.000000 0.000000 0.100000 0.100000 110.000000 0.000000 -207471.908881 64.511847 25.789676
17 298.150000 -1.000000 0.000000 0.400000 0.100000 110.000000 0.000000 -207393.023343 80.255799 25.483675
17 298.150000 -1.000000 0.000000 0.400000 0.100000 110.000000 0.000000 -207627.687521 65.191838 25.374167
18 298.150000 -1.000000 0.000000 0.300000 0.100000 110.000000 0.000000 -207204.659224 107.259533 25.799968
18 298.150000 -1.000000 0.000000 0.300000 0.100000 110.000000 0.000000 -207104.746571 81.648364 25.690954
18 298.150000 -1.000000 0.000000 0.300000 0.100000 110.000000 0.000000 -207226.756044 81.619180 25.621947
18 298.150000 -1.000000 0.000000 0.300000 0.100000 110.000000 0.000000 -207321.564847 88.202255 25.802328
16 298.150000 -1.000000 0.000000 0.500000 0.100000 110.000000 0.000000 -207879.220950 57.029733 25.835734
19 298.150000 -1.000000 0.000000 0.200000 0.100000 110.000000 0.000000 -208218.542622 127.021524 25.549183
