#"Step","Temperature (K)"
860000,297.9518935834792
880000,297.8080839794221
900000,297.19948583358774
920000,298.5234647723567
940000,299.4764965728893
960000,298.48098406104543
980000,295.4343429865136
1000000,298.25083519146153
1020000,295.75622267414894
1040000,297.2005836026697
1060000,297.0915812347724
1080000,297.3361250132135
1100000,295.5165036386956
1120000,296.496307076051
1140000,295.8340625976494
1160000,296.3686929079925
1180000,295.91292533478133
1200000,296.4774042276688
1220000,294.6948319503806
1240000,298.5390367278035
1260000,298.5769122693101
1280000,296.6595849303608
1300000,296.8124398446299
1320000,296.3100159766511
1340000,296.257445286465
1360000,297.3696154842578
1380000,296.8105621405176
1400000,296.73909857040985
1420000,294.8647128375136
1440000,297.5087996591752
1460000,297.84782692219693
1480000,294.9790736309431
1500000,295.35338802227045
1520000,296.96913027743295
1540000,296.4343634650544
1560000,297.9948582360075
1580000,298.06334028372686
1600000,296.85910108184527
1620000,295.8122075863256
1640000,297.75112312685525
1660000,296.09370292695974
1680000,295.3199862154305
1700000,297.10466698486584
1720000,296.4725169171697
1740000,298.01200862910457
1760000,297.8646560006476
1780000,295.0946180573216
1800000,296.84706515468656
1820000,295.75991840152125
1840000,297.2398073620634
1860000,295.9339934285678
1880000,297.93009102399077
1900000,296.579120310278
1920000,297.00298789588646
1940000,297.5315429215466
1960000,297.28926799116465
1980000,295.4798786926566
2000000,297.50106250146314
2020000,295.2931809103268
2040000,296.7571245926922
2060000,297.5316984003117
2080000,297.63071075919964
2100000,297.2571503100496
2120000,296.7981779695833
2140000,296.16168042774825
2160000,296.0865566761975
2180000,297.32461423195866
2200000,296.47354041405464
2220000,296.1080060085423
2240000,296.93849656185057
2260000,295.88209955247675
2280000,298.53762733772913
2300000,296.5113555092545
2320000,297.88262513071055
2340000,295.9379598551673
2360000,297.74523473062334
2380000,297.05077780078705
2400000,296.9247148427192
2420000,295.9535187344162
2440000,295.8801843054747
2460000,296.02072152311473
2480000,295.83533447697425
2500000,296.50407170856937
2520000,296.3613993410917
2540000,296.5600556311719
2560000,297.01769303699683
2580000,298.58633090902407
2600000,295.465267820611
2620000,296.4483631057608
2640000,296.1930717875734
2660000,297.6909960138589
2680000,298.295534813591
2700000,298.64481684325904
2720000,295.73523504895917
2740000,297.84188055977006
2760000,298.3873505508105
2780000,298.9437878750053
2800000,295.7611229934356
2820000,298.1551466622333
2840000,298.7480730280434
2860000,298.8341688094595
2880000,296.4566062851814
2900000,296.2948781018277
2920000,298.85827228246956
2940000,297.2209108826572
2960000,298.1574030789315
2980000,299.02832909389264
3000000,295.7499005380472
3020000,295.8827679218196
3040000,294.76166369636144
3060000,296.71602985931924
3080000,297.76942692767346
3100000,298.05733222794606
3120000,298.0132512795629
3140000,295.21535393581206
3160000,295.41777914796063
3180000,297.79671808740574
3200000,297.15901769342736
3220000,298.0623985540479
3240000,297.947009184678
3260000,298.2846943805138
3280000,299.5631092672344
3300000,298.42797663282806
3320000,296.1232355782201
3340000,296.22924825248566
3360000,296.6138390555202
3380000,297.7526676264568
3400000,296.7295783644261
3420000,294.8923351187033
3440000,297.7989561146818
3460000,297.31350596893776
3480000,297.13037068413684
3500000,295.80402946284244
3520000,297.4909960572446
3540000,296.3608940035228
3560000,296.6871546570443
3580000,295.98052089024475
3600000,295.5646830711121
3620000,296.65222776679946
3640000,294.53513804959084
3660000,295.42459577691096
3680000,298.5410870115442
3700000,296.0785141402746
3720000,297.73075622137463
3740000,297.7553724917206
3760000,298.2995822217907
3780000,296.0029474350591
3800000,295.97167495984337
3820000,297.2707790065746
3840000,295.6800246695104
3860000,296.4384888620178
3880000,297.4661369385664
3900000,295.68672143938585
3920000,296.89131118817306
3940000,298.0540027816411
3960000,296.44908415171545
3980000,296.1624556785568
4000000,297.3013056389309
4020000,295.8826739362615
4040000,296.68250278841555
4060000,297.2557999225165
4080000,296.37210567876457
4100000,297.2718312350527
4120000,298.6206870852047
4140000,296.4015662415126
4160000,295.19942604230147
4180000,298.14949026813804
4200000,296.57260225495094
4220000,295.7684904101564
4240000,297.7768274137072
4260000,296.29831707472795
4280000,297.7427336484085
4300000,296.4393378615157
4320000,296.7651532803224
4340000,297.7540216391813
4360000,297.9178043974749
4380000,297.2327696770682
4400000,297.0493654661035
4420000,297.2203362771143
4440000,296.59450783720735
4460000,297.72383073797573
4480000,297.2959129278254
4500000,295.53803247954824
4520000,297.9614834701007
4540000,297.35053977374724
4560000,295.8497591463404
4580000,298.2260225875043
4600000,296.64644454257956
4620000,295.2566751072346
4640000,298.4510545660464
4660000,296.37288167833304
4680000,295.4324950754194
4700000,298.4290413967781
4720000,297.19489476013894
4740000,295.1663287128845
4760000,296.8160076204906
4780000,296.64030024321784
4800000,297.076233195762
4820000,298.5148283600365
4840000,297.3129390589385
4860000,297.8033722654105
4880000,297.42188955621094
4900000,296.49554245472433
4920000,296.2175600540653
4940000,296.7910424554278
4960000,297.6166024188887
4980000,295.4465947548541
5000000,294.93113253095396
5020000,295.26395769941826
5040000,297.01169349667464
5060000,298.20560587603507
5080000,297.7106783959242
5100000,297.11315400202386
5120000,296.4727516329128
5140000,297.37921207886
5160000,296.59975665440106
5180000,297.1167183851678
5200000,296.53543590628846
5220000,296.4911671071611
5240000,296.51251290286416
5260000,296.76774110213455
5280000,296.7741506403862
5300000,297.03944141395704
5320000,298.93886639756977
5340000,299.2885912076921
5360000,295.67279045015897
5380000,296.50919893510036
5400000,294.92775056868146
5420000,295.6308349542286
5440000,296.64286165036975
5460000,296.88995906457257
5480000,296.7642983279845
5500000,296.51097164338466
5520000,295.73392699417076
5540000,296.2258712984207
5560000,294.9078810587635
5580000,295.688563880213
5600000,298.13181205063114
5620000,298.37386869598623
5640000,297.30306062837406
5660000,297.2248189449894
5680000,298.33542639414924
5700000,295.88643878660133
5720000,297.7346304564686
5740000,298.4764647474613
5760000,296.92745857716784
5780000,296.7014316209651
5800000,299.068137865862
5820000,300.48624749451466
5840000,297.495757596669
5860000,294.665306567051
5880000,294.9300561446718
5900000,298.9394868506775
5920000,295.48902159746996
5940000,297.06690160830163
5960000,295.11110562293896
5980000,297.0220435592519
6000000,295.23860661369076
6020000,298.9005742327393
6040000,297.05601216691593
6060000,297.5139323030185
6080000,297.9746808012466
6100000,295.30373023460487
6120000,297.6147524549722
6140000,297.5885175409778
6160000,297.33545263009216
6180000,297.36687097251206
6200000,297.03518251771476
6220000,293.6719035624128
6240000,294.5021043580843
6260000,297.737988403166
6280000,296.5840287759859
6300000,298.1917682810972
6320000,295.5352320767661
6340000,296.28607404925765
6360000,298.5376258310688
6380000,295.8776359737682
6400000,296.801390711307
6420000,298.98144807821103
6440000,297.68470647167396
6460000,296.9407475977988
6480000,297.13162665947533
6500000,298.13136744863226
6520000,295.58768895819645
6540000,296.0558035431494
6560000,298.5474710123591
6580000,295.77275425870835
6600000,295.25746882412966
6620000,297.3332386248734
6640000,296.98105810241776
6660000,297.6976278447034
6680000,298.1454469665468
6700000,298.93515554375534
6720000,300.1057178893213
6740000,296.88386690638987
6760000,297.18357277952373
6780000,295.6689809040671
6800000,295.3987448452773
6820000,296.7392548582867
6840000,296.96604125258096
6860000,295.5951102883993
6880000,295.6850343379028
6900000,297.5163848924337
6920000,298.01262513899
6940000,299.563303597856
6960000,295.7530589366619
6980000,297.0070454309254
7000000,298.50415540979213
7020000,296.09159253885105
7040000,297.5973392482776
7060000,299.04516172459313
7080000,296.7625089577678
7100000,296.7349456532614
7120000,297.5518177778156
7140000,297.19419228921595
7160000,296.7993694835915
7180000,297.3716366979908
7200000,298.2027836957071
7220000,297.3843718969277
7240000,297.9970584981606
7260000,297.3987108369739
7280000,298.54196540438534
7300000,294.8760526705001
7320000,298.481123463149
7340000,296.4084954683906
7360000,295.20611705430963
7380000,298.1399628425702
7400000,299.692235396092
7420000,297.4845609040333
7440000,298.383605961553
7460000,297.59366047713274
7480000,295.2321072575047
7500000,296.87124890362344
7520000,297.1707157387672
7540000,296.93754942701315
7560000,298.17830651431365
7580000,295.62272294476566
7600000,296.87355965906005
7620000,296.0087216232088
7640000,297.6844382363303
7660000,299.15514568466125
7680000,297.5314077943948
7700000,298.19353324709056
7720000,297.1685638774194
7740000,298.0170019977952
7760000,297.535152030598
7780000,296.2370281335851
7800000,297.68785657134885
7820000,295.71022360798645
7840000,295.1270051374517
7860000,295.87438287731317
7880000,297.1701769192164
7900000,298.7100697189304
7920000,297.3118894805423
7940000,295.8521767796395
7960000,298.51508613946754
7980000,296.736974347105
8000000,298.1689407135054
8020000,297.0014805704086
8040000,295.6133496057229
8060000,298.6942424740683
8080000,297.33997157679636
8100000,296.70261736503267
8120000,296.3815406381429
8140000,295.13352038386677
8160000,295.94467925862665
8180000,297.7138241942667
8200000,297.9219423669239
8220000,296.69442560049555
8240000,298.1261619923399
8260000,295.80481151220323
8280000,295.8183980796025
8300000,299.75565917939707
8320000,296.22287494424086
8340000,296.61206711661765
8360000,297.0129096604818
8380000,296.75968501494503
8400000,295.484810825941
8420000,297.27877461023
8440000,297.3211486148389
8460000,297.1385229577407
8480000,297.40150616966594
8500000,297.7513425089608
8520000,297.5302168676923
8540000,297.03626956812343
8560000,296.36317034447455
8580000,295.13647608300016
8600000,298.0401924108781
8620000,297.2922952815094
8640000,297.84607376338926
8660000,295.96971134088255
8680000,296.8347825184311
8700000,296.10023716673777
8720000,295.2767268098978
8740000,296.0472271603876
8760000,299.404251329734
8780000,298.5909928565124
8800000,299.7008324463806
8820000,297.515769490259
8840000,295.10145191537686
8860000,296.75092791206606
8880000,296.85781779876777
8900000,296.54976533673795
8920000,298.08468249057734
8940000,296.9368636343709
8960000,295.47408651253727
8980000,296.73188680347505
9000000,298.43411396575647
9020000,296.64478901477986
9040000,296.7226449902416
9060000,296.22855102190414
9080000,297.96237956052147
9100000,295.63895159092306
9120000,297.68558512091414
9140000,297.18655936196177
9160000,297.41083031923966
9180000,296.3029086432789
9200000,297.5485944351334
9220000,296.34688982940963
9240000,297.10153865993567
9260000,297.7423969053605
9280000,295.55061411162825
9300000,295.8986624665016
9320000,297.63315290483655
9340000,296.80906839469986
9360000,295.2588741855644
9380000,297.90602367487753
9400000,298.90131751239056
9420000,295.4124543328357
9440000,297.4470120158117
9460000,296.88639160321213
9480000,297.1374995415179
9500000,297.04135803601616
9520000,296.1021037725706
9540000,298.45589394925764
9560000,295.88667722511684
9580000,298.3377024166882
9600000,297.91868893767855
9620000,296.2493253834951
9640000,297.83103643865127
9660000,296.59711851367763
9680000,297.76473078803565
9700000,297.66394203858886
9720000,296.22420330253766
9740000,298.2373880621915
9760000,297.37399338481634
9780000,296.1889912449692
9800000,296.616841034455
9820000,296.7947515547791
9840000,297.203720241415
9860000,295.75702674843365
9880000,296.00402108401164
9900000,297.2710768411768
9920000,295.85665442680016
9940000,298.22208773400195
9960000,296.9467126510151
9980000,297.2152874740657
10000000,299.17719035733865
10020000,298.73055792692276
10040000,296.9021856264645
10060000,297.7750556676708
10080000,296.19703472815576
10100000,295.24219728500316
10120000,297.18627667003403
10140000,294.69603351425786
10160000,297.0324683070052
10180000,298.0112406100858
10200000,295.78693485279433
10220000,297.75815297914625
10240000,296.56822567593264
10260000,295.03011455840164
10280000,298.07564619845004
10300000,298.0500862532341
10320000,296.18441921855856
10340000,298.74690711143734
10360000,297.6283707402466
10380000,297.5459383985721
10400000,297.4577025296269
10420000,296.61898231970423
10440000,296.80185574165546
10460000,296.0288564570037
10480000,296.05973206659684
10500000,296.964496626799
10520000,296.4027585834536
10540000,295.34568187017766
10560000,295.6020961646875
10580000,296.6049274880214
10600000,296.14788403275196
10620000,296.6239241659494
10640000,295.14617841129973
10660000,296.74715918656057
10680000,297.24717882194045
10700000,298.5278617161231
10720000,297.3548407988365
10740000,295.22728027849473
10760000,298.54725102737865
10780000,296.92805376559164
10800000,297.2260530780739
10820000,298.03318952495516
10840000,299.58318326872035
10860000,298.7528988898224
10880000,297.2282657636035
10900000,295.95931147131796
10920000,297.755226683153
10940000,296.09680809343166
10960000,295.5692360381156
10980000,297.9346555018603
11000000,297.46538693163876
11020000,296.9393000994236
11040000,295.58560041633103
11060000,295.38991026313624
11080000,295.02692180937805
11100000,296.93087709068305
11120000,295.9892876415235
11140000,297.18041846975376
11160000,297.05892385190407
11180000,297.01900893695966
11200000,297.5577071710276
11220000,295.69093522826654
11240000,297.47226063450375
11260000,295.97823302621117
11280000,296.4973454323996
11300000,296.41043225348415
11320000,295.5398682235378
11340000,298.4604528965742
11360000,296.43082413132225
11380000,298.165226711509
11400000,297.647160409146
11420000,297.257484163605
11440000,296.85160694519647
11460000,297.2135241870739
11480000,297.08888993876815
11500000,297.2806643243528
11520000,298.617923568506
11540000,297.2854341052215
11560000,297.37062760108597
11580000,296.3691051900827
11600000,297.8010149876414
11620000,296.3011063024836
11640000,297.0804051892609
11660000,296.6925999753755
11680000,296.4562200913383
11700000,297.293080894462
11720000,297.22875381194285
11740000,298.1382197539845
11760000,297.8703303671145
11780000,298.30999297581906
11800000,298.6231742642761
11820000,296.37799958292777
11840000,296.61415348052356
11860000,296.4260425901968
11880000,297.46992606983184
11900000,298.20755053726265
11920000,295.85946532994393
11940000,295.0336025080152
11960000,297.6827321009738
11980000,298.2609479629677
12000000,298.0826575668928
12020000,299.1802726440478
12040000,297.25629842258786
12060000,297.6538047761631
12080000,297.8923905398495
12100000,297.3140518986504
12120000,296.2529890085641
12140000,299.5589802898817
12160000,296.89726875010314
12180000,294.86974793208674
12200000,295.86507394031383
12220000,294.8269222862485
12240000,297.4007918785013
12260000,297.75718913975953
12280000,297.0881694636162
12300000,296.34726168834453
12320000,296.1806546101293
12340000,295.9812861710873
12360000,298.57521592692086
12380000,296.85761436964316
12400000,298.1863210534812
12420000,299.00296626058196
12440000,297.9928225252274
12460000,296.6165210705471
12480000,296.0311592662717
12500000,295.994229772225
12520000,298.6776949515753
12540000,295.97836751687134
12560000,298.2634343223361
12580000,298.01487347725816
12600000,300.4404066138729
12620000,296.26467096708865
12640000,299.5239448858002
12660000,298.15324979563724
12680000,296.7341908266049
12700000,295.62254870664566
12720000,295.9166860663356
12740000,294.89966286821283
12760000,298.9449292692762
12780000,298.85859451493104
12800000,298.80374779351223
12820000,296.43520901400433
12840000,295.21008185425006
12860000,299.8408593720591
12880000,295.6081825183583
12900000,296.65516127618145
12920000,295.98879749969274
12940000,298.5965531400516
12960000,298.88274895373894
12980000,296.92097394662136
13000000,299.0139781841182
13020000,296.97943300333117
13040000,296.0638283405511
13060000,295.84503258724334
13080000,296.3185771209872
13100000,298.2798376562069
13120000,294.11006498248116
13140000,296.04882108972686
13160000,297.37409595172306
13180000,296.04101634651295
13200000,296.2737820968831
13220000,295.07384082473214
13240000,296.55833400241715
13260000,297.03189856160685
13280000,297.0674012117087
13300000,293.31800222044234
13320000,298.13172308257606
13340000,297.79230884865996
13360000,298.7455663422426
13380000,295.67880798843976
13400000,296.8977026318803
13420000,297.19724069044196
13440000,298.1628961292696
13460000,298.0099238745175
13480000,296.9013919757457
13500000,297.82510541546435
13520000,296.87452186463906
13540000,296.2094877395144
13560000,296.14916064303526
13580000,297.43540329009915
13600000,296.2681858789331
13620000,296.2330815300601
13640000,297.619676553618
13660000,297.23341519160783
13680000,297.4943752570998
13700000,296.71061903309993
13720000,295.80343812848025
13740000,295.9569556327099
13760000,296.731557083713
13780000,296.90490481993504
13800000,297.7197936668836
13820000,297.4648659942321
13840000,295.6583428114114
13860000,295.94215911802365
13880000,297.05978584100916
13900000,298.9418695774471
13920000,299.51591835902497
13940000,298.08225489587886
13960000,296.99005913250915
13980000,297.1987996506919
14000000,297.4756128474063
14020000,298.4311754467175
14040000,297.357998261991
14060000,297.1123270705057
14080000,296.4138617530203
14100000,298.4295158957566
14120000,297.2001762703352
14140000,298.00448628920196
14160000,296.6486527062804
14180000,296.9526346452793
14200000,296.7485650977326
14220000,298.44890565467506
14240000,295.48406171801656
14260000,297.53382880825245
14280000,296.87405609690074
14300000,296.14879493119105
14320000,297.4429976719677
14340000,298.733206429924
14360000,299.51308637148816
14380000,299.4475022782451
14400000,297.6083185996455
14420000,295.528218847525
14440000,296.98888549598735
14460000,297.50482912524376
14480000,297.32053684602494
14500000,296.9773669578125
14520000,297.3565570045747
14540000,297.9844322209189
14560000,297.28244534372624
14580000,295.761566520824
14600000,298.0452465799156
14620000,298.5248550271411
14640000,296.6780939981465
14660000,297.53224793593125
14680000,295.75612571921005
14700000,297.8748724596105
14720000,296.9413214013662
14740000,296.9860499673231
14760000,295.4302668400945
14780000,298.10097606517644
14800000,296.54141338549044
14820000,297.45848549453297
14840000,297.48066503119065
14860000,299.8768565096102
14880000,297.20725345504684
14900000,297.43587589438334
14920000,296.1690970299535
14940000,295.7318892195255
14960000,295.67432721666916
14980000,298.508929944143
15000000,297.1686470451608
15020000,295.75394394559123
15040000,300.29850591740524
15060000,295.99485087728317
15080000,298.14727871795304
15100000,295.9071518578691
15120000,296.38639869534853
15140000,299.13518939784495
15160000,297.25203992756576
15180000,294.7690567566732
15200000,296.13908955042797
15220000,296.5965812257132
15240000,297.82211563956747
15260000,297.2119329690334
15280000,298.7483127895189
15300000,298.72715254969114
15320000,295.3470314104902
15340000,298.39514955350387
15360000,297.9606782823968
15380000,294.6080283913841
15400000,299.0750753653941
15420000,297.6314018152764
15440000,296.71541462300985
15460000,297.014629315956
15480000,298.3824386334808
15500000,298.1120745677523
15520000,296.1888619006403
15540000,297.90852485973693
15560000,298.6647330856542
15580000,297.0794815652472
15600000,298.40882194577523
15620000,296.6975097482731
15640000,297.95238646376896
15660000,296.5552991665406
15680000,300.469606873236
15700000,298.87730392850773
15720000,297.32763602396983
15740000,297.5618337404302
15760000,296.03595373565827
15780000,295.13555326661816
15800000,298.8353257088773
15820000,297.12397450450453
15840000,296.02854942660167
15860000,294.65919386593424
15880000,295.5126190152817
15900000,298.3021307508143
15920000,297.24988827201673
15940000,298.2655216285582
15960000,296.6930030633353
15980000,294.74541083339125
16000000,297.61199802620985
16020000,295.855067085384
16040000,297.4688720687336
16060000,296.07957259228
16080000,297.1465037017292
#"Step","Temperature (K)"
860000,297.4402799054518
880000,296.83974191818646
900000,297.0019504244155
920000,298.5528670509955
940000,296.7689751860096
960000,297.7606548595251
980000,296.9909955879966
1000000,297.2295966999633
1020000,298.56981929342743
1040000,297.6458115424371
1060000,297.11228575284156
1080000,296.41007304207267
1100000,298.73011953984957
1120000,298.232786075874
1140000,296.66621296597896
1160000,297.86076526385864
1180000,297.2574975713072
1200000,297.2986350776941
1220000,296.16672752743835
1240000,298.4784356232202
1260000,296.0194513500921
1280000,296.6693685287266
1300000,295.7095492014757
1320000,297.30383119984674
1340000,295.57664155899613
1360000,296.9232906444223
1380000,297.1827557661105
1400000,295.06549178535954
1420000,297.46095683781584
1440000,297.6272356039918
1460000,296.48353182887206
1480000,296.86127870203
1500000,295.98443827586095
1520000,296.766284623757
1540000,296.4607343969979
1560000,295.80149440605703
1580000,296.13836118605633
1600000,296.18488598598384
1620000,298.79492257138554
1640000,297.5408905386973
1660000,297.13068433247787
1680000,297.27290436064146
1700000,296.30442153042594
1720000,296.93429338513596
1740000,298.0177607816495
1760000,296.9639509081385
1780000,296.83458013007163
1800000,296.96276493756125
1820000,296.1951108933978
1840000,294.2749445071885
1860000,295.8252377482143
1880000,297.3510859796019
1900000,297.89537201844803
1920000,297.81557656524
1940000,296.7210600306206
1960000,297.12908969537386
1980000,297.3622642440287
2000000,297.60053758055346
2020000,297.28813620250963
2040000,296.92461905980366
2060000,295.91225051378666
2080000,297.23101495916137
2100000,297.3292548659783
2120000,296.04534596760664
2140000,296.6184809073249
2160000,294.5942084264126
2180000,296.96383380539544
2200000,296.1268535027459
2220000,295.37328266232186
2240000,296.58373274919586
2260000,296.9963134015968
2280000,296.9262550470017
2300000,298.67815402301534
2320000,298.7966833893322
2340000,298.0174941730243
2360000,297.7677907310567
2380000,298.1248956875316
2400000,297.4560443644358
2420000,298.3318962924701
2440000,299.15274740211163
2460000,296.92169754086564
2480000,300.87602623367553
2500000,298.1314766475502
2520000,297.53532329493174
2540000,295.3392036281184
2560000,295.39751676239206
2580000,298.5886390471116
2600000,295.3001813107655
2620000,296.69133954510335
2640000,296.5308182969482
2660000,294.1684797147638
2680000,294.75655540977186
2700000,298.29174785779566
2720000,296.27149737980454
2740000,297.23053960572054
2760000,295.0348342307496
2780000,296.5321785269322
2800000,296.5792259083292
2820000,296.97353909601946
2840000,295.7791256474375
2860000,297.5960439438199
2880000,296.34522474982833
2900000,297.89846616680694
2920000,297.3902651737427
2940000,298.24166428727807
2960000,297.36022577685276
2980000,297.5613578731713
3000000,298.85240979862004
3020000,297.3486651828467
3040000,297.54351956991985
3060000,297.79085527145503
3080000,297.8456436049518
3100000,296.0092953121372
3120000,295.9474033642286
3140000,295.3827556994721
3160000,298.06415406124864
3180000,297.48064318754837
3200000,296.23531137295737
3220000,297.87902931588417
3240000,297.85423183515496
3260000,295.0269291364791
3280000,298.42491410855075
3300000,294.8164958936082
3320000,299.6851144907279
3340000,296.08182389795866
3360000,293.5987626315078
3380000,296.01671864997934
3400000,299.37744216326973
3420000,298.61174792705214
3440000,296.97520580811505
3460000,298.2619152088388
3480000,296.569163187352
3500000,297.6220769171846
3520000,296.6422897517521
3540000,298.3576244081654
3560000,297.24609293508155
3580000,297.86826849309324
3600000,296.28468131000557
3620000,294.98410002726285
3640000,295.68029070446534
3660000,296.27482898820426
3680000,295.69303705035077
3700000,297.75184027255233
3720000,298.0654730851927
3740000,297.741918039947
3760000,298.0359418000646
3780000,296.05964199727606
3800000,295.7662304576788
3820000,298.2112815126677
3840000,297.96901572626655
3860000,300.31743066694395
3880000,297.51817433685636
3900000,296.42816567863514
3920000,299.4252348539005
3940000,295.5776455222986
3960000,295.74495348892685
3980000,295.86782705641434
4000000,298.4635819397276
4020000,296.23284017695465
4040000,294.6295864086106
4060000,297.6786338891413
4080000,299.0935180641696
4100000,296.51125722764993
4120000,294.4567860353747
4140000,296.7120651371468
4160000,297.5034435862927
4180000,295.2470739172292
4200000,296.7739158180134
4220000,298.8592176202258
4240000,295.89953548084753
4260000,296.8213008267346
4280000,297.8912528467952
4300000,298.2181567914193
4320000,296.8040772875023
4340000,297.5914853150982
4360000,297.28118532368165
4380000,296.73105513835054
4400000,296.51864993320066
4420000,296.0431389438846
4440000,295.29317859016413
4460000,297.2366748327245
4480000,296.8129815961909
4500000,295.7248239823124
4520000,297.4534080496673
4540000,298.3381760403286
4560000,296.98276824935186
4580000,294.7675079567323
4600000,297.4114924176836
4620000,296.74612357428373
4640000,296.98769403886797
4660000,298.53812386582564
4680000,296.67394391659417
4700000,297.28562658836563
4720000,297.0224966479859
4740000,296.7868215315969
4760000,296.64167230712775
4780000,296.81993230808064
4800000,296.08503764577796
4820000,296.8197508800842
4840000,295.5466721260789
4860000,297.3806208290683
4880000,297.51205384592964
4900000,295.411280925232
4920000,297.7670096293534
4940000,295.632126210641
4960000,297.4549985257655
4980000,296.8114663112943
5000000,296.0001618659379
5020000,296.6410738770793
5040000,296.00115352733366
5060000,297.89600335896097
5080000,295.28207393682607
5100000,296.9544122353437
5120000,295.34994526818053
5140000,296.81407948202207
5160000,295.6206300081516
5180000,296.3719914776901
5200000,295.18714138954044
5220000,297.6437707559039
5240000,298.1532418780581
5260000,294.8265215069501
5280000,296.32896091520195
5300000,295.79106398750247
5320000,297.67780100762064
5340000,296.47954198002907
5360000,297.1520715431258
5380000,297.62904206678337
5400000,298.7098132607069
5420000,297.2796111255178
5440000,297.7041780943775
5460000,297.57236193975336
5480000,296.1866387434195
5500000,298.58176211900894
5520000,297.9305684103927
5540000,296.69770284240343
5560000,296.7254407835408
5580000,295.95596872000965
5600000,293.5831713985198
#"Step","Temperature (K)"
860000,297.5953003528305
880000,297.93849241320953
900000,297.5901166336839
920000,296.4807387627192
940000,297.0006951756107
960000,298.20604181012897
980000,296.7165306057104
1000000,296.59924149376457
1020000,297.91972898669405
1040000,297.6207781066978
1060000,297.9082941476348
1080000,297.5045783052736
1100000,297.63491001358847
1120000,296.09804928018974
1140000,294.7302713985833
1160000,297.3228279528732
1180000,295.87737605520243
1200000,297.1593396859756
1220000,297.596726134522
1240000,297.68441310735324
1260000,295.8234511396682
1280000,294.75048251886807
1300000,298.2337345041195
1320000,296.83736538059145
1340000,297.843698418471
1360000,296.8003318255098
1380000,296.531505083165
1400000,298.2795252827273
1420000,296.68231010973005
1440000,295.9685807475509
1460000,295.85991118221295
1480000,296.94983814837616
1500000,298.02030742058713
1520000,295.3139716090546
1540000,295.71617738841655
1560000,296.9256859201037
1580000,295.6629928817917
1600000,295.35330604696037
1620000,296.5549020945699
1640000,296.2924516237004
1660000,296.5106990571762
1680000,296.34676603199983
1700000,297.0742362650202
1720000,297.0501060112069
1740000,298.91810558407155
1760000,298.0894389024815
1780000,295.29599896366267
1800000,296.01214144240663
1820000,297.9958402827244
1840000,298.414258119063
1860000,294.993021101756
1880000,294.05073560017325
1900000,297.32259081981744
1920000,297.20916757324096
1940000,298.0592275000359
1960000,297.7165744913127
1980000,299.2191789483494
2000000,298.8634293211824
2020000,298.520318166526
2040000,298.6316647036516
2060000,294.1222360268768
2080000,297.68860679262343
2100000,296.3923762172385
2120000,298.77845448942605
2140000,296.48352424837594
2160000,296.2907896382524
2180000,296.5982115142508
2200000,297.4167505099097
2220000,297.0667405990826
2240000,297.9960087926728
2260000,297.4276608155877
2280000,296.90093771317754
2300000,298.7484963282233
2320000,297.4560009698715
2340000,298.1282595388486
2360000,294.87512250556307
2380000,295.9022648423158
2400000,296.5784030430986
2420000,297.17239998680026
2440000,298.59748504808954
2460000,295.0984567027509
2480000,298.5400920081436
2500000,297.6180874457662
2520000,299.1405209327086
2540000,297.39886594334774
2560000,296.0731809512881
2580000,298.96677367413054
2600000,296.2035711630646
2620000,297.5995649550638
2640000,296.7510588914544
2660000,296.5310901668118
2680000,299.4244641130545
2700000,296.39272100380225
2720000,296.4232390837507
2740000,297.3909572440462
2760000,297.93517939333935
2780000,296.1476083173203
2800000,297.96871442050104
2820000,294.9694233637411
2840000,297.1328207652498
2860000,298.703499044206
2880000,297.22196514290647
2900000,298.61981596364393
2920000,300.18505846792357
2940000,295.8695575207829
2960000,297.7203798789882
2980000,295.3595269376354
3000000,297.6276274928681
3020000,298.2974297462955
3040000,296.90279666053647
3060000,296.33032860659335
3080000,297.9335390409211
3100000,297.73277710727126
3120000,295.2427065742764
3140000,297.9658931986693
3160000,297.42809544665135
3180000,296.09639991754176
3200000,296.17559762345286
3220000,295.12584067923484
3240000,296.2420543160485
3260000,298.2430121850018
3280000,296.5606941473859
3300000,297.43657659352317
3320000,296.53122098913417
3340000,295.11603681563713
3360000,297.6175558537354
3380000,296.65863103904917
3400000,295.6755474751011
3420000,296.7181550307316
3440000,296.2041090392445
3460000,294.52813524438983
3480000,297.8806821873397
3500000,297.4982593123979
3520000,299.3672175724594
3540000,296.2257917181051
3560000,296.098859698117
3580000,297.0392991816518
3600000,297.1260349208348
3620000,298.6682000108673
3640000,296.8486787290042
3660000,296.02051201662925
3680000,298.66656405025805
3700000,297.26384019019383
3720000,296.33363412645906
3740000,298.519287143005
3760000,294.1011201781024
3780000,296.4999448859807
3800000,297.4825865104029
3820000,296.3690190890251
3840000,298.6680974091003
3860000,298.25977689411604
3880000,297.52091913513306
3900000,296.1759173657539
3920000,298.97389202850934
3940000,296.65791717598114
3960000,297.6652469113563
3980000,296.173937135447
4000000,296.70168154806026
4020000,298.77096684440346
4040000,296.2794377948137
4060000,296.4213142645346
4080000,295.28349397878696
4100000,297.41488966311687
4120000,296.7059122470358
4140000,297.83331437772773
4160000,297.47284738859275
4180000,299.9867869753569
4200000,297.7007988772834
4220000,296.75192073886103
4240000,297.37801333386216
4260000,296.8960207431584
4280000,295.92421461385385
4300000,299.2685491587915
4320000,295.7982402934072
4340000,295.8037300368198
4360000,298.12489981590414
4380000,296.9549737560129
4400000,297.1820214667174
4420000,296.39794437316425
4440000,297.448253836767
4460000,298.01031966580103
4480000,299.39862219644203
4500000,298.1485958366321
4520000,296.55873145799114
4540000,297.56639319501517
4560000,297.2843090376291
4580000,297.7729564818552
4600000,296.1127375723808
4620000,295.1978668246215
4640000,297.8289360740806
4660000,296.13784068933745
4680000,296.17049148686965
4700000,297.6730830909782
4720000,298.9902650678776
4740000,296.8113556646134
4760000,297.37490205205467
4780000,296.7744908422224
4800000,297.85781010337723
4820000,296.9260876925965
4840000,297.72074751099376
4860000,297.083796214575
4880000,295.0217623341316
4900000,295.9413817996761
4920000,296.926485166256
4940000,296.72161735747744
4960000,297.1511834471792
4980000,295.9449751243646
5000000,295.19467860270316
5020000,296.29651033192926
5040000,298.4824686240983
5060000,297.1228497632564
5080000,299.95844378586173
5100000,297.3985423915512
5120000,296.5847821469955
5140000,297.4343271432586
5160000,297.454705006317
5180000,297.8082746078816
5200000,296.8658207361219
5220000,297.64330536742943
5240000,298.88938536912855
5260000,296.4668820512379
5280000,296.64558500921146
5300000,298.0752328352375
5320000,296.69208891871915
5340000,294.56758007641844
5360000,298.72884325676705
5380000,298.49986347357054
5400000,298.3460169602822
5420000,293.78089046696476
5440000,295.90052911471804
5460000,295.86053634916567
5480000,298.02019857132007
5500000,296.1649551494973
5520000,295.5319964798959
5540000,297.7142157507338
5560000,297.55008089389383
5580000,297.3644517008233
5600000,297.5919009123734
5620000,297.456539275104
5640000,295.8525393714854
5660000,298.8687842946763
5680000,297.91021600592904
5700000,297.760971114708
5720000,296.8052151427492
5740000,295.1660218416685
5760000,297.38275074666103
5780000,295.6410407253331
5800000,295.80656414377927
5820000,297.1607832907467
5840000,296.33847169344455
5860000,297.9779367000747
5880000,296.7838129466996
5900000,295.8221591829104
5920000,298.5079295615378
5940000,296.47218983223877
5960000,296.8197771071687
5980000,297.1766909460536
6000000,296.07778882172653
6020000,297.55278302288605
6040000,298.7632488207422
6060000,297.3855757051676
6080000,296.48565817150086
6100000,297.76121292849183
6120000,297.2012516312558
6140000,297.4468941277243
6160000,297.8009498330598
6180000,297.3712701300351
6200000,297.69649279344384
6220000,298.35616295997994
6240000,299.5440061708898
6260000,297.49068931018166
6280000,297.254647301759
6300000,296.8874174991085
6320000,296.8783785805215
6340000,295.65365187070415
6360000,296.8781560810275
6380000,297.10242158042513
6400000,295.17217349457854
6420000,295.50225728982895
6440000,296.3287882040456
6460000,295.618591464361
6480000,296.94919729452
6500000,295.72810793133993
6520000,297.3449004548303
6540000,296.15527883872335
6560000,298.1885206000407
6580000,297.65233534114645
6600000,298.1778389600924
6620000,298.6463581698383
6640000,298.6853348791194
6660000,295.4701724356178
6680000,299.55713742612676
6700000,296.3574666727177
6720000,296.18643362452076
6740000,297.98318052251983
6760000,295.91768937251413
6780000,297.6029261869233
6800000,295.3739537583324
6820000,299.7725903211425
6840000,297.6972380934373
6860000,296.412288357478
6880000,296.9038136649201
6900000,296.3464620149032
6920000,298.24893874019716
6940000,297.0877935939729
6960000,293.82507828846616
6980000,295.8578161305148
7000000,298.6894761713144
7020000,295.9999973905978
7040000,297.4419706805391
7060000,297.9586062671816
7080000,297.5110166827246
7100000,297.51757580724353
7120000,296.5593171889074
7140000,297.540708875715
7160000,295.95407935564805
7180000,295.7956339292948
7200000,297.5026744490087
7220000,294.6638259048195
7240000,296.6478794638737
7260000,296.00441064396813
7280000,296.3814445170851
7300000,294.5943800551575
7320000,296.3014298215129
7340000,295.86261929999785
7360000,297.7729115800606
7380000,295.82744260175224
7400000,297.1480639840619
7420000,296.68864077373604
7440000,297.10054904784664
7460000,297.65918432403686
7480000,295.79694554585313
7500000,296.75359922892113
7520000,295.6241508979537
7540000,297.04696055325667
7560000,296.1810979975055
7580000,296.5240174983602
7600000,297.44730151194256
7620000,297.02097727832836
7640000,294.95824893079464
7660000,298.27957349464776
7680000,296.47767102343334
7700000,297.98751587910647
7720000,296.735440118083
7740000,297.20397431245954
7760000,297.3585986010544
7780000,295.69426566586225
7800000,296.16924562159295
7820000,297.6011794748333
7840000,297.26715352137387
7860000,297.85659618854464
7880000,296.02637860034196
7900000,297.60265553586873
7920000,298.3673193317457
7940000,296.4417453536026
7960000,297.47926440449436
7980000,294.3804120102133
8000000,296.7162318037076
8020000,295.2913076492609
8040000,296.06435566981025
8060000,297.2020361461316
8080000,296.5359339707703
8100000,297.17538030862914
8120000,296.97937612799706
8140000,296.79960310087534
8160000,297.58858978091433
8180000,297.8974384308507
8200000,297.73961953876363
8220000,297.2111991886655
8240000,296.91215382734435
8260000,297.9233019004333
8280000,296.09711455997706
8300000,297.5308629650269
8320000,297.00200419070785
8340000,295.8183461786024
8360000,297.74287829999565
8380000,296.9071502344568
8400000,298.58955791527694
8420000,298.11358038045904
8440000,296.23745952897525
8460000,295.9530631734716
8480000,296.97411896730875
8500000,298.3617617016249
8520000,296.1182410617093
8540000,295.67044420987725
8560000,297.05989827440504
8580000,295.9449423205143
8600000,297.93442191766536
8620000,298.3690643121085
8640000,297.0861812954252
8660000,296.5167771316438
8680000,295.13661856384135
8700000,297.254607404375
8720000,299.4302352489354
8740000,297.56114381526874
8760000,297.0844770718397
8780000,297.36642500434283
8800000,296.6117504161072
8820000,296.4767904193081
8840000,296.9352983839485
8860000,297.1347165733908
8880000,297.5511969586073
8900000,297.42262460492026
8920000,296.80134555622277
8940000,299.06203558105204
8960000,297.71464273524265
8980000,296.2577200737055
9000000,297.8592960793852
9020000,297.42981595808834
9040000,298.5093928419264
9060000,298.34314324653803
9080000,295.1649113173518
9100000,297.41154895238435
9120000,297.09848948484444
9140000,296.6098795443654
9160000,295.780877358714
9180000,297.84689494177854
9200000,297.4537704042406
9220000,297.78060688001153
9240000,297.65162901556835
9260000,295.3423868800546
9280000,297.17404719512007
9300000,295.53144632933044
9320000,298.26309906764345
9340000,295.8956904823432
9360000,297.0927054152664
9380000,299.335707506111
9400000,298.1549730724946
9420000,295.40994095353886
9440000,295.1738294800818
9460000,295.91257967335747
9480000,295.38736487781324
9500000,296.54334273015576
9520000,296.6302954290812
9540000,297.9327920496423
9560000,296.35454626238237
9580000,296.4884019711783
9600000,298.0786878721307
9620000,296.78103667897
9640000,300.8246269879697
9660000,297.1501289493282
9680000,296.99233911104886
9700000,299.74624033886533
9720000,294.52872096575976
