6 298.150000 1.000000 0.100000 0.500000 0.100000 110.000000 0.000000 -206993.513487 12.162515 25.282007
8 298.150000 1.000000 0.300000 0.500000 0.100000 110.000000 0.000000 -207559.077251 2.805821 25.406397
9 298.150000 1.000000 0.400000 0.500000 0.100000 110.000000 0.000000 -207677.757049 -4.309796 25.400477
11 298.150000 -1.000000 0.500000 0.500000 0.100000 110.000000 0.000000 -207242.706859 -4.405224 25.560728
10 298.150000 1.000000 0.500000 0.500000 0.100000 110.000000 0.000000 -207207.501526 7.549012 25.508528
9 298.150000 1.000000 0.400000 0.500000 0.100000 110.000000 0.000000 -207413.852765 -3.051826 25.511604
10 298.150000 1.000000 0.500000 0.500000 0.100000 110.000000 0.000000 -207330.621958 -2.750570 25.695267
10 298.150000 1.000000 0.500000 0.500000 0.100000 110.000000 0.000000 -207467.232335 1.088987 25.715265
10 298.150000 1.000000 0.500000 0.500000 0.100000 110.000000 0.000000 -207682.880837 -5.267533 25.581055
10 298.150000 1.000000 0.500000 0.500000 0.100000 110.000000 0.000000 -207139.061671 -2.080788 25.497953
8 298.150000 1.000000 0.300000 0.500000 0.100000 110.000000 0.000000 -207117.080105 0.980015 25.489167
8 298.150000 1.000000 0.300000 0.500000 0.100000 110.000000 0.000000 -207301.625485 -1.741530 25.112879
10 298.150000 1.000000 0.500000 0.500000 0.100000 110.000000 0.000000 -207799.479012 -5.595243 25.680143
9 298.150000 1.000000 0.400000 0.500000 0.100000 110.000000 0.000000 -207323.071751 -3.129542 25.583242
10 298.150000 1.000000 0.500000 0.500000 0.100000 110.000000 0.000000 -207616.414431 -5.262725 25.608338
11 298.150000 -1.000000 0.500000 0.500000 0.100000 110.000000 0.000000 -207398.730757 0.907993 25.248072
14 298.150000 -1.000000 0.200000 0.500000 0.100000 110.000000 0.000000 -207636.579249 3.739924 25.290388
14 298.150000 -1.000000 0.200000 0.500000 0.100000 110.000000 0.000000 -207191.602053 7.107404 25.583378
12 298.150000 -1.000000 0.400000 0.500000 0.100000 110.000000 0.000000 -207750.732126 0.496248 25.180336
12 298.150000 -1.000000 0.400000 0.500000 0.100000 110.000000 0.000000 -207205.278991 1.253773 25.585761
13 298.150000 -1.000000 0.300000 0.500000 0.100000 110.000000 0.000000 -207726.133286 6.484001 25.249114
14 298.150000 -1.000000 0.200000 0.500000 0.100000 110.000000 0.000000 -206970.441674 13.266126 25.480748
14 298.150000 -1.000000 0.200000 0.500000 0.100000 110.000000 0.000000 -207577.660234 9.811606 25.441393
13 298.150000 -1.000000 0.300000 0.500000 0.100000 110.000000 0.000000 -207549.464795 4.962564 25.321956
13 298.150000 -1.000000 0.300000 0.500000 0.100000 110.000000 0.000000 -207606.824471 2.419324 25.389188
10 298.150000 1.000000 0.500000 0.500000 0.100000 110.000000 0.000000 -207334.085529 6.727590 25.279936
9 298.150000 1.000000 0.400000 0.500000 0.100000 110.000000 0.000000 -207289.207404 3.507195 25.407171
11 298.150000 -1.000000 0.500000 0.500000 0.100000 110.000000 0.000000 -207542.988540 3.006779 25.526874
8 298.150000 1.000000 0.300000 0.500000 0.100000 110.000000 0.000000 -208046.205903 5.268051 24.975695
9 298.150000 1.000000 0.400000 0.500000 0.100000 110.000000 0.000000 -207313.032639 3.383150 25.666955
9 298.150000 1.000000 0.400000 0.500000 0.100000 110.000000 0.000000 -207062.717471 4.533820 25.406424
11 298.150000 -1.000000 0.500000 0.500000 0.100000 110.000000 0.000000 -206959.082981 4.677501 25.158488
11 298.150000 -1.000000 0.500000 0.500000 0.100000 110.000000 0.000000 -207302.143962 0.034374 25.349215
11 298.150000 -1.000000 0.500000 0.500000 0.100000 110.000000 0.000000 -207219.292133 0.241660 25.535574
11 298.150000 -1.000000 0.500000 0.500000 0.100000 110.000000 0.000000 -207176.826712 2.626716 25.411329
11 298.150000 -1.000000 0.500000 0.500000 0.100000 110.000000 0.000000 -207464.281077 7.189402 25.443146
9 298.150000 1.000000 0.400000 0.500000 0.100000 110.000000 0.000000 -207449.835938 8.841209 24.993175
9 298.150000 1.000000 0.400000 0.500000 0.100000 110.000000 0.000000 -207181.812409 8.162293 25.548129
8 298.150000 1.000000 0.300000 0.500000 0.100000 110.000000 0.000000 -207330.780622 1.718181 25.380080
7 298.150000 1.000000 0.200000 0.500000 0.100000 110.000000 0.000000 -207373.618124 6.227568 25.455806
7 298.150000 1.000000 0.200000 0.500000 0.100000 110.000000 0.000000 -207563.979984 10.387874 25.465022
6 298.150000 1.000000 0.100000 0.500000 0.100000 110.000000 0.000000 -207650.352143 29.522827 25.855115
6 298.150000 1.000000 0.100000 0.500000 0.100000 110.000000 0.000000 -207668.082869 15.274599 24.173009
7 298.150000 1.000000 0.200000 0.500000 0.100000 110.000000 0.000000 -207434.041781 9.328693 25.439581
6 298.150000 1.000000 0.100000 0.500000 0.100000 110.000000 0.000000 -207195.505020 21.381859 25.479404
7 298.150000 1.000000 0.200000 0.500000 0.100000 110.000000 0.000000 -207208.020864 9.935358 25.513057
7 298.150000 1.000000 0.200000 0.500000 0.100000 110.000000 0.000000 -207533.815582 10.304765 25.189663
7 298.150000 1.000000 0.200000 0.500000 0.100000 110.000000 0.000000 -207476.928582 15.570986 24.435701
7 298.150000 1.000000 0.200000 0.500000 0.100000 110.000000 0.000000 -207532.217420 9.518375 25.382634
7 298.150000 1.000000 0.200000 0.500000 0.100000 110.000000 0.000000 -207022.937508 12.895578 25.350821
7 298.150000 1.000000 0.200000 0.500000 0.100000 110.000000 0.000000 -207685.747423 3.989977 25.579305
8 298.150000 1.000000 0.300000 0.500000 0.100000 110.000000 0.000000 -207622.617908 2.888579 25.545371
10 298.150000 1.000000 0.500000 0.500000 0.100000 110.000000 0.000000 -207825.787217 -4.551141 25.583309
10 298.150000 1.000000 0.500000 0.500000 0.100000 110.000000 0.000000 -207423.700066 -2.893313 25.567248
9 298.150000 1.000000 0.400000 0.500000 0.100000 110.000000 0.000000 -207368.469227 -1.300899 25.592681
9 298.150000 1.000000 0.400000 0.500000 0.100000 110.000000 0.000000 -207244.278932 8.881514 25.307497
7 298.150000 1.000000 0.200000 0.500000 0.100000 110.000000 0.000000 -207377.244348 10.566384 25.787675
6 298.150000 1.000000 0.100000 0.500000 0.100000 110.000000 0.000000 -207387.506244 18.072280 25.531490
6 298.150000 1.000000 0.100000 0.500000 0.100000 110.000000 0.000000 -207463.614872 19.196996 25.775871
6 298.150000 1.000000 0.100000 0.500000 0.100000 110.000000 0.000000 -207362.968126 17.433981 25.692265
6 298.150000 1.000000 0.100000 0.500000 0.100000 110.000000 0.000000 -207359.646150 12.102653 25.558344
7 298.150000 1.000000 0.200000 0.500000 0.100000 110.000000 0.000000 -206988.131104 6.227044 25.442360
9 298.150000 1.000000 0.400000 0.500000 0.100000 110.000000 0.000000 -207517.353370 4.658393 25.656103
9 298.150000 1.000000 0.400000 0.500000 0.100000 110.000000 0.000000 -207577.732538 0.950233 25.271982
9 298.150000 1.000000 0.400000 0.500000 0.100000 110.000000 0.000000 -207169.671019 5.137937 24.933324
9 298.150000 1.000000 0.400000 0.500000 0.100000 110.000000 0.000000 -207230.179181 -2.193538 25.542264
8 298.150000 1.000000 0.300000 0.500000 0.100000 110.000000 0.000000 -207426.921896 4.190808 25.539271
8 298.150000 1.000000 0.300000 0.500000 0.100000 110.000000 0.000000 -207414.415519 18.355693 25.516448
6 298.150000 1.000000 0.100000 0.500000 0.100000 110.000000 0.000000 -207532.725502 12.167448 25.786279
7 298.150000 1.000000 0.200000 0.500000 0.100000 110.000000 0.000000 -207479.177633 4.524193 25.763682
7 298.150000 1.000000 0.200000 0.500000 0.100000 110.000000 0.000000 -207355.971766 10.356282 25.761390
7 298.150000 1.000000 0.200000 0.500000 0.100000 110.000000 0.000000 -207438.997768 14.343555 25.701957
7 298.150000 1.000000 0.200000 0.500000 0.100000 110.000000 0.000000 -207382.644601 16.529524 25.062526
7 298.150000 1.000000 0.200000 0.500000 0.100000 110.000000 0.000000 -207495.368187 18.030310 25.646757
7 298.150000 1.000000 0.200000 0.500000 0.100000 110.000000 0.000000 -207671.989682 26.258271 25.730640
7 298.150000 1.000000 0.200000 0.500000 0.100000 110.000000 0.000000 -207581.731146 9.078083 25.584083
7 298.150000 1.000000 0.200000 0.500000 0.100000 110.000000 0.000000 -207776.537181 2.314375 25.342381
8 298.150000 1.000000 0.300000 0.500000 0.100000 110.000000 0.000000 -207069.543253 4.573514 25.496300
8 298.150000 1.000000 0.300000 0.500000 0.100000 110.000000 0.000000 -207610.701053 4.831796 25.706385
8 298.150000 1.000000 0.300000 0.500000 0.100000 110.000000 0.000000 -207394.651481 13.633534 25.671220
7 298.150000 1.000000 0.200000 0.500000 0.100000 110.000000 0.000000 -206982.142077 11.436033 25.851270
9 298.150000 1.000000 0.400000 0.500000 0.100000 110.000000 0.000000 -207568.480957 3.902438 25.671547
10 298.150000 1.000000 0.500000 0.500000 0.100000 110.000000 0.000000 -207451.003787 -3.518859 25.643899
11 298.150000 -1.000000 0.500000 0.500000 0.100000 110.000000 0.000000 -207152.599703 4.377651 25.467768
11 298.150000 -1.000000 0.500000 0.500000 0.100000 110.000000 0.000000 -207325.841827 -4.530581 25.396961
11 298.150000 -1.000000 0.500000 0.500000 0.100000 110.000000 0.000000 -207829.361724 -4.538361 25.444991
11 298.150000 -1.000000 0.500000 0.500000 0.100000 110.000000 0.000000 -207283.517024 -5.901038 25.510743
11 298.150000 -1.000000 0.500000 0.500000 0.100000 110.000000 0.000000 -207699.515777 -1.472177 25.395260
11 298.150000 -1.000000 0.500000 0.500000 0.100000 110.000000 0.000000 -207562.819470 -0.056912 25.591361
11 298.150000 -1.000000 0.500000 0.500000 0.100000 110.000000 0.000000 -207442.860672 1.037984 25.633341
11 298.150000 -1.000000 0.500000 0.500000 0.100000 110.000000 0.000000 -207349.947588 -4.295899 25.587092
11 298.150000 -1.000000 0.500000 0.500000 0.100000 110.000000 0.000000 -207176.403602 2.080591 25.376079
11 298.150000 -1.000000 0.500000 0.500000 0.100000 110.000000 0.000000 -207752.900061 1.522259 25.591678
8 298.150000 1.000000 0.300000 0.500000 0.100000 110.000000 0.000000 -207208.712620 2.074234 25.727541
9 298.150000 1.000000 0.400000 0.500000 0.100000 110.000000 0.000000 -207920.066369 0.829240 25.547583
10 298.150000 1.000000 0.500000 0.500000 0.100000 110.000000 0.000000 -207514.397255 3.993868 25.683233
10 298.150000 1.000000 0.500000 0.500000 0.100000 110.000000 0.000000 -207281.900741 4.291393 25.853831
9 298.150000 1.000000 0.400000 0.500000 0.100000 110.000000 0.000000 -207531.202015 6.265530 25.633754
9 298.150000 1.000000 0.400000 0.500000 0.100000 110.000000 0.000000 -207225.575067 2.921202 25.718429
8 298.150000 1.000000 0.300000 0.500000 0.100000 110.000000 0.000000 -207090.492654 2.144090 25.808732
9 298.150000 1.000000 0.400000 0.500000 0.100000 110.000000 0.000000 -207739.738882 2.987532 25.570486
9 298.150000 1.000000 0.400000 0.500000 0.100000 110.000000 0.000000 -207299.018990 3.097300 25.700237
9 298.150000 1.000000 0.400000 0.500000 0.100000 110.000000 0.000000 -207726.385243 5.042580 25.829261
9 298.150000 1.000000 0.400000 0.500000 0.100000 110.000000 0.000000 -207080.624520 12.137585 25.659241
9 298.150000 1.000000 0.400000 0.500000 0.100000 110.000000 0.000000 -207260.990038 3.661896 25.351988
9 298.150000 1.000000 0.400000 0.500000 0.100000 110.000000 0.000000 -207560.927380 -3.794772 25.176842
9 298.150000 1.000000 0.400000 0.500000 0.100000 110.000000 0.000000 -207424.084048 10.246118 24.818116
8 298.150000 1.000000 0.300000 0.500000 0.100000 110.000000 0.000000 -207439.354472 -11.455038 25.700216
10 298.150000 1.000000 0.500000 0.500000 0.100000 110.000000 0.000000 -207255.212463 5.529414 25.703172
10 298.150000 1.000000 0.500000 0.500000 0.100000 110.000000 0.000000 -207632.423041 5.422851 25.667820
10 298.150000 1.000000 0.500000 0.500000 0.100000 110.000000 0.000000 -207587.249784 -0.887758 25.386391
9 298.150000 1.000000 0.400000 0.500000 0.100000 110.000000 0.000000 -207391.701923 3.438765 25.608553
8 298.150000 1.000000 0.300000 0.500000 0.100000 110.000000 0.000000 -207527.037503 1.267080 25.804495
9 298.150000 1.000000 0.400000 0.500000 0.100000 110.000000 0.000000 -207501.646976 9.359739 25.087669
10 298.150000 1.000000 0.500000 0.500000 0.100000 110.000000 0.000000 -207538.963889 6.589501 25.337372
8 298.150000 1.000000 0.300000 0.500000 0.100000 110.000000 0.000000 -207176.217054 6.817821 25.432035
8 298.150000 1.000000 0.300000 0.500000 0.100000 110.000000 0.000000 -207357.910039 2.649852 25.642545
8 298.150000 1.000000 0.300000 0.500000 0.100000 110.000000 0.000000 -207554.866695 5.707681 25.641138
7 298.150000 1.000000 0.200000 0.500000 0.100000 110.000000 0.000000 -207420.706209 14.206586 25.478303
6 298.150000 1.000000 0.100000 0.500000 0.100000 110.000000 0.000000 -207493.371538 24.825285 25.682390
6 298.150000 1.000000 0.100000 0.500000 0.100000 110.000000 0.000000 -207400.221467 31.437052 25.441092
6 298.150000 1.000000 0.100000 0.500000 0.100000 110.000000 0.000000 -207242.168567 2.850301 25.552995
6 298.150000 1.000000 0.100000 0.500000 0.100000 110.000000 0.000000 -206876.746080 38.752658 25.600027
6 298.150000 1.000000 0.100000 0.500000 0.100000 110.000000 0.000000 -207643.264811 10.604125 25.311976
13 298.150000 -1.000000 0.300000 0.500000 0.100000 110.000000 0.000000 -207251.011578 8.250018 25.173732
11 298.150000 -1.000000 0.500000 0.500000 0.100000 110.000000 0.000000 -207787.379802 7.693263 25.526923
10 298.150000 1.000000 0.500000 0.500000 0.100000 110.000000 0.000000 -207515.040018 2.168897 25.163613
9 298.150000 1.000000 0.400000 0.500000 0.100000 110.000000 0.000000 -207400.373559 5.750262 25.188896
7 298.150000 1.000000 0.200000 0.500000 0.100000 110.000000 0.000000 -207524.794411 -1.932961 25.325745
9 298.150000 1.000000 0.400000 0.500000 0.100000 110.000000 0.000000 -207431.362257 2.224659 24.823928
9 298.150000 1.000000 0.400000 0.500000 0.100000 110.000000 0.000000 -207764.309814 3.501311 25.567518
7 298.150000 1.000000 0.200000 0.500000 0.100000 110.000000 0.000000 -207310.692957 19.184722 25.639891
8 298.150000 1.000000 0.300000 0.500000 0.100000 110.000000 0.000000 -207656.866813 3.217266 25.515418
9 298.150000 1.000000 0.400000 0.500000 0.100000 110.000000 0.000000 -207185.382997 9.753782 25.574251
7 298.150000 1.000000 0.200000 0.500000 0.100000 110.000000 0.000000 -207402.936582 9.518220 25.658367
7 298.150000 1.000000 0.200000 0.500000 0.100000 110.000000 0.000000 -207619.371357 3.813599 25.506552
7 298.150000 1.000000 0.200000 0.500000 0.100000 110.000000 0.000000 -207413.277080 10.724712 25.055177
8 298.150000 1.000000 0.300000 0.500000 0.100000 110.000000 0.000000 -207409.727633 -0.687389 25.551864
8 298.150000 1.000000 0.300000 0.500000 0.100000 110.000000 0.000000 -207503.974335 -2.614728 25.052863
9 298.150000 1.000000 0.400000 0.500000 0.100000 110.000000 0.000000 -207444.052497 -0.163722 25.546097
9 298.150000 1.000000 0.400000 0.500000 0.100000 110.000000 0.000000 -207417.944469 -3.747240 25.189138
10 298.150000 1.000000 0.500000 0.500000 0.100000 110.000000 0.000000 -207519.722853 -6.358990 25.734452
11 298.150000 -1.000000 0.500000 0.500000 0.100000 110.000000 0.000000 -207155.289287 -8.690820 25.233794
10 298.150000 1.000000 0.500000 0.500000 0.100000 110.000000 0.000000 -207740.342591 -5.357412 25.042200
10 298.150000 1.000000 0.500000 0.500000 0.100000 110.000000 0.000000 -207774.150733 11.506579 25.248766
10 298.150000 1.000000 0.500000 0.500000 0.100000 110.000000 0.000000 -207668.583321 2.028659 25.586250
8 298.150000 1.000000 0.300000 0.500000 0.100000 110.000000 0.000000 -207654.956976 8.493030 25.380999
9 298.150000 1.000000 0.400000 0.500000 0.100000 110.000000 0.000000 -207640.175207 3.131021 25.588501
8 298.150000 1.000000 0.300000 0.500000 0.100000 110.000000 0.000000 -207249.028481 3.671166 25.189319
8 298.150000 1.000000 0.300000 0.500000 0.100000 110.000000 0.000000 -207201.681632 5.218739 25.618451
9 298.150000 1.000000 0.400000 0.500000 0.100000 110.000000 0.000000 -207122.269647 4.849462 25.556856
8 298.150000 1.000000 0.300000 0.500000 0.100000 110.000000 0.000000 -207615.533872 -0.259040 25.390992
8 298.150000 1.000000 0.300000 0.500000 0.100000 110.000000 0.000000 -207857.559738 3.385684 25.351248
7 298.150000 1.000000 0.200000 0.500000 0.100000 110.000000 0.000000 -207362.019077 15.125498 25.439463
7 298.150000 1.000000 0.200000 0.500000 0.100000 110.000000 0.000000 -207571.966218 14.082555 25.561674
8 298.150000 1.000000 0.300000 0.500000 0.100000 110.000000 0.000000 -207797.910354 2.675616 25.592722
8 298.150000 1.000000 0.300000 0.500000 0.100000 110.000000 0.000000 -207524.753836 7.304556 25.589692
7 298.150000 1.000000 0.200000 0.500000 0.100000 110.000000 0.000000 -207217.272422 1.735536 25.339835
8 298.150000 1.000000 0.300000 0.500000 0.100000 110.000000 0.000000 -207454.303070 6.250186 25.770641
7 298.150000 1.000000 0.200000 0.500000 0.100000 110.000000 0.000000 -207089.821881 11.030683 25.515595
7 298.150000 1.000000 0.200000 0.500000 0.100000 110.000000 0.000000 -207776.227695 19.677470 25.494283
7 298.150000 1.000000 0.200000 0.500000 0.100000 110.000000 0.000000 -207129.352317 9.475525 25.638055
6 298.150000 1.000000 0.100000 0.500000 0.100000 110.000000 0.000000 -207105.676236 19.105035 25.733611
6 298.150000 1.000000 0.100000 0.500000 0.100000 110.000000 0.000000 -207283.399628 20.390455 25.793378
6 298.150000 1.000000 0.100000 0.500000 0.100000 110.000000 0.000000 -207329.480453 42.356110 25.605531
6 298.150000 1.000000 0.100000 0.500000 0.100000 110.000000 0.000000 -207774.250562 10.839606 25.435587
6 298.150000 1.000000 0.100000 0.500000 0.100000 110.000000 0.000000 -207332.080845 20.864781 25.711197
6 298.150000 1.000000 0.100000 0.500000 0.100000 110.000000 0.000000 -207611.339109 20.976836 25.699055
6 298.150000 1.000000 0.100000 0.500000 0.100000 110.000000 0.000000 -207434.646348 15.158023 24.985870
6 298.150000 1.000000 0.100000 0.500000 0.100000 110.000000 0.000000 -207257.083200 23.552747 25.646769
6 298.150000 1.000000 0.100000 0.500000 0.100000 110.000000 0.000000 -207540.840216 31.417964 25.499933
6 298.150000 1.000000 0.100000 0.500000 0.100000 110.000000 0.000000 -207203.342188 31.334154 25.327869
6 298.150000 1.000000 0.100000 0.500000 0.100000 110.000000 0.000000 -207398.266163 15.727141 25.785782
7 298.150000 1.000000 0.200000 0.500000 0.100000 110.000000 0.000000 -207276.974013 6.521953 25.697428
7 298.150000 1.000000 0.200000 0.500000 0.100000 110.000000 0.000000 -207672.571523 4.785149 25.594576
9 298.150000 1.000000 0.400000 0.500000 0.100000 110.000000 0.000000 -207584.904683 1.962904 25.718617
9 298.150000 1.000000 0.400000 0.500000 0.100000 110.000000 0.000000 -207372.429124 2.661671 25.541191
9 298.150000 1.000000 0.400000 0.500000 0.100000 110.000000 0.000000 -207264.670161 3.498052 25.554965
7 298.150000 1.000000 0.200000 0.500000 0.100000 110.000000 0.000000 -206816.328992 14.592108 25.438271
7 298.150000 1.000000 0.200000 0.500000 0.100000 110.000000 0.000000 -207687.152531 14.187024 25.573813
6 298.150000 1.000000 0.100000 0.500000 0.100000 110.000000 0.000000 -207332.272515 18.384284 25.332383
6 298.150000 1.000000 0.100000 0.500000 0.100000 110.000000 0.000000 -207403.121933 24.043601 25.368654
6 298.150000 1.000000 0.100000 0.500000 0.100000 110.000000 0.000000 -207666.363203 20.590987 25.691621
6 298.150000 1.000000 0.100000 0.500000 0.100000 110.000000 0.000000 -207605.896702 2.816734 25.595934
8 298.150000 1.000000 0.300000 0.500000 0.100000 110.000000 0.000000 -207359.925658 5.693711 25.642220
8 298.150000 1.000000 0.300000 0.500000 0.100000 110.000000 0.000000 -207140.935592 0.594793 25.619837
10 298.150000 1.000000 0.500000 0.500000 0.100000 110.000000 0.000000 -207431.915555 -0.698360 25.730250
11 298.150000 -1.000000 0.500000 0.500000 0.100000 110.000000 0.000000 -207365.081279 0.384382 25.556000
11 298.150000 -1.000000 0.500000 0.500000 0.100000 110.000000 0.000000 -207226.513092 -5.682110 25.679540
11 298.150000 -1.000000 0.500000 0.500000 0.100000 110.000000 0.000000 -207764.009004 -1.182684 24.133427
11 298.150000 -1.000000 0.500000 0.500000 0.100000 110.000000 0.000000 -207382.564875 -1.071260 25.524693
12 298.150000 -1.000000 0.400000 0.500000 0.100000 110.000000 0.000000 -207470.307415 -0.696952 25.466670
12 298.150000 -1.000000 0.400000 0.500000 0.100000 110.000000 0.000000 -207333.675702 -1.564270 25.143155
12 298.150000 -1.000000 0.400000 0.500000 0.100000 110.000000 0.000000 -207480.789745 2.424839 25.272750
12 298.150000 -1.000000 0.400000 0.500000 0.100000 110.000000 0.000000 -207433.488860 1.674586 25.768892
12 298.150000 -1.000000 0.400000 0.500000 0.100000 110.000000 0.000000 -207644.014119 11.871244 25.733993
12 298.150000 -1.000000 0.400000 0.500000 0.100000 110.000000 0.000000 -207360.992176 2.508192 25.623134
13 298.150000 -1.000000 0.300000 0.500000 0.100000 110.000000 0.000000 -207768.865418 -5.020368 25.554632
11 298.150000 -1.000000 0.500000 0.500000 0.100000 110.000000 0.000000 -207511.088484 -2.197280 25.780497
11 298.150000 -1.000000 0.500000 0.500000 0.100000 110.000000 0.000000 -207165.994970 0.036933 25.601912
11 298.150000 -1.000000 0.500000 0.500000 0.100000 110.000000 0.000000 -207728.572644 -2.937688 25.689768
11 298.150000 -1.000000 0.500000 0.500000 0.100000 110.000000 0.000000 -207506.063974 5.007046 25.710637
10 298.150000 1.000000 0.500000 0.500000 0.100000 110.000000 0.000000 -207614.208226 1.561585 25.569832
7 298.150000 1.000000 0.200000 0.500000 0.100000 110.000000 0.000000 -208098.786194 15.337471 25.565346
7 298.150000 1.000000 0.200000 0.500000 0.100000 110.000000 0.000000 -207818.997969 21.893945 25.503982
7 298.150000 1.000000 0.200000 0.500000 0.100000 110.000000 0.000000 -207561.402804 7.937151 25.722189
8 298.150000 1.000000 0.300000 0.500000 0.100000 110.000000 0.000000 -207515.455730 -3.609032 25.519461
8 298.150000 1.000000 0.300000 0.500000 0.100000 110.000000 0.000000 -207656.814935 8.522165 25.842769
10 298.150000 1.000000 0.500000 0.500000 0.100000 110.000000 0.000000 -207427.856525 -3.862615 25.589652
11 298.150000 -1.000000 0.500000 0.500000 0.100000 110.000000 0.000000 -207307.324580 -0.445683 25.626360
10 298.150000 1.000000 0.500000 0.500000 0.100000 110.000000 0.000000 -207467.985469 -3.552799 25.541497
11 298.150000 -1.000000 0.500000 0.500000 0.100000 110.000000 0.000000 -207729.406201 -3.366580 25.601686
11 298.150000 -1.000000 0.500000 0.500000 0.100000 110.000000 0.000000 -207540.343805 -4.268193 25.716085
11 298.150000 -1.000000 0.500000 0.500000 0.100000 110.000000 0.000000 -207708.832534 -0.155817 25.506145
11 298.150000 -1.000000 0.500000 0.500000 0.100000 110.000000 0.000000 -207565.909918 2.063998 25.817441
13 298.150000 -1.000000 0.300000 0.500000 0.100000 110.000000 0.000000 -207475.520101 3.493131 25.398524
13 298.150000 -1.000000 0.300000 0.500000 0.100000 110.000000 0.000000 -207400.004314 5.299242 25.576987
13 298.150000 -1.000000 0.300000 0.500000 0.100000 110.000000 0.000000 -207351.180340 8.161180 25.551067
13 298.150000 -1.000000 0.300000 0.500000 0.100000 110.000000 0.000000 -207467.861045 7.016956 25.320076
13 298.150000 -1.000000 0.300000 0.500000 0.100000 110.000000 0.000000 -207956.725099 7.411642 25.621005
14 298.150000 -1.000000 0.200000 0.500000 0.100000 110.000000 0.000000 -207635.660760 9.421798 25.624860
14 298.150000 -1.000000 0.200000 0.500000 0.100000 110.000000 0.000000 -207628.686734 11.718707 25.843493
14 298.150000 -1.000000 0.200000 0.500000 0.100000 110.000000 0.000000 -207390.985581 11.651259 25.854325
14 298.150000 -1.000000 0.200000 0.500000 0.100000 110.000000 0.000000 -207286.833913 4.984324 25.702077
14 298.150000 -1.000000 0.200000 0.500000 0.100000 110.000000 0.000000 -207491.760641 10.574743 25.794775
15 298.150000 -1.000000 0.100000 0.500000 0.100000 110.000000 0.000000 -207608.823724 30.899629 25.789139
14 298.150000 -1.000000 0.200000 0.500000 0.100000 110.000000 0.000000 -207370.822549 23.557288 25.670096
14 298.150000 -1.000000 0.200000 0.500000 0.100000 110.000000 0.000000 -206738.235309 11.007494 25.569694
14 298.150000 -1.000000 0.200000 0.500000 0.100000 110.000000 0.000000 -207423.920906 22.978187 25.669191
14 298.150000 -1.000000 0.200000 0.500000 0.100000 110.000000 0.000000 -207725.990609 23.674524 25.821217
15 298.150000 -1.000000 0.100000 0.500000 0.100000 110.000000 0.000000 -207542.337200 3.121537 25.451479
13 298.150000 -1.000000 0.300000 0.500000 0.100000 110.000000 0.000000 -207149.585299 9.519987 25.391989
12 298.150000 -1.000000 0.400000 0.500000 0.100000 110.000000 0.000000 -207683.618644 3.156262 25.715925
12 298.150000 -1.000000 0.400000 0.500000 0.100000 110.000000 0.000000 -207493.125841 5.879723 25.698127
13 298.150000 -1.000000 0.300000 0.500000 0.100000 110.000000 0.000000 -207772.026279 9.961762 25.602998
14 298.150000 -1.000000 0.200000 0.500000 0.100000 110.000000 0.000000 -206995.615865 3.959956 25.602817
14 298.150000 -1.000000 0.200000 0.500000 0.100000 110.000000 0.000000 -207120.820200 16.205129 25.790116
14 298.150000 -1.000000 0.200000 0.500000 0.100000 110.000000 0.000000 -207418.706052 9.301254 25.581023
14 298.150000 -1.000000 0.200000 0.500000 0.100000 110.000000 0.000000 -207510.769829 19.630618 25.185888
14 298.150000 -1.000000 0.200000 0.500000 0.100000 110.000000 0.000000 -207574.983520 5.306982 25.760173
13 298.150000 -1.000000 0.300000 0.500000 0.100000 110.000000 0.000000 -207402.086794 12.446789 25.692868
13 298.150000 -1.000000 0.300000 0.500000 0.100000 110.000000 0.000000 -207408.979876 3.834714 25.801814
13 298.150000 -1.000000 0.300000 0.500000 0.100000 110.000000 0.000000 -207459.491071 -2.542297 25.745000
12 298.150000 -1.000000 0.400000 0.500000 0.100000 110.000000 0.000000 -206685.103097 8.279131 25.485720
13 298.150000 -1.000000 0.300000 0.500000 0.100000 110.000000 0.000000 -207812.610833 6.328501 25.534941
12 298.150000 -1.000000 0.400000 0.500000 0.100000 110.000000 0.000000 -207557.564646 3.340334 25.708301
12 298.150000 -1.000000 0.400000 0.500000 0.100000 110.000000 0.000000 -207333.299584 5.975292 25.788451
12 298.150000 -1.000000 0.400000 0.500000 0.100000 110.000000 0.000000 -207606.189514 -4.609889 25.545566
11 298.150000 -1.000000 0.500000 0.500000 0.100000 110.000000 0.000000 -207476.927826 -0.856593 24.844678
11 298.150000 -1.000000 0.500000 0.500000 0.100000 110.000000 0.000000 -207953.199839 -2.320771 25.623807
10 298.150000 1.000000 0.500000 0.500000 0.100000 110.000000 0.000000 -207277.662888 0.355401 25.677329
