3 298.150000 1.000000 0.000000 0.300000 0.100000 110.000000 0.000000 -207494.718652 78.392581 24.869048
3 298.150000 1.000000 0.000000 0.300000 0.100000 110.000000 0.000000 -207438.132199 76.475386 25.540536
3 298.150000 1.000000 0.000000 0.300000 0.100000 110.000000 0.000000 -207313.595761 84.845431 25.511109
4 298.150000 1.000000 0.000000 0.400000 0.100000 110.000000 0.000000 -207148.518648 88.121180 25.167568
1 298.150000 1.000000 0.000000 0.100000 0.100000 110.000000 0.000000 -207600.539398 136.651619 25.829620
1 298.150000 1.000000 0.000000 0.100000 0.100000 110.000000 0.000000 -207371.605162 131.612594 23.319598
1 298.150000 1.000000 0.000000 0.100000 0.100000 110.000000 0.000000 -207433.369401 82.364960 25.940454
1 298.150000 1.000000 0.000000 0.100000 0.100000 110.000000 0.000000 -207196.788427 63.714568 25.780801
2 298.150000 1.000000 0.000000 0.200000 0.100000 110.000000 0.000000 -206957.395641 48.019671 25.513896
4 298.150000 1.000000 0.000000 0.400000 0.100000 110.000000 0.000000 -207148.532094 74.124859 25.466497
3 298.150000 1.000000 0.000000 0.300000 0.100000 110.000000 0.000000 -207225.415791 102.011336 25.720306
2 298.150000 1.000000 0.000000 0.200000 0.100000 110.000000 0.000000 -207154.821428 83.689642 25.581691
3 298.150000 1.000000 0.000000 0.300000 0.100000 110.000000 0.000000 -207487.269162 83.084200 25.729872
5 298.150000 1.000000 0.000000 0.500000 0.100000 110.000000 0.000000 -207580.137963 75.403883 25.563545
3 298.150000 1.000000 0.000000 0.300000 0.100000 110.000000 0.000000 -207541.112716 84.324187 25.791327
5 298.150000 1.000000 0.000000 0.500000 0.100000 110.000000 0.000000 -207370.361849 92.376521 25.636599
3 298.150000 1.000000 0.000000 0.300000 0.100000 110.000000 0.000000 -207051.945492 117.803780 25.012079
1 298.150000 1.000000 0.000000 0.100000 0.100000 110.000000 0.000000 -207541.550705 146.091746 25.512701
1 298.150000 1.000000 0.000000 0.100000 0.100000 110.000000 0.000000 -207527.452991 142.964427 24.173860
1 298.150000 1.000000 0.000000 0.100000 0.100000 110.000000 0.000000 -207432.518802 121.120750 25.824882
1 298.150000 1.000000 0.000000 0.100000 0.100000 110.000000 0.000000 -207660.034761 179.414873 20.998864
1 298.150000 1.000000 0.000000 0.100000 0.100000 110.000000 0.000000 -207330.138102 180.195182 24.090786
1 298.150000 1.000000 0.000000 0.100000 0.100000 110.000000 0.000000 -207488.564623 177.186847 24.358268
1 298.150000 1.000000 0.000000 0.100000 0.100000 110.000000 0.000000 -207936.712561 141.806484 25.665127
1 298.150000 1.000000 0.000000 0.100000 0.100000 110.000000 0.000000 -207858.654525 119.138762 25.800854
3 298.150000 1.000000 0.000000 0.300000 0.100000 110.000000 0.000000 -207128.373445 92.336271 25.429166
2 298.150000 1.000000 0.000000 0.200000 0.100000 110.000000 0.000000 -207253.654992 40.975893 25.471854
3 298.150000 1.000000 0.000000 0.300000 0.100000 110.000000 0.000000 -207637.218100 75.361162 25.518313
4 298.150000 1.000000 0.000000 0.400000 0.100000 110.000000 0.000000 -207078.665444 70.973058 25.267329
2 298.150000 1.000000 0.000000 0.200000 0.100000 110.000000 0.000000 -207699.782761 116.647676 25.593498
2 298.150000 1.000000 0.000000 0.200000 0.100000 110.000000 0.000000 -207340.568701 30.488360 25.831077
5 298.150000 1.000000 0.000000 0.500000 0.100000 110.000000 0.000000 -207153.971714 61.905075 25.470611
5 298.150000 1.000000 0.000000 0.500000 0.100000 110.000000 0.000000 -206982.947791 85.200099 25.715066
5 298.150000 1.000000 0.000000 0.500000 0.100000 110.000000 0.000000 -207315.114453 83.378689 25.577916
5 298.150000 1.000000 0.000000 0.500000 0.100000 110.000000 0.000000 -207821.856489 50.777124 25.495785
2 298.150000 1.000000 0.000000 0.200000 0.100000 110.000000 0.000000 -207449.102558 91.438393 25.806433
2 298.150000 1.000000 0.000000 0.200000 0.100000 110.000000 0.000000 -207344.557646 122.498635 23.067836
1 298.150000 1.000000 0.000000 0.100000 0.100000 110.000000 0.000000 -207569.270901 104.266572 25.729015
3 298.150000 1.000000 0.000000 0.300000 0.100000 110.000000 0.000000 -207315.221145 71.940948 25.016190
5 298.150000 1.000000 0.000000 0.500000 0.100000 110.000000 0.000000 -207453.728105 81.563604 25.302297
4 298.150000 1.000000 0.000000 0.400000 0.100000 110.000000 0.000000 -207609.942688 33.057074 25.838195
4 298.150000 1.000000 0.000000 0.400000 0.100000 110.000000 0.000000 -207624.143054 55.482476 25.651281
4 298.150000 1.000000 0.000000 0.400000 0.100000 110.000000 0.000000 -206968.057761 83.701687 25.499579
5 298.150000 1.000000 0.000000 0.500000 0.100000 110.000000 0.000000 -207426.635168 70.130126 25.461821
5 298.150000 1.000000 0.000000 0.500000 0.100000 110.000000 0.000000 -207288.872775 56.227913 24.769081
2 298.150000 1.000000 0.000000 0.200000 0.100000 110.000000 0.000000 -207132.363405 122.238512 25.556138
2 298.150000 1.000000 0.000000 0.200000 0.100000 110.000000 0.000000 -207360.373055 111.248061 25.818102
3 298.150000 1.000000 0.000000 0.300000 0.100000 110.000000 0.000000 -207717.760208 79.879854 25.711870
3 298.150000 1.000000 0.000000 0.300000 0.100000 110.000000 0.000000 -207588.066928 57.255692 25.710324
2 298.150000 1.000000 0.000000 0.200000 0.100000 110.000000 0.000000 -207535.228217 80.724649 25.088553
3 298.150000 1.000000 0.000000 0.300000 0.100000 110.000000 0.000000 -207340.228742 93.685068 25.850522
3 298.150000 1.000000 0.000000 0.300000 0.100000 110.000000 0.000000 -207564.374396 114.786479 25.714144
2 298.150000 1.000000 0.000000 0.200000 0.100000 110.000000 0.000000 -207481.211535 94.017859 25.496844
3 298.150000 1.000000 0.000000 0.300000 0.100000 110.000000 0.000000 -207139.874663 104.156555 25.270462
3 298.150000 1.000000 0.000000 0.300000 0.100000 110.000000 0.000000 -207466.303173 37.424843 25.348156
5 298.150000 1.000000 0.000000 0.500000 0.100000 110.000000 0.000000 -207357.046984 66.818892 24.923221
2 298.150000 1.000000 0.000000 0.200000 0.100000 110.000000 0.000000 -207440.138308 69.019825 25.263192
5 298.150000 1.000000 0.000000 0.500000 0.100000 110.000000 0.000000 -207361.425021 56.394884 25.616411
3 298.150000 1.000000 0.000000 0.300000 0.100000 110.000000 0.000000 -207475.541186 80.005145 24.058595
5 298.150000 1.000000 0.000000 0.500000 0.100000 110.000000 0.000000 -207721.397076 40.962383 25.780008
5 298.150000 1.000000 0.000000 0.500000 0.100000 110.000000 0.000000 -207588.390292 85.631432 25.071951
5 298.150000 1.000000 0.000000 0.500000 0.100000 110.000000 0.000000 -207431.348653 52.563647 25.108837
4 298.150000 1.000000 0.000000 0.400000 0.100000 110.000000 0.000000 -207642.024241 49.314574 25.634610
4 298.150000 1.000000 0.000000 0.400000 0.100000 110.000000 0.000000 -207443.575937 54.140434 25.537441
5 298.150000 1.000000 0.000000 0.500000 0.100000 110.000000 0.000000 -207512.387019 50.323401 25.456007
4 298.150000 1.000000 0.000000 0.400000 0.100000 110.000000 0.000000 -207568.039486 83.022687 25.050273
2 298.150000 1.000000 0.000000 0.200000 0.100000 110.000000 0.000000 -207392.514067 79.707011 25.803916
4 298.150000 1.000000 0.000000 0.400000 0.100000 110.000000 0.000000 -207593.257009 71.866970 25.587583
5 298.150000 1.000000 0.000000 0.500000 0.100000 110.000000 0.000000 -207730.124548 84.511410 23.818330
5 298.150000 1.000000 0.000000 0.500000 0.100000 110.000000 0.000000 -207511.862103 96.184333 25.748151
5 298.150000 1.000000 0.000000 0.500000 0.100000 110.000000 0.000000 -207450.089923 88.989935 25.994069
2 298.150000 1.000000 0.000000 0.200000 0.100000 110.000000 0.000000 -207525.203324 64.822820 25.746744
2 298.150000 1.000000 0.000000 0.200000 0.100000 110.000000 0.000000 -207094.308105 89.143982 25.820461
2 298.150000 1.000000 0.000000 0.200000 0.100000 110.000000 0.000000 -207733.017426 58.077705 25.514391
3 298.150000 1.000000 0.000000 0.300000 0.100000 110.000000 0.000000 -207309.413673 89.675800 25.808190
2 298.150000 1.000000 0.000000 0.200000 0.100000 110.000000 0.000000 -207426.573313 122.417528 25.955396
2 298.150000 1.000000 0.000000 0.200000 0.100000 110.000000 0.000000 -207604.292051 116.357898 24.978178
2 298.150000 1.000000 0.000000 0.200000 0.100000 110.000000 0.000000 -207270.130154 84.651762 25.716895
5 298.150000 1.000000 0.000000 0.500000 0.100000 110.000000 0.000000 -207203.848863 68.117242 25.327850
3 298.150000 1.000000 0.000000 0.300000 0.100000 110.000000 0.000000 -207210.030559 70.634010 25.638167
3 298.150000 1.000000 0.000000 0.300000 0.100000 110.000000 0.000000 -207198.658817 95.398906 25.552336
3 298.150000 1.000000 0.000000 0.300000 0.100000 110.000000 0.000000 -207521.818005 92.915133 25.486762
4 298.150000 1.000000 0.000000 0.400000 0.100000 110.000000 0.000000 -207671.594202 78.939196 25.593165
5 298.150000 1.000000 0.000000 0.500000 0.100000 110.000000 0.000000 -207203.197856 65.077323 25.051934
4 298.150000 1.000000 0.000000 0.400000 0.100000 110.000000 0.000000 -207760.373447 89.953044 25.891810
3 298.150000 1.000000 0.000000 0.300000 0.100000 110.000000 0.000000 -207423.228153 80.148044 25.170387
3 298.150000 1.000000 0.000000 0.300000 0.100000 110.000000 0.000000 -207428.649242 79.449915 25.105840
5 298.150000 1.000000 0.000000 0.500000 0.100000 110.000000 0.000000 -207951.309903 60.358189 25.897114
4 298.150000 1.000000 0.000000 0.400000 0.100000 110.000000 0.000000 -207229.949588 75.378989 25.591677
3 298.150000 1.000000 0.000000 0.300000 0.100000 110.000000 0.000000 -207914.360377 107.360957 25.026761
2 298.150000 1.000000 0.000000 0.200000 0.100000 110.000000 0.000000 -207536.866860 120.802208 25.635258
3 298.150000 1.000000 0.000000 0.300000 0.100000 110.000000 0.000000 -207369.689165 85.460921 25.099000
5 298.150000 1.000000 0.000000 0.500000 0.100000 110.000000 0.000000 -207604.949282 59.841324 25.373818
3 298.150000 1.000000 0.000000 0.300000 0.100000 110.000000 0.000000 -207542.016894 97.933991 25.791098
3 298.150000 1.000000 0.000000 0.300000 0.100000 110.000000 0.000000 -207795.308031 51.100525 25.388375
3 298.150000 1.000000 0.000000 0.300000 0.100000 110.000000 0.000000 -207631.169060 115.040170 25.758841
3 298.150000 1.000000 0.000000 0.300000 0.100000 110.000000 0.000000 -207430.989124 102.107303 25.930588
3 298.150000 1.000000 0.000000 0.300000 0.100000 110.000000 0.000000 -207299.913115 116.068365 25.782210
2 298.150000 1.000000 0.000000 0.200000 0.100000 110.000000 0.000000 -207438.919427 65.151459 25.530551
5 298.150000 1.000000 0.000000 0.500000 0.100000 110.000000 0.000000 -206865.682720 73.097275 25.492259
3 298.150000 1.000000 0.000000 0.300000 0.100000 110.000000 0.000000 -207556.216909 55.635553 25.177697
5 298.150000 1.000000 0.000000 0.500000 0.100000 110.000000 0.000000 -207382.535022 50.124273 25.882674
3 298.150000 1.000000 0.000000 0.300000 0.100000 110.000000 0.000000 -207285.495760 115.355219 25.567085
2 298.150000 1.000000 0.000000 0.200000 0.100000 110.000000 0.000000 -207567.297156 74.056903 25.653752
3 298.150000 1.000000 0.000000 0.300000 0.100000 110.000000 0.000000 -207417.876697 64.838094 25.839223
3 298.150000 1.000000 0.000000 0.300000 0.100000 110.000000 0.000000 -207385.851497 48.687990 25.880534
3 298.150000 1.000000 0.000000 0.300000 0.100000 110.000000 0.000000 -207746.117656 83.890054 25.016139
2 298.150000 1.000000 0.000000 0.200000 0.100000 110.000000 0.000000 -207288.579720 123.876850 25.812050
2 298.150000 1.000000 0.000000 0.200000 0.100000 110.000000 0.000000 -207652.140345 50.346135 25.296074
3 298.150000 1.000000 0.000000 0.300000 0.100000 110.000000 0.000000 -207482.823761 69.590717 25.284846
3 298.150000 1.000000 0.000000 0.300000 0.100000 110.000000 0.000000 -207150.419097 93.731996 25.428252
3 298.150000 1.000000 0.000000 0.300000 0.100000 110.000000 0.000000 -207380.443497 74.392720 25.648191
5 298.150000 1.000000 0.000000 0.500000 0.100000 110.000000 0.000000 -207430.338648 86.070899 25.331233
5 298.150000 1.000000 0.000000 0.500000 0.100000 110.000000 0.000000 -207630.971209 61.611652 25.808307
3 298.150000 1.000000 0.000000 0.300000 0.100000 110.000000 0.000000 -207717.552743 64.497265 24.857274
4 298.150000 1.000000 0.000000 0.400000 0.100000 110.000000 0.000000 -207405.057428 90.185873 25.867526
3 298.150000 1.000000 0.000000 0.300000 0.100000 110.000000 0.000000 -207634.143481 103.924355 25.838530
2 298.150000 1.000000 0.000000 0.200000 0.100000 110.000000 0.000000 -207283.625794 96.194905 25.679782
5 298.150000 1.000000 0.000000 0.500000 0.100000 110.000000 0.000000 -207400.778601 91.983240 25.425821
3 298.150000 1.000000 0.000000 0.300000 0.100000 110.000000 0.000000 -207321.655480 84.043162 25.440440
3 298.150000 1.000000 0.000000 0.300000 0.100000 110.000000 0.000000 -207345.515988 66.835289 25.262934
2 298.150000 1.000000 0.000000 0.200000 0.100000 110.000000 0.000000 -207492.163632 62.947164 25.692959
2 298.150000 1.000000 0.000000 0.200000 0.100000 110.000000 0.000000 -207958.951738 55.663172 25.312731
3 298.150000 1.000000 0.000000 0.300000 0.100000 110.000000 0.000000 -207600.540755 63.447250 25.193228
3 298.150000 1.000000 0.000000 0.300000 0.100000 110.000000 0.000000 -207534.368232 71.056254 25.422652
5 298.150000 1.000000 0.000000 0.500000 0.100000 110.000000 0.000000 -207573.810749 73.620676 25.361960
4 298.150000 1.000000 0.000000 0.400000 0.100000 110.000000 0.000000 -207532.414309 78.962160 25.287423
4 298.150000 1.000000 0.000000 0.400000 0.100000 110.000000 0.000000 -207529.205773 79.278240 25.162810
5 298.150000 1.000000 0.000000 0.500000 0.100000 110.000000 0.000000 -207924.918075 28.411041 25.620476
4 298.150000 1.000000 0.000000 0.400000 0.100000 110.000000 0.000000 -207505.555489 64.025892 25.544690
3 298.150000 1.000000 0.000000 0.300000 0.100000 110.000000 0.000000 -207348.683470 66.738628 24.134726
4 298.150000 1.000000 0.000000 0.400000 0.100000 110.000000 0.000000 -207955.004833 91.595952 25.315007
3 298.150000 1.000000 0.000000 0.300000 0.100000 110.000000 0.000000 -207314.510526 54.328965 25.647730
4 298.150000 1.000000 0.000000 0.400000 0.100000 110.000000 0.000000 -207484.724107 65.870697 25.192627
5 298.150000 1.000000 0.000000 0.500000 0.100000 110.000000 0.000000 -207995.029822 70.451663 25.848699
5 298.150000 1.000000 0.000000 0.500000 0.100000 110.000000 0.000000 -207442.828752 77.314934 25.503346
2 298.150000 1.000000 0.000000 0.200000 0.100000 110.000000 0.000000 -207977.373586 62.783760 25.557219
5 298.150000 1.000000 0.000000 0.500000 0.100000 110.000000 0.000000 -207667.651937 39.312259 25.744215
5 298.150000 1.000000 0.000000 0.500000 0.100000 110.000000 0.000000 -207454.304522 56.373049 25.464395
2 298.150000 1.000000 0.000000 0.200000 0.100000 110.000000 0.000000 -207408.443423 98.381917 25.495019
2 298.150000 1.000000 0.000000 0.200000 0.100000 110.000000 0.000000 -207559.944082 118.387055 24.899652
2 298.150000 1.000000 0.000000 0.200000 0.100000 110.000000 0.000000 -207338.927677 126.018884 23.431168
2 298.150000 1.000000 0.000000 0.200000 0.100000 110.000000 0.000000 -207223.895927 43.568960 25.766138
3 298.150000 1.000000 0.000000 0.300000 0.100000 110.000000 0.000000 -207659.471772 82.070250 25.360756
3 298.150000 1.000000 0.000000 0.300000 0.100000 110.000000 0.000000 -207476.822825 80.398359 25.176277
5 298.150000 1.000000 0.000000 0.500000 0.100000 110.000000 0.000000 -207367.895718 72.889091 25.307466
3 298.150000 1.000000 0.000000 0.300000 0.100000 110.000000 0.000000 -207431.429040 35.129271 25.715608
2 298.150000 1.000000 0.000000 0.200000 0.100000 110.000000 0.000000 -207254.207808 62.798869 25.209344
5 298.150000 1.000000 0.000000 0.500000 0.100000 110.000000 0.000000 -207320.525630 62.486377 25.613708
4 298.150000 1.000000 0.000000 0.400000 0.100000 110.000000 0.000000 -207675.039957 76.229717 25.702596
4 298.150000 1.000000 0.000000 0.400000 0.100000 110.000000 0.000000 -207370.016285 70.936897 25.572748
1 298.150000 1.000000 0.000000 0.100000 0.100000 110.000000 0.000000 -207389.624969 130.468624 25.388117
1 298.150000 1.000000 0.000000 0.100000 0.100000 110.000000 0.000000 -207689.861431 138.450190 25.812206
1 298.150000 1.000000 0.000000 0.100000 0.100000 110.000000 0.000000 -208054.112982 152.002820 25.350868
1 298.150000 1.000000 0.000000 0.100000 0.100000 110.000000 0.000000 -207289.922632 126.275628 25.576922
1 298.150000 1.000000 0.000000 0.100000 0.100000 110.000000 0.000000 -207183.651007 165.660369 23.912506
1 298.150000 1.000000 0.000000 0.100000 0.100000 110.000000 0.000000 -207631.247952 132.322503 22.307921
1 298.150000 1.000000 0.000000 0.100000 0.100000 110.000000 0.000000 -207444.774892 144.638449 23.781229
1 298.150000 1.000000 0.000000 0.100000 0.100000 110.000000 0.000000 -207272.280951 187.340181 24.734306
0 298.150000 1.000000 0.000000 0.000000 0.100000 110.000000 0.000000 -207370.962739 185.816335 22.563323
1 298.150000 1.000000 0.000000 0.100000 0.100000 110.000000 0.000000 -207289.452470 159.680722 25.497888
1 298.150000 1.000000 0.000000 0.100000 0.100000 110.000000 0.000000 -207449.738542 189.619751 25.605890
1 298.150000 1.000000 0.000000 0.100000 0.100000 110.000000 0.000000 -207593.799775 186.657753 24.684003
0 298.150000 1.000000 0.000000 0.000000 0.100000 110.000000 0.000000 -207435.243160 178.038373 24.215480
1 298.150000 1.000000 0.000000 0.100000 0.100000 110.000000 0.000000 -207296.768002 121.884417 25.830973
1 298.150000 1.000000 0.000000 0.100000 0.100000 110.000000 0.000000 -207548.659500 123.382920 23.755887
2 298.150000 1.000000 0.000000 0.200000 0.100000 110.000000 0.000000 -207360.756125 67.891877 25.462284
5 298.150000 1.000000 0.000000 0.500000 0.100000 110.000000 0.000000 -207353.663005 95.892305 25.993712
2 298.150000 1.000000 0.000000 0.200000 0.100000 110.000000 0.000000 -207628.145315 57.054593 26.020255
3 298.150000 1.000000 0.000000 0.300000 0.100000 110.000000 0.000000 -207749.982786 66.269357 25.481019
3 298.150000 1.000000 0.000000 0.300000 0.100000 110.000000 0.000000 -207516.634385 91.175703 25.834141
2 298.150000 1.000000 0.000000 0.200000 0.100000 110.000000 0.000000 -207484.933710 90.907300 25.798270
5 298.150000 1.000000 0.000000 0.500000 0.100000 110.000000 0.000000 -207226.825773 90.914679 24.495960
4 298.150000 1.000000 0.000000 0.400000 0.100000 110.000000 0.000000 -207843.862785 108.283154 25.400113
3 298.150000 1.000000 0.000000 0.300000 0.100000 110.000000 0.000000 -207106.228198 95.926348 25.534852
3 298.150000 1.000000 0.000000 0.300000 0.100000 110.000000 0.000000 -207351.005424 89.137267 25.767746
4 298.150000 1.000000 0.000000 0.400000 0.100000 110.000000 0.000000 -207484.923687 114.492833 24.399855
4 298.150000 1.000000 0.000000 0.400000 0.100000 110.000000 0.000000 -207852.863471 68.249182 25.824452
5 298.150000 1.000000 0.000000 0.500000 0.100000 110.000000 0.000000 -207679.266649 87.571303 25.778300
5 298.150000 1.000000 0.000000 0.500000 0.100000 110.000000 0.000000 -207769.518592 88.213040 25.715102
3 298.150000 1.000000 0.000000 0.300000 0.100000 110.000000 0.000000 -207471.640589 90.537211 25.859990
5 298.150000 1.000000 0.000000 0.500000 0.100000 110.000000 0.000000 -207438.355967 75.437768 25.707070
2 298.150000 1.000000 0.000000 0.200000 0.100000 110.000000 0.000000 -207134.029364 78.409275 25.646603
5 298.150000 1.000000 0.000000 0.500000 0.100000 110.000000 0.000000 -207336.429677 55.551191 25.926252
5 298.150000 1.000000 0.000000 0.500000 0.100000 110.000000 0.000000 -207257.962707 91.095477 25.772840
5 298.150000 1.000000 0.000000 0.500000 0.100000 110.000000 0.000000 -207839.062288 75.315087 25.546721
3 298.150000 1.000000 0.000000 0.300000 0.100000 110.000000 0.000000 -207876.059418 87.825930 25.976214
5 298.150000 1.000000 0.000000 0.500000 0.100000 110.000000 0.000000 -207166.545044 73.418751 25.791503
4 298.150000 1.000000 0.000000 0.400000 0.100000 110.000000 0.000000 -207583.028508 64.849646 25.510345
2 298.150000 1.000000 0.000000 0.200000 0.100000 110.000000 0.000000 -207587.490357 88.473912 25.582673
2 298.150000 1.000000 0.000000 0.200000 0.100000 110.000000 0.000000 -207380.718057 86.963510 25.653399
5 298.150000 1.000000 0.000000 0.500000 0.100000 110.000000 0.000000 -207228.695615 81.710573 25.335883
2 298.150000 1.000000 0.000000 0.200000 0.100000 110.000000 0.000000 -207528.602805 106.466708 25.658998
2 298.150000 1.000000 0.000000 0.200000 0.100000 110.000000 0.000000 -207638.171740 85.464556 25.329325
5 298.150000 1.000000 0.000000 0.500000 0.100000 110.000000 0.000000 -207647.749362 48.223446 25.871594
5 298.150000 1.000000 0.000000 0.500000 0.100000 110.000000 0.000000 -207355.470302 67.379494 25.572179
3 298.150000 1.000000 0.000000 0.300000 0.100000 110.000000 0.000000 -207340.312984 59.810912 25.537640
3 298.150000 1.000000 0.000000 0.300000 0.100000 110.000000 0.000000 -207771.571665 71.676449 25.692149
4 298.150000 1.000000 0.000000 0.400000 0.100000 110.000000 0.000000 -207208.834199 93.633465 25.319717
2 298.150000 1.000000 0.000000 0.200000 0.100000 110.000000 0.000000 -207268.120858 119.996997 25.331160
4 298.150000 1.000000 0.000000 0.400000 0.100000 110.000000 0.000000 -207505.349331 85.270869 25.737034
3 298.150000 1.000000 0.000000 0.300000 0.100000 110.000000 0.000000 -207192.360139 104.653668 25.809662
2 298.150000 1.000000 0.000000 0.200000 0.100000 110.000000 0.000000 -207449.356274 121.910231 25.612467
2 298.150000 1.000000 0.000000 0.200000 0.100000 110.000000 0.000000 -207498.166841 92.278435 25.443139
4 298.150000 1.000000 0.000000 0.400000 0.100000 110.000000 0.000000 -207219.064672 52.467686 25.733243
5 298.150000 1.000000 0.000000 0.500000 0.100000 110.000000 0.000000 -207793.235234 67.744474 25.990153
3 298.150000 1.000000 0.000000 0.300000 0.100000 110.000000 0.000000 -207612.564428 83.205668 25.652155
3 298.150000 1.000000 0.000000 0.300000 0.100000 110.000000 0.000000 -207405.165924 51.671131 25.849719
3 298.150000 1.000000 0.000000 0.300000 0.100000 110.000000 0.000000 -207352.238206 52.989505 25.696242
3 298.150000 1.000000 0.000000 0.300000 0.100000 110.000000 0.000000 -207275.666900 113.833998 25.903249
4 298.150000 1.000000 0.000000 0.400000 0.100000 110.000000 0.000000 -207346.981388 73.536285 25.537354
5 298.150000 1.000000 0.000000 0.500000 0.100000 110.000000 0.000000 -207516.982217 84.338239 25.626945
5 298.150000 1.000000 0.000000 0.500000 0.100000 110.000000 0.000000 -207405.079501 52.004276 25.681453
5 298.150000 1.000000 0.000000 0.500000 0.100000 110.000000 0.000000 -207655.280821 60.870373 25.842142
3 298.150000 1.000000 0.000000 0.300000 0.100000 110.000000 0.000000 -207236.223012 48.337880 25.434122
2 298.150000 1.000000 0.000000 0.200000 0.100000 110.000000 0.000000 -207338.472131 83.813296 24.800219
5 298.150000 1.000000 0.000000 0.500000 0.100000 110.000000 0.000000 -207479.474088 57.491457 25.664683
3 298.150000 1.000000 0.000000 0.300000 0.100000 110.000000 0.000000 -207303.203716 56.705914 25.876706
4 298.150000 1.000000 0.000000 0.400000 0.100000 110.000000 0.000000 -207536.311853 82.662172 25.783915
2 298.150000 1.000000 0.000000 0.200000 0.100000 110.000000 0.000000 -207346.328333 98.086384 25.205040
2 298.150000 1.000000 0.000000 0.200000 0.100000 110.000000 0.000000 -207369.678924 96.190256 24.950834
3 298.150000 1.000000 0.000000 0.300000 0.100000 110.000000 0.000000 -207376.978693 27.724892 24.984051
6 298.150000 1.000000 0.100000 0.500000 0.100000 110.000000 0.000000 -207336.150831 14.818054 25.587585
6 298.150000 1.000000 0.100000 0.500000 0.100000 110.000000 0.000000 -207707.103278 9.510384 25.492883
6 298.150000 1.000000 0.100000 0.500000 0.100000 110.000000 0.000000 -207432.814761 15.904621 25.704411
6 298.150000 1.000000 0.100000 0.500000 0.100000 110.000000 0.000000 -207431.793284 23.436125 25.512234
6 298.150000 1.000000 0.100000 0.500000 0.100000 110.000000 0.000000 -207430.758004 25.255928 25.398741
6 298.150000 1.000000 0.100000 0.500000 0.100000 110.000000 0.000000 -207436.731847 27.894664 25.446003
6 298.150000 1.000000 0.100000 0.500000 0.100000 110.000000 0.000000 -207312.264630 35.041117 25.286999
6 298.150000 1.000000 0.100000 0.500000 0.100000 110.000000 0.000000 -207121.374491 8.263924 25.536307
8 298.150000 1.000000 0.300000 0.500000 0.100000 110.000000 0.000000 -207589.407009 14.427273 25.570425
7 298.150000 1.000000 0.200000 0.500000 0.100000 110.000000 0.000000 -207905.126193 4.309239 25.362937
8 298.150000 1.000000 0.300000 0.500000 0.100000 110.000000 0.000000 -207554.995291 3.934936 25.613782
8 298.150000 1.000000 0.300000 0.500000 0.100000 110.000000 0.000000 -207432.601704 5.824030 25.607164
8 298.150000 1.000000 0.300000 0.500000 0.100000 110.000000 0.000000 -207408.535913 6.327516 25.777323
8 298.150000 1.000000 0.300000 0.500000 0.100000 110.000000 0.000000 -207829.469906 10.011714 25.668355
6 298.150000 1.000000 0.100000 0.500000 0.100000 110.000000 0.000000 -207539.952406 18.266914 25.626442
7 298.150000 1.000000 0.200000 0.500000 0.100000 110.000000 0.000000 -207504.895091 4.647666 25.706453
7 298.150000 1.000000 0.200000 0.500000 0.100000 110.000000 0.000000 -207318.981866 14.574576 25.658080
7 298.150000 1.000000 0.200000 0.500000 0.100000 110.000000 0.000000 -207758.919466 17.203408 25.615011
6 298.150000 1.000000 0.100000 0.500000 0.100000 110.000000 0.000000 -207408.302990 22.818031 25.749145
6 298.150000 1.000000 0.100000 0.500000 0.100000 110.000000 0.000000 -207477.212638 21.403832 25.581367
6 298.150000 1.000000 0.100000 0.500000 0.100000 110.000000 0.000000 -207931.731679 30.879664 25.836560
6 298.150000 1.000000 0.100000 0.500000 0.100000 110.000000 0.000000 -207215.670554 16.121620 25.595604
6 298.150000 1.000000 0.100000 0.500000 0.100000 110.000000 0.000000 -207645.414197 24.644383 25.731202
6 298.150000 1.000000 0.100000 0.500000 0.100000 110.000000 0.000000 -207406.001703 15.765031 25.551790
6 298.150000 1.000000 0.100000 0.500000 0.100000 110.000000 0.000000 -207589.948870 17.395375 25.302545
6 298.150000 1.000000 0.100000 0.500000 0.100000 110.000000 0.000000 -208013.932269 19.115151 25.331307
6 298.150000 1.000000 0.100000 0.500000 0.100000 110.000000 0.000000 -207460.779944 33.321768 25.616406
6 298.150000 1.000000 0.100000 0.500000 0.100000 110.000000 0.000000 -207618.730205 21.919586 25.347428
6 298.150000 1.000000 0.100000 0.500000 0.100000 110.000000 0.000000 -207582.338143 22.685280 25.660990
6 298.150000 1.000000 0.100000 0.500000 0.100000 110.000000 0.000000 -207579.709651 29.150589 25.658255
