21 298.150000 -1.000000 0.000000 0.000000 0.100000 110.000000 0.000000 -207911.689323 182.690934 25.284137
20 298.150000 -1.000000 0.000000 0.100000 0.100000 110.000000 0.000000 -207854.651432 178.082896 24.749672
20 298.150000 -1.000000 0.000000 0.100000 0.100000 110.000000 0.000000 -208028.860286 182.707556 25.018612
21 298.150000 -1.000000 0.000000 0.000000 0.100000 110.000000 0.000000 -207498.178096 180.528398 24.876318
21 298.150000 -1.000000 0.000000 0.000000 0.100000 110.000000 0.000000 -207830.361431 182.176518 24.638607
20 298.150000 -1.000000 0.000000 0.100000 0.100000 110.000000 0.000000 -207654.491329 170.384561 25.007273
21 298.150000 -1.000000 0.000000 0.000000 0.100000 110.000000 0.000000 -207735.653880 185.056151 25.170194
20 298.150000 -1.000000 0.000000 0.100000 0.100000 110.000000 0.000000 -207726.195262 175.805777 24.828855
20 298.150000 -1.000000 0.000000 0.100000 0.100000 110.000000 0.000000 -207769.772082 154.475996 24.927667
20 298.150000 -1.000000 0.000000 0.100000 0.100000 110.000000 0.000000 -207761.995958 181.549466 24.907230
21 298.150000 -1.000000 0.000000 0.000000 0.100000 110.000000 0.000000 -208009.966171 182.816515 24.876111
21 298.150000 -1.000000 0.000000 0.000000 0.100000 110.000000 0.000000 -208019.645536 186.873200 25.060949
20 298.150000 -1.000000 0.000000 0.100000 0.100000 110.000000 0.000000 -208084.616014 190.908986 25.228147
21 298.150000 -1.000000 0.000000 0.000000 0.100000 110.000000 0.000000 -207867.746393 193.510778 25.200529
21 298.150000 -1.000000 0.000000 0.000000 0.100000 110.000000 0.000000 -207907.828336 177.975454 25.169661
21 298.150000 -1.000000 0.000000 0.000000 0.100000 110.000000 0.000000 -207972.590301 181.380060 24.891315
21 298.150000 -1.000000 0.000000 0.000000 0.100000 110.000000 0.000000 -207776.504779 187.364329 24.976001
20 298.150000 -1.000000 0.000000 0.100000 0.100000 110.000000 0.000000 -207652.025161 191.401755 25.089789
20 298.150000 -1.000000 0.000000 0.100000 0.100000 110.000000 0.000000 -207834.993456 193.735933 25.235216
21 298.150000 -1.000000 0.000000 0.000000 0.100000 110.000000 0.000000 -208039.329368 189.288273 24.841276
21 298.150000 -1.000000 0.000000 0.000000 0.100000 110.000000 0.000000 -207665.363163 178.315340 24.894871
20 298.150000 -1.000000 0.000000 0.100000 0.100000 110.000000 0.000000 -207538.479412 192.936409 24.835828
21 298.150000 -1.000000 0.000000 0.000000 0.100000 110.000000 0.000000 -207820.870238 183.153401 24.945382
21 298.150000 -1.000000 0.000000 0.000000 0.100000 110.000000 0.000000 -208199.665456 181.630619 25.046569
20 298.150000 -1.000000 0.000000 0.100000 0.100000 110.000000 0.000000 -207769.934226 184.922217 24.960638
21 298.150000 -1.000000 0.000000 0.000000 0.100000 110.000000 0.000000 -208128.961303 193.408562 24.992892
21 298.150000 -1.000000 0.000000 0.000000 0.100000 110.000000 0.000000 -207837.501131 197.334093 25.247454
21 298.150000 -1.000000 0.000000 0.000000 0.100000 110.000000 0.000000 -207741.978065 190.142968 24.917305
20 298.150000 -1.000000 0.000000 0.100000 0.100000 110.000000 0.000000 -207552.278786 193.480384 25.077655
20 298.150000 -1.000000 0.000000 0.100000 0.100000 110.000000 0.000000 -207838.810437 191.998500 25.049485
20 298.150000 -1.000000 0.000000 0.100000 0.100000 110.000000 0.000000 -207943.170755 187.960487 25.001449
20 298.150000 -1.000000 0.000000 0.100000 0.100000 110.000000 0.000000 -207549.460265 180.614045 24.761956
21 298.150000 -1.000000 0.000000 0.000000 0.100000 110.000000 0.000000 -207857.963780 177.619549 25.229349
20 298.150000 -1.000000 0.000000 0.100000 0.100000 110.000000 0.000000 -207690.708809 186.623699 25.163941
21 298.150000 -1.000000 0.000000 0.000000 0.100000 110.000000 0.000000 -207902.311763 184.078769 24.632186
20 298.150000 -1.000000 0.000000 0.100000 0.100000 110.000000 0.000000 -208038.248278 187.184157 24.865714
20 298.150000 -1.000000 0.000000 0.100000 0.100000 110.000000 0.000000 -208028.774638 192.398742 24.981788
21 298.150000 -1.000000 0.000000 0.000000 0.100000 110.000000 0.000000 -207502.950473 187.685483 24.961938
21 298.150000 -1.000000 0.000000 0.000000 0.100000 110.000000 0.000000 -207578.182700 183.911580 24.977964
20 298.150000 -1.000000 0.000000 0.100000 0.100000 110.000000 0.000000 -207762.506687 182.606564 25.064354
21 298.150000 -1.000000 0.000000 0.000000 0.100000 110.000000 0.000000 -207631.391689 182.893066 24.855831
20 298.150000 -1.000000 0.000000 0.100000 0.100000 110.000000 0.000000 -207504.538284 196.634564 24.871212
21 298.150000 -1.000000 0.000000 0.000000 0.100000 110.000000 0.000000 -207564.437141 189.980808 24.962759
20 298.150000 -1.000000 0.000000 0.100000 0.100000 110.000000 0.000000 -207719.639332 188.772467 24.952124
21 298.150000 -1.000000 0.000000 0.000000 0.100000 110.000000 0.000000 -208135.672813 179.431178 25.213171
21 298.150000 -1.000000 0.000000 0.000000 0.100000 110.000000 0.000000 -208245.232453 184.888331 25.027776
20 298.150000 -1.000000 0.000000 0.100000 0.100000 110.000000 0.000000 -207685.398290 197.821134 24.876518
21 298.150000 -1.000000 0.000000 0.000000 0.100000 110.000000 0.000000 -207709.945223 183.770472 25.140117
21 298.150000 -1.000000 0.000000 0.000000 0.100000 110.000000 0.000000 -207996.661542 194.047320 24.855987
21 298.150000 -1.000000 0.000000 0.000000 0.100000 110.000000 0.000000 -207892.185632 183.552149 25.016436
20 298.150000 -1.000000 0.000000 0.100000 0.100000 110.000000 0.000000 -207648.404529 180.093000 24.896006
20 298.150000 -1.000000 0.000000 0.100000 0.100000 110.000000 0.000000 -207795.975638 181.150046 24.864714
20 298.150000 -1.000000 0.000000 0.100000 0.100000 110.000000 0.000000 -208006.094671 184.247176 25.094339
20 298.150000 -1.000000 0.000000 0.100000 0.100000 110.000000 0.000000 -208172.239492 188.464490 24.975586
21 298.150000 -1.000000 0.000000 0.000000 0.100000 110.000000 0.000000 -207941.161283 189.771975 25.237488
21 298.150000 -1.000000 0.000000 0.000000 0.100000 110.000000 0.000000 -207969.574499 187.126761 24.922787
21 298.150000 -1.000000 0.000000 0.000000 0.100000 110.000000 0.000000 -207850.002761 176.534148 25.149935
20 298.150000 -1.000000 0.000000 0.100000 0.100000 110.000000 0.000000 -207613.240086 184.496320 25.200960
20 298.150000 -1.000000 0.000000 0.100000 0.100000 110.000000 0.000000 -207899.320174 177.568331 25.272292
20 298.150000 -1.000000 0.000000 0.100000 0.100000 110.000000 0.000000 -207811.840931 192.633370 24.942076
21 298.150000 -1.000000 0.000000 0.000000 0.100000 110.000000 0.000000 -207997.678662 183.950802 24.911509
21 298.150000 -1.000000 0.000000 0.000000 0.100000 110.000000 0.000000 -208007.768793 186.370889 24.871934
21 298.150000 -1.000000 0.000000 0.000000 0.100000 110.000000 0.000000 -207960.872827 171.066032 24.875826
21 298.150000 -1.000000 0.000000 0.000000 0.100000 110.000000 0.000000 -208176.500121 195.444299 25.022051
21 298.150000 -1.000000 0.000000 0.000000 0.100000 110.000000 0.000000 -207885.196192 186.520158 24.987548
21 298.150000 -1.000000 0.000000 0.000000 0.100000 110.000000 0.000000 -207697.526475 188.615595 24.875165
20 298.150000 -1.000000 0.000000 0.100000 0.100000 110.000000 0.000000 -207639.424594 184.686932 25.185641
20 298.150000 -1.000000 0.000000 0.100000 0.100000 110.000000 0.000000 -207716.949524 181.002349 25.073118
20 298.150000 -1.000000 0.000000 0.100000 0.100000 110.000000 0.000000 -208089.463410 142.992040 25.236162
20 298.150000 -1.000000 0.000000 0.100000 0.100000 110.000000 0.000000 -207891.495626 155.621427 24.887597
20 298.150000 -1.000000 0.000000 0.100000 0.100000 110.000000 0.000000 -207856.555166 177.747180 24.886066
20 298.150000 -1.000000 0.000000 0.100000 0.100000 110.000000 0.000000 -207597.648666 147.709887 24.735371
20 298.150000 -1.000000 0.000000 0.100000 0.100000 110.000000 0.000000 -208112.802131 134.400754 24.954944
19 298.150000 -1.000000 0.000000 0.200000 0.100000 110.000000 0.000000 -207710.458365 135.169492 25.281938
19 298.150000 -1.000000 0.000000 0.200000 0.100000 110.000000 0.000000 -207689.893992 141.540508 24.930925
19 298.150000 -1.000000 0.000000 0.200000 0.100000 110.000000 0.000000 -208006.576668 134.890702 25.007445
19 298.150000 -1.000000 0.000000 0.200000 0.100000 110.000000 0.000000 -207836.229062 131.034092 25.164507
19 298.150000 -1.000000 0.000000 0.200000 0.100000 110.000000 0.000000 -207992.907441 133.136938 25.112988
19 298.150000 -1.000000 0.000000 0.200000 0.100000 110.000000 0.000000 -207872.926390 132.793824 25.192060
18 298.150000 -1.000000 0.000000 0.300000 0.100000 110.000000 0.000000 -207807.539555 85.171265 25.041024
18 298.150000 -1.000000 0.000000 0.300000 0.100000 110.000000 0.000000 -207635.841600 85.274094 24.930782
18 298.150000 -1.000000 0.000000 0.300000 0.100000 110.000000 0.000000 -207764.322531 144.245996 25.208436
18 298.150000 -1.000000 0.000000 0.300000 0.100000 110.000000 0.000000 -208030.515873 80.489869 24.835717
18 298.150000 -1.000000 0.000000 0.300000 0.100000 110.000000 0.000000 -208208.392486 89.455393 25.111104
17 298.150000 -1.000000 0.000000 0.400000 0.100000 110.000000 0.000000 -207757.581990 98.080533 24.866182
16 298.150000 -1.000000 0.000000 0.500000 0.100000 110.000000 0.000000 -207947.338913 95.454504 24.680748
16 298.150000 -1.000000 0.000000 0.500000 0.100000 110.000000 0.000000 -207857.909291 103.255948 24.868897
16 298.150000 -1.000000 0.000000 0.500000 0.100000 110.000000 0.000000 -207697.480955 55.182690 24.957581
16 298.150000 -1.000000 0.000000 0.500000 0.100000 110.000000 0.000000 -207716.763781 91.777952 24.926879
17 298.150000 -1.000000 0.000000 0.400000 0.100000 110.000000 0.000000 -207721.855093 94.641262 24.742708
16 298.150000 -1.000000 0.000000 0.500000 0.100000 110.000000 0.000000 -207882.064308 72.571665 24.846468
16 298.150000 -1.000000 0.000000 0.500000 0.100000 110.000000 0.000000 -207796.087457 89.411092 24.875627
16 298.150000 -1.000000 0.000000 0.500000 0.100000 110.000000 0.000000 -207820.547105 51.229334 24.840071
16 298.150000 -1.000000 0.000000 0.500000 0.100000 110.000000 0.000000 -208028.545253 44.910496 25.043536
15 298.150000 -1.000000 0.100000 0.500000 0.100000 110.000000 0.000000 -207918.614804 29.206653 24.809119
15 298.150000 -1.000000 0.100000 0.500000 0.100000 110.000000 0.000000 -207850.118722 27.695166 24.928397
15 298.150000 -1.000000 0.100000 0.500000 0.100000 110.000000 0.000000 -207878.762752 34.747179 24.976360
15 298.150000 -1.000000 0.100000 0.500000 0.100000 110.000000 0.000000 -207464.723159 9.903053 25.000230
10 298.150000 1.000000 0.500000 0.500000 0.100000 110.000000 0.000000 -207609.125349 -0.912614 25.259898
10 298.150000 1.000000 0.500000 0.500000 0.100000 110.000000 0.000000 -207406.162334 3.025676 25.010057
9 298.150000 1.000000 0.400000 0.500000 0.100000 110.000000 0.000000 -208001.001805 7.666508 24.864167
9 298.150000 1.000000 0.400000 0.500000 0.100000 110.000000 0.000000 -207340.166407 2.262074 25.101681
9 298.150000 1.000000 0.400000 0.500000 0.100000 110.000000 0.000000 -207884.593124 -3.171393 24.879327
8 298.150000 1.000000 0.300000 0.500000 0.100000 110.000000 0.000000 -207858.479814 13.445556 24.938598
7 298.150000 1.000000 0.200000 0.500000 0.100000 110.000000 0.000000 -208045.316680 13.254552 25.195587
7 298.150000 1.000000 0.200000 0.500000 0.100000 110.000000 0.000000 -207663.374215 12.490908 24.865362
8 298.150000 1.000000 0.300000 0.500000 0.100000 110.000000 0.000000 -207733.949980 4.370057 25.263817
9 298.150000 1.000000 0.400000 0.500000 0.100000 110.000000 0.000000 -207878.800929 2.284462 24.822346
9 298.150000 1.000000 0.400000 0.500000 0.100000 110.000000 0.000000 -207742.614532 7.455996 25.138391
9 298.150000 1.000000 0.400000 0.500000 0.100000 110.000000 0.000000 -207559.750029 14.805787 25.040849
8 298.150000 1.000000 0.300000 0.500000 0.100000 110.000000 0.000000 -207830.342609 9.985286 25.061945
9 298.150000 1.000000 0.400000 0.500000 0.100000 110.000000 0.000000 -207641.859951 3.340914 24.989135
8 298.150000 1.000000 0.300000 0.500000 0.100000 110.000000 0.000000 -207859.608626 27.613010 24.841903
7 298.150000 1.000000 0.200000 0.500000 0.100000 110.000000 0.000000 -207647.599342 29.336157 25.029040
8 298.150000 1.000000 0.300000 0.500000 0.100000 110.000000 0.000000 -207992.950477 6.296855 25.070703
9 298.150000 1.000000 0.400000 0.500000 0.100000 110.000000 0.000000 -207408.189649 6.532765 24.906379
9 298.150000 1.000000 0.400000 0.500000 0.100000 110.000000 0.000000 -208002.872710 4.549270 25.054034
9 298.150000 1.000000 0.400000 0.500000 0.100000 110.000000 0.000000 -208078.541744 -1.037602 25.034837
10 298.150000 1.000000 0.500000 0.500000 0.100000 110.000000 0.000000 -207870.744628 -1.193032 24.879331
11 298.150000 -1.000000 0.500000 0.500000 0.100000 110.000000 0.000000 -208137.302709 -5.352113 24.866392
11 298.150000 -1.000000 0.500000 0.500000 0.100000 110.000000 0.000000 -207827.269668 -1.203500 24.905686
12 298.150000 -1.000000 0.400000 0.500000 0.100000 110.000000 0.000000 -207587.464252 -1.079086 24.954051
10 298.150000 1.000000 0.500000 0.500000 0.100000 110.000000 0.000000 -207739.218959 -3.957993 24.953124
10 298.150000 1.000000 0.500000 0.500000 0.100000 110.000000 0.000000 -207809.170747 -0.031352 24.988638
12 298.150000 -1.000000 0.400000 0.500000 0.100000 110.000000 0.000000 -207860.251421 2.403906 25.436126
12 298.150000 -1.000000 0.400000 0.500000 0.100000 110.000000 0.000000 -207756.265028 4.022310 25.230418
