14 298.150000 -1.000000 0.200000 0.500000 0.100000 110.000000 0.000000 -207425.446053 6.681534 25.683518
13 298.150000 -1.000000 0.300000 0.500000 0.100000 110.000000 0.000000 -207495.534114 8.500100 25.634347
13 298.150000 -1.000000 0.300000 0.500000 0.100000 110.000000 0.000000 -207269.478270 9.588426 25.602674
12 298.150000 -1.000000 0.400000 0.500000 0.100000 110.000000 0.000000 -207769.914598 -1.003789 25.407583
13 298.150000 -1.000000 0.300000 0.500000 0.100000 110.000000 0.000000 -207803.308753 5.378467 25.573304
13 298.150000 -1.000000 0.300000 0.500000 0.100000 110.000000 0.000000 -207477.796832 10.705231 25.417715
13 298.150000 -1.000000 0.300000 0.500000 0.100000 110.000000 0.000000 -207635.753180 9.106747 25.657822
12 298.150000 -1.000000 0.400000 0.500000 0.100000 110.000000 0.000000 -207526.682126 -4.645206 25.664513
11 298.150000 -1.000000 0.500000 0.500000 0.100000 110.000000 0.000000 -207638.848267 6.990217 25.564753
11 298.150000 -1.000000 0.500000 0.500000 0.100000 110.000000 0.000000 -207656.141106 -0.649326 25.591380
10 298.150000 1.000000 0.500000 0.500000 0.100000 110.000000 0.000000 -207317.340741 1.211849 25.314139
14 298.150000 -1.000000 0.200000 0.500000 0.100000 110.000000 0.000000 -207632.861222 6.842205 25.617507
14 298.150000 -1.000000 0.200000 0.500000 0.100000 110.000000 0.000000 -207205.049069 7.931130 25.488207
14 298.150000 -1.000000 0.200000 0.500000 0.100000 110.000000 0.000000 -207503.049188 6.614214 25.738443
13 298.150000 -1.000000 0.300000 0.500000 0.100000 110.000000 0.000000 -207034.657559 4.994734 25.387410
12 298.150000 -1.000000 0.400000 0.500000 0.100000 110.000000 0.000000 -207320.893587 0.173303 25.458890
10 298.150000 1.000000 0.500000 0.500000 0.100000 110.000000 0.000000 -207403.511603 6.970731 25.063352
9 298.150000 1.000000 0.400000 0.500000 0.100000 110.000000 0.000000 -207777.950590 6.037824 25.529199
6 298.150000 1.000000 0.100000 0.500000 0.100000 110.000000 0.000000 -207560.734940 27.491421 25.530656
6 298.150000 1.000000 0.100000 0.500000 0.100000 110.000000 0.000000 -207508.267782 20.822530 25.797432
6 298.150000 1.000000 0.100000 0.500000 0.100000 110.000000 0.000000 -207124.630778 21.308641 25.436426
6 298.150000 1.000000 0.100000 0.500000 0.100000 110.000000 0.000000 -207414.171739 39.566883 25.470110
6 298.150000 1.000000 0.100000 0.500000 0.100000 110.000000 0.000000 -207845.883947 14.910176 25.579348
6 298.150000 1.000000 0.100000 0.500000 0.100000 110.000000 0.000000 -207437.831077 18.648221 25.466425
6 298.150000 1.000000 0.100000 0.500000 0.100000 110.000000 0.000000 -207776.919146 17.132359 25.678498
6 298.150000 1.000000 0.100000 0.500000 0.100000 110.000000 0.000000 -207717.332078 16.755792 25.383315
7 298.150000 1.000000 0.200000 0.500000 0.100000 110.000000 0.000000 -207558.545765 22.558757 25.410909
7 298.150000 1.000000 0.200000 0.500000 0.100000 110.000000 0.000000 -206901.779071 12.411188 25.755642
7 298.150000 1.000000 0.200000 0.500000 0.100000 110.000000 0.000000 -207578.227291 -2.116755 25.676481
8 298.150000 1.000000 0.300000 0.500000 0.100000 110.000000 0.000000 -207751.164380 10.784994 25.379600
8 298.150000 1.000000 0.300000 0.500000 0.100000 110.000000 0.000000 -207436.876516 5.090659 25.101004
7 298.150000 1.000000 0.200000 0.500000 0.100000 110.000000 0.000000 -207083.702428 8.581060 25.421024
8 298.150000 1.000000 0.300000 0.500000 0.100000 110.000000 0.000000 -207482.411964 6.458307 25.367631
8 298.150000 1.000000 0.300000 0.500000 0.100000 110.000000 0.000000 -207434.604863 7.830102 25.461017
7 298.150000 1.000000 0.200000 0.500000 0.100000 110.000000 0.000000 -207414.490281 12.164756 25.671747
8 298.150000 1.000000 0.300000 0.500000 0.100000 110.000000 0.000000 -207514.554978 20.230598 25.447619
7 298.150000 1.000000 0.200000 0.500000 0.100000 110.000000 0.000000 -207475.501435 23.527950 25.088350
7 298.150000 1.000000 0.200000 0.500000 0.100000 110.000000 0.000000 -207268.175411 17.916662 25.611919
6 298.150000 1.000000 0.100000 0.500000 0.100000 110.000000 0.000000 -207647.177773 20.732736 25.593247
6 298.150000 1.000000 0.100000 0.500000 0.100000 110.000000 0.000000 -207321.212271 14.987267 25.178242
6 298.150000 1.000000 0.100000 0.500000 0.100000 110.000000 0.000000 -207150.663520 15.687965 25.427868
7 298.150000 1.000000 0.200000 0.500000 0.100000 110.000000 0.000000 -207303.291078 8.874862 25.646342
10 298.150000 1.000000 0.500000 0.500000 0.100000 110.000000 0.000000 -207938.520215 2.708695 25.367772
9 298.150000 1.000000 0.400000 0.500000 0.100000 110.000000 0.000000 -207705.610196 -1.951171 25.475207
8 298.150000 1.000000 0.300000 0.500000 0.100000 110.000000 0.000000 -207349.332672 11.190941 25.430070
8 298.150000 1.000000 0.300000 0.500000 0.100000 110.000000 0.000000 -207795.300335 6.118207 25.636850
9 298.150000 1.000000 0.400000 0.500000 0.100000 110.000000 0.000000 -207401.304099 1.382866 25.451079
8 298.150000 1.000000 0.300000 0.500000 0.100000 110.000000 0.000000 -207615.742459 0.944449 25.625142
8 298.150000 1.000000 0.300000 0.500000 0.100000 110.000000 0.000000 -207021.957302 10.791119 25.699395
8 298.150000 1.000000 0.300000 0.500000 0.100000 110.000000 0.000000 -207251.373494 9.363030 25.809022
8 298.150000 1.000000 0.300000 0.500000 0.100000 110.000000 0.000000 -207597.255188 6.123521 25.452694
7 298.150000 1.000000 0.200000 0.500000 0.100000 110.000000 0.000000 -207017.004716 19.381924 25.282533
7 298.150000 1.000000 0.200000 0.500000 0.100000 110.000000 0.000000 -207394.155503 10.679136 25.483909
8 298.150000 1.000000 0.300000 0.500000 0.100000 110.000000 0.000000 -207422.439102 4.655181 25.612112
11 298.150000 -1.000000 0.500000 0.500000 0.100000 110.000000 0.000000 -207468.469620 8.103452 25.673806
14 298.150000 -1.000000 0.200000 0.500000 0.100000 110.000000 0.000000 -207186.511469 7.459343 25.548077
12 298.150000 -1.000000 0.400000 0.500000 0.100000 110.000000 0.000000 -207310.326884 10.188190 25.712895
12 298.150000 -1.000000 0.400000 0.500000 0.100000 110.000000 0.000000 -207691.754911 5.669332 25.178529
14 298.150000 -1.000000 0.200000 0.500000 0.100000 110.000000 0.000000 -207714.811336 6.778525 25.450070
15 298.150000 -1.000000 0.100000 0.500000 0.100000 110.000000 0.000000 -207213.377091 14.239812 25.553961
15 298.150000 -1.000000 0.100000 0.500000 0.100000 110.000000 0.000000 -207428.743976 53.464738 25.538700
15 298.150000 -1.000000 0.100000 0.500000 0.100000 110.000000 0.000000 -207396.855006 15.368337 25.237756
15 298.150000 -1.000000 0.100000 0.500000 0.100000 110.000000 0.000000 -207735.150587 13.462584 25.194115
14 298.150000 -1.000000 0.200000 0.500000 0.100000 110.000000 0.000000 -207375.744543 4.400530 25.583726
11 298.150000 -1.000000 0.500000 0.500000 0.100000 110.000000 0.000000 -207452.427988 2.657734 25.344916
12 298.150000 -1.000000 0.400000 0.500000 0.100000 110.000000 0.000000 -207839.214344 5.827000 25.357431
12 298.150000 -1.000000 0.400000 0.500000 0.100000 110.000000 0.000000 -207441.558784 9.040928 25.589016
13 298.150000 -1.000000 0.300000 0.500000 0.100000 110.000000 0.000000 -207623.683278 2.267897 25.584673
8 298.150000 1.000000 0.300000 0.500000 0.100000 110.000000 0.000000 -207506.853619 0.546998 25.435248
10 298.150000 1.000000 0.500000 0.500000 0.100000 110.000000 0.000000 -207733.818077 0.882443 25.564400
11 298.150000 -1.000000 0.500000 0.500000 0.100000 110.000000 0.000000 -207583.841649 -6.499912 25.600866
9 298.150000 1.000000 0.400000 0.500000 0.100000 110.000000 0.000000 -207062.098836 8.216873 25.736448
8 298.150000 1.000000 0.300000 0.500000 0.100000 110.000000 0.000000 -207490.569458 -4.064159 25.546498
9 298.150000 1.000000 0.400000 0.500000 0.100000 110.000000 0.000000 -207372.041600 0.710157 25.420562
8 298.150000 1.000000 0.300000 0.500000 0.100000 110.000000 0.000000 -207122.814173 1.626123 25.170908
8 298.150000 1.000000 0.300000 0.500000 0.100000 110.000000 0.000000 -207433.673433 0.145387 25.743959
8 298.150000 1.000000 0.300000 0.500000 0.100000 110.000000 0.000000 -207546.897853 0.331925 25.559456
9 298.150000 1.000000 0.400000 0.500000 0.100000 110.000000 0.000000 -207538.493545 -1.451037 25.681234
9 298.150000 1.000000 0.400000 0.500000 0.100000 110.000000 0.000000 -207423.579825 -2.269561 25.517400
10 298.150000 1.000000 0.500000 0.500000 0.100000 110.000000 0.000000 -207868.649838 -3.765330 25.566321
10 298.150000 1.000000 0.500000 0.500000 0.100000 110.000000 0.000000 -207286.154289 2.727853 25.782591
9 298.150000 1.000000 0.400000 0.500000 0.100000 110.000000 0.000000 -207161.533599 2.311513 25.723029
9 298.150000 1.000000 0.400000 0.500000 0.100000 110.000000 0.000000 -207700.419442 5.574910 25.836748
10 298.150000 1.000000 0.500000 0.500000 0.100000 110.000000 0.000000 -207466.687729 -1.954320 25.649929
10 298.150000 1.000000 0.500000 0.500000 0.100000 110.000000 0.000000 -207422.826555 -0.847275 25.836709
10 298.150000 1.000000 0.500000 0.500000 0.100000 110.000000 0.000000 -207274.082395 -1.044626 25.747743
10 298.150000 1.000000 0.500000 0.500000 0.100000 110.000000 0.000000 -207163.891241 -0.258225 25.716301
10 298.150000 1.000000 0.500000 0.500000 0.100000 110.000000 0.000000 -207184.286844 2.815154 25.747252
10 298.150000 1.000000 0.500000 0.500000 0.100000 110.000000 0.000000 -207607.611802 3.153649 25.740219
9 298.150000 1.000000 0.400000 0.500000 0.100000 110.000000 0.000000 -207667.272008 3.461704 25.600368
7 298.150000 1.000000 0.200000 0.500000 0.100000 110.000000 0.000000 -207419.902696 18.509945 25.620976
7 298.150000 1.000000 0.200000 0.500000 0.100000 110.000000 0.000000 -207624.697021 8.914428 25.323100
7 298.150000 1.000000 0.200000 0.500000 0.100000 110.000000 0.000000 -207530.667281 10.559349 25.582616
6 298.150000 1.000000 0.100000 0.500000 0.100000 110.000000 0.000000 -207200.063140 23.267758 25.470993
6 298.150000 1.000000 0.100000 0.500000 0.100000 110.000000 0.000000 -207616.401054 20.043268 25.616153
6 298.150000 1.000000 0.100000 0.500000 0.100000 110.000000 0.000000 -207319.536041 16.053011 25.426003
6 298.150000 1.000000 0.100000 0.500000 0.100000 110.000000 0.000000 -207814.367922 25.806336 25.343981
6 298.150000 1.000000 0.100000 0.500000 0.100000 110.000000 0.000000 -207462.439109 16.156409 25.682859
6 298.150000 1.000000 0.100000 0.500000 0.100000 110.000000 0.000000 -207310.388255 36.158481 25.309642
6 298.150000 1.000000 0.100000 0.500000 0.100000 110.000000 0.000000 -207069.892633 21.275001 25.697654
7 298.150000 1.000000 0.200000 0.500000 0.100000 110.000000 0.000000 -207541.321427 13.885066 25.759978
7 298.150000 1.000000 0.200000 0.500000 0.100000 110.000000 0.000000 -206737.714180 22.313931 25.758758
6 298.150000 1.000000 0.100000 0.500000 0.100000 110.000000 0.000000 -207067.023667 12.543951 25.666856
6 298.150000 1.000000 0.100000 0.500000 0.100000 110.000000 0.000000 -207404.501621 21.873980 25.849445
4 298.150000 1.000000 0.000000 0.400000 0.100000 110.000000 0.000000 -207489.649331 71.630215 25.739121
4 298.150000 1.000000 0.000000 0.400000 0.100000 110.000000 0.000000 -207251.488636 91.668487 25.843195
4 298.150000 1.000000 0.000000 0.400000 0.100000 110.000000 0.000000 -207294.508781 46.813938 25.707468
5 298.150000 1.000000 0.000000 0.500000 0.100000 110.000000 0.000000 -207435.171924 59.225718 25.564606
5 298.150000 1.000000 0.000000 0.500000 0.100000 110.000000 0.000000 -207709.334041 101.316603 25.664909
4 298.150000 1.000000 0.000000 0.400000 0.100000 110.000000 0.000000 -207491.177683 53.806104 25.778233
4 298.150000 1.000000 0.000000 0.400000 0.100000 110.000000 0.000000 -207427.860040 85.508863 25.798257
2 298.150000 1.000000 0.000000 0.200000 0.100000 110.000000 0.000000 -207220.252149 48.425074 24.859407
3 298.150000 1.000000 0.000000 0.300000 0.100000 110.000000 0.000000 -207680.606465 42.464537 25.270907
4 298.150000 1.000000 0.000000 0.400000 0.100000 110.000000 0.000000 -207432.742488 71.964244 25.786348
4 298.150000 1.000000 0.000000 0.400000 0.100000 110.000000 0.000000 -207496.725252 76.208635 25.150275
2 298.150000 1.000000 0.000000 0.200000 0.100000 110.000000 0.000000 -207360.789490 64.514544 25.489997
4 298.150000 1.000000 0.000000 0.400000 0.100000 110.000000 0.000000 -207656.766311 52.393455 24.509084
3 298.150000 1.000000 0.000000 0.300000 0.100000 110.000000 0.000000 -207307.941777 42.354860 25.600198
4 298.150000 1.000000 0.000000 0.400000 0.100000 110.000000 0.000000 -207006.254068 64.229357 25.651585
2 298.150000 1.000000 0.000000 0.200000 0.100000 110.000000 0.000000 -207689.293796 72.470473 25.966872
5 298.150000 1.000000 0.000000 0.500000 0.100000 110.000000 0.000000 -207368.124937 64.876280 25.675802
5 298.150000 1.000000 0.000000 0.500000 0.100000 110.000000 0.000000 -207456.892201 57.162367 25.569867
4 298.150000 1.000000 0.000000 0.400000 0.100000 110.000000 0.000000 -207205.906584 115.750889 25.157324
3 298.150000 1.000000 0.000000 0.300000 0.100000 110.000000 0.000000 -207280.401782 73.168546 25.844178
3 298.150000 1.000000 0.000000 0.300000 0.100000 110.000000 0.000000 -207146.927580 66.014075 25.942996
5 298.150000 1.000000 0.000000 0.500000 0.100000 110.000000 0.000000 -207364.025991 52.578433 25.910343
2 298.150000 1.000000 0.000000 0.200000 0.100000 110.000000 0.000000 -207651.891518 86.994717 25.779939
2 298.150000 1.000000 0.000000 0.200000 0.100000 110.000000 0.000000 -207519.982814 103.675964 25.741190
2 298.150000 1.000000 0.000000 0.200000 0.100000 110.000000 0.000000 -207718.243887 68.949844 25.639615
2 298.150000 1.000000 0.000000 0.200000 0.100000 110.000000 0.000000 -207641.992079 79.341740 25.817269
5 298.150000 1.000000 0.000000 0.500000 0.100000 110.000000 0.000000 -207612.859037 64.081778 25.684826
2 298.150000 1.000000 0.000000 0.200000 0.100000 110.000000 0.000000 -207370.098968 97.134459 25.722212
5 298.150000 1.000000 0.000000 0.500000 0.100000 110.000000 0.000000 -207396.528229 55.902975 25.615457
3 298.150000 1.000000 0.000000 0.300000 0.100000 110.000000 0.000000 -207558.505466 63.822124 25.922138
3 298.150000 1.000000 0.000000 0.300000 0.100000 110.000000 0.000000 -207294.717541 104.111995 25.250842
4 298.150000 1.000000 0.000000 0.400000 0.100000 110.000000 0.000000 -207409.701742 91.593918 25.628681
5 298.150000 1.000000 0.000000 0.500000 0.100000 110.000000 0.000000 -207408.464060 66.412485 26.004313
4 298.150000 1.000000 0.000000 0.400000 0.100000 110.000000 0.000000 -207652.513988 106.458447 25.833618
2 298.150000 1.000000 0.000000 0.200000 0.100000 110.000000 0.000000 -207149.452270 93.899997 25.249211
2 298.150000 1.000000 0.000000 0.200000 0.100000 110.000000 0.000000 -207480.930086 88.004644 24.834129
3 298.150000 1.000000 0.000000 0.300000 0.100000 110.000000 0.000000 -207022.540653 42.619736 25.095636
3 298.150000 1.000000 0.000000 0.300000 0.100000 110.000000 0.000000 -207544.524681 82.001580 25.560406
5 298.150000 1.000000 0.000000 0.500000 0.100000 110.000000 0.000000 -207310.693568 86.472612 25.828928
4 298.150000 1.000000 0.000000 0.400000 0.100000 110.000000 0.000000 -207584.141947 66.324616 24.981135
5 298.150000 1.000000 0.000000 0.500000 0.100000 110.000000 0.000000 -207664.319569 46.240167 25.761146
5 298.150000 1.000000 0.000000 0.500000 0.100000 110.000000 0.000000 -207169.530800 95.441666 25.195021
5 298.150000 1.000000 0.000000 0.500000 0.100000 110.000000 0.000000 -207406.888499 73.859708 24.421464
4 298.150000 1.000000 0.000000 0.400000 0.100000 110.000000 0.000000 -207505.655033 69.279158 25.572790
1 298.150000 1.000000 0.000000 0.100000 0.100000 110.000000 0.000000 -207080.869886 130.810244 25.587717
1 298.150000 1.000000 0.000000 0.100000 0.100000 110.000000 0.000000 -207791.981456 140.468678 22.132210
1 298.150000 1.000000 0.000000 0.100000 0.100000 110.000000 0.000000 -207659.024725 70.243119 25.692542
5 298.150000 1.000000 0.000000 0.500000 0.100000 110.000000 0.000000 -207382.199617 92.933016 25.637061
4 298.150000 1.000000 0.000000 0.400000 0.100000 110.000000 0.000000 -207465.890756 87.921447 25.683322
4 298.150000 1.000000 0.000000 0.400000 0.100000 110.000000 0.000000 -207822.802793 81.128221 25.282531
4 298.150000 1.000000 0.000000 0.400000 0.100000 110.000000 0.000000 -207543.506059 68.448059 25.638947
2 298.150000 1.000000 0.000000 0.200000 0.100000 110.000000 0.000000 -207410.922482 75.080874 25.769512
3 298.150000 1.000000 0.000000 0.300000 0.100000 110.000000 0.000000 -207221.992671 50.045328 25.125561
5 298.150000 1.000000 0.000000 0.500000 0.100000 110.000000 0.000000 -207380.934073 81.715981 25.232684
5 298.150000 1.000000 0.000000 0.500000 0.100000 110.000000 0.000000 -207068.735161 64.485797 25.804441
3 298.150000 1.000000 0.000000 0.300000 0.100000 110.000000 0.000000 -207551.711356 95.636001 24.153234
3 298.150000 1.000000 0.000000 0.300000 0.100000 110.000000 0.000000 -207857.060089 48.985742 25.212177
5 298.150000 1.000000 0.000000 0.500000 0.100000 110.000000 0.000000 -207158.048987 40.134824 23.592931
3 298.150000 1.000000 0.000000 0.300000 0.100000 110.000000 0.000000 -207592.557206 97.709905 25.433165
3 298.150000 1.000000 0.000000 0.300000 0.100000 110.000000 0.000000 -207696.132132 71.928571 23.014415
4 298.150000 1.000000 0.000000 0.400000 0.100000 110.000000 0.000000 -207483.398218 86.435263 24.551527
5 298.150000 1.000000 0.000000 0.500000 0.100000 110.000000 0.000000 -207374.455545 45.211393 24.942185
4 298.150000 1.000000 0.000000 0.400000 0.100000 110.000000 0.000000 -207564.878925 64.001965 25.082770
2 298.150000 1.000000 0.000000 0.200000 0.100000 110.000000 0.000000 -207343.344325 89.003120 25.637092
3 298.150000 1.000000 0.000000 0.300000 0.100000 110.000000 0.000000 -207581.806643 71.251792 24.800224
4 298.150000 1.000000 0.000000 0.400000 0.100000 110.000000 0.000000 -207694.651986 65.049175 24.647595
5 298.150000 1.000000 0.000000 0.500000 0.100000 110.000000 0.000000 -207499.270705 72.520766 25.815322
2 298.150000 1.000000 0.000000 0.200000 0.100000 110.000000 0.000000 -207132.184241 117.154868 25.395790
2 298.150000 1.000000 0.000000 0.200000 0.100000 110.000000 0.000000 -207353.253397 60.228402 24.495042
2 298.150000 1.000000 0.000000 0.200000 0.100000 110.000000 0.000000 -207372.472650 76.090450 25.103379
2 298.150000 1.000000 0.000000 0.200000 0.100000 110.000000 0.000000 -207125.272562 78.424912 25.731791
2 298.150000 1.000000 0.000000 0.200000 0.100000 110.000000 0.000000 -207578.085276 57.307675 25.736711
2 298.150000 1.000000 0.000000 0.200000 0.100000 110.000000 0.000000 -207162.101608 77.705531 24.094434
4 298.150000 1.000000 0.000000 0.400000 0.100000 110.000000 0.000000 -207385.233763 74.325948 25.707264
4 298.150000 1.000000 0.000000 0.400000 0.100000 110.000000 0.000000 -207547.351257 90.492678 23.792533
3 298.150000 1.000000 0.000000 0.300000 0.100000 110.000000 0.000000 -207649.230507 53.151644 25.056542
2 298.150000 1.000000 0.000000 0.200000 0.100000 110.000000 0.000000 -207251.783921 118.680066 25.692338
1 298.150000 1.000000 0.000000 0.100000 0.100000 110.000000 0.000000 -207899.229828 141.643367 23.893696
1 298.150000 1.000000 0.000000 0.100000 0.100000 110.000000 0.000000 -207337.734837 118.440739 25.220285
2 298.150000 1.000000 0.000000 0.200000 0.100000 110.000000 0.000000 -207250.931570 74.082542 25.901916
2 298.150000 1.000000 0.000000 0.200000 0.100000 110.000000 0.000000 -207120.685325 104.186207 25.846383
2 298.150000 1.000000 0.000000 0.200000 0.100000 110.000000 0.000000 -207343.638099 105.472528 25.947216
2 298.150000 1.000000 0.000000 0.200000 0.100000 110.000000 0.000000 -207610.104345 114.918686 25.511151
2 298.150000 1.000000 0.000000 0.200000 0.100000 110.000000 0.000000 -207716.490476 106.275565 25.885485
1 298.150000 1.000000 0.000000 0.100000 0.100000 110.000000 0.000000 -207372.193076 56.053778 25.542928
5 298.150000 1.000000 0.000000 0.500000 0.100000 110.000000 0.000000 -207577.087683 76.199881 25.998862
4 298.150000 1.000000 0.000000 0.400000 0.100000 110.000000 0.000000 -207388.955343 96.157101 24.700453
3 298.150000 1.000000 0.000000 0.300000 0.100000 110.000000 0.000000 -207759.699872 79.906877 25.716682
4 298.150000 1.000000 0.000000 0.400000 0.100000 110.000000 0.000000 -207516.199998 65.352461 25.520662
1 298.150000 1.000000 0.000000 0.100000 0.100000 110.000000 0.000000 -207429.432456 145.039566 25.874982
1 298.150000 1.000000 0.000000 0.100000 0.100000 110.000000 0.000000 -207703.314351 149.561223 24.735383
1 298.150000 1.000000 0.000000 0.100000 0.100000 110.000000 0.000000 -207370.397047 131.100299 25.524177
1 298.150000 1.000000 0.000000 0.100000 0.100000 110.000000 0.000000 -206917.019018 163.783920 24.828249
1 298.150000 1.000000 0.000000 0.100000 0.100000 110.000000 0.000000 -207423.077466 113.067129 25.742426
4 298.150000 1.000000 0.000000 0.400000 0.100000 110.000000 0.000000 -207702.773196 61.558201 25.472919
2 298.150000 1.000000 0.000000 0.200000 0.100000 110.000000 0.000000 -207463.484753 45.130790 25.768480
4 298.150000 1.000000 0.000000 0.400000 0.100000 110.000000 0.000000 -207134.427592 78.549787 25.794431
3 298.150000 1.000000 0.000000 0.300000 0.100000 110.000000 0.000000 -207540.213087 94.317821 25.488049
3 298.150000 1.000000 0.000000 0.300000 0.100000 110.000000 0.000000 -207552.348168 71.239700 25.760391
3 298.150000 1.000000 0.000000 0.300000 0.100000 110.000000 0.000000 -207407.247929 91.022973 23.145963
3 298.150000 1.000000 0.000000 0.300000 0.100000 110.000000 0.000000 -207493.942572 71.320792 25.632251
2 298.150000 1.000000 0.000000 0.200000 0.100000 110.000000 0.000000 -207464.460950 76.457902 25.576926
5 298.150000 1.000000 0.000000 0.500000 0.100000 110.000000 0.000000 -207656.649622 36.507697 25.770484
4 298.150000 1.000000 0.000000 0.400000 0.100000 110.000000 0.000000 -207434.886854 54.576781 25.801028
5 298.150000 1.000000 0.000000 0.500000 0.100000 110.000000 0.000000 -207691.420409 85.271570 25.103222
5 298.150000 1.000000 0.000000 0.500000 0.100000 110.000000 0.000000 -207352.040652 72.519246 25.829698
4 298.150000 1.000000 0.000000 0.400000 0.100000 110.000000 0.000000 -207861.347521 87.737542 25.522588
2 298.150000 1.000000 0.000000 0.200000 0.100000 110.000000 0.000000 -207580.861491 63.636060 25.621481
3 298.150000 1.000000 0.000000 0.300000 0.100000 110.000000 0.000000 -207733.395036 89.101163 25.049795
3 298.150000 1.000000 0.000000 0.300000 0.100000 110.000000 0.000000 -207768.359181 69.587196 25.846463
4 298.150000 1.000000 0.000000 0.400000 0.100000 110.000000 0.000000 -207843.410154 25.229694 24.755622
2 298.150000 1.000000 0.000000 0.200000 0.100000 110.000000 0.000000 -207616.942850 75.593444 25.676449
4 298.150000 1.000000 0.000000 0.400000 0.100000 110.000000 0.000000 -207804.400714 68.597785 25.795983
4 298.150000 1.000000 0.000000 0.400000 0.100000 110.000000 0.000000 -207677.504591 48.081054 24.149202
3 298.150000 1.000000 0.000000 0.300000 0.100000 110.000000 0.000000 -207559.219248 89.181970 25.428447
3 298.150000 1.000000 0.000000 0.300000 0.100000 110.000000 0.000000 -207452.095339 81.419099 25.785985
5 298.150000 1.000000 0.000000 0.500000 0.100000 110.000000 0.000000 -207388.260446 38.093500 24.112702
4 298.150000 1.000000 0.000000 0.400000 0.100000 110.000000 0.000000 -207305.549940 88.628885 25.786242
5 298.150000 1.000000 0.000000 0.500000 0.100000 110.000000 0.000000 -207279.695171 73.311765 25.480831
4 298.150000 1.000000 0.000000 0.400000 0.100000 110.000000 0.000000 -207381.384155 52.187546 25.703583
4 298.150000 1.000000 0.000000 0.400000 0.100000 110.000000 0.000000 -207474.086682 83.375311 24.898069
5 298.150000 1.000000 0.000000 0.500000 0.100000 110.000000 0.000000 -207192.314087 54.972352 25.268159
4 298.150000 1.000000 0.000000 0.400000 0.100000 110.000000 0.000000 -207418.104565 50.965611 25.775889
5 298.150000 1.000000 0.000000 0.500000 0.100000 110.000000 0.000000 -207290.235550 91.978105 25.733276
3 298.150000 1.000000 0.000000 0.300000 0.100000 110.000000 0.000000 -207779.304471 83.538044 25.722074
2 298.150000 1.000000 0.000000 0.200000 0.100000 110.000000 0.000000 -207361.953954 74.105763 25.395007
5 298.150000 1.000000 0.000000 0.500000 0.100000 110.000000 0.000000 -207307.188761 65.899468 25.083559
5 298.150000 1.000000 0.000000 0.500000 0.100000 110.000000 0.000000 -207493.145656 49.973497 25.424882
4 298.150000 1.000000 0.000000 0.400000 0.100000 110.000000 0.000000 -207697.153666 74.523983 25.572002
3 298.150000 1.000000 0.000000 0.300000 0.100000 110.000000 0.000000 -207195.321982 73.828181 25.453943
2 298.150000 1.000000 0.000000 0.200000 0.100000 110.000000 0.000000 -207400.700214 102.579469 25.732352
2 298.150000 1.000000 0.000000 0.200000 0.100000 110.000000 0.000000 -207462.796743 116.456741 25.372378
5 298.150000 1.000000 0.000000 0.500000 0.100000 110.000000 0.000000 -207318.626665 69.726468 25.928090
5 298.150000 1.000000 0.000000 0.500000 0.100000 110.000000 0.000000 -207274.923348 80.006159 25.825088
5 298.150000 1.000000 0.000000 0.500000 0.100000 110.000000 0.000000 -207425.609304 76.347583 25.038065
1 298.150000 1.000000 0.000000 0.100000 0.100000 110.000000 0.000000 -207660.246030 59.569993 25.717291
5 298.150000 1.000000 0.000000 0.500000 0.100000 110.000000 0.000000 -207489.703499 76.618668 25.823337
3 298.150000 1.000000 0.000000 0.300000 0.100000 110.000000 0.000000 -207429.354774 62.987512 25.693376
5 298.150000 1.000000 0.000000 0.500000 0.100000 110.000000 0.000000 -207151.559388 67.486765 25.259296
4 298.150000 1.000000 0.000000 0.400000 0.100000 110.000000 0.000000 -207292.649556 69.357617 25.422089
3 298.150000 1.000000 0.000000 0.300000 0.100000 110.000000 0.000000 -207438.167017 55.166097 25.449768
5 298.150000 1.000000 0.000000 0.500000 0.100000 110.000000 0.000000 -207157.875398 56.787525 25.319959
5 298.150000 1.000000 0.000000 0.500000 0.100000 110.000000 0.000000 -207682.217113 99.015640 25.434606
5 298.150000 1.000000 0.000000 0.500000 0.100000 110.000000 0.000000 -207289.431894 91.745772 25.165054
4 298.150000 1.000000 0.000000 0.400000 0.100000 110.000000 0.000000 -207277.688004 86.791015 25.076912
2 298.150000 1.000000 0.000000 0.200000 0.100000 110.000000 0.000000 -207538.697940 64.913479 25.707995
4 298.150000 1.000000 0.000000 0.400000 0.100000 110.000000 0.000000 -207625.307113 94.647829 25.667506
