21 298.150000 -1.000000 0.000000 0.000000 0.100000 110.000000 0.000000 -207446.245672 167.994717 25.513429
21 298.150000 -1.000000 0.000000 0.000000 0.100000 110.000000 0.000000 -207498.783290 165.046722 25.672925
21 298.150000 -1.000000 0.000000 0.000000 0.100000 110.000000 0.000000 -207833.172333 181.574576 25.660460
21 298.150000 -1.000000 0.000000 0.000000 0.100000 110.000000 0.000000 -207618.295004 196.837489 25.659736
21 298.150000 -1.000000 0.000000 0.000000 0.100000 110.000000 0.000000 -207350.214209 179.496803 25.757667
21 298.150000 -1.000000 0.000000 0.000000 0.100000 110.000000 0.000000 -207830.385167 143.668710 25.371415
21 298.150000 -1.000000 0.000000 0.000000 0.100000 110.000000 0.000000 -207405.729802 190.440635 25.550207
21 298.150000 -1.000000 0.000000 0.000000 0.100000 110.000000 0.000000 -207806.855029 172.201068 25.605870
21 298.150000 -1.000000 0.000000 0.000000 0.100000 110.000000 0.000000 -207616.768044 187.365193 24.608533
21 298.150000 -1.000000 0.000000 0.000000 0.100000 110.000000 0.000000 -207618.857604 190.526589 25.138201
21 298.150000 -1.000000 0.000000 0.000000 0.100000 110.000000 0.000000 -207897.405740 172.992145 25.157727
21 298.150000 -1.000000 0.000000 0.000000 0.100000 110.000000 0.000000 -207732.302545 167.089641 25.391046
21 298.150000 -1.000000 0.000000 0.000000 0.100000 110.000000 0.000000 -207715.062579 188.136385 25.560204
21 298.150000 -1.000000 0.000000 0.000000 0.100000 110.000000 0.000000 -207503.032495 188.580104 25.421360
21 298.150000 -1.000000 0.000000 0.000000 0.100000 110.000000 0.000000 -207576.169684 190.235768 25.631903
21 298.150000 -1.000000 0.000000 0.000000 0.100000 110.000000 0.000000 -207707.829090 183.590833 25.690804
21 298.150000 -1.000000 0.000000 0.000000 0.100000 110.000000 0.000000 -207523.473829 181.193267 25.458313
21 298.150000 -1.000000 0.000000 0.000000 0.100000 110.000000 0.000000 -207358.091749 192.826022 25.391533
21 298.150000 -1.000000 0.000000 0.000000 0.100000 110.000000 0.000000 -207811.322406 177.701380 25.431263
21 298.150000 -1.000000 0.000000 0.000000 0.100000 110.000000 0.000000 -207588.180534 155.952189 25.216500
21 298.150000 -1.000000 0.000000 0.000000 0.100000 110.000000 0.000000 -207812.412346 179.808615 25.199925
21 298.150000 -1.000000 0.000000 0.000000 0.100000 110.000000 0.000000 -207189.985136 191.826049 25.279059
21 298.150000 -1.000000 0.000000 0.000000 0.100000 110.000000 0.000000 -207577.100077 183.323732 25.767069
21 298.150000 -1.000000 0.000000 0.000000 0.100000 110.000000 0.000000 -206971.171406 182.083611 25.552885
21 298.150000 -1.000000 0.000000 0.000000 0.100000 110.000000 0.000000 -207013.403790 156.288749 25.391092
21 298.150000 -1.000000 0.000000 0.000000 0.100000 110.000000 0.000000 -207382.792233 184.166297 25.034217
21 298.150000 -1.000000 0.000000 0.000000 0.100000 110.000000 0.000000 -207606.183499 171.792846 25.578075
21 298.150000 -1.000000 0.000000 0.000000 0.100000 110.000000 0.000000 -207613.082380 195.079830 25.319822
21 298.150000 -1.000000 0.000000 0.000000 0.100000 110.000000 0.000000 -207491.272887 193.147844 25.746269
21 298.150000 -1.000000 0.000000 0.000000 0.100000 110.000000 0.000000 -207231.935251 180.077834 25.736759
21 298.150000 -1.000000 0.000000 0.000000 0.100000 110.000000 0.000000 -207302.148738 192.842856 25.657269
21 298.150000 -1.000000 0.000000 0.000000 0.100000 110.000000 0.000000 -207434.859633 188.730720 25.224770
21 298.150000 -1.000000 0.000000 0.000000 0.100000 110.000000 0.000000 -207134.402770 175.287841 25.030195
21 298.150000 -1.000000 0.000000 0.000000 0.100000 110.000000 0.000000 -207437.611497 186.872099 25.442855
21 298.150000 -1.000000 0.000000 0.000000 0.100000 110.000000 0.000000 -207310.971433 166.520910 25.589740
21 298.150000 -1.000000 0.000000 0.000000 0.100000 110.000000 0.000000 -207364.342415 194.189658 25.732158
21 298.150000 -1.000000 0.000000 0.000000 0.100000 110.000000 0.000000 -207198.393715 194.166273 25.407634
21 298.150000 -1.000000 0.000000 0.000000 0.100000 110.000000 0.000000 -207828.120927 157.382131 25.622871
21 298.150000 -1.000000 0.000000 0.000000 0.100000 110.000000 0.000000 -207138.911090 188.722187 24.855402
21 298.150000 -1.000000 0.000000 0.000000 0.100000 110.000000 0.000000 -207098.372388 175.388342 25.268470
20 298.150000 -1.000000 0.000000 0.100000 0.100000 110.000000 0.000000 -207705.921942 185.870536 25.285363
21 298.150000 -1.000000 0.000000 0.000000 0.100000 110.000000 0.000000 -207560.322013 189.203375 25.240642
21 298.150000 -1.000000 0.000000 0.000000 0.100000 110.000000 0.000000 -207443.682047 181.008731 25.142302
21 298.150000 -1.000000 0.000000 0.000000 0.100000 110.000000 0.000000 -207744.774321 193.491048 25.566133
21 298.150000 -1.000000 0.000000 0.000000 0.100000 110.000000 0.000000 -207349.215020 186.083332 25.672496
21 298.150000 -1.000000 0.000000 0.000000 0.100000 110.000000 0.000000 -207128.466494 190.325626 25.363659
21 298.150000 -1.000000 0.000000 0.000000 0.100000 110.000000 0.000000 -207495.635566 187.444849 25.564105
21 298.150000 -1.000000 0.000000 0.000000 0.100000 110.000000 0.000000 -207227.411906 184.739098 25.512204
21 298.150000 -1.000000 0.000000 0.000000 0.100000 110.000000 0.000000 -207921.649405 184.648213 25.485140
21 298.150000 -1.000000 0.000000 0.000000 0.100000 110.000000 0.000000 -207701.735277 182.455716 25.290571
21 298.150000 -1.000000 0.000000 0.000000 0.100000 110.000000 0.000000 -207561.086218 185.648032 25.526200
21 298.150000 -1.000000 0.000000 0.000000 0.100000 110.000000 0.000000 -207571.788134 155.308828 25.213940
21 298.150000 -1.000000 0.000000 0.000000 0.100000 110.000000 0.000000 -207535.717094 184.332029 25.303306
21 298.150000 -1.000000 0.000000 0.000000 0.100000 110.000000 0.000000 -207211.079469 144.305360 25.416005
21 298.150000 -1.000000 0.000000 0.000000 0.100000 110.000000 0.000000 -207830.350133 177.173715 25.304828
21 298.150000 -1.000000 0.000000 0.000000 0.100000 110.000000 0.000000 -207074.536091 182.593946 25.392768
21 298.150000 -1.000000 0.000000 0.000000 0.100000 110.000000 0.000000 -207280.057843 194.611667 25.155887
21 298.150000 -1.000000 0.000000 0.000000 0.100000 110.000000 0.000000 -207159.529316 186.471123 25.522590
21 298.150000 -1.000000 0.000000 0.000000 0.100000 110.000000 0.000000 -207582.539518 195.918555 25.319472
21 298.150000 -1.000000 0.000000 0.000000 0.100000 110.000000 0.000000 -207309.584191 183.017441 25.740390
21 298.150000 -1.000000 0.000000 0.000000 0.100000 110.000000 0.000000 -207729.741602 151.072704 25.650604
21 298.150000 -1.000000 0.000000 0.000000 0.100000 110.000000 0.000000 -207221.615375 182.594140 25.602764
21 298.150000 -1.000000 0.000000 0.000000 0.100000 110.000000 0.000000 -207411.188304 187.625925 25.357694
21 298.150000 -1.000000 0.000000 0.000000 0.100000 110.000000 0.000000 -207413.429187 162.889437 25.837414
21 298.150000 -1.000000 0.000000 0.000000 0.100000 110.000000 0.000000 -207633.990377 148.537500 25.499003
21 298.150000 -1.000000 0.000000 0.000000 0.100000 110.000000 0.000000 -207642.780680 189.022729 25.486930
21 298.150000 -1.000000 0.000000 0.000000 0.100000 110.000000 0.000000 -207194.229058 183.152317 25.457717
21 298.150000 -1.000000 0.000000 0.000000 0.100000 110.000000 0.000000 -207622.967601 193.386266 25.576492
21 298.150000 -1.000000 0.000000 0.000000 0.100000 110.000000 0.000000 -207628.444412 175.009006 25.349525
21 298.150000 -1.000000 0.000000 0.000000 0.100000 110.000000 0.000000 -207640.246070 166.529138 25.723391
21 298.150000 -1.000000 0.000000 0.000000 0.100000 110.000000 0.000000 -207667.497811 185.966227 25.255581
21 298.150000 -1.000000 0.000000 0.000000 0.100000 110.000000 0.000000 -207210.810724 180.459717 25.707615
21 298.150000 -1.000000 0.000000 0.000000 0.100000 110.000000 0.000000 -207421.000184 191.576695 25.479302
21 298.150000 -1.000000 0.000000 0.000000 0.100000 110.000000 0.000000 -207600.428113 146.020315 25.612760
21 298.150000 -1.000000 0.000000 0.000000 0.100000 110.000000 0.000000 -207453.177653 142.918571 25.639434
21 298.150000 -1.000000 0.000000 0.000000 0.100000 110.000000 0.000000 -207451.571683 180.050167 25.551623
21 298.150000 -1.000000 0.000000 0.000000 0.100000 110.000000 0.000000 -207414.503973 195.686209 25.811732
21 298.150000 -1.000000 0.000000 0.000000 0.100000 110.000000 0.000000 -207299.383995 170.891091 25.667418
21 298.150000 -1.000000 0.000000 0.000000 0.100000 110.000000 0.000000 -207447.841382 152.855938 25.378900
21 298.150000 -1.000000 0.000000 0.000000 0.100000 110.000000 0.000000 -207399.782671 181.900270 25.762307
21 298.150000 -1.000000 0.000000 0.000000 0.100000 110.000000 0.000000 -207684.131572 151.164092 25.684382
21 298.150000 -1.000000 0.000000 0.000000 0.100000 110.000000 0.000000 -207819.126937 168.258368 25.441185
21 298.150000 -1.000000 0.000000 0.000000 0.100000 110.000000 0.000000 -207534.870142 173.229006 25.664147
21 298.150000 -1.000000 0.000000 0.000000 0.100000 110.000000 0.000000 -207486.014699 171.726614 25.599360
21 298.150000 -1.000000 0.000000 0.000000 0.100000 110.000000 0.000000 -207740.940828 179.159861 25.690237
21 298.150000 -1.000000 0.000000 0.000000 0.100000 110.000000 0.000000 -208054.950427 160.926414 25.398985
21 298.150000 -1.000000 0.000000 0.000000 0.100000 110.000000 0.000000 -207792.673171 169.089380 25.451237
21 298.150000 -1.000000 0.000000 0.000000 0.100000 110.000000 0.000000 -207416.500067 166.920149 25.532177
21 298.150000 -1.000000 0.000000 0.000000 0.100000 110.000000 0.000000 -207734.270871 187.489708 25.754923
21 298.150000 -1.000000 0.000000 0.000000 0.100000 110.000000 0.000000 -207463.164354 179.336210 25.460108
21 298.150000 -1.000000 0.000000 0.000000 0.100000 110.000000 0.000000 -207242.862236 171.027039 25.460320
21 298.150000 -1.000000 0.000000 0.000000 0.100000 110.000000 0.000000 -207365.963712 192.942180 25.584535
21 298.150000 -1.000000 0.000000 0.000000 0.100000 110.000000 0.000000 -207319.138190 191.218258 25.265028
21 298.150000 -1.000000 0.000000 0.000000 0.100000 110.000000 0.000000 -207754.666031 180.528781 25.756286
21 298.150000 -1.000000 0.000000 0.000000 0.100000 110.000000 0.000000 -207529.708972 181.092836 25.767276
21 298.150000 -1.000000 0.000000 0.000000 0.100000 110.000000 0.000000 -207329.436182 195.577762 25.457166
21 298.150000 -1.000000 0.000000 0.000000 0.100000 110.000000 0.000000 -207776.651795 180.915507 25.373737
21 298.150000 -1.000000 0.000000 0.000000 0.100000 110.000000 0.000000 -207389.702909 185.929152 25.601148
21 298.150000 -1.000000 0.000000 0.000000 0.100000 110.000000 0.000000 -207509.568268 153.630345 25.347386
21 298.150000 -1.000000 0.000000 0.000000 0.100000 110.000000 0.000000 -207730.102213 183.088143 25.443129
21 298.150000 -1.000000 0.000000 0.000000 0.100000 110.000000 0.000000 -207353.985160 148.772985 25.453678
21 298.150000 -1.000000 0.000000 0.000000 0.100000 110.000000 0.000000 -207622.972982 157.446578 25.583574
21 298.150000 -1.000000 0.000000 0.000000 0.100000 110.000000 0.000000 -207890.681053 196.490791 25.634442
21 298.150000 -1.000000 0.000000 0.000000 0.100000 110.000000 0.000000 -207385.691040 177.923992 25.394821
21 298.150000 -1.000000 0.000000 0.000000 0.100000 110.000000 0.000000 -207272.140352 171.467688 25.584335
21 298.150000 -1.000000 0.000000 0.000000 0.100000 110.000000 0.000000 -207949.172223 154.062468 25.573052
21 298.150000 -1.000000 0.000000 0.000000 0.100000 110.000000 0.000000 -207638.937528 192.352760 25.532042
21 298.150000 -1.000000 0.000000 0.000000 0.100000 110.000000 0.000000 -208010.595043 190.728179 25.664390
21 298.150000 -1.000000 0.000000 0.000000 0.100000 110.000000 0.000000 -207581.191354 186.135237 25.589166
21 298.150000 -1.000000 0.000000 0.000000 0.100000 110.000000 0.000000 -207537.398851 187.308287 25.561283
21 298.150000 -1.000000 0.000000 0.000000 0.100000 110.000000 0.000000 -207576.736388 172.287978 25.492208
21 298.150000 -1.000000 0.000000 0.000000 0.100000 110.000000 0.000000 -207630.217351 157.874165 25.138838
21 298.150000 -1.000000 0.000000 0.000000 0.100000 110.000000 0.000000 -207492.979709 179.375377 25.609895
21 298.150000 -1.000000 0.000000 0.000000 0.100000 110.000000 0.000000 -207132.046090 173.563816 25.630181
21 298.150000 -1.000000 0.000000 0.000000 0.100000 110.000000 0.000000 -207394.210711 190.424282 25.343306
21 298.150000 -1.000000 0.000000 0.000000 0.100000 110.000000 0.000000 -207825.333222 181.688167 25.209236
21 298.150000 -1.000000 0.000000 0.000000 0.100000 110.000000 0.000000 -207586.398614 190.065448 25.148891
21 298.150000 -1.000000 0.000000 0.000000 0.100000 110.000000 0.000000 -207530.391233 190.561309 25.564769
21 298.150000 -1.000000 0.000000 0.000000 0.100000 110.000000 0.000000 -206912.776374 191.297617 25.447273
21 298.150000 -1.000000 0.000000 0.000000 0.100000 110.000000 0.000000 -207456.326143 189.190736 25.697146
21 298.150000 -1.000000 0.000000 0.000000 0.100000 110.000000 0.000000 -207603.081886 196.586934 25.522615
21 298.150000 -1.000000 0.000000 0.000000 0.100000 110.000000 0.000000 -207218.188022 192.471138 25.530148
21 298.150000 -1.000000 0.000000 0.000000 0.100000 110.000000 0.000000 -207205.378793 190.881098 25.597447
21 298.150000 -1.000000 0.000000 0.000000 0.100000 110.000000 0.000000 -207386.002663 192.783231 25.715546
21 298.150000 -1.000000 0.000000 0.000000 0.100000 110.000000 0.000000 -207466.122004 184.135114 25.564492
21 298.150000 -1.000000 0.000000 0.000000 0.100000 110.000000 0.000000 -207443.737937 185.763708 25.142904
21 298.150000 -1.000000 0.000000 0.000000 0.100000 110.000000 0.000000 -207533.279824 189.794239 25.595862
21 298.150000 -1.000000 0.000000 0.000000 0.100000 110.000000 0.000000 -207622.491034 196.075778 25.510015
21 298.150000 -1.000000 0.000000 0.000000 0.100000 110.000000 0.000000 -207511.080089 191.305343 25.710070
21 298.150000 -1.000000 0.000000 0.000000 0.100000 110.000000 0.000000 -207204.037015 183.829435 25.337262
21 298.150000 -1.000000 0.000000 0.000000 0.100000 110.000000 0.000000 -207043.461512 190.622277 25.523891
21 298.150000 -1.000000 0.000000 0.000000 0.100000 110.000000 0.000000 -207538.608123 185.550235 25.545101
21 298.150000 -1.000000 0.000000 0.000000 0.100000 110.000000 0.000000 -207364.867224 188.995273 25.374643
21 298.150000 -1.000000 0.000000 0.000000 0.100000 110.000000 0.000000 -207935.907703 192.997001 25.498771
21 298.150000 -1.000000 0.000000 0.000000 0.100000 110.000000 0.000000 -208031.904404 196.753589 25.770407
21 298.150000 -1.000000 0.000000 0.000000 0.100000 110.000000 0.000000 -207148.410349 184.406635 25.526252
21 298.150000 -1.000000 0.000000 0.000000 0.100000 110.000000 0.000000 -207547.561580 188.045795 25.591029
21 298.150000 -1.000000 0.000000 0.000000 0.100000 110.000000 0.000000 -207467.716982 191.688392 25.662870
21 298.150000 -1.000000 0.000000 0.000000 0.100000 110.000000 0.000000 -207575.257531 190.719354 25.642157
21 298.150000 -1.000000 0.000000 0.000000 0.100000 110.000000 0.000000 -207651.421078 184.512259 25.770265
21 298.150000 -1.000000 0.000000 0.000000 0.100000 110.000000 0.000000 -207273.509297 187.437631 25.737369
21 298.150000 -1.000000 0.000000 0.000000 0.100000 110.000000 0.000000 -207411.100045 184.339702 25.336808
21 298.150000 -1.000000 0.000000 0.000000 0.100000 110.000000 0.000000 -207457.937423 181.937192 25.556243
21 298.150000 -1.000000 0.000000 0.000000 0.100000 110.000000 0.000000 -207157.741511 193.574699 25.723745
21 298.150000 -1.000000 0.000000 0.000000 0.100000 110.000000 0.000000 -207681.530825 194.670748 25.321746
21 298.150000 -1.000000 0.000000 0.000000 0.100000 110.000000 0.000000 -207491.346523 189.950613 25.647287
21 298.150000 -1.000000 0.000000 0.000000 0.100000 110.000000 0.000000 -207500.779912 188.629135 25.474180
21 298.150000 -1.000000 0.000000 0.000000 0.100000 110.000000 0.000000 -207313.132036 177.122346 25.535646
21 298.150000 -1.000000 0.000000 0.000000 0.100000 110.000000 0.000000 -207585.203485 187.629739 25.545595
21 298.150000 -1.000000 0.000000 0.000000 0.100000 110.000000 0.000000 -207406.980222 195.001269 25.368346
21 298.150000 -1.000000 0.000000 0.000000 0.100000 110.000000 0.000000 -207425.674066 197.075481 25.531246
21 298.150000 -1.000000 0.000000 0.000000 0.100000 110.000000 0.000000 -207456.036129 196.559091 25.291127
21 298.150000 -1.000000 0.000000 0.000000 0.100000 110.000000 0.000000 -207240.377882 188.299935 25.522919
21 298.150000 -1.000000 0.000000 0.000000 0.100000 110.000000 0.000000 -207442.683933 192.441574 25.297194
21 298.150000 -1.000000 0.000000 0.000000 0.100000 110.000000 0.000000 -207310.343983 185.217472 25.343032
21 298.150000 -1.000000 0.000000 0.000000 0.100000 110.000000 0.000000 -207513.719473 192.993952 25.189188
21 298.150000 -1.000000 0.000000 0.000000 0.100000 110.000000 0.000000 -207352.795725 188.911678 24.664108
21 298.150000 -1.000000 0.000000 0.000000 0.100000 110.000000 0.000000 -207569.513757 192.322180 25.207993
21 298.150000 -1.000000 0.000000 0.000000 0.100000 110.000000 0.000000 -207178.163048 188.825099 25.425978
21 298.150000 -1.000000 0.000000 0.000000 0.100000 110.000000 0.000000 -207088.836642 182.047457 25.487808
21 298.150000 -1.000000 0.000000 0.000000 0.100000 110.000000 0.000000 -207351.356782 192.075831 25.244210
21 298.150000 -1.000000 0.000000 0.000000 0.100000 110.000000 0.000000 -207597.052985 177.475126 25.596399
21 298.150000 -1.000000 0.000000 0.000000 0.100000 110.000000 0.000000 -207517.172283 185.489613 25.410458
21 298.150000 -1.000000 0.000000 0.000000 0.100000 110.000000 0.000000 -207579.929741 184.169812 25.567372
21 298.150000 -1.000000 0.000000 0.000000 0.100000 110.000000 0.000000 -207534.049613 192.930724 24.970221
21 298.150000 -1.000000 0.000000 0.000000 0.100000 110.000000 0.000000 -207473.933441 175.224356 25.519110
21 298.150000 -1.000000 0.000000 0.000000 0.100000 110.000000 0.000000 -207337.980333 190.281304 25.822103
21 298.150000 -1.000000 0.000000 0.000000 0.100000 110.000000 0.000000 -207709.488799 190.695022 25.721226
21 298.150000 -1.000000 0.000000 0.000000 0.100000 110.000000 0.000000 -207665.984997 183.633486 25.332458
21 298.150000 -1.000000 0.000000 0.000000 0.100000 110.000000 0.000000 -207104.818202 175.843648 25.672718
21 298.150000 -1.000000 0.000000 0.000000 0.100000 110.000000 0.000000 -207489.848601 196.741855 25.407705
21 298.150000 -1.000000 0.000000 0.000000 0.100000 110.000000 0.000000 -207751.183444 189.474227 25.715304
21 298.150000 -1.000000 0.000000 0.000000 0.100000 110.000000 0.000000 -207245.151781 189.943756 25.207567
21 298.150000 -1.000000 0.000000 0.000000 0.100000 110.000000 0.000000 -207598.295976 189.402995 25.382302
21 298.150000 -1.000000 0.000000 0.000000 0.100000 110.000000 0.000000 -207512.702950 189.603114 25.335482
21 298.150000 -1.000000 0.000000 0.000000 0.100000 110.000000 0.000000 -207375.953460 192.606996 25.515785
21 298.150000 -1.000000 0.000000 0.000000 0.100000 110.000000 0.000000 -207442.542573 193.748550 25.474669
21 298.150000 -1.000000 0.000000 0.000000 0.100000 110.000000 0.000000 -207295.748028 183.217831 25.714229
21 298.150000 -1.000000 0.000000 0.000000 0.100000 110.000000 0.000000 -207325.588551 173.811637 25.280798
21 298.150000 -1.000000 0.000000 0.000000 0.100000 110.000000 0.000000 -207253.257927 192.912379 25.510950
21 298.150000 -1.000000 0.000000 0.000000 0.100000 110.000000 0.000000 -207348.267752 179.823036 25.500711
21 298.150000 -1.000000 0.000000 0.000000 0.100000 110.000000 0.000000 -207224.070566 189.248299 25.238213
21 298.150000 -1.000000 0.000000 0.000000 0.100000 110.000000 0.000000 -207794.136079 180.214724 25.782166
21 298.150000 -1.000000 0.000000 0.000000 0.100000 110.000000 0.000000 -207487.907861 199.117123 25.235609
21 298.150000 -1.000000 0.000000 0.000000 0.100000 110.000000 0.000000 -207293.384845 191.425255 25.549563
21 298.150000 -1.000000 0.000000 0.000000 0.100000 110.000000 0.000000 -207736.580811 192.525269 25.428015
21 298.150000 -1.000000 0.000000 0.000000 0.100000 110.000000 0.000000 -207623.900974 173.178492 25.671530
21 298.150000 -1.000000 0.000000 0.000000 0.100000 110.000000 0.000000 -207765.745406 195.486995 25.324714
21 298.150000 -1.000000 0.000000 0.000000 0.100000 110.000000 0.000000 -207340.444750 186.918369 25.516851
21 298.150000 -1.000000 0.000000 0.000000 0.100000 110.000000 0.000000 -207744.533576 190.628633 25.639582
21 298.150000 -1.000000 0.000000 0.000000 0.100000 110.000000 0.000000 -207643.517428 188.017346 25.398702
21 298.150000 -1.000000 0.000000 0.000000 0.100000 110.000000 0.000000 -207596.335330 184.302618 25.652735
21 298.150000 -1.000000 0.000000 0.000000 0.100000 110.000000 0.000000 -207395.428724 192.666419 25.652502
21 298.150000 -1.000000 0.000000 0.000000 0.100000 110.000000 0.000000 -207370.114181 185.362434 25.759588
21 298.150000 -1.000000 0.000000 0.000000 0.100000 110.000000 0.000000 -207346.887111 194.716947 25.850487
21 298.150000 -1.000000 0.000000 0.000000 0.100000 110.000000 0.000000 -207209.367300 180.074025 25.532668
21 298.150000 -1.000000 0.000000 0.000000 0.100000 110.000000 0.000000 -207308.906444 190.584426 25.454022
21 298.150000 -1.000000 0.000000 0.000000 0.100000 110.000000 0.000000 -207277.477040 192.316305 25.745347
21 298.150000 -1.000000 0.000000 0.000000 0.100000 110.000000 0.000000 -207319.005710 184.196632 25.571196
21 298.150000 -1.000000 0.000000 0.000000 0.100000 110.000000 0.000000 -207666.647321 192.009515 25.405968
21 298.150000 -1.000000 0.000000 0.000000 0.100000 110.000000 0.000000 -207732.535808 177.900009 25.670039
21 298.150000 -1.000000 0.000000 0.000000 0.100000 110.000000 0.000000 -207044.737140 190.019994 25.391833
21 298.150000 -1.000000 0.000000 0.000000 0.100000 110.000000 0.000000 -207588.605326 186.238775 25.412715
21 298.150000 -1.000000 0.000000 0.000000 0.100000 110.000000 0.000000 -207662.381161 180.963368 25.475567
21 298.150000 -1.000000 0.000000 0.000000 0.100000 110.000000 0.000000 -207458.435953 186.761944 25.241274
21 298.150000 -1.000000 0.000000 0.000000 0.100000 110.000000 0.000000 -207229.913650 197.621627 25.794127
21 298.150000 -1.000000 0.000000 0.000000 0.100000 110.000000 0.000000 -207682.923789 186.472756 25.540262
21 298.150000 -1.000000 0.000000 0.000000 0.100000 110.000000 0.000000 -207536.688035 181.734961 25.308297
21 298.150000 -1.000000 0.000000 0.000000 0.100000 110.000000 0.000000 -207542.312558 188.045502 25.770704
21 298.150000 -1.000000 0.000000 0.000000 0.100000 110.000000 0.000000 -207324.497936 189.856248 25.411378
21 298.150000 -1.000000 0.000000 0.000000 0.100000 110.000000 0.000000 -207919.328913 178.333078 25.740438
21 298.150000 -1.000000 0.000000 0.000000 0.100000 110.000000 0.000000 -207675.777742 185.630610 25.788946
21 298.150000 -1.000000 0.000000 0.000000 0.100000 110.000000 0.000000 -207349.872461 195.027328 25.672338
21 298.150000 -1.000000 0.000000 0.000000 0.100000 110.000000 0.000000 -207638.303257 185.013928 25.831684
21 298.150000 -1.000000 0.000000 0.000000 0.100000 110.000000 0.000000 -207306.628317 186.074706 25.661029
21 298.150000 -1.000000 0.000000 0.000000 0.100000 110.000000 0.000000 -207505.076587 192.415316 25.817015
21 298.150000 -1.000000 0.000000 0.000000 0.100000 110.000000 0.000000 -207627.622660 184.769449 25.201345
21 298.150000 -1.000000 0.000000 0.000000 0.100000 110.000000 0.000000 -207112.864460 195.499821 25.434713
21 298.150000 -1.000000 0.000000 0.000000 0.100000 110.000000 0.000000 -207238.271084 194.267064 25.541460
21 298.150000 -1.000000 0.000000 0.000000 0.100000 110.000000 0.000000 -207587.879075 192.688584 25.594619
21 298.150000 -1.000000 0.000000 0.000000 0.100000 110.000000 0.000000 -207354.248402 182.307057 25.526348
21 298.150000 -1.000000 0.000000 0.000000 0.100000 110.000000 0.000000 -207813.423822 185.997771 25.547929
21 298.150000 -1.000000 0.000000 0.000000 0.100000 110.000000 0.000000 -207430.539151 192.991345 25.777843
21 298.150000 -1.000000 0.000000 0.000000 0.100000 110.000000 0.000000 -207507.819111 190.985509 25.658559
21 298.150000 -1.000000 0.000000 0.000000 0.100000 110.000000 0.000000 -207678.833025 188.356541 25.599910
21 298.150000 -1.000000 0.000000 0.000000 0.100000 110.000000 0.000000 -207404.060116 180.995433 25.499472
21 298.150000 -1.000000 0.000000 0.000000 0.100000 110.000000 0.000000 -207306.989281 194.591777 25.390870
21 298.150000 -1.000000 0.000000 0.000000 0.100000 110.000000 0.000000 -207307.224193 192.299160 25.356502
21 298.150000 -1.000000 0.000000 0.000000 0.100000 110.000000 0.000000 -207297.846052 189.438872 25.232071
21 298.150000 -1.000000 0.000000 0.000000 0.100000 110.000000 0.000000 -207767.338298 184.268885 25.597120
21 298.150000 -1.000000 0.000000 0.000000 0.100000 110.000000 0.000000 -207579.951451 195.527542 25.280256
21 298.150000 -1.000000 0.000000 0.000000 0.100000 110.000000 0.000000 -207506.301527 198.576920 25.376166
21 298.150000 -1.000000 0.000000 0.000000 0.100000 110.000000 0.000000 -207520.717573 190.707526 24.794756
21 298.150000 -1.000000 0.000000 0.000000 0.100000 110.000000 0.000000 -207545.962312 185.831200 25.572038
21 298.150000 -1.000000 0.000000 0.000000 0.100000 110.000000 0.000000 -207142.565505 175.412737 25.659716
21 298.150000 -1.000000 0.000000 0.000000 0.100000 110.000000 0.000000 -207079.019157 197.086092 25.469994
21 298.150000 -1.000000 0.000000 0.000000 0.100000 110.000000 0.000000 -207091.582406 182.647125 25.718250
21 298.150000 -1.000000 0.000000 0.000000 0.100000 110.000000 0.000000 -207436.770274 191.125627 25.211026
21 298.150000 -1.000000 0.000000 0.000000 0.100000 110.000000 0.000000 -207678.542385 191.097793 25.035579
21 298.150000 -1.000000 0.000000 0.000000 0.100000 110.000000 0.000000 -207389.832213 196.092625 25.550938
21 298.150000 -1.000000 0.000000 0.000000 0.100000 110.000000 0.000000 -207190.650997 188.003896 25.842029
21 298.150000 -1.000000 0.000000 0.000000 0.100000 110.000000 0.000000 -207413.215958 189.262049 25.527400
21 298.150000 -1.000000 0.000000 0.000000 0.100000 110.000000 0.000000 -207564.765883 196.056599 25.443904
21 298.150000 -1.000000 0.000000 0.000000 0.100000 110.000000 0.000000 -207568.255623 196.509229 25.475609
21 298.150000 -1.000000 0.000000 0.000000 0.100000 110.000000 0.000000 -207687.621648 196.504777 25.526161
21 298.150000 -1.000000 0.000000 0.000000 0.100000 110.000000 0.000000 -207810.552259 181.860303 25.378939
21 298.150000 -1.000000 0.000000 0.000000 0.100000 110.000000 0.000000 -207326.048107 182.590446 25.682563
21 298.150000 -1.000000 0.000000 0.000000 0.100000 110.000000 0.000000 -207820.396301 180.218551 25.625490
21 298.150000 -1.000000 0.000000 0.000000 0.100000 110.000000 0.000000 -207603.677522 178.154750 25.544584
21 298.150000 -1.000000 0.000000 0.000000 0.100000 110.000000 0.000000 -207516.348772 191.531551 25.265690
