            --------------------------------------------------------
                             AMBER SQM VERSION 19
 
                                     By
              Ross C. Walker, Michael F. Crowley, Scott Brozell,
                         Tim Giese, Andreas W. Goetz,
                        Tai-Sung Lee and David A. Case
 
            --------------------------------------------------------
 

--------------------------------------------------------------------------------
  QM CALCULATION INFO
--------------------------------------------------------------------------------

| QMMM: Citation for AMBER QMMM Run:
| QMMM: R.C. Walker, M.F. Crowley and D.A. Case, J. COMP. CHEM. 29:1019, 2008

QMMM: SINGLET STATE CALCULATION
QMMM: RHF CALCULATION, NO. OF DOUBLY OCCUPIED LEVELS = 69

| QMMM: *** Selected Hamiltonian *** 
| QMMM: AM1         

| QMMM: *** Parameter sets in use ***
| QMMM: C : M.J.S.DEWAR et al. JACS, 107, 3902, (1985)
| QMMM: O : M.J.S.DEWAR et al. JACS, 107, 3902, (1985)
| QMMM: N : M.J.S.DEWAR et al. JACS, 107, 3902, (1985)
| QMMM: Br: M.J.S.DEWAR et al. THEOCHEM, 180, 1, (1988)
| QMMM: H : M.J.S.DEWAR et al. JACS, 107, 3902, (1985)

| QMMM: *** SCF convergence criteria ***
| QMMM: Energy change                :  0.1D-09 kcal/mol
| QMMM: Error matrix |FP-PF|         :  0.1D+00 au
| QMMM: Density matrix change        :  0.5D-06
| QMMM: Maximum number of SCF cycles :     1000

| QMMM: *** Diagonalization Routine Information ***
| QMMM: Pseudo diagonalizations are allowed.
| QMMM: Auto diagonalization routine selection is in use.
| QMMM:
| QMMM: Timing diagonalization routines:
| QMMM:                              norbs =      127
| QMMM:    diag iterations used for timing =       10
| QMMM:
| QMMM:              Internal diag routine = 0.133731 seconds
| QMMM:                 Dspev diag routine = 0.071181 seconds
| QMMM:                Dspevd diag routine = 0.056381 seconds
| QMMM:                Dspevx diag routine = 0.210996 seconds
| QMMM:                 Dsyev diag routine = 0.065284 seconds
| QMMM:                Dsyevd diag routine = 0.051676 seconds
| QMMM:                Dsyevr diag routine = 0.056859 seconds
| QMMM:
| QMMM:                Pseudo diag routine = 0.031126 seconds
| QMMM:
| QMMM: Using dsyevd routine (diag_routine=6).

  QMMM: QM Region Cartesian Coordinates (*=link atom) 
  QMMM: QM_NO.   MM_NO.  ATOM         X         Y         Z
  QMMM:     1        1      C       35.7020   33.1530   32.3410
  QMMM:     2        2      O       36.2470   33.7800   31.1990
  QMMM:     3        3      C       35.6700   31.7460   32.3390
  QMMM:     4        4      C       35.9310   30.7870   31.1890
  QMMM:     5        5      C       35.0780   31.1220   33.4860
  QMMM:     6        6      C       34.6220   31.9380   34.5260
  QMMM:     7        7      C       34.8110   33.3230   34.5190
  QMMM:     8        8      C       35.3130   33.9530   33.4170
  QMMM:     9        9      C       35.6430   35.4600   33.4980
  QMMM:    10       10      C       35.5860   33.9650   30.0300
  QMMM:    11       11      N       34.3850   33.5210   29.8370
  QMMM:    12       12      C       33.8040   33.7960   28.6690
  QMMM:    13       13      N       32.6050   33.2140   28.3880
  QMMM:    14       14      N       34.3710   34.4190   27.6180
  QMMM:    15       15      C       35.5440   34.8610   27.8220
  QMMM:    16       16      N       35.8480   35.4320   26.6740
  QMMM:    17       17      C       36.2650   34.6700   28.9980
  QMMM:    18       18      C       31.8170   32.1960   29.0420
  QMMM:    19       19      C       30.6990   31.7750   28.3180
  QMMM:    20       20      C       29.9190   30.6890   28.6090
  QMMM:    21       21      C       30.1610   29.9700   29.8600
  QMMM:    22       22      C       31.2070   30.4630   30.6960
  QMMM:    23       23      C       32.0440   31.4970   30.2570
  QMMM:    24       24      C       29.4330   28.6830   30.0340
  QMMM:    25       25      N       28.8860   27.6750   30.1730
  QMMM:    26       26      C       33.9860   31.2660   35.6580
  QMMM:    27       27      N       33.5130   30.8650   36.5970
  QMMM:    28       28      Br      37.9500   35.4660   29.2280
  QMMM:    29       29      H       36.3110   31.3640   30.3360
  QMMM:    30       30      H       34.9880   30.4950   30.7080
  QMMM:    31       31      H       36.4520   29.8410   31.3780
  QMMM:    32       32      H       35.1050   30.0400   33.5720
  QMMM:    33       33      H       34.4090   33.9400   35.3170
  QMMM:    34       34      H       36.0170   35.9040   32.5670
  QMMM:    35       35      H       36.4270   35.5970   34.2540
  QMMM:    36       36      H       34.8070   36.0810   33.8410
  QMMM:    37       37      H       32.2420   33.5400   27.5020
  QMMM:    38       38      H       36.7980   35.7450   26.5250
  QMMM:    39       39      H       35.1200   35.4670   25.9720
  QMMM:    40       40      H       30.4830   32.3930   27.4520
  QMMM:    41       41      H       29.0400   30.4320   28.0250
  QMMM:    42       42      H       31.4450   29.9560   31.6260
  QMMM:    43       43      H       32.9140   31.7000   30.8750

--------------------------------------------------------------------------------
  RESULTS
--------------------------------------------------------------------------------

      iter         sqm energy              rms gradient
      ----    -------------------    -----------------------
xmin    10      145.3780 kcal/mol        0.4836 kcal/(mol*A)
xmin    20      144.9046 kcal/mol        0.4440 kcal/(mol*A)
xmin    30      144.2185 kcal/mol        0.5567 kcal/(mol*A)
xmin    40      143.9466 kcal/mol        0.2317 kcal/(mol*A)
xmin    50      143.8627 kcal/mol        0.1278 kcal/(mol*A)
xmin    60      143.8116 kcal/mol        0.0946 kcal/(mol*A)
xmin    70      143.7923 kcal/mol        0.0975 kcal/(mol*A)
xmin    80      143.7807 kcal/mol        0.0480 kcal/(mol*A)
xmin    90      143.7799 kcal/mol        0.0063 kcal/(mol*A)
xmin   100      143.7797 kcal/mol        0.0043 kcal/(mol*A)
xmin   110      143.7797 kcal/mol        0.0014 kcal/(mol*A)
xmin   120      143.7797 kcal/mol        0.0020 kcal/(mol*A)
xmin   130      143.7797 kcal/mol        0.0018 kcal/(mol*A)
xmin   140      143.7797 kcal/mol        0.0009 kcal/(mol*A)
  ... geometry converged !
 
 Final MO eigenvalues (eV):
 -41.6301  -40.7727  -40.1748  -38.8753  -37.7160  -36.6838  -36.4577  -35.3242
 -34.8481  -33.5790  -32.5652  -32.5364  -32.0958  -31.0508  -29.3812  -28.1987
 -27.8354  -25.5224  -25.2091  -24.2171  -23.6055  -23.1438  -22.1785  -20.4939
 -20.0768  -19.8353  -19.0566  -18.5550  -18.0459  -17.8455  -17.0248  -16.7020
 -16.5391  -16.2608  -16.1971  -15.9107  -15.6746  -15.2971  -15.1063  -14.8697
 -14.7471  -14.6789  -14.5890  -14.5118  -14.3712  -14.2680  -14.1210  -13.9817
 -13.8444  -13.5537  -13.3063  -13.2712  -13.0159  -12.8699  -12.7976  -12.5599
 -12.5008  -12.3185  -12.2906  -12.0284  -11.7678  -11.3392  -10.7557  -10.4651
 -10.2781   -9.8156   -9.7997   -9.6707   -9.0679   -0.7307   -0.6095   -0.2289
  -0.0808   -0.0102    0.0147    0.5878    1.0255    1.4166    1.6299    1.6719
   1.7587    1.7927    1.9807    2.1971    2.6328    2.7166    2.8113    2.8802
   2.9150    3.1093    3.2932    3.3670    3.4080    3.4528    3.5197    3.6828
   3.7856    3.8401    3.8932    4.0716    4.0830    4.1316    4.1556    4.2681
   4.3377    4.3588    4.4632    4.5460    4.6456    4.6587    4.7715    4.7984
   4.8242    4.8832    4.9659    5.0342    5.1166    5.1443    5.2920    5.4094
   5.5338    5.6205    5.8605    6.0028    6.5735    6.6233    6.6595

 Heat of formation   =        143.77965297 kcal/mol  (        6.23475361 eV)

 Total SCF energy    =    -107905.34367382 kcal/mol  (    -4679.12682337 eV)
 Electronic energy   =    -813029.63233036 kcal/mol  (   -35255.61043885 eV)
 Core-core repulsion =     705124.28865655 kcal/mol  (    30576.48361548 eV)
 
    Atomic Charges for Step       1 :
  Atom    Element       Mulliken Charge
     1      C                  0.068
     2      O                 -0.138
     3      C                 -0.048
     4      C                 -0.186
     5      C                 -0.096
     6      C                 -0.003
     7      C                 -0.100
     8      C                 -0.056
     9      C                 -0.181
    10      C                  0.242
    11      N                 -0.297
    12      C                  0.229
    13      N                 -0.235
    14      N                 -0.315
    15      C                  0.254
    16      N                 -0.362
    17      C                 -0.416
    18      C                  0.077
    19      C                 -0.175
    20      C                 -0.076
    21      C                 -0.026
    22      C                 -0.079
    23      C                 -0.115
    24      C                 -0.096
    25      N                 -0.035
    26      C                 -0.099
    27      N                 -0.032
    28      Br                 0.091
    29      H                  0.100
    30      H                  0.099
    31      H                  0.088
    32      H                  0.151
    33      H                  0.149
    34      H                  0.094
    35      H                  0.100
    36      H                  0.087
    37      H                  0.243
    38      H                  0.248
    39      H                  0.246
    40      H                  0.140
    41      H                  0.147
    42      H                  0.150
    43      H                  0.164
 Total Mulliken Charge =      -0.000
 
                  X        Y        Z     TOTAL  
  QM DIPOLE     2.608    4.146   -5.774    7.572
 
 Final Structure

  QMMM: QM Region Cartesian Coordinates (*=link atom) 
  QMMM: QM_NO.   MM_NO.  ATOM         X         Y         Z
  QMMM:     1        1      C       35.6286   32.8721   32.0933
  QMMM:     2        2      O       36.3000   33.5940   31.0979
  QMMM:     3        3      C       35.7043   31.4689   32.0885
  QMMM:     4        4      C       36.3391   30.7413   30.9669
  QMMM:     5        5      C       35.1650   30.7726   33.1744
  QMMM:     6        6      C       34.5620   31.4669   34.2306
  QMMM:     7        7      C       34.4907   32.8656   34.2147
  QMMM:     8        8      C       35.0224   33.5862   33.1416
  QMMM:     9        9      C       34.9670   35.0651   33.1251
  QMMM:    10       10      C       35.6109   33.9106   29.9384
  QMMM:    11       11      N       34.3488   33.4516   29.7646
  QMMM:    12       12      C       33.7389   33.8108   28.5740
  QMMM:    13       13      N       32.3990   33.4387   28.3472
  QMMM:    14       14      N       34.3206   34.5581   27.5703
  QMMM:    15       15      C       35.5993   35.0098   27.7883
  QMMM:    16       16      N       36.1883   35.7579   26.8015
  QMMM:    17       17      C       36.3157   34.7044   29.0008
  QMMM:    18       18      C       31.7522   32.4111   29.0672
  QMMM:    19       19      C       31.1273   31.3590   28.3563
  QMMM:    20       20      C       30.4104   30.3803   29.0319
  QMMM:    21       21      C       30.3040   30.4214   30.4289
  QMMM:    22       22      C       30.9177   31.4604   31.1401
  QMMM:    23       23      C       31.6301   32.4508   30.4715
  QMMM:    24       24      C       29.5748   29.4151   31.1168
  QMMM:    25       25      N       28.9768   28.5903   31.6789
  QMMM:    26       26      C       34.0189   30.7466   35.3301
  QMMM:    27       27      N       33.5757   30.1583   36.2306
  QMMM:    28       28      Br      38.0458   35.3247   29.2759
  QMMM:    29       29      H       37.3016   31.2342   30.6790
  QMMM:    30       30      H       35.6607   30.7528   30.0762
  QMMM:    31       31      H       36.5480   29.6784   31.2406
  QMMM:    32       32      H       35.2158   29.6729   33.1962
  QMMM:    33       33      H       34.0153   33.4026   35.0500
  QMMM:    34       34      H       34.7251   35.4338   32.0966
  QMMM:    35       35      H       35.9631   35.4851   33.4169
  QMMM:    36       36      H       34.1958   35.4493   33.8361
  QMMM:    37       37      H       32.0901   33.5406   27.3999
  QMMM:    38       38      H       37.1014   36.1143   26.9395
  QMMM:    39       39      H       35.6909   35.9887   25.9773
  QMMM:    40       40      H       31.1997   31.3060   27.2586
  QMMM:    41       41      H       29.9285   29.5672   28.4670
  QMMM:    42       42      H       30.8334   31.4995   32.2376
  QMMM:    43       43      H       32.0943   33.2622   31.0540

           --------- Calculation Completed ----------

