18 298.150000 -1.000000 0.000000 0.300000 0.100000 110.000000 0.000000 -207325.535110 68.112015 25.382508
18 298.150000 -1.000000 0.000000 0.300000 0.100000 110.000000 0.000000 -207717.728598 91.226504 25.812218
16 298.150000 -1.000000 0.000000 0.500000 0.100000 110.000000 0.000000 -207496.542453 58.693620 25.687508
16 298.150000 -1.000000 0.000000 0.500000 0.100000 110.000000 0.000000 -207503.218355 20.336655 25.257711
15 298.150000 -1.000000 0.100000 0.500000 0.100000 110.000000 0.000000 -207528.309590 44.142131 25.573615
15 298.150000 -1.000000 0.100000 0.500000 0.100000 110.000000 0.000000 -207452.355045 20.840788 25.655718
14 298.150000 -1.000000 0.200000 0.500000 0.100000 110.000000 0.000000 -207600.688554 8.078632 25.564542
14 298.150000 -1.000000 0.200000 0.500000 0.100000 110.000000 0.000000 -207594.782175 5.230457 25.542574
14 298.150000 -1.000000 0.200000 0.500000 0.100000 110.000000 0.000000 -207741.492240 13.245307 25.420018
14 298.150000 -1.000000 0.200000 0.500000 0.100000 110.000000 0.000000 -207510.213109 20.859849 25.533812
15 298.150000 -1.000000 0.100000 0.500000 0.100000 110.000000 0.000000 -207208.537651 -0.315997 25.048796
11 298.150000 -1.000000 0.500000 0.500000 0.100000 110.000000 0.000000 -207259.813941 2.256354 25.533419
13 298.150000 -1.000000 0.300000 0.500000 0.100000 110.000000 0.000000 -207399.308933 5.205557 25.372424
12 298.150000 -1.000000 0.400000 0.500000 0.100000 110.000000 0.000000 -207220.719358 2.731522 25.642765
12 298.150000 -1.000000 0.400000 0.500000 0.100000 110.000000 0.000000 -207486.170423 5.248717 25.600055
13 298.150000 -1.000000 0.300000 0.500000 0.100000 110.000000 0.000000 -207281.078439 2.450756 25.471368
14 298.150000 -1.000000 0.200000 0.500000 0.100000 110.000000 0.000000 -207515.618441 9.829806 25.634786
11 298.150000 -1.000000 0.500000 0.500000 0.100000 110.000000 0.000000 -207196.709564 -1.215349 25.591337
11 298.150000 -1.000000 0.500000 0.500000 0.100000 110.000000 0.000000 -207178.038326 -9.354967 25.622916
10 298.150000 1.000000 0.500000 0.500000 0.100000 110.000000 0.000000 -207414.310659 5.172722 25.440329
13 298.150000 -1.000000 0.300000 0.500000 0.100000 110.000000 0.000000 -207746.588058 3.610061 25.630037
12 298.150000 -1.000000 0.400000 0.500000 0.100000 110.000000 0.000000 -207605.984269 3.184034 25.413281
12 298.150000 -1.000000 0.400000 0.500000 0.100000 110.000000 0.000000 -207327.580733 13.700482 25.444551
14 298.150000 -1.000000 0.200000 0.500000 0.100000 110.000000 0.000000 -207598.543165 5.136367 25.684444
14 298.150000 -1.000000 0.200000 0.500000 0.100000 110.000000 0.000000 -207181.470862 18.090146 25.579108
14 298.150000 -1.000000 0.200000 0.500000 0.100000 110.000000 0.000000 -207124.599147 12.609523 25.695591
15 298.150000 -1.000000 0.100000 0.500000 0.100000 110.000000 0.000000 -207500.541318 21.371135 24.763125
15 298.150000 -1.000000 0.100000 0.500000 0.100000 110.000000 0.000000 -207770.132758 27.552867 25.657373
15 298.150000 -1.000000 0.100000 0.500000 0.100000 110.000000 0.000000 -207714.949206 38.807483 25.582956
15 298.150000 -1.000000 0.100000 0.500000 0.100000 110.000000 0.000000 -207535.679946 38.939351 25.295420
15 298.150000 -1.000000 0.100000 0.500000 0.100000 110.000000 0.000000 -207468.228691 30.568327 25.783943
19 298.150000 -1.000000 0.000000 0.200000 0.100000 110.000000 0.000000 -207561.291209 78.375833 25.597573
17 298.150000 -1.000000 0.000000 0.400000 0.100000 110.000000 0.000000 -207574.287834 54.241389 25.582198
18 298.150000 -1.000000 0.000000 0.300000 0.100000 110.000000 0.000000 -207424.383958 40.055916 25.204763
18 298.150000 -1.000000 0.000000 0.300000 0.100000 110.000000 0.000000 -207526.104327 66.500908 25.256049
18 298.150000 -1.000000 0.000000 0.300000 0.100000 110.000000 0.000000 -207464.019714 96.874385 25.464237
16 298.150000 -1.000000 0.000000 0.500000 0.100000 110.000000 0.000000 -207651.643119 91.668131 25.509799
17 298.150000 -1.000000 0.000000 0.400000 0.100000 110.000000 0.000000 -207411.968769 96.584784 25.782571
19 298.150000 -1.000000 0.000000 0.200000 0.100000 110.000000 0.000000 -207210.894790 116.139729 25.727890
19 298.150000 -1.000000 0.000000 0.200000 0.100000 110.000000 0.000000 -207728.555080 78.896357 25.697497
19 298.150000 -1.000000 0.000000 0.200000 0.100000 110.000000 0.000000 -207200.675759 89.384278 25.433895
18 298.150000 -1.000000 0.000000 0.300000 0.100000 110.000000 0.000000 -207401.196911 44.432727 25.562235
19 298.150000 -1.000000 0.000000 0.200000 0.100000 110.000000 0.000000 -207392.464474 123.928590 25.462850
18 298.150000 -1.000000 0.000000 0.300000 0.100000 110.000000 0.000000 -207409.900115 90.542369 25.723342
18 298.150000 -1.000000 0.000000 0.300000 0.100000 110.000000 0.000000 -207365.762924 62.216282 25.635448
18 298.150000 -1.000000 0.000000 0.300000 0.100000 110.000000 0.000000 -207672.214143 43.373735 25.637399
18 298.150000 -1.000000 0.000000 0.300000 0.100000 110.000000 0.000000 -207338.547929 58.601606 25.663691
17 298.150000 -1.000000 0.000000 0.400000 0.100000 110.000000 0.000000 -207533.424307 68.663685 25.682443
16 298.150000 -1.000000 0.000000 0.500000 0.100000 110.000000 0.000000 -207162.246229 77.244505 25.328274
17 298.150000 -1.000000 0.000000 0.400000 0.100000 110.000000 0.000000 -207306.117124 100.379283 25.386232
18 298.150000 -1.000000 0.000000 0.300000 0.100000 110.000000 0.000000 -207639.089984 45.793398 25.453974
19 298.150000 -1.000000 0.000000 0.200000 0.100000 110.000000 0.000000 -207495.447161 115.246151 25.386090
19 298.150000 -1.000000 0.000000 0.200000 0.100000 110.000000 0.000000 -207534.309947 66.882338 25.623159
16 298.150000 -1.000000 0.000000 0.500000 0.100000 110.000000 0.000000 -207695.974917 87.346404 25.320257
18 298.150000 -1.000000 0.000000 0.300000 0.100000 110.000000 0.000000 -207407.132533 76.731414 25.851237
19 298.150000 -1.000000 0.000000 0.200000 0.100000 110.000000 0.000000 -207454.807155 84.533091 25.729201
16 298.150000 -1.000000 0.000000 0.500000 0.100000 110.000000 0.000000 -207160.597406 41.642787 25.253985
16 298.150000 -1.000000 0.000000 0.500000 0.100000 110.000000 0.000000 -207497.889123 113.937380 25.529534
18 298.150000 -1.000000 0.000000 0.300000 0.100000 110.000000 0.000000 -207276.386633 82.185959 25.851285
16 298.150000 -1.000000 0.000000 0.500000 0.100000 110.000000 0.000000 -207160.628167 40.993653 25.620862
17 298.150000 -1.000000 0.000000 0.400000 0.100000 110.000000 0.000000 -207410.557219 65.140963 25.459618
19 298.150000 -1.000000 0.000000 0.200000 0.100000 110.000000 0.000000 -207387.312763 107.904964 25.571422
19 298.150000 -1.000000 0.000000 0.200000 0.100000 110.000000 0.000000 -207657.645841 89.053122 25.327729
17 298.150000 -1.000000 0.000000 0.400000 0.100000 110.000000 0.000000 -207028.925637 81.532968 25.346002
19 298.150000 -1.000000 0.000000 0.200000 0.100000 110.000000 0.000000 -207271.776486 68.723423 25.748860
19 298.150000 -1.000000 0.000000 0.200000 0.100000 110.000000 0.000000 -207432.427834 86.754291 25.836616
19 298.150000 -1.000000 0.000000 0.200000 0.100000 110.000000 0.000000 -207290.048504 81.801468 25.661691
18 298.150000 -1.000000 0.000000 0.300000 0.100000 110.000000 0.000000 -207598.010127 86.606303 25.583042
19 298.150000 -1.000000 0.000000 0.200000 0.100000 110.000000 0.000000 -207557.240732 89.134165 25.347263
16 298.150000 -1.000000 0.000000 0.500000 0.100000 110.000000 0.000000 -207575.159272 70.411487 25.394397
18 298.150000 -1.000000 0.000000 0.300000 0.100000 110.000000 0.000000 -207364.869908 89.276259 25.485691
16 298.150000 -1.000000 0.000000 0.500000 0.100000 110.000000 0.000000 -207411.244376 46.482764 25.456211
18 298.150000 -1.000000 0.000000 0.300000 0.100000 110.000000 0.000000 -207490.393070 31.329214 25.620878
15 298.150000 -1.000000 0.100000 0.500000 0.100000 110.000000 0.000000 -207875.472386 36.212132 25.575140
20 298.150000 -1.000000 0.000000 0.100000 0.100000 110.000000 0.000000 -207284.638460 109.676512 25.810222
17 298.150000 -1.000000 0.000000 0.400000 0.100000 110.000000 0.000000 -207597.314163 36.226854 25.813145
17 298.150000 -1.000000 0.000000 0.400000 0.100000 110.000000 0.000000 -207507.325240 25.808069 25.361798
18 298.150000 -1.000000 0.000000 0.300000 0.100000 110.000000 0.000000 -207057.557683 89.943217 25.468351
20 298.150000 -1.000000 0.000000 0.100000 0.100000 110.000000 0.000000 -207456.603506 76.895067 25.578440
18 298.150000 -1.000000 0.000000 0.300000 0.100000 110.000000 0.000000 -207443.410239 70.706467 25.399595
16 298.150000 -1.000000 0.000000 0.500000 0.100000 110.000000 0.000000 -207585.363891 83.369314 25.564120
19 298.150000 -1.000000 0.000000 0.200000 0.100000 110.000000 0.000000 -207551.129476 97.989000 25.285535
19 298.150000 -1.000000 0.000000 0.200000 0.100000 110.000000 0.000000 -207548.498330 94.939687 25.524215
16 298.150000 -1.000000 0.000000 0.500000 0.100000 110.000000 0.000000 -207378.856861 69.972080 25.718276
17 298.150000 -1.000000 0.000000 0.400000 0.100000 110.000000 0.000000 -207503.893495 80.547117 25.659659
17 298.150000 -1.000000 0.000000 0.400000 0.100000 110.000000 0.000000 -207495.311400 91.928222 25.654279
20 298.150000 -1.000000 0.000000 0.100000 0.100000 110.000000 0.000000 -207312.452983 131.615534 25.588298
20 298.150000 -1.000000 0.000000 0.100000 0.100000 110.000000 0.000000 -207659.490731 128.271685 25.526177
20 298.150000 -1.000000 0.000000 0.100000 0.100000 110.000000 0.000000 -207561.439471 74.591467 25.844306
19 298.150000 -1.000000 0.000000 0.200000 0.100000 110.000000 0.000000 -207592.689833 53.112577 25.656420
19 298.150000 -1.000000 0.000000 0.200000 0.100000 110.000000 0.000000 -207563.682668 123.146376 25.682464
19 298.150000 -1.000000 0.000000 0.200000 0.100000 110.000000 0.000000 -207390.849240 46.250716 25.523538
17 298.150000 -1.000000 0.000000 0.400000 0.100000 110.000000 0.000000 -207785.174344 93.680510 25.852922
16 298.150000 -1.000000 0.000000 0.500000 0.100000 110.000000 0.000000 -207561.821396 50.532787 25.808997
17 298.150000 -1.000000 0.000000 0.400000 0.100000 110.000000 0.000000 -207405.848179 83.370690 25.668361
16 298.150000 -1.000000 0.000000 0.500000 0.100000 110.000000 0.000000 -207491.446838 31.388485 25.698123
17 298.150000 -1.000000 0.000000 0.400000 0.100000 110.000000 0.000000 -207706.652447 53.343037 25.582888
20 298.150000 -1.000000 0.000000 0.100000 0.100000 110.000000 0.000000 -207299.994491 95.000500 25.701271
17 298.150000 -1.000000 0.000000 0.400000 0.100000 110.000000 0.000000 -207809.468171 71.613055 25.439609
17 298.150000 -1.000000 0.000000 0.400000 0.100000 110.000000 0.000000 -207609.738799 79.016033 25.245305
20 298.150000 -1.000000 0.000000 0.100000 0.100000 110.000000 0.000000 -207652.515601 115.748162 25.654794
20 298.150000 -1.000000 0.000000 0.100000 0.100000 110.000000 0.000000 -207624.630520 125.008379 25.560538
20 298.150000 -1.000000 0.000000 0.100000 0.100000 110.000000 0.000000 -207721.270950 133.863295 25.386032
20 298.150000 -1.000000 0.000000 0.100000 0.100000 110.000000 0.000000 -207161.569875 144.812492 25.252703
20 298.150000 -1.000000 0.000000 0.100000 0.100000 110.000000 0.000000 -207520.362066 97.843172 25.659374
19 298.150000 -1.000000 0.000000 0.200000 0.100000 110.000000 0.000000 -207515.143255 75.283385 25.733128
17 298.150000 -1.000000 0.000000 0.400000 0.100000 110.000000 0.000000 -207709.038532 84.371273 25.708776
19 298.150000 -1.000000 0.000000 0.200000 0.100000 110.000000 0.000000 -207232.470721 95.229421 25.430914
18 298.150000 -1.000000 0.000000 0.300000 0.100000 110.000000 0.000000 -207529.796384 74.788422 25.339426
16 298.150000 -1.000000 0.000000 0.500000 0.100000 110.000000 0.000000 -207588.347206 85.004970 25.640101
17 298.150000 -1.000000 0.000000 0.400000 0.100000 110.000000 0.000000 -207573.793969 53.757132 25.649648
16 298.150000 -1.000000 0.000000 0.500000 0.100000 110.000000 0.000000 -207465.105323 70.788547 25.558539
19 298.150000 -1.000000 0.000000 0.200000 0.100000 110.000000 0.000000 -207067.573791 59.627158 25.138857
16 298.150000 -1.000000 0.000000 0.500000 0.100000 110.000000 0.000000 -207303.685629 47.976404 25.734836
17 298.150000 -1.000000 0.000000 0.400000 0.100000 110.000000 0.000000 -207616.421084 81.864095 25.375101
19 298.150000 -1.000000 0.000000 0.200000 0.100000 110.000000 0.000000 -207673.235103 53.902311 25.681755
16 298.150000 -1.000000 0.000000 0.500000 0.100000 110.000000 0.000000 -208038.970052 71.729757 25.623766
17 298.150000 -1.000000 0.000000 0.400000 0.100000 110.000000 0.000000 -207567.873120 48.436460 25.397639
18 298.150000 -1.000000 0.000000 0.300000 0.100000 110.000000 0.000000 -207971.683370 58.344250 25.574156
16 298.150000 -1.000000 0.000000 0.500000 0.100000 110.000000 0.000000 -207458.300758 68.321856 25.794304
16 298.150000 -1.000000 0.000000 0.500000 0.100000 110.000000 0.000000 -207491.782539 48.640704 25.563268
17 298.150000 -1.000000 0.000000 0.400000 0.100000 110.000000 0.000000 -207739.986669 84.700786 25.729406
17 298.150000 -1.000000 0.000000 0.400000 0.100000 110.000000 0.000000 -207478.539960 61.016209 25.529691
18 298.150000 -1.000000 0.000000 0.300000 0.100000 110.000000 0.000000 -207010.964750 63.779962 25.734130
19 298.150000 -1.000000 0.000000 0.200000 0.100000 110.000000 0.000000 -207590.408967 85.927048 25.097162
16 298.150000 -1.000000 0.000000 0.500000 0.100000 110.000000 0.000000 -207326.216441 64.970446 25.579435
17 298.150000 -1.000000 0.000000 0.400000 0.100000 110.000000 0.000000 -207768.786978 93.785238 25.763236
16 298.150000 -1.000000 0.000000 0.500000 0.100000 110.000000 0.000000 -207223.674950 63.763706 25.383474
16 298.150000 -1.000000 0.000000 0.500000 0.100000 110.000000 0.000000 -207332.324272 71.461680 25.243319
18 298.150000 -1.000000 0.000000 0.300000 0.100000 110.000000 0.000000 -207446.881403 66.727547 25.669186
17 298.150000 -1.000000 0.000000 0.400000 0.100000 110.000000 0.000000 -207265.738402 76.663337 25.756472
17 298.150000 -1.000000 0.000000 0.400000 0.100000 110.000000 0.000000 -207379.186682 73.475940 24.915147
19 298.150000 -1.000000 0.000000 0.200000 0.100000 110.000000 0.000000 -207605.982867 94.086964 25.566542
19 298.150000 -1.000000 0.000000 0.200000 0.100000 110.000000 0.000000 -207406.069460 109.427155 24.161958
18 298.150000 -1.000000 0.000000 0.300000 0.100000 110.000000 0.000000 -207486.272625 23.369570 25.434201
18 298.150000 -1.000000 0.000000 0.300000 0.100000 110.000000 0.000000 -207335.228791 69.096765 25.384023
17 298.150000 -1.000000 0.000000 0.400000 0.100000 110.000000 0.000000 -207761.205342 41.270103 25.415273
17 298.150000 -1.000000 0.000000 0.400000 0.100000 110.000000 0.000000 -207184.378558 75.079370 25.750527
17 298.150000 -1.000000 0.000000 0.400000 0.100000 110.000000 0.000000 -207268.540604 12.903863 25.665401
16 298.150000 -1.000000 0.000000 0.500000 0.100000 110.000000 0.000000 -207439.110161 56.332846 25.599162
17 298.150000 -1.000000 0.000000 0.400000 0.100000 110.000000 0.000000 -207393.908879 47.590948 25.517433
18 298.150000 -1.000000 0.000000 0.300000 0.100000 110.000000 0.000000 -207558.634591 89.453347 25.722539
18 298.150000 -1.000000 0.000000 0.300000 0.100000 110.000000 0.000000 -207837.812786 50.142766 25.258892
18 298.150000 -1.000000 0.000000 0.300000 0.100000 110.000000 0.000000 -207377.548268 89.197917 25.545593
19 298.150000 -1.000000 0.000000 0.200000 0.100000 110.000000 0.000000 -207212.938817 68.899628 25.446066
16 298.150000 -1.000000 0.000000 0.500000 0.100000 110.000000 0.000000 -207568.700109 44.463166 25.817340
18 298.150000 -1.000000 0.000000 0.300000 0.100000 110.000000 0.000000 -207332.143700 68.757674 25.365696
18 298.150000 -1.000000 0.000000 0.300000 0.100000 110.000000 0.000000 -207329.837476 84.094488 25.449073
18 298.150000 -1.000000 0.000000 0.300000 0.100000 110.000000 0.000000 -207645.438778 47.116803 25.608589
19 298.150000 -1.000000 0.000000 0.200000 0.100000 110.000000 0.000000 -207818.744951 25.180052 25.642771
18 298.150000 -1.000000 0.000000 0.300000 0.100000 110.000000 0.000000 -207412.007917 71.652078 25.777837
16 298.150000 -1.000000 0.000000 0.500000 0.100000 110.000000 0.000000 -207254.987518 70.327935 24.780506
17 298.150000 -1.000000 0.000000 0.400000 0.100000 110.000000 0.000000 -207301.929071 67.019312 25.585481
16 298.150000 -1.000000 0.000000 0.500000 0.100000 110.000000 0.000000 -207210.623736 39.458686 25.623801
17 298.150000 -1.000000 0.000000 0.400000 0.100000 110.000000 0.000000 -207432.742666 78.673781 25.664139
16 298.150000 -1.000000 0.000000 0.500000 0.100000 110.000000 0.000000 -207704.520584 90.125186 25.787526
20 298.150000 -1.000000 0.000000 0.100000 0.100000 110.000000 0.000000 -207559.086475 104.817634 25.763054
20 298.150000 -1.000000 0.000000 0.100000 0.100000 110.000000 0.000000 -207310.821214 109.183934 25.643988
20 298.150000 -1.000000 0.000000 0.100000 0.100000 110.000000 0.000000 -207611.823256 72.631077 25.295463
20 298.150000 -1.000000 0.000000 0.100000 0.100000 110.000000 0.000000 -207491.805255 123.412676 25.341514
20 298.150000 -1.000000 0.000000 0.100000 0.100000 110.000000 0.000000 -207403.759533 140.947374 25.496095
20 298.150000 -1.000000 0.000000 0.100000 0.100000 110.000000 0.000000 -207356.235149 132.097166 25.682732
20 298.150000 -1.000000 0.000000 0.100000 0.100000 110.000000 0.000000 -207482.102495 115.265878 25.829453
18 298.150000 -1.000000 0.000000 0.300000 0.100000 110.000000 0.000000 -207328.564152 38.366806 25.146973
17 298.150000 -1.000000 0.000000 0.400000 0.100000 110.000000 0.000000 -207330.874553 93.860235 25.457615
16 298.150000 -1.000000 0.000000 0.500000 0.100000 110.000000 0.000000 -207159.218562 78.893514 25.122914
16 298.150000 -1.000000 0.000000 0.500000 0.100000 110.000000 0.000000 -207491.710234 39.188776 24.884664
19 298.150000 -1.000000 0.000000 0.200000 0.100000 110.000000 0.000000 -207709.001755 39.609738 25.676918
16 298.150000 -1.000000 0.000000 0.500000 0.100000 110.000000 0.000000 -207266.221343 53.580787 25.747625
16 298.150000 -1.000000 0.000000 0.500000 0.100000 110.000000 0.000000 -207260.876502 29.978118 25.501148
16 298.150000 -1.000000 0.000000 0.500000 0.100000 110.000000 0.000000 -207379.098147 68.274053 25.181163
15 298.150000 -1.000000 0.100000 0.500000 0.100000 110.000000 0.000000 -207667.743204 18.184020 25.528498
14 298.150000 -1.000000 0.200000 0.500000 0.100000 110.000000 0.000000 -207760.161603 7.313512 25.467250
12 298.150000 -1.000000 0.400000 0.500000 0.100000 110.000000 0.000000 -207612.053746 -4.459386 25.638680
12 298.150000 -1.000000 0.400000 0.500000 0.100000 110.000000 0.000000 -207919.671430 -2.949769 25.619389
12 298.150000 -1.000000 0.400000 0.500000 0.100000 110.000000 0.000000 -207236.972375 8.015443 25.212034
11 298.150000 -1.000000 0.500000 0.500000 0.100000 110.000000 0.000000 -207599.257528 0.238394 25.586573
12 298.150000 -1.000000 0.400000 0.500000 0.100000 110.000000 0.000000 -207689.124322 -0.161565 25.491046
13 298.150000 -1.000000 0.300000 0.500000 0.100000 110.000000 0.000000 -207219.040918 2.263871 25.542052
12 298.150000 -1.000000 0.400000 0.500000 0.100000 110.000000 0.000000 -207613.868691 -1.675592 25.458008
12 298.150000 -1.000000 0.400000 0.500000 0.100000 110.000000 0.000000 -207187.353767 9.128780 25.448545
13 298.150000 -1.000000 0.300000 0.500000 0.100000 110.000000 0.000000 -207250.040740 14.362865 25.620100
13 298.150000 -1.000000 0.300000 0.500000 0.100000 110.000000 0.000000 -207551.241485 12.349565 25.276326
12 298.150000 -1.000000 0.400000 0.500000 0.100000 110.000000 0.000000 -207935.246517 1.048980 25.329281
11 298.150000 -1.000000 0.500000 0.500000 0.100000 110.000000 0.000000 -207917.220218 -3.069947 25.109235
13 298.150000 -1.000000 0.300000 0.500000 0.100000 110.000000 0.000000 -207603.708007 9.198499 25.614311
13 298.150000 -1.000000 0.300000 0.500000 0.100000 110.000000 0.000000 -207541.272550 0.037155 25.241730
13 298.150000 -1.000000 0.300000 0.500000 0.100000 110.000000 0.000000 -207343.480672 5.687519 25.477088
13 298.150000 -1.000000 0.300000 0.500000 0.100000 110.000000 0.000000 -207608.228070 6.272504 25.660094
13 298.150000 -1.000000 0.300000 0.500000 0.100000 110.000000 0.000000 -207770.749156 -0.558079 25.320235
11 298.150000 -1.000000 0.500000 0.500000 0.100000 110.000000 0.000000 -207736.436576 1.443648 25.607106
11 298.150000 -1.000000 0.500000 0.500000 0.100000 110.000000 0.000000 -207391.215496 -0.669670 25.574612
11 298.150000 -1.000000 0.500000 0.500000 0.100000 110.000000 0.000000 -207404.902712 -0.190943 25.750632
11 298.150000 -1.000000 0.500000 0.500000 0.100000 110.000000 0.000000 -207774.346482 -6.207863 24.732711
11 298.150000 -1.000000 0.500000 0.500000 0.100000 110.000000 0.000000 -207372.963554 -1.651977 25.567079
11 298.150000 -1.000000 0.500000 0.500000 0.100000 110.000000 0.000000 -207563.682330 -2.277328 25.571984
11 298.150000 -1.000000 0.500000 0.500000 0.100000 110.000000 0.000000 -207542.567674 1.443320 25.091325
12 298.150000 -1.000000 0.400000 0.500000 0.100000 110.000000 0.000000 -207373.172666 -0.033239 25.547188
12 298.150000 -1.000000 0.400000 0.500000 0.100000 110.000000 0.000000 -207551.994193 4.735081 25.808002
13 298.150000 -1.000000 0.300000 0.500000 0.100000 110.000000 0.000000 -207263.463472 0.880332 25.342730
13 298.150000 -1.000000 0.300000 0.500000 0.100000 110.000000 0.000000 -207678.922265 9.953813 25.567977
13 298.150000 -1.000000 0.300000 0.500000 0.100000 110.000000 0.000000 -207539.485776 8.019142 25.135890
13 298.150000 -1.000000 0.300000 0.500000 0.100000 110.000000 0.000000 -207992.235461 12.990759 25.677160
13 298.150000 -1.000000 0.300000 0.500000 0.100000 110.000000 0.000000 -207740.716948 10.815652 25.365898
15 298.150000 -1.000000 0.100000 0.500000 0.100000 110.000000 0.000000 -207245.490658 31.461746 25.372267
15 298.150000 -1.000000 0.100000 0.500000 0.100000 110.000000 0.000000 -207248.722663 46.002533 25.846013
15 298.150000 -1.000000 0.100000 0.500000 0.100000 110.000000 0.000000 -207552.604699 14.054071 25.282529
15 298.150000 -1.000000 0.100000 0.500000 0.100000 110.000000 0.000000 -207538.589288 21.705911 25.612598
15 298.150000 -1.000000 0.100000 0.500000 0.100000 110.000000 0.000000 -207281.168206 20.294004 25.456294
15 298.150000 -1.000000 0.100000 0.500000 0.100000 110.000000 0.000000 -207532.645894 9.832286 25.743520
13 298.150000 -1.000000 0.300000 0.500000 0.100000 110.000000 0.000000 -207371.558744 2.424800 25.709042
12 298.150000 -1.000000 0.400000 0.500000 0.100000 110.000000 0.000000 -207408.008272 2.938496 25.792313
12 298.150000 -1.000000 0.400000 0.500000 0.100000 110.000000 0.000000 -207557.630883 -0.398409 24.935934
12 298.150000 -1.000000 0.400000 0.500000 0.100000 110.000000 0.000000 -207557.714380 -2.104260 25.603611
12 298.150000 -1.000000 0.400000 0.500000 0.100000 110.000000 0.000000 -207215.690478 -1.793550 25.758146
12 298.150000 -1.000000 0.400000 0.500000 0.100000 110.000000 0.000000 -207402.716856 13.202698 25.137271
14 298.150000 -1.000000 0.200000 0.500000 0.100000 110.000000 0.000000 -207430.646556 6.617835 25.353580
13 298.150000 -1.000000 0.300000 0.500000 0.100000 110.000000 0.000000 -207559.072382 10.568461 25.537974
14 298.150000 -1.000000 0.200000 0.500000 0.100000 110.000000 0.000000 -207404.513929 5.350175 25.454691
12 298.150000 -1.000000 0.400000 0.500000 0.100000 110.000000 0.000000 -207174.340439 -2.761517 25.410519
11 298.150000 -1.000000 0.500000 0.500000 0.100000 110.000000 0.000000 -207581.089684 -1.361368 25.694048
13 298.150000 -1.000000 0.300000 0.500000 0.100000 110.000000 0.000000 -207330.409199 1.372214 25.546222
13 298.150000 -1.000000 0.300000 0.500000 0.100000 110.000000 0.000000 -207448.253975 5.489833 25.357401
12 298.150000 -1.000000 0.400000 0.500000 0.100000 110.000000 0.000000 -207165.913347 -0.745707 25.233055
10 298.150000 1.000000 0.500000 0.500000 0.100000 110.000000 0.000000 -207408.209313 5.355747 25.842984
11 298.150000 -1.000000 0.500000 0.500000 0.100000 110.000000 0.000000 -207472.575873 2.078965 25.689714
9 298.150000 1.000000 0.400000 0.500000 0.100000 110.000000 0.000000 -207444.346695 2.955206 25.434472
9 298.150000 1.000000 0.400000 0.500000 0.100000 110.000000 0.000000 -207620.259323 8.605362 25.387628
8 298.150000 1.000000 0.300000 0.500000 0.100000 110.000000 0.000000 -207203.618894 1.654968 25.649773
10 298.150000 1.000000 0.500000 0.500000 0.100000 110.000000 0.000000 -207650.943894 -3.327719 25.705325
11 298.150000 -1.000000 0.500000 0.500000 0.100000 110.000000 0.000000 -207319.475139 1.890464 25.642738
11 298.150000 -1.000000 0.500000 0.500000 0.100000 110.000000 0.000000 -207530.590795 0.516142 25.603163
11 298.150000 -1.000000 0.500000 0.500000 0.100000 110.000000 0.000000 -207065.469921 3.895702 25.447161
10 298.150000 1.000000 0.500000 0.500000 0.100000 110.000000 0.000000 -207646.409371 1.925818 25.574732
10 298.150000 1.000000 0.500000 0.500000 0.100000 110.000000 0.000000 -207241.635812 2.891826 25.488845
8 298.150000 1.000000 0.300000 0.500000 0.100000 110.000000 0.000000 -207340.093873 13.381880 25.697053
6 298.150000 1.000000 0.100000 0.500000 0.100000 110.000000 0.000000 -207725.449393 30.940688 25.485434
4 298.150000 1.000000 0.000000 0.400000 0.100000 110.000000 0.000000 -207373.103475 60.234669 25.619391
2 298.150000 1.000000 0.000000 0.200000 0.100000 110.000000 0.000000 -207714.890844 114.421971 25.394714
2 298.150000 1.000000 0.000000 0.200000 0.100000 110.000000 0.000000 -207766.561426 38.765697 25.226382
4 298.150000 1.000000 0.000000 0.400000 0.100000 110.000000 0.000000 -207407.672983 88.087712 25.616777
5 298.150000 1.000000 0.000000 0.500000 0.100000 110.000000 0.000000 -207254.977060 62.003545 25.731387
3 298.150000 1.000000 0.000000 0.300000 0.100000 110.000000 0.000000 -207255.835936 95.009027 25.687015
2 298.150000 1.000000 0.000000 0.200000 0.100000 110.000000 0.000000 -207672.019572 108.394933 24.641095
2 298.150000 1.000000 0.000000 0.200000 0.100000 110.000000 0.000000 -207357.037014 87.933218 25.795943
4 298.150000 1.000000 0.000000 0.400000 0.100000 110.000000 0.000000 -207825.870116 57.001279 25.495926
4 298.150000 1.000000 0.000000 0.400000 0.100000 110.000000 0.000000 -207413.694766 85.185892 25.738287
4 298.150000 1.000000 0.000000 0.400000 0.100000 110.000000 0.000000 -207239.885825 89.576331 25.286572
2 298.150000 1.000000 0.000000 0.200000 0.100000 110.000000 0.000000 -207070.324448 87.017842 25.389688
5 298.150000 1.000000 0.000000 0.500000 0.100000 110.000000 0.000000 -207465.949761 40.197635 25.747603
5 298.150000 1.000000 0.000000 0.500000 0.100000 110.000000 0.000000 -207318.822703 56.449284 25.337022
