1 298.150000 1.000000 0.000000 0.100000 0.100000 110.000000 0.000000 -207636.201344 145.132824 23.378600
1 298.150000 1.000000 0.000000 0.100000 0.100000 110.000000 0.000000 -207785.621411 172.832610 24.235594
0 298.150000 1.000000 0.000000 0.000000 0.100000 110.000000 0.000000 -207722.335245 177.702967 24.572895
0 298.150000 1.000000 0.000000 0.000000 0.100000 110.000000 0.000000 -208083.333957 181.739904 23.736762
1 298.150000 1.000000 0.000000 0.100000 0.100000 110.000000 0.000000 -207804.325377 144.599518 25.091686
1 298.150000 1.000000 0.000000 0.100000 0.100000 110.000000 0.000000 -207730.637285 162.912530 23.825711
1 298.150000 1.000000 0.000000 0.100000 0.100000 110.000000 0.000000 -207655.974578 172.289133 23.268884
1 298.150000 1.000000 0.000000 0.100000 0.100000 110.000000 0.000000 -207665.850943 166.220388 25.232496
1 298.150000 1.000000 0.000000 0.100000 0.100000 110.000000 0.000000 -207828.072871 153.888662 24.000593
1 298.150000 1.000000 0.000000 0.100000 0.100000 110.000000 0.000000 -207844.873936 189.274705 24.038854
1 298.150000 1.000000 0.000000 0.100000 0.100000 110.000000 0.000000 -207581.965492 155.938759 25.309008
1 298.150000 1.000000 0.000000 0.100000 0.100000 110.000000 0.000000 -207913.919342 158.327832 24.955831
1 298.150000 1.000000 0.000000 0.100000 0.100000 110.000000 0.000000 -207923.801022 187.390544 23.907068
1 298.150000 1.000000 0.000000 0.100000 0.100000 110.000000 0.000000 -207842.249638 193.171486 24.544144
1 298.150000 1.000000 0.000000 0.100000 0.100000 110.000000 0.000000 -208041.911048 192.796207 22.805315
0 298.150000 1.000000 0.000000 0.000000 0.100000 110.000000 0.000000 -207790.228422 185.429568 22.455943
1 298.150000 1.000000 0.000000 0.100000 0.100000 110.000000 0.000000 -207443.962425 186.004359 24.896856
1 298.150000 1.000000 0.000000 0.100000 0.100000 110.000000 0.000000 -207767.622148 187.901430 25.377962
0 298.150000 1.000000 0.000000 0.000000 0.100000 110.000000 0.000000 -207798.062400 180.617750 22.327369
0 298.150000 1.000000 0.000000 0.000000 0.100000 110.000000 0.000000 -207457.710998 191.654786 23.310227
0 298.150000 1.000000 0.000000 0.000000 0.100000 110.000000 0.000000 -207456.972259 181.012574 23.535020
0 298.150000 1.000000 0.000000 0.000000 0.100000 110.000000 0.000000 -208215.765158 195.088569 24.811773
1 298.150000 1.000000 0.000000 0.100000 0.100000 110.000000 0.000000 -207785.731534 178.797790 23.302434
1 298.150000 1.000000 0.000000 0.100000 0.100000 110.000000 0.000000 -207613.041183 184.755180 24.391113
0 298.150000 1.000000 0.000000 0.000000 0.100000 110.000000 0.000000 -207995.535031 191.341012 24.049350
0 298.150000 1.000000 0.000000 0.000000 0.100000 110.000000 0.000000 -207928.445005 188.180325 25.356937
0 298.150000 1.000000 0.000000 0.000000 0.100000 110.000000 0.000000 -208179.541524 181.779365 25.156461
0 298.150000 1.000000 0.000000 0.000000 0.100000 110.000000 0.000000 -207500.774900 182.055351 25.268080
1 298.150000 1.000000 0.000000 0.100000 0.100000 110.000000 0.000000 -207938.893079 171.483969 25.295984
1 298.150000 1.000000 0.000000 0.100000 0.100000 110.000000 0.000000 -207897.581245 188.595361 24.699175
0 298.150000 1.000000 0.000000 0.000000 0.100000 110.000000 0.000000 -207375.402917 183.428067 24.117071
0 298.150000 1.000000 0.000000 0.000000 0.100000 110.000000 0.000000 -207663.111316 199.304986 24.013497
0 298.150000 1.000000 0.000000 0.000000 0.100000 110.000000 0.000000 -208216.018502 189.799269 22.455503
0 298.150000 1.000000 0.000000 0.000000 0.100000 110.000000 0.000000 -207959.054034 199.401504 22.261714
0 298.150000 1.000000 0.000000 0.000000 0.100000 110.000000 0.000000 -207933.272721 188.795289 21.989638
1 298.150000 1.000000 0.000000 0.100000 0.100000 110.000000 0.000000 -207564.189401 189.326145 23.034172
1 298.150000 1.000000 0.000000 0.100000 0.100000 110.000000 0.000000 -207665.736875 193.243204 23.766776
1 298.150000 1.000000 0.000000 0.100000 0.100000 110.000000 0.000000 -208045.053822 186.830260 22.877328
1 298.150000 1.000000 0.000000 0.100000 0.100000 110.000000 0.000000 -208107.974278 189.378164 23.577017
0 298.150000 1.000000 0.000000 0.000000 0.100000 110.000000 0.000000 -207604.106931 190.821308 25.136817
0 298.150000 1.000000 0.000000 0.000000 0.100000 110.000000 0.000000 -207714.691174 192.368446 24.247976
1 298.150000 1.000000 0.000000 0.100000 0.100000 110.000000 0.000000 -207956.267433 192.670869 22.207932
0 298.150000 1.000000 0.000000 0.000000 0.100000 110.000000 0.000000 -207577.553830 189.299855 24.454045
0 298.150000 1.000000 0.000000 0.000000 0.100000 110.000000 0.000000 -207727.983744 181.772741 23.329561
1 298.150000 1.000000 0.000000 0.100000 0.100000 110.000000 0.000000 -207833.765202 177.238283 23.875207
1 298.150000 1.000000 0.000000 0.100000 0.100000 110.000000 0.000000 -207638.148458 194.669971 23.715807
0 298.150000 1.000000 0.000000 0.000000 0.100000 110.000000 0.000000 -207528.182070 188.053351 25.013387
0 298.150000 1.000000 0.000000 0.000000 0.100000 110.000000 0.000000 -207790.296522 178.704040 24.402593
0 298.150000 1.000000 0.000000 0.000000 0.100000 110.000000 0.000000 -208150.002301 183.553731 23.594097
0 298.150000 1.000000 0.000000 0.000000 0.100000 110.000000 0.000000 -207744.794828 187.002747 25.101050
0 298.150000 1.000000 0.000000 0.000000 0.100000 110.000000 0.000000 -207895.268067 191.588415 24.964651
0 298.150000 1.000000 0.000000 0.000000 0.100000 110.000000 0.000000 -207538.485884 182.683377 25.086456
0 298.150000 1.000000 0.000000 0.000000 0.100000 110.000000 0.000000 -207748.180623 193.826345 25.157732
1 298.150000 1.000000 0.000000 0.100000 0.100000 110.000000 0.000000 -207845.257376 185.210999 23.872931
0 298.150000 1.000000 0.000000 0.000000 0.100000 110.000000 0.000000 -207889.889613 184.648706 22.650533
1 298.150000 1.000000 0.000000 0.100000 0.100000 110.000000 0.000000 -208018.911184 187.673664 24.193017
1 298.150000 1.000000 0.000000 0.100000 0.100000 110.000000 0.000000 -207992.996670 181.242198 24.725377
1 298.150000 1.000000 0.000000 0.100000 0.100000 110.000000 0.000000 -207996.305229 186.560277 25.278303
1 298.150000 1.000000 0.000000 0.100000 0.100000 110.000000 0.000000 -207515.718874 188.583873 23.430343
1 298.150000 1.000000 0.000000 0.100000 0.100000 110.000000 0.000000 -207571.592349 190.835279 24.395592
0 298.150000 1.000000 0.000000 0.000000 0.100000 110.000000 0.000000 -207938.062017 195.779603 24.091531
0 298.150000 1.000000 0.000000 0.000000 0.100000 110.000000 0.000000 -207742.200107 186.403146 24.522280
1 298.150000 1.000000 0.000000 0.100000 0.100000 110.000000 0.000000 -207717.680688 197.329720 25.042460
1 298.150000 1.000000 0.000000 0.100000 0.100000 110.000000 0.000000 -207735.251122 196.256141 24.460832
1 298.150000 1.000000 0.000000 0.100000 0.100000 110.000000 0.000000 -207892.514702 184.660808 25.252379
1 298.150000 1.000000 0.000000 0.100000 0.100000 110.000000 0.000000 -207497.395190 190.443090 24.487774
1 298.150000 1.000000 0.000000 0.100000 0.100000 110.000000 0.000000 -207577.294786 184.807543 23.878765
1 298.150000 1.000000 0.000000 0.100000 0.100000 110.000000 0.000000 -208068.968409 183.844260 24.598215
0 298.150000 1.000000 0.000000 0.000000 0.100000 110.000000 0.000000 -208112.215589 183.184461 24.045637
0 298.150000 1.000000 0.000000 0.000000 0.100000 110.000000 0.000000 -207842.830772 183.329774 23.695383
0 298.150000 1.000000 0.000000 0.000000 0.100000 110.000000 0.000000 -207601.339188 195.991646 25.121389
0 298.150000 1.000000 0.000000 0.000000 0.100000 110.000000 0.000000 -207762.187754 184.047670 23.844378
1 298.150000 1.000000 0.000000 0.100000 0.100000 110.000000 0.000000 -208031.895185 183.273596 24.995332
1 298.150000 1.000000 0.000000 0.100000 0.100000 110.000000 0.000000 -207617.357812 191.417318 24.534015
1 298.150000 1.000000 0.000000 0.100000 0.100000 110.000000 0.000000 -207918.888999 197.249373 22.149118
1 298.150000 1.000000 0.000000 0.100000 0.100000 110.000000 0.000000 -207726.749859 186.609276 25.178396
1 298.150000 1.000000 0.000000 0.100000 0.100000 110.000000 0.000000 -208023.412135 179.662541 23.610176
0 298.150000 1.000000 0.000000 0.000000 0.100000 110.000000 0.000000 -207688.398343 188.739245 23.070043
0 298.150000 1.000000 0.000000 0.000000 0.100000 110.000000 0.000000 -207723.243739 191.341216 22.927804
0 298.150000 1.000000 0.000000 0.000000 0.100000 110.000000 0.000000 -207968.641228 180.362054 22.267206
0 298.150000 1.000000 0.000000 0.000000 0.100000 110.000000 0.000000 -207740.464527 190.147299 25.068906
0 298.150000 1.000000 0.000000 0.000000 0.100000 110.000000 0.000000 -207413.163406 172.113649 24.236332
0 298.150000 1.000000 0.000000 0.000000 0.100000 110.000000 0.000000 -207889.455077 186.866909 25.001694
0 298.150000 1.000000 0.000000 0.000000 0.100000 110.000000 0.000000 -208004.006440 191.456139 23.656917
0 298.150000 1.000000 0.000000 0.000000 0.100000 110.000000 0.000000 -208296.336922 183.988815 24.128651
0 298.150000 1.000000 0.000000 0.000000 0.100000 110.000000 0.000000 -208007.513384 195.496963 23.374686
0 298.150000 1.000000 0.000000 0.000000 0.100000 110.000000 0.000000 -207708.159487 186.579889 23.631001
1 298.150000 1.000000 0.000000 0.100000 0.100000 110.000000 0.000000 -208165.660467 177.065512 23.324471
0 298.150000 1.000000 0.000000 0.000000 0.100000 110.000000 0.000000 -207837.444784 191.656810 22.869501
0 298.150000 1.000000 0.000000 0.000000 0.100000 110.000000 0.000000 -207956.436543 186.954296 23.322216
0 298.150000 1.000000 0.000000 0.000000 0.100000 110.000000 0.000000 -207806.303688 192.888144 24.003097
0 298.150000 1.000000 0.000000 0.000000 0.100000 110.000000 0.000000 -207861.504143 193.182918 23.576380
1 298.150000 1.000000 0.000000 0.100000 0.100000 110.000000 0.000000 -207596.934380 180.613666 23.000687
0 298.150000 1.000000 0.000000 0.000000 0.100000 110.000000 0.000000 -207709.951371 189.118551 23.491566
0 298.150000 1.000000 0.000000 0.000000 0.100000 110.000000 0.000000 -208291.121705 178.536322 24.169579
1 298.150000 1.000000 0.000000 0.100000 0.100000 110.000000 0.000000 -208082.005484 179.032661 25.215888
1 298.150000 1.000000 0.000000 0.100000 0.100000 110.000000 0.000000 -207865.200279 180.553857 25.301350
1 298.150000 1.000000 0.000000 0.100000 0.100000 110.000000 0.000000 -208110.704964 188.839837 24.726553
0 298.150000 1.000000 0.000000 0.000000 0.100000 110.000000 0.000000 -207947.722830 189.414553 23.255492
0 298.150000 1.000000 0.000000 0.000000 0.100000 110.000000 0.000000 -208076.424149 180.555826 23.710064
0 298.150000 1.000000 0.000000 0.000000 0.100000 110.000000 0.000000 -207907.836856 183.693957 25.351463
1 298.150000 1.000000 0.000000 0.100000 0.100000 110.000000 0.000000 -208079.285621 177.939369 25.110876
1 298.150000 1.000000 0.000000 0.100000 0.100000 110.000000 0.000000 -208053.264763 187.356782 25.205012
1 298.150000 1.000000 0.000000 0.100000 0.100000 110.000000 0.000000 -208163.452372 189.427330 23.646330
0 298.150000 1.000000 0.000000 0.000000 0.100000 110.000000 0.000000 -207819.474523 189.715443 23.264764
1 298.150000 1.000000 0.000000 0.100000 0.100000 110.000000 0.000000 -207591.668705 175.044112 24.642108
1 298.150000 1.000000 0.000000 0.100000 0.100000 110.000000 0.000000 -207693.296385 182.248127 24.359064
1 298.150000 1.000000 0.000000 0.100000 0.100000 110.000000 0.000000 -207569.466534 192.097956 23.068117
0 298.150000 1.000000 0.000000 0.000000 0.100000 110.000000 0.000000 -207757.694727 189.749054 22.999267
1 298.150000 1.000000 0.000000 0.100000 0.100000 110.000000 0.000000 -207742.396588 186.487973 24.862867
0 298.150000 1.000000 0.000000 0.000000 0.100000 110.000000 0.000000 -207553.836033 193.201739 25.175379
0 298.150000 1.000000 0.000000 0.000000 0.100000 110.000000 0.000000 -207720.234927 195.758667 24.892835
0 298.150000 1.000000 0.000000 0.000000 0.100000 110.000000 0.000000 -208027.287954 188.591100 25.009124
1 298.150000 1.000000 0.000000 0.100000 0.100000 110.000000 0.000000 -207763.744919 150.574521 23.734976
1 298.150000 1.000000 0.000000 0.100000 0.100000 110.000000 0.000000 -207482.157312 185.062530 23.573991
1 298.150000 1.000000 0.000000 0.100000 0.100000 110.000000 0.000000 -207908.884748 186.027113 23.512721
1 298.150000 1.000000 0.000000 0.100000 0.100000 110.000000 0.000000 -208341.927822 179.974843 23.496863
0 298.150000 1.000000 0.000000 0.000000 0.100000 110.000000 0.000000 -207979.921743 196.910104 24.110537
0 298.150000 1.000000 0.000000 0.000000 0.100000 110.000000 0.000000 -207596.306518 184.212463 24.110920
1 298.150000 1.000000 0.000000 0.100000 0.100000 110.000000 0.000000 -207699.486547 193.959247 25.071819
0 298.150000 1.000000 0.000000 0.000000 0.100000 110.000000 0.000000 -207893.313736 183.146526 24.362131
0 298.150000 1.000000 0.000000 0.000000 0.100000 110.000000 0.000000 -207692.761595 193.202674 24.289642
0 298.150000 1.000000 0.000000 0.000000 0.100000 110.000000 0.000000 -207436.365493 183.539558 23.490275
1 298.150000 1.000000 0.000000 0.100000 0.100000 110.000000 0.000000 -207481.872628 194.304196 24.623202
1 298.150000 1.000000 0.000000 0.100000 0.100000 110.000000 0.000000 -207799.696204 174.969786 25.218164
1 298.150000 1.000000 0.000000 0.100000 0.100000 110.000000 0.000000 -207705.034125 185.167176 24.532065
0 298.150000 1.000000 0.000000 0.000000 0.100000 110.000000 0.000000 -208106.754002 181.607901 24.056708
