4 298.150000 1.000000 0.000000 0.400000 0.100000 110.000000 0.000000 -207434.394103 85.971904 25.634627
2 298.150000 1.000000 0.000000 0.200000 0.100000 110.000000 0.000000 -207492.355406 67.823104 25.110153
5 298.150000 1.000000 0.000000 0.500000 0.100000 110.000000 0.000000 -207450.846911 75.108253 25.557292
1 298.150000 1.000000 0.000000 0.100000 0.100000 110.000000 0.000000 -207671.899122 86.609639 25.702346
5 298.150000 1.000000 0.000000 0.500000 0.100000 110.000000 0.000000 -207121.684849 69.144160 25.635426
4 298.150000 1.000000 0.000000 0.400000 0.100000 110.000000 0.000000 -207372.899475 52.290216 25.808195
2 298.150000 1.000000 0.000000 0.200000 0.100000 110.000000 0.000000 -207385.063957 90.716198 25.699550
3 298.150000 1.000000 0.000000 0.300000 0.100000 110.000000 0.000000 -207413.274148 45.117767 25.671061
3 298.150000 1.000000 0.000000 0.300000 0.100000 110.000000 0.000000 -207518.212900 82.589467 25.826872
5 298.150000 1.000000 0.000000 0.500000 0.100000 110.000000 0.000000 -207013.734163 61.622237 25.577905
5 298.150000 1.000000 0.000000 0.500000 0.100000 110.000000 0.000000 -207141.057909 72.673681 25.384455
4 298.150000 1.000000 0.000000 0.400000 0.100000 110.000000 0.000000 -207306.781578 39.424964 25.163513
2 298.150000 1.000000 0.000000 0.200000 0.100000 110.000000 0.000000 -207204.585920 99.751040 25.716922
2 298.150000 1.000000 0.000000 0.200000 0.100000 110.000000 0.000000 -207546.765275 53.337376 25.563508
5 298.150000 1.000000 0.000000 0.500000 0.100000 110.000000 0.000000 -207205.364490 56.973803 25.441531
3 298.150000 1.000000 0.000000 0.300000 0.100000 110.000000 0.000000 -207477.855474 101.920984 25.360223
4 298.150000 1.000000 0.000000 0.400000 0.100000 110.000000 0.000000 -207368.915521 38.755381 25.288972
4 298.150000 1.000000 0.000000 0.400000 0.100000 110.000000 0.000000 -207460.755300 79.738029 25.283255
4 298.150000 1.000000 0.000000 0.400000 0.100000 110.000000 0.000000 -207080.565908 57.872920 25.315249
3 298.150000 1.000000 0.000000 0.300000 0.100000 110.000000 0.000000 -206821.175010 80.973440 25.537222
5 298.150000 1.000000 0.000000 0.500000 0.100000 110.000000 0.000000 -207758.867976 59.737863 25.463830
4 298.150000 1.000000 0.000000 0.400000 0.100000 110.000000 0.000000 -207500.126592 61.144569 24.833407
2 298.150000 1.000000 0.000000 0.200000 0.100000 110.000000 0.000000 -207438.902466 105.636148 24.540796
4 298.150000 1.000000 0.000000 0.400000 0.100000 110.000000 0.000000 -207104.871854 73.789279 25.783561
3 298.150000 1.000000 0.000000 0.300000 0.100000 110.000000 0.000000 -207551.965634 81.702779 25.492145
4 298.150000 1.000000 0.000000 0.400000 0.100000 110.000000 0.000000 -207518.434662 120.799640 25.128536
1 298.150000 1.000000 0.000000 0.100000 0.100000 110.000000 0.000000 -207472.696781 123.837049 25.509925
1 298.150000 1.000000 0.000000 0.100000 0.100000 110.000000 0.000000 -207488.580374 121.617967 24.537054
1 298.150000 1.000000 0.000000 0.100000 0.100000 110.000000 0.000000 -207433.003600 134.607886 22.605760
1 298.150000 1.000000 0.000000 0.100000 0.100000 110.000000 0.000000 -207676.318719 139.299152 21.923322
1 298.150000 1.000000 0.000000 0.100000 0.100000 110.000000 0.000000 -207586.900884 143.675521 25.057779
1 298.150000 1.000000 0.000000 0.100000 0.100000 110.000000 0.000000 -207651.342644 131.038076 25.073746
1 298.150000 1.000000 0.000000 0.100000 0.100000 110.000000 0.000000 -207701.796021 139.061046 23.241765
2 298.150000 1.000000 0.000000 0.200000 0.100000 110.000000 0.000000 -207266.905831 105.884661 25.890516
2 298.150000 1.000000 0.000000 0.200000 0.100000 110.000000 0.000000 -207480.847553 68.945688 25.866628
5 298.150000 1.000000 0.000000 0.500000 0.100000 110.000000 0.000000 -207827.495138 39.451962 25.478752
5 298.150000 1.000000 0.000000 0.500000 0.100000 110.000000 0.000000 -207602.942520 50.592121 26.008893
5 298.150000 1.000000 0.000000 0.500000 0.100000 110.000000 0.000000 -207221.739895 71.935484 25.660061
2 298.150000 1.000000 0.000000 0.200000 0.100000 110.000000 0.000000 -207475.813991 63.508529 25.634554
4 298.150000 1.000000 0.000000 0.400000 0.100000 110.000000 0.000000 -207171.848828 84.709837 25.191106
2 298.150000 1.000000 0.000000 0.200000 0.100000 110.000000 0.000000 -207290.898704 43.280020 25.296534
2 298.150000 1.000000 0.000000 0.200000 0.100000 110.000000 0.000000 -207560.799479 67.808932 25.463540
5 298.150000 1.000000 0.000000 0.500000 0.100000 110.000000 0.000000 -207411.691745 60.980808 25.245186
4 298.150000 1.000000 0.000000 0.400000 0.100000 110.000000 0.000000 -207415.861524 54.507450 25.250644
3 298.150000 1.000000 0.000000 0.300000 0.100000 110.000000 0.000000 -207248.197210 45.313076 25.191692
5 298.150000 1.000000 0.000000 0.500000 0.100000 110.000000 0.000000 -207469.428326 48.771230 23.502645
4 298.150000 1.000000 0.000000 0.400000 0.100000 110.000000 0.000000 -207462.163304 55.006513 24.715862
4 298.150000 1.000000 0.000000 0.400000 0.100000 110.000000 0.000000 -207429.148802 44.442281 25.518532
4 298.150000 1.000000 0.000000 0.400000 0.100000 110.000000 0.000000 -207590.148152 38.064812 25.635946
4 298.150000 1.000000 0.000000 0.400000 0.100000 110.000000 0.000000 -207323.706624 51.072676 25.659587
5 298.150000 1.000000 0.000000 0.500000 0.100000 110.000000 0.000000 -207782.354504 89.621113 25.379307
5 298.150000 1.000000 0.000000 0.500000 0.100000 110.000000 0.000000 -207692.648654 86.089961 25.405405
5 298.150000 1.000000 0.000000 0.500000 0.100000 110.000000 0.000000 -207381.063742 81.067462 25.671013
4 298.150000 1.000000 0.000000 0.400000 0.100000 110.000000 0.000000 -207426.156504 77.778174 25.809673
5 298.150000 1.000000 0.000000 0.500000 0.100000 110.000000 0.000000 -207281.911204 57.815107 25.282826
4 298.150000 1.000000 0.000000 0.400000 0.100000 110.000000 0.000000 -207226.683010 84.183404 25.182283
5 298.150000 1.000000 0.000000 0.500000 0.100000 110.000000 0.000000 -207394.274553 68.746364 24.644579
2 298.150000 1.000000 0.000000 0.200000 0.100000 110.000000 0.000000 -207716.537068 82.923984 25.552722
2 298.150000 1.000000 0.000000 0.200000 0.100000 110.000000 0.000000 -207403.435341 133.136441 25.493240
2 298.150000 1.000000 0.000000 0.200000 0.100000 110.000000 0.000000 -207367.696852 105.342969 25.553190
3 298.150000 1.000000 0.000000 0.300000 0.100000 110.000000 0.000000 -207552.147286 103.186545 25.348433
2 298.150000 1.000000 0.000000 0.200000 0.100000 110.000000 0.000000 -207685.688871 99.212476 22.352792
3 298.150000 1.000000 0.000000 0.300000 0.100000 110.000000 0.000000 -207391.499488 72.150754 24.332399
3 298.150000 1.000000 0.000000 0.300000 0.100000 110.000000 0.000000 -207512.466030 81.173792 23.993230
2 298.150000 1.000000 0.000000 0.200000 0.100000 110.000000 0.000000 -207310.659035 62.039656 25.648169
1 298.150000 1.000000 0.000000 0.100000 0.100000 110.000000 0.000000 -207371.771799 128.536550 25.696349
1 298.150000 1.000000 0.000000 0.100000 0.100000 110.000000 0.000000 -207337.140494 135.734995 21.927729
1 298.150000 1.000000 0.000000 0.100000 0.100000 110.000000 0.000000 -207889.204668 64.304615 25.262704
4 298.150000 1.000000 0.000000 0.400000 0.100000 110.000000 0.000000 -207286.570224 70.352823 23.987578
2 298.150000 1.000000 0.000000 0.200000 0.100000 110.000000 0.000000 -207561.942785 133.441669 23.060574
2 298.150000 1.000000 0.000000 0.200000 0.100000 110.000000 0.000000 -207563.694106 40.877135 25.405224
4 298.150000 1.000000 0.000000 0.400000 0.100000 110.000000 0.000000 -207582.464005 71.048326 25.309591
4 298.150000 1.000000 0.000000 0.400000 0.100000 110.000000 0.000000 -207369.886573 92.235603 25.734369
3 298.150000 1.000000 0.000000 0.300000 0.100000 110.000000 0.000000 -207404.644426 85.923401 24.056555
4 298.150000 1.000000 0.000000 0.400000 0.100000 110.000000 0.000000 -207571.295318 37.764325 25.120540
4 298.150000 1.000000 0.000000 0.400000 0.100000 110.000000 0.000000 -207644.891377 79.067610 24.311476
4 298.150000 1.000000 0.000000 0.400000 0.100000 110.000000 0.000000 -207584.508875 32.787638 25.324505
3 298.150000 1.000000 0.000000 0.300000 0.100000 110.000000 0.000000 -207548.827664 66.690209 25.172834
3 298.150000 1.000000 0.000000 0.300000 0.100000 110.000000 0.000000 -207425.505973 60.695129 25.268826
4 298.150000 1.000000 0.000000 0.400000 0.100000 110.000000 0.000000 -207269.509362 58.701220 25.603249
2 298.150000 1.000000 0.000000 0.200000 0.100000 110.000000 0.000000 -207608.537636 70.306169 25.723993
4 298.150000 1.000000 0.000000 0.400000 0.100000 110.000000 0.000000 -207138.310784 39.983675 25.011687
5 298.150000 1.000000 0.000000 0.500000 0.100000 110.000000 0.000000 -207353.577919 68.703400 25.652318
4 298.150000 1.000000 0.000000 0.400000 0.100000 110.000000 0.000000 -207765.207618 55.770914 25.624511
5 298.150000 1.000000 0.000000 0.500000 0.100000 110.000000 0.000000 -207089.627981 79.377786 25.762287
4 298.150000 1.000000 0.000000 0.400000 0.100000 110.000000 0.000000 -207291.197563 47.616366 25.633786
4 298.150000 1.000000 0.000000 0.400000 0.100000 110.000000 0.000000 -207668.052430 60.188689 25.670388
3 298.150000 1.000000 0.000000 0.300000 0.100000 110.000000 0.000000 -207851.139767 85.065225 25.211839
2 298.150000 1.000000 0.000000 0.200000 0.100000 110.000000 0.000000 -207210.941946 54.085643 25.446647
4 298.150000 1.000000 0.000000 0.400000 0.100000 110.000000 0.000000 -207889.446814 70.740999 25.427463
4 298.150000 1.000000 0.000000 0.400000 0.100000 110.000000 0.000000 -207543.280285 86.667881 25.828183
2 298.150000 1.000000 0.000000 0.200000 0.100000 110.000000 0.000000 -207778.830798 68.549919 25.399709
3 298.150000 1.000000 0.000000 0.300000 0.100000 110.000000 0.000000 -207412.586385 71.964958 25.707951
5 298.150000 1.000000 0.000000 0.500000 0.100000 110.000000 0.000000 -207346.141107 44.263628 25.500278
5 298.150000 1.000000 0.000000 0.500000 0.100000 110.000000 0.000000 -207541.514259 93.493982 25.463750
2 298.150000 1.000000 0.000000 0.200000 0.100000 110.000000 0.000000 -207560.356052 72.746981 25.445668
4 298.150000 1.000000 0.000000 0.400000 0.100000 110.000000 0.000000 -207481.117886 50.387677 25.291434
5 298.150000 1.000000 0.000000 0.500000 0.100000 110.000000 0.000000 -207438.723270 50.420716 25.756091
5 298.150000 1.000000 0.000000 0.500000 0.100000 110.000000 0.000000 -207383.346232 88.067104 25.279952
3 298.150000 1.000000 0.000000 0.300000 0.100000 110.000000 0.000000 -207279.835849 69.301934 25.275506
5 298.150000 1.000000 0.000000 0.500000 0.100000 110.000000 0.000000 -207316.008310 64.823383 25.752621
3 298.150000 1.000000 0.000000 0.300000 0.100000 110.000000 0.000000 -207199.871762 18.874215 25.659080
6 298.150000 1.000000 0.100000 0.500000 0.100000 110.000000 0.000000 -207781.171335 18.811747 25.572577
3 298.150000 1.000000 0.000000 0.300000 0.100000 110.000000 0.000000 -207963.833019 19.596941 25.370274
6 298.150000 1.000000 0.100000 0.500000 0.100000 110.000000 0.000000 -207329.445106 26.549374 25.845311
6 298.150000 1.000000 0.100000 0.500000 0.100000 110.000000 0.000000 -207320.376202 23.975287 25.785158
6 298.150000 1.000000 0.100000 0.500000 0.100000 110.000000 0.000000 -207487.015490 21.952467 25.676476
7 298.150000 1.000000 0.200000 0.500000 0.100000 110.000000 0.000000 -207089.312540 3.951541 25.247815
9 298.150000 1.000000 0.400000 0.500000 0.100000 110.000000 0.000000 -207258.754902 2.814788 25.582435
9 298.150000 1.000000 0.400000 0.500000 0.100000 110.000000 0.000000 -207372.852687 13.572221 25.635086
8 298.150000 1.000000 0.300000 0.500000 0.100000 110.000000 0.000000 -207437.905823 12.930096 25.773545
7 298.150000 1.000000 0.200000 0.500000 0.100000 110.000000 0.000000 -207564.497879 13.081600 25.674612
7 298.150000 1.000000 0.200000 0.500000 0.100000 110.000000 0.000000 -207444.191469 15.082231 25.476657
7 298.150000 1.000000 0.200000 0.500000 0.100000 110.000000 0.000000 -207334.037492 13.455462 25.731177
7 298.150000 1.000000 0.200000 0.500000 0.100000 110.000000 0.000000 -207587.813011 2.441467 25.580743
10 298.150000 1.000000 0.500000 0.500000 0.100000 110.000000 0.000000 -207693.438184 -2.911676 25.728587
10 298.150000 1.000000 0.500000 0.500000 0.100000 110.000000 0.000000 -207272.374703 -5.834543 25.679013
11 298.150000 -1.000000 0.500000 0.500000 0.100000 110.000000 0.000000 -207507.008859 0.387919 25.660921
11 298.150000 -1.000000 0.500000 0.500000 0.100000 110.000000 0.000000 -207400.752619 -1.434027 25.317462
14 298.150000 -1.000000 0.200000 0.500000 0.100000 110.000000 0.000000 -207306.942886 9.359748 25.004544
14 298.150000 -1.000000 0.200000 0.500000 0.100000 110.000000 0.000000 -207211.186141 12.901049 25.355566
13 298.150000 -1.000000 0.300000 0.500000 0.100000 110.000000 0.000000 -207238.499351 0.784238 25.349095
12 298.150000 -1.000000 0.400000 0.500000 0.100000 110.000000 0.000000 -207525.422233 1.782330 25.129657
12 298.150000 -1.000000 0.400000 0.500000 0.100000 110.000000 0.000000 -207332.647900 4.369679 25.585009
11 298.150000 -1.000000 0.500000 0.500000 0.100000 110.000000 0.000000 -207438.869081 -3.714624 25.645096
10 298.150000 1.000000 0.500000 0.500000 0.100000 110.000000 0.000000 -207528.824037 7.815017 25.513517
13 298.150000 -1.000000 0.300000 0.500000 0.100000 110.000000 0.000000 -207423.394439 7.706221 25.447679
13 298.150000 -1.000000 0.300000 0.500000 0.100000 110.000000 0.000000 -207488.648172 0.242819 25.633410
12 298.150000 -1.000000 0.400000 0.500000 0.100000 110.000000 0.000000 -207699.028735 0.064701 25.216705
12 298.150000 -1.000000 0.400000 0.500000 0.100000 110.000000 0.000000 -207330.677189 -0.061695 25.623758
13 298.150000 -1.000000 0.300000 0.500000 0.100000 110.000000 0.000000 -207335.305774 5.092763 25.539217
10 298.150000 1.000000 0.500000 0.500000 0.100000 110.000000 0.000000 -207209.743267 7.245474 25.374768
9 298.150000 1.000000 0.400000 0.500000 0.100000 110.000000 0.000000 -207939.195533 -1.693751 25.123927
10 298.150000 1.000000 0.500000 0.500000 0.100000 110.000000 0.000000 -207361.557026 3.213683 25.235904
10 298.150000 1.000000 0.500000 0.500000 0.100000 110.000000 0.000000 -207300.124274 10.090704 25.532958
11 298.150000 -1.000000 0.500000 0.500000 0.100000 110.000000 0.000000 -207304.760084 1.668103 25.129643
12 298.150000 -1.000000 0.400000 0.500000 0.100000 110.000000 0.000000 -207317.892305 8.394625 25.199240
14 298.150000 -1.000000 0.200000 0.500000 0.100000 110.000000 0.000000 -207488.337510 7.713805 25.250573
13 298.150000 -1.000000 0.300000 0.500000 0.100000 110.000000 0.000000 -207763.096290 -2.335978 25.342923
10 298.150000 1.000000 0.500000 0.500000 0.100000 110.000000 0.000000 -207321.572436 1.347051 25.202543
10 298.150000 1.000000 0.500000 0.500000 0.100000 110.000000 0.000000 -207246.083053 3.381979 25.400184
8 298.150000 1.000000 0.300000 0.500000 0.100000 110.000000 0.000000 -207617.200212 11.925647 24.592213
9 298.150000 1.000000 0.400000 0.500000 0.100000 110.000000 0.000000 -207410.904796 3.431691 24.571879
8 298.150000 1.000000 0.300000 0.500000 0.100000 110.000000 0.000000 -207205.415206 3.115666 25.530710
8 298.150000 1.000000 0.300000 0.500000 0.100000 110.000000 0.000000 -207419.988596 8.779829 24.572192
8 298.150000 1.000000 0.300000 0.500000 0.100000 110.000000 0.000000 -207890.437807 3.206289 25.405741
9 298.150000 1.000000 0.400000 0.500000 0.100000 110.000000 0.000000 -207572.717362 5.891702 25.396713
8 298.150000 1.000000 0.300000 0.500000 0.100000 110.000000 0.000000 -207803.369062 2.014070 25.443904
9 298.150000 1.000000 0.400000 0.500000 0.100000 110.000000 0.000000 -207482.740245 1.136787 25.294286
9 298.150000 1.000000 0.400000 0.500000 0.100000 110.000000 0.000000 -207751.076053 -4.542410 25.799345
11 298.150000 -1.000000 0.500000 0.500000 0.100000 110.000000 0.000000 -207616.553644 2.644526 25.368627
10 298.150000 1.000000 0.500000 0.500000 0.100000 110.000000 0.000000 -207448.697118 1.017718 25.594969
10 298.150000 1.000000 0.500000 0.500000 0.100000 110.000000 0.000000 -207350.144438 -0.911135 25.536979
11 298.150000 -1.000000 0.500000 0.500000 0.100000 110.000000 0.000000 -206889.226654 -1.329816 25.383929
11 298.150000 -1.000000 0.500000 0.500000 0.100000 110.000000 0.000000 -207710.516231 -1.393474 25.680586
11 298.150000 -1.000000 0.500000 0.500000 0.100000 110.000000 0.000000 -207359.055672 -0.281351 25.711995
10 298.150000 1.000000 0.500000 0.500000 0.100000 110.000000 0.000000 -207487.509635 -4.249247 25.663747
8 298.150000 1.000000 0.300000 0.500000 0.100000 110.000000 0.000000 -207457.898950 7.164432 25.575203
7 298.150000 1.000000 0.200000 0.500000 0.100000 110.000000 0.000000 -207504.817707 13.701306 25.463422
8 298.150000 1.000000 0.300000 0.500000 0.100000 110.000000 0.000000 -207576.839553 -5.708559 25.526879
10 298.150000 1.000000 0.500000 0.500000 0.100000 110.000000 0.000000 -207559.196947 -7.290607 25.576146
10 298.150000 1.000000 0.500000 0.500000 0.100000 110.000000 0.000000 -207643.236581 -3.456934 25.609346
9 298.150000 1.000000 0.400000 0.500000 0.100000 110.000000 0.000000 -207390.635309 4.042207 25.649774
10 298.150000 1.000000 0.500000 0.500000 0.100000 110.000000 0.000000 -207522.894783 -2.013163 25.706585
11 298.150000 -1.000000 0.500000 0.500000 0.100000 110.000000 0.000000 -207334.881207 1.771712 25.752007
11 298.150000 -1.000000 0.500000 0.500000 0.100000 110.000000 0.000000 -207185.319957 7.196709 25.671674
12 298.150000 -1.000000 0.400000 0.500000 0.100000 110.000000 0.000000 -207772.488646 -1.030004 24.963712
12 298.150000 -1.000000 0.400000 0.500000 0.100000 110.000000 0.000000 -207380.547046 6.320527 25.719570
13 298.150000 -1.000000 0.300000 0.500000 0.100000 110.000000 0.000000 -207376.700613 -0.751015 25.508327
13 298.150000 -1.000000 0.300000 0.500000 0.100000 110.000000 0.000000 -207041.125338 9.089013 25.699119
12 298.150000 -1.000000 0.400000 0.500000 0.100000 110.000000 0.000000 -207147.543647 7.398980 25.733041
13 298.150000 -1.000000 0.300000 0.500000 0.100000 110.000000 0.000000 -207351.703479 6.451249 25.394073
12 298.150000 -1.000000 0.400000 0.500000 0.100000 110.000000 0.000000 -207385.544888 1.793203 25.641150
13 298.150000 -1.000000 0.300000 0.500000 0.100000 110.000000 0.000000 -207375.236319 12.496517 25.742245
13 298.150000 -1.000000 0.300000 0.500000 0.100000 110.000000 0.000000 -207444.212098 7.428143 25.603917
13 298.150000 -1.000000 0.300000 0.500000 0.100000 110.000000 0.000000 -207053.452261 2.185518 25.523444
14 298.150000 -1.000000 0.200000 0.500000 0.100000 110.000000 0.000000 -207336.717930 3.791069 25.794804
13 298.150000 -1.000000 0.300000 0.500000 0.100000 110.000000 0.000000 -207351.842134 3.335947 25.814978
14 298.150000 -1.000000 0.200000 0.500000 0.100000 110.000000 0.000000 -207182.599655 11.047278 25.804528
14 298.150000 -1.000000 0.200000 0.500000 0.100000 110.000000 0.000000 -207257.101857 7.697563 25.642279
14 298.150000 -1.000000 0.200000 0.500000 0.100000 110.000000 0.000000 -207300.569761 9.236242 25.743740
14 298.150000 -1.000000 0.200000 0.500000 0.100000 110.000000 0.000000 -207514.673918 5.286698 25.491128
14 298.150000 -1.000000 0.200000 0.500000 0.100000 110.000000 0.000000 -207454.782327 8.836284 25.687186
14 298.150000 -1.000000 0.200000 0.500000 0.100000 110.000000 0.000000 -207414.824342 7.531187 25.828134
14 298.150000 -1.000000 0.200000 0.500000 0.100000 110.000000 0.000000 -207610.002658 12.499335 25.570380
14 298.150000 -1.000000 0.200000 0.500000 0.100000 110.000000 0.000000 -207415.213644 21.050104 25.485448
14 298.150000 -1.000000 0.200000 0.500000 0.100000 110.000000 0.000000 -206909.538041 13.018301 25.681281
14 298.150000 -1.000000 0.200000 0.500000 0.100000 110.000000 0.000000 -207210.723861 4.623211 25.538972
12 298.150000 -1.000000 0.400000 0.500000 0.100000 110.000000 0.000000 -207453.046303 3.713586 25.098186
12 298.150000 -1.000000 0.400000 0.500000 0.100000 110.000000 0.000000 -207496.710746 7.578449 25.391485
12 298.150000 -1.000000 0.400000 0.500000 0.100000 110.000000 0.000000 -207560.991564 -3.077722 25.524753
13 298.150000 -1.000000 0.300000 0.500000 0.100000 110.000000 0.000000 -207329.705860 2.204009 25.472120
13 298.150000 -1.000000 0.300000 0.500000 0.100000 110.000000 0.000000 -207524.412567 7.001670 25.726270
14 298.150000 -1.000000 0.200000 0.500000 0.100000 110.000000 0.000000 -207598.068569 7.456555 25.303552
13 298.150000 -1.000000 0.300000 0.500000 0.100000 110.000000 0.000000 -207312.800648 12.238951 25.474429
13 298.150000 -1.000000 0.300000 0.500000 0.100000 110.000000 0.000000 -207335.206963 12.286888 25.595462
13 298.150000 -1.000000 0.300000 0.500000 0.100000 110.000000 0.000000 -207697.888416 5.610207 25.616533
12 298.150000 -1.000000 0.400000 0.500000 0.100000 110.000000 0.000000 -207491.069707 8.754057 25.485629
13 298.150000 -1.000000 0.300000 0.500000 0.100000 110.000000 0.000000 -207581.709373 -1.031663 25.526816
13 298.150000 -1.000000 0.300000 0.500000 0.100000 110.000000 0.000000 -207265.147912 13.726505 25.310927
14 298.150000 -1.000000 0.200000 0.500000 0.100000 110.000000 0.000000 -207592.572628 13.123669 25.542286
15 298.150000 -1.000000 0.100000 0.500000 0.100000 110.000000 0.000000 -207643.917216 22.455431 25.177787
15 298.150000 -1.000000 0.100000 0.500000 0.100000 110.000000 0.000000 -207503.358682 26.862975 25.716002
15 298.150000 -1.000000 0.100000 0.500000 0.100000 110.000000 0.000000 -207441.456620 11.377872 25.657851
15 298.150000 -1.000000 0.100000 0.500000 0.100000 110.000000 0.000000 -207109.595150 6.528049 25.342635
13 298.150000 -1.000000 0.300000 0.500000 0.100000 110.000000 0.000000 -207451.854876 16.110210 25.605309
14 298.150000 -1.000000 0.200000 0.500000 0.100000 110.000000 0.000000 -207651.564261 0.221819 25.493714
11 298.150000 -1.000000 0.500000 0.500000 0.100000 110.000000 0.000000 -207553.266499 -9.009808 25.475489
11 298.150000 -1.000000 0.500000 0.500000 0.100000 110.000000 0.000000 -207611.126491 -4.505127 25.621891
10 298.150000 1.000000 0.500000 0.500000 0.100000 110.000000 0.000000 -207303.157384 -1.760760 25.535739
11 298.150000 -1.000000 0.500000 0.500000 0.100000 110.000000 0.000000 -207536.799521 -1.730240 25.605679
10 298.150000 1.000000 0.500000 0.500000 0.100000 110.000000 0.000000 -207641.081930 -3.791812 25.660654
10 298.150000 1.000000 0.500000 0.500000 0.100000 110.000000 0.000000 -207324.311689 -1.695324 25.603113
9 298.150000 1.000000 0.400000 0.500000 0.100000 110.000000 0.000000 -207741.192819 6.054647 25.387019
9 298.150000 1.000000 0.400000 0.500000 0.100000 110.000000 0.000000 -207694.025043 0.170292 25.799542
8 298.150000 1.000000 0.300000 0.500000 0.100000 110.000000 0.000000 -207659.940423 8.623541 25.561618
8 298.150000 1.000000 0.300000 0.500000 0.100000 110.000000 0.000000 -207384.007358 7.365425 25.695962
8 298.150000 1.000000 0.300000 0.500000 0.100000 110.000000 0.000000 -207502.376406 1.292337 25.489168
9 298.150000 1.000000 0.400000 0.500000 0.100000 110.000000 0.000000 -207318.193376 3.737466 25.212473
10 298.150000 1.000000 0.500000 0.500000 0.100000 110.000000 0.000000 -207661.106145 7.279051 25.402941
10 298.150000 1.000000 0.500000 0.500000 0.100000 110.000000 0.000000 -207511.389650 -2.378484 24.678652
12 298.150000 -1.000000 0.400000 0.500000 0.100000 110.000000 0.000000 -207222.217699 1.270288 25.397825
11 298.150000 -1.000000 0.500000 0.500000 0.100000 110.000000 0.000000 -207762.315175 5.347731 25.101667
11 298.150000 -1.000000 0.500000 0.500000 0.100000 110.000000 0.000000 -207638.227660 -4.258232 24.481647
11 298.150000 -1.000000 0.500000 0.500000 0.100000 110.000000 0.000000 -207196.832203 0.901653 25.269170
12 298.150000 -1.000000 0.400000 0.500000 0.100000 110.000000 0.000000 -207343.597413 -3.888143 24.562808
12 298.150000 -1.000000 0.400000 0.500000 0.100000 110.000000 0.000000 -207139.732520 4.279786 25.386382
12 298.150000 -1.000000 0.400000 0.500000 0.100000 110.000000 0.000000 -207160.311897 4.417954 25.284772
11 298.150000 -1.000000 0.500000 0.500000 0.100000 110.000000 0.000000 -207355.774461 -3.361432 24.904818
11 298.150000 -1.000000 0.500000 0.500000 0.100000 110.000000 0.000000 -207451.354623 3.439096 24.414236
13 298.150000 -1.000000 0.300000 0.500000 0.100000 110.000000 0.000000 -207335.877386 16.230450 25.169232
15 298.150000 -1.000000 0.100000 0.500000 0.100000 110.000000 0.000000 -207584.424513 19.662049 25.388939
15 298.150000 -1.000000 0.100000 0.500000 0.100000 110.000000 0.000000 -207616.709740 23.883005 25.254286
15 298.150000 -1.000000 0.100000 0.500000 0.100000 110.000000 0.000000 -207232.124165 19.047329 25.116736
15 298.150000 -1.000000 0.100000 0.500000 0.100000 110.000000 0.000000 -207718.220405 12.345232 25.689922
13 298.150000 -1.000000 0.300000 0.500000 0.100000 110.000000 0.000000 -207029.603789 5.752947 25.161578
13 298.150000 -1.000000 0.300000 0.500000 0.100000 110.000000 0.000000 -207586.733636 11.336171 25.440918
13 298.150000 -1.000000 0.300000 0.500000 0.100000 110.000000 0.000000 -207406.091017 1.279060 24.718996
13 298.150000 -1.000000 0.300000 0.500000 0.100000 110.000000 0.000000 -207479.709049 -1.466519 25.443238
11 298.150000 -1.000000 0.500000 0.500000 0.100000 110.000000 0.000000 -207353.779177 2.295291 25.668552
11 298.150000 -1.000000 0.500000 0.500000 0.100000 110.000000 0.000000 -207258.698327 2.276459 25.126997
11 298.150000 -1.000000 0.500000 0.500000 0.100000 110.000000 0.000000 -207154.495890 -2.090740 25.773130
12 298.150000 -1.000000 0.400000 0.500000 0.100000 110.000000 0.000000 -207304.191792 2.577755 25.621942
13 298.150000 -1.000000 0.300000 0.500000 0.100000 110.000000 0.000000 -207337.675517 7.240613 25.599754
14 298.150000 -1.000000 0.200000 0.500000 0.100000 110.000000 0.000000 -207541.717211 11.477558 25.699039
14 298.150000 -1.000000 0.200000 0.500000 0.100000 110.000000 0.000000 -207449.077599 10.872043 25.719123
14 298.150000 -1.000000 0.200000 0.500000 0.100000 110.000000 0.000000 -207456.144988 20.029362 25.464019
14 298.150000 -1.000000 0.200000 0.500000 0.100000 110.000000 0.000000 -207219.007456 5.387518 25.810829
14 298.150000 -1.000000 0.200000 0.500000 0.100000 110.000000 0.000000 -207492.230666 11.430972 25.840503
15 298.150000 -1.000000 0.100000 0.500000 0.100000 110.000000 0.000000 -207032.274783 14.525237 25.572697
15 298.150000 -1.000000 0.100000 0.500000 0.100000 110.000000 0.000000 -207548.311780 19.967854 25.683054
