12 298.150000 -1.000000 0.400000 0.500000 0.100000 110.000000 0.000000 -206141.721021 4.046901 25.811262
13 298.150000 -1.000000 0.300000 0.500000 0.100000 110.000000 0.000000 -206547.179847 5.948113 25.968374
12 298.150000 -1.000000 0.400000 0.500000 0.100000 110.000000 0.000000 -206215.570338 -2.090071 25.455960
12 298.150000 -1.000000 0.400000 0.500000 0.100000 110.000000 0.000000 -205861.929883 0.132987 25.935225
14 298.150000 -1.000000 0.200000 0.500000 0.100000 110.000000 0.000000 -205693.819003 21.243366 26.003702
14 298.150000 -1.000000 0.200000 0.500000 0.100000 110.000000 0.000000 -206099.635799 8.022834 26.002425
12 298.150000 -1.000000 0.400000 0.500000 0.100000 110.000000 0.000000 -206150.045771 5.327406 25.922111
12 298.150000 -1.000000 0.400000 0.500000 0.100000 110.000000 0.000000 -206183.973198 3.700934 25.704770
14 298.150000 -1.000000 0.200000 0.500000 0.100000 110.000000 0.000000 -205956.160966 7.434329 25.989632
14 298.150000 -1.000000 0.200000 0.500000 0.100000 110.000000 0.000000 -205815.995384 9.843623 25.418551
14 298.150000 -1.000000 0.200000 0.500000 0.100000 110.000000 0.000000 -206172.662811 1.745103 25.572494
13 298.150000 -1.000000 0.300000 0.500000 0.100000 110.000000 0.000000 -206158.264913 8.362267 25.810053
14 298.150000 -1.000000 0.200000 0.500000 0.100000 110.000000 0.000000 -205872.893197 8.280537 25.359447
14 298.150000 -1.000000 0.200000 0.500000 0.100000 110.000000 0.000000 -205809.749846 11.548746 26.013748
15 298.150000 -1.000000 0.100000 0.500000 0.100000 110.000000 0.000000 -206189.531494 17.869737 25.625179
15 298.150000 -1.000000 0.100000 0.500000 0.100000 110.000000 0.000000 -206520.756210 12.615534 25.909337
12 298.150000 -1.000000 0.400000 0.500000 0.100000 110.000000 0.000000 -205822.200804 -2.702426 25.974582
12 298.150000 -1.000000 0.400000 0.500000 0.100000 110.000000 0.000000 -206104.577733 5.491732 26.015464
12 298.150000 -1.000000 0.400000 0.500000 0.100000 110.000000 0.000000 -206018.223843 1.809480 25.579494
12 298.150000 -1.000000 0.400000 0.500000 0.100000 110.000000 0.000000 -205424.348630 4.791373 25.489880
11 298.150000 -1.000000 0.500000 0.500000 0.100000 110.000000 0.000000 -206130.401895 -5.128330 25.871039
11 298.150000 -1.000000 0.500000 0.500000 0.100000 110.000000 0.000000 -205978.009867 -2.819836 25.515960
11 298.150000 -1.000000 0.500000 0.500000 0.100000 110.000000 0.000000 -206334.762853 -0.726086 25.714216
12 298.150000 -1.000000 0.400000 0.500000 0.100000 110.000000 0.000000 -205950.075889 1.881008 25.397486
12 298.150000 -1.000000 0.400000 0.500000 0.100000 110.000000 0.000000 -205978.845063 0.948550 25.377361
11 298.150000 -1.000000 0.500000 0.500000 0.100000 110.000000 0.000000 -205879.368798 -1.838672 25.737725
12 298.150000 -1.000000 0.400000 0.500000 0.100000 110.000000 0.000000 -206266.828055 1.887010 25.746105
12 298.150000 -1.000000 0.400000 0.500000 0.100000 110.000000 0.000000 -206047.295911 4.975020 24.864635
12 298.150000 -1.000000 0.400000 0.500000 0.100000 110.000000 0.000000 -206062.853929 -7.160979 25.972014
12 298.150000 -1.000000 0.400000 0.500000 0.100000 110.000000 0.000000 -205874.254287 3.762505 25.734405
14 298.150000 -1.000000 0.200000 0.500000 0.100000 110.000000 0.000000 -205844.025956 0.816321 25.135773
10 298.150000 1.000000 0.500000 0.500000 0.100000 110.000000 0.000000 -206186.022678 1.249390 25.084625
12 298.150000 -1.000000 0.400000 0.500000 0.100000 110.000000 0.000000 -205886.348548 3.286649 25.618051
10 298.150000 1.000000 0.500000 0.500000 0.100000 110.000000 0.000000 -206332.958019 -0.406146 25.301585
11 298.150000 -1.000000 0.500000 0.500000 0.100000 110.000000 0.000000 -206171.988011 5.074957 26.004261
10 298.150000 1.000000 0.500000 0.500000 0.100000 110.000000 0.000000 -206088.446191 -2.973613 26.005857
11 298.150000 -1.000000 0.500000 0.500000 0.100000 110.000000 0.000000 -206208.505006 3.215541 25.802463
10 298.150000 1.000000 0.500000 0.500000 0.100000 110.000000 0.000000 -206382.156183 2.067258 25.919285
8 298.150000 1.000000 0.300000 0.500000 0.100000 110.000000 0.000000 -205778.581244 4.171121 25.751147
7 298.150000 1.000000 0.200000 0.500000 0.100000 110.000000 0.000000 -206402.565194 7.354113 25.507342
8 298.150000 1.000000 0.300000 0.500000 0.100000 110.000000 0.000000 -205916.795749 4.690152 25.915093
11 298.150000 -1.000000 0.500000 0.500000 0.100000 110.000000 0.000000 -205816.938087 -0.735572 25.677102
10 298.150000 1.000000 0.500000 0.500000 0.100000 110.000000 0.000000 -205909.120308 1.538793 25.602378
11 298.150000 -1.000000 0.500000 0.500000 0.100000 110.000000 0.000000 -206036.880282 9.751849 25.769395
10 298.150000 1.000000 0.500000 0.500000 0.100000 110.000000 0.000000 -205930.845459 2.252456 25.924857
10 298.150000 1.000000 0.500000 0.500000 0.100000 110.000000 0.000000 -205850.115493 2.671802 25.752284
12 298.150000 -1.000000 0.400000 0.500000 0.100000 110.000000 0.000000 -206181.284451 -4.623441 26.005228
12 298.150000 -1.000000 0.400000 0.500000 0.100000 110.000000 0.000000 -206349.793360 -2.406734 25.350468
12 298.150000 -1.000000 0.400000 0.500000 0.100000 110.000000 0.000000 -206386.462464 -5.520856 25.124177
12 298.150000 -1.000000 0.400000 0.500000 0.100000 110.000000 0.000000 -206107.147395 4.400302 25.919861
12 298.150000 -1.000000 0.400000 0.500000 0.100000 110.000000 0.000000 -205817.061914 1.190228 25.358826
11 298.150000 -1.000000 0.500000 0.500000 0.100000 110.000000 0.000000 -206032.441639 -6.615719 25.426233
12 298.150000 -1.000000 0.400000 0.500000 0.100000 110.000000 0.000000 -205842.842416 6.858088 25.308639
13 298.150000 -1.000000 0.300000 0.500000 0.100000 110.000000 0.000000 -206303.307179 4.712261 25.991613
13 298.150000 -1.000000 0.300000 0.500000 0.100000 110.000000 0.000000 -206125.244065 9.503012 25.798108
13 298.150000 -1.000000 0.300000 0.500000 0.100000 110.000000 0.000000 -206428.670332 6.317928 25.890142
13 298.150000 -1.000000 0.300000 0.500000 0.100000 110.000000 0.000000 -206057.535243 10.980717 25.768254
14 298.150000 -1.000000 0.200000 0.500000 0.100000 110.000000 0.000000 -205936.342172 4.031620 25.484497
14 298.150000 -1.000000 0.200000 0.500000 0.100000 110.000000 0.000000 -206162.089575 7.231195 25.467412
15 298.150000 -1.000000 0.100000 0.500000 0.100000 110.000000 0.000000 -206537.672225 30.381947 25.306834
18 298.150000 -1.000000 0.000000 0.300000 0.100000 110.000000 0.000000 -206121.746244 97.707789 25.626528
18 298.150000 -1.000000 0.000000 0.300000 0.100000 110.000000 0.000000 -205928.724372 51.537659 25.593581
16 298.150000 -1.000000 0.000000 0.500000 0.100000 110.000000 0.000000 -205976.795248 45.416275 25.909949
18 298.150000 -1.000000 0.000000 0.300000 0.100000 110.000000 0.000000 -206035.003951 49.516557 25.981061
15 298.150000 -1.000000 0.100000 0.500000 0.100000 110.000000 0.000000 -206413.802043 21.455300 26.012219
15 298.150000 -1.000000 0.100000 0.500000 0.100000 110.000000 0.000000 -206053.901279 2.434464 25.609921
15 298.150000 -1.000000 0.100000 0.500000 0.100000 110.000000 0.000000 -206077.368092 9.273487 25.738979
14 298.150000 -1.000000 0.200000 0.500000 0.100000 110.000000 0.000000 -205925.733054 11.595813 25.325658
14 298.150000 -1.000000 0.200000 0.500000 0.100000 110.000000 0.000000 -206264.959799 9.330885 25.786150
14 298.150000 -1.000000 0.200000 0.500000 0.100000 110.000000 0.000000 -205739.656534 11.876589 25.728301
14 298.150000 -1.000000 0.200000 0.500000 0.100000 110.000000 0.000000 -205983.495333 17.681236 25.946527
14 298.150000 -1.000000 0.200000 0.500000 0.100000 110.000000 0.000000 -205829.860438 15.549256 25.982881
14 298.150000 -1.000000 0.200000 0.500000 0.100000 110.000000 0.000000 -206143.686929 14.146755 25.830952
14 298.150000 -1.000000 0.200000 0.500000 0.100000 110.000000 0.000000 -205867.084104 11.308229 25.983739
13 298.150000 -1.000000 0.300000 0.500000 0.100000 110.000000 0.000000 -206441.807074 11.686524 25.938022
13 298.150000 -1.000000 0.300000 0.500000 0.100000 110.000000 0.000000 -205978.372568 3.557404 25.762817
12 298.150000 -1.000000 0.400000 0.500000 0.100000 110.000000 0.000000 -206312.746035 -2.331341 25.027279
12 298.150000 -1.000000 0.400000 0.500000 0.100000 110.000000 0.000000 -205642.056369 -0.138268 25.947225
12 298.150000 -1.000000 0.400000 0.500000 0.100000 110.000000 0.000000 -206001.564703 1.811942 25.719639
13 298.150000 -1.000000 0.300000 0.500000 0.100000 110.000000 0.000000 -205930.406248 3.780524 25.432143
11 298.150000 -1.000000 0.500000 0.500000 0.100000 110.000000 0.000000 -206183.288006 0.321675 25.696530
12 298.150000 -1.000000 0.400000 0.500000 0.100000 110.000000 0.000000 -206312.014479 4.840235 25.462559
12 298.150000 -1.000000 0.400000 0.500000 0.100000 110.000000 0.000000 -206085.895753 16.792597 25.944474
15 298.150000 -1.000000 0.100000 0.500000 0.100000 110.000000 0.000000 -206038.851098 54.571526 25.995347
18 298.150000 -1.000000 0.000000 0.300000 0.100000 110.000000 0.000000 -205805.807543 43.339689 25.824622
19 298.150000 -1.000000 0.000000 0.200000 0.100000 110.000000 0.000000 -206315.776704 84.401490 26.012160
17 298.150000 -1.000000 0.000000 0.400000 0.100000 110.000000 0.000000 -205896.167209 58.494738 25.993846
17 298.150000 -1.000000 0.000000 0.400000 0.100000 110.000000 0.000000 -205995.286488 67.050179 25.603214
16 298.150000 -1.000000 0.000000 0.500000 0.100000 110.000000 0.000000 -205890.488597 36.938785 24.733716
17 298.150000 -1.000000 0.000000 0.400000 0.100000 110.000000 0.000000 -206258.548400 70.308068 25.658421
19 298.150000 -1.000000 0.000000 0.200000 0.100000 110.000000 0.000000 -205782.294784 80.335377 25.645450
17 298.150000 -1.000000 0.000000 0.400000 0.100000 110.000000 0.000000 -206040.155202 70.747047 25.771256
18 298.150000 -1.000000 0.000000 0.300000 0.100000 110.000000 0.000000 -205924.720196 46.880208 24.824200
17 298.150000 -1.000000 0.000000 0.400000 0.100000 110.000000 0.000000 -206107.428694 88.651239 24.685274
17 298.150000 -1.000000 0.000000 0.400000 0.100000 110.000000 0.000000 -206274.351184 38.545304 26.002241
18 298.150000 -1.000000 0.000000 0.300000 0.100000 110.000000 0.000000 -206621.355069 48.744769 25.137754
16 298.150000 -1.000000 0.000000 0.500000 0.100000 110.000000 0.000000 -206079.655735 69.476673 25.675296
18 298.150000 -1.000000 0.000000 0.300000 0.100000 110.000000 0.000000 -205779.300411 92.814033 25.792948
18 298.150000 -1.000000 0.000000 0.300000 0.100000 110.000000 0.000000 -206006.642890 70.957134 25.205445
17 298.150000 -1.000000 0.000000 0.400000 0.100000 110.000000 0.000000 -205916.019028 52.801431 25.546563
18 298.150000 -1.000000 0.000000 0.300000 0.100000 110.000000 0.000000 -206153.530554 78.359924 25.979321
17 298.150000 -1.000000 0.000000 0.400000 0.100000 110.000000 0.000000 -205935.386296 63.164292 25.485023
18 298.150000 -1.000000 0.000000 0.300000 0.100000 110.000000 0.000000 -206171.563280 63.167906 25.623487
19 298.150000 -1.000000 0.000000 0.200000 0.100000 110.000000 0.000000 -206162.178306 85.516144 25.900317
17 298.150000 -1.000000 0.000000 0.400000 0.100000 110.000000 0.000000 -205670.359983 83.350869 25.904887
16 298.150000 -1.000000 0.000000 0.500000 0.100000 110.000000 0.000000 -205889.098645 53.426084 25.326585
18 298.150000 -1.000000 0.000000 0.300000 0.100000 110.000000 0.000000 -206045.129691 101.828519 25.667131
18 298.150000 -1.000000 0.000000 0.300000 0.100000 110.000000 0.000000 -205865.897549 62.141862 25.641690
18 298.150000 -1.000000 0.000000 0.300000 0.100000 110.000000 0.000000 -206124.751900 116.069161 25.969239
20 298.150000 -1.000000 0.000000 0.100000 0.100000 110.000000 0.000000 -205967.698441 94.887258 25.603766
19 298.150000 -1.000000 0.000000 0.200000 0.100000 110.000000 0.000000 -206154.730390 81.906941 25.751392
17 298.150000 -1.000000 0.000000 0.400000 0.100000 110.000000 0.000000 -206580.339276 58.126030 26.005857
16 298.150000 -1.000000 0.000000 0.500000 0.100000 110.000000 0.000000 -206520.111512 74.225297 24.958427
20 298.150000 -1.000000 0.000000 0.100000 0.100000 110.000000 0.000000 -205693.924118 98.455269 24.920151
19 298.150000 -1.000000 0.000000 0.200000 0.100000 110.000000 0.000000 -206309.213782 76.047740 25.114950
17 298.150000 -1.000000 0.000000 0.400000 0.100000 110.000000 0.000000 -206059.718786 91.956954 25.787128
17 298.150000 -1.000000 0.000000 0.400000 0.100000 110.000000 0.000000 -206010.300654 77.327752 25.280716
19 298.150000 -1.000000 0.000000 0.200000 0.100000 110.000000 0.000000 -206245.557540 86.254695 26.019576
19 298.150000 -1.000000 0.000000 0.200000 0.100000 110.000000 0.000000 -205957.219885 77.339698 25.495761
19 298.150000 -1.000000 0.000000 0.200000 0.100000 110.000000 0.000000 -206034.212611 92.830495 25.985288
19 298.150000 -1.000000 0.000000 0.200000 0.100000 110.000000 0.000000 -206174.660038 32.635751 25.096835
19 298.150000 -1.000000 0.000000 0.200000 0.100000 110.000000 0.000000 -205866.690094 134.996720 25.450799
19 298.150000 -1.000000 0.000000 0.200000 0.100000 110.000000 0.000000 -206233.429005 93.617519 25.970797
17 298.150000 -1.000000 0.000000 0.400000 0.100000 110.000000 0.000000 -205839.447873 26.639617 25.585043
17 298.150000 -1.000000 0.000000 0.400000 0.100000 110.000000 0.000000 -206155.959213 67.864141 25.579648
16 298.150000 -1.000000 0.000000 0.500000 0.100000 110.000000 0.000000 -206090.106763 56.241628 25.075026
18 298.150000 -1.000000 0.000000 0.300000 0.100000 110.000000 0.000000 -206191.450914 64.813539 25.488866
