5 298.150000 1.000000 0.000000 0.500000 0.100000 110.000000 0.000000 -207698.205596 69.302417 25.136875
2 298.150000 1.000000 0.000000 0.200000 0.100000 110.000000 0.000000 -207857.414456 135.634151 23.541240
2 298.150000 1.000000 0.000000 0.200000 0.100000 110.000000 0.000000 -207980.765999 142.207937 24.944723
2 298.150000 1.000000 0.000000 0.200000 0.100000 110.000000 0.000000 -207842.382014 155.175710 25.154402
2 298.150000 1.000000 0.000000 0.200000 0.100000 110.000000 0.000000 -207526.241657 117.767841 24.896526
3 298.150000 1.000000 0.000000 0.300000 0.100000 110.000000 0.000000 -207602.879329 131.556520 25.267158
3 298.150000 1.000000 0.000000 0.300000 0.100000 110.000000 0.000000 -208104.798888 126.265936 24.875733
3 298.150000 1.000000 0.000000 0.300000 0.100000 110.000000 0.000000 -207714.681682 112.332449 24.680420
3 298.150000 1.000000 0.000000 0.300000 0.100000 110.000000 0.000000 -207668.233648 126.363831 25.021769
2 298.150000 1.000000 0.000000 0.200000 0.100000 110.000000 0.000000 -207900.194047 143.202169 24.853254
2 298.150000 1.000000 0.000000 0.200000 0.100000 110.000000 0.000000 -207847.727016 113.514313 24.965578
2 298.150000 1.000000 0.000000 0.200000 0.100000 110.000000 0.000000 -208069.209228 127.438039 25.110424
2 298.150000 1.000000 0.000000 0.200000 0.100000 110.000000 0.000000 -207788.624642 120.276880 25.034177
3 298.150000 1.000000 0.000000 0.300000 0.100000 110.000000 0.000000 -207349.604774 114.315976 24.816878
3 298.150000 1.000000 0.000000 0.300000 0.100000 110.000000 0.000000 -207422.408972 52.451358 25.149921
4 298.150000 1.000000 0.000000 0.400000 0.100000 110.000000 0.000000 -207886.414599 68.889862 24.879188
4 298.150000 1.000000 0.000000 0.400000 0.100000 110.000000 0.000000 -207698.861793 43.768648 25.077815
4 298.150000 1.000000 0.000000 0.400000 0.100000 110.000000 0.000000 -207975.183587 55.868887 25.066045
3 298.150000 1.000000 0.000000 0.300000 0.100000 110.000000 0.000000 -207782.456663 91.652942 25.212214
4 298.150000 1.000000 0.000000 0.400000 0.100000 110.000000 0.000000 -207702.871282 63.014699 24.898915
4 298.150000 1.000000 0.000000 0.400000 0.100000 110.000000 0.000000 -208006.720346 80.940433 24.966291
5 298.150000 1.000000 0.000000 0.500000 0.100000 110.000000 0.000000 -207636.700924 50.077979 24.925775
4 298.150000 1.000000 0.000000 0.400000 0.100000 110.000000 0.000000 -207539.377603 81.554282 25.116980
5 298.150000 1.000000 0.000000 0.500000 0.100000 110.000000 0.000000 -207673.657687 66.620423 25.105994
5 298.150000 1.000000 0.000000 0.500000 0.100000 110.000000 0.000000 -207553.127477 104.240234 25.220742
4 298.150000 1.000000 0.000000 0.400000 0.100000 110.000000 0.000000 -207797.671570 103.879963 24.434646
4 298.150000 1.000000 0.000000 0.400000 0.100000 110.000000 0.000000 -207931.687493 84.176504 25.111004
4 298.150000 1.000000 0.000000 0.400000 0.100000 110.000000 0.000000 -207807.130351 86.029126 25.402048
3 298.150000 1.000000 0.000000 0.300000 0.100000 110.000000 0.000000 -207907.279392 141.977428 25.195752
2 298.150000 1.000000 0.000000 0.200000 0.100000 110.000000 0.000000 -207783.161446 132.333716 25.391401
2 298.150000 1.000000 0.000000 0.200000 0.100000 110.000000 0.000000 -208009.272740 136.751252 25.444959
3 298.150000 1.000000 0.000000 0.300000 0.100000 110.000000 0.000000 -208109.639886 128.945906 24.051410
2 298.150000 1.000000 0.000000 0.200000 0.100000 110.000000 0.000000 -207950.878913 112.416882 24.659357
4 298.150000 1.000000 0.000000 0.400000 0.100000 110.000000 0.000000 -207759.065449 83.777934 25.254364
4 298.150000 1.000000 0.000000 0.400000 0.100000 110.000000 0.000000 -207910.833222 70.525779 25.173069
3 298.150000 1.000000 0.000000 0.300000 0.100000 110.000000 0.000000 -207705.549942 91.827172 25.236040
2 298.150000 1.000000 0.000000 0.200000 0.100000 110.000000 0.000000 -207916.992350 131.595117 24.964032
2 298.150000 1.000000 0.000000 0.200000 0.100000 110.000000 0.000000 -208076.253900 124.053982 25.364880
2 298.150000 1.000000 0.000000 0.200000 0.100000 110.000000 0.000000 -207922.740253 124.604476 25.074036
2 298.150000 1.000000 0.000000 0.200000 0.100000 110.000000 0.000000 -207630.478650 134.283306 24.466035
2 298.150000 1.000000 0.000000 0.200000 0.100000 110.000000 0.000000 -207689.647103 129.353576 25.111374
2 298.150000 1.000000 0.000000 0.200000 0.100000 110.000000 0.000000 -207937.206552 130.494717 24.774036
2 298.150000 1.000000 0.000000 0.200000 0.100000 110.000000 0.000000 -208054.443858 120.320847 25.013443
2 298.150000 1.000000 0.000000 0.200000 0.100000 110.000000 0.000000 -207715.280784 131.934396 25.007447
2 298.150000 1.000000 0.000000 0.200000 0.100000 110.000000 0.000000 -207820.331201 136.612997 24.243996
2 298.150000 1.000000 0.000000 0.200000 0.100000 110.000000 0.000000 -207741.893860 123.367834 24.850091
2 298.150000 1.000000 0.000000 0.200000 0.100000 110.000000 0.000000 -207547.988959 62.187966 25.230142
2 298.150000 1.000000 0.000000 0.200000 0.100000 110.000000 0.000000 -207530.791311 138.045268 25.018984
2 298.150000 1.000000 0.000000 0.200000 0.100000 110.000000 0.000000 -207995.154388 153.368052 24.948214
2 298.150000 1.000000 0.000000 0.200000 0.100000 110.000000 0.000000 -207779.548783 125.114274 25.103838
2 298.150000 1.000000 0.000000 0.200000 0.100000 110.000000 0.000000 -207924.054783 126.317885 24.886523
3 298.150000 1.000000 0.000000 0.300000 0.100000 110.000000 0.000000 -207818.853130 97.714571 24.694594
5 298.150000 1.000000 0.000000 0.500000 0.100000 110.000000 0.000000 -207955.892933 66.165893 24.862415
4 298.150000 1.000000 0.000000 0.400000 0.100000 110.000000 0.000000 -207705.342791 105.711080 24.742590
4 298.150000 1.000000 0.000000 0.400000 0.100000 110.000000 0.000000 -208392.485836 103.641265 25.150804
3 298.150000 1.000000 0.000000 0.300000 0.100000 110.000000 0.000000 -207880.137238 129.791030 25.203034
2 298.150000 1.000000 0.000000 0.200000 0.100000 110.000000 0.000000 -207755.029327 147.050606 24.888472
2 298.150000 1.000000 0.000000 0.200000 0.100000 110.000000 0.000000 -207717.367991 142.012512 23.378092
2 298.150000 1.000000 0.000000 0.200000 0.100000 110.000000 0.000000 -207924.018227 116.573169 24.903668
2 298.150000 1.000000 0.000000 0.200000 0.100000 110.000000 0.000000 -207812.110759 147.030569 25.006685
2 298.150000 1.000000 0.000000 0.200000 0.100000 110.000000 0.000000 -207715.670881 122.224699 25.021238
2 298.150000 1.000000 0.000000 0.200000 0.100000 110.000000 0.000000 -207639.654947 133.390036 24.945108
2 298.150000 1.000000 0.000000 0.200000 0.100000 110.000000 0.000000 -208024.379983 131.381912 24.107954
2 298.150000 1.000000 0.000000 0.200000 0.100000 110.000000 0.000000 -207980.944637 136.288037 25.232632
2 298.150000 1.000000 0.000000 0.200000 0.100000 110.000000 0.000000 -207661.338472 134.976762 24.371190
2 298.150000 1.000000 0.000000 0.200000 0.100000 110.000000 0.000000 -207612.743515 134.786012 25.143698
2 298.150000 1.000000 0.000000 0.200000 0.100000 110.000000 0.000000 -207757.248522 120.944107 24.854703
3 298.150000 1.000000 0.000000 0.300000 0.100000 110.000000 0.000000 -207848.725256 95.804499 24.060917
5 298.150000 1.000000 0.000000 0.500000 0.100000 110.000000 0.000000 -207460.151325 104.877148 25.037782
4 298.150000 1.000000 0.000000 0.400000 0.100000 110.000000 0.000000 -208076.009027 71.381400 24.422114
5 298.150000 1.000000 0.000000 0.500000 0.100000 110.000000 0.000000 -207722.706780 94.855205 25.091497
5 298.150000 1.000000 0.000000 0.500000 0.100000 110.000000 0.000000 -207861.880658 74.881959 24.861863
4 298.150000 1.000000 0.000000 0.400000 0.100000 110.000000 0.000000 -207830.258496 94.898827 24.922133
3 298.150000 1.000000 0.000000 0.300000 0.100000 110.000000 0.000000 -208129.140801 78.266187 25.260907
5 298.150000 1.000000 0.000000 0.500000 0.100000 110.000000 0.000000 -207899.564459 79.675131 25.108434
4 298.150000 1.000000 0.000000 0.400000 0.100000 110.000000 0.000000 -207888.763279 85.044773 25.111938
4 298.150000 1.000000 0.000000 0.400000 0.100000 110.000000 0.000000 -207878.156969 110.742556 25.018209
3 298.150000 1.000000 0.000000 0.300000 0.100000 110.000000 0.000000 -207623.756742 105.914715 24.933306
3 298.150000 1.000000 0.000000 0.300000 0.100000 110.000000 0.000000 -208187.555331 79.760828 25.106725
3 298.150000 1.000000 0.000000 0.300000 0.100000 110.000000 0.000000 -207610.692953 80.300135 25.067388
4 298.150000 1.000000 0.000000 0.400000 0.100000 110.000000 0.000000 -207670.320924 63.922636 25.012419
4 298.150000 1.000000 0.000000 0.400000 0.100000 110.000000 0.000000 -207638.896392 52.687810 25.205578
3 298.150000 1.000000 0.000000 0.300000 0.100000 110.000000 0.000000 -208020.969648 59.696794 25.050900
3 298.150000 1.000000 0.000000 0.300000 0.100000 110.000000 0.000000 -207838.844533 53.886179 24.307875
5 298.150000 1.000000 0.000000 0.500000 0.100000 110.000000 0.000000 -207443.702655 83.021485 24.995403
3 298.150000 1.000000 0.000000 0.300000 0.100000 110.000000 0.000000 -208161.094895 66.500348 24.631682
4 298.150000 1.000000 0.000000 0.400000 0.100000 110.000000 0.000000 -207948.612171 31.182244 24.932989
5 298.150000 1.000000 0.000000 0.500000 0.100000 110.000000 0.000000 -207769.579203 80.321851 25.096797
5 298.150000 1.000000 0.000000 0.500000 0.100000 110.000000 0.000000 -207701.699628 71.750710 24.851971
5 298.150000 1.000000 0.000000 0.500000 0.100000 110.000000 0.000000 -207721.785053 76.037951 25.104163
4 298.150000 1.000000 0.000000 0.400000 0.100000 110.000000 0.000000 -207843.041865 51.101449 25.080005
4 298.150000 1.000000 0.000000 0.400000 0.100000 110.000000 0.000000 -208083.668161 85.536976 25.234043
5 298.150000 1.000000 0.000000 0.500000 0.100000 110.000000 0.000000 -207736.465525 88.655079 24.974973
5 298.150000 1.000000 0.000000 0.500000 0.100000 110.000000 0.000000 -207624.847322 53.593426 24.862790
5 298.150000 1.000000 0.000000 0.500000 0.100000 110.000000 0.000000 -207786.654319 55.957572 24.946177
5 298.150000 1.000000 0.000000 0.500000 0.100000 110.000000 0.000000 -207608.723501 67.964265 25.104959
4 298.150000 1.000000 0.000000 0.400000 0.100000 110.000000 0.000000 -207587.372238 91.939248 24.736541
5 298.150000 1.000000 0.000000 0.500000 0.100000 110.000000 0.000000 -207946.183312 70.418880 25.202683
3 298.150000 1.000000 0.000000 0.300000 0.100000 110.000000 0.000000 -207796.239062 63.829072 25.250284
4 298.150000 1.000000 0.000000 0.400000 0.100000 110.000000 0.000000 -207788.554566 77.974854 25.032861
5 298.150000 1.000000 0.000000 0.500000 0.100000 110.000000 0.000000 -207649.852858 100.079716 25.100783
3 298.150000 1.000000 0.000000 0.300000 0.100000 110.000000 0.000000 -207603.999317 80.171442 24.422875
4 298.150000 1.000000 0.000000 0.400000 0.100000 110.000000 0.000000 -207742.591249 87.242828 25.155542
3 298.150000 1.000000 0.000000 0.300000 0.100000 110.000000 0.000000 -207888.793803 81.449603 24.997405
5 298.150000 1.000000 0.000000 0.500000 0.100000 110.000000 0.000000 -207861.899130 106.666188 25.223484
4 298.150000 1.000000 0.000000 0.400000 0.100000 110.000000 0.000000 -207621.614505 77.969473 25.270107
5 298.150000 1.000000 0.000000 0.500000 0.100000 110.000000 0.000000 -207801.895318 90.113052 24.950862
3 298.150000 1.000000 0.000000 0.300000 0.100000 110.000000 0.000000 -207611.261964 86.157931 24.361073
3 298.150000 1.000000 0.000000 0.300000 0.100000 110.000000 0.000000 -207834.676699 59.843648 24.997127
4 298.150000 1.000000 0.000000 0.400000 0.100000 110.000000 0.000000 -207439.135871 108.115824 24.836111
5 298.150000 1.000000 0.000000 0.500000 0.100000 110.000000 0.000000 -207333.098999 69.144819 24.808023
5 298.150000 1.000000 0.000000 0.500000 0.100000 110.000000 0.000000 -207781.197288 95.692685 25.035543
4 298.150000 1.000000 0.000000 0.400000 0.100000 110.000000 0.000000 -208081.097399 66.877453 25.238139
5 298.150000 1.000000 0.000000 0.500000 0.100000 110.000000 0.000000 -207868.273244 82.889575 23.488793
4 298.150000 1.000000 0.000000 0.400000 0.100000 110.000000 0.000000 -207960.261278 73.735397 24.821903
4 298.150000 1.000000 0.000000 0.400000 0.100000 110.000000 0.000000 -207907.578325 111.503849 23.831858
4 298.150000 1.000000 0.000000 0.400000 0.100000 110.000000 0.000000 -207416.895088 62.230547 23.603205
3 298.150000 1.000000 0.000000 0.300000 0.100000 110.000000 0.000000 -207795.868637 92.327529 24.947517
3 298.150000 1.000000 0.000000 0.300000 0.100000 110.000000 0.000000 -208090.578152 119.627644 24.646685
3 298.150000 1.000000 0.000000 0.300000 0.100000 110.000000 0.000000 -208009.259894 113.380879 24.948350
3 298.150000 1.000000 0.000000 0.300000 0.100000 110.000000 0.000000 -207720.755863 138.384714 24.975543
3 298.150000 1.000000 0.000000 0.300000 0.100000 110.000000 0.000000 -207945.797116 123.880278 25.053040
3 298.150000 1.000000 0.000000 0.300000 0.100000 110.000000 0.000000 -207829.992018 110.557711 24.887302
3 298.150000 1.000000 0.000000 0.300000 0.100000 110.000000 0.000000 -207882.449623 65.455968 25.274450
3 298.150000 1.000000 0.000000 0.300000 0.100000 110.000000 0.000000 -207950.909921 129.571377 24.614825
2 298.150000 1.000000 0.000000 0.200000 0.100000 110.000000 0.000000 -208010.230723 144.559339 23.780151
