10 298.150000 1.000000 0.500000 0.500000 0.100000 110.000000 0.000000 -206414.249007 1.187045 25.888399
8 298.150000 1.000000 0.300000 0.500000 0.100000 110.000000 0.000000 -205950.536437 4.569077 25.417269
8 298.150000 1.000000 0.300000 0.500000 0.100000 110.000000 0.000000 -206062.982856 6.472276 25.138606
9 298.150000 1.000000 0.400000 0.500000 0.100000 110.000000 0.000000 -205982.339507 2.419934 25.294141
9 298.150000 1.000000 0.400000 0.500000 0.100000 110.000000 0.000000 -205762.872161 12.025805 25.159090
9 298.150000 1.000000 0.400000 0.500000 0.100000 110.000000 0.000000 -205778.619251 4.417078 25.690943
9 298.150000 1.000000 0.400000 0.500000 0.100000 110.000000 0.000000 -206217.827460 7.019398 25.911823
8 298.150000 1.000000 0.300000 0.500000 0.100000 110.000000 0.000000 -205961.308844 14.436502 26.004791
8 298.150000 1.000000 0.300000 0.500000 0.100000 110.000000 0.000000 -206209.181315 -2.189707 25.785768
11 298.150000 -1.000000 0.500000 0.500000 0.100000 110.000000 0.000000 -206156.146610 0.654846 25.711907
10 298.150000 1.000000 0.500000 0.500000 0.100000 110.000000 0.000000 -206072.190842 -4.286531 25.407204
11 298.150000 -1.000000 0.500000 0.500000 0.100000 110.000000 0.000000 -205655.289086 0.126284 26.002307
11 298.150000 -1.000000 0.500000 0.500000 0.100000 110.000000 0.000000 -206160.059453 -1.405256 25.705287
10 298.150000 1.000000 0.500000 0.500000 0.100000 110.000000 0.000000 -206023.552176 -5.260780 25.875381
9 298.150000 1.000000 0.400000 0.500000 0.100000 110.000000 0.000000 -206199.149438 -2.240546 25.938476
9 298.150000 1.000000 0.400000 0.500000 0.100000 110.000000 0.000000 -206363.501485 2.506737 25.724349
8 298.150000 1.000000 0.300000 0.500000 0.100000 110.000000 0.000000 -206053.397634 9.125018 25.434265
7 298.150000 1.000000 0.200000 0.500000 0.100000 110.000000 0.000000 -205869.117021 11.465925 25.609542
8 298.150000 1.000000 0.300000 0.500000 0.100000 110.000000 0.000000 -206071.715151 2.383794 25.981309
9 298.150000 1.000000 0.400000 0.500000 0.100000 110.000000 0.000000 -206324.340897 -1.487596 24.894599
10 298.150000 1.000000 0.500000 0.500000 0.100000 110.000000 0.000000 -205841.413760 -1.962496 25.283063
10 298.150000 1.000000 0.500000 0.500000 0.100000 110.000000 0.000000 -206251.554136 2.906631 25.985086
10 298.150000 1.000000 0.500000 0.500000 0.100000 110.000000 0.000000 -206278.846837 3.469200 25.864057
10 298.150000 1.000000 0.500000 0.500000 0.100000 110.000000 0.000000 -206082.601571 -1.837135 25.643126
9 298.150000 1.000000 0.400000 0.500000 0.100000 110.000000 0.000000 -206062.526819 -3.514106 25.969662
9 298.150000 1.000000 0.400000 0.500000 0.100000 110.000000 0.000000 -206085.173827 2.291214 25.589609
8 298.150000 1.000000 0.300000 0.500000 0.100000 110.000000 0.000000 -205871.023999 7.343901 25.864764
6 298.150000 1.000000 0.100000 0.500000 0.100000 110.000000 0.000000 -206117.783633 15.852701 25.932236
6 298.150000 1.000000 0.100000 0.500000 0.100000 110.000000 0.000000 -206297.125546 18.943718 25.784133
6 298.150000 1.000000 0.100000 0.500000 0.100000 110.000000 0.000000 -206134.792199 21.082490 25.651039
6 298.150000 1.000000 0.100000 0.500000 0.100000 110.000000 0.000000 -206052.231174 21.036003 25.330950
4 298.150000 1.000000 0.000000 0.400000 0.100000 110.000000 0.000000 -206178.473355 82.849686 25.983427
5 298.150000 1.000000 0.000000 0.500000 0.100000 110.000000 0.000000 -206316.981338 62.778958 25.963852
4 298.150000 1.000000 0.000000 0.400000 0.100000 110.000000 0.000000 -206253.864037 52.478322 25.905438
3 298.150000 1.000000 0.000000 0.300000 0.100000 110.000000 0.000000 -206243.716625 94.257221 25.678044
5 298.150000 1.000000 0.000000 0.500000 0.100000 110.000000 0.000000 -205678.816273 69.961047 25.903713
4 298.150000 1.000000 0.000000 0.400000 0.100000 110.000000 0.000000 -206169.764829 42.659423 25.670845
2 298.150000 1.000000 0.000000 0.200000 0.100000 110.000000 0.000000 -206084.686610 56.504943 25.723378
4 298.150000 1.000000 0.000000 0.400000 0.100000 110.000000 0.000000 -205895.252060 41.780158 25.690559
3 298.150000 1.000000 0.000000 0.300000 0.100000 110.000000 0.000000 -206239.340272 80.844081 25.534019
3 298.150000 1.000000 0.000000 0.300000 0.100000 110.000000 0.000000 -205779.927900 59.186585 25.811307
5 298.150000 1.000000 0.000000 0.500000 0.100000 110.000000 0.000000 -206085.783165 64.099471 24.816507
4 298.150000 1.000000 0.000000 0.400000 0.100000 110.000000 0.000000 -206074.932145 68.499946 25.369735
4 298.150000 1.000000 0.000000 0.400000 0.100000 110.000000 0.000000 -206466.977572 67.803147 25.340656
4 298.150000 1.000000 0.000000 0.400000 0.100000 110.000000 0.000000 -206277.396749 70.840567 25.890077
4 298.150000 1.000000 0.000000 0.400000 0.100000 110.000000 0.000000 -206179.240744 86.418213 24.077024
4 298.150000 1.000000 0.000000 0.400000 0.100000 110.000000 0.000000 -205912.014102 78.357330 25.788671
4 298.150000 1.000000 0.000000 0.400000 0.100000 110.000000 0.000000 -206351.819031 74.815380 25.635593
4 298.150000 1.000000 0.000000 0.400000 0.100000 110.000000 0.000000 -206178.836596 85.973156 25.755342
2 298.150000 1.000000 0.000000 0.200000 0.100000 110.000000 0.000000 -205686.460840 84.345523 25.890297
5 298.150000 1.000000 0.000000 0.500000 0.100000 110.000000 0.000000 -206455.292482 65.728985 25.409641
2 298.150000 1.000000 0.000000 0.200000 0.100000 110.000000 0.000000 -206111.781331 76.748741 25.997094
2 298.150000 1.000000 0.000000 0.200000 0.100000 110.000000 0.000000 -206219.750782 57.013587 24.017656
4 298.150000 1.000000 0.000000 0.400000 0.100000 110.000000 0.000000 -205889.398908 51.038940 25.690768
4 298.150000 1.000000 0.000000 0.400000 0.100000 110.000000 0.000000 -206473.799840 44.362635 25.727232
4 298.150000 1.000000 0.000000 0.400000 0.100000 110.000000 0.000000 -205826.164842 69.748511 25.584803
5 298.150000 1.000000 0.000000 0.500000 0.100000 110.000000 0.000000 -205955.722768 74.264068 26.073902
5 298.150000 1.000000 0.000000 0.500000 0.100000 110.000000 0.000000 -205765.089583 61.266253 26.036482
2 298.150000 1.000000 0.000000 0.200000 0.100000 110.000000 0.000000 -205705.682032 120.247437 26.014322
1 298.150000 1.000000 0.000000 0.100000 0.100000 110.000000 0.000000 -206221.372639 120.554904 25.739183
1 298.150000 1.000000 0.000000 0.100000 0.100000 110.000000 0.000000 -206270.192957 147.151494 22.572153
1 298.150000 1.000000 0.000000 0.100000 0.100000 110.000000 0.000000 -206114.832198 112.984653 25.276532
1 298.150000 1.000000 0.000000 0.100000 0.100000 110.000000 0.000000 -206144.678807 139.466210 23.315711
1 298.150000 1.000000 0.000000 0.100000 0.100000 110.000000 0.000000 -205909.906779 111.477568 24.794597
1 298.150000 1.000000 0.000000 0.100000 0.100000 110.000000 0.000000 -206269.572200 131.735390 25.119851
1 298.150000 1.000000 0.000000 0.100000 0.100000 110.000000 0.000000 -205481.697829 145.331383 25.808767
1 298.150000 1.000000 0.000000 0.100000 0.100000 110.000000 0.000000 -205896.007197 142.718744 25.396362
1 298.150000 1.000000 0.000000 0.100000 0.100000 110.000000 0.000000 -206249.206603 127.631650 25.856036
1 298.150000 1.000000 0.000000 0.100000 0.100000 110.000000 0.000000 -206026.094115 75.841034 26.017388
4 298.150000 1.000000 0.000000 0.400000 0.100000 110.000000 0.000000 -206029.602550 94.574846 24.582026
3 298.150000 1.000000 0.000000 0.300000 0.100000 110.000000 0.000000 -205682.945850 79.222402 25.825216
4 298.150000 1.000000 0.000000 0.400000 0.100000 110.000000 0.000000 -206175.278909 66.815892 25.902350
2 298.150000 1.000000 0.000000 0.200000 0.100000 110.000000 0.000000 -206063.875082 44.677960 25.234168
5 298.150000 1.000000 0.000000 0.500000 0.100000 110.000000 0.000000 -205885.197218 37.275414 25.885962
5 298.150000 1.000000 0.000000 0.500000 0.100000 110.000000 0.000000 -206340.875156 80.704183 25.620248
5 298.150000 1.000000 0.000000 0.500000 0.100000 110.000000 0.000000 -206419.874171 68.106780 25.081662
4 298.150000 1.000000 0.000000 0.400000 0.100000 110.000000 0.000000 -206348.813510 57.434762 25.461912
3 298.150000 1.000000 0.000000 0.300000 0.100000 110.000000 0.000000 -206133.953594 56.147681 25.654155
2 298.150000 1.000000 0.000000 0.200000 0.100000 110.000000 0.000000 -206174.812568 77.232941 25.795297
4 298.150000 1.000000 0.000000 0.400000 0.100000 110.000000 0.000000 -206046.061538 59.051659 25.989122
1 298.150000 1.000000 0.000000 0.100000 0.100000 110.000000 0.000000 -206191.563265 129.239159 25.792137
1 298.150000 1.000000 0.000000 0.100000 0.100000 110.000000 0.000000 -206293.856125 117.149128 25.956808
1 298.150000 1.000000 0.000000 0.100000 0.100000 110.000000 0.000000 -205879.178467 142.892353 24.393783
1 298.150000 1.000000 0.000000 0.100000 0.100000 110.000000 0.000000 -206424.477011 185.200607 25.861926
1 298.150000 1.000000 0.000000 0.100000 0.100000 110.000000 0.000000 -205969.360345 171.636109 23.976424
1 298.150000 1.000000 0.000000 0.100000 0.100000 110.000000 0.000000 -205749.044765 144.852179 26.062162
1 298.150000 1.000000 0.000000 0.100000 0.100000 110.000000 0.000000 -206436.064766 67.441680 24.646753
5 298.150000 1.000000 0.000000 0.500000 0.100000 110.000000 0.000000 -206112.333061 84.514107 25.165015
4 298.150000 1.000000 0.000000 0.400000 0.100000 110.000000 0.000000 -206385.178465 63.502967 25.297110
4 298.150000 1.000000 0.000000 0.400000 0.100000 110.000000 0.000000 -205845.974511 74.933539 25.960149
2 298.150000 1.000000 0.000000 0.200000 0.100000 110.000000 0.000000 -206049.138972 55.712913 25.564960
2 298.150000 1.000000 0.000000 0.200000 0.100000 110.000000 0.000000 -205976.514376 64.909108 25.442909
2 298.150000 1.000000 0.000000 0.200000 0.100000 110.000000 0.000000 -206053.445580 116.800465 25.367716
2 298.150000 1.000000 0.000000 0.200000 0.100000 110.000000 0.000000 -205915.093614 111.595783 25.852504
1 298.150000 1.000000 0.000000 0.100000 0.100000 110.000000 0.000000 -206041.347591 62.818305 24.712968
5 298.150000 1.000000 0.000000 0.500000 0.100000 110.000000 0.000000 -206276.337963 45.828574 25.587516
4 298.150000 1.000000 0.000000 0.400000 0.100000 110.000000 0.000000 -205674.301577 92.913903 25.167287
5 298.150000 1.000000 0.000000 0.500000 0.100000 110.000000 0.000000 -206120.145925 73.592743 25.735624
5 298.150000 1.000000 0.000000 0.500000 0.100000 110.000000 0.000000 -205693.125090 44.217122 25.523826
3 298.150000 1.000000 0.000000 0.300000 0.100000 110.000000 0.000000 -206279.155847 91.328420 25.631266
3 298.150000 1.000000 0.000000 0.300000 0.100000 110.000000 0.000000 -206138.814510 49.612329 24.944331
4 298.150000 1.000000 0.000000 0.400000 0.100000 110.000000 0.000000 -206120.069315 80.558803 25.246400
5 298.150000 1.000000 0.000000 0.500000 0.100000 110.000000 0.000000 -206288.389032 74.873485 25.664179
5 298.150000 1.000000 0.000000 0.500000 0.100000 110.000000 0.000000 -206200.212563 48.504425 25.739183
5 298.150000 1.000000 0.000000 0.500000 0.100000 110.000000 0.000000 -206630.522317 41.791385 25.362742
4 298.150000 1.000000 0.000000 0.400000 0.100000 110.000000 0.000000 -205928.349889 67.466618 23.935938
3 298.150000 1.000000 0.000000 0.300000 0.100000 110.000000 0.000000 -206324.691818 28.642524 25.395916
6 298.150000 1.000000 0.100000 0.500000 0.100000 110.000000 0.000000 -206082.133189 14.801697 25.951852
7 298.150000 1.000000 0.200000 0.500000 0.100000 110.000000 0.000000 -206066.649518 7.174146 24.954583
9 298.150000 1.000000 0.400000 0.500000 0.100000 110.000000 0.000000 -206073.841456 6.451842 25.749473
6 298.150000 1.000000 0.100000 0.500000 0.100000 110.000000 0.000000 -205914.797349 18.626792 25.238525
6 298.150000 1.000000 0.100000 0.500000 0.100000 110.000000 0.000000 -205882.702463 42.418712 25.257385
6 298.150000 1.000000 0.100000 0.500000 0.100000 110.000000 0.000000 -206058.958565 11.737607 25.804235
7 298.150000 1.000000 0.200000 0.500000 0.100000 110.000000 0.000000 -205853.756188 16.894193 25.877958
7 298.150000 1.000000 0.200000 0.500000 0.100000 110.000000 0.000000 -206035.316764 7.899367 25.815346
6 298.150000 1.000000 0.100000 0.500000 0.100000 110.000000 0.000000 -205549.111016 14.570623 25.150301
6 298.150000 1.000000 0.100000 0.500000 0.100000 110.000000 0.000000 -206296.384313 27.394229 25.360603
7 298.150000 1.000000 0.200000 0.500000 0.100000 110.000000 0.000000 -205497.415663 4.592252 25.290926
9 298.150000 1.000000 0.400000 0.500000 0.100000 110.000000 0.000000 -206016.564656 2.941522 25.713520
8 298.150000 1.000000 0.300000 0.500000 0.100000 110.000000 0.000000 -205787.757562 15.505877 25.988325
7 298.150000 1.000000 0.200000 0.500000 0.100000 110.000000 0.000000 -205819.478810 8.351727 25.807858
8 298.150000 1.000000 0.300000 0.500000 0.100000 110.000000 0.000000 -206468.556027 3.045163 25.468646
10 298.150000 1.000000 0.500000 0.500000 0.100000 110.000000 0.000000 -206094.659020 -1.790925 25.594530
11 298.150000 -1.000000 0.500000 0.500000 0.100000 110.000000 0.000000 -206109.900351 -2.508622 25.229164
11 298.150000 -1.000000 0.500000 0.500000 0.100000 110.000000 0.000000 -206115.033572 0.750515 25.763184
11 298.150000 -1.000000 0.500000 0.500000 0.100000 110.000000 0.000000 -205811.483284 6.132762 25.311309
11 298.150000 -1.000000 0.500000 0.500000 0.100000 110.000000 0.000000 -206205.791237 -1.533476 25.493530
