6 298.150000 1.000000 0.100000 0.500000 0.100000 110.000000 0.000000 -206151.714529 23.173788 26.014915
6 298.150000 1.000000 0.100000 0.500000 0.100000 110.000000 0.000000 -205854.028237 27.718285 25.200272
6 298.150000 1.000000 0.100000 0.500000 0.100000 110.000000 0.000000 -206063.907472 34.623064 26.012403
6 298.150000 1.000000 0.100000 0.500000 0.100000 110.000000 0.000000 -206142.489810 14.231255 25.804115
6 298.150000 1.000000 0.100000 0.500000 0.100000 110.000000 0.000000 -205696.795169 15.144168 24.851093
6 298.150000 1.000000 0.100000 0.500000 0.100000 110.000000 0.000000 -206305.070407 26.740434 24.711983
6 298.150000 1.000000 0.100000 0.500000 0.100000 110.000000 0.000000 -206124.288404 12.609430 24.882170
6 298.150000 1.000000 0.100000 0.500000 0.100000 110.000000 0.000000 -206093.811768 23.424999 25.991386
6 298.150000 1.000000 0.100000 0.500000 0.100000 110.000000 0.000000 -205792.741737 11.170522 26.014479
6 298.150000 1.000000 0.100000 0.500000 0.100000 110.000000 0.000000 -205798.604588 26.571620 25.853655
6 298.150000 1.000000 0.100000 0.500000 0.100000 110.000000 0.000000 -205850.246535 33.550347 25.929494
6 298.150000 1.000000 0.100000 0.500000 0.100000 110.000000 0.000000 -206073.389489 7.353447 25.675549
6 298.150000 1.000000 0.100000 0.500000 0.100000 110.000000 0.000000 -205537.810025 17.920435 25.684776
6 298.150000 1.000000 0.100000 0.500000 0.100000 110.000000 0.000000 -205991.471199 32.796919 25.843194
6 298.150000 1.000000 0.100000 0.500000 0.100000 110.000000 0.000000 -206332.856112 62.616577 25.985385
1 298.150000 1.000000 0.000000 0.100000 0.100000 110.000000 0.000000 -206105.377360 93.478877 25.708884
5 298.150000 1.000000 0.000000 0.500000 0.100000 110.000000 0.000000 -206139.903718 55.482055 25.711087
2 298.150000 1.000000 0.000000 0.200000 0.100000 110.000000 0.000000 -206141.701336 58.195074 25.493921
2 298.150000 1.000000 0.000000 0.200000 0.100000 110.000000 0.000000 -205568.399975 80.353341 25.338024
5 298.150000 1.000000 0.000000 0.500000 0.100000 110.000000 0.000000 -205990.690022 66.447805 25.889136
5 298.150000 1.000000 0.000000 0.500000 0.100000 110.000000 0.000000 -206046.609116 85.837409 25.880818
4 298.150000 1.000000 0.000000 0.400000 0.100000 110.000000 0.000000 -206227.335800 99.008382 25.776086
2 298.150000 1.000000 0.000000 0.200000 0.100000 110.000000 0.000000 -206336.720967 68.897891 25.879845
5 298.150000 1.000000 0.000000 0.500000 0.100000 110.000000 0.000000 -205978.882202 35.609311 24.970019
4 298.150000 1.000000 0.000000 0.400000 0.100000 110.000000 0.000000 -206424.791988 63.286151 25.877609
4 298.150000 1.000000 0.000000 0.400000 0.100000 110.000000 0.000000 -206106.691430 68.696583 25.370318
4 298.150000 1.000000 0.000000 0.400000 0.100000 110.000000 0.000000 -206148.047272 69.197466 23.379266
3 298.150000 1.000000 0.000000 0.300000 0.100000 110.000000 0.000000 -205781.175613 58.525813 25.681550
3 298.150000 1.000000 0.000000 0.300000 0.100000 110.000000 0.000000 -206091.070541 113.748510 25.598341
2 298.150000 1.000000 0.000000 0.200000 0.100000 110.000000 0.000000 -205968.100562 37.456947 25.931497
4 298.150000 1.000000 0.000000 0.400000 0.100000 110.000000 0.000000 -205723.579486 82.805446 25.984397
5 298.150000 1.000000 0.000000 0.500000 0.100000 110.000000 0.000000 -206266.788904 23.269805 25.380170
4 298.150000 1.000000 0.000000 0.400000 0.100000 110.000000 0.000000 -206043.708644 81.847118 24.805723
5 298.150000 1.000000 0.000000 0.500000 0.100000 110.000000 0.000000 -206476.359385 33.169766 25.955140
4 298.150000 1.000000 0.000000 0.400000 0.100000 110.000000 0.000000 -206323.998545 74.957804 22.928787
4 298.150000 1.000000 0.000000 0.400000 0.100000 110.000000 0.000000 -206193.869311 75.610580 24.101516
3 298.150000 1.000000 0.000000 0.300000 0.100000 110.000000 0.000000 -205899.655083 107.906689 25.529552
1 298.150000 1.000000 0.000000 0.100000 0.100000 110.000000 0.000000 -206287.073216 116.224542 25.632823
1 298.150000 1.000000 0.000000 0.100000 0.100000 110.000000 0.000000 -205944.873771 118.459058 25.235566
1 298.150000 1.000000 0.000000 0.100000 0.100000 110.000000 0.000000 -205794.643887 123.240815 25.525189
1 298.150000 1.000000 0.000000 0.100000 0.100000 110.000000 0.000000 -206160.044945 116.594899 25.925180
1 298.150000 1.000000 0.000000 0.100000 0.100000 110.000000 0.000000 -206098.915051 142.602102 23.132567
1 298.150000 1.000000 0.000000 0.100000 0.100000 110.000000 0.000000 -205909.683761 140.901427 22.610763
1 298.150000 1.000000 0.000000 0.100000 0.100000 110.000000 0.000000 -206075.447647 129.590987 25.823073
1 298.150000 1.000000 0.000000 0.100000 0.100000 110.000000 0.000000 -206223.573097 128.811646 25.912746
1 298.150000 1.000000 0.000000 0.100000 0.100000 110.000000 0.000000 -206154.046357 126.640361 25.839224
1 298.150000 1.000000 0.000000 0.100000 0.100000 110.000000 0.000000 -206218.479740 137.136399 25.759256
1 298.150000 1.000000 0.000000 0.100000 0.100000 110.000000 0.000000 -205964.717587 137.553706 25.166405
1 298.150000 1.000000 0.000000 0.100000 0.100000 110.000000 0.000000 -206007.342020 183.788322 24.415852
0 298.150000 1.000000 0.000000 0.000000 0.100000 110.000000 0.000000 -206116.348356 198.179231 22.454964
0 298.150000 1.000000 0.000000 0.000000 0.100000 110.000000 0.000000 -205626.351975 176.895153 22.448323
0 298.150000 1.000000 0.000000 0.000000 0.100000 110.000000 0.000000 -206070.886224 171.675656 22.764695
0 298.150000 1.000000 0.000000 0.000000 0.100000 110.000000 0.000000 -205833.599803 192.874467 24.396950
0 298.150000 1.000000 0.000000 0.000000 0.100000 110.000000 0.000000 -206099.365851 193.795294 25.364145
0 298.150000 1.000000 0.000000 0.000000 0.100000 110.000000 0.000000 -205976.930809 196.539528 25.532839
0 298.150000 1.000000 0.000000 0.000000 0.100000 110.000000 0.000000 -206195.852825 190.862149 25.327813
0 298.150000 1.000000 0.000000 0.000000 0.100000 110.000000 0.000000 -205995.602979 187.459726 24.312818
0 298.150000 1.000000 0.000000 0.000000 0.100000 110.000000 0.000000 -206275.210787 182.489711 24.664221
0 298.150000 1.000000 0.000000 0.000000 0.100000 110.000000 0.000000 -206103.611081 184.126228 24.059559
0 298.150000 1.000000 0.000000 0.000000 0.100000 110.000000 0.000000 -206038.283351 188.321415 22.360808
0 298.150000 1.000000 0.000000 0.000000 0.100000 110.000000 0.000000 -206119.846109 184.224397 26.199378
0 298.150000 1.000000 0.000000 0.000000 0.100000 110.000000 0.000000 -205836.843701 190.716943 24.443478
0 298.150000 1.000000 0.000000 0.000000 0.100000 110.000000 0.000000 -206067.930615 197.276069 23.462818
0 298.150000 1.000000 0.000000 0.000000 0.100000 110.000000 0.000000 -205459.591491 174.269280 21.747607
0 298.150000 1.000000 0.000000 0.000000 0.100000 110.000000 0.000000 -206163.429078 191.673731 25.774203
0 298.150000 1.000000 0.000000 0.000000 0.100000 110.000000 0.000000 -206146.261215 191.559714 26.057714
0 298.150000 1.000000 0.000000 0.000000 0.100000 110.000000 0.000000 -205868.731734 181.449290 23.047622
0 298.150000 1.000000 0.000000 0.000000 0.100000 110.000000 0.000000 -205911.850804 192.939149 24.544166
0 298.150000 1.000000 0.000000 0.000000 0.100000 110.000000 0.000000 -205744.516425 187.098973 23.785050
0 298.150000 1.000000 0.000000 0.000000 0.100000 110.000000 0.000000 -206452.261983 164.474160 23.337846
0 298.150000 1.000000 0.000000 0.000000 0.100000 110.000000 0.000000 -206147.753742 186.904650 24.123280
0 298.150000 1.000000 0.000000 0.000000 0.100000 110.000000 0.000000 -206134.590755 177.318856 25.798190
0 298.150000 1.000000 0.000000 0.000000 0.100000 110.000000 0.000000 -206020.560125 187.492001 22.838502
0 298.150000 1.000000 0.000000 0.000000 0.100000 110.000000 0.000000 -206234.570404 178.000049 24.818367
0 298.150000 1.000000 0.000000 0.000000 0.100000 110.000000 0.000000 -206014.237233 187.098548 23.769452
0 298.150000 1.000000 0.000000 0.000000 0.100000 110.000000 0.000000 -205881.237161 195.919473 24.975621
0 298.150000 1.000000 0.000000 0.000000 0.100000 110.000000 0.000000 -206337.810913 172.757372 21.540085
0 298.150000 1.000000 0.000000 0.000000 0.100000 110.000000 0.000000 -206474.899140 188.580506 25.860160
0 298.150000 1.000000 0.000000 0.000000 0.100000 110.000000 0.000000 -206204.452114 180.689983 22.769065
0 298.150000 1.000000 0.000000 0.000000 0.100000 110.000000 0.000000 -206227.837757 178.032691 24.962337
0 298.150000 1.000000 0.000000 0.000000 0.100000 110.000000 0.000000 -206400.606772 191.257859 25.389844
0 298.150000 1.000000 0.000000 0.000000 0.100000 110.000000 0.000000 -206085.190150 188.727765 24.478371
0 298.150000 1.000000 0.000000 0.000000 0.100000 110.000000 0.000000 -206069.224427 190.772558 22.179281
0 298.150000 1.000000 0.000000 0.000000 0.100000 110.000000 0.000000 -205972.446979 191.340069 24.253104
0 298.150000 1.000000 0.000000 0.000000 0.100000 110.000000 0.000000 -206170.516733 188.944282 24.086925
0 298.150000 1.000000 0.000000 0.000000 0.100000 110.000000 0.000000 -205994.540181 197.501670 24.376683
0 298.150000 1.000000 0.000000 0.000000 0.100000 110.000000 0.000000 -206114.798472 189.910445 25.661762
0 298.150000 1.000000 0.000000 0.000000 0.100000 110.000000 0.000000 -206211.270583 172.333311 24.934771
0 298.150000 1.000000 0.000000 0.000000 0.100000 110.000000 0.000000 -206321.840402 189.635912 25.735991
0 298.150000 1.000000 0.000000 0.000000 0.100000 110.000000 0.000000 -205957.530956 196.433995 23.834016
0 298.150000 1.000000 0.000000 0.000000 0.100000 110.000000 0.000000 -206100.448540 183.310590 26.136564
0 298.150000 1.000000 0.000000 0.000000 0.100000 110.000000 0.000000 -206100.279870 187.689303 24.255137
0 298.150000 1.000000 0.000000 0.000000 0.100000 110.000000 0.000000 -205961.096392 194.983296 22.647165
0 298.150000 1.000000 0.000000 0.000000 0.100000 110.000000 0.000000 -206385.291294 189.414515 22.701265
0 298.150000 1.000000 0.000000 0.000000 0.100000 110.000000 0.000000 -206458.468662 186.365502 24.438150
0 298.150000 1.000000 0.000000 0.000000 0.100000 110.000000 0.000000 -206286.221985 179.414003 25.479312
0 298.150000 1.000000 0.000000 0.000000 0.100000 110.000000 0.000000 -205932.693517 192.098115 25.712429
0 298.150000 1.000000 0.000000 0.000000 0.100000 110.000000 0.000000 -206234.015433 194.583444 25.244831
0 298.150000 1.000000 0.000000 0.000000 0.100000 110.000000 0.000000 -206385.567324 186.683508 23.974628
0 298.150000 1.000000 0.000000 0.000000 0.100000 110.000000 0.000000 -205899.041028 186.589355 22.183786
0 298.150000 1.000000 0.000000 0.000000 0.100000 110.000000 0.000000 -205941.785211 186.697061 21.326452
0 298.150000 1.000000 0.000000 0.000000 0.100000 110.000000 0.000000 -206013.500583 190.063646 24.776268
0 298.150000 1.000000 0.000000 0.000000 0.100000 110.000000 0.000000 -206079.373205 195.825317 25.423472
0 298.150000 1.000000 0.000000 0.000000 0.100000 110.000000 0.000000 -206138.845318 195.122828 24.575798
0 298.150000 1.000000 0.000000 0.000000 0.100000 110.000000 0.000000 -206469.642260 175.705220 23.365065
1 298.150000 1.000000 0.000000 0.100000 0.100000 110.000000 0.000000 -206151.879755 192.548408 24.355874
1 298.150000 1.000000 0.000000 0.100000 0.100000 110.000000 0.000000 -206154.086220 190.497162 23.192321
0 298.150000 1.000000 0.000000 0.000000 0.100000 110.000000 0.000000 -206281.201313 183.867040 22.526276
0 298.150000 1.000000 0.000000 0.000000 0.100000 110.000000 0.000000 -206086.194141 191.715048 24.402903
0 298.150000 1.000000 0.000000 0.000000 0.100000 110.000000 0.000000 -206009.458076 178.068347 23.773394
0 298.150000 1.000000 0.000000 0.000000 0.100000 110.000000 0.000000 -206018.510119 197.341461 22.759171
0 298.150000 1.000000 0.000000 0.000000 0.100000 110.000000 0.000000 -205901.316484 185.813514 24.429037
0 298.150000 1.000000 0.000000 0.000000 0.100000 110.000000 0.000000 -206143.047332 181.265866 24.602681
0 298.150000 1.000000 0.000000 0.000000 0.100000 110.000000 0.000000 -206182.995487 182.403101 24.213861
0 298.150000 1.000000 0.000000 0.000000 0.100000 110.000000 0.000000 -205932.150755 187.708266 23.770789
0 298.150000 1.000000 0.000000 0.000000 0.100000 110.000000 0.000000 -206017.309870 187.873195 21.317105
0 298.150000 1.000000 0.000000 0.000000 0.100000 110.000000 0.000000 -206057.127050 185.466469 22.060653
0 298.150000 1.000000 0.000000 0.000000 0.100000 110.000000 0.000000 -206140.572915 190.295609 21.953537
0 298.150000 1.000000 0.000000 0.000000 0.100000 110.000000 0.000000 -206161.735806 186.605906 25.381888
0 298.150000 1.000000 0.000000 0.000000 0.100000 110.000000 0.000000 -206158.471172 179.190208 25.846613
0 298.150000 1.000000 0.000000 0.000000 0.100000 110.000000 0.000000 -205919.107684 179.354509 22.910340
0 298.150000 1.000000 0.000000 0.000000 0.100000 110.000000 0.000000 -205994.660231 191.582326 22.436766
0 298.150000 1.000000 0.000000 0.000000 0.100000 110.000000 0.000000 -206168.353146 186.961561 24.558618
0 298.150000 1.000000 0.000000 0.000000 0.100000 110.000000 0.000000 -206202.299691 183.662907 24.607646
0 298.150000 1.000000 0.000000 0.000000 0.100000 110.000000 0.000000 -206172.738269 191.187568 25.177712
0 298.150000 1.000000 0.000000 0.000000 0.100000 110.000000 0.000000 -206201.463288 198.400172 20.919555
0 298.150000 1.000000 0.000000 0.000000 0.100000 110.000000 0.000000 -205862.891175 183.118455 21.097838
