16 298.150000 -1.000000 0.000000 0.500000 0.100000 110.000000 0.000000 -206269.660523 67.513068 25.571691
16 298.150000 -1.000000 0.000000 0.500000 0.100000 110.000000 0.000000 -206186.744983 85.219376 25.454253
19 298.150000 -1.000000 0.000000 0.200000 0.100000 110.000000 0.000000 -205872.193865 62.069835 25.880386
16 298.150000 -1.000000 0.000000 0.500000 0.100000 110.000000 0.000000 -205696.665386 59.049426 25.695893
18 298.150000 -1.000000 0.000000 0.300000 0.100000 110.000000 0.000000 -206014.454297 89.979533 25.843359
18 298.150000 -1.000000 0.000000 0.300000 0.100000 110.000000 0.000000 -205665.830170 77.533493 25.986536
16 298.150000 -1.000000 0.000000 0.500000 0.100000 110.000000 0.000000 -206027.321313 40.715719 25.881613
17 298.150000 -1.000000 0.000000 0.400000 0.100000 110.000000 0.000000 -205577.576995 54.184919 25.470062
16 298.150000 -1.000000 0.000000 0.500000 0.100000 110.000000 0.000000 -205938.439681 61.513649 25.598257
16 298.150000 -1.000000 0.000000 0.500000 0.100000 110.000000 0.000000 -206002.614232 58.295340 25.990855
16 298.150000 -1.000000 0.000000 0.500000 0.100000 110.000000 0.000000 -206105.263328 74.965394 25.047135
16 298.150000 -1.000000 0.000000 0.500000 0.100000 110.000000 0.000000 -206009.310714 68.529540 25.986069
20 298.150000 -1.000000 0.000000 0.100000 0.100000 110.000000 0.000000 -206131.660826 117.167540 25.730207
20 298.150000 -1.000000 0.000000 0.100000 0.100000 110.000000 0.000000 -206395.673796 65.818356 25.888590
17 298.150000 -1.000000 0.000000 0.400000 0.100000 110.000000 0.000000 -206279.844776 79.134021 25.911506
19 298.150000 -1.000000 0.000000 0.200000 0.100000 110.000000 0.000000 -206025.729132 108.742838 25.990118
20 298.150000 -1.000000 0.000000 0.100000 0.100000 110.000000 0.000000 -206168.989402 138.957473 25.922054
20 298.150000 -1.000000 0.000000 0.100000 0.100000 110.000000 0.000000 -205882.568808 116.226528 26.017707
20 298.150000 -1.000000 0.000000 0.100000 0.100000 110.000000 0.000000 -205837.965061 85.697741 25.803341
16 298.150000 -1.000000 0.000000 0.500000 0.100000 110.000000 0.000000 -206151.023507 68.599319 25.580140
19 298.150000 -1.000000 0.000000 0.200000 0.100000 110.000000 0.000000 -206026.556694 87.893342 25.446608
16 298.150000 -1.000000 0.000000 0.500000 0.100000 110.000000 0.000000 -205782.403517 64.728268 25.985297
18 298.150000 -1.000000 0.000000 0.300000 0.100000 110.000000 0.000000 -206059.098156 107.311435 25.268092
18 298.150000 -1.000000 0.000000 0.300000 0.100000 110.000000 0.000000 -206038.279433 83.852632 25.870807
16 298.150000 -1.000000 0.000000 0.500000 0.100000 110.000000 0.000000 -206301.438269 51.605854 26.012125
16 298.150000 -1.000000 0.000000 0.500000 0.100000 110.000000 0.000000 -205872.137336 83.033753 24.549362
17 298.150000 -1.000000 0.000000 0.400000 0.100000 110.000000 0.000000 -206101.832197 67.021101 25.414503
17 298.150000 -1.000000 0.000000 0.400000 0.100000 110.000000 0.000000 -205997.141968 63.899271 25.673395
17 298.150000 -1.000000 0.000000 0.400000 0.100000 110.000000 0.000000 -206090.112847 42.197748 25.406852
16 298.150000 -1.000000 0.000000 0.500000 0.100000 110.000000 0.000000 -206158.523596 54.050074 25.963695
18 298.150000 -1.000000 0.000000 0.300000 0.100000 110.000000 0.000000 -206080.256910 106.374936 25.975144
18 298.150000 -1.000000 0.000000 0.300000 0.100000 110.000000 0.000000 -206450.098970 30.160319 25.994824
17 298.150000 -1.000000 0.000000 0.400000 0.100000 110.000000 0.000000 -206318.214580 51.393876 25.711619
16 298.150000 -1.000000 0.000000 0.500000 0.100000 110.000000 0.000000 -206313.755140 51.744762 25.749176
17 298.150000 -1.000000 0.000000 0.400000 0.100000 110.000000 0.000000 -205792.067416 53.758192 25.946295
16 298.150000 -1.000000 0.000000 0.500000 0.100000 110.000000 0.000000 -206012.493545 77.274593 25.801144
17 298.150000 -1.000000 0.000000 0.400000 0.100000 110.000000 0.000000 -206362.531587 37.965157 24.954546
15 298.150000 -1.000000 0.100000 0.500000 0.100000 110.000000 0.000000 -206129.744279 19.518975 24.764162
15 298.150000 -1.000000 0.100000 0.500000 0.100000 110.000000 0.000000 -206041.919964 8.038140 25.820903
15 298.150000 -1.000000 0.100000 0.500000 0.100000 110.000000 0.000000 -205914.589870 17.507601 26.018263
13 298.150000 -1.000000 0.300000 0.500000 0.100000 110.000000 0.000000 -206269.562365 0.511160 25.709777
10 298.150000 1.000000 0.500000 0.500000 0.100000 110.000000 0.000000 -205738.029592 7.084735 25.346653
12 298.150000 -1.000000 0.400000 0.500000 0.100000 110.000000 0.000000 -205839.817080 3.985488 25.979819
12 298.150000 -1.000000 0.400000 0.500000 0.100000 110.000000 0.000000 -206179.023525 2.692990 25.448949
13 298.150000 -1.000000 0.300000 0.500000 0.100000 110.000000 0.000000 -205899.661618 2.566955 25.843039
13 298.150000 -1.000000 0.300000 0.500000 0.100000 110.000000 0.000000 -206082.697473 8.656524 23.929734
14 298.150000 -1.000000 0.200000 0.500000 0.100000 110.000000 0.000000 -205871.040884 8.527530 25.550794
13 298.150000 -1.000000 0.300000 0.500000 0.100000 110.000000 0.000000 -205925.061664 8.364044 25.611032
13 298.150000 -1.000000 0.300000 0.500000 0.100000 110.000000 0.000000 -206207.898171 17.060635 25.912700
15 298.150000 -1.000000 0.100000 0.500000 0.100000 110.000000 0.000000 -206353.043614 10.422821 25.984869
15 298.150000 -1.000000 0.100000 0.500000 0.100000 110.000000 0.000000 -206077.213948 18.369701 25.651971
15 298.150000 -1.000000 0.100000 0.500000 0.100000 110.000000 0.000000 -206105.761758 17.297297 25.942464
14 298.150000 -1.000000 0.200000 0.500000 0.100000 110.000000 0.000000 -205789.026329 22.887696 25.811897
14 298.150000 -1.000000 0.200000 0.500000 0.100000 110.000000 0.000000 -205996.568835 13.353185 25.785975
14 298.150000 -1.000000 0.200000 0.500000 0.100000 110.000000 0.000000 -206210.896227 5.250440 25.836440
14 298.150000 -1.000000 0.200000 0.500000 0.100000 110.000000 0.000000 -205917.767846 9.862415 25.153950
15 298.150000 -1.000000 0.100000 0.500000 0.100000 110.000000 0.000000 -206007.223210 5.713840 25.657798
12 298.150000 -1.000000 0.400000 0.500000 0.100000 110.000000 0.000000 -206091.723516 2.488608 25.260099
12 298.150000 -1.000000 0.400000 0.500000 0.100000 110.000000 0.000000 -205774.461143 -0.140226 25.498248
12 298.150000 -1.000000 0.400000 0.500000 0.100000 110.000000 0.000000 -206089.192747 0.433200 25.968378
11 298.150000 -1.000000 0.500000 0.500000 0.100000 110.000000 0.000000 -206083.743116 -6.194021 25.599558
11 298.150000 -1.000000 0.500000 0.500000 0.100000 110.000000 0.000000 -206141.073918 1.275098 25.885353
11 298.150000 -1.000000 0.500000 0.500000 0.100000 110.000000 0.000000 -206270.357844 -1.694587 25.862212
12 298.150000 -1.000000 0.400000 0.500000 0.100000 110.000000 0.000000 -206232.686047 -1.685724 24.946813
12 298.150000 -1.000000 0.400000 0.500000 0.100000 110.000000 0.000000 -206227.391418 5.727931 25.689912
14 298.150000 -1.000000 0.200000 0.500000 0.100000 110.000000 0.000000 -206176.969108 2.681671 25.916364
13 298.150000 -1.000000 0.300000 0.500000 0.100000 110.000000 0.000000 -205875.458384 10.414922 25.040584
15 298.150000 -1.000000 0.100000 0.500000 0.100000 110.000000 0.000000 -205960.870394 46.272041 25.111595
18 298.150000 -1.000000 0.000000 0.300000 0.100000 110.000000 0.000000 -205792.319124 75.956688 26.003805
18 298.150000 -1.000000 0.000000 0.300000 0.100000 110.000000 0.000000 -205737.648043 50.479429 25.851314
16 298.150000 -1.000000 0.000000 0.500000 0.100000 110.000000 0.000000 -206248.428395 29.844566 25.605637
16 298.150000 -1.000000 0.000000 0.500000 0.100000 110.000000 0.000000 -205935.727770 61.586590 25.503018
16 298.150000 -1.000000 0.000000 0.500000 0.100000 110.000000 0.000000 -206138.787378 89.179357 25.512264
16 298.150000 -1.000000 0.000000 0.500000 0.100000 110.000000 0.000000 -206096.223513 76.492618 25.916278
18 298.150000 -1.000000 0.000000 0.300000 0.100000 110.000000 0.000000 -206371.815199 89.299585 25.275770
18 298.150000 -1.000000 0.000000 0.300000 0.100000 110.000000 0.000000 -205774.622002 48.573041 25.814101
17 298.150000 -1.000000 0.000000 0.400000 0.100000 110.000000 0.000000 -206077.944615 65.624116 24.685231
17 298.150000 -1.000000 0.000000 0.400000 0.100000 110.000000 0.000000 -206101.084910 84.356655 25.929537
16 298.150000 -1.000000 0.000000 0.500000 0.100000 110.000000 0.000000 -205783.206724 91.229372 25.835339
20 298.150000 -1.000000 0.000000 0.100000 0.100000 110.000000 0.000000 -206113.254295 132.403648 25.996781
20 298.150000 -1.000000 0.000000 0.100000 0.100000 110.000000 0.000000 -206216.419732 82.571468 25.772844
18 298.150000 -1.000000 0.000000 0.300000 0.100000 110.000000 0.000000 -206307.939909 60.554546 25.160401
15 298.150000 -1.000000 0.100000 0.500000 0.100000 110.000000 0.000000 -205739.372535 20.153202 25.307340
13 298.150000 -1.000000 0.300000 0.500000 0.100000 110.000000 0.000000 -206025.126869 9.945367 26.007560
13 298.150000 -1.000000 0.300000 0.500000 0.100000 110.000000 0.000000 -206321.046184 -3.522651 25.706448
11 298.150000 -1.000000 0.500000 0.500000 0.100000 110.000000 0.000000 -206284.345063 -4.132278 25.575241
11 298.150000 -1.000000 0.500000 0.500000 0.100000 110.000000 0.000000 -205989.125662 -2.697998 25.982390
10 298.150000 1.000000 0.500000 0.500000 0.100000 110.000000 0.000000 -205844.254507 4.156272 25.897738
11 298.150000 -1.000000 0.500000 0.500000 0.100000 110.000000 0.000000 -206053.609291 5.063927 26.010793
14 298.150000 -1.000000 0.200000 0.500000 0.100000 110.000000 0.000000 -205691.714871 22.205594 25.504384
14 298.150000 -1.000000 0.200000 0.500000 0.100000 110.000000 0.000000 -206260.656267 5.629776 25.707249
14 298.150000 -1.000000 0.200000 0.500000 0.100000 110.000000 0.000000 -206112.783518 10.130130 25.596537
13 298.150000 -1.000000 0.300000 0.500000 0.100000 110.000000 0.000000 -206094.578184 -1.359565 25.965108
11 298.150000 -1.000000 0.500000 0.500000 0.100000 110.000000 0.000000 -206143.955456 -0.949411 25.487031
11 298.150000 -1.000000 0.500000 0.500000 0.100000 110.000000 0.000000 -206064.441006 -2.642391 25.973094
12 298.150000 -1.000000 0.400000 0.500000 0.100000 110.000000 0.000000 -205855.460487 1.963787 25.847000
11 298.150000 -1.000000 0.500000 0.500000 0.100000 110.000000 0.000000 -206376.770546 -6.493511 25.536102
12 298.150000 -1.000000 0.400000 0.500000 0.100000 110.000000 0.000000 -206334.017571 -0.519555 25.837118
11 298.150000 -1.000000 0.500000 0.500000 0.100000 110.000000 0.000000 -206141.104435 5.725636 25.602231
12 298.150000 -1.000000 0.400000 0.500000 0.100000 110.000000 0.000000 -205916.924990 0.273012 25.432554
12 298.150000 -1.000000 0.400000 0.500000 0.100000 110.000000 0.000000 -206050.913954 1.381070 25.894779
14 298.150000 -1.000000 0.200000 0.500000 0.100000 110.000000 0.000000 -206181.502226 0.987152 25.538679
11 298.150000 -1.000000 0.500000 0.500000 0.100000 110.000000 0.000000 -206272.439983 -0.220032 25.370645
13 298.150000 -1.000000 0.300000 0.500000 0.100000 110.000000 0.000000 -206504.655636 1.380031 25.069297
14 298.150000 -1.000000 0.200000 0.500000 0.100000 110.000000 0.000000 -206187.889675 7.643976 25.768717
14 298.150000 -1.000000 0.200000 0.500000 0.100000 110.000000 0.000000 -206231.077275 9.985345 26.000106
13 298.150000 -1.000000 0.300000 0.500000 0.100000 110.000000 0.000000 -206786.074415 3.212833 25.980934
13 298.150000 -1.000000 0.300000 0.500000 0.100000 110.000000 0.000000 -205984.283459 2.588579 25.944536
11 298.150000 -1.000000 0.500000 0.500000 0.100000 110.000000 0.000000 -206203.407632 -3.657682 25.902669
10 298.150000 1.000000 0.500000 0.500000 0.100000 110.000000 0.000000 -206220.755365 0.647631 25.697767
8 298.150000 1.000000 0.300000 0.500000 0.100000 110.000000 0.000000 -206230.905096 7.117078 25.978037
8 298.150000 1.000000 0.300000 0.500000 0.100000 110.000000 0.000000 -206441.400706 10.913595 25.871210
8 298.150000 1.000000 0.300000 0.500000 0.100000 110.000000 0.000000 -206107.335253 -0.886280 25.926138
10 298.150000 1.000000 0.500000 0.500000 0.100000 110.000000 0.000000 -206120.559270 -3.795574 26.006209
10 298.150000 1.000000 0.500000 0.500000 0.100000 110.000000 0.000000 -206121.487256 0.125631 25.770320
8 298.150000 1.000000 0.300000 0.500000 0.100000 110.000000 0.000000 -205919.859450 8.576733 25.456777
8 298.150000 1.000000 0.300000 0.500000 0.100000 110.000000 0.000000 -205922.548104 2.570908 25.902182
8 298.150000 1.000000 0.300000 0.500000 0.100000 110.000000 0.000000 -206215.189522 4.727258 25.590665
8 298.150000 1.000000 0.300000 0.500000 0.100000 110.000000 0.000000 -205950.197520 3.620870 25.998989
9 298.150000 1.000000 0.400000 0.500000 0.100000 110.000000 0.000000 -206245.042155 4.286664 25.374518
12 298.150000 -1.000000 0.400000 0.500000 0.100000 110.000000 0.000000 -206127.010611 3.720046 25.582503
12 298.150000 -1.000000 0.400000 0.500000 0.100000 110.000000 0.000000 -205899.157394 0.746720 25.782238
12 298.150000 -1.000000 0.400000 0.500000 0.100000 110.000000 0.000000 -206283.809164 2.266712 25.898536
12 298.150000 -1.000000 0.400000 0.500000 0.100000 110.000000 0.000000 -205730.656837 2.065198 25.918827
13 298.150000 -1.000000 0.300000 0.500000 0.100000 110.000000 0.000000 -206034.846182 2.984872 25.998959
13 298.150000 -1.000000 0.300000 0.500000 0.100000 110.000000 0.000000 -206199.404096 0.499387 26.021717
12 298.150000 -1.000000 0.400000 0.500000 0.100000 110.000000 0.000000 -206054.283367 0.384116 25.943755
