5 298.150000 1.000000 0.000000 0.500000 0.100000 110.000000 0.000000 -206212.545097 30.482764 25.727365
4 298.150000 1.000000 0.000000 0.400000 0.100000 110.000000 0.000000 -205784.642538 105.845032 25.718554
2 298.150000 1.000000 0.000000 0.200000 0.100000 110.000000 0.000000 -206227.915344 131.925977 23.541734
1 298.150000 1.000000 0.000000 0.100000 0.100000 110.000000 0.000000 -205898.196957 107.591080 25.623896
2 298.150000 1.000000 0.000000 0.200000 0.100000 110.000000 0.000000 -205886.888690 45.368146 25.712745
4 298.150000 1.000000 0.000000 0.400000 0.100000 110.000000 0.000000 -205975.832092 82.249437 25.173751
3 298.150000 1.000000 0.000000 0.300000 0.100000 110.000000 0.000000 -206275.550454 111.962668 25.932899
3 298.150000 1.000000 0.000000 0.300000 0.100000 110.000000 0.000000 -206120.509075 64.656544 25.049828
4 298.150000 1.000000 0.000000 0.400000 0.100000 110.000000 0.000000 -205742.037489 87.747648 25.835327
5 298.150000 1.000000 0.000000 0.500000 0.100000 110.000000 0.000000 -205813.425353 82.701103 25.979210
3 298.150000 1.000000 0.000000 0.300000 0.100000 110.000000 0.000000 -206065.017211 61.398581 25.747947
4 298.150000 1.000000 0.000000 0.400000 0.100000 110.000000 0.000000 -205907.113546 122.252663 23.791291
1 298.150000 1.000000 0.000000 0.100000 0.100000 110.000000 0.000000 -206204.646689 139.390802 25.426196
1 298.150000 1.000000 0.000000 0.100000 0.100000 110.000000 0.000000 -205948.685502 125.928773 24.866072
1 298.150000 1.000000 0.000000 0.100000 0.100000 110.000000 0.000000 -206065.864067 56.197768 25.890216
4 298.150000 1.000000 0.000000 0.400000 0.100000 110.000000 0.000000 -206084.700840 50.430684 25.926494
1 298.150000 1.000000 0.000000 0.100000 0.100000 110.000000 0.000000 -205920.076330 117.535511 25.926459
1 298.150000 1.000000 0.000000 0.100000 0.100000 110.000000 0.000000 -205863.171594 124.975890 25.504031
1 298.150000 1.000000 0.000000 0.100000 0.100000 110.000000 0.000000 -206305.551107 98.327898 25.314727
3 298.150000 1.000000 0.000000 0.300000 0.100000 110.000000 0.000000 -205895.737513 80.398268 24.526257
3 298.150000 1.000000 0.000000 0.300000 0.100000 110.000000 0.000000 -206252.007232 49.343554 25.811878
5 298.150000 1.000000 0.000000 0.500000 0.100000 110.000000 0.000000 -206144.855554 57.287585 25.658788
4 298.150000 1.000000 0.000000 0.400000 0.100000 110.000000 0.000000 -206331.131640 80.070908 25.484837
4 298.150000 1.000000 0.000000 0.400000 0.100000 110.000000 0.000000 -206156.766109 75.377525 25.805580
3 298.150000 1.000000 0.000000 0.300000 0.100000 110.000000 0.000000 -205981.351806 74.906017 23.036813
3 298.150000 1.000000 0.000000 0.300000 0.100000 110.000000 0.000000 -205978.415830 93.068992 24.216029
5 298.150000 1.000000 0.000000 0.500000 0.100000 110.000000 0.000000 -206083.149020 75.550031 26.014311
1 298.150000 1.000000 0.000000 0.100000 0.100000 110.000000 0.000000 -206169.932557 118.153352 25.956443
1 298.150000 1.000000 0.000000 0.100000 0.100000 110.000000 0.000000 -206099.330546 125.465908 25.926732
1 298.150000 1.000000 0.000000 0.100000 0.100000 110.000000 0.000000 -205918.981137 155.074056 25.909100
1 298.150000 1.000000 0.000000 0.100000 0.100000 110.000000 0.000000 -206503.666388 146.898642 22.530419
1 298.150000 1.000000 0.000000 0.100000 0.100000 110.000000 0.000000 -206035.525102 146.824568 26.043114
1 298.150000 1.000000 0.000000 0.100000 0.100000 110.000000 0.000000 -205995.362622 128.523703 25.428244
1 298.150000 1.000000 0.000000 0.100000 0.100000 110.000000 0.000000 -205731.055369 42.579183 24.911891
1 298.150000 1.000000 0.000000 0.100000 0.100000 110.000000 0.000000 -206034.228087 138.976133 25.565730
1 298.150000 1.000000 0.000000 0.100000 0.100000 110.000000 0.000000 -206109.596140 88.709234 25.931831
2 298.150000 1.000000 0.000000 0.200000 0.100000 110.000000 0.000000 -205780.262595 71.040774 25.645404
5 298.150000 1.000000 0.000000 0.500000 0.100000 110.000000 0.000000 -206175.950774 10.543168 25.958043
7 298.150000 1.000000 0.200000 0.500000 0.100000 110.000000 0.000000 -205636.257933 3.021828 25.933281
9 298.150000 1.000000 0.400000 0.500000 0.100000 110.000000 0.000000 -206386.085201 1.782496 25.924228
10 298.150000 1.000000 0.500000 0.500000 0.100000 110.000000 0.000000 -205952.047957 -5.043397 25.668741
9 298.150000 1.000000 0.400000 0.500000 0.100000 110.000000 0.000000 -206169.758852 -1.267193 25.901266
9 298.150000 1.000000 0.400000 0.500000 0.100000 110.000000 0.000000 -206582.932958 -0.266903 25.391250
9 298.150000 1.000000 0.400000 0.500000 0.100000 110.000000 0.000000 -206063.405478 -3.144193 25.853162
9 298.150000 1.000000 0.400000 0.500000 0.100000 110.000000 0.000000 -206142.483982 4.439453 25.708839
9 298.150000 1.000000 0.400000 0.500000 0.100000 110.000000 0.000000 -206239.608783 4.321327 25.910755
9 298.150000 1.000000 0.400000 0.500000 0.100000 110.000000 0.000000 -206079.624270 3.939442 25.460652
9 298.150000 1.000000 0.400000 0.500000 0.100000 110.000000 0.000000 -206162.111806 0.383894 25.854808
9 298.150000 1.000000 0.400000 0.500000 0.100000 110.000000 0.000000 -205954.866322 -9.732365 25.860421
9 298.150000 1.000000 0.400000 0.500000 0.100000 110.000000 0.000000 -205843.072214 5.093583 26.010493
8 298.150000 1.000000 0.300000 0.500000 0.100000 110.000000 0.000000 -206072.074516 2.538445 25.523472
9 298.150000 1.000000 0.400000 0.500000 0.100000 110.000000 0.000000 -205665.022970 0.688887 25.265162
10 298.150000 1.000000 0.500000 0.500000 0.100000 110.000000 0.000000 -206409.038228 -2.364136 26.010938
11 298.150000 -1.000000 0.500000 0.500000 0.100000 110.000000 0.000000 -206025.342635 1.042151 25.684136
10 298.150000 1.000000 0.500000 0.500000 0.100000 110.000000 0.000000 -206216.144455 -2.185699 25.780944
11 298.150000 -1.000000 0.500000 0.500000 0.100000 110.000000 0.000000 -206523.483957 0.093407 25.978190
11 298.150000 -1.000000 0.500000 0.500000 0.100000 110.000000 0.000000 -205565.605369 -0.746181 25.252362
11 298.150000 -1.000000 0.500000 0.500000 0.100000 110.000000 0.000000 -206265.446192 3.425944 25.988999
11 298.150000 -1.000000 0.500000 0.500000 0.100000 110.000000 0.000000 -206089.242561 -3.365507 26.015715
11 298.150000 -1.000000 0.500000 0.500000 0.100000 110.000000 0.000000 -206079.666133 -8.028094 24.878669
11 298.150000 -1.000000 0.500000 0.500000 0.100000 110.000000 0.000000 -206146.206462 0.579700 25.928662
13 298.150000 -1.000000 0.300000 0.500000 0.100000 110.000000 0.000000 -205910.604580 1.157494 25.792824
10 298.150000 1.000000 0.500000 0.500000 0.100000 110.000000 0.000000 -205954.318522 -5.944173 25.897313
10 298.150000 1.000000 0.500000 0.500000 0.100000 110.000000 0.000000 -206133.214500 -7.937580 26.007532
10 298.150000 1.000000 0.500000 0.500000 0.100000 110.000000 0.000000 -206140.329428 5.753723 25.653502
11 298.150000 -1.000000 0.500000 0.500000 0.100000 110.000000 0.000000 -206005.353637 -0.297583 25.921244
10 298.150000 1.000000 0.500000 0.500000 0.100000 110.000000 0.000000 -205817.218363 8.881883 25.982154
9 298.150000 1.000000 0.400000 0.500000 0.100000 110.000000 0.000000 -206108.266380 0.787077 25.627911
9 298.150000 1.000000 0.400000 0.500000 0.100000 110.000000 0.000000 -205917.982233 -0.084004 25.550310
10 298.150000 1.000000 0.500000 0.500000 0.100000 110.000000 0.000000 -205844.562689 4.386433 25.509906
8 298.150000 1.000000 0.300000 0.500000 0.100000 110.000000 0.000000 -206054.586047 7.319689 25.934988
13 298.150000 -1.000000 0.300000 0.500000 0.100000 110.000000 0.000000 -205750.167595 6.691394 25.631052
9 298.150000 1.000000 0.400000 0.500000 0.100000 110.000000 0.000000 -206123.907210 5.624735 25.681705
9 298.150000 1.000000 0.400000 0.500000 0.100000 110.000000 0.000000 -205413.811019 2.421219 25.877854
8 298.150000 1.000000 0.300000 0.500000 0.100000 110.000000 0.000000 -206075.236261 10.526059 25.750169
8 298.150000 1.000000 0.300000 0.500000 0.100000 110.000000 0.000000 -205847.940433 6.765425 25.930573
8 298.150000 1.000000 0.300000 0.500000 0.100000 110.000000 0.000000 -205596.509676 7.933813 25.367992
9 298.150000 1.000000 0.400000 0.500000 0.100000 110.000000 0.000000 -206302.835382 4.758274 25.787180
9 298.150000 1.000000 0.400000 0.500000 0.100000 110.000000 0.000000 -206249.364577 1.946553 25.782264
7 298.150000 1.000000 0.200000 0.500000 0.100000 110.000000 0.000000 -205828.714505 3.807917 25.883648
9 298.150000 1.000000 0.400000 0.500000 0.100000 110.000000 0.000000 -206017.447429 9.314059 25.880408
8 298.150000 1.000000 0.300000 0.500000 0.100000 110.000000 0.000000 -206505.923932 6.488750 25.651823
8 298.150000 1.000000 0.300000 0.500000 0.100000 110.000000 0.000000 -206345.632374 -1.507759 25.980070
8 298.150000 1.000000 0.300000 0.500000 0.100000 110.000000 0.000000 -206133.521396 4.700108 25.838287
8 298.150000 1.000000 0.300000 0.500000 0.100000 110.000000 0.000000 -206090.044368 3.080693 25.699271
9 298.150000 1.000000 0.400000 0.500000 0.100000 110.000000 0.000000 -206102.441521 5.481479 25.544893
8 298.150000 1.000000 0.300000 0.500000 0.100000 110.000000 0.000000 -205904.829119 4.326986 25.878388
9 298.150000 1.000000 0.400000 0.500000 0.100000 110.000000 0.000000 -206154.121038 -3.473457 25.956062
9 298.150000 1.000000 0.400000 0.500000 0.100000 110.000000 0.000000 -205871.658954 1.862747 25.760192
10 298.150000 1.000000 0.500000 0.500000 0.100000 110.000000 0.000000 -206071.352239 -1.471046 25.945123
9 298.150000 1.000000 0.400000 0.500000 0.100000 110.000000 0.000000 -205851.437262 10.795489 24.999280
8 298.150000 1.000000 0.300000 0.500000 0.100000 110.000000 0.000000 -206413.967697 4.437137 25.530859
9 298.150000 1.000000 0.400000 0.500000 0.100000 110.000000 0.000000 -206297.077670 2.693997 25.968520
9 298.150000 1.000000 0.400000 0.500000 0.100000 110.000000 0.000000 -205937.718441 2.626985 25.689664
7 298.150000 1.000000 0.200000 0.500000 0.100000 110.000000 0.000000 -206261.630665 7.908390 25.908170
7 298.150000 1.000000 0.200000 0.500000 0.100000 110.000000 0.000000 -206250.248760 1.990324 25.915636
7 298.150000 1.000000 0.200000 0.500000 0.100000 110.000000 0.000000 -206278.794727 10.433422 25.958337
7 298.150000 1.000000 0.200000 0.500000 0.100000 110.000000 0.000000 -206243.103162 0.103636 25.983906
9 298.150000 1.000000 0.400000 0.500000 0.100000 110.000000 0.000000 -206487.745005 -8.275655 25.942643
10 298.150000 1.000000 0.500000 0.500000 0.100000 110.000000 0.000000 -205720.826784 5.180497 25.711143
9 298.150000 1.000000 0.400000 0.500000 0.100000 110.000000 0.000000 -205900.644502 2.394621 25.847137
10 298.150000 1.000000 0.500000 0.500000 0.100000 110.000000 0.000000 -206128.235399 -1.812197 25.980135
11 298.150000 -1.000000 0.500000 0.500000 0.100000 110.000000 0.000000 -205912.143026 -0.700848 25.967542
12 298.150000 -1.000000 0.400000 0.500000 0.100000 110.000000 0.000000 -206574.068846 5.428374 25.906950
12 298.150000 -1.000000 0.400000 0.500000 0.100000 110.000000 0.000000 -205977.033606 -2.797590 25.837473
10 298.150000 1.000000 0.500000 0.500000 0.100000 110.000000 0.000000 -205828.636461 -8.714766 25.662612
11 298.150000 -1.000000 0.500000 0.500000 0.100000 110.000000 0.000000 -205922.483907 1.817375 25.578364
10 298.150000 1.000000 0.500000 0.500000 0.100000 110.000000 0.000000 -206339.544970 -1.458885 25.705169
9 298.150000 1.000000 0.400000 0.500000 0.100000 110.000000 0.000000 -205663.752535 5.609123 26.013801
6 298.150000 1.000000 0.100000 0.500000 0.100000 110.000000 0.000000 -206178.303727 10.653980 26.021866
9 298.150000 1.000000 0.400000 0.500000 0.100000 110.000000 0.000000 -206327.917416 -0.865534 25.542442
9 298.150000 1.000000 0.400000 0.500000 0.100000 110.000000 0.000000 -206233.969861 -0.351963 25.955774
10 298.150000 1.000000 0.500000 0.500000 0.100000 110.000000 0.000000 -206101.724214 -1.443500 25.826189
11 298.150000 -1.000000 0.500000 0.500000 0.100000 110.000000 0.000000 -205912.304906 1.396679 25.915572
10 298.150000 1.000000 0.500000 0.500000 0.100000 110.000000 0.000000 -206474.902058 -6.324505 24.469225
11 298.150000 -1.000000 0.500000 0.500000 0.100000 110.000000 0.000000 -206156.469890 2.680489 25.886621
12 298.150000 -1.000000 0.400000 0.500000 0.100000 110.000000 0.000000 -206139.956845 0.258343 25.939069
12 298.150000 -1.000000 0.400000 0.500000 0.100000 110.000000 0.000000 -206297.279337 5.277230 25.798037
11 298.150000 -1.000000 0.500000 0.500000 0.100000 110.000000 0.000000 -205727.979274 0.932521 25.897127
13 298.150000 -1.000000 0.300000 0.500000 0.100000 110.000000 0.000000 -205913.764424 1.981155 26.020993
13 298.150000 -1.000000 0.300000 0.500000 0.100000 110.000000 0.000000 -206450.733462 5.562478 25.794166
11 298.150000 -1.000000 0.500000 0.500000 0.100000 110.000000 0.000000 -205762.976175 1.562882 25.864281
9 298.150000 1.000000 0.400000 0.500000 0.100000 110.000000 0.000000 -206314.482974 -1.191289 25.825351
9 298.150000 1.000000 0.400000 0.500000 0.100000 110.000000 0.000000 -206129.826510 3.116195 25.732552
9 298.150000 1.000000 0.400000 0.500000 0.100000 110.000000 0.000000 -205882.981540 11.740908 25.854904
6 298.150000 1.000000 0.100000 0.500000 0.100000 110.000000 0.000000 -205977.895321 10.968242 25.953339
7 298.150000 1.000000 0.200000 0.500000 0.100000 110.000000 0.000000 -205953.728017 1.687903 25.854683
9 298.150000 1.000000 0.400000 0.500000 0.100000 110.000000 0.000000 -205778.838155 1.200075 25.936351
