20 298.150000 -1.000000 0.000000 0.100000 0.100000 110.000000 0.000000 -207409.261073 116.152143 25.797265
19 298.150000 -1.000000 0.000000 0.200000 0.100000 110.000000 0.000000 -207237.975403 124.805871 25.605803
19 298.150000 -1.000000 0.000000 0.200000 0.100000 110.000000 0.000000 -207431.110863 115.645533 25.416057
19 298.150000 -1.000000 0.000000 0.200000 0.100000 110.000000 0.000000 -207321.411599 114.562267 25.524643
19 298.150000 -1.000000 0.000000 0.200000 0.100000 110.000000 0.000000 -207361.137041 111.770734 25.654348
19 298.150000 -1.000000 0.000000 0.200000 0.100000 110.000000 0.000000 -207617.394323 47.250944 25.092917
16 298.150000 -1.000000 0.000000 0.500000 0.100000 110.000000 0.000000 -207539.138989 49.944635 25.621412
18 298.150000 -1.000000 0.000000 0.300000 0.100000 110.000000 0.000000 -207560.577500 90.060358 25.584702
17 298.150000 -1.000000 0.000000 0.400000 0.100000 110.000000 0.000000 -207633.324063 50.471469 25.494559
19 298.150000 -1.000000 0.000000 0.200000 0.100000 110.000000 0.000000 -207333.721889 71.275802 25.507404
18 298.150000 -1.000000 0.000000 0.300000 0.100000 110.000000 0.000000 -207328.960280 75.618709 25.466654
17 298.150000 -1.000000 0.000000 0.400000 0.100000 110.000000 0.000000 -207388.849474 60.013148 25.628624
16 298.150000 -1.000000 0.000000 0.500000 0.100000 110.000000 0.000000 -207368.345742 42.305628 25.169479
16 298.150000 -1.000000 0.000000 0.500000 0.100000 110.000000 0.000000 -207180.919793 43.028570 25.347069
19 298.150000 -1.000000 0.000000 0.200000 0.100000 110.000000 0.000000 -207788.766530 108.845892 25.816792
19 298.150000 -1.000000 0.000000 0.200000 0.100000 110.000000 0.000000 -207316.562449 120.834816 25.761577
19 298.150000 -1.000000 0.000000 0.200000 0.100000 110.000000 0.000000 -207529.268802 50.897836 25.812038
18 298.150000 -1.000000 0.000000 0.300000 0.100000 110.000000 0.000000 -207241.882758 72.670799 25.396466
16 298.150000 -1.000000 0.000000 0.500000 0.100000 110.000000 0.000000 -207537.270856 61.914670 25.761033
20 298.150000 -1.000000 0.000000 0.100000 0.100000 110.000000 0.000000 -207503.694108 182.694954 24.955959
20 298.150000 -1.000000 0.000000 0.100000 0.100000 110.000000 0.000000 -207533.879425 107.969998 25.384717
19 298.150000 -1.000000 0.000000 0.200000 0.100000 110.000000 0.000000 -207271.989018 99.476831 25.643343
19 298.150000 -1.000000 0.000000 0.200000 0.100000 110.000000 0.000000 -207383.012328 110.516456 25.770651
19 298.150000 -1.000000 0.000000 0.200000 0.100000 110.000000 0.000000 -207668.296103 89.374334 25.487645
18 298.150000 -1.000000 0.000000 0.300000 0.100000 110.000000 0.000000 -207310.866144 64.054511 25.342331
16 298.150000 -1.000000 0.000000 0.500000 0.100000 110.000000 0.000000 -207595.591254 48.412489 25.481116
17 298.150000 -1.000000 0.000000 0.400000 0.100000 110.000000 0.000000 -207465.314344 66.056306 25.508943
17 298.150000 -1.000000 0.000000 0.400000 0.100000 110.000000 0.000000 -207216.173184 117.478168 25.409974
20 298.150000 -1.000000 0.000000 0.100000 0.100000 110.000000 0.000000 -207774.666991 114.807684 25.416357
20 298.150000 -1.000000 0.000000 0.100000 0.100000 110.000000 0.000000 -207610.862870 53.802482 25.012502
19 298.150000 -1.000000 0.000000 0.200000 0.100000 110.000000 0.000000 -207455.099093 32.227291 25.485030
17 298.150000 -1.000000 0.000000 0.400000 0.100000 110.000000 0.000000 -207532.779785 77.701086 25.634363
18 298.150000 -1.000000 0.000000 0.300000 0.100000 110.000000 0.000000 -207563.508814 77.482724 25.425175
16 298.150000 -1.000000 0.000000 0.500000 0.100000 110.000000 0.000000 -207195.992182 78.772648 25.539809
19 298.150000 -1.000000 0.000000 0.200000 0.100000 110.000000 0.000000 -207428.225418 112.944661 25.228731
19 298.150000 -1.000000 0.000000 0.200000 0.100000 110.000000 0.000000 -207346.375542 120.035846 24.632619
19 298.150000 -1.000000 0.000000 0.200000 0.100000 110.000000 0.000000 -207214.463276 64.310509 25.494826
19 298.150000 -1.000000 0.000000 0.200000 0.100000 110.000000 0.000000 -206985.304025 97.766435 25.581366
18 298.150000 -1.000000 0.000000 0.300000 0.100000 110.000000 0.000000 -207552.028305 71.491057 25.386341
16 298.150000 -1.000000 0.000000 0.500000 0.100000 110.000000 0.000000 -207526.389247 72.240551 25.648939
18 298.150000 -1.000000 0.000000 0.300000 0.100000 110.000000 0.000000 -207602.968848 110.345230 25.143243
19 298.150000 -1.000000 0.000000 0.200000 0.100000 110.000000 0.000000 -207400.925226 95.892066 25.395079
16 298.150000 -1.000000 0.000000 0.500000 0.100000 110.000000 0.000000 -207287.353197 62.519654 25.567871
17 298.150000 -1.000000 0.000000 0.400000 0.100000 110.000000 0.000000 -207206.646004 66.293114 25.649465
17 298.150000 -1.000000 0.000000 0.400000 0.100000 110.000000 0.000000 -207612.101870 95.618594 25.207651
17 298.150000 -1.000000 0.000000 0.400000 0.100000 110.000000 0.000000 -207349.341323 53.253308 25.635071
16 298.150000 -1.000000 0.000000 0.500000 0.100000 110.000000 0.000000 -207245.553364 76.272288 25.540095
19 298.150000 -1.000000 0.000000 0.200000 0.100000 110.000000 0.000000 -207327.990816 76.225096 25.447154
19 298.150000 -1.000000 0.000000 0.200000 0.100000 110.000000 0.000000 -207252.494831 50.036288 25.663489
16 298.150000 -1.000000 0.000000 0.500000 0.100000 110.000000 0.000000 -206926.219939 75.231432 25.565961
17 298.150000 -1.000000 0.000000 0.400000 0.100000 110.000000 0.000000 -207436.574349 48.877587 25.332904
16 298.150000 -1.000000 0.000000 0.500000 0.100000 110.000000 0.000000 -207229.770333 57.627443 25.692954
18 298.150000 -1.000000 0.000000 0.300000 0.100000 110.000000 0.000000 -207400.141675 72.214046 25.479679
17 298.150000 -1.000000 0.000000 0.400000 0.100000 110.000000 0.000000 -207269.756266 59.245530 25.562433
17 298.150000 -1.000000 0.000000 0.400000 0.100000 110.000000 0.000000 -207287.768469 42.766392 25.480982
18 298.150000 -1.000000 0.000000 0.300000 0.100000 110.000000 0.000000 -207354.628206 120.788952 25.838691
19 298.150000 -1.000000 0.000000 0.200000 0.100000 110.000000 0.000000 -207697.438732 111.056001 25.434876
17 298.150000 -1.000000 0.000000 0.400000 0.100000 110.000000 0.000000 -207648.759651 75.279275 25.446381
17 298.150000 -1.000000 0.000000 0.400000 0.100000 110.000000 0.000000 -207204.229656 63.712142 25.576486
17 298.150000 -1.000000 0.000000 0.400000 0.100000 110.000000 0.000000 -207325.244498 69.206248 25.653362
16 298.150000 -1.000000 0.000000 0.500000 0.100000 110.000000 0.000000 -207821.431543 75.819395 25.485803
16 298.150000 -1.000000 0.000000 0.500000 0.100000 110.000000 0.000000 -207509.063901 90.464387 25.620539
16 298.150000 -1.000000 0.000000 0.500000 0.100000 110.000000 0.000000 -207244.004133 31.246280 25.536124
15 298.150000 -1.000000 0.100000 0.500000 0.100000 110.000000 0.000000 -207460.953531 19.491239 25.495170
15 298.150000 -1.000000 0.100000 0.500000 0.100000 110.000000 0.000000 -207435.843395 27.036789 24.932021
15 298.150000 -1.000000 0.100000 0.500000 0.100000 110.000000 0.000000 -207684.466799 12.048999 25.505723
13 298.150000 -1.000000 0.300000 0.500000 0.100000 110.000000 0.000000 -207177.770251 4.169729 25.729388
12 298.150000 -1.000000 0.400000 0.500000 0.100000 110.000000 0.000000 -207324.330136 -1.841885 25.166650
13 298.150000 -1.000000 0.300000 0.500000 0.100000 110.000000 0.000000 -207817.604711 5.018043 25.423726
12 298.150000 -1.000000 0.400000 0.500000 0.100000 110.000000 0.000000 -207690.871274 13.248496 25.247536
13 298.150000 -1.000000 0.300000 0.500000 0.100000 110.000000 0.000000 -207541.083734 12.425651 25.543001
15 298.150000 -1.000000 0.100000 0.500000 0.100000 110.000000 0.000000 -207505.803880 42.256530 25.339306
15 298.150000 -1.000000 0.100000 0.500000 0.100000 110.000000 0.000000 -207125.715949 32.558577 25.376798
18 298.150000 -1.000000 0.000000 0.300000 0.100000 110.000000 0.000000 -207336.343382 81.087955 25.685978
19 298.150000 -1.000000 0.000000 0.200000 0.100000 110.000000 0.000000 -207228.863813 85.973340 25.618788
16 298.150000 -1.000000 0.000000 0.500000 0.100000 110.000000 0.000000 -207740.156269 91.427092 25.667578
18 298.150000 -1.000000 0.000000 0.300000 0.100000 110.000000 0.000000 -207571.639583 56.164714 25.408180
17 298.150000 -1.000000 0.000000 0.400000 0.100000 110.000000 0.000000 -207325.951653 71.209764 25.516289
17 298.150000 -1.000000 0.000000 0.400000 0.100000 110.000000 0.000000 -207740.365187 71.444065 25.534713
16 298.150000 -1.000000 0.000000 0.500000 0.100000 110.000000 0.000000 -207678.929153 69.136987 25.594023
19 298.150000 -1.000000 0.000000 0.200000 0.100000 110.000000 0.000000 -207363.126716 83.715517 25.376170
16 298.150000 -1.000000 0.000000 0.500000 0.100000 110.000000 0.000000 -207233.480503 69.626531 25.602416
16 298.150000 -1.000000 0.000000 0.500000 0.100000 110.000000 0.000000 -207236.521498 68.911674 25.612249
17 298.150000 -1.000000 0.000000 0.400000 0.100000 110.000000 0.000000 -207535.765105 55.726032 25.702275
16 298.150000 -1.000000 0.000000 0.500000 0.100000 110.000000 0.000000 -207081.317968 62.060964 25.470503
16 298.150000 -1.000000 0.000000 0.500000 0.100000 110.000000 0.000000 -207361.833330 75.137218 25.362445
18 298.150000 -1.000000 0.000000 0.300000 0.100000 110.000000 0.000000 -207365.783694 102.754549 25.592790
19 298.150000 -1.000000 0.000000 0.200000 0.100000 110.000000 0.000000 -207658.501963 67.355945 25.421225
18 298.150000 -1.000000 0.000000 0.300000 0.100000 110.000000 0.000000 -207724.105185 40.450966 25.225442
18 298.150000 -1.000000 0.000000 0.300000 0.100000 110.000000 0.000000 -207738.068624 102.670687 25.403935
18 298.150000 -1.000000 0.000000 0.300000 0.100000 110.000000 0.000000 -207480.730133 86.724023 25.237623
16 298.150000 -1.000000 0.000000 0.500000 0.100000 110.000000 0.000000 -207728.113052 25.835690 25.237936
15 298.150000 -1.000000 0.100000 0.500000 0.100000 110.000000 0.000000 -207781.080335 22.298503 25.576015
15 298.150000 -1.000000 0.100000 0.500000 0.100000 110.000000 0.000000 -207695.141160 10.081819 25.504332
15 298.150000 -1.000000 0.100000 0.500000 0.100000 110.000000 0.000000 -207103.819438 34.497494 25.133164
15 298.150000 -1.000000 0.100000 0.500000 0.100000 110.000000 0.000000 -207135.221298 37.662864 25.566014
19 298.150000 -1.000000 0.000000 0.200000 0.100000 110.000000 0.000000 -207586.941760 60.334107 25.426642
19 298.150000 -1.000000 0.000000 0.200000 0.100000 110.000000 0.000000 -207459.098953 92.053224 25.371894
20 298.150000 -1.000000 0.000000 0.100000 0.100000 110.000000 0.000000 -207641.852203 143.367987 25.561888
20 298.150000 -1.000000 0.000000 0.100000 0.100000 110.000000 0.000000 -207506.352674 83.954336 25.786888
18 298.150000 -1.000000 0.000000 0.300000 0.100000 110.000000 0.000000 -207379.810445 84.202117 25.631997
16 298.150000 -1.000000 0.000000 0.500000 0.100000 110.000000 0.000000 -207434.337694 76.725223 25.251944
19 298.150000 -1.000000 0.000000 0.200000 0.100000 110.000000 0.000000 -207273.779184 71.811731 25.143411
19 298.150000 -1.000000 0.000000 0.200000 0.100000 110.000000 0.000000 -207297.018947 81.387808 25.786253
17 298.150000 -1.000000 0.000000 0.400000 0.100000 110.000000 0.000000 -207655.760860 48.424595 25.795136
16 298.150000 -1.000000 0.000000 0.500000 0.100000 110.000000 0.000000 -207316.147624 20.063014 25.655767
16 298.150000 -1.000000 0.000000 0.500000 0.100000 110.000000 0.000000 -207787.576732 86.464815 25.379384
16 298.150000 -1.000000 0.000000 0.500000 0.100000 110.000000 0.000000 -207451.863451 84.634507 25.134764
16 298.150000 -1.000000 0.000000 0.500000 0.100000 110.000000 0.000000 -207430.781795 72.458310 25.314832
18 298.150000 -1.000000 0.000000 0.300000 0.100000 110.000000 0.000000 -207641.317404 44.008657 25.433372
15 298.150000 -1.000000 0.100000 0.500000 0.100000 110.000000 0.000000 -207787.712120 25.928044 25.570434
15 298.150000 -1.000000 0.100000 0.500000 0.100000 110.000000 0.000000 -207634.869050 18.280842 25.547893
14 298.150000 -1.000000 0.200000 0.500000 0.100000 110.000000 0.000000 -207214.188131 30.349399 25.392830
15 298.150000 -1.000000 0.100000 0.500000 0.100000 110.000000 0.000000 -207629.092692 49.188494 25.533334
15 298.150000 -1.000000 0.100000 0.500000 0.100000 110.000000 0.000000 -207188.839805 10.174338 25.638142
14 298.150000 -1.000000 0.200000 0.500000 0.100000 110.000000 0.000000 -207176.796336 8.687636 25.436800
12 298.150000 -1.000000 0.400000 0.500000 0.100000 110.000000 0.000000 -207248.054692 4.707574 25.592273
12 298.150000 -1.000000 0.400000 0.500000 0.100000 110.000000 0.000000 -207351.476659 4.336107 25.018785
11 298.150000 -1.000000 0.500000 0.500000 0.100000 110.000000 0.000000 -207648.293856 -2.189982 25.473752
9 298.150000 1.000000 0.400000 0.500000 0.100000 110.000000 0.000000 -207640.939520 8.320490 25.223371
8 298.150000 1.000000 0.300000 0.500000 0.100000 110.000000 0.000000 -207526.863588 10.134534 25.679707
8 298.150000 1.000000 0.300000 0.500000 0.100000 110.000000 0.000000 -206983.219424 21.003380 25.361373
8 298.150000 1.000000 0.300000 0.500000 0.100000 110.000000 0.000000 -207637.831289 1.393777 25.469390
9 298.150000 1.000000 0.400000 0.500000 0.100000 110.000000 0.000000 -207367.965779 1.748440 25.716048
9 298.150000 1.000000 0.400000 0.500000 0.100000 110.000000 0.000000 -207398.701548 3.988872 25.789411
9 298.150000 1.000000 0.400000 0.500000 0.100000 110.000000 0.000000 -207672.455042 3.577297 25.626950
7 298.150000 1.000000 0.200000 0.500000 0.100000 110.000000 0.000000 -207260.604107 8.191189 25.690924
9 298.150000 1.000000 0.400000 0.500000 0.100000 110.000000 0.000000 -207287.161485 1.715096 25.626467
8 298.150000 1.000000 0.300000 0.500000 0.100000 110.000000 0.000000 -207235.374316 18.903690 25.616865
6 298.150000 1.000000 0.100000 0.500000 0.100000 110.000000 0.000000 -207706.989816 11.404448 24.221339
6 298.150000 1.000000 0.100000 0.500000 0.100000 110.000000 0.000000 -206916.330748 45.508667 25.309619
6 298.150000 1.000000 0.100000 0.500000 0.100000 110.000000 0.000000 -207350.337062 31.238713 25.515992
6 298.150000 1.000000 0.100000 0.500000 0.100000 110.000000 0.000000 -207217.206853 10.792968 25.528929
6 298.150000 1.000000 0.100000 0.500000 0.100000 110.000000 0.000000 -207431.564551 13.693443 25.326705
1 298.150000 1.000000 0.000000 0.100000 0.100000 110.000000 0.000000 -207776.460942 129.216671 25.633684
1 298.150000 1.000000 0.000000 0.100000 0.100000 110.000000 0.000000 -207563.678999 129.451051 25.672506
1 298.150000 1.000000 0.000000 0.100000 0.100000 110.000000 0.000000 -207593.992633 135.137276 25.156715
1 298.150000 1.000000 0.000000 0.100000 0.100000 110.000000 0.000000 -207139.807680 153.505871 25.532527
1 298.150000 1.000000 0.000000 0.100000 0.100000 110.000000 0.000000 -207479.951593 134.223362 25.546344
1 298.150000 1.000000 0.000000 0.100000 0.100000 110.000000 0.000000 -207398.353364 132.911514 24.858243
1 298.150000 1.000000 0.000000 0.100000 0.100000 110.000000 0.000000 -207664.015598 125.929062 25.767217
1 298.150000 1.000000 0.000000 0.100000 0.100000 110.000000 0.000000 -207658.980467 128.112981 25.528359
1 298.150000 1.000000 0.000000 0.100000 0.100000 110.000000 0.000000 -207471.052097 140.255429 24.331852
1 298.150000 1.000000 0.000000 0.100000 0.100000 110.000000 0.000000 -207643.194469 112.620028 25.036964
2 298.150000 1.000000 0.000000 0.200000 0.100000 110.000000 0.000000 -207673.762883 92.709012 25.470207
2 298.150000 1.000000 0.000000 0.200000 0.100000 110.000000 0.000000 -207702.780148 38.277621 25.144068
4 298.150000 1.000000 0.000000 0.400000 0.100000 110.000000 0.000000 -207191.869264 32.700105 24.630168
2 298.150000 1.000000 0.000000 0.200000 0.100000 110.000000 0.000000 -207603.916553 45.171745 24.741878
5 298.150000 1.000000 0.000000 0.500000 0.100000 110.000000 0.000000 -207592.275171 66.684065 25.314226
2 298.150000 1.000000 0.000000 0.200000 0.100000 110.000000 0.000000 -207398.156960 96.853683 25.543459
3 298.150000 1.000000 0.000000 0.300000 0.100000 110.000000 0.000000 -207550.470138 56.303839 24.482072
3 298.150000 1.000000 0.000000 0.300000 0.100000 110.000000 0.000000 -207319.317041 81.993115 25.751574
3 298.150000 1.000000 0.000000 0.300000 0.100000 110.000000 0.000000 -207543.745663 42.134655 25.369108
3 298.150000 1.000000 0.000000 0.300000 0.100000 110.000000 0.000000 -207364.706301 64.001085 25.566496
2 298.150000 1.000000 0.000000 0.200000 0.100000 110.000000 0.000000 -207102.606833 69.372964 25.607925
5 298.150000 1.000000 0.000000 0.500000 0.100000 110.000000 0.000000 -207845.883218 96.180776 25.088834
2 298.150000 1.000000 0.000000 0.200000 0.100000 110.000000 0.000000 -207785.329342 52.333536 25.681310
2 298.150000 1.000000 0.000000 0.200000 0.100000 110.000000 0.000000 -207339.047035 115.021654 25.183884
2 298.150000 1.000000 0.000000 0.200000 0.100000 110.000000 0.000000 -207661.526101 52.327548 25.525683
2 298.150000 1.000000 0.000000 0.200000 0.100000 110.000000 0.000000 -207295.234688 125.816271 25.986719
2 298.150000 1.000000 0.000000 0.200000 0.100000 110.000000 0.000000 -207292.118550 65.269874 25.669642
2 298.150000 1.000000 0.000000 0.200000 0.100000 110.000000 0.000000 -207625.091404 117.381079 25.711118
2 298.150000 1.000000 0.000000 0.200000 0.100000 110.000000 0.000000 -207709.194136 62.467471 25.484873
5 298.150000 1.000000 0.000000 0.500000 0.100000 110.000000 0.000000 -207144.783643 30.146751 25.712290
4 298.150000 1.000000 0.000000 0.400000 0.100000 110.000000 0.000000 -207323.786154 105.726055 24.858847
4 298.150000 1.000000 0.000000 0.400000 0.100000 110.000000 0.000000 -207483.538178 63.553141 25.352744
3 298.150000 1.000000 0.000000 0.300000 0.100000 110.000000 0.000000 -207583.764604 122.418794 25.992039
3 298.150000 1.000000 0.000000 0.300000 0.100000 110.000000 0.000000 -207547.936224 53.208965 25.977447
4 298.150000 1.000000 0.000000 0.400000 0.100000 110.000000 0.000000 -207445.988895 108.874029 25.571421
2 298.150000 1.000000 0.000000 0.200000 0.100000 110.000000 0.000000 -207477.720655 111.951488 25.898049
3 298.150000 1.000000 0.000000 0.300000 0.100000 110.000000 0.000000 -207613.492782 75.608971 25.599124
3 298.150000 1.000000 0.000000 0.300000 0.100000 110.000000 0.000000 -207252.446129 58.251087 24.779127
3 298.150000 1.000000 0.000000 0.300000 0.100000 110.000000 0.000000 -207583.124365 67.430767 25.444696
5 298.150000 1.000000 0.000000 0.500000 0.100000 110.000000 0.000000 -207260.656327 70.723480 25.533979
4 298.150000 1.000000 0.000000 0.400000 0.100000 110.000000 0.000000 -207574.558066 57.969331 25.129069
3 298.150000 1.000000 0.000000 0.300000 0.100000 110.000000 0.000000 -207201.008482 32.640128 25.440838
3 298.150000 1.000000 0.000000 0.300000 0.100000 110.000000 0.000000 -207262.905978 79.013337 25.435456
3 298.150000 1.000000 0.000000 0.300000 0.100000 110.000000 0.000000 -207378.353279 61.589986 25.727351
3 298.150000 1.000000 0.000000 0.300000 0.100000 110.000000 0.000000 -208030.709987 63.571555 25.200320
4 298.150000 1.000000 0.000000 0.400000 0.100000 110.000000 0.000000 -207803.714926 72.047544 25.222005
3 298.150000 1.000000 0.000000 0.300000 0.100000 110.000000 0.000000 -207768.527488 79.065611 25.579868
4 298.150000 1.000000 0.000000 0.400000 0.100000 110.000000 0.000000 -206996.995504 32.793477 23.578633
4 298.150000 1.000000 0.000000 0.400000 0.100000 110.000000 0.000000 -207497.118899 51.368123 25.686996
4 298.150000 1.000000 0.000000 0.400000 0.100000 110.000000 0.000000 -207763.918480 58.102934 25.454925
4 298.150000 1.000000 0.000000 0.400000 0.100000 110.000000 0.000000 -207076.166096 55.841376 25.616499
5 298.150000 1.000000 0.000000 0.500000 0.100000 110.000000 0.000000 -207383.962578 32.999598 24.914416
6 298.150000 1.000000 0.100000 0.500000 0.100000 110.000000 0.000000 -207338.515311 18.916021 25.450860
6 298.150000 1.000000 0.100000 0.500000 0.100000 110.000000 0.000000 -207720.825659 6.791852 25.447674
7 298.150000 1.000000 0.200000 0.500000 0.100000 110.000000 0.000000 -207859.078054 17.162454 25.071444
7 298.150000 1.000000 0.200000 0.500000 0.100000 110.000000 0.000000 -207363.167314 21.445669 25.471520
7 298.150000 1.000000 0.200000 0.500000 0.100000 110.000000 0.000000 -207484.415369 12.861559 25.366011
7 298.150000 1.000000 0.200000 0.500000 0.100000 110.000000 0.000000 -207507.715238 6.572742 25.481400
9 298.150000 1.000000 0.400000 0.500000 0.100000 110.000000 0.000000 -207237.553061 0.059137 25.170897
9 298.150000 1.000000 0.400000 0.500000 0.100000 110.000000 0.000000 -207880.582264 6.897971 25.802332
8 298.150000 1.000000 0.300000 0.500000 0.100000 110.000000 0.000000 -207650.870746 4.592070 25.274685
8 298.150000 1.000000 0.300000 0.500000 0.100000 110.000000 0.000000 -207263.719762 1.792627 25.577686
9 298.150000 1.000000 0.400000 0.500000 0.100000 110.000000 0.000000 -207646.111817 0.884462 25.765387
9 298.150000 1.000000 0.400000 0.500000 0.100000 110.000000 0.000000 -207651.260895 0.032375 25.354767
9 298.150000 1.000000 0.400000 0.500000 0.100000 110.000000 0.000000 -207403.092538 2.767827 25.422473
10 298.150000 1.000000 0.500000 0.500000 0.100000 110.000000 0.000000 -207483.152857 8.900518 25.786967
8 298.150000 1.000000 0.300000 0.500000 0.100000 110.000000 0.000000 -207470.804202 6.883200 25.524402
8 298.150000 1.000000 0.300000 0.500000 0.100000 110.000000 0.000000 -207292.334117 3.606143 25.286539
10 298.150000 1.000000 0.500000 0.500000 0.100000 110.000000 0.000000 -207318.510191 3.739675 25.356794
10 298.150000 1.000000 0.500000 0.500000 0.100000 110.000000 0.000000 -207571.563006 3.920871 25.492267
8 298.150000 1.000000 0.300000 0.500000 0.100000 110.000000 0.000000 -207548.079336 11.589703 25.156604
7 298.150000 1.000000 0.200000 0.500000 0.100000 110.000000 0.000000 -207567.029587 10.693677 25.392608
7 298.150000 1.000000 0.200000 0.500000 0.100000 110.000000 0.000000 -207208.818807 7.606944 25.597619
7 298.150000 1.000000 0.200000 0.500000 0.100000 110.000000 0.000000 -207105.724574 8.316108 25.485278
7 298.150000 1.000000 0.200000 0.500000 0.100000 110.000000 0.000000 -207311.061068 9.565878 23.945131
8 298.150000 1.000000 0.300000 0.500000 0.100000 110.000000 0.000000 -207409.467641 15.798680 25.331320
8 298.150000 1.000000 0.300000 0.500000 0.100000 110.000000 0.000000 -207689.660128 5.483482 24.742024
8 298.150000 1.000000 0.300000 0.500000 0.100000 110.000000 0.000000 -207617.760085 4.145378 25.500164
10 298.150000 1.000000 0.500000 0.500000 0.100000 110.000000 0.000000 -207272.019599 -2.594780 24.645665
10 298.150000 1.000000 0.500000 0.500000 0.100000 110.000000 0.000000 -207809.709245 1.149817 25.812797
10 298.150000 1.000000 0.500000 0.500000 0.100000 110.000000 0.000000 -207599.393459 -0.749951 25.644171
11 298.150000 -1.000000 0.500000 0.500000 0.100000 110.000000 0.000000 -207566.319752 -2.457894 25.414243
11 298.150000 -1.000000 0.500000 0.500000 0.100000 110.000000 0.000000 -207618.190981 2.507786 25.777753
12 298.150000 -1.000000 0.400000 0.500000 0.100000 110.000000 0.000000 -207730.365442 -3.567029 25.750948
12 298.150000 -1.000000 0.400000 0.500000 0.100000 110.000000 0.000000 -207217.072169 4.676718 25.653676
11 298.150000 -1.000000 0.500000 0.500000 0.100000 110.000000 0.000000 -207399.770553 -3.981339 25.635361
10 298.150000 1.000000 0.500000 0.500000 0.100000 110.000000 0.000000 -207488.128267 6.970696 25.377565
7 298.150000 1.000000 0.200000 0.500000 0.100000 110.000000 0.000000 -207308.534754 6.758872 25.560632
10 298.150000 1.000000 0.500000 0.500000 0.100000 110.000000 0.000000 -207477.142317 -3.933761 25.536166
10 298.150000 1.000000 0.500000 0.500000 0.100000 110.000000 0.000000 -207719.823891 -14.080389 25.656915
11 298.150000 -1.000000 0.500000 0.500000 0.100000 110.000000 0.000000 -207394.586589 5.513741 25.642590
13 298.150000 -1.000000 0.300000 0.500000 0.100000 110.000000 0.000000 -207755.844998 7.399237 25.724254
13 298.150000 -1.000000 0.300000 0.500000 0.100000 110.000000 0.000000 -207441.245461 15.987614 25.614363
13 298.150000 -1.000000 0.300000 0.500000 0.100000 110.000000 0.000000 -207619.698956 3.283992 25.652211
13 298.150000 -1.000000 0.300000 0.500000 0.100000 110.000000 0.000000 -207354.175938 3.503267 25.665458
11 298.150000 -1.000000 0.500000 0.500000 0.100000 110.000000 0.000000 -208027.231696 8.346921 25.344762
14 298.150000 -1.000000 0.200000 0.500000 0.100000 110.000000 0.000000 -207584.270394 19.249748 25.598617
14 298.150000 -1.000000 0.200000 0.500000 0.100000 110.000000 0.000000 -207509.829144 5.991272 25.686782
13 298.150000 -1.000000 0.300000 0.500000 0.100000 110.000000 0.000000 -207202.594720 7.780092 25.736069
14 298.150000 -1.000000 0.200000 0.500000 0.100000 110.000000 0.000000 -207213.019256 21.150040 25.653420
15 298.150000 -1.000000 0.100000 0.500000 0.100000 110.000000 0.000000 -207476.398146 27.272831 25.588205
15 298.150000 -1.000000 0.100000 0.500000 0.100000 110.000000 0.000000 -207942.603931 29.528037 25.444771
15 298.150000 -1.000000 0.100000 0.500000 0.100000 110.000000 0.000000 -207492.324564 17.697337 25.802218
15 298.150000 -1.000000 0.100000 0.500000 0.100000 110.000000 0.000000 -207255.346262 15.919573 25.555764
15 298.150000 -1.000000 0.100000 0.500000 0.100000 110.000000 0.000000 -207465.313244 11.574566 25.772799
14 298.150000 -1.000000 0.200000 0.500000 0.100000 110.000000 0.000000 -207898.004708 20.652301 25.404937
15 298.150000 -1.000000 0.100000 0.500000 0.100000 110.000000 0.000000 -207822.109127 2.155347 25.102133
14 298.150000 -1.000000 0.200000 0.500000 0.100000 110.000000 0.000000 -207276.427929 11.693696 25.253117
14 298.150000 -1.000000 0.200000 0.500000 0.100000 110.000000 0.000000 -207547.755641 9.145327 25.419779
12 298.150000 -1.000000 0.400000 0.500000 0.100000 110.000000 0.000000 -207440.284801 2.477096 25.589424
13 298.150000 -1.000000 0.300000 0.500000 0.100000 110.000000 0.000000 -207135.089983 9.566073 25.576985
13 298.150000 -1.000000 0.300000 0.500000 0.100000 110.000000 0.000000 -207568.761094 12.467980 25.468663
13 298.150000 -1.000000 0.300000 0.500000 0.100000 110.000000 0.000000 -207299.471421 6.214982 25.740734
13 298.150000 -1.000000 0.300000 0.500000 0.100000 110.000000 0.000000 -207710.598268 9.230624 25.420288
13 298.150000 -1.000000 0.300000 0.500000 0.100000 110.000000 0.000000 -207508.257387 4.573941 25.733153
12 298.150000 -1.000000 0.400000 0.500000 0.100000 110.000000 0.000000 -207512.449849 7.670286 25.286272
13 298.150000 -1.000000 0.300000 0.500000 0.100000 110.000000 0.000000 -207562.369506 8.763996 25.336208
