18 298.150000 -1.000000 0.000000 0.300000 0.100000 110.000000 0.000000 -206121.909563 93.284265 25.039192
17 298.150000 -1.000000 0.000000 0.400000 0.100000 110.000000 0.000000 -205892.876549 80.024000 25.494006
17 298.150000 -1.000000 0.000000 0.400000 0.100000 110.000000 0.000000 -206093.352397 100.344223 25.390724
20 298.150000 -1.000000 0.000000 0.100000 0.100000 110.000000 0.000000 -205870.183749 118.257879 25.411641
20 298.150000 -1.000000 0.000000 0.100000 0.100000 110.000000 0.000000 -206005.656790 107.951967 25.868346
20 298.150000 -1.000000 0.000000 0.100000 0.100000 110.000000 0.000000 -206037.339552 149.814529 26.000519
20 298.150000 -1.000000 0.000000 0.100000 0.100000 110.000000 0.000000 -206038.132347 56.161494 25.872819
18 298.150000 -1.000000 0.000000 0.300000 0.100000 110.000000 0.000000 -206012.475324 43.716299 25.804104
18 298.150000 -1.000000 0.000000 0.300000 0.100000 110.000000 0.000000 -205980.094152 103.132048 25.809945
19 298.150000 -1.000000 0.000000 0.200000 0.100000 110.000000 0.000000 -206047.866058 98.722942 25.984252
18 298.150000 -1.000000 0.000000 0.300000 0.100000 110.000000 0.000000 -206471.285115 68.149456 25.595554
18 298.150000 -1.000000 0.000000 0.300000 0.100000 110.000000 0.000000 -205639.245419 85.186407 25.574660
19 298.150000 -1.000000 0.000000 0.200000 0.100000 110.000000 0.000000 -205959.744333 84.926667 25.852092
17 298.150000 -1.000000 0.000000 0.400000 0.100000 110.000000 0.000000 -206061.753294 68.313599 25.891480
20 298.150000 -1.000000 0.000000 0.100000 0.100000 110.000000 0.000000 -206107.936658 97.535014 25.658451
20 298.150000 -1.000000 0.000000 0.100000 0.100000 110.000000 0.000000 -206103.941961 90.416823 25.974175
19 298.150000 -1.000000 0.000000 0.200000 0.100000 110.000000 0.000000 -206215.075900 95.513618 25.792272
16 298.150000 -1.000000 0.000000 0.500000 0.100000 110.000000 0.000000 -206179.762569 42.292645 26.017971
17 298.150000 -1.000000 0.000000 0.400000 0.100000 110.000000 0.000000 -206303.760922 43.498453 26.007031
18 298.150000 -1.000000 0.000000 0.300000 0.100000 110.000000 0.000000 -206220.100270 82.924054 25.913023
17 298.150000 -1.000000 0.000000 0.400000 0.100000 110.000000 0.000000 -206185.667258 71.756688 26.004692
17 298.150000 -1.000000 0.000000 0.400000 0.100000 110.000000 0.000000 -205865.587069 52.898642 24.944086
19 298.150000 -1.000000 0.000000 0.200000 0.100000 110.000000 0.000000 -205952.043640 62.694874 25.931209
19 298.150000 -1.000000 0.000000 0.200000 0.100000 110.000000 0.000000 -206158.651545 87.713898 25.830596
18 298.150000 -1.000000 0.000000 0.300000 0.100000 110.000000 0.000000 -206080.261821 50.234546 25.743512
19 298.150000 -1.000000 0.000000 0.200000 0.100000 110.000000 0.000000 -205916.088285 118.222919 25.994092
20 298.150000 -1.000000 0.000000 0.100000 0.100000 110.000000 0.000000 -206290.598882 141.086215 25.883341
20 298.150000 -1.000000 0.000000 0.100000 0.100000 110.000000 0.000000 -206351.791501 124.707581 25.271935
20 298.150000 -1.000000 0.000000 0.100000 0.100000 110.000000 0.000000 -206142.819139 43.449229 25.966346
18 298.150000 -1.000000 0.000000 0.300000 0.100000 110.000000 0.000000 -206327.079236 64.425065 25.359520
16 298.150000 -1.000000 0.000000 0.500000 0.100000 110.000000 0.000000 -206022.537457 66.426424 25.668638
16 298.150000 -1.000000 0.000000 0.500000 0.100000 110.000000 0.000000 -206294.747160 76.828886 25.966995
16 298.150000 -1.000000 0.000000 0.500000 0.100000 110.000000 0.000000 -206008.881741 87.344506 25.942420
18 298.150000 -1.000000 0.000000 0.300000 0.100000 110.000000 0.000000 -206329.666290 48.549844 25.992362
16 298.150000 -1.000000 0.000000 0.500000 0.100000 110.000000 0.000000 -205796.356056 38.510002 25.059160
15 298.150000 -1.000000 0.100000 0.500000 0.100000 110.000000 0.000000 -206245.730255 21.091952 25.836318
15 298.150000 -1.000000 0.100000 0.500000 0.100000 110.000000 0.000000 -206034.148431 22.011378 25.975943
17 298.150000 -1.000000 0.000000 0.400000 0.100000 110.000000 0.000000 -206284.437339 89.631271 25.733024
20 298.150000 -1.000000 0.000000 0.100000 0.100000 110.000000 0.000000 -206115.397607 127.816270 25.801269
20 298.150000 -1.000000 0.000000 0.100000 0.100000 110.000000 0.000000 -206176.252373 36.593504 26.018598
17 298.150000 -1.000000 0.000000 0.400000 0.100000 110.000000 0.000000 -206166.256799 80.657664 25.717705
19 298.150000 -1.000000 0.000000 0.200000 0.100000 110.000000 0.000000 -205616.636647 99.651515 25.984458
16 298.150000 -1.000000 0.000000 0.500000 0.100000 110.000000 0.000000 -205972.262875 30.427762 26.003697
17 298.150000 -1.000000 0.000000 0.400000 0.100000 110.000000 0.000000 -206116.756299 40.987874 25.706526
19 298.150000 -1.000000 0.000000 0.200000 0.100000 110.000000 0.000000 -206372.097984 45.795678 25.548964
17 298.150000 -1.000000 0.000000 0.400000 0.100000 110.000000 0.000000 -206206.613549 32.792953 25.646244
17 298.150000 -1.000000 0.000000 0.400000 0.100000 110.000000 0.000000 -206076.759902 72.777240 25.832066
16 298.150000 -1.000000 0.000000 0.500000 0.100000 110.000000 0.000000 -205890.552755 76.860505 25.531879
18 298.150000 -1.000000 0.000000 0.300000 0.100000 110.000000 0.000000 -206335.982044 63.725315 25.077228
19 298.150000 -1.000000 0.000000 0.200000 0.100000 110.000000 0.000000 -205932.609885 96.987008 25.577461
18 298.150000 -1.000000 0.000000 0.300000 0.100000 110.000000 0.000000 -205775.741004 68.644863 25.803516
18 298.150000 -1.000000 0.000000 0.300000 0.100000 110.000000 0.000000 -206045.260045 37.752111 25.943285
18 298.150000 -1.000000 0.000000 0.300000 0.100000 110.000000 0.000000 -206147.550056 37.043787 25.875938
18 298.150000 -1.000000 0.000000 0.300000 0.100000 110.000000 0.000000 -206193.392414 81.869727 25.826362
19 298.150000 -1.000000 0.000000 0.200000 0.100000 110.000000 0.000000 -206092.400917 69.326001 25.821450
19 298.150000 -1.000000 0.000000 0.200000 0.100000 110.000000 0.000000 -206067.416780 122.023739 25.348821
19 298.150000 -1.000000 0.000000 0.200000 0.100000 110.000000 0.000000 -205983.616862 61.424209 25.952082
18 298.150000 -1.000000 0.000000 0.300000 0.100000 110.000000 0.000000 -205843.700848 88.895903 25.918666
17 298.150000 -1.000000 0.000000 0.400000 0.100000 110.000000 0.000000 -206159.747845 88.568084 25.184771
17 298.150000 -1.000000 0.000000 0.400000 0.100000 110.000000 0.000000 -206069.838039 46.935748 25.579002
16 298.150000 -1.000000 0.000000 0.500000 0.100000 110.000000 0.000000 -206231.683640 62.644317 25.353391
20 298.150000 -1.000000 0.000000 0.100000 0.100000 110.000000 0.000000 -206219.128644 87.560126 25.671554
19 298.150000 -1.000000 0.000000 0.200000 0.100000 110.000000 0.000000 -205994.319521 77.539762 25.521577
17 298.150000 -1.000000 0.000000 0.400000 0.100000 110.000000 0.000000 -206266.857416 84.068502 25.897709
17 298.150000 -1.000000 0.000000 0.400000 0.100000 110.000000 0.000000 -206263.440444 47.940482 25.805903
19 298.150000 -1.000000 0.000000 0.200000 0.100000 110.000000 0.000000 -206265.981171 56.664517 25.406123
17 298.150000 -1.000000 0.000000 0.400000 0.100000 110.000000 0.000000 -205674.606754 57.892866 25.498954
16 298.150000 -1.000000 0.000000 0.500000 0.100000 110.000000 0.000000 -206070.792764 28.095526 25.703801
16 298.150000 -1.000000 0.000000 0.500000 0.100000 110.000000 0.000000 -206076.970675 40.126719 25.908417
19 298.150000 -1.000000 0.000000 0.200000 0.100000 110.000000 0.000000 -206290.458516 61.457953 25.553650
18 298.150000 -1.000000 0.000000 0.300000 0.100000 110.000000 0.000000 -206205.775761 80.257653 25.944818
19 298.150000 -1.000000 0.000000 0.200000 0.100000 110.000000 0.000000 -205897.382122 90.155319 25.786914
19 298.150000 -1.000000 0.000000 0.200000 0.100000 110.000000 0.000000 -205863.901696 88.834209 25.822194
18 298.150000 -1.000000 0.000000 0.300000 0.100000 110.000000 0.000000 -206098.897235 63.344034 25.578784
17 298.150000 -1.000000 0.000000 0.400000 0.100000 110.000000 0.000000 -205715.135212 74.156076 25.648234
16 298.150000 -1.000000 0.000000 0.500000 0.100000 110.000000 0.000000 -205739.986639 46.350443 25.981966
20 298.150000 -1.000000 0.000000 0.100000 0.100000 110.000000 0.000000 -206142.415890 97.447130 26.008016
19 298.150000 -1.000000 0.000000 0.200000 0.100000 110.000000 0.000000 -206069.577598 78.173356 25.348723
20 298.150000 -1.000000 0.000000 0.100000 0.100000 110.000000 0.000000 -206563.076746 44.050138 25.238969
19 298.150000 -1.000000 0.000000 0.200000 0.100000 110.000000 0.000000 -206364.465458 75.405525 25.201626
17 298.150000 -1.000000 0.000000 0.400000 0.100000 110.000000 0.000000 -205948.910548 56.974510 26.013972
19 298.150000 -1.000000 0.000000 0.200000 0.100000 110.000000 0.000000 -206163.077460 111.014410 25.823661
19 298.150000 -1.000000 0.000000 0.200000 0.100000 110.000000 0.000000 -206070.513284 120.663510 25.889247
19 298.150000 -1.000000 0.000000 0.200000 0.100000 110.000000 0.000000 -206183.170557 74.479475 25.438772
19 298.150000 -1.000000 0.000000 0.200000 0.100000 110.000000 0.000000 -205969.437183 72.639347 25.685377
17 298.150000 -1.000000 0.000000 0.400000 0.100000 110.000000 0.000000 -206186.699724 90.691534 25.576848
16 298.150000 -1.000000 0.000000 0.500000 0.100000 110.000000 0.000000 -206155.561039 76.194478 25.997796
16 298.150000 -1.000000 0.000000 0.500000 0.100000 110.000000 0.000000 -205998.468367 64.582533 25.292149
20 298.150000 -1.000000 0.000000 0.100000 0.100000 110.000000 0.000000 -205916.377322 58.611265 25.937338
19 298.150000 -1.000000 0.000000 0.200000 0.100000 110.000000 0.000000 -206054.103961 56.994417 25.402365
16 298.150000 -1.000000 0.000000 0.500000 0.100000 110.000000 0.000000 -206277.599078 66.631173 25.950457
19 298.150000 -1.000000 0.000000 0.200000 0.100000 110.000000 0.000000 -206067.140736 57.658245 25.531126
17 298.150000 -1.000000 0.000000 0.400000 0.100000 110.000000 0.000000 -206103.004635 75.272200 25.899309
16 298.150000 -1.000000 0.000000 0.500000 0.100000 110.000000 0.000000 -205970.591203 70.512004 25.998733
16 298.150000 -1.000000 0.000000 0.500000 0.100000 110.000000 0.000000 -206434.454932 25.854111 25.977971
17 298.150000 -1.000000 0.000000 0.400000 0.100000 110.000000 0.000000 -205638.425142 41.061535 25.777922
18 298.150000 -1.000000 0.000000 0.300000 0.100000 110.000000 0.000000 -206007.363942 71.880846 25.910739
16 298.150000 -1.000000 0.000000 0.500000 0.100000 110.000000 0.000000 -205917.225063 38.948205 25.871273
16 298.150000 -1.000000 0.000000 0.500000 0.100000 110.000000 0.000000 -206191.323696 95.479947 25.784483
16 298.150000 -1.000000 0.000000 0.500000 0.100000 110.000000 0.000000 -205950.850941 72.370750 25.446848
16 298.150000 -1.000000 0.000000 0.500000 0.100000 110.000000 0.000000 -206154.246021 78.522713 25.812395
16 298.150000 -1.000000 0.000000 0.500000 0.100000 110.000000 0.000000 -206070.431511 48.020289 25.989185
16 298.150000 -1.000000 0.000000 0.500000 0.100000 110.000000 0.000000 -206053.600912 54.141837 25.774977
17 298.150000 -1.000000 0.000000 0.400000 0.100000 110.000000 0.000000 -205795.446520 71.885261 24.855057
16 298.150000 -1.000000 0.000000 0.500000 0.100000 110.000000 0.000000 -205992.012886 77.770106 25.934451
19 298.150000 -1.000000 0.000000 0.200000 0.100000 110.000000 0.000000 -206139.627741 101.541406 25.732707
19 298.150000 -1.000000 0.000000 0.200000 0.100000 110.000000 0.000000 -205851.361924 62.370850 25.575514
16 298.150000 -1.000000 0.000000 0.500000 0.100000 110.000000 0.000000 -206155.645875 71.639065 25.707114
16 298.150000 -1.000000 0.000000 0.500000 0.100000 110.000000 0.000000 -206176.711595 93.672579 25.793310
19 298.150000 -1.000000 0.000000 0.200000 0.100000 110.000000 0.000000 -206022.455897 74.116971 25.954669
20 298.150000 -1.000000 0.000000 0.100000 0.100000 110.000000 0.000000 -206377.273359 124.811565 25.755850
20 298.150000 -1.000000 0.000000 0.100000 0.100000 110.000000 0.000000 -205740.182736 117.363262 25.762758
18 298.150000 -1.000000 0.000000 0.300000 0.100000 110.000000 0.000000 -206136.016851 92.985778 25.866757
17 298.150000 -1.000000 0.000000 0.400000 0.100000 110.000000 0.000000 -206445.509759 106.846170 25.630630
16 298.150000 -1.000000 0.000000 0.500000 0.100000 110.000000 0.000000 -205833.269138 71.353077 25.597434
16 298.150000 -1.000000 0.000000 0.500000 0.100000 110.000000 0.000000 -205771.410372 98.659779 25.491844
18 298.150000 -1.000000 0.000000 0.300000 0.100000 110.000000 0.000000 -206570.319566 82.380760 25.520441
18 298.150000 -1.000000 0.000000 0.300000 0.100000 110.000000 0.000000 -206258.601036 78.651403 26.021929
16 298.150000 -1.000000 0.000000 0.500000 0.100000 110.000000 0.000000 -206035.083337 63.098113 25.893581
18 298.150000 -1.000000 0.000000 0.300000 0.100000 110.000000 0.000000 -205786.333818 56.335339 25.880974
16 298.150000 -1.000000 0.000000 0.500000 0.100000 110.000000 0.000000 -206093.823948 51.222429 25.330213
16 298.150000 -1.000000 0.000000 0.500000 0.100000 110.000000 0.000000 -205602.780472 85.176304 25.777465
16 298.150000 -1.000000 0.000000 0.500000 0.100000 110.000000 0.000000 -206113.092019 74.347316 25.930115
16 298.150000 -1.000000 0.000000 0.500000 0.100000 110.000000 0.000000 -206395.241814 32.398085 24.932907
19 298.150000 -1.000000 0.000000 0.200000 0.100000 110.000000 0.000000 -206092.626847 109.177271 25.429244
19 298.150000 -1.000000 0.000000 0.200000 0.100000 110.000000 0.000000 -205849.188490 54.237711 25.611906
19 298.150000 -1.000000 0.000000 0.200000 0.100000 110.000000 0.000000 -206422.422269 87.004516 25.512267
