12 298.150000 -1.000000 0.400000 0.500000 0.100000 110.000000 0.000000 -207452.295389 14.988983 24.789224
13 298.150000 -1.000000 0.300000 0.500000 0.100000 110.000000 0.000000 -207484.562011 13.713509 25.032585
12 298.150000 -1.000000 0.400000 0.500000 0.100000 110.000000 0.000000 -208268.715476 -4.707017 25.256046
11 298.150000 -1.000000 0.500000 0.500000 0.100000 110.000000 0.000000 -207971.529452 -2.144275 24.820505
10 298.150000 1.000000 0.500000 0.500000 0.100000 110.000000 0.000000 -207689.650690 5.572993 25.220726
8 298.150000 1.000000 0.300000 0.500000 0.100000 110.000000 0.000000 -207727.728342 9.693620 25.224942
10 298.150000 1.000000 0.500000 0.500000 0.100000 110.000000 0.000000 -208070.196902 -1.813355 25.247233
9 298.150000 1.000000 0.400000 0.500000 0.100000 110.000000 0.000000 -207568.198199 7.829012 24.618666
8 298.150000 1.000000 0.300000 0.500000 0.100000 110.000000 0.000000 -207805.940631 8.366894 25.137407
8 298.150000 1.000000 0.300000 0.500000 0.100000 110.000000 0.000000 -207424.220357 14.897437 24.657226
8 298.150000 1.000000 0.300000 0.500000 0.100000 110.000000 0.000000 -207540.055118 6.641064 24.935330
8 298.150000 1.000000 0.300000 0.500000 0.100000 110.000000 0.000000 -208070.990429 14.468427 25.169624
9 298.150000 1.000000 0.400000 0.500000 0.100000 110.000000 0.000000 -207315.969090 -2.308122 24.940058
11 298.150000 -1.000000 0.500000 0.500000 0.100000 110.000000 0.000000 -207734.304099 1.030899 25.097873
10 298.150000 1.000000 0.500000 0.500000 0.100000 110.000000 0.000000 -207733.031138 -1.965890 24.844604
10 298.150000 1.000000 0.500000 0.500000 0.100000 110.000000 0.000000 -207719.660632 8.916109 25.243526
15 298.150000 -1.000000 0.100000 0.500000 0.100000 110.000000 0.000000 -207901.036716 44.779102 24.879833
15 298.150000 -1.000000 0.100000 0.500000 0.100000 110.000000 0.000000 -207429.735587 57.986780 25.187722
15 298.150000 -1.000000 0.100000 0.500000 0.100000 110.000000 0.000000 -207835.088685 40.051859 25.026159
16 298.150000 -1.000000 0.000000 0.500000 0.100000 110.000000 0.000000 -207704.080798 92.411274 24.877342
18 298.150000 -1.000000 0.000000 0.300000 0.100000 110.000000 0.000000 -207531.252483 51.669464 24.916365
16 298.150000 -1.000000 0.000000 0.500000 0.100000 110.000000 0.000000 -207666.037272 89.525375 25.195177
17 298.150000 -1.000000 0.000000 0.400000 0.100000 110.000000 0.000000 -207800.473567 54.293041 24.961319
16 298.150000 -1.000000 0.000000 0.500000 0.100000 110.000000 0.000000 -207476.999430 74.156765 24.923000
16 298.150000 -1.000000 0.000000 0.500000 0.100000 110.000000 0.000000 -207773.050599 85.523366 24.813316
16 298.150000 -1.000000 0.000000 0.500000 0.100000 110.000000 0.000000 -207710.479135 80.792961 24.810547
18 298.150000 -1.000000 0.000000 0.300000 0.100000 110.000000 0.000000 -207944.795344 111.323380 24.928932
18 298.150000 -1.000000 0.000000 0.300000 0.100000 110.000000 0.000000 -207989.506960 135.672819 24.863862
18 298.150000 -1.000000 0.000000 0.300000 0.100000 110.000000 0.000000 -207962.384354 75.981680 24.906227
16 298.150000 -1.000000 0.000000 0.500000 0.100000 110.000000 0.000000 -207860.636870 83.036104 24.806381
19 298.150000 -1.000000 0.000000 0.200000 0.100000 110.000000 0.000000 -207464.266238 174.048088 24.983590
19 298.150000 -1.000000 0.000000 0.200000 0.100000 110.000000 0.000000 -207697.998770 132.466881 24.918610
19 298.150000 -1.000000 0.000000 0.200000 0.100000 110.000000 0.000000 -207489.643619 138.882421 24.881107
19 298.150000 -1.000000 0.000000 0.200000 0.100000 110.000000 0.000000 -207456.889518 134.335350 24.798938
19 298.150000 -1.000000 0.000000 0.200000 0.100000 110.000000 0.000000 -207732.657733 120.201758 24.850111
19 298.150000 -1.000000 0.000000 0.200000 0.100000 110.000000 0.000000 -208092.982373 139.558349 25.014248
19 298.150000 -1.000000 0.000000 0.200000 0.100000 110.000000 0.000000 -207939.142532 144.235939 24.879772
19 298.150000 -1.000000 0.000000 0.200000 0.100000 110.000000 0.000000 -207756.346395 140.725218 24.867657
19 298.150000 -1.000000 0.000000 0.200000 0.100000 110.000000 0.000000 -207989.386248 139.213535 24.846083
19 298.150000 -1.000000 0.000000 0.200000 0.100000 110.000000 0.000000 -207685.173877 138.566516 24.880936
19 298.150000 -1.000000 0.000000 0.200000 0.100000 110.000000 0.000000 -207358.022842 130.225378 24.750593
19 298.150000 -1.000000 0.000000 0.200000 0.100000 110.000000 0.000000 -207735.791547 116.196337 25.235290
18 298.150000 -1.000000 0.000000 0.300000 0.100000 110.000000 0.000000 -207976.555382 93.666963 24.975942
16 298.150000 -1.000000 0.000000 0.500000 0.100000 110.000000 0.000000 -207702.375946 89.479078 25.141828
17 298.150000 -1.000000 0.000000 0.400000 0.100000 110.000000 0.000000 -207608.645729 86.270905 25.266486
16 298.150000 -1.000000 0.000000 0.500000 0.100000 110.000000 0.000000 -207693.221631 77.014280 24.703900
16 298.150000 -1.000000 0.000000 0.500000 0.100000 110.000000 0.000000 -207545.717474 70.009257 24.924292
18 298.150000 -1.000000 0.000000 0.300000 0.100000 110.000000 0.000000 -208099.533779 74.502192 24.932316
18 298.150000 -1.000000 0.000000 0.300000 0.100000 110.000000 0.000000 -207670.704471 87.964508 25.002098
19 298.150000 -1.000000 0.000000 0.200000 0.100000 110.000000 0.000000 -207836.734320 131.133366 24.961124
19 298.150000 -1.000000 0.000000 0.200000 0.100000 110.000000 0.000000 -207711.107191 132.576958 24.874952
19 298.150000 -1.000000 0.000000 0.200000 0.100000 110.000000 0.000000 -207803.571065 154.708738 25.171095
19 298.150000 -1.000000 0.000000 0.200000 0.100000 110.000000 0.000000 -207692.342527 110.572486 24.706287
19 298.150000 -1.000000 0.000000 0.200000 0.100000 110.000000 0.000000 -207383.917769 127.476435 25.229162
19 298.150000 -1.000000 0.000000 0.200000 0.100000 110.000000 0.000000 -207857.070010 89.605407 24.908311
17 298.150000 -1.000000 0.000000 0.400000 0.100000 110.000000 0.000000 -208146.985999 76.410069 24.911615
16 298.150000 -1.000000 0.000000 0.500000 0.100000 110.000000 0.000000 -207742.813647 84.205680 25.165530
16 298.150000 -1.000000 0.000000 0.500000 0.100000 110.000000 0.000000 -207781.864962 76.437981 25.081200
16 298.150000 -1.000000 0.000000 0.500000 0.100000 110.000000 0.000000 -208064.780437 64.698420 25.048277
16 298.150000 -1.000000 0.000000 0.500000 0.100000 110.000000 0.000000 -207433.940298 77.593443 24.904991
19 298.150000 -1.000000 0.000000 0.200000 0.100000 110.000000 0.000000 -207721.424373 130.582853 25.201160
19 298.150000 -1.000000 0.000000 0.200000 0.100000 110.000000 0.000000 -208033.543332 50.484541 25.103090
18 298.150000 -1.000000 0.000000 0.300000 0.100000 110.000000 0.000000 -207805.857003 81.084928 25.133334
18 298.150000 -1.000000 0.000000 0.300000 0.100000 110.000000 0.000000 -207980.641056 112.276510 25.210394
18 298.150000 -1.000000 0.000000 0.300000 0.100000 110.000000 0.000000 -207543.424322 76.749896 25.003546
16 298.150000 -1.000000 0.000000 0.500000 0.100000 110.000000 0.000000 -208146.358221 65.069452 25.119939
17 298.150000 -1.000000 0.000000 0.400000 0.100000 110.000000 0.000000 -207588.453397 67.625012 24.817320
16 298.150000 -1.000000 0.000000 0.500000 0.100000 110.000000 0.000000 -207780.156845 61.194129 24.867516
16 298.150000 -1.000000 0.000000 0.500000 0.100000 110.000000 0.000000 -207902.189028 66.089887 25.136847
16 298.150000 -1.000000 0.000000 0.500000 0.100000 110.000000 0.000000 -207995.106172 70.142344 24.867869
18 298.150000 -1.000000 0.000000 0.300000 0.100000 110.000000 0.000000 -207715.861739 128.600809 25.091335
18 298.150000 -1.000000 0.000000 0.300000 0.100000 110.000000 0.000000 -207718.916026 86.384258 24.997652
16 298.150000 -1.000000 0.000000 0.500000 0.100000 110.000000 0.000000 -207657.804747 90.226323 24.976527
18 298.150000 -1.000000 0.000000 0.300000 0.100000 110.000000 0.000000 -207541.419355 76.130724 24.990621
17 298.150000 -1.000000 0.000000 0.400000 0.100000 110.000000 0.000000 -208044.106164 106.060907 24.893966
18 298.150000 -1.000000 0.000000 0.300000 0.100000 110.000000 0.000000 -207678.738113 89.328496 25.117928
18 298.150000 -1.000000 0.000000 0.300000 0.100000 110.000000 0.000000 -207761.303446 86.949641 24.879423
18 298.150000 -1.000000 0.000000 0.300000 0.100000 110.000000 0.000000 -208038.121762 96.787296 24.880198
18 298.150000 -1.000000 0.000000 0.300000 0.100000 110.000000 0.000000 -207832.135996 132.449807 25.177048
19 298.150000 -1.000000 0.000000 0.200000 0.100000 110.000000 0.000000 -207667.681636 136.750189 24.930034
19 298.150000 -1.000000 0.000000 0.200000 0.100000 110.000000 0.000000 -207493.843052 135.605764 24.984778
19 298.150000 -1.000000 0.000000 0.200000 0.100000 110.000000 0.000000 -208056.018018 112.965496 24.975280
19 298.150000 -1.000000 0.000000 0.200000 0.100000 110.000000 0.000000 -208093.359243 77.706993 24.892826
17 298.150000 -1.000000 0.000000 0.400000 0.100000 110.000000 0.000000 -208024.922117 107.618364 24.997219
18 298.150000 -1.000000 0.000000 0.300000 0.100000 110.000000 0.000000 -207514.676943 100.471868 24.998312
18 298.150000 -1.000000 0.000000 0.300000 0.100000 110.000000 0.000000 -207874.806218 85.443717 25.084564
17 298.150000 -1.000000 0.000000 0.400000 0.100000 110.000000 0.000000 -207798.004734 78.584623 25.026214
18 298.150000 -1.000000 0.000000 0.300000 0.100000 110.000000 0.000000 -207406.922890 79.860638 24.890394
17 298.150000 -1.000000 0.000000 0.400000 0.100000 110.000000 0.000000 -207864.364485 86.261800 24.951991
17 298.150000 -1.000000 0.000000 0.400000 0.100000 110.000000 0.000000 -208011.820512 67.714283 24.915525
17 298.150000 -1.000000 0.000000 0.400000 0.100000 110.000000 0.000000 -207530.199124 71.699446 25.189110
17 298.150000 -1.000000 0.000000 0.400000 0.100000 110.000000 0.000000 -208132.979636 38.849293 24.970527
18 298.150000 -1.000000 0.000000 0.300000 0.100000 110.000000 0.000000 -207923.729695 71.455956 25.148866
17 298.150000 -1.000000 0.000000 0.400000 0.100000 110.000000 0.000000 -207797.679193 87.870005 24.872361
17 298.150000 -1.000000 0.000000 0.400000 0.100000 110.000000 0.000000 -207428.769138 42.981169 24.896998
18 298.150000 -1.000000 0.000000 0.300000 0.100000 110.000000 0.000000 -207406.995206 74.527041 24.890578
17 298.150000 -1.000000 0.000000 0.400000 0.100000 110.000000 0.000000 -207834.059993 82.616656 25.101386
16 298.150000 -1.000000 0.000000 0.500000 0.100000 110.000000 0.000000 -207933.649230 76.013911 25.189494
17 298.150000 -1.000000 0.000000 0.400000 0.100000 110.000000 0.000000 -207888.251405 70.977121 24.894298
19 298.150000 -1.000000 0.000000 0.200000 0.100000 110.000000 0.000000 -207661.187506 123.509326 24.946392
18 298.150000 -1.000000 0.000000 0.300000 0.100000 110.000000 0.000000 -207520.935036 93.860969 24.987389
17 298.150000 -1.000000 0.000000 0.400000 0.100000 110.000000 0.000000 -207701.295329 79.939338 24.920660
17 298.150000 -1.000000 0.000000 0.400000 0.100000 110.000000 0.000000 -207985.619470 93.126905 24.865428
18 298.150000 -1.000000 0.000000 0.300000 0.100000 110.000000 0.000000 -207780.180776 108.943228 24.980933
16 298.150000 -1.000000 0.000000 0.500000 0.100000 110.000000 0.000000 -207798.648551 79.630642 24.963553
17 298.150000 -1.000000 0.000000 0.400000 0.100000 110.000000 0.000000 -207707.461948 89.707390 25.128166
17 298.150000 -1.000000 0.000000 0.400000 0.100000 110.000000 0.000000 -207455.837270 83.994597 25.281706
18 298.150000 -1.000000 0.000000 0.300000 0.100000 110.000000 0.000000 -207456.840457 73.428878 24.987544
18 298.150000 -1.000000 0.000000 0.300000 0.100000 110.000000 0.000000 -207680.513213 79.367388 25.075237
17 298.150000 -1.000000 0.000000 0.400000 0.100000 110.000000 0.000000 -207489.994477 79.363885 24.848445
18 298.150000 -1.000000 0.000000 0.300000 0.100000 110.000000 0.000000 -207553.420820 73.057466 24.842913
18 298.150000 -1.000000 0.000000 0.300000 0.100000 110.000000 0.000000 -207650.129210 86.834685 25.180301
17 298.150000 -1.000000 0.000000 0.400000 0.100000 110.000000 0.000000 -207648.792056 96.343606 24.903562
18 298.150000 -1.000000 0.000000 0.300000 0.100000 110.000000 0.000000 -208293.415815 77.431047 24.978056
18 298.150000 -1.000000 0.000000 0.300000 0.100000 110.000000 0.000000 -207837.566153 59.796626 24.972273
17 298.150000 -1.000000 0.000000 0.400000 0.100000 110.000000 0.000000 -207815.423886 69.766201 25.044052
16 298.150000 -1.000000 0.000000 0.500000 0.100000 110.000000 0.000000 -207819.434758 83.526989 24.989990
17 298.150000 -1.000000 0.000000 0.400000 0.100000 110.000000 0.000000 -207847.016170 64.522349 24.881113
16 298.150000 -1.000000 0.000000 0.500000 0.100000 110.000000 0.000000 -207810.115752 69.627763 25.165556
17 298.150000 -1.000000 0.000000 0.400000 0.100000 110.000000 0.000000 -207659.207316 79.331316 24.972556
17 298.150000 -1.000000 0.000000 0.400000 0.100000 110.000000 0.000000 -207435.599659 90.939218 25.229444
17 298.150000 -1.000000 0.000000 0.400000 0.100000 110.000000 0.000000 -208038.186809 99.865674 25.034585
16 298.150000 -1.000000 0.000000 0.500000 0.100000 110.000000 0.000000 -207955.536537 67.418412 24.897337
18 298.150000 -1.000000 0.000000 0.300000 0.100000 110.000000 0.000000 -207501.626302 88.166853 25.052397
16 298.150000 -1.000000 0.000000 0.500000 0.100000 110.000000 0.000000 -208000.508735 90.720806 25.056848
16 298.150000 -1.000000 0.000000 0.500000 0.100000 110.000000 0.000000 -208039.700651 85.018840 25.224303
