7 298.150000 1.000000 0.200000 0.500000 0.100000 110.000000 0.000000 -206053.056447 12.072470 25.353486
7 298.150000 1.000000 0.200000 0.500000 0.100000 110.000000 0.000000 -205991.426069 15.577177 25.302017
7 298.150000 1.000000 0.200000 0.500000 0.100000 110.000000 0.000000 -206126.729881 12.543719 25.988716
8 298.150000 1.000000 0.300000 0.500000 0.100000 110.000000 0.000000 -205865.403603 16.388959 25.965721
7 298.150000 1.000000 0.200000 0.500000 0.100000 110.000000 0.000000 -205715.364577 3.405356 25.312713
8 298.150000 1.000000 0.300000 0.500000 0.100000 110.000000 0.000000 -206201.483683 10.564149 24.928230
8 298.150000 1.000000 0.300000 0.500000 0.100000 110.000000 0.000000 -206308.088206 6.615198 25.588466
7 298.150000 1.000000 0.200000 0.500000 0.100000 110.000000 0.000000 -206046.092120 16.145922 25.851514
7 298.150000 1.000000 0.200000 0.500000 0.100000 110.000000 0.000000 -205989.029647 3.364730 25.055876
8 298.150000 1.000000 0.300000 0.500000 0.100000 110.000000 0.000000 -206150.307991 6.462826 25.364803
8 298.150000 1.000000 0.300000 0.500000 0.100000 110.000000 0.000000 -205942.880996 2.382125 25.934229
7 298.150000 1.000000 0.200000 0.500000 0.100000 110.000000 0.000000 -206214.352922 8.355807 24.986969
7 298.150000 1.000000 0.200000 0.500000 0.100000 110.000000 0.000000 -206034.505534 3.566748 25.629123
7 298.150000 1.000000 0.200000 0.500000 0.100000 110.000000 0.000000 -206196.039857 8.894495 25.633830
7 298.150000 1.000000 0.200000 0.500000 0.100000 110.000000 0.000000 -206286.163790 5.335165 25.950809
8 298.150000 1.000000 0.300000 0.500000 0.100000 110.000000 0.000000 -206334.245979 4.529357 25.844943
9 298.150000 1.000000 0.400000 0.500000 0.100000 110.000000 0.000000 -206102.246670 0.085865 25.881224
8 298.150000 1.000000 0.300000 0.500000 0.100000 110.000000 0.000000 -205827.259923 13.645843 25.998676
7 298.150000 1.000000 0.200000 0.500000 0.100000 110.000000 0.000000 -205754.339100 11.718078 25.928825
7 298.150000 1.000000 0.200000 0.500000 0.100000 110.000000 0.000000 -205780.225631 10.589301 25.946892
6 298.150000 1.000000 0.100000 0.500000 0.100000 110.000000 0.000000 -206180.988542 18.963087 25.988105
2 298.150000 1.000000 0.000000 0.200000 0.100000 110.000000 0.000000 -206297.899868 75.075981 25.678597
5 298.150000 1.000000 0.000000 0.500000 0.100000 110.000000 0.000000 -206023.660090 78.284458 25.578890
2 298.150000 1.000000 0.000000 0.200000 0.100000 110.000000 0.000000 -206208.496198 67.018471 25.844179
5 298.150000 1.000000 0.000000 0.500000 0.100000 110.000000 0.000000 -205783.083592 32.456603 25.627465
5 298.150000 1.000000 0.000000 0.500000 0.100000 110.000000 0.000000 -206322.918263 12.143741 25.553018
7 298.150000 1.000000 0.200000 0.500000 0.100000 110.000000 0.000000 -205834.688823 9.283919 25.766975
8 298.150000 1.000000 0.300000 0.500000 0.100000 110.000000 0.000000 -205806.246697 -4.946154 25.789386
11 298.150000 -1.000000 0.500000 0.500000 0.100000 110.000000 0.000000 -206123.734705 -1.462605 25.894098
11 298.150000 -1.000000 0.500000 0.500000 0.100000 110.000000 0.000000 -206381.772402 -4.710760 25.929094
11 298.150000 -1.000000 0.500000 0.500000 0.100000 110.000000 0.000000 -206353.465880 1.960574 25.812606
12 298.150000 -1.000000 0.400000 0.500000 0.100000 110.000000 0.000000 -205938.652109 3.486990 25.576784
11 298.150000 -1.000000 0.500000 0.500000 0.100000 110.000000 0.000000 -206190.824831 -2.349986 25.984850
12 298.150000 -1.000000 0.400000 0.500000 0.100000 110.000000 0.000000 -206239.649196 0.440803 25.331816
12 298.150000 -1.000000 0.400000 0.500000 0.100000 110.000000 0.000000 -206351.518984 2.046812 25.933415
13 298.150000 -1.000000 0.300000 0.500000 0.100000 110.000000 0.000000 -206328.818578 9.761246 25.175637
13 298.150000 -1.000000 0.300000 0.500000 0.100000 110.000000 0.000000 -206200.914122 -1.626087 25.708586
12 298.150000 -1.000000 0.400000 0.500000 0.100000 110.000000 0.000000 -206439.599727 -1.006619 25.978423
12 298.150000 -1.000000 0.400000 0.500000 0.100000 110.000000 0.000000 -206445.137413 -0.176481 25.055675
13 298.150000 -1.000000 0.300000 0.500000 0.100000 110.000000 0.000000 -206215.904727 5.211801 25.944601
12 298.150000 -1.000000 0.400000 0.500000 0.100000 110.000000 0.000000 -205689.849341 0.882988 25.837469
12 298.150000 -1.000000 0.400000 0.500000 0.100000 110.000000 0.000000 -205975.201169 2.432005 26.001272
12 298.150000 -1.000000 0.400000 0.500000 0.100000 110.000000 0.000000 -206194.132067 7.164972 25.724793
13 298.150000 -1.000000 0.300000 0.500000 0.100000 110.000000 0.000000 -206132.518979 3.305982 25.270326
12 298.150000 -1.000000 0.400000 0.500000 0.100000 110.000000 0.000000 -206190.948094 3.057515 25.557657
12 298.150000 -1.000000 0.400000 0.500000 0.100000 110.000000 0.000000 -206316.027950 0.944918 25.992264
11 298.150000 -1.000000 0.500000 0.500000 0.100000 110.000000 0.000000 -205967.797173 5.724447 25.980177
11 298.150000 -1.000000 0.500000 0.500000 0.100000 110.000000 0.000000 -206243.085418 0.950128 25.960082
8 298.150000 1.000000 0.300000 0.500000 0.100000 110.000000 0.000000 -206167.076996 13.168222 25.766948
8 298.150000 1.000000 0.300000 0.500000 0.100000 110.000000 0.000000 -206322.033760 7.673217 25.734087
9 298.150000 1.000000 0.400000 0.500000 0.100000 110.000000 0.000000 -206095.082366 8.139825 25.718514
7 298.150000 1.000000 0.200000 0.500000 0.100000 110.000000 0.000000 -205989.147645 6.716760 25.914638
7 298.150000 1.000000 0.200000 0.500000 0.100000 110.000000 0.000000 -206203.599898 7.262716 25.994503
9 298.150000 1.000000 0.400000 0.500000 0.100000 110.000000 0.000000 -205737.376995 -1.439528 25.849714
11 298.150000 -1.000000 0.500000 0.500000 0.100000 110.000000 0.000000 -205709.001344 -12.301899 25.971581
10 298.150000 1.000000 0.500000 0.500000 0.100000 110.000000 0.000000 -206397.534974 -2.558958 24.872788
9 298.150000 1.000000 0.400000 0.500000 0.100000 110.000000 0.000000 -206062.134382 7.799360 25.482577
9 298.150000 1.000000 0.400000 0.500000 0.100000 110.000000 0.000000 -206034.467897 -4.595004 25.963748
10 298.150000 1.000000 0.500000 0.500000 0.100000 110.000000 0.000000 -206197.069546 1.384026 25.840083
10 298.150000 1.000000 0.500000 0.500000 0.100000 110.000000 0.000000 -205766.736064 3.577462 25.889243
9 298.150000 1.000000 0.400000 0.500000 0.100000 110.000000 0.000000 -206161.520002 -0.415092 25.459703
10 298.150000 1.000000 0.500000 0.500000 0.100000 110.000000 0.000000 -205620.793953 0.507271 24.183203
11 298.150000 -1.000000 0.500000 0.500000 0.100000 110.000000 0.000000 -205992.214346 -2.249392 25.506713
11 298.150000 -1.000000 0.500000 0.500000 0.100000 110.000000 0.000000 -206062.305754 4.391738 25.840746
9 298.150000 1.000000 0.400000 0.500000 0.100000 110.000000 0.000000 -206304.289905 2.422490 25.890375
9 298.150000 1.000000 0.400000 0.500000 0.100000 110.000000 0.000000 -206069.023820 1.725800 25.968342
8 298.150000 1.000000 0.300000 0.500000 0.100000 110.000000 0.000000 -206587.448941 4.365293 25.932540
7 298.150000 1.000000 0.200000 0.500000 0.100000 110.000000 0.000000 -206208.239948 6.468721 26.023168
7 298.150000 1.000000 0.200000 0.500000 0.100000 110.000000 0.000000 -206053.520042 3.066636 25.984271
8 298.150000 1.000000 0.300000 0.500000 0.100000 110.000000 0.000000 -206253.299735 -4.641848 25.827856
9 298.150000 1.000000 0.400000 0.500000 0.100000 110.000000 0.000000 -206132.993349 1.891432 26.020597
8 298.150000 1.000000 0.300000 0.500000 0.100000 110.000000 0.000000 -206046.501941 2.582087 25.668051
11 298.150000 -1.000000 0.500000 0.500000 0.100000 110.000000 0.000000 -206333.702696 0.686366 25.829993
10 298.150000 1.000000 0.500000 0.500000 0.100000 110.000000 0.000000 -205705.773791 -8.293148 25.535744
10 298.150000 1.000000 0.500000 0.500000 0.100000 110.000000 0.000000 -206394.525180 5.941928 25.950436
9 298.150000 1.000000 0.400000 0.500000 0.100000 110.000000 0.000000 -205963.044159 -0.225072 25.439614
10 298.150000 1.000000 0.500000 0.500000 0.100000 110.000000 0.000000 -206326.486442 -8.246088 25.506818
10 298.150000 1.000000 0.500000 0.500000 0.100000 110.000000 0.000000 -205870.173960 -0.841445 25.547057
8 298.150000 1.000000 0.300000 0.500000 0.100000 110.000000 0.000000 -206266.965073 -0.799860 25.672789
9 298.150000 1.000000 0.400000 0.500000 0.100000 110.000000 0.000000 -205989.547905 4.982746 25.850855
7 298.150000 1.000000 0.200000 0.500000 0.100000 110.000000 0.000000 -206039.615637 14.989101 25.991787
7 298.150000 1.000000 0.200000 0.500000 0.100000 110.000000 0.000000 -206310.408019 5.725562 26.020240
7 298.150000 1.000000 0.200000 0.500000 0.100000 110.000000 0.000000 -206081.511046 3.583046 25.391074
9 298.150000 1.000000 0.400000 0.500000 0.100000 110.000000 0.000000 -206260.887307 4.134929 26.012768
10 298.150000 1.000000 0.500000 0.500000 0.100000 110.000000 0.000000 -206092.313592 -2.602224 25.600802
7 298.150000 1.000000 0.200000 0.500000 0.100000 110.000000 0.000000 -205963.585628 6.267231 25.967331
7 298.150000 1.000000 0.200000 0.500000 0.100000 110.000000 0.000000 -206402.085538 14.924147 25.888895
6 298.150000 1.000000 0.100000 0.500000 0.100000 110.000000 0.000000 -205873.105019 29.047733 26.010035
6 298.150000 1.000000 0.100000 0.500000 0.100000 110.000000 0.000000 -205852.891558 32.808022 25.493700
6 298.150000 1.000000 0.100000 0.500000 0.100000 110.000000 0.000000 -206403.144575 24.028013 25.483335
6 298.150000 1.000000 0.100000 0.500000 0.100000 110.000000 0.000000 -206111.139826 37.786281 25.279425
4 298.150000 1.000000 0.000000 0.400000 0.100000 110.000000 0.000000 -205782.731620 81.287234 25.690011
4 298.150000 1.000000 0.000000 0.400000 0.100000 110.000000 0.000000 -206007.378821 71.059298 25.722443
3 298.150000 1.000000 0.000000 0.300000 0.100000 110.000000 0.000000 -206264.265226 68.025346 26.022310
3 298.150000 1.000000 0.000000 0.300000 0.100000 110.000000 0.000000 -205826.880186 51.008102 25.487302
2 298.150000 1.000000 0.000000 0.200000 0.100000 110.000000 0.000000 -206167.491309 85.694271 25.953424
1 298.150000 1.000000 0.000000 0.100000 0.100000 110.000000 0.000000 -206009.764029 126.030359 25.676023
1 298.150000 1.000000 0.000000 0.100000 0.100000 110.000000 0.000000 -206207.919062 135.423846 25.213996
1 298.150000 1.000000 0.000000 0.100000 0.100000 110.000000 0.000000 -206077.979014 136.492686 25.265572
1 298.150000 1.000000 0.000000 0.100000 0.100000 110.000000 0.000000 -206032.975051 136.777029 25.387452
1 298.150000 1.000000 0.000000 0.100000 0.100000 110.000000 0.000000 -205911.880879 136.326861 25.768016
1 298.150000 1.000000 0.000000 0.100000 0.100000 110.000000 0.000000 -206534.320990 126.016419 25.896876
1 298.150000 1.000000 0.000000 0.100000 0.100000 110.000000 0.000000 -206479.034088 123.654681 24.900175
1 298.150000 1.000000 0.000000 0.100000 0.100000 110.000000 0.000000 -205889.130831 127.162526 23.650581
1 298.150000 1.000000 0.000000 0.100000 0.100000 110.000000 0.000000 -206043.950663 183.187973 22.681164
0 298.150000 1.000000 0.000000 0.000000 0.100000 110.000000 0.000000 -206198.849709 186.218257 22.396863
0 298.150000 1.000000 0.000000 0.000000 0.100000 110.000000 0.000000 -205884.159968 167.941845 25.838982
1 298.150000 1.000000 0.000000 0.100000 0.100000 110.000000 0.000000 -206140.258800 147.258425 22.459668
1 298.150000 1.000000 0.000000 0.100000 0.100000 110.000000 0.000000 -206119.146677 98.915540 25.901285
1 298.150000 1.000000 0.000000 0.100000 0.100000 110.000000 0.000000 -206205.277753 96.692867 25.678536
3 298.150000 1.000000 0.000000 0.300000 0.100000 110.000000 0.000000 -205861.775088 44.332457 25.895557
3 298.150000 1.000000 0.000000 0.300000 0.100000 110.000000 0.000000 -205733.845492 83.777135 24.356511
3 298.150000 1.000000 0.000000 0.300000 0.100000 110.000000 0.000000 -206004.394627 28.631779 25.886745
5 298.150000 1.000000 0.000000 0.500000 0.100000 110.000000 0.000000 -205956.646453 70.332336 25.614357
4 298.150000 1.000000 0.000000 0.400000 0.100000 110.000000 0.000000 -206297.846092 84.520000 25.780916
1 298.150000 1.000000 0.000000 0.100000 0.100000 110.000000 0.000000 -206067.838161 135.503403 26.002957
1 298.150000 1.000000 0.000000 0.100000 0.100000 110.000000 0.000000 -205928.032084 141.050379 25.878532
1 298.150000 1.000000 0.000000 0.100000 0.100000 110.000000 0.000000 -206414.969981 130.725682 22.650802
1 298.150000 1.000000 0.000000 0.100000 0.100000 110.000000 0.000000 -206284.002187 136.067880 25.770298
1 298.150000 1.000000 0.000000 0.100000 0.100000 110.000000 0.000000 -206139.178076 54.109900 25.641383
2 298.150000 1.000000 0.000000 0.200000 0.100000 110.000000 0.000000 -206081.429862 69.511448 24.332630
5 298.150000 1.000000 0.000000 0.500000 0.100000 110.000000 0.000000 -206128.007544 73.687677 25.539524
3 298.150000 1.000000 0.000000 0.300000 0.100000 110.000000 0.000000 -206152.515559 96.127118 25.596455
3 298.150000 1.000000 0.000000 0.300000 0.100000 110.000000 0.000000 -206191.122878 117.787400 25.097795
1 298.150000 1.000000 0.000000 0.100000 0.100000 110.000000 0.000000 -206359.792683 142.810499 25.931843
1 298.150000 1.000000 0.000000 0.100000 0.100000 110.000000 0.000000 -206431.920096 100.935180 25.493178
1 298.150000 1.000000 0.000000 0.100000 0.100000 110.000000 0.000000 -206477.645203 127.123415 25.429662
