6 298.150000 1.000000 0.100000 0.500000 0.100000 110.000000 0.000000 -207622.181131 63.654740 25.226082
4 298.150000 1.000000 0.000000 0.400000 0.100000 110.000000 0.000000 -207920.024325 78.366705 25.057276
4 298.150000 1.000000 0.000000 0.400000 0.100000 110.000000 0.000000 -207574.607653 53.476103 25.058967
4 298.150000 1.000000 0.000000 0.400000 0.100000 110.000000 0.000000 -207779.264859 94.849522 25.249245
4 298.150000 1.000000 0.000000 0.400000 0.100000 110.000000 0.000000 -207703.244622 85.833537 25.196725
4 298.150000 1.000000 0.000000 0.400000 0.100000 110.000000 0.000000 -207562.139603 84.606134 25.177177
4 298.150000 1.000000 0.000000 0.400000 0.100000 110.000000 0.000000 -207875.247031 74.930525 24.800494
5 298.150000 1.000000 0.000000 0.500000 0.100000 110.000000 0.000000 -207648.798062 43.690028 25.164239
5 298.150000 1.000000 0.000000 0.500000 0.100000 110.000000 0.000000 -207649.077566 74.295580 24.952085
4 298.150000 1.000000 0.000000 0.400000 0.100000 110.000000 0.000000 -207612.472602 111.092416 25.145031
5 298.150000 1.000000 0.000000 0.500000 0.100000 110.000000 0.000000 -207471.522785 87.608955 24.637343
5 298.150000 1.000000 0.000000 0.500000 0.100000 110.000000 0.000000 -207740.931972 86.468461 23.108906
5 298.150000 1.000000 0.000000 0.500000 0.100000 110.000000 0.000000 -208069.482353 72.930859 24.338811
5 298.150000 1.000000 0.000000 0.500000 0.100000 110.000000 0.000000 -207899.663667 88.727166 23.259651
5 298.150000 1.000000 0.000000 0.500000 0.100000 110.000000 0.000000 -207697.917313 81.570491 23.606352
3 298.150000 1.000000 0.000000 0.300000 0.100000 110.000000 0.000000 -207605.947774 74.993398 25.280708
5 298.150000 1.000000 0.000000 0.500000 0.100000 110.000000 0.000000 -207611.756883 63.263634 25.113830
5 298.150000 1.000000 0.000000 0.500000 0.100000 110.000000 0.000000 -207686.242851 81.508273 25.196834
5 298.150000 1.000000 0.000000 0.500000 0.100000 110.000000 0.000000 -207687.093004 60.956579 24.847409
3 298.150000 1.000000 0.000000 0.300000 0.100000 110.000000 0.000000 -208147.006400 96.869099 25.250468
3 298.150000 1.000000 0.000000 0.300000 0.100000 110.000000 0.000000 -208327.399876 124.689820 23.984136
3 298.150000 1.000000 0.000000 0.300000 0.100000 110.000000 0.000000 -207313.474711 78.748055 24.987403
5 298.150000 1.000000 0.000000 0.500000 0.100000 110.000000 0.000000 -207337.822712 57.235312 25.080072
4 298.150000 1.000000 0.000000 0.400000 0.100000 110.000000 0.000000 -207968.237643 74.585382 24.395253
4 298.150000 1.000000 0.000000 0.400000 0.100000 110.000000 0.000000 -207584.385971 64.581032 24.935465
5 298.150000 1.000000 0.000000 0.500000 0.100000 110.000000 0.000000 -208078.740621 68.874560 24.943539
3 298.150000 1.000000 0.000000 0.300000 0.100000 110.000000 0.000000 -208067.325842 127.871639 24.191623
3 298.150000 1.000000 0.000000 0.300000 0.100000 110.000000 0.000000 -207597.185194 74.193956 24.992252
5 298.150000 1.000000 0.000000 0.500000 0.100000 110.000000 0.000000 -207632.790716 64.135270 25.202369
5 298.150000 1.000000 0.000000 0.500000 0.100000 110.000000 0.000000 -207694.253065 58.973079 25.155758
4 298.150000 1.000000 0.000000 0.400000 0.100000 110.000000 0.000000 -207673.508233 74.037245 24.727206
4 298.150000 1.000000 0.000000 0.400000 0.100000 110.000000 0.000000 -207739.794616 75.467161 25.041224
5 298.150000 1.000000 0.000000 0.500000 0.100000 110.000000 0.000000 -207756.287404 120.269790 25.078846
3 298.150000 1.000000 0.000000 0.300000 0.100000 110.000000 0.000000 -207720.865842 72.702722 24.267830
5 298.150000 1.000000 0.000000 0.500000 0.100000 110.000000 0.000000 -207732.162834 97.258645 24.539915
4 298.150000 1.000000 0.000000 0.400000 0.100000 110.000000 0.000000 -207535.107992 92.405473 24.922528
3 298.150000 1.000000 0.000000 0.300000 0.100000 110.000000 0.000000 -207901.885433 28.023767 24.535955
5 298.150000 1.000000 0.000000 0.500000 0.100000 110.000000 0.000000 -207218.112494 49.222156 25.221719
5 298.150000 1.000000 0.000000 0.500000 0.100000 110.000000 0.000000 -208285.342710 72.458806 24.715073
4 298.150000 1.000000 0.000000 0.400000 0.100000 110.000000 0.000000 -207900.847182 30.522078 24.818768
5 298.150000 1.000000 0.000000 0.500000 0.100000 110.000000 0.000000 -207796.532230 95.779448 24.509655
5 298.150000 1.000000 0.000000 0.500000 0.100000 110.000000 0.000000 -208047.243037 72.917275 24.809365
4 298.150000 1.000000 0.000000 0.400000 0.100000 110.000000 0.000000 -208072.157192 90.715337 25.019168
5 298.150000 1.000000 0.000000 0.500000 0.100000 110.000000 0.000000 -207343.221380 57.316727 24.627188
5 298.150000 1.000000 0.000000 0.500000 0.100000 110.000000 0.000000 -207784.100342 73.931918 24.681612
3 298.150000 1.000000 0.000000 0.300000 0.100000 110.000000 0.000000 -207666.456531 73.795415 24.760385
3 298.150000 1.000000 0.000000 0.300000 0.100000 110.000000 0.000000 -207643.439698 85.304513 24.813248
3 298.150000 1.000000 0.000000 0.300000 0.100000 110.000000 0.000000 -207828.071475 119.058305 23.835756
3 298.150000 1.000000 0.000000 0.300000 0.100000 110.000000 0.000000 -207441.924614 79.908461 25.244721
3 298.150000 1.000000 0.000000 0.300000 0.100000 110.000000 0.000000 -207659.721734 69.975201 25.061671
5 298.150000 1.000000 0.000000 0.500000 0.100000 110.000000 0.000000 -207489.704972 67.848915 25.028909
5 298.150000 1.000000 0.000000 0.500000 0.100000 110.000000 0.000000 -207695.423364 78.164158 25.242146
4 298.150000 1.000000 0.000000 0.400000 0.100000 110.000000 0.000000 -208010.457044 86.913731 24.965581
5 298.150000 1.000000 0.000000 0.500000 0.100000 110.000000 0.000000 -207943.893691 84.006898 24.576226
5 298.150000 1.000000 0.000000 0.500000 0.100000 110.000000 0.000000 -207433.462891 70.410708 23.880471
5 298.150000 1.000000 0.000000 0.500000 0.100000 110.000000 0.000000 -207610.164705 91.271378 24.511023
4 298.150000 1.000000 0.000000 0.400000 0.100000 110.000000 0.000000 -207786.424152 91.388439 25.150080
4 298.150000 1.000000 0.000000 0.400000 0.100000 110.000000 0.000000 -207646.941044 73.024316 24.898679
5 298.150000 1.000000 0.000000 0.500000 0.100000 110.000000 0.000000 -207761.348425 35.340518 24.647694
6 298.150000 1.000000 0.100000 0.500000 0.100000 110.000000 0.000000 -207839.181986 19.003420 24.874894
7 298.150000 1.000000 0.200000 0.500000 0.100000 110.000000 0.000000 -207778.815373 14.096428 25.005680
7 298.150000 1.000000 0.200000 0.500000 0.100000 110.000000 0.000000 -207651.254979 22.123802 25.189483
7 298.150000 1.000000 0.200000 0.500000 0.100000 110.000000 0.000000 -207524.746445 13.869918 24.916822
6 298.150000 1.000000 0.100000 0.500000 0.100000 110.000000 0.000000 -208119.035220 21.847345 25.079353
6 298.150000 1.000000 0.100000 0.500000 0.100000 110.000000 0.000000 -207778.595155 48.966903 25.246884
6 298.150000 1.000000 0.100000 0.500000 0.100000 110.000000 0.000000 -207829.134702 22.232515 24.956164
6 298.150000 1.000000 0.100000 0.500000 0.100000 110.000000 0.000000 -207781.868476 39.030143 24.853613
6 298.150000 1.000000 0.100000 0.500000 0.100000 110.000000 0.000000 -208095.705702 36.032744 25.192213
6 298.150000 1.000000 0.100000 0.500000 0.100000 110.000000 0.000000 -207712.464983 20.924855 24.927063
6 298.150000 1.000000 0.100000 0.500000 0.100000 110.000000 0.000000 -208344.834175 18.291461 25.238590
7 298.150000 1.000000 0.200000 0.500000 0.100000 110.000000 0.000000 -207739.392094 19.518473 25.135180
8 298.150000 1.000000 0.300000 0.500000 0.100000 110.000000 0.000000 -207896.272873 5.885649 25.274273
8 298.150000 1.000000 0.300000 0.500000 0.100000 110.000000 0.000000 -207956.192683 12.152084 25.279934
6 298.150000 1.000000 0.100000 0.500000 0.100000 110.000000 0.000000 -207823.042550 38.931058 24.958018
6 298.150000 1.000000 0.100000 0.500000 0.100000 110.000000 0.000000 -207779.187821 30.867268 25.227055
6 298.150000 1.000000 0.100000 0.500000 0.100000 110.000000 0.000000 -207653.122368 32.521719 25.149429
6 298.150000 1.000000 0.100000 0.500000 0.100000 110.000000 0.000000 -207885.619422 20.853880 25.000642
6 298.150000 1.000000 0.100000 0.500000 0.100000 110.000000 0.000000 -207726.165343 53.802993 24.914128
6 298.150000 1.000000 0.100000 0.500000 0.100000 110.000000 0.000000 -207958.944111 30.612564 25.223253
6 298.150000 1.000000 0.100000 0.500000 0.100000 110.000000 0.000000 -208116.561967 41.193895 25.187732
6 298.150000 1.000000 0.100000 0.500000 0.100000 110.000000 0.000000 -207646.939993 37.069342 25.104876
6 298.150000 1.000000 0.100000 0.500000 0.100000 110.000000 0.000000 -207704.110393 23.090467 25.096352
7 298.150000 1.000000 0.200000 0.500000 0.100000 110.000000 0.000000 -207651.511922 22.502667 25.116435
7 298.150000 1.000000 0.200000 0.500000 0.100000 110.000000 0.000000 -207665.978126 25.955542 25.131706
7 298.150000 1.000000 0.200000 0.500000 0.100000 110.000000 0.000000 -207706.708684 4.054355 25.283178
10 298.150000 1.000000 0.500000 0.500000 0.100000 110.000000 0.000000 -207931.200424 -2.856406 25.016736
11 298.150000 -1.000000 0.500000 0.500000 0.100000 110.000000 0.000000 -207820.255500 3.445087 24.889393
11 298.150000 -1.000000 0.500000 0.500000 0.100000 110.000000 0.000000 -208065.919789 2.140246 25.137774
13 298.150000 -1.000000 0.300000 0.500000 0.100000 110.000000 0.000000 -207857.189445 12.084897 25.174736
14 298.150000 -1.000000 0.200000 0.500000 0.100000 110.000000 0.000000 -207760.110891 17.701415 25.254548
15 298.150000 -1.000000 0.100000 0.500000 0.100000 110.000000 0.000000 -207657.409503 44.936283 25.068274
15 298.150000 -1.000000 0.100000 0.500000 0.100000 110.000000 0.000000 -207939.587102 17.592889 25.123788
13 298.150000 -1.000000 0.300000 0.500000 0.100000 110.000000 0.000000 -207633.407485 10.728957 25.032829
13 298.150000 -1.000000 0.300000 0.500000 0.100000 110.000000 0.000000 -207310.430263 15.083773 25.119372
13 298.150000 -1.000000 0.300000 0.500000 0.100000 110.000000 0.000000 -207586.356695 9.322091 25.193307
14 298.150000 -1.000000 0.200000 0.500000 0.100000 110.000000 0.000000 -207801.294311 14.704135 25.208247
14 298.150000 -1.000000 0.200000 0.500000 0.100000 110.000000 0.000000 -207882.540089 17.364045 25.062082
14 298.150000 -1.000000 0.200000 0.500000 0.100000 110.000000 0.000000 -207973.875620 20.053943 25.162552
14 298.150000 -1.000000 0.200000 0.500000 0.100000 110.000000 0.000000 -207662.896580 12.050671 24.919792
14 298.150000 -1.000000 0.200000 0.500000 0.100000 110.000000 0.000000 -207910.028404 16.136590 25.183309
14 298.150000 -1.000000 0.200000 0.500000 0.100000 110.000000 0.000000 -207979.191990 6.078511 25.235182
13 298.150000 -1.000000 0.300000 0.500000 0.100000 110.000000 0.000000 -207644.842781 9.393991 25.235671
14 298.150000 -1.000000 0.200000 0.500000 0.100000 110.000000 0.000000 -207829.140551 19.825143 24.973024
14 298.150000 -1.000000 0.200000 0.500000 0.100000 110.000000 0.000000 -207997.230056 3.549568 25.112810
10 298.150000 1.000000 0.500000 0.500000 0.100000 110.000000 0.000000 -207956.630918 -2.665734 24.998930
11 298.150000 -1.000000 0.500000 0.500000 0.100000 110.000000 0.000000 -208139.295955 -2.852337 24.836670
11 298.150000 -1.000000 0.500000 0.500000 0.100000 110.000000 0.000000 -207680.111792 0.608697 25.165288
11 298.150000 -1.000000 0.500000 0.500000 0.100000 110.000000 0.000000 -207417.983111 8.158662 24.986967
14 298.150000 -1.000000 0.200000 0.500000 0.100000 110.000000 0.000000 -207611.683436 17.009081 25.260411
14 298.150000 -1.000000 0.200000 0.500000 0.100000 110.000000 0.000000 -208146.354679 7.952097 25.173270
13 298.150000 -1.000000 0.300000 0.500000 0.100000 110.000000 0.000000 -207716.531779 3.898663 25.162272
13 298.150000 -1.000000 0.300000 0.500000 0.100000 110.000000 0.000000 -207910.425072 7.842855 25.267319
12 298.150000 -1.000000 0.400000 0.500000 0.100000 110.000000 0.000000 -208054.536444 1.406607 25.263792
12 298.150000 -1.000000 0.400000 0.500000 0.100000 110.000000 0.000000 -207725.982493 -0.614771 25.256630
11 298.150000 -1.000000 0.500000 0.500000 0.100000 110.000000 0.000000 -207841.635624 9.418568 25.145854
14 298.150000 -1.000000 0.200000 0.500000 0.100000 110.000000 0.000000 -207715.308044 18.825499 25.238585
14 298.150000 -1.000000 0.200000 0.500000 0.100000 110.000000 0.000000 -207937.531977 19.726285 25.265555
14 298.150000 -1.000000 0.200000 0.500000 0.100000 110.000000 0.000000 -207475.999413 29.696514 24.901964
15 298.150000 -1.000000 0.100000 0.500000 0.100000 110.000000 0.000000 -208142.942825 20.878798 24.957853
15 298.150000 -1.000000 0.100000 0.500000 0.100000 110.000000 0.000000 -207964.648705 24.396766 25.274960
15 298.150000 -1.000000 0.100000 0.500000 0.100000 110.000000 0.000000 -207224.756904 37.357581 24.987555
16 298.150000 -1.000000 0.000000 0.500000 0.100000 110.000000 0.000000 -207733.960944 76.243852 25.057548
17 298.150000 -1.000000 0.000000 0.400000 0.100000 110.000000 0.000000 -207885.786313 64.894378 24.884120
16 298.150000 -1.000000 0.000000 0.500000 0.100000 110.000000 0.000000 -207720.806476 74.486365 24.978168
18 298.150000 -1.000000 0.000000 0.300000 0.100000 110.000000 0.000000 -207863.746397 35.004661 25.023843
18 298.150000 -1.000000 0.000000 0.300000 0.100000 110.000000 0.000000 -207950.827622 92.207896 25.031839
