13 298.150000 -1.000000 0.300000 0.500000 0.100000 110.000000 0.000000 -206022.454851 11.587822 25.686580
14 298.150000 -1.000000 0.200000 0.500000 0.100000 110.000000 0.000000 -206004.279493 8.203011 25.956968
14 298.150000 -1.000000 0.200000 0.500000 0.100000 110.000000 0.000000 -206429.572176 14.408229 25.860243
15 298.150000 -1.000000 0.100000 0.500000 0.100000 110.000000 0.000000 -206139.005228 28.856262 25.828935
15 298.150000 -1.000000 0.100000 0.500000 0.100000 110.000000 0.000000 -205745.931052 11.983377 25.450761
15 298.150000 -1.000000 0.100000 0.500000 0.100000 110.000000 0.000000 -205951.443643 15.248473 25.160895
14 298.150000 -1.000000 0.200000 0.500000 0.100000 110.000000 0.000000 -205834.865168 6.425745 25.922771
13 298.150000 -1.000000 0.300000 0.500000 0.100000 110.000000 0.000000 -206238.914858 2.955616 25.861711
10 298.150000 1.000000 0.500000 0.500000 0.100000 110.000000 0.000000 -206271.551253 0.978697 25.758732
7 298.150000 1.000000 0.200000 0.500000 0.100000 110.000000 0.000000 -205813.679443 13.642395 25.852963
5 298.150000 1.000000 0.000000 0.500000 0.100000 110.000000 0.000000 -206033.121629 85.703981 25.350216
3 298.150000 1.000000 0.000000 0.300000 0.100000 110.000000 0.000000 -206084.791395 19.578883 25.540170
2 298.150000 1.000000 0.000000 0.200000 0.100000 110.000000 0.000000 -206085.535521 119.107899 25.777819
2 298.150000 1.000000 0.000000 0.200000 0.100000 110.000000 0.000000 -206041.102777 31.489987 25.260361
2 298.150000 1.000000 0.000000 0.200000 0.100000 110.000000 0.000000 -206262.048157 64.087841 25.739144
2 298.150000 1.000000 0.000000 0.200000 0.100000 110.000000 0.000000 -205898.954164 123.800767 25.640499
2 298.150000 1.000000 0.000000 0.200000 0.100000 110.000000 0.000000 -206129.207431 63.967548 23.606770
6 298.150000 1.000000 0.100000 0.500000 0.100000 110.000000 0.000000 -205767.368693 28.591930 25.804238
6 298.150000 1.000000 0.100000 0.500000 0.100000 110.000000 0.000000 -205952.134114 53.331280 25.654267
6 298.150000 1.000000 0.100000 0.500000 0.100000 110.000000 0.000000 -206045.214790 14.369829 25.818162
8 298.150000 1.000000 0.300000 0.500000 0.100000 110.000000 0.000000 -206089.745620 13.776130 23.693958
8 298.150000 1.000000 0.300000 0.500000 0.100000 110.000000 0.000000 -206225.059299 15.806642 25.637543
7 298.150000 1.000000 0.200000 0.500000 0.100000 110.000000 0.000000 -205961.378648 8.573942 25.822572
7 298.150000 1.000000 0.200000 0.500000 0.100000 110.000000 0.000000 -206313.214006 7.436595 25.851010
8 298.150000 1.000000 0.300000 0.500000 0.100000 110.000000 0.000000 -206285.968946 4.039939 25.379685
8 298.150000 1.000000 0.300000 0.500000 0.100000 110.000000 0.000000 -206448.271452 6.503411 25.811605
9 298.150000 1.000000 0.400000 0.500000 0.100000 110.000000 0.000000 -206307.984007 5.550817 25.878493
9 298.150000 1.000000 0.400000 0.500000 0.100000 110.000000 0.000000 -205721.394658 9.135724 25.610965
10 298.150000 1.000000 0.500000 0.500000 0.100000 110.000000 0.000000 -206170.952680 0.284584 24.917193
9 298.150000 1.000000 0.400000 0.500000 0.100000 110.000000 0.000000 -206440.407788 -2.063556 25.243892
8 298.150000 1.000000 0.300000 0.500000 0.100000 110.000000 0.000000 -206256.187154 0.040297 25.898960
8 298.150000 1.000000 0.300000 0.500000 0.100000 110.000000 0.000000 -205776.167767 2.042324 25.867722
8 298.150000 1.000000 0.300000 0.500000 0.100000 110.000000 0.000000 -206064.857812 4.583321 25.948293
8 298.150000 1.000000 0.300000 0.500000 0.100000 110.000000 0.000000 -206082.545612 5.344817 25.744956
7 298.150000 1.000000 0.200000 0.500000 0.100000 110.000000 0.000000 -206016.192041 29.838714 25.730387
7 298.150000 1.000000 0.200000 0.500000 0.100000 110.000000 0.000000 -206096.653640 15.834679 25.800459
7 298.150000 1.000000 0.200000 0.500000 0.100000 110.000000 0.000000 -205800.158044 11.007049 25.138301
6 298.150000 1.000000 0.100000 0.500000 0.100000 110.000000 0.000000 -206222.347933 39.287238 25.474247
6 298.150000 1.000000 0.100000 0.500000 0.100000 110.000000 0.000000 -206155.988607 27.083868 24.726089
6 298.150000 1.000000 0.100000 0.500000 0.100000 110.000000 0.000000 -206541.671794 17.622653 25.935557
6 298.150000 1.000000 0.100000 0.500000 0.100000 110.000000 0.000000 -206009.493676 38.229080 25.260784
6 298.150000 1.000000 0.100000 0.500000 0.100000 110.000000 0.000000 -206123.426792 4.660497 25.880495
7 298.150000 1.000000 0.200000 0.500000 0.100000 110.000000 0.000000 -205817.282965 2.916431 25.851864
7 298.150000 1.000000 0.200000 0.500000 0.100000 110.000000 0.000000 -206345.113689 7.604850 25.834044
6 298.150000 1.000000 0.100000 0.500000 0.100000 110.000000 0.000000 -205991.831657 31.861490 25.662353
6 298.150000 1.000000 0.100000 0.500000 0.100000 110.000000 0.000000 -205982.468692 24.488436 24.268366
7 298.150000 1.000000 0.200000 0.500000 0.100000 110.000000 0.000000 -206259.926646 5.570850 25.822701
7 298.150000 1.000000 0.200000 0.500000 0.100000 110.000000 0.000000 -206181.023293 6.494660 25.540905
7 298.150000 1.000000 0.200000 0.500000 0.100000 110.000000 0.000000 -206206.375156 4.971390 25.793388
10 298.150000 1.000000 0.500000 0.500000 0.100000 110.000000 0.000000 -205872.162260 -2.803401 25.391946
11 298.150000 -1.000000 0.500000 0.500000 0.100000 110.000000 0.000000 -206137.160869 4.731237 25.646410
14 298.150000 -1.000000 0.200000 0.500000 0.100000 110.000000 0.000000 -206230.743660 14.169413 25.400383
13 298.150000 -1.000000 0.300000 0.500000 0.100000 110.000000 0.000000 -206011.312590 4.522688 23.670809
12 298.150000 -1.000000 0.400000 0.500000 0.100000 110.000000 0.000000 -205843.368107 9.747671 25.801810
12 298.150000 -1.000000 0.400000 0.500000 0.100000 110.000000 0.000000 -206017.991806 12.091552 25.240956
12 298.150000 -1.000000 0.400000 0.500000 0.100000 110.000000 0.000000 -205719.828049 9.569178 25.806522
14 298.150000 -1.000000 0.200000 0.500000 0.100000 110.000000 0.000000 -206368.680159 7.855751 26.007291
15 298.150000 -1.000000 0.100000 0.500000 0.100000 110.000000 0.000000 -205999.344616 23.602216 26.023332
15 298.150000 -1.000000 0.100000 0.500000 0.100000 110.000000 0.000000 -206008.061094 7.267521 25.710563
13 298.150000 -1.000000 0.300000 0.500000 0.100000 110.000000 0.000000 -206194.473258 -2.270644 25.803477
12 298.150000 -1.000000 0.400000 0.500000 0.100000 110.000000 0.000000 -205682.780834 -1.166941 25.611467
12 298.150000 -1.000000 0.400000 0.500000 0.100000 110.000000 0.000000 -206208.455775 13.439369 25.910102
13 298.150000 -1.000000 0.300000 0.500000 0.100000 110.000000 0.000000 -205898.016831 18.577603 25.918068
15 298.150000 -1.000000 0.100000 0.500000 0.100000 110.000000 0.000000 -206267.300833 35.942567 25.077466
19 298.150000 -1.000000 0.000000 0.200000 0.100000 110.000000 0.000000 -206114.686328 23.458022 25.866373
17 298.150000 -1.000000 0.000000 0.400000 0.100000 110.000000 0.000000 -206149.062126 44.945717 25.400273
18 298.150000 -1.000000 0.000000 0.300000 0.100000 110.000000 0.000000 -206150.547418 108.895774 25.823614
18 298.150000 -1.000000 0.000000 0.300000 0.100000 110.000000 0.000000 -206591.306998 36.937675 25.859815
15 298.150000 -1.000000 0.100000 0.500000 0.100000 110.000000 0.000000 -206170.134413 16.487054 25.606650
15 298.150000 -1.000000 0.100000 0.500000 0.100000 110.000000 0.000000 -205678.175684 8.523549 25.967693
15 298.150000 -1.000000 0.100000 0.500000 0.100000 110.000000 0.000000 -206254.822381 21.341766 25.540297
15 298.150000 -1.000000 0.100000 0.500000 0.100000 110.000000 0.000000 -206171.460331 24.940886 25.511380
15 298.150000 -1.000000 0.100000 0.500000 0.100000 110.000000 0.000000 -206139.634878 12.532420 25.840295
15 298.150000 -1.000000 0.100000 0.500000 0.100000 110.000000 0.000000 -206094.960294 4.705663 25.036213
12 298.150000 -1.000000 0.400000 0.500000 0.100000 110.000000 0.000000 -206199.383706 0.776053 25.122004
12 298.150000 -1.000000 0.400000 0.500000 0.100000 110.000000 0.000000 -206173.291569 2.714982 25.940960
13 298.150000 -1.000000 0.300000 0.500000 0.100000 110.000000 0.000000 -206046.812514 12.574983 26.001454
14 298.150000 -1.000000 0.200000 0.500000 0.100000 110.000000 0.000000 -205956.513321 10.517061 25.933293
14 298.150000 -1.000000 0.200000 0.500000 0.100000 110.000000 0.000000 -206213.365357 21.926006 25.994094
15 298.150000 -1.000000 0.100000 0.500000 0.100000 110.000000 0.000000 -206054.366247 12.738993 25.709160
15 298.150000 -1.000000 0.100000 0.500000 0.100000 110.000000 0.000000 -205927.818151 26.536622 25.957837
15 298.150000 -1.000000 0.100000 0.500000 0.100000 110.000000 0.000000 -206509.914080 45.483872 25.854093
18 298.150000 -1.000000 0.000000 0.300000 0.100000 110.000000 0.000000 -205707.598046 110.825850 25.741575
18 298.150000 -1.000000 0.000000 0.300000 0.100000 110.000000 0.000000 -206126.119561 65.216957 25.951706
16 298.150000 -1.000000 0.000000 0.500000 0.100000 110.000000 0.000000 -206171.369978 59.393357 26.019013
18 298.150000 -1.000000 0.000000 0.300000 0.100000 110.000000 0.000000 -206212.666759 40.984617 25.961307
20 298.150000 -1.000000 0.000000 0.100000 0.100000 110.000000 0.000000 -206251.079451 85.526560 25.681723
20 298.150000 -1.000000 0.000000 0.100000 0.100000 110.000000 0.000000 -206225.186988 48.584445 25.632601
18 298.150000 -1.000000 0.000000 0.300000 0.100000 110.000000 0.000000 -205779.684363 62.347444 25.558143
18 298.150000 -1.000000 0.000000 0.300000 0.100000 110.000000 0.000000 -206317.223130 60.507875 25.786119
18 298.150000 -1.000000 0.000000 0.300000 0.100000 110.000000 0.000000 -206509.103517 82.896885 25.773977
16 298.150000 -1.000000 0.000000 0.500000 0.100000 110.000000 0.000000 -206067.924050 24.642375 26.016985
16 298.150000 -1.000000 0.000000 0.500000 0.100000 110.000000 0.000000 -206155.886545 30.720684 25.937790
18 298.150000 -1.000000 0.000000 0.300000 0.100000 110.000000 0.000000 -206479.624215 74.562839 26.002899
18 298.150000 -1.000000 0.000000 0.300000 0.100000 110.000000 0.000000 -205903.174559 50.406501 25.512005
16 298.150000 -1.000000 0.000000 0.500000 0.100000 110.000000 0.000000 -206218.272450 26.120248 25.902043
19 298.150000 -1.000000 0.000000 0.200000 0.100000 110.000000 0.000000 -205881.985429 41.048357 25.137025
19 298.150000 -1.000000 0.000000 0.200000 0.100000 110.000000 0.000000 -206115.203538 106.274295 25.832496
19 298.150000 -1.000000 0.000000 0.200000 0.100000 110.000000 0.000000 -206213.604310 80.751282 25.889591
19 298.150000 -1.000000 0.000000 0.200000 0.100000 110.000000 0.000000 -206080.029301 82.965930 25.556866
17 298.150000 -1.000000 0.000000 0.400000 0.100000 110.000000 0.000000 -205990.872863 49.660036 25.032266
18 298.150000 -1.000000 0.000000 0.300000 0.100000 110.000000 0.000000 -205829.816570 43.848352 25.262029
19 298.150000 -1.000000 0.000000 0.200000 0.100000 110.000000 0.000000 -206086.428400 73.086678 25.944025
18 298.150000 -1.000000 0.000000 0.300000 0.100000 110.000000 0.000000 -206153.720549 68.178623 25.365012
19 298.150000 -1.000000 0.000000 0.200000 0.100000 110.000000 0.000000 -206009.248936 82.127687 25.897181
18 298.150000 -1.000000 0.000000 0.300000 0.100000 110.000000 0.000000 -206503.789082 68.781028 25.953219
16 298.150000 -1.000000 0.000000 0.500000 0.100000 110.000000 0.000000 -206053.529390 46.811179 25.858986
17 298.150000 -1.000000 0.000000 0.400000 0.100000 110.000000 0.000000 -206224.382201 67.758635 25.922898
19 298.150000 -1.000000 0.000000 0.200000 0.100000 110.000000 0.000000 -206155.161315 53.166499 25.888608
16 298.150000 -1.000000 0.000000 0.500000 0.100000 110.000000 0.000000 -206476.899933 21.900925 25.804948
17 298.150000 -1.000000 0.000000 0.400000 0.100000 110.000000 0.000000 -206203.567370 50.859937 25.938055
19 298.150000 -1.000000 0.000000 0.200000 0.100000 110.000000 0.000000 -206642.461563 128.579201 25.348008
20 298.150000 -1.000000 0.000000 0.100000 0.100000 110.000000 0.000000 -206016.438198 79.461979 25.584216
16 298.150000 -1.000000 0.000000 0.500000 0.100000 110.000000 0.000000 -206328.302013 96.599902 25.272084
17 298.150000 -1.000000 0.000000 0.400000 0.100000 110.000000 0.000000 -205826.765770 61.206921 25.519570
19 298.150000 -1.000000 0.000000 0.200000 0.100000 110.000000 0.000000 -206314.283394 114.454466 25.895278
19 298.150000 -1.000000 0.000000 0.200000 0.100000 110.000000 0.000000 -205880.887304 89.068212 25.934276
17 298.150000 -1.000000 0.000000 0.400000 0.100000 110.000000 0.000000 -206078.837636 68.818797 24.887654
18 298.150000 -1.000000 0.000000 0.300000 0.100000 110.000000 0.000000 -205914.780937 73.646427 24.407235
17 298.150000 -1.000000 0.000000 0.400000 0.100000 110.000000 0.000000 -206004.691080 44.754966 25.844441
17 298.150000 -1.000000 0.000000 0.400000 0.100000 110.000000 0.000000 -206047.708773 73.288567 25.004687
17 298.150000 -1.000000 0.000000 0.400000 0.100000 110.000000 0.000000 -206167.492376 82.392537 25.847208
17 298.150000 -1.000000 0.000000 0.400000 0.100000 110.000000 0.000000 -206231.917931 69.336222 25.961128
18 298.150000 -1.000000 0.000000 0.300000 0.100000 110.000000 0.000000 -205946.312144 93.115309 25.931056
16 298.150000 -1.000000 0.000000 0.500000 0.100000 110.000000 0.000000 -205990.285247 85.145157 25.783044
17 298.150000 -1.000000 0.000000 0.400000 0.100000 110.000000 0.000000 -205447.839646 78.149002 25.350083
16 298.150000 -1.000000 0.000000 0.500000 0.100000 110.000000 0.000000 -206238.075979 38.631688 25.678025
