4 298.150000 1.000000 0.000000 0.400000 0.100000 110.000000 0.000000 -208185.307647 56.494076 25.204006
5 298.150000 1.000000 0.000000 0.500000 0.100000 110.000000 0.000000 -207097.393085 89.988745 25.119105
5 298.150000 1.000000 0.000000 0.500000 0.100000 110.000000 0.000000 -207909.495293 113.798034 24.873950
5 298.150000 1.000000 0.000000 0.500000 0.100000 110.000000 0.000000 -207726.566443 85.363533 25.265416
5 298.150000 1.000000 0.000000 0.500000 0.100000 110.000000 0.000000 -208092.279788 89.060893 23.875748
5 298.150000 1.000000 0.000000 0.500000 0.100000 110.000000 0.000000 -207848.304993 83.005600 24.978562
5 298.150000 1.000000 0.000000 0.500000 0.100000 110.000000 0.000000 -207631.466253 41.684274 24.559143
4 298.150000 1.000000 0.000000 0.400000 0.100000 110.000000 0.000000 -207683.798796 83.702087 25.087393
4 298.150000 1.000000 0.000000 0.400000 0.100000 110.000000 0.000000 -207981.048004 95.065726 24.993165
5 298.150000 1.000000 0.000000 0.500000 0.100000 110.000000 0.000000 -207758.143797 113.200354 25.107866
3 298.150000 1.000000 0.000000 0.300000 0.100000 110.000000 0.000000 -207690.205833 149.547531 25.169909
3 298.150000 1.000000 0.000000 0.300000 0.100000 110.000000 0.000000 -207722.276496 121.922167 25.108442
3 298.150000 1.000000 0.000000 0.300000 0.100000 110.000000 0.000000 -207964.479782 93.001120 25.074172
4 298.150000 1.000000 0.000000 0.400000 0.100000 110.000000 0.000000 -207438.042040 39.130386 24.713174
4 298.150000 1.000000 0.000000 0.400000 0.100000 110.000000 0.000000 -208000.529715 52.020816 25.265896
5 298.150000 1.000000 0.000000 0.500000 0.100000 110.000000 0.000000 -208032.782752 84.217171 24.548684
3 298.150000 1.000000 0.000000 0.300000 0.100000 110.000000 0.000000 -207698.193617 93.563574 25.056759
3 298.150000 1.000000 0.000000 0.300000 0.100000 110.000000 0.000000 -207838.391891 75.483302 24.863002
4 298.150000 1.000000 0.000000 0.400000 0.100000 110.000000 0.000000 -207636.255291 39.572865 24.971663
5 298.150000 1.000000 0.000000 0.500000 0.100000 110.000000 0.000000 -207670.258743 79.804103 25.124251
5 298.150000 1.000000 0.000000 0.500000 0.100000 110.000000 0.000000 -207834.452093 55.299077 25.282060
6 298.150000 1.000000 0.100000 0.500000 0.100000 110.000000 0.000000 -207929.579613 24.217794 25.003480
6 298.150000 1.000000 0.100000 0.500000 0.100000 110.000000 0.000000 -207603.429736 28.382163 25.441253
6 298.150000 1.000000 0.100000 0.500000 0.100000 110.000000 0.000000 -207909.732018 52.364006 24.881610
6 298.150000 1.000000 0.100000 0.500000 0.100000 110.000000 0.000000 -207455.889218 32.681896 24.998593
6 298.150000 1.000000 0.100000 0.500000 0.100000 110.000000 0.000000 -207557.841512 45.367906 24.981987
6 298.150000 1.000000 0.100000 0.500000 0.100000 110.000000 0.000000 -207585.268224 45.440014 25.162650
6 298.150000 1.000000 0.100000 0.500000 0.100000 110.000000 0.000000 -207833.407119 58.058188 24.537286
6 298.150000 1.000000 0.100000 0.500000 0.100000 110.000000 0.000000 -207661.936774 26.732604 25.275034
7 298.150000 1.000000 0.200000 0.500000 0.100000 110.000000 0.000000 -207773.775155 20.316575 25.144550
8 298.150000 1.000000 0.300000 0.500000 0.100000 110.000000 0.000000 -207431.816250 13.357552 24.872409
8 298.150000 1.000000 0.300000 0.500000 0.100000 110.000000 0.000000 -207742.351278 11.246985 25.122101
9 298.150000 1.000000 0.400000 0.500000 0.100000 110.000000 0.000000 -207903.575724 7.666714 24.862992
9 298.150000 1.000000 0.400000 0.500000 0.100000 110.000000 0.000000 -207750.737725 7.794219 24.936052
10 298.150000 1.000000 0.500000 0.500000 0.100000 110.000000 0.000000 -207834.300669 4.265751 24.877779
10 298.150000 1.000000 0.500000 0.500000 0.100000 110.000000 0.000000 -207891.404817 14.633207 24.856920
8 298.150000 1.000000 0.300000 0.500000 0.100000 110.000000 0.000000 -207943.963005 3.405896 24.950735
10 298.150000 1.000000 0.500000 0.500000 0.100000 110.000000 0.000000 -207880.384503 5.353242 24.674495
11 298.150000 -1.000000 0.500000 0.500000 0.100000 110.000000 0.000000 -208005.804876 6.281211 24.941896
13 298.150000 -1.000000 0.300000 0.500000 0.100000 110.000000 0.000000 -207660.700787 9.873654 25.006090
12 298.150000 -1.000000 0.400000 0.500000 0.100000 110.000000 0.000000 -208136.817767 -3.459711 24.954959
12 298.150000 -1.000000 0.400000 0.500000 0.100000 110.000000 0.000000 -207876.785470 1.415159 24.984820
13 298.150000 -1.000000 0.300000 0.500000 0.100000 110.000000 0.000000 -207831.471595 20.629686 25.136885
13 298.150000 -1.000000 0.300000 0.500000 0.100000 110.000000 0.000000 -207754.911242 20.304325 24.877504
14 298.150000 -1.000000 0.200000 0.500000 0.100000 110.000000 0.000000 -208169.730370 24.291761 24.746201
14 298.150000 -1.000000 0.200000 0.500000 0.100000 110.000000 0.000000 -207738.751192 14.241432 24.958735
11 298.150000 -1.000000 0.500000 0.500000 0.100000 110.000000 0.000000 -207761.228281 -2.806208 24.921300
11 298.150000 -1.000000 0.500000 0.500000 0.100000 110.000000 0.000000 -207943.753521 3.303737 24.853175
11 298.150000 -1.000000 0.500000 0.500000 0.100000 110.000000 0.000000 -207760.283816 0.642991 25.061649
11 298.150000 -1.000000 0.500000 0.500000 0.100000 110.000000 0.000000 -208029.875394 0.657634 24.906247
9 298.150000 1.000000 0.400000 0.500000 0.100000 110.000000 0.000000 -208001.552547 10.404083 24.884314
9 298.150000 1.000000 0.400000 0.500000 0.100000 110.000000 0.000000 -207953.940550 2.304718 24.913374
9 298.150000 1.000000 0.400000 0.500000 0.100000 110.000000 0.000000 -208030.575471 1.501885 25.026276
10 298.150000 1.000000 0.500000 0.500000 0.100000 110.000000 0.000000 -208386.814242 -2.990799 25.173974
9 298.150000 1.000000 0.400000 0.500000 0.100000 110.000000 0.000000 -208042.770322 3.884726 25.172601
9 298.150000 1.000000 0.400000 0.500000 0.100000 110.000000 0.000000 -207468.665131 0.659552 25.034587
9 298.150000 1.000000 0.400000 0.500000 0.100000 110.000000 0.000000 -208150.804444 2.201090 25.057140
9 298.150000 1.000000 0.400000 0.500000 0.100000 110.000000 0.000000 -207921.238545 10.900634 24.939275
6 298.150000 1.000000 0.100000 0.500000 0.100000 110.000000 0.000000 -207843.457113 48.983102 25.001054
5 298.150000 1.000000 0.000000 0.500000 0.100000 110.000000 0.000000 -207799.863332 63.826451 24.647051
3 298.150000 1.000000 0.000000 0.300000 0.100000 110.000000 0.000000 -207481.823504 69.996892 25.124004
4 298.150000 1.000000 0.000000 0.400000 0.100000 110.000000 0.000000 -207450.870682 97.499366 25.074223
4 298.150000 1.000000 0.000000 0.400000 0.100000 110.000000 0.000000 -207675.905081 89.802651 24.899667
5 298.150000 1.000000 0.000000 0.500000 0.100000 110.000000 0.000000 -207855.346920 60.370427 25.072532
4 298.150000 1.000000 0.000000 0.400000 0.100000 110.000000 0.000000 -207558.336697 92.869059 25.198302
3 298.150000 1.000000 0.000000 0.300000 0.100000 110.000000 0.000000 -207476.680076 111.275923 25.030382
3 298.150000 1.000000 0.000000 0.300000 0.100000 110.000000 0.000000 -207664.320104 131.072115 24.926542
2 298.150000 1.000000 0.000000 0.200000 0.100000 110.000000 0.000000 -207658.539997 150.279655 24.080694
2 298.150000 1.000000 0.000000 0.200000 0.100000 110.000000 0.000000 -208073.146018 122.394796 24.247759
2 298.150000 1.000000 0.000000 0.200000 0.100000 110.000000 0.000000 -207632.790398 124.434005 24.717429
2 298.150000 1.000000 0.000000 0.200000 0.100000 110.000000 0.000000 -207787.897113 140.385585 22.724899
2 298.150000 1.000000 0.000000 0.200000 0.100000 110.000000 0.000000 -207650.273449 135.040056 25.005761
2 298.150000 1.000000 0.000000 0.200000 0.100000 110.000000 0.000000 -207481.991901 132.498723 23.254560
2 298.150000 1.000000 0.000000 0.200000 0.100000 110.000000 0.000000 -207819.516758 128.738446 25.077729
2 298.150000 1.000000 0.000000 0.200000 0.100000 110.000000 0.000000 -207932.496768 129.719189 24.897955
2 298.150000 1.000000 0.000000 0.200000 0.100000 110.000000 0.000000 -207519.091905 127.321292 24.769624
2 298.150000 1.000000 0.000000 0.200000 0.100000 110.000000 0.000000 -207577.018964 135.281422 23.530525
2 298.150000 1.000000 0.000000 0.200000 0.100000 110.000000 0.000000 -208202.765692 148.740705 23.126460
2 298.150000 1.000000 0.000000 0.200000 0.100000 110.000000 0.000000 -208057.404466 145.209140 24.528915
2 298.150000 1.000000 0.000000 0.200000 0.100000 110.000000 0.000000 -208002.934075 121.830101 25.094679
2 298.150000 1.000000 0.000000 0.200000 0.100000 110.000000 0.000000 -207482.155177 122.567222 24.837516
3 298.150000 1.000000 0.000000 0.300000 0.100000 110.000000 0.000000 -208032.286603 78.740965 24.787775
5 298.150000 1.000000 0.000000 0.500000 0.100000 110.000000 0.000000 -207818.339745 88.278666 25.174661
4 298.150000 1.000000 0.000000 0.400000 0.100000 110.000000 0.000000 -207640.011289 109.739027 24.819801
4 298.150000 1.000000 0.000000 0.400000 0.100000 110.000000 0.000000 -207908.191549 72.999914 24.630758
4 298.150000 1.000000 0.000000 0.400000 0.100000 110.000000 0.000000 -208111.433131 66.672928 25.002859
5 298.150000 1.000000 0.000000 0.500000 0.100000 110.000000 0.000000 -207906.282693 88.903728 25.139149
4 298.150000 1.000000 0.000000 0.400000 0.100000 110.000000 0.000000 -207697.458727 100.403315 24.392064
4 298.150000 1.000000 0.000000 0.400000 0.100000 110.000000 0.000000 -207677.904106 93.071585 25.238447
4 298.150000 1.000000 0.000000 0.400000 0.100000 110.000000 0.000000 -207888.463128 87.182680 24.915009
5 298.150000 1.000000 0.000000 0.500000 0.100000 110.000000 0.000000 -207543.008044 46.279902 24.822535
5 298.150000 1.000000 0.000000 0.500000 0.100000 110.000000 0.000000 -207567.537533 41.246514 24.903925
6 298.150000 1.000000 0.100000 0.500000 0.100000 110.000000 0.000000 -208190.485860 38.752293 24.539435
6 298.150000 1.000000 0.100000 0.500000 0.100000 110.000000 0.000000 -208059.241236 34.950390 24.910593
4 298.150000 1.000000 0.000000 0.400000 0.100000 110.000000 0.000000 -207864.753904 85.061421 25.076269
4 298.150000 1.000000 0.000000 0.400000 0.100000 110.000000 0.000000 -208017.535530 89.938261 25.031480
3 298.150000 1.000000 0.000000 0.300000 0.100000 110.000000 0.000000 -208410.682965 90.850155 25.137814
3 298.150000 1.000000 0.000000 0.300000 0.100000 110.000000 0.000000 -207926.568604 78.306359 25.115526
4 298.150000 1.000000 0.000000 0.400000 0.100000 110.000000 0.000000 -207559.455739 96.381838 24.882956
3 298.150000 1.000000 0.000000 0.300000 0.100000 110.000000 0.000000 -207795.005615 90.139499 24.987426
3 298.150000 1.000000 0.000000 0.300000 0.100000 110.000000 0.000000 -207753.834078 80.041105 24.748824
5 298.150000 1.000000 0.000000 0.500000 0.100000 110.000000 0.000000 -207827.552541 89.117232 24.516977
3 298.150000 1.000000 0.000000 0.300000 0.100000 110.000000 0.000000 -208072.663249 88.906076 25.271591
5 298.150000 1.000000 0.000000 0.500000 0.100000 110.000000 0.000000 -207916.893006 39.862863 25.202767
3 298.150000 1.000000 0.000000 0.300000 0.100000 110.000000 0.000000 -207912.179295 93.008137 25.072310
3 298.150000 1.000000 0.000000 0.300000 0.100000 110.000000 0.000000 -207786.438832 105.684299 25.307870
3 298.150000 1.000000 0.000000 0.300000 0.100000 110.000000 0.000000 -208262.545195 86.690111 25.103630
4 298.150000 1.000000 0.000000 0.400000 0.100000 110.000000 0.000000 -207601.849138 80.712792 24.538814
4 298.150000 1.000000 0.000000 0.400000 0.100000 110.000000 0.000000 -207822.686883 60.706823 24.922284
5 298.150000 1.000000 0.000000 0.500000 0.100000 110.000000 0.000000 -207815.867963 56.374979 25.086167
3 298.150000 1.000000 0.000000 0.300000 0.100000 110.000000 0.000000 -207894.743745 56.012240 25.448050
4 298.150000 1.000000 0.000000 0.400000 0.100000 110.000000 0.000000 -208033.197386 72.650632 24.805593
5 298.150000 1.000000 0.000000 0.500000 0.100000 110.000000 0.000000 -207685.615913 52.005872 25.141278
4 298.150000 1.000000 0.000000 0.400000 0.100000 110.000000 0.000000 -207869.708076 90.945391 25.273589
5 298.150000 1.000000 0.000000 0.500000 0.100000 110.000000 0.000000 -207874.649204 78.330766 24.969798
5 298.150000 1.000000 0.000000 0.500000 0.100000 110.000000 0.000000 -207729.916665 50.699628 25.167369
6 298.150000 1.000000 0.100000 0.500000 0.100000 110.000000 0.000000 -207859.100291 38.791040 24.948563
6 298.150000 1.000000 0.100000 0.500000 0.100000 110.000000 0.000000 -207857.177096 42.157931 25.014734
6 298.150000 1.000000 0.100000 0.500000 0.100000 110.000000 0.000000 -207645.724158 48.117430 25.243216
6 298.150000 1.000000 0.100000 0.500000 0.100000 110.000000 0.000000 -207518.552509 50.639684 24.883019
6 298.150000 1.000000 0.100000 0.500000 0.100000 110.000000 0.000000 -207687.705954 24.656785 25.192915
6 298.150000 1.000000 0.100000 0.500000 0.100000 110.000000 0.000000 -207892.680990 39.977949 25.144455
6 298.150000 1.000000 0.100000 0.500000 0.100000 110.000000 0.000000 -208073.351883 66.563383 24.608365
5 298.150000 1.000000 0.000000 0.500000 0.100000 110.000000 0.000000 -207535.886060 72.778507 25.039717
4 298.150000 1.000000 0.000000 0.400000 0.100000 110.000000 0.000000 -207777.901250 96.134198 24.956577
4 298.150000 1.000000 0.000000 0.400000 0.100000 110.000000 0.000000 -207738.248669 81.542441 24.847000
