15 298.150000 -1.000000 0.100000 0.500000 0.100000 110.000000 0.000000 -206379.275591 21.256627 25.424089
15 298.150000 -1.000000 0.100000 0.500000 0.100000 110.000000 0.000000 -205937.339069 22.661387 25.648092
15 298.150000 -1.000000 0.100000 0.500000 0.100000 110.000000 0.000000 -206425.343252 16.127111 25.282019
14 298.150000 -1.000000 0.200000 0.500000 0.100000 110.000000 0.000000 -205682.957585 -0.165874 25.962192
8 298.150000 1.000000 0.300000 0.500000 0.100000 110.000000 0.000000 -205710.040496 15.441387 25.897521
7 298.150000 1.000000 0.200000 0.500000 0.100000 110.000000 0.000000 -206019.683496 14.694505 25.962280
7 298.150000 1.000000 0.200000 0.500000 0.100000 110.000000 0.000000 -205778.365968 9.300394 25.024755
9 298.150000 1.000000 0.400000 0.500000 0.100000 110.000000 0.000000 -206039.263441 2.472062 25.412819
9 298.150000 1.000000 0.400000 0.500000 0.100000 110.000000 0.000000 -205840.503936 -1.054051 25.905496
10 298.150000 1.000000 0.500000 0.500000 0.100000 110.000000 0.000000 -206244.162302 2.276595 25.963653
11 298.150000 -1.000000 0.500000 0.500000 0.100000 110.000000 0.000000 -205991.983304 5.751108 25.975245
14 298.150000 -1.000000 0.200000 0.500000 0.100000 110.000000 0.000000 -205919.855737 6.843428 25.941381
12 298.150000 -1.000000 0.400000 0.500000 0.100000 110.000000 0.000000 -205709.064569 -2.231264 25.652272
11 298.150000 -1.000000 0.500000 0.500000 0.100000 110.000000 0.000000 -206242.414274 4.390287 25.473899
13 298.150000 -1.000000 0.300000 0.500000 0.100000 110.000000 0.000000 -205962.487400 -4.539735 26.009869
13 298.150000 -1.000000 0.300000 0.500000 0.100000 110.000000 0.000000 -206223.275725 12.166168 25.622536
14 298.150000 -1.000000 0.200000 0.500000 0.100000 110.000000 0.000000 -206311.962522 3.757169 25.961063
11 298.150000 -1.000000 0.500000 0.500000 0.100000 110.000000 0.000000 -206313.264161 2.131626 26.003406
10 298.150000 1.000000 0.500000 0.500000 0.100000 110.000000 0.000000 -205754.745593 -4.442166 25.855119
10 298.150000 1.000000 0.500000 0.500000 0.100000 110.000000 0.000000 -205763.743440 -0.038517 25.956779
9 298.150000 1.000000 0.400000 0.500000 0.100000 110.000000 0.000000 -205824.217855 3.964094 25.984039
9 298.150000 1.000000 0.400000 0.500000 0.100000 110.000000 0.000000 -206069.224570 11.341314 25.930362
8 298.150000 1.000000 0.300000 0.500000 0.100000 110.000000 0.000000 -205862.176289 4.927025 25.721103
8 298.150000 1.000000 0.300000 0.500000 0.100000 110.000000 0.000000 -206199.795098 7.259356 25.727954
7 298.150000 1.000000 0.200000 0.500000 0.100000 110.000000 0.000000 -206041.073548 6.075919 25.841221
7 298.150000 1.000000 0.200000 0.500000 0.100000 110.000000 0.000000 -206131.494599 15.811376 25.849211
6 298.150000 1.000000 0.100000 0.500000 0.100000 110.000000 0.000000 -205852.484302 17.988383 24.524166
7 298.150000 1.000000 0.200000 0.500000 0.100000 110.000000 0.000000 -205792.186857 6.640219 25.829077
7 298.150000 1.000000 0.200000 0.500000 0.100000 110.000000 0.000000 -206190.629408 7.211879 25.982544
8 298.150000 1.000000 0.300000 0.500000 0.100000 110.000000 0.000000 -205957.069854 3.937521 26.016077
9 298.150000 1.000000 0.400000 0.500000 0.100000 110.000000 0.000000 -205941.073071 -5.274745 26.012533
9 298.150000 1.000000 0.400000 0.500000 0.100000 110.000000 0.000000 -205525.950899 0.522856 25.851363
10 298.150000 1.000000 0.500000 0.500000 0.100000 110.000000 0.000000 -206227.884272 0.829898 26.008601
11 298.150000 -1.000000 0.500000 0.500000 0.100000 110.000000 0.000000 -206195.329023 0.525332 24.809198
10 298.150000 1.000000 0.500000 0.500000 0.100000 110.000000 0.000000 -205991.863242 -1.733131 25.987459
11 298.150000 -1.000000 0.500000 0.500000 0.100000 110.000000 0.000000 -205728.956482 0.044728 24.820718
10 298.150000 1.000000 0.500000 0.500000 0.100000 110.000000 0.000000 -206124.383323 1.280993 25.409920
11 298.150000 -1.000000 0.500000 0.500000 0.100000 110.000000 0.000000 -206173.818110 0.078201 25.687901
11 298.150000 -1.000000 0.500000 0.500000 0.100000 110.000000 0.000000 -206255.240991 2.143203 25.995799
11 298.150000 -1.000000 0.500000 0.500000 0.100000 110.000000 0.000000 -206063.970087 2.756476 24.610008
14 298.150000 -1.000000 0.200000 0.500000 0.100000 110.000000 0.000000 -206034.320291 5.749309 25.388475
14 298.150000 -1.000000 0.200000 0.500000 0.100000 110.000000 0.000000 -206184.002095 14.579441 25.922855
14 298.150000 -1.000000 0.200000 0.500000 0.100000 110.000000 0.000000 -206085.405088 4.936346 25.468267
14 298.150000 -1.000000 0.200000 0.500000 0.100000 110.000000 0.000000 -206140.647594 8.383630 25.414896
14 298.150000 -1.000000 0.200000 0.500000 0.100000 110.000000 0.000000 -206392.158220 11.970801 25.710981
14 298.150000 -1.000000 0.200000 0.500000 0.100000 110.000000 0.000000 -205943.039480 3.002305 25.783602
13 298.150000 -1.000000 0.300000 0.500000 0.100000 110.000000 0.000000 -205792.948421 13.444513 26.003175
14 298.150000 -1.000000 0.200000 0.500000 0.100000 110.000000 0.000000 -206339.722515 10.170758 25.800218
14 298.150000 -1.000000 0.200000 0.500000 0.100000 110.000000 0.000000 -206224.392336 7.234204 25.917817
13 298.150000 -1.000000 0.300000 0.500000 0.100000 110.000000 0.000000 -205776.345774 8.115483 26.023077
14 298.150000 -1.000000 0.200000 0.500000 0.100000 110.000000 0.000000 -205999.992716 3.123338 25.823560
13 298.150000 -1.000000 0.300000 0.500000 0.100000 110.000000 0.000000 -206153.414506 6.793006 25.985050
15 298.150000 -1.000000 0.100000 0.500000 0.100000 110.000000 0.000000 -205578.398380 12.406009 25.751934
15 298.150000 -1.000000 0.100000 0.500000 0.100000 110.000000 0.000000 -205891.482312 37.768877 25.433798
15 298.150000 -1.000000 0.100000 0.500000 0.100000 110.000000 0.000000 -205783.575376 30.377085 25.906516
15 298.150000 -1.000000 0.100000 0.500000 0.100000 110.000000 0.000000 -206028.335760 2.859902 25.721497
12 298.150000 -1.000000 0.400000 0.500000 0.100000 110.000000 0.000000 -205833.500725 4.297897 25.871080
13 298.150000 -1.000000 0.300000 0.500000 0.100000 110.000000 0.000000 -206265.796559 4.343873 25.879522
13 298.150000 -1.000000 0.300000 0.500000 0.100000 110.000000 0.000000 -206368.455438 3.904243 25.802727
14 298.150000 -1.000000 0.200000 0.500000 0.100000 110.000000 0.000000 -205786.244198 9.373315 25.878526
14 298.150000 -1.000000 0.200000 0.500000 0.100000 110.000000 0.000000 -206209.253923 13.639739 25.821623
14 298.150000 -1.000000 0.200000 0.500000 0.100000 110.000000 0.000000 -205996.251715 4.209298 25.870630
14 298.150000 -1.000000 0.200000 0.500000 0.100000 110.000000 0.000000 -206231.431013 9.035143 25.744098
13 298.150000 -1.000000 0.300000 0.500000 0.100000 110.000000 0.000000 -205829.259394 13.800790 25.909720
13 298.150000 -1.000000 0.300000 0.500000 0.100000 110.000000 0.000000 -206140.828468 2.245237 25.638883
12 298.150000 -1.000000 0.400000 0.500000 0.100000 110.000000 0.000000 -205894.104735 4.675207 25.928035
14 298.150000 -1.000000 0.200000 0.500000 0.100000 110.000000 0.000000 -205934.927810 4.907109 25.777151
13 298.150000 -1.000000 0.300000 0.500000 0.100000 110.000000 0.000000 -206114.324187 1.882664 25.454812
13 298.150000 -1.000000 0.300000 0.500000 0.100000 110.000000 0.000000 -205980.193794 1.953709 25.933952
13 298.150000 -1.000000 0.300000 0.500000 0.100000 110.000000 0.000000 -206310.518691 -1.884888 25.582435
12 298.150000 -1.000000 0.400000 0.500000 0.100000 110.000000 0.000000 -205758.838855 2.125460 25.918883
12 298.150000 -1.000000 0.400000 0.500000 0.100000 110.000000 0.000000 -206257.600672 7.444716 25.608701
12 298.150000 -1.000000 0.400000 0.500000 0.100000 110.000000 0.000000 -206251.905517 4.130591 25.950158
12 298.150000 -1.000000 0.400000 0.500000 0.100000 110.000000 0.000000 -205930.866368 -0.268377 26.022721
15 298.150000 -1.000000 0.100000 0.500000 0.100000 110.000000 0.000000 -206386.827227 15.594511 25.758040
15 298.150000 -1.000000 0.100000 0.500000 0.100000 110.000000 0.000000 -206325.292865 16.643319 25.827569
15 298.150000 -1.000000 0.100000 0.500000 0.100000 110.000000 0.000000 -206351.935281 22.392587 25.797401
15 298.150000 -1.000000 0.100000 0.500000 0.100000 110.000000 0.000000 -206254.113541 19.701589 25.947073
15 298.150000 -1.000000 0.100000 0.500000 0.100000 110.000000 0.000000 -206407.833289 16.864014 25.552267
14 298.150000 -1.000000 0.200000 0.500000 0.100000 110.000000 0.000000 -205851.172354 0.076176 25.809092
13 298.150000 -1.000000 0.300000 0.500000 0.100000 110.000000 0.000000 -206239.136011 1.698395 24.616821
13 298.150000 -1.000000 0.300000 0.500000 0.100000 110.000000 0.000000 -206136.009074 10.115447 25.738668
13 298.150000 -1.000000 0.300000 0.500000 0.100000 110.000000 0.000000 -206433.768249 9.629952 24.852099
12 298.150000 -1.000000 0.400000 0.500000 0.100000 110.000000 0.000000 -206077.786757 4.348225 25.359839
12 298.150000 -1.000000 0.400000 0.500000 0.100000 110.000000 0.000000 -206047.699419 10.929180 25.390710
13 298.150000 -1.000000 0.300000 0.500000 0.100000 110.000000 0.000000 -205771.117971 -0.926832 24.914824
10 298.150000 1.000000 0.500000 0.500000 0.100000 110.000000 0.000000 -205934.724359 0.188249 25.867316
12 298.150000 -1.000000 0.400000 0.500000 0.100000 110.000000 0.000000 -206026.572229 -0.198809 26.006127
10 298.150000 1.000000 0.500000 0.500000 0.100000 110.000000 0.000000 -206160.285695 3.809963 25.769603
10 298.150000 1.000000 0.500000 0.500000 0.100000 110.000000 0.000000 -206086.927443 -4.329412 25.537300
11 298.150000 -1.000000 0.500000 0.500000 0.100000 110.000000 0.000000 -205828.237723 3.225725 25.916913
10 298.150000 1.000000 0.500000 0.500000 0.100000 110.000000 0.000000 -206127.491268 -5.117664 25.946717
10 298.150000 1.000000 0.500000 0.500000 0.100000 110.000000 0.000000 -206307.382529 0.501501 25.694550
10 298.150000 1.000000 0.500000 0.500000 0.100000 110.000000 0.000000 -206429.940442 -2.885356 25.603241
10 298.150000 1.000000 0.500000 0.500000 0.100000 110.000000 0.000000 -206169.809164 0.077603 25.996653
9 298.150000 1.000000 0.400000 0.500000 0.100000 110.000000 0.000000 -205979.992671 3.643109 25.305244
10 298.150000 1.000000 0.500000 0.500000 0.100000 110.000000 0.000000 -206118.960940 4.070090 26.021675
7 298.150000 1.000000 0.200000 0.500000 0.100000 110.000000 0.000000 -206107.519104 19.200917 25.960742
7 298.150000 1.000000 0.200000 0.500000 0.100000 110.000000 0.000000 -206103.442814 21.789841 25.826130
7 298.150000 1.000000 0.200000 0.500000 0.100000 110.000000 0.000000 -205904.693652 14.815387 25.797828
7 298.150000 1.000000 0.200000 0.500000 0.100000 110.000000 0.000000 -205940.916438 12.397732 25.997633
7 298.150000 1.000000 0.200000 0.500000 0.100000 110.000000 0.000000 -206181.958913 6.731831 26.014513
7 298.150000 1.000000 0.200000 0.500000 0.100000 110.000000 0.000000 -206045.605982 17.092019 25.607227
8 298.150000 1.000000 0.300000 0.500000 0.100000 110.000000 0.000000 -206133.950398 4.148278 25.876971
8 298.150000 1.000000 0.300000 0.500000 0.100000 110.000000 0.000000 -206218.911500 5.079826 26.013535
8 298.150000 1.000000 0.300000 0.500000 0.100000 110.000000 0.000000 -206070.326682 21.557158 25.929421
8 298.150000 1.000000 0.300000 0.500000 0.100000 110.000000 0.000000 -206040.712324 5.604292 25.936679
8 298.150000 1.000000 0.300000 0.500000 0.100000 110.000000 0.000000 -205957.552009 4.595239 25.747662
8 298.150000 1.000000 0.300000 0.500000 0.100000 110.000000 0.000000 -206254.629302 1.461904 25.585322
13 298.150000 -1.000000 0.300000 0.500000 0.100000 110.000000 0.000000 -205963.984028 3.294501 25.604758
12 298.150000 -1.000000 0.400000 0.500000 0.100000 110.000000 0.000000 -205910.943361 2.522681 25.341777
12 298.150000 -1.000000 0.400000 0.500000 0.100000 110.000000 0.000000 -205744.768422 2.336390 25.996236
12 298.150000 -1.000000 0.400000 0.500000 0.100000 110.000000 0.000000 -206461.903330 -0.989968 25.964161
12 298.150000 -1.000000 0.400000 0.500000 0.100000 110.000000 0.000000 -206248.003077 9.648290 25.895015
12 298.150000 -1.000000 0.400000 0.500000 0.100000 110.000000 0.000000 -206109.520671 2.090926 25.592155
14 298.150000 -1.000000 0.200000 0.500000 0.100000 110.000000 0.000000 -206088.009628 23.585346 25.917100
14 298.150000 -1.000000 0.200000 0.500000 0.100000 110.000000 0.000000 -206088.907542 14.258875 25.883838
14 298.150000 -1.000000 0.200000 0.500000 0.100000 110.000000 0.000000 -205730.838965 8.918913 25.596593
13 298.150000 -1.000000 0.300000 0.500000 0.100000 110.000000 0.000000 -206597.659224 1.434455 25.706126
12 298.150000 -1.000000 0.400000 0.500000 0.100000 110.000000 0.000000 -206276.848271 -7.255539 25.830290
10 298.150000 1.000000 0.500000 0.500000 0.100000 110.000000 0.000000 -206199.877130 4.498184 25.777433
11 298.150000 -1.000000 0.500000 0.500000 0.100000 110.000000 0.000000 -205858.466036 -5.363908 25.552439
11 298.150000 -1.000000 0.500000 0.500000 0.100000 110.000000 0.000000 -206030.793514 2.069931 25.735103
10 298.150000 1.000000 0.500000 0.500000 0.100000 110.000000 0.000000 -206206.706873 8.438233 25.628354
10 298.150000 1.000000 0.500000 0.500000 0.100000 110.000000 0.000000 -205893.880744 -0.076180 26.018269
10 298.150000 1.000000 0.500000 0.500000 0.100000 110.000000 0.000000 -205782.398927 1.840461 25.786352
9 298.150000 1.000000 0.400000 0.500000 0.100000 110.000000 0.000000 -206400.511008 4.816280 25.912157
