13 298.150000 -1.000000 0.300000 0.500000 0.100000 110.000000 0.000000 -207169.481755 5.603415 25.440696
12 298.150000 -1.000000 0.400000 0.500000 0.100000 110.000000 0.000000 -207491.825792 2.168349 25.531112
11 298.150000 -1.000000 0.500000 0.500000 0.100000 110.000000 0.000000 -207230.263194 1.239032 25.619275
9 298.150000 1.000000 0.400000 0.500000 0.100000 110.000000 0.000000 -207425.464549 6.969113 25.508104
9 298.150000 1.000000 0.400000 0.500000 0.100000 110.000000 0.000000 -207219.095502 -1.093143 25.435324
11 298.150000 -1.000000 0.500000 0.500000 0.100000 110.000000 0.000000 -207615.442841 -0.417442 25.688664
11 298.150000 -1.000000 0.500000 0.500000 0.100000 110.000000 0.000000 -207085.400933 -6.612937 25.772340
11 298.150000 -1.000000 0.500000 0.500000 0.100000 110.000000 0.000000 -207784.922946 2.582660 25.583387
12 298.150000 -1.000000 0.400000 0.500000 0.100000 110.000000 0.000000 -207709.140341 -3.218331 25.853338
12 298.150000 -1.000000 0.400000 0.500000 0.100000 110.000000 0.000000 -207325.665463 5.591279 25.230821
12 298.150000 -1.000000 0.400000 0.500000 0.100000 110.000000 0.000000 -207661.322946 1.680434 25.662783
10 298.150000 1.000000 0.500000 0.500000 0.100000 110.000000 0.000000 -207660.082911 0.621038 25.051332
9 298.150000 1.000000 0.400000 0.500000 0.100000 110.000000 0.000000 -207377.495607 0.684714 25.710014
10 298.150000 1.000000 0.500000 0.500000 0.100000 110.000000 0.000000 -207485.097414 4.173731 25.807018
9 298.150000 1.000000 0.400000 0.500000 0.100000 110.000000 0.000000 -207073.553482 2.234256 25.730579
8 298.150000 1.000000 0.300000 0.500000 0.100000 110.000000 0.000000 -207169.604918 7.737234 25.707384
8 298.150000 1.000000 0.300000 0.500000 0.100000 110.000000 0.000000 -207815.260526 6.919371 25.569680
12 298.150000 -1.000000 0.400000 0.500000 0.100000 110.000000 0.000000 -206867.118902 6.360608 25.456948
14 298.150000 -1.000000 0.200000 0.500000 0.100000 110.000000 0.000000 -207578.470960 8.349516 25.496095
14 298.150000 -1.000000 0.200000 0.500000 0.100000 110.000000 0.000000 -207630.677109 3.935402 25.612027
11 298.150000 -1.000000 0.500000 0.500000 0.100000 110.000000 0.000000 -207587.800668 4.602889 25.582074
13 298.150000 -1.000000 0.300000 0.500000 0.100000 110.000000 0.000000 -207219.588170 5.071672 25.740938
13 298.150000 -1.000000 0.300000 0.500000 0.100000 110.000000 0.000000 -207561.175566 8.127587 25.453073
13 298.150000 -1.000000 0.300000 0.500000 0.100000 110.000000 0.000000 -207452.717709 0.689127 25.558567
12 298.150000 -1.000000 0.400000 0.500000 0.100000 110.000000 0.000000 -207596.498900 -2.350644 24.926483
12 298.150000 -1.000000 0.400000 0.500000 0.100000 110.000000 0.000000 -207281.609154 12.747743 25.675463
14 298.150000 -1.000000 0.200000 0.500000 0.100000 110.000000 0.000000 -207435.106755 6.081931 25.687742
12 298.150000 -1.000000 0.400000 0.500000 0.100000 110.000000 0.000000 -207729.117081 0.963295 25.783576
11 298.150000 -1.000000 0.500000 0.500000 0.100000 110.000000 0.000000 -207391.073058 -4.951956 25.552963
12 298.150000 -1.000000 0.400000 0.500000 0.100000 110.000000 0.000000 -207500.062568 -0.497955 25.741573
12 298.150000 -1.000000 0.400000 0.500000 0.100000 110.000000 0.000000 -207355.465042 3.478913 25.462063
12 298.150000 -1.000000 0.400000 0.500000 0.100000 110.000000 0.000000 -207721.281040 7.821740 25.809011
13 298.150000 -1.000000 0.300000 0.500000 0.100000 110.000000 0.000000 -207633.068829 12.295995 25.589643
13 298.150000 -1.000000 0.300000 0.500000 0.100000 110.000000 0.000000 -207890.270064 3.860625 25.622611
13 298.150000 -1.000000 0.300000 0.500000 0.100000 110.000000 0.000000 -207393.788429 4.676309 25.668582
14 298.150000 -1.000000 0.200000 0.500000 0.100000 110.000000 0.000000 -207456.416978 6.008098 25.796207
11 298.150000 -1.000000 0.500000 0.500000 0.100000 110.000000 0.000000 -207495.827424 0.348307 25.528339
12 298.150000 -1.000000 0.400000 0.500000 0.100000 110.000000 0.000000 -207383.912299 -0.581251 25.627531
12 298.150000 -1.000000 0.400000 0.500000 0.100000 110.000000 0.000000 -207425.670613 6.267692 25.769606
13 298.150000 -1.000000 0.300000 0.500000 0.100000 110.000000 0.000000 -207330.252855 8.973877 25.832724
13 298.150000 -1.000000 0.300000 0.500000 0.100000 110.000000 0.000000 -207441.116328 9.342510 25.650367
12 298.150000 -1.000000 0.400000 0.500000 0.100000 110.000000 0.000000 -207811.706697 3.180690 25.718280
12 298.150000 -1.000000 0.400000 0.500000 0.100000 110.000000 0.000000 -207610.422513 -0.001526 25.624405
12 298.150000 -1.000000 0.400000 0.500000 0.100000 110.000000 0.000000 -207404.633709 1.414133 25.692041
12 298.150000 -1.000000 0.400000 0.500000 0.100000 110.000000 0.000000 -207558.333704 1.677023 25.694259
12 298.150000 -1.000000 0.400000 0.500000 0.100000 110.000000 0.000000 -207567.507262 3.680690 25.647822
13 298.150000 -1.000000 0.300000 0.500000 0.100000 110.000000 0.000000 -207564.129313 15.219422 25.501692
13 298.150000 -1.000000 0.300000 0.500000 0.100000 110.000000 0.000000 -207779.890818 2.312045 25.727852
9 298.150000 1.000000 0.400000 0.500000 0.100000 110.000000 0.000000 -207069.380346 4.212300 25.594236
9 298.150000 1.000000 0.400000 0.500000 0.100000 110.000000 0.000000 -207839.169073 3.889226 25.798092
10 298.150000 1.000000 0.500000 0.500000 0.100000 110.000000 0.000000 -207430.299752 1.695280 25.727256
11 298.150000 -1.000000 0.500000 0.500000 0.100000 110.000000 0.000000 -207265.840542 3.739441 25.554285
12 298.150000 -1.000000 0.400000 0.500000 0.100000 110.000000 0.000000 -207222.387440 0.042940 25.747980
11 298.150000 -1.000000 0.500000 0.500000 0.100000 110.000000 0.000000 -207428.850705 0.231744 25.719989
12 298.150000 -1.000000 0.400000 0.500000 0.100000 110.000000 0.000000 -207603.704220 -5.090204 25.600389
12 298.150000 -1.000000 0.400000 0.500000 0.100000 110.000000 0.000000 -207210.236182 2.528597 25.556033
14 298.150000 -1.000000 0.200000 0.500000 0.100000 110.000000 0.000000 -207384.532103 5.578682 25.744698
14 298.150000 -1.000000 0.200000 0.500000 0.100000 110.000000 0.000000 -207449.267442 11.053432 25.430254
13 298.150000 -1.000000 0.300000 0.500000 0.100000 110.000000 0.000000 -207647.831787 -0.217852 25.540330
12 298.150000 -1.000000 0.400000 0.500000 0.100000 110.000000 0.000000 -207191.523584 -0.018647 25.471369
12 298.150000 -1.000000 0.400000 0.500000 0.100000 110.000000 0.000000 -207454.314097 -2.231938 25.203507
12 298.150000 -1.000000 0.400000 0.500000 0.100000 110.000000 0.000000 -207497.896389 2.167534 25.278388
13 298.150000 -1.000000 0.300000 0.500000 0.100000 110.000000 0.000000 -207527.835960 15.920411 25.629940
13 298.150000 -1.000000 0.300000 0.500000 0.100000 110.000000 0.000000 -207371.545679 12.510281 25.155059
14 298.150000 -1.000000 0.200000 0.500000 0.100000 110.000000 0.000000 -207374.424151 6.946339 25.600059
13 298.150000 -1.000000 0.300000 0.500000 0.100000 110.000000 0.000000 -206790.985319 10.708653 25.707231
15 298.150000 -1.000000 0.100000 0.500000 0.100000 110.000000 0.000000 -207334.521781 21.003029 25.772522
15 298.150000 -1.000000 0.100000 0.500000 0.100000 110.000000 0.000000 -207390.918240 13.349085 25.588567
14 298.150000 -1.000000 0.200000 0.500000 0.100000 110.000000 0.000000 -207406.566726 18.924018 25.717079
15 298.150000 -1.000000 0.100000 0.500000 0.100000 110.000000 0.000000 -207371.641824 27.829206 25.381410
15 298.150000 -1.000000 0.100000 0.500000 0.100000 110.000000 0.000000 -207398.047720 8.701616 25.475071
13 298.150000 -1.000000 0.300000 0.500000 0.100000 110.000000 0.000000 -207726.727784 4.446737 25.715468
13 298.150000 -1.000000 0.300000 0.500000 0.100000 110.000000 0.000000 -207222.570323 2.054627 25.298906
13 298.150000 -1.000000 0.300000 0.500000 0.100000 110.000000 0.000000 -207519.487215 9.001173 25.476812
14 298.150000 -1.000000 0.200000 0.500000 0.100000 110.000000 0.000000 -207443.049723 14.914099 25.481477
15 298.150000 -1.000000 0.100000 0.500000 0.100000 110.000000 0.000000 -207452.170365 34.559444 25.723401
15 298.150000 -1.000000 0.100000 0.500000 0.100000 110.000000 0.000000 -207768.229896 10.571920 25.288602
15 298.150000 -1.000000 0.100000 0.500000 0.100000 110.000000 0.000000 -207514.092605 15.428848 25.844018
15 298.150000 -1.000000 0.100000 0.500000 0.100000 110.000000 0.000000 -207399.678241 22.663448 25.626692
15 298.150000 -1.000000 0.100000 0.500000 0.100000 110.000000 0.000000 -207244.614648 12.962131 25.635744
13 298.150000 -1.000000 0.300000 0.500000 0.100000 110.000000 0.000000 -207503.759077 -2.509151 25.575235
11 298.150000 -1.000000 0.500000 0.500000 0.100000 110.000000 0.000000 -207596.421707 -0.982998 25.423617
11 298.150000 -1.000000 0.500000 0.500000 0.100000 110.000000 0.000000 -207511.352974 1.010254 25.589117
9 298.150000 1.000000 0.400000 0.500000 0.100000 110.000000 0.000000 -207435.811776 13.496132 25.825558
7 298.150000 1.000000 0.200000 0.500000 0.100000 110.000000 0.000000 -207459.377419 8.230326 25.078670
6 298.150000 1.000000 0.100000 0.500000 0.100000 110.000000 0.000000 -207495.626445 26.621032 25.257948
6 298.150000 1.000000 0.100000 0.500000 0.100000 110.000000 0.000000 -207689.049332 33.492629 25.504104
6 298.150000 1.000000 0.100000 0.500000 0.100000 110.000000 0.000000 -207735.981860 35.261398 25.692180
6 298.150000 1.000000 0.100000 0.500000 0.100000 110.000000 0.000000 -207578.946331 34.764715 25.587312
6 298.150000 1.000000 0.100000 0.500000 0.100000 110.000000 0.000000 -207409.550007 7.115238 25.562108
6 298.150000 1.000000 0.100000 0.500000 0.100000 110.000000 0.000000 -207816.693062 17.834847 25.372559
6 298.150000 1.000000 0.100000 0.500000 0.100000 110.000000 0.000000 -207180.209482 28.599880 25.211592
6 298.150000 1.000000 0.100000 0.500000 0.100000 110.000000 0.000000 -207537.529231 9.536013 25.744998
7 298.150000 1.000000 0.200000 0.500000 0.100000 110.000000 0.000000 -207685.621920 6.368028 25.729307
8 298.150000 1.000000 0.300000 0.500000 0.100000 110.000000 0.000000 -207465.095536 11.963899 25.638492
7 298.150000 1.000000 0.200000 0.500000 0.100000 110.000000 0.000000 -207266.148171 19.396948 25.196009
7 298.150000 1.000000 0.200000 0.500000 0.100000 110.000000 0.000000 -207265.562796 9.200604 25.520856
8 298.150000 1.000000 0.300000 0.500000 0.100000 110.000000 0.000000 -207602.179125 3.503406 25.601461
10 298.150000 1.000000 0.500000 0.500000 0.100000 110.000000 0.000000 -207053.291513 2.201436 25.674028
10 298.150000 1.000000 0.500000 0.500000 0.100000 110.000000 0.000000 -207726.563230 1.542462 25.522801
11 298.150000 -1.000000 0.500000 0.500000 0.100000 110.000000 0.000000 -207869.426558 2.187966 25.443334
11 298.150000 -1.000000 0.500000 0.500000 0.100000 110.000000 0.000000 -206991.354950 2.773740 24.688698
12 298.150000 -1.000000 0.400000 0.500000 0.100000 110.000000 0.000000 -207663.293479 9.055890 25.352690
14 298.150000 -1.000000 0.200000 0.500000 0.100000 110.000000 0.000000 -207390.882988 39.578375 25.613593
18 298.150000 -1.000000 0.000000 0.300000 0.100000 110.000000 0.000000 -207237.511900 95.452323 25.437403
18 298.150000 -1.000000 0.000000 0.300000 0.100000 110.000000 0.000000 -207310.336807 51.889745 25.825680
16 298.150000 -1.000000 0.000000 0.500000 0.100000 110.000000 0.000000 -207290.001569 72.546262 25.849366
18 298.150000 -1.000000 0.000000 0.300000 0.100000 110.000000 0.000000 -207581.448940 71.483167 25.305001
19 298.150000 -1.000000 0.000000 0.200000 0.100000 110.000000 0.000000 -207690.359164 98.594232 25.657011
19 298.150000 -1.000000 0.000000 0.200000 0.100000 110.000000 0.000000 -207887.997687 36.974657 25.173899
19 298.150000 -1.000000 0.000000 0.200000 0.100000 110.000000 0.000000 -207548.536502 106.179668 25.405322
18 298.150000 -1.000000 0.000000 0.300000 0.100000 110.000000 0.000000 -207606.640135 76.890535 25.663111
18 298.150000 -1.000000 0.000000 0.300000 0.100000 110.000000 0.000000 -207510.982993 76.707304 25.754505
18 298.150000 -1.000000 0.000000 0.300000 0.100000 110.000000 0.000000 -207675.493871 38.813908 25.716667
16 298.150000 -1.000000 0.000000 0.500000 0.100000 110.000000 0.000000 -207767.318306 68.925997 25.739932
16 298.150000 -1.000000 0.000000 0.500000 0.100000 110.000000 0.000000 -207305.211551 78.453369 25.709599
17 298.150000 -1.000000 0.000000 0.400000 0.100000 110.000000 0.000000 -207395.379319 16.703195 25.699360
15 298.150000 -1.000000 0.100000 0.500000 0.100000 110.000000 0.000000 -207499.444167 18.252087 25.611882
15 298.150000 -1.000000 0.100000 0.500000 0.100000 110.000000 0.000000 -207305.802721 6.996291 25.578700
11 298.150000 -1.000000 0.500000 0.500000 0.100000 110.000000 0.000000 -207372.592509 -0.759842 25.478136
10 298.150000 1.000000 0.500000 0.500000 0.100000 110.000000 0.000000 -207350.483499 -5.152302 25.234104
9 298.150000 1.000000 0.400000 0.500000 0.100000 110.000000 0.000000 -207432.169476 -7.058714 25.536163
11 298.150000 -1.000000 0.500000 0.500000 0.100000 110.000000 0.000000 -207389.516798 4.968641 25.717600
15 298.150000 -1.000000 0.100000 0.500000 0.100000 110.000000 0.000000 -207365.855131 17.336043 25.764575
15 298.150000 -1.000000 0.100000 0.500000 0.100000 110.000000 0.000000 -207257.549221 25.837530 25.242546
15 298.150000 -1.000000 0.100000 0.500000 0.100000 110.000000 0.000000 -207667.671339 13.513886 25.497016
15 298.150000 -1.000000 0.100000 0.500000 0.100000 110.000000 0.000000 -207432.632590 37.667050 25.620125
15 298.150000 -1.000000 0.100000 0.500000 0.100000 110.000000 0.000000 -207340.848781 38.843278 25.438043
15 298.150000 -1.000000 0.100000 0.500000 0.100000 110.000000 0.000000 -207522.127404 21.395964 25.553682
15 298.150000 -1.000000 0.100000 0.500000 0.100000 110.000000 0.000000 -207588.505609 23.789906 25.805336
15 298.150000 -1.000000 0.100000 0.500000 0.100000 110.000000 0.000000 -207649.138532 29.210059 25.531131
19 298.150000 -1.000000 0.000000 0.200000 0.100000 110.000000 0.000000 -207910.757744 79.818646 25.392065
16 298.150000 -1.000000 0.000000 0.500000 0.100000 110.000000 0.000000 -207604.861645 88.481520 25.244089
16 298.150000 -1.000000 0.000000 0.500000 0.100000 110.000000 0.000000 -207332.800106 63.102933 24.788094
16 298.150000 -1.000000 0.000000 0.500000 0.100000 110.000000 0.000000 -207026.460128 60.778208 25.395464
19 298.150000 -1.000000 0.000000 0.200000 0.100000 110.000000 0.000000 -207360.543966 95.535405 25.470004
19 298.150000 -1.000000 0.000000 0.200000 0.100000 110.000000 0.000000 -207702.850854 124.675205 25.300851
20 298.150000 -1.000000 0.000000 0.100000 0.100000 110.000000 0.000000 -207727.284204 80.688904 24.277703
19 298.150000 -1.000000 0.000000 0.200000 0.100000 110.000000 0.000000 -207494.266681 61.721092 25.316159
17 298.150000 -1.000000 0.000000 0.400000 0.100000 110.000000 0.000000 -207285.577340 57.404701 25.711245
16 298.150000 -1.000000 0.000000 0.500000 0.100000 110.000000 0.000000 -207168.620842 76.600981 25.249664
16 298.150000 -1.000000 0.000000 0.500000 0.100000 110.000000 0.000000 -207570.012334 61.472975 25.748130
16 298.150000 -1.000000 0.000000 0.500000 0.100000 110.000000 0.000000 -207248.878872 45.077265 25.414083
16 298.150000 -1.000000 0.000000 0.500000 0.100000 110.000000 0.000000 -207238.910512 84.865813 25.435149
18 298.150000 -1.000000 0.000000 0.300000 0.100000 110.000000 0.000000 -207126.488504 59.336335 25.591634
17 298.150000 -1.000000 0.000000 0.400000 0.100000 110.000000 0.000000 -207260.212823 18.769164 25.605398
19 298.150000 -1.000000 0.000000 0.200000 0.100000 110.000000 0.000000 -207851.741646 80.247259 25.453503
19 298.150000 -1.000000 0.000000 0.200000 0.100000 110.000000 0.000000 -207336.739798 31.545732 25.815627
16 298.150000 -1.000000 0.000000 0.500000 0.100000 110.000000 0.000000 -207092.246973 51.612028 25.297491
18 298.150000 -1.000000 0.000000 0.300000 0.100000 110.000000 0.000000 -207109.821571 70.552220 25.288570
17 298.150000 -1.000000 0.000000 0.400000 0.100000 110.000000 0.000000 -207517.271640 61.610999 25.480525
18 298.150000 -1.000000 0.000000 0.300000 0.100000 110.000000 0.000000 -207167.066792 91.931270 25.081608
16 298.150000 -1.000000 0.000000 0.500000 0.100000 110.000000 0.000000 -207473.855424 85.504217 25.493013
19 298.150000 -1.000000 0.000000 0.200000 0.100000 110.000000 0.000000 -207389.458654 61.804021 25.240487
16 298.150000 -1.000000 0.000000 0.500000 0.100000 110.000000 0.000000 -207482.961060 35.390141 25.797259
17 298.150000 -1.000000 0.000000 0.400000 0.100000 110.000000 0.000000 -207460.594903 63.027334 25.799486
16 298.150000 -1.000000 0.000000 0.500000 0.100000 110.000000 0.000000 -207496.277033 56.570728 25.762397
18 298.150000 -1.000000 0.000000 0.300000 0.100000 110.000000 0.000000 -207284.612008 72.293383 25.783172
16 298.150000 -1.000000 0.000000 0.500000 0.100000 110.000000 0.000000 -207385.605073 81.665501 25.446873
18 298.150000 -1.000000 0.000000 0.300000 0.100000 110.000000 0.000000 -207163.706019 72.262423 25.634267
17 298.150000 -1.000000 0.000000 0.400000 0.100000 110.000000 0.000000 -207349.693891 44.987781 25.260292
17 298.150000 -1.000000 0.000000 0.400000 0.100000 110.000000 0.000000 -207452.184668 87.373377 25.405415
18 298.150000 -1.000000 0.000000 0.300000 0.100000 110.000000 0.000000 -207069.460471 33.697526 24.535429
17 298.150000 -1.000000 0.000000 0.400000 0.100000 110.000000 0.000000 -207336.405346 62.836700 24.976611
19 298.150000 -1.000000 0.000000 0.200000 0.100000 110.000000 0.000000 -207446.618725 92.343906 24.666900
19 298.150000 -1.000000 0.000000 0.200000 0.100000 110.000000 0.000000 -207584.249758 98.807007 25.444363
19 298.150000 -1.000000 0.000000 0.200000 0.100000 110.000000 0.000000 -207470.733424 108.017644 25.566431
20 298.150000 -1.000000 0.000000 0.100000 0.100000 110.000000 0.000000 -207871.418057 72.289165 25.021941
20 298.150000 -1.000000 0.000000 0.100000 0.100000 110.000000 0.000000 -207524.783934 130.486671 25.436101
20 298.150000 -1.000000 0.000000 0.100000 0.100000 110.000000 0.000000 -207655.676150 97.205057 25.449239
19 298.150000 -1.000000 0.000000 0.200000 0.100000 110.000000 0.000000 -207752.923015 84.130127 25.708667
16 298.150000 -1.000000 0.000000 0.500000 0.100000 110.000000 0.000000 -207558.184308 80.378361 25.807963
18 298.150000 -1.000000 0.000000 0.300000 0.100000 110.000000 0.000000 -207366.161017 55.852541 25.049391
17 298.150000 -1.000000 0.000000 0.400000 0.100000 110.000000 0.000000 -207356.306891 62.150311 25.250012
19 298.150000 -1.000000 0.000000 0.200000 0.100000 110.000000 0.000000 -207391.588839 87.738981 25.324919
20 298.150000 -1.000000 0.000000 0.100000 0.100000 110.000000 0.000000 -207731.365278 133.014539 25.542350
20 298.150000 -1.000000 0.000000 0.100000 0.100000 110.000000 0.000000 -207127.634540 118.528665 24.966643
20 298.150000 -1.000000 0.000000 0.100000 0.100000 110.000000 0.000000 -207378.867151 80.776088 25.219659
17 298.150000 -1.000000 0.000000 0.400000 0.100000 110.000000 0.000000 -207410.870562 33.474615 25.384374
15 298.150000 -1.000000 0.100000 0.500000 0.100000 110.000000 0.000000 -207765.913836 22.289147 25.721138
15 298.150000 -1.000000 0.100000 0.500000 0.100000 110.000000 0.000000 -207483.737972 24.557932 25.305949
15 298.150000 -1.000000 0.100000 0.500000 0.100000 110.000000 0.000000 -207397.162263 5.825584 25.123762
14 298.150000 -1.000000 0.200000 0.500000 0.100000 110.000000 0.000000 -207415.515804 -2.500814 24.649896
10 298.150000 1.000000 0.500000 0.500000 0.100000 110.000000 0.000000 -207262.332530 1.935123 25.066400
10 298.150000 1.000000 0.500000 0.500000 0.100000 110.000000 0.000000 -207632.250542 1.965414 25.216923
8 298.150000 1.000000 0.300000 0.500000 0.100000 110.000000 0.000000 -207706.514958 5.425674 25.022295
8 298.150000 1.000000 0.300000 0.500000 0.100000 110.000000 0.000000 -207557.043616 11.623972 25.186585
8 298.150000 1.000000 0.300000 0.500000 0.100000 110.000000 0.000000 -207794.433265 15.349219 25.003140
8 298.150000 1.000000 0.300000 0.500000 0.100000 110.000000 0.000000 -207706.779742 5.267005 25.089403
8 298.150000 1.000000 0.300000 0.500000 0.100000 110.000000 0.000000 -207555.166865 8.603085 25.060706
9 298.150000 1.000000 0.400000 0.500000 0.100000 110.000000 0.000000 -207558.216924 -0.203902 25.222939
9 298.150000 1.000000 0.400000 0.500000 0.100000 110.000000 0.000000 -207489.347442 6.269924 25.310430
7 298.150000 1.000000 0.200000 0.500000 0.100000 110.000000 0.000000 -207159.432893 10.306104 25.079051
7 298.150000 1.000000 0.200000 0.500000 0.100000 110.000000 0.000000 -207438.738461 6.102476 25.830415
9 298.150000 1.000000 0.400000 0.500000 0.100000 110.000000 0.000000 -207781.813669 -2.578537 24.669283
9 298.150000 1.000000 0.400000 0.500000 0.100000 110.000000 0.000000 -207338.392130 1.629263 25.253166
7 298.150000 1.000000 0.200000 0.500000 0.100000 110.000000 0.000000 -207137.541702 20.188008 25.329318
7 298.150000 1.000000 0.200000 0.500000 0.100000 110.000000 0.000000 -207120.055859 21.362938 25.400391
7 298.150000 1.000000 0.200000 0.500000 0.100000 110.000000 0.000000 -207543.414427 12.904175 24.452420
6 298.150000 1.000000 0.100000 0.500000 0.100000 110.000000 0.000000 -207281.552266 20.922451 25.643788
6 298.150000 1.000000 0.100000 0.500000 0.100000 110.000000 0.000000 -207262.577441 19.821363 25.725407
6 298.150000 1.000000 0.100000 0.500000 0.100000 110.000000 0.000000 -207525.075092 29.249868 23.457195
6 298.150000 1.000000 0.100000 0.500000 0.100000 110.000000 0.000000 -207537.340129 20.100765 24.647171
6 298.150000 1.000000 0.100000 0.500000 0.100000 110.000000 0.000000 -207186.435515 15.212980 25.147568
6 298.150000 1.000000 0.100000 0.500000 0.100000 110.000000 0.000000 -207274.848086 26.708238 25.652175
6 298.150000 1.000000 0.100000 0.500000 0.100000 110.000000 0.000000 -207339.203565 25.853750 23.288344
6 298.150000 1.000000 0.100000 0.500000 0.100000 110.000000 0.000000 -207572.870717 11.922720 24.864857
6 298.150000 1.000000 0.100000 0.500000 0.100000 110.000000 0.000000 -207345.748187 2.675700 25.158031
9 298.150000 1.000000 0.400000 0.500000 0.100000 110.000000 0.000000 -207265.746816 3.858774 25.546746
7 298.150000 1.000000 0.200000 0.500000 0.100000 110.000000 0.000000 -207466.532812 27.881742 25.342498
7 298.150000 1.000000 0.200000 0.500000 0.100000 110.000000 0.000000 -207498.702791 14.402092 25.244554
7 298.150000 1.000000 0.200000 0.500000 0.100000 110.000000 0.000000 -207648.118643 7.958858 25.569003
7 298.150000 1.000000 0.200000 0.500000 0.100000 110.000000 0.000000 -207373.404349 13.118169 25.107400
7 298.150000 1.000000 0.200000 0.500000 0.100000 110.000000 0.000000 -208047.377257 15.040869 25.256322
7 298.150000 1.000000 0.200000 0.500000 0.100000 110.000000 0.000000 -207238.945795 15.917416 25.067889
7 298.150000 1.000000 0.200000 0.500000 0.100000 110.000000 0.000000 -207771.227906 14.737814 25.172217
7 298.150000 1.000000 0.200000 0.500000 0.100000 110.000000 0.000000 -207251.036581 4.912828 25.427927
7 298.150000 1.000000 0.200000 0.500000 0.100000 110.000000 0.000000 -207826.589112 5.477755 25.612987
8 298.150000 1.000000 0.300000 0.500000 0.100000 110.000000 0.000000 -207667.354322 6.158193 24.269162
6 298.150000 1.000000 0.100000 0.500000 0.100000 110.000000 0.000000 -207293.942094 33.709169 24.971350
6 298.150000 1.000000 0.100000 0.500000 0.100000 110.000000 0.000000 -207113.428389 20.370105 24.696005
3 298.150000 1.000000 0.000000 0.300000 0.100000 110.000000 0.000000 -207667.411679 108.366078 25.255894
2 298.150000 1.000000 0.000000 0.200000 0.100000 110.000000 0.000000 -207378.090505 68.155543 25.255070
5 298.150000 1.000000 0.000000 0.500000 0.100000 110.000000 0.000000 -207362.169279 57.091561 25.200916
2 298.150000 1.000000 0.000000 0.200000 0.100000 110.000000 0.000000 -207205.348973 126.035856 23.265719
2 298.150000 1.000000 0.000000 0.200000 0.100000 110.000000 0.000000 -207422.750855 113.243456 25.244690
3 298.150000 1.000000 0.000000 0.300000 0.100000 110.000000 0.000000 -207483.209840 63.694594 25.644913
4 298.150000 1.000000 0.000000 0.400000 0.100000 110.000000 0.000000 -207512.335984 86.927279 25.651449
2 298.150000 1.000000 0.000000 0.200000 0.100000 110.000000 0.000000 -207640.621707 106.302594 25.355442
3 298.150000 1.000000 0.000000 0.300000 0.100000 110.000000 0.000000 -207526.428815 105.838661 25.124564
4 298.150000 1.000000 0.000000 0.400000 0.100000 110.000000 0.000000 -207252.744126 62.807784 24.372009
4 298.150000 1.000000 0.000000 0.400000 0.100000 110.000000 0.000000 -207359.919924 46.349747 25.298069
5 298.150000 1.000000 0.000000 0.500000 0.100000 110.000000 0.000000 -207640.862681 73.182700 25.043237
5 298.150000 1.000000 0.000000 0.500000 0.100000 110.000000 0.000000 -207367.383309 57.740768 24.703109
3 298.150000 1.000000 0.000000 0.300000 0.100000 110.000000 0.000000 -207369.155309 84.605149 23.987016
3 298.150000 1.000000 0.000000 0.300000 0.100000 110.000000 0.000000 -207249.933430 111.650365 25.362506
2 298.150000 1.000000 0.000000 0.200000 0.100000 110.000000 0.000000 -207676.614812 114.123974 25.420019
3 298.150000 1.000000 0.000000 0.300000 0.100000 110.000000 0.000000 -207319.616500 105.785482 25.307830
4 298.150000 1.000000 0.000000 0.400000 0.100000 110.000000 0.000000 -207652.776453 92.201474 24.779303
3 298.150000 1.000000 0.000000 0.300000 0.100000 110.000000 0.000000 -207789.967143 100.139839 23.987001
3 298.150000 1.000000 0.000000 0.300000 0.100000 110.000000 0.000000 -207276.675356 99.531135 25.304132
4 298.150000 1.000000 0.000000 0.400000 0.100000 110.000000 0.000000 -207292.555786 72.894553 24.480376
4 298.150000 1.000000 0.000000 0.400000 0.100000 110.000000 0.000000 -207234.028676 70.665128 25.579204
3 298.150000 1.000000 0.000000 0.300000 0.100000 110.000000 0.000000 -207058.841542 62.564911 25.542833
4 298.150000 1.000000 0.000000 0.400000 0.100000 110.000000 0.000000 -207034.240121 83.945065 25.161142
2 298.150000 1.000000 0.000000 0.200000 0.100000 110.000000 0.000000 -207677.192144 74.857550 24.930766
2 298.150000 1.000000 0.000000 0.200000 0.100000 110.000000 0.000000 -207283.687005 99.783951 23.575603
2 298.150000 1.000000 0.000000 0.200000 0.100000 110.000000 0.000000 -207312.113836 69.650854 24.984394
3 298.150000 1.000000 0.000000 0.300000 0.100000 110.000000 0.000000 -207677.622339 81.370613 25.130917
4 298.150000 1.000000 0.000000 0.400000 0.100000 110.000000 0.000000 -208020.866166 86.855404 25.727885
2 298.150000 1.000000 0.000000 0.200000 0.100000 110.000000 0.000000 -207571.321102 76.263710 25.191232
