18 298.150000 -1.000000 0.000000 0.300000 0.100000 110.000000 0.000000 -207878.295087 91.665827 25.092426
18 298.150000 -1.000000 0.000000 0.300000 0.100000 110.000000 0.000000 -208026.501418 85.877654 24.958540
17 298.150000 -1.000000 0.000000 0.400000 0.100000 110.000000 0.000000 -207781.308584 86.170947 25.244849
17 298.150000 -1.000000 0.000000 0.400000 0.100000 110.000000 0.000000 -207942.729282 85.930831 25.385331
18 298.150000 -1.000000 0.000000 0.300000 0.100000 110.000000 0.000000 -208357.505966 81.602533 24.938531
19 298.150000 -1.000000 0.000000 0.200000 0.100000 110.000000 0.000000 -207916.148847 83.329521 24.755758
18 298.150000 -1.000000 0.000000 0.300000 0.100000 110.000000 0.000000 -207902.666135 129.506027 24.895694
18 298.150000 -1.000000 0.000000 0.300000 0.100000 110.000000 0.000000 -207871.674747 124.060532 24.792259
19 298.150000 -1.000000 0.000000 0.200000 0.100000 110.000000 0.000000 -207878.471119 124.814045 24.876982
19 298.150000 -1.000000 0.000000 0.200000 0.100000 110.000000 0.000000 -207975.387519 73.829354 24.858126
18 298.150000 -1.000000 0.000000 0.300000 0.100000 110.000000 0.000000 -207903.051304 108.532515 24.915750
19 298.150000 -1.000000 0.000000 0.200000 0.100000 110.000000 0.000000 -207902.909572 121.989889 24.843189
19 298.150000 -1.000000 0.000000 0.200000 0.100000 110.000000 0.000000 -207620.390788 136.191677 24.901579
19 298.150000 -1.000000 0.000000 0.200000 0.100000 110.000000 0.000000 -208167.648589 120.957425 24.867894
19 298.150000 -1.000000 0.000000 0.200000 0.100000 110.000000 0.000000 -207927.611488 121.645545 24.888467
18 298.150000 -1.000000 0.000000 0.300000 0.100000 110.000000 0.000000 -208237.405753 113.221961 25.443361
18 298.150000 -1.000000 0.000000 0.300000 0.100000 110.000000 0.000000 -207373.614956 84.737960 25.040033
18 298.150000 -1.000000 0.000000 0.300000 0.100000 110.000000 0.000000 -208336.016346 89.319450 25.390071
18 298.150000 -1.000000 0.000000 0.300000 0.100000 110.000000 0.000000 -208140.666813 80.645953 25.038653
18 298.150000 -1.000000 0.000000 0.300000 0.100000 110.000000 0.000000 -207841.410964 76.071166 25.251420
16 298.150000 -1.000000 0.000000 0.500000 0.100000 110.000000 0.000000 -207563.627375 72.822119 25.460294
18 298.150000 -1.000000 0.000000 0.300000 0.100000 110.000000 0.000000 -207393.372471 110.171264 24.903499
19 298.150000 -1.000000 0.000000 0.200000 0.100000 110.000000 0.000000 -207727.112365 130.048446 24.856626
19 298.150000 -1.000000 0.000000 0.200000 0.100000 110.000000 0.000000 -207332.270162 129.427980 25.224439
19 298.150000 -1.000000 0.000000 0.200000 0.100000 110.000000 0.000000 -207603.202343 134.808461 25.149205
19 298.150000 -1.000000 0.000000 0.200000 0.100000 110.000000 0.000000 -207718.748417 137.714870 25.143897
19 298.150000 -1.000000 0.000000 0.200000 0.100000 110.000000 0.000000 -207624.732300 138.050220 24.924207
19 298.150000 -1.000000 0.000000 0.200000 0.100000 110.000000 0.000000 -207685.663477 146.864180 24.774107
19 298.150000 -1.000000 0.000000 0.200000 0.100000 110.000000 0.000000 -207573.810770 158.956661 25.113289
19 298.150000 -1.000000 0.000000 0.200000 0.100000 110.000000 0.000000 -208142.708470 71.059801 24.949039
15 298.150000 -1.000000 0.100000 0.500000 0.100000 110.000000 0.000000 -207772.198659 25.565529 24.980053
14 298.150000 -1.000000 0.200000 0.500000 0.100000 110.000000 0.000000 -207716.093523 1.697231 25.231609
14 298.150000 -1.000000 0.200000 0.500000 0.100000 110.000000 0.000000 -207746.060088 20.631329 25.102761
15 298.150000 -1.000000 0.100000 0.500000 0.100000 110.000000 0.000000 -207674.310242 42.164309 25.107128
15 298.150000 -1.000000 0.100000 0.500000 0.100000 110.000000 0.000000 -207164.783688 24.869522 25.180258
15 298.150000 -1.000000 0.100000 0.500000 0.100000 110.000000 0.000000 -207638.212870 26.054882 25.173202
14 298.150000 -1.000000 0.200000 0.500000 0.100000 110.000000 0.000000 -207564.753403 23.075876 25.236560
15 298.150000 -1.000000 0.100000 0.500000 0.100000 110.000000 0.000000 -207864.886803 25.614343 24.916676
15 298.150000 -1.000000 0.100000 0.500000 0.100000 110.000000 0.000000 -207679.940866 27.002720 24.745756
15 298.150000 -1.000000 0.100000 0.500000 0.100000 110.000000 0.000000 -207701.286018 20.086254 25.166954
15 298.150000 -1.000000 0.100000 0.500000 0.100000 110.000000 0.000000 -207753.996739 29.079467 25.046884
15 298.150000 -1.000000 0.100000 0.500000 0.100000 110.000000 0.000000 -208157.308017 50.608019 25.151098
15 298.150000 -1.000000 0.100000 0.500000 0.100000 110.000000 0.000000 -207816.401058 60.702509 25.264711
18 298.150000 -1.000000 0.000000 0.300000 0.100000 110.000000 0.000000 -207763.155449 66.994434 24.883558
16 298.150000 -1.000000 0.000000 0.500000 0.100000 110.000000 0.000000 -207505.277063 76.477530 25.157652
18 298.150000 -1.000000 0.000000 0.300000 0.100000 110.000000 0.000000 -207800.419528 84.627283 25.173045
17 298.150000 -1.000000 0.000000 0.400000 0.100000 110.000000 0.000000 -207977.348095 71.235776 24.966317
17 298.150000 -1.000000 0.000000 0.400000 0.100000 110.000000 0.000000 -207675.294393 84.478036 25.149751
17 298.150000 -1.000000 0.000000 0.400000 0.100000 110.000000 0.000000 -207520.339452 93.118303 24.962836
16 298.150000 -1.000000 0.000000 0.500000 0.100000 110.000000 0.000000 -207760.900822 66.082064 24.880559
18 298.150000 -1.000000 0.000000 0.300000 0.100000 110.000000 0.000000 -208023.891084 69.458363 25.124180
16 298.150000 -1.000000 0.000000 0.500000 0.100000 110.000000 0.000000 -208082.496043 74.825047 25.045730
17 298.150000 -1.000000 0.000000 0.400000 0.100000 110.000000 0.000000 -207660.782704 82.410856 25.135873
18 298.150000 -1.000000 0.000000 0.300000 0.100000 110.000000 0.000000 -207721.943272 62.097685 25.191125
16 298.150000 -1.000000 0.000000 0.500000 0.100000 110.000000 0.000000 -207756.896859 61.050899 24.951271
18 298.150000 -1.000000 0.000000 0.300000 0.100000 110.000000 0.000000 -207603.597373 69.701951 24.886761
18 298.150000 -1.000000 0.000000 0.300000 0.100000 110.000000 0.000000 -207836.584696 84.031500 24.849626
17 298.150000 -1.000000 0.000000 0.400000 0.100000 110.000000 0.000000 -207586.416389 88.638142 25.035963
17 298.150000 -1.000000 0.000000 0.400000 0.100000 110.000000 0.000000 -207755.696255 92.449853 25.266755
17 298.150000 -1.000000 0.000000 0.400000 0.100000 110.000000 0.000000 -207907.115560 69.780582 24.908547
17 298.150000 -1.000000 0.000000 0.400000 0.100000 110.000000 0.000000 -207707.753378 84.968351 24.904521
17 298.150000 -1.000000 0.000000 0.400000 0.100000 110.000000 0.000000 -207690.230783 85.585784 24.991454
19 298.150000 -1.000000 0.000000 0.200000 0.100000 110.000000 0.000000 -207721.465093 145.984857 25.128545
19 298.150000 -1.000000 0.000000 0.200000 0.100000 110.000000 0.000000 -207653.919177 131.018432 25.293365
19 298.150000 -1.000000 0.000000 0.200000 0.100000 110.000000 0.000000 -207923.000444 137.054470 24.901163
19 298.150000 -1.000000 0.000000 0.200000 0.100000 110.000000 0.000000 -207540.683385 48.144041 24.942781
18 298.150000 -1.000000 0.000000 0.300000 0.100000 110.000000 0.000000 -207668.812729 87.042141 24.821592
18 298.150000 -1.000000 0.000000 0.300000 0.100000 110.000000 0.000000 -207492.951437 136.244612 24.980849
18 298.150000 -1.000000 0.000000 0.300000 0.100000 110.000000 0.000000 -207584.994522 85.845279 24.887960
18 298.150000 -1.000000 0.000000 0.300000 0.100000 110.000000 0.000000 -207752.371545 79.855375 25.031952
17 298.150000 -1.000000 0.000000 0.400000 0.100000 110.000000 0.000000 -207698.068200 78.640066 24.653557
17 298.150000 -1.000000 0.000000 0.400000 0.100000 110.000000 0.000000 -207540.088022 58.464442 24.946713
18 298.150000 -1.000000 0.000000 0.300000 0.100000 110.000000 0.000000 -207792.346110 84.454409 25.138047
17 298.150000 -1.000000 0.000000 0.400000 0.100000 110.000000 0.000000 -207785.304575 65.210814 25.194870
16 298.150000 -1.000000 0.000000 0.500000 0.100000 110.000000 0.000000 -207572.474912 55.578726 25.129449
16 298.150000 -1.000000 0.000000 0.500000 0.100000 110.000000 0.000000 -207473.061204 91.999338 24.829221
16 298.150000 -1.000000 0.000000 0.500000 0.100000 110.000000 0.000000 -207364.371792 80.033616 24.918786
17 298.150000 -1.000000 0.000000 0.400000 0.100000 110.000000 0.000000 -207654.040805 80.311208 25.248610
16 298.150000 -1.000000 0.000000 0.500000 0.100000 110.000000 0.000000 -207330.156593 85.958492 25.233848
16 298.150000 -1.000000 0.000000 0.500000 0.100000 110.000000 0.000000 -207629.601928 79.485163 24.885390
16 298.150000 -1.000000 0.000000 0.500000 0.100000 110.000000 0.000000 -207416.357994 82.427089 25.025131
16 298.150000 -1.000000 0.000000 0.500000 0.100000 110.000000 0.000000 -207619.207589 82.485329 24.985648
16 298.150000 -1.000000 0.000000 0.500000 0.100000 110.000000 0.000000 -207801.791337 72.220241 24.880190
19 298.150000 -1.000000 0.000000 0.200000 0.100000 110.000000 0.000000 -207687.693019 132.957929 24.836582
19 298.150000 -1.000000 0.000000 0.200000 0.100000 110.000000 0.000000 -207724.751724 137.009036 24.866920
20 298.150000 -1.000000 0.000000 0.100000 0.100000 110.000000 0.000000 -207514.075367 148.330870 24.846374
20 298.150000 -1.000000 0.000000 0.100000 0.100000 110.000000 0.000000 -208028.439082 147.502596 25.200246
20 298.150000 -1.000000 0.000000 0.100000 0.100000 110.000000 0.000000 -207799.357789 184.780524 24.969216
20 298.150000 -1.000000 0.000000 0.100000 0.100000 110.000000 0.000000 -207762.816228 177.989384 25.217339
20 298.150000 -1.000000 0.000000 0.100000 0.100000 110.000000 0.000000 -207573.846760 169.028167 24.999059
20 298.150000 -1.000000 0.000000 0.100000 0.100000 110.000000 0.000000 -207834.417667 171.032107 24.984270
20 298.150000 -1.000000 0.000000 0.100000 0.100000 110.000000 0.000000 -207706.719009 196.098131 24.893985
20 298.150000 -1.000000 0.000000 0.100000 0.100000 110.000000 0.000000 -207551.964141 146.726301 24.857695
20 298.150000 -1.000000 0.000000 0.100000 0.100000 110.000000 0.000000 -207612.996942 130.793789 25.156148
19 298.150000 -1.000000 0.000000 0.200000 0.100000 110.000000 0.000000 -207799.294115 135.970810 24.833364
19 298.150000 -1.000000 0.000000 0.200000 0.100000 110.000000 0.000000 -207745.677167 134.863632 25.141669
19 298.150000 -1.000000 0.000000 0.200000 0.100000 110.000000 0.000000 -207720.317120 119.093457 24.797608
18 298.150000 -1.000000 0.000000 0.300000 0.100000 110.000000 0.000000 -208132.096403 116.846030 24.514564
18 298.150000 -1.000000 0.000000 0.300000 0.100000 110.000000 0.000000 -207773.838154 33.803441 25.093527
16 298.150000 -1.000000 0.000000 0.500000 0.100000 110.000000 0.000000 -207819.843989 86.733616 24.969167
17 298.150000 -1.000000 0.000000 0.400000 0.100000 110.000000 0.000000 -207713.958642 98.500603 24.912818
18 298.150000 -1.000000 0.000000 0.300000 0.100000 110.000000 0.000000 -207448.010579 90.206324 24.919554
18 298.150000 -1.000000 0.000000 0.300000 0.100000 110.000000 0.000000 -208003.294605 79.612644 25.042106
16 298.150000 -1.000000 0.000000 0.500000 0.100000 110.000000 0.000000 -207985.043368 79.548496 25.036012
18 298.150000 -1.000000 0.000000 0.300000 0.100000 110.000000 0.000000 -207804.584891 115.279983 25.028990
18 298.150000 -1.000000 0.000000 0.300000 0.100000 110.000000 0.000000 -207839.615426 66.474261 25.043976
15 298.150000 -1.000000 0.100000 0.500000 0.100000 110.000000 0.000000 -208207.818369 38.862195 24.976712
15 298.150000 -1.000000 0.100000 0.500000 0.100000 110.000000 0.000000 -207686.368804 42.893436 24.873817
15 298.150000 -1.000000 0.100000 0.500000 0.100000 110.000000 0.000000 -207842.832619 37.475021 25.113329
15 298.150000 -1.000000 0.100000 0.500000 0.100000 110.000000 0.000000 -207866.467521 41.044082 24.872414
15 298.150000 -1.000000 0.100000 0.500000 0.100000 110.000000 0.000000 -207541.205540 30.199006 25.107688
15 298.150000 -1.000000 0.100000 0.500000 0.100000 110.000000 0.000000 -207598.208174 28.369239 24.832381
15 298.150000 -1.000000 0.100000 0.500000 0.100000 110.000000 0.000000 -207783.882003 49.430158 24.883665
15 298.150000 -1.000000 0.100000 0.500000 0.100000 110.000000 0.000000 -208084.247259 23.868125 25.035945
15 298.150000 -1.000000 0.100000 0.500000 0.100000 110.000000 0.000000 -208062.471535 65.222635 24.856598
15 298.150000 -1.000000 0.100000 0.500000 0.100000 110.000000 0.000000 -207860.905155 32.021725 25.076096
15 298.150000 -1.000000 0.100000 0.500000 0.100000 110.000000 0.000000 -207484.566320 46.082719 24.888260
16 298.150000 -1.000000 0.000000 0.500000 0.100000 110.000000 0.000000 -207814.271636 75.003714 24.731915
18 298.150000 -1.000000 0.000000 0.300000 0.100000 110.000000 0.000000 -208000.905811 82.866226 24.630416
18 298.150000 -1.000000 0.000000 0.300000 0.100000 110.000000 0.000000 -207634.891649 114.203008 25.175702
18 298.150000 -1.000000 0.000000 0.300000 0.100000 110.000000 0.000000 -207704.251548 85.134277 25.153670
18 298.150000 -1.000000 0.000000 0.300000 0.100000 110.000000 0.000000 -207822.250744 67.387001 24.891684
18 298.150000 -1.000000 0.000000 0.300000 0.100000 110.000000 0.000000 -207569.802541 110.749891 24.345181
16 298.150000 -1.000000 0.000000 0.500000 0.100000 110.000000 0.000000 -208124.181055 85.934595 25.173932
17 298.150000 -1.000000 0.000000 0.400000 0.100000 110.000000 0.000000 -207647.866859 91.712215 25.118590
17 298.150000 -1.000000 0.000000 0.400000 0.100000 110.000000 0.000000 -207899.266757 62.324137 25.010100
