3 298.150000 1.000000 0.000000 0.300000 0.100000 110.000000 0.000000 -207607.552066 73.028354 25.023952
3 298.150000 1.000000 0.000000 0.300000 0.100000 110.000000 0.000000 -207920.475979 116.744626 25.211207
3 298.150000 1.000000 0.000000 0.300000 0.100000 110.000000 0.000000 -207920.653023 130.482997 24.782182
3 298.150000 1.000000 0.000000 0.300000 0.100000 110.000000 0.000000 -207799.672235 126.976162 24.761154
3 298.150000 1.000000 0.000000 0.300000 0.100000 110.000000 0.000000 -207732.565426 133.265315 24.418009
2 298.150000 1.000000 0.000000 0.200000 0.100000 110.000000 0.000000 -207584.972501 142.203763 22.954889
2 298.150000 1.000000 0.000000 0.200000 0.100000 110.000000 0.000000 -207956.766992 146.374660 24.878654
2 298.150000 1.000000 0.000000 0.200000 0.100000 110.000000 0.000000 -207894.898217 123.549391 25.262700
2 298.150000 1.000000 0.000000 0.200000 0.100000 110.000000 0.000000 -207439.222031 145.349093 24.763085
3 298.150000 1.000000 0.000000 0.300000 0.100000 110.000000 0.000000 -207773.141020 86.596416 24.869168
4 298.150000 1.000000 0.000000 0.400000 0.100000 110.000000 0.000000 -207832.047673 49.962300 24.893592
4 298.150000 1.000000 0.000000 0.400000 0.100000 110.000000 0.000000 -207752.576850 95.743630 25.217982
4 298.150000 1.000000 0.000000 0.400000 0.100000 110.000000 0.000000 -207581.079617 104.947312 24.899946
2 298.150000 1.000000 0.000000 0.200000 0.100000 110.000000 0.000000 -207722.194534 134.828662 24.890161
2 298.150000 1.000000 0.000000 0.200000 0.100000 110.000000 0.000000 -208051.116545 115.736246 25.213492
2 298.150000 1.000000 0.000000 0.200000 0.100000 110.000000 0.000000 -207921.745943 130.264932 24.804842
2 298.150000 1.000000 0.000000 0.200000 0.100000 110.000000 0.000000 -207663.219867 138.809094 24.949614
2 298.150000 1.000000 0.000000 0.200000 0.100000 110.000000 0.000000 -207703.664756 127.644789 24.847178
2 298.150000 1.000000 0.000000 0.200000 0.100000 110.000000 0.000000 -207466.631909 152.820495 24.970904
2 298.150000 1.000000 0.000000 0.200000 0.100000 110.000000 0.000000 -207807.345717 136.425471 24.213351
2 298.150000 1.000000 0.000000 0.200000 0.100000 110.000000 0.000000 -208158.316043 133.585530 23.625074
2 298.150000 1.000000 0.000000 0.200000 0.100000 110.000000 0.000000 -207782.993898 132.855930 23.569116
2 298.150000 1.000000 0.000000 0.200000 0.100000 110.000000 0.000000 -207782.200323 135.818273 24.814060
2 298.150000 1.000000 0.000000 0.200000 0.100000 110.000000 0.000000 -207987.491553 142.423931 24.938957
2 298.150000 1.000000 0.000000 0.200000 0.100000 110.000000 0.000000 -207675.759178 141.229407 24.541846
2 298.150000 1.000000 0.000000 0.200000 0.100000 110.000000 0.000000 -207734.560691 126.588633 24.769005
2 298.150000 1.000000 0.000000 0.200000 0.100000 110.000000 0.000000 -207833.590949 136.763914 24.854077
2 298.150000 1.000000 0.000000 0.200000 0.100000 110.000000 0.000000 -207593.750706 138.196292 23.194163
2 298.150000 1.000000 0.000000 0.200000 0.100000 110.000000 0.000000 -207711.368256 135.281163 23.977947
3 298.150000 1.000000 0.000000 0.300000 0.100000 110.000000 0.000000 -207981.278625 118.423594 25.108338
3 298.150000 1.000000 0.000000 0.300000 0.100000 110.000000 0.000000 -207666.737395 126.526284 23.908156
2 298.150000 1.000000 0.000000 0.200000 0.100000 110.000000 0.000000 -207726.645830 129.153853 24.452008
3 298.150000 1.000000 0.000000 0.300000 0.100000 110.000000 0.000000 -207539.561248 124.605752 25.354145
2 298.150000 1.000000 0.000000 0.200000 0.100000 110.000000 0.000000 -207755.481793 143.152714 24.680487
2 298.150000 1.000000 0.000000 0.200000 0.100000 110.000000 0.000000 -207873.820005 133.182405 23.809000
2 298.150000 1.000000 0.000000 0.200000 0.100000 110.000000 0.000000 -207656.355662 98.892413 25.249944
5 298.150000 1.000000 0.000000 0.500000 0.100000 110.000000 0.000000 -207661.562793 81.943348 24.782183
3 298.150000 1.000000 0.000000 0.300000 0.100000 110.000000 0.000000 -207551.953223 106.953824 25.015336
3 298.150000 1.000000 0.000000 0.300000 0.100000 110.000000 0.000000 -207894.745007 72.225299 25.202547
5 298.150000 1.000000 0.000000 0.500000 0.100000 110.000000 0.000000 -207897.510057 76.524066 24.954849
3 298.150000 1.000000 0.000000 0.300000 0.100000 110.000000 0.000000 -207839.174845 83.223661 25.228632
4 298.150000 1.000000 0.000000 0.400000 0.100000 110.000000 0.000000 -207783.398412 54.450927 24.631085
5 298.150000 1.000000 0.000000 0.500000 0.100000 110.000000 0.000000 -207590.337765 75.450996 24.827875
3 298.150000 1.000000 0.000000 0.300000 0.100000 110.000000 0.000000 -208147.714959 71.111516 24.443024
3 298.150000 1.000000 0.000000 0.300000 0.100000 110.000000 0.000000 -207831.313361 75.921340 25.039253
4 298.150000 1.000000 0.000000 0.400000 0.100000 110.000000 0.000000 -207926.426368 69.543292 25.106137
5 298.150000 1.000000 0.000000 0.500000 0.100000 110.000000 0.000000 -207986.283684 88.834169 24.950292
5 298.150000 1.000000 0.000000 0.500000 0.100000 110.000000 0.000000 -207651.927448 53.696320 24.904928
5 298.150000 1.000000 0.000000 0.500000 0.100000 110.000000 0.000000 -207725.539540 38.345324 24.876353
5 298.150000 1.000000 0.000000 0.500000 0.100000 110.000000 0.000000 -207655.241046 73.286117 24.864577
3 298.150000 1.000000 0.000000 0.300000 0.100000 110.000000 0.000000 -207703.680716 117.375323 24.901594
4 298.150000 1.000000 0.000000 0.400000 0.100000 110.000000 0.000000 -207854.828884 116.041611 25.253613
3 298.150000 1.000000 0.000000 0.300000 0.100000 110.000000 0.000000 -207934.948547 83.769867 24.819197
3 298.150000 1.000000 0.000000 0.300000 0.100000 110.000000 0.000000 -208166.804498 83.599525 25.271273
3 298.150000 1.000000 0.000000 0.300000 0.100000 110.000000 0.000000 -207801.597807 121.628513 24.763212
2 298.150000 1.000000 0.000000 0.200000 0.100000 110.000000 0.000000 -208019.313217 122.307419 24.676795
3 298.150000 1.000000 0.000000 0.300000 0.100000 110.000000 0.000000 -207903.933991 78.198412 25.012243
3 298.150000 1.000000 0.000000 0.300000 0.100000 110.000000 0.000000 -207797.695693 101.930687 24.678438
4 298.150000 1.000000 0.000000 0.400000 0.100000 110.000000 0.000000 -207866.160539 104.797103 25.087340
3 298.150000 1.000000 0.000000 0.300000 0.100000 110.000000 0.000000 -207258.653446 90.102486 24.839800
4 298.150000 1.000000 0.000000 0.400000 0.100000 110.000000 0.000000 -207524.749931 61.027881 25.146115
5 298.150000 1.000000 0.000000 0.500000 0.100000 110.000000 0.000000 -207541.094651 96.312804 24.729822
5 298.150000 1.000000 0.000000 0.500000 0.100000 110.000000 0.000000 -207858.783790 61.681841 25.103607
4 298.150000 1.000000 0.000000 0.400000 0.100000 110.000000 0.000000 -207531.634746 79.757137 24.943814
3 298.150000 1.000000 0.000000 0.300000 0.100000 110.000000 0.000000 -207634.006172 81.918450 25.223523
5 298.150000 1.000000 0.000000 0.500000 0.100000 110.000000 0.000000 -207606.716443 81.543092 25.113083
5 298.150000 1.000000 0.000000 0.500000 0.100000 110.000000 0.000000 -207739.044234 93.587074 25.051448
5 298.150000 1.000000 0.000000 0.500000 0.100000 110.000000 0.000000 -207634.095703 86.767979 24.848400
3 298.150000 1.000000 0.000000 0.300000 0.100000 110.000000 0.000000 -207773.523517 131.410010 25.153072
3 298.150000 1.000000 0.000000 0.300000 0.100000 110.000000 0.000000 -207977.180243 78.668253 25.078720
4 298.150000 1.000000 0.000000 0.400000 0.100000 110.000000 0.000000 -207619.320180 64.947792 25.029800
4 298.150000 1.000000 0.000000 0.400000 0.100000 110.000000 0.000000 -207695.489570 68.009312 24.928467
5 298.150000 1.000000 0.000000 0.500000 0.100000 110.000000 0.000000 -207485.953507 56.774245 25.071657
5 298.150000 1.000000 0.000000 0.500000 0.100000 110.000000 0.000000 -207971.587714 83.702546 24.903730
3 298.150000 1.000000 0.000000 0.300000 0.100000 110.000000 0.000000 -207585.248001 82.312893 24.617001
3 298.150000 1.000000 0.000000 0.300000 0.100000 110.000000 0.000000 -208022.136044 91.195777 25.015320
3 298.150000 1.000000 0.000000 0.300000 0.100000 110.000000 0.000000 -208046.012456 91.295725 25.059141
5 298.150000 1.000000 0.000000 0.500000 0.100000 110.000000 0.000000 -207679.828951 66.507492 25.054727
5 298.150000 1.000000 0.000000 0.500000 0.100000 110.000000 0.000000 -207826.414430 92.839304 24.827633
5 298.150000 1.000000 0.000000 0.500000 0.100000 110.000000 0.000000 -207366.086553 32.152796 25.212584
7 298.150000 1.000000 0.200000 0.500000 0.100000 110.000000 0.000000 -207732.917334 17.457697 24.824087
8 298.150000 1.000000 0.300000 0.500000 0.100000 110.000000 0.000000 -207869.529394 9.701881 24.972274
8 298.150000 1.000000 0.300000 0.500000 0.100000 110.000000 0.000000 -207796.910491 5.240766 25.096352
10 298.150000 1.000000 0.500000 0.500000 0.100000 110.000000 0.000000 -208022.180359 -1.170130 25.162304
10 298.150000 1.000000 0.500000 0.500000 0.100000 110.000000 0.000000 -207876.085305 -0.236462 25.187203
11 298.150000 -1.000000 0.500000 0.500000 0.100000 110.000000 0.000000 -207975.258826 0.963249 25.363883
12 298.150000 -1.000000 0.400000 0.500000 0.100000 110.000000 0.000000 -207667.323264 0.808031 24.934858
13 298.150000 -1.000000 0.300000 0.500000 0.100000 110.000000 0.000000 -207799.161684 -0.904515 24.837404
12 298.150000 -1.000000 0.400000 0.500000 0.100000 110.000000 0.000000 -207768.990234 6.893572 24.955855
12 298.150000 -1.000000 0.400000 0.500000 0.100000 110.000000 0.000000 -207434.235649 9.949133 24.987393
11 298.150000 -1.000000 0.500000 0.500000 0.100000 110.000000 0.000000 -207734.959913 -2.436025 24.853786
11 298.150000 -1.000000 0.500000 0.500000 0.100000 110.000000 0.000000 -207549.606160 0.458147 24.872410
10 298.150000 1.000000 0.500000 0.500000 0.100000 110.000000 0.000000 -207673.825618 -7.162496 25.149110
11 298.150000 -1.000000 0.500000 0.500000 0.100000 110.000000 0.000000 -207828.954264 0.735144 24.885138
11 298.150000 -1.000000 0.500000 0.500000 0.100000 110.000000 0.000000 -208136.348250 -0.974493 25.016703
11 298.150000 -1.000000 0.500000 0.500000 0.100000 110.000000 0.000000 -207932.479469 3.655144 25.240827
10 298.150000 1.000000 0.500000 0.500000 0.100000 110.000000 0.000000 -207603.949132 -0.036188 25.118926
12 298.150000 -1.000000 0.400000 0.500000 0.100000 110.000000 0.000000 -207642.652887 -3.587603 25.171887
12 298.150000 -1.000000 0.400000 0.500000 0.100000 110.000000 0.000000 -207559.121009 13.814477 25.190080
15 298.150000 -1.000000 0.100000 0.500000 0.100000 110.000000 0.000000 -207965.962853 39.906118 25.158627
15 298.150000 -1.000000 0.100000 0.500000 0.100000 110.000000 0.000000 -207752.741783 48.045790 24.590263
15 298.150000 -1.000000 0.100000 0.500000 0.100000 110.000000 0.000000 -207632.838622 38.453733 24.863114
15 298.150000 -1.000000 0.100000 0.500000 0.100000 110.000000 0.000000 -207785.844618 36.078397 25.257929
15 298.150000 -1.000000 0.100000 0.500000 0.100000 110.000000 0.000000 -207933.904142 22.948920 25.112749
14 298.150000 -1.000000 0.200000 0.500000 0.100000 110.000000 0.000000 -207964.790547 20.252312 25.020679
14 298.150000 -1.000000 0.200000 0.500000 0.100000 110.000000 0.000000 -207672.627159 14.951336 24.892610
14 298.150000 -1.000000 0.200000 0.500000 0.100000 110.000000 0.000000 -207774.615751 9.085587 25.142087
12 298.150000 -1.000000 0.400000 0.500000 0.100000 110.000000 0.000000 -207782.043899 2.721337 24.947542
11 298.150000 -1.000000 0.500000 0.500000 0.100000 110.000000 0.000000 -207816.595786 -3.978003 24.833662
13 298.150000 -1.000000 0.300000 0.500000 0.100000 110.000000 0.000000 -207590.502712 2.353918 24.824962
14 298.150000 -1.000000 0.200000 0.500000 0.100000 110.000000 0.000000 -207868.000689 13.152181 24.882383
14 298.150000 -1.000000 0.200000 0.500000 0.100000 110.000000 0.000000 -207884.739504 14.389861 24.926529
14 298.150000 -1.000000 0.200000 0.500000 0.100000 110.000000 0.000000 -207719.982798 20.447602 25.036755
14 298.150000 -1.000000 0.200000 0.500000 0.100000 110.000000 0.000000 -207643.977096 23.449471 25.167696
14 298.150000 -1.000000 0.200000 0.500000 0.100000 110.000000 0.000000 -207565.776377 7.012910 24.883616
11 298.150000 -1.000000 0.500000 0.500000 0.100000 110.000000 0.000000 -208038.342092 0.452369 25.190836
10 298.150000 1.000000 0.500000 0.500000 0.100000 110.000000 0.000000 -207773.767112 -5.994911 25.190139
11 298.150000 -1.000000 0.500000 0.500000 0.100000 110.000000 0.000000 -207416.683092 -0.163919 24.955330
11 298.150000 -1.000000 0.500000 0.500000 0.100000 110.000000 0.000000 -208054.375967 2.298633 24.980589
11 298.150000 -1.000000 0.500000 0.500000 0.100000 110.000000 0.000000 -207872.608015 -2.293526 25.094486
10 298.150000 1.000000 0.500000 0.500000 0.100000 110.000000 0.000000 -207674.922830 2.735240 25.053744
10 298.150000 1.000000 0.500000 0.500000 0.100000 110.000000 0.000000 -207833.145425 7.144699 25.190334
11 298.150000 -1.000000 0.500000 0.500000 0.100000 110.000000 0.000000 -207877.728379 -2.514704 25.053291
12 298.150000 -1.000000 0.400000 0.500000 0.100000 110.000000 0.000000 -207686.103547 6.053785 25.094322
11 298.150000 -1.000000 0.500000 0.500000 0.100000 110.000000 0.000000 -208291.606044 -6.516101 24.929630
10 298.150000 1.000000 0.500000 0.500000 0.100000 110.000000 0.000000 -207844.805516 -0.377020 24.836252
