298.150000 0.000000 0.000000 0.000000 0.000000 0.000000 0.000000 -207897.879295 604.239841
298.150000 0.010000 0.010000 0.010000 0.000000 0.000000 0.000000 -208042.761172 221.913574
298.150000 0.020000 0.020000 0.020000 0.000000 0.000000 0.000000 -208095.905703 51.011633
298.150000 0.030000 0.030000 0.030000 0.000000 0.000000 0.000000 -208149.790612 88.942017
298.150000 0.040000 0.040000 0.040000 0.000000 0.000000 0.000000 -207831.419329 54.041728
298.150000 0.050000 0.050000 0.050000 0.000000 0.000000 0.000000 -207686.856997 54.369825
298.150000 0.060000 0.060000 0.060000 0.000000 0.000000 0.000000 -207447.783864 37.999464
298.150000 0.070000 0.070000 0.070000 0.000000 0.000000 0.000000 -207822.810000 56.357648
298.150000 0.080000 0.080000 0.080000 0.000000 0.000000 0.000000 -207910.672535 43.253203
298.150000 0.090000 0.090000 0.090000 0.000000 0.000000 0.000000 -207848.380923 32.754832
298.150000 0.100000 0.100000 0.100000 0.000000 0.000000 0.000000 -208313.908536 24.310245
298.150000 0.110000 0.110000 0.110000 0.000000 0.000000 0.000000 -207939.181144 15.360017
298.150000 0.120000 0.120000 0.120000 0.000000 0.000000 0.000000 -207609.885074 27.475751
298.150000 0.130000 0.130000 0.130000 0.000000 0.000000 0.000000 -207550.674604 16.059494
298.150000 0.140000 0.140000 0.140000 0.000000 0.000000 0.000000 -207919.775849 12.798512
298.150000 0.150000 0.150000 0.150000 0.000000 0.000000 0.000000 -207790.540995 16.672520
298.150000 0.160000 0.160000 0.160000 0.000000 0.000000 0.000000 -207880.612567 14.409967
298.150000 0.170000 0.170000 0.170000 0.000000 0.000000 0.000000 -208015.263216 13.143201
298.150000 0.180000 0.180000 0.180000 0.000000 0.000000 0.000000 -207784.074646 4.974510
298.150000 0.190000 0.190000 0.190000 0.000000 0.000000 0.000000 -207389.599963 23.570693
298.150000 0.200000 0.200000 0.200000 0.000000 0.000000 0.000000 -207578.245938 34.657707
298.150000 0.210000 0.210000 0.210000 0.000000 0.000000 0.000000 -208274.784997 7.929077
298.150000 0.220000 0.220000 0.220000 0.000000 0.000000 0.000000 -207878.189256 15.533543
298.150000 0.230000 0.230000 0.230000 0.000000 0.000000 0.000000 -207841.250618 28.509589
298.150000 0.240000 0.240000 0.240000 0.000000 0.000000 0.000000 -207911.067232 8.291542
298.150000 0.250000 0.250000 0.250000 0.000000 0.000000 0.000000 -208095.491025 6.830823
298.150000 0.260000 0.260000 0.260000 0.000000 0.000000 0.000000 -207750.429136 -2.041473
298.150000 0.270000 0.270000 0.270000 0.000000 0.000000 0.000000 -207868.713384 7.421834
298.150000 0.280000 0.280000 0.280000 0.000000 0.000000 0.000000 -207773.802484 15.569522
298.150000 0.290000 0.290000 0.290000 0.000000 0.000000 0.000000 -208028.036256 15.039634
298.150000 0.300000 0.300000 0.300000 0.000000 0.000000 0.000000 -208040.819255 10.133288
298.150000 0.310000 0.310000 0.310000 0.000000 0.000000 0.000000 -207797.535353 -0.045896
298.150000 0.320000 0.320000 0.320000 0.000000 0.000000 0.000000 -207535.497948 9.227357
298.150000 0.330000 0.330000 0.330000 0.000000 0.000000 0.000000 -207577.212516 2.855118
298.150000 0.340000 0.340000 0.340000 0.000000 0.000000 0.000000 -207835.231394 10.964441
298.150000 0.350000 0.350000 0.350000 0.000000 0.000000 0.000000 -207714.071877 8.275069
298.150000 0.360000 0.360000 0.360000 0.000000 0.000000 0.000000 -208227.339510 -0.069541
298.150000 0.370000 0.370000 0.370000 0.000000 0.000000 0.000000 -207708.627764 6.807628
298.150000 0.380000 0.380000 0.380000 0.000000 0.000000 0.000000 -207739.989163 0.186638
298.150000 0.390000 0.390000 0.390000 0.000000 0.000000 0.000000 -207916.208730 6.069351
298.150000 0.400000 0.400000 0.400000 0.000000 0.000000 0.000000 -207956.721696 3.000504
298.150000 0.410000 0.410000 0.410000 0.000000 0.000000 0.000000 -208075.414097 -6.732117
298.150000 0.420000 0.420000 0.420000 0.000000 0.000000 0.000000 -207977.430561 10.903175
298.150000 0.430000 0.430000 0.430000 0.000000 0.000000 0.000000 -207750.761592 14.438543
298.150000 0.440000 0.440000 0.440000 0.000000 0.000000 0.000000 -207797.160111 -0.640449
298.150000 0.450000 0.450000 0.450000 0.000000 0.000000 0.000000 -207966.113045 0.488494
298.150000 0.460000 0.460000 0.460000 0.000000 0.000000 0.000000 -207668.811735 -4.038398
298.150000 0.470000 0.470000 0.470000 0.000000 0.000000 0.000000 -207735.187437 6.886172
298.150000 0.480000 0.480000 0.480000 0.000000 0.000000 0.000000 -207628.245139 9.296387
298.150000 0.490000 0.490000 0.490000 0.000000 0.000000 0.000000 -208053.702422 -1.875481
