9 298.150000 1.000000 0.400000 0.500000 0.100000 110.000000 0.000000 -206176.374102 2.996830 25.999971
10 298.150000 1.000000 0.500000 0.500000 0.100000 110.000000 0.000000 -205970.531387 4.128504 25.700723
11 298.150000 -1.000000 0.500000 0.500000 0.100000 110.000000 0.000000 -205796.166477 1.414374 25.851883
11 298.150000 -1.000000 0.500000 0.500000 0.100000 110.000000 0.000000 -206177.590283 0.751693 25.837213
11 298.150000 -1.000000 0.500000 0.500000 0.100000 110.000000 0.000000 -206075.816823 5.561684 25.978155
10 298.150000 1.000000 0.500000 0.500000 0.100000 110.000000 0.000000 -206105.520392 0.303858 25.981625
11 298.150000 -1.000000 0.500000 0.500000 0.100000 110.000000 0.000000 -206333.309122 1.441910 26.015283
14 298.150000 -1.000000 0.200000 0.500000 0.100000 110.000000 0.000000 -205725.561119 8.116870 25.872923
12 298.150000 -1.000000 0.400000 0.500000 0.100000 110.000000 0.000000 -206312.619416 -6.438924 25.659884
12 298.150000 -1.000000 0.400000 0.500000 0.100000 110.000000 0.000000 -206397.190278 2.044283 25.921302
12 298.150000 -1.000000 0.400000 0.500000 0.100000 110.000000 0.000000 -206516.773481 4.267677 25.806038
12 298.150000 -1.000000 0.400000 0.500000 0.100000 110.000000 0.000000 -206074.106863 6.516030 25.864087
13 298.150000 -1.000000 0.300000 0.500000 0.100000 110.000000 0.000000 -206018.555343 2.460232 25.610578
13 298.150000 -1.000000 0.300000 0.500000 0.100000 110.000000 0.000000 -205853.599021 7.060508 25.646651
12 298.150000 -1.000000 0.400000 0.500000 0.100000 110.000000 0.000000 -206052.136012 -4.391886 25.797717
11 298.150000 -1.000000 0.500000 0.500000 0.100000 110.000000 0.000000 -205513.576066 1.022995 25.894414
10 298.150000 1.000000 0.500000 0.500000 0.100000 110.000000 0.000000 -206373.194050 -7.225348 25.974744
11 298.150000 -1.000000 0.500000 0.500000 0.100000 110.000000 0.000000 -206090.720274 7.293033 26.019966
15 298.150000 -1.000000 0.100000 0.500000 0.100000 110.000000 0.000000 -206030.176775 11.401182 25.953752
11 298.150000 -1.000000 0.500000 0.500000 0.100000 110.000000 0.000000 -205891.238995 1.531189 25.780183
13 298.150000 -1.000000 0.300000 0.500000 0.100000 110.000000 0.000000 -206331.669719 -3.115862 25.578281
13 298.150000 -1.000000 0.300000 0.500000 0.100000 110.000000 0.000000 -206355.884511 6.721017 24.944571
14 298.150000 -1.000000 0.200000 0.500000 0.100000 110.000000 0.000000 -206196.301773 8.715418 25.751665
13 298.150000 -1.000000 0.300000 0.500000 0.100000 110.000000 0.000000 -206163.780433 3.383169 25.183740
11 298.150000 -1.000000 0.500000 0.500000 0.100000 110.000000 0.000000 -206096.024348 -8.618444 25.480244
12 298.150000 -1.000000 0.400000 0.500000 0.100000 110.000000 0.000000 -205881.999030 -0.765823 25.898515
14 298.150000 -1.000000 0.200000 0.500000 0.100000 110.000000 0.000000 -206275.737705 7.862499 25.627454
11 298.150000 -1.000000 0.500000 0.500000 0.100000 110.000000 0.000000 -206061.557707 2.307386 25.589547
9 298.150000 1.000000 0.400000 0.500000 0.100000 110.000000 0.000000 -206434.001787 0.312127 25.977507
10 298.150000 1.000000 0.500000 0.500000 0.100000 110.000000 0.000000 -205920.596846 -0.709069 25.913099
10 298.150000 1.000000 0.500000 0.500000 0.100000 110.000000 0.000000 -206262.519732 -6.712670 25.862638
11 298.150000 -1.000000 0.500000 0.500000 0.100000 110.000000 0.000000 -205844.494687 12.742687 25.509048
9 298.150000 1.000000 0.400000 0.500000 0.100000 110.000000 0.000000 -206058.256827 2.377799 25.844144
9 298.150000 1.000000 0.400000 0.500000 0.100000 110.000000 0.000000 -205950.413190 4.801059 25.532526
9 298.150000 1.000000 0.400000 0.500000 0.100000 110.000000 0.000000 -206199.841077 -0.551078 25.946500
8 298.150000 1.000000 0.300000 0.500000 0.100000 110.000000 0.000000 -206017.993938 7.518760 25.576023
8 298.150000 1.000000 0.300000 0.500000 0.100000 110.000000 0.000000 -206369.918238 1.608562 25.868614
8 298.150000 1.000000 0.300000 0.500000 0.100000 110.000000 0.000000 -205905.674666 -0.723444 25.748812
9 298.150000 1.000000 0.400000 0.500000 0.100000 110.000000 0.000000 -206066.081124 8.246278 25.695252
8 298.150000 1.000000 0.300000 0.500000 0.100000 110.000000 0.000000 -205759.993295 6.778268 25.870164
7 298.150000 1.000000 0.200000 0.500000 0.100000 110.000000 0.000000 -205961.404093 7.982382 25.808776
7 298.150000 1.000000 0.200000 0.500000 0.100000 110.000000 0.000000 -205828.996279 4.068970 25.674468
6 298.150000 1.000000 0.100000 0.500000 0.100000 110.000000 0.000000 -206120.397791 14.499244 25.971331
8 298.150000 1.000000 0.300000 0.500000 0.100000 110.000000 0.000000 -206527.749963 2.399419 25.481007
7 298.150000 1.000000 0.200000 0.500000 0.100000 110.000000 0.000000 -206189.835642 9.712720 24.321847
7 298.150000 1.000000 0.200000 0.500000 0.100000 110.000000 0.000000 -206109.344454 10.199964 26.007285
8 298.150000 1.000000 0.300000 0.500000 0.100000 110.000000 0.000000 -205818.353020 9.439743 25.988694
8 298.150000 1.000000 0.300000 0.500000 0.100000 110.000000 0.000000 -205794.258988 1.761382 25.989644
11 298.150000 -1.000000 0.500000 0.500000 0.100000 110.000000 0.000000 -206034.382087 -2.102791 25.665135
11 298.150000 -1.000000 0.500000 0.500000 0.100000 110.000000 0.000000 -205863.866863 -4.878242 25.613390
10 298.150000 1.000000 0.500000 0.500000 0.100000 110.000000 0.000000 -206278.718913 3.185697 25.936367
8 298.150000 1.000000 0.300000 0.500000 0.100000 110.000000 0.000000 -205724.890275 3.224733 25.981311
9 298.150000 1.000000 0.400000 0.500000 0.100000 110.000000 0.000000 -206401.279498 3.290011 26.019610
8 298.150000 1.000000 0.300000 0.500000 0.100000 110.000000 0.000000 -206084.241697 4.044288 25.888907
9 298.150000 1.000000 0.400000 0.500000 0.100000 110.000000 0.000000 -206141.750379 1.930614 25.697898
9 298.150000 1.000000 0.400000 0.500000 0.100000 110.000000 0.000000 -206198.304766 5.072341 25.636330
8 298.150000 1.000000 0.300000 0.500000 0.100000 110.000000 0.000000 -206292.592321 4.701696 25.925568
8 298.150000 1.000000 0.300000 0.500000 0.100000 110.000000 0.000000 -206035.524827 0.764644 25.893822
9 298.150000 1.000000 0.400000 0.500000 0.100000 110.000000 0.000000 -206261.289955 -2.464450 25.673880
9 298.150000 1.000000 0.400000 0.500000 0.100000 110.000000 0.000000 -205798.428077 -0.588107 25.507522
10 298.150000 1.000000 0.500000 0.500000 0.100000 110.000000 0.000000 -206246.998696 2.533991 25.953761
9 298.150000 1.000000 0.400000 0.500000 0.100000 110.000000 0.000000 -206166.464931 0.516943 25.781838
9 298.150000 1.000000 0.400000 0.500000 0.100000 110.000000 0.000000 -206585.084424 0.469452 25.726412
9 298.150000 1.000000 0.400000 0.500000 0.100000 110.000000 0.000000 -205932.968886 1.584454 25.777159
11 298.150000 -1.000000 0.500000 0.500000 0.100000 110.000000 0.000000 -206018.908931 -10.633682 25.695459
10 298.150000 1.000000 0.500000 0.500000 0.100000 110.000000 0.000000 -205899.970835 -7.980159 25.262397
11 298.150000 -1.000000 0.500000 0.500000 0.100000 110.000000 0.000000 -205933.895464 -2.744834 25.675071
11 298.150000 -1.000000 0.500000 0.500000 0.100000 110.000000 0.000000 -206241.216860 -0.521844 25.969099
10 298.150000 1.000000 0.500000 0.500000 0.100000 110.000000 0.000000 -206000.318858 -3.446166 25.705076
11 298.150000 -1.000000 0.500000 0.500000 0.100000 110.000000 0.000000 -206470.100127 -3.152498 25.924493
11 298.150000 -1.000000 0.500000 0.500000 0.100000 110.000000 0.000000 -206268.940766 0.948694 25.815318
10 298.150000 1.000000 0.500000 0.500000 0.100000 110.000000 0.000000 -206362.431079 3.123893 25.820612
8 298.150000 1.000000 0.300000 0.500000 0.100000 110.000000 0.000000 -206334.998697 11.082129 25.919996
7 298.150000 1.000000 0.200000 0.500000 0.100000 110.000000 0.000000 -206156.143464 -1.639666 26.000272
7 298.150000 1.000000 0.200000 0.500000 0.100000 110.000000 0.000000 -206260.847131 10.579168 25.500570
7 298.150000 1.000000 0.200000 0.500000 0.100000 110.000000 0.000000 -206017.731250 8.263239 25.776741
7 298.150000 1.000000 0.200000 0.500000 0.100000 110.000000 0.000000 -206534.137665 19.605184 25.685002
7 298.150000 1.000000 0.200000 0.500000 0.100000 110.000000 0.000000 -206054.491149 1.788887 25.996965
7 298.150000 1.000000 0.200000 0.500000 0.100000 110.000000 0.000000 -205655.840442 3.452508 25.988285
8 298.150000 1.000000 0.300000 0.500000 0.100000 110.000000 0.000000 -205888.648856 13.951426 25.954890
8 298.150000 1.000000 0.300000 0.500000 0.100000 110.000000 0.000000 -206397.806922 9.786312 25.903455
9 298.150000 1.000000 0.400000 0.500000 0.100000 110.000000 0.000000 -205920.122848 -1.736288 25.634724
10 298.150000 1.000000 0.500000 0.500000 0.100000 110.000000 0.000000 -205841.923824 -7.268247 25.866709
10 298.150000 1.000000 0.500000 0.500000 0.100000 110.000000 0.000000 -205686.436657 -4.220772 25.302416
11 298.150000 -1.000000 0.500000 0.500000 0.100000 110.000000 0.000000 -205904.024636 3.679996 25.903213
11 298.150000 -1.000000 0.500000 0.500000 0.100000 110.000000 0.000000 -205988.525181 -5.555554 25.965443
12 298.150000 -1.000000 0.400000 0.500000 0.100000 110.000000 0.000000 -206204.626045 0.012332 24.568939
11 298.150000 -1.000000 0.500000 0.500000 0.100000 110.000000 0.000000 -206002.498443 -0.490648 25.454220
12 298.150000 -1.000000 0.400000 0.500000 0.100000 110.000000 0.000000 -206297.609347 4.616241 25.304774
11 298.150000 -1.000000 0.500000 0.500000 0.100000 110.000000 0.000000 -206089.336935 -2.411910 25.635050
13 298.150000 -1.000000 0.300000 0.500000 0.100000 110.000000 0.000000 -205831.779157 7.249689 25.941931
13 298.150000 -1.000000 0.300000 0.500000 0.100000 110.000000 0.000000 -206253.685655 0.950006 25.856375
12 298.150000 -1.000000 0.400000 0.500000 0.100000 110.000000 0.000000 -205800.561391 2.717058 25.971734
12 298.150000 -1.000000 0.400000 0.500000 0.100000 110.000000 0.000000 -205988.068384 3.153521 25.804806
13 298.150000 -1.000000 0.300000 0.500000 0.100000 110.000000 0.000000 -205797.665391 11.826858 25.869656
13 298.150000 -1.000000 0.300000 0.500000 0.100000 110.000000 0.000000 -206348.828719 16.261079 25.946850
14 298.150000 -1.000000 0.200000 0.500000 0.100000 110.000000 0.000000 -206194.414631 12.895604 25.168738
14 298.150000 -1.000000 0.200000 0.500000 0.100000 110.000000 0.000000 -205729.167659 14.366613 25.684025
14 298.150000 -1.000000 0.200000 0.500000 0.100000 110.000000 0.000000 -206314.420966 3.768182 25.305550
14 298.150000 -1.000000 0.200000 0.500000 0.100000 110.000000 0.000000 -206084.323412 6.324824 25.623727
14 298.150000 -1.000000 0.200000 0.500000 0.100000 110.000000 0.000000 -205832.770199 23.010158 25.389184
15 298.150000 -1.000000 0.100000 0.500000 0.100000 110.000000 0.000000 -205970.524807 17.577866 25.620852
15 298.150000 -1.000000 0.100000 0.500000 0.100000 110.000000 0.000000 -206467.850237 11.324948 25.930169
15 298.150000 -1.000000 0.100000 0.500000 0.100000 110.000000 0.000000 -206247.134736 23.992999 25.146346
15 298.150000 -1.000000 0.100000 0.500000 0.100000 110.000000 0.000000 -205858.200378 19.472089 24.627695
15 298.150000 -1.000000 0.100000 0.500000 0.100000 110.000000 0.000000 -205929.582594 23.510466 25.662464
15 298.150000 -1.000000 0.100000 0.500000 0.100000 110.000000 0.000000 -206510.443907 13.974247 25.183508
15 298.150000 -1.000000 0.100000 0.500000 0.100000 110.000000 0.000000 -206248.820533 20.553708 25.962098
15 298.150000 -1.000000 0.100000 0.500000 0.100000 110.000000 0.000000 -205707.441163 44.020653 25.112508
15 298.150000 -1.000000 0.100000 0.500000 0.100000 110.000000 0.000000 -206228.345846 32.455975 25.735662
15 298.150000 -1.000000 0.100000 0.500000 0.100000 110.000000 0.000000 -205999.973833 17.650370 25.985727
14 298.150000 -1.000000 0.200000 0.500000 0.100000 110.000000 0.000000 -205748.154544 12.255170 25.059602
14 298.150000 -1.000000 0.200000 0.500000 0.100000 110.000000 0.000000 -206139.584186 9.775905 25.717059
14 298.150000 -1.000000 0.200000 0.500000 0.100000 110.000000 0.000000 -206334.384504 15.064506 25.801992
14 298.150000 -1.000000 0.200000 0.500000 0.100000 110.000000 0.000000 -206046.506932 0.968724 25.847559
12 298.150000 -1.000000 0.400000 0.500000 0.100000 110.000000 0.000000 -205995.393810 -1.243176 26.000594
9 298.150000 1.000000 0.400000 0.500000 0.100000 110.000000 0.000000 -205770.012458 -4.345571 25.701394
10 298.150000 1.000000 0.500000 0.500000 0.100000 110.000000 0.000000 -206260.562369 -7.178660 25.938499
10 298.150000 1.000000 0.500000 0.500000 0.100000 110.000000 0.000000 -205835.699489 -3.251662 25.577711
10 298.150000 1.000000 0.500000 0.500000 0.100000 110.000000 0.000000 -205828.280047 -4.942277 25.707662
9 298.150000 1.000000 0.400000 0.500000 0.100000 110.000000 0.000000 -205977.367758 2.626134 25.160068
9 298.150000 1.000000 0.400000 0.500000 0.100000 110.000000 0.000000 -205605.535373 6.366490 25.957098
7 298.150000 1.000000 0.200000 0.500000 0.100000 110.000000 0.000000 -206083.501329 9.939398 25.659311
7 298.150000 1.000000 0.200000 0.500000 0.100000 110.000000 0.000000 -206224.106137 14.683764 25.597724
7 298.150000 1.000000 0.200000 0.500000 0.100000 110.000000 0.000000 -205727.127421 20.165955 25.983360
7 298.150000 1.000000 0.200000 0.500000 0.100000 110.000000 0.000000 -205758.602857 9.442284 25.989184
8 298.150000 1.000000 0.300000 0.500000 0.100000 110.000000 0.000000 -205836.901812 14.188899 25.603056
