8 298.150000 1.000000 0.300000 0.500000 0.100000 110.000000 0.000000 -206240.945380 2.153672 25.718223
9 298.150000 1.000000 0.400000 0.500000 0.100000 110.000000 0.000000 -206037.373283 6.624720 24.807479
9 298.150000 1.000000 0.400000 0.500000 0.100000 110.000000 0.000000 -205791.874891 9.990142 25.882683
7 298.150000 1.000000 0.200000 0.500000 0.100000 110.000000 0.000000 -205917.328855 4.675790 25.690235
10 298.150000 1.000000 0.500000 0.500000 0.100000 110.000000 0.000000 -205904.491611 -3.519013 25.493190
11 298.150000 -1.000000 0.500000 0.500000 0.100000 110.000000 0.000000 -205732.734337 -2.749814 25.328551
10 298.150000 1.000000 0.500000 0.500000 0.100000 110.000000 0.000000 -205990.852498 -4.960325 25.244866
10 298.150000 1.000000 0.500000 0.500000 0.100000 110.000000 0.000000 -205992.185544 -1.488036 25.480384
11 298.150000 -1.000000 0.500000 0.500000 0.100000 110.000000 0.000000 -206174.000684 -0.503269 25.871563
10 298.150000 1.000000 0.500000 0.500000 0.100000 110.000000 0.000000 -205875.318958 3.784954 25.917921
9 298.150000 1.000000 0.400000 0.500000 0.100000 110.000000 0.000000 -206559.936660 11.020395 25.599411
9 298.150000 1.000000 0.400000 0.500000 0.100000 110.000000 0.000000 -206279.706264 -8.832079 25.179601
9 298.150000 1.000000 0.400000 0.500000 0.100000 110.000000 0.000000 -206059.791151 2.020311 25.746113
9 298.150000 1.000000 0.400000 0.500000 0.100000 110.000000 0.000000 -206089.140342 5.377634 25.592042
10 298.150000 1.000000 0.500000 0.500000 0.100000 110.000000 0.000000 -205589.980364 -2.198961 25.419941
10 298.150000 1.000000 0.500000 0.500000 0.100000 110.000000 0.000000 -205916.140813 3.367589 25.974526
11 298.150000 -1.000000 0.500000 0.500000 0.100000 110.000000 0.000000 -206009.315476 3.312281 25.856895
10 298.150000 1.000000 0.500000 0.500000 0.100000 110.000000 0.000000 -205943.701951 0.628070 25.819400
11 298.150000 -1.000000 0.500000 0.500000 0.100000 110.000000 0.000000 -206085.300308 9.117498 25.999330
13 298.150000 -1.000000 0.300000 0.500000 0.100000 110.000000 0.000000 -206315.205960 8.869174 25.597352
12 298.150000 -1.000000 0.400000 0.500000 0.100000 110.000000 0.000000 -206012.350592 2.765240 25.433943
12 298.150000 -1.000000 0.400000 0.500000 0.100000 110.000000 0.000000 -205927.681264 8.090018 25.949202
13 298.150000 -1.000000 0.300000 0.500000 0.100000 110.000000 0.000000 -206142.100515 7.550436 24.499986
14 298.150000 -1.000000 0.200000 0.500000 0.100000 110.000000 0.000000 -206104.167276 8.462603 25.927161
14 298.150000 -1.000000 0.200000 0.500000 0.100000 110.000000 0.000000 -206211.918658 20.265324 25.760169
13 298.150000 -1.000000 0.300000 0.500000 0.100000 110.000000 0.000000 -205809.568638 0.769902 25.940563
13 298.150000 -1.000000 0.300000 0.500000 0.100000 110.000000 0.000000 -206073.550344 1.782063 25.995610
13 298.150000 -1.000000 0.300000 0.500000 0.100000 110.000000 0.000000 -206053.313958 17.493757 25.994332
13 298.150000 -1.000000 0.300000 0.500000 0.100000 110.000000 0.000000 -205880.250657 7.658036 25.570359
14 298.150000 -1.000000 0.200000 0.500000 0.100000 110.000000 0.000000 -205983.447869 4.624198 25.300936
12 298.150000 -1.000000 0.400000 0.500000 0.100000 110.000000 0.000000 -206233.748313 4.691545 24.126957
14 298.150000 -1.000000 0.200000 0.500000 0.100000 110.000000 0.000000 -206314.382321 7.328090 25.635935
14 298.150000 -1.000000 0.200000 0.500000 0.100000 110.000000 0.000000 -206322.270126 8.852700 25.746762
14 298.150000 -1.000000 0.200000 0.500000 0.100000 110.000000 0.000000 -206384.745624 20.130631 25.383129
13 298.150000 -1.000000 0.300000 0.500000 0.100000 110.000000 0.000000 -206046.840016 6.727783 25.923294
12 298.150000 -1.000000 0.400000 0.500000 0.100000 110.000000 0.000000 -205846.955436 4.189227 25.869517
12 298.150000 -1.000000 0.400000 0.500000 0.100000 110.000000 0.000000 -205785.668317 1.318441 25.911752
14 298.150000 -1.000000 0.200000 0.500000 0.100000 110.000000 0.000000 -206207.503764 7.948258 25.417186
13 298.150000 -1.000000 0.300000 0.500000 0.100000 110.000000 0.000000 -206045.466004 1.856776 25.793041
12 298.150000 -1.000000 0.400000 0.500000 0.100000 110.000000 0.000000 -205845.997185 3.450161 25.724496
11 298.150000 -1.000000 0.500000 0.500000 0.100000 110.000000 0.000000 -205849.005594 1.577220 25.855803
13 298.150000 -1.000000 0.300000 0.500000 0.100000 110.000000 0.000000 -205929.445850 4.562204 25.890932
11 298.150000 -1.000000 0.500000 0.500000 0.100000 110.000000 0.000000 -206160.916545 -6.314510 25.782875
10 298.150000 1.000000 0.500000 0.500000 0.100000 110.000000 0.000000 -206140.373329 -0.829551 25.401046
11 298.150000 -1.000000 0.500000 0.500000 0.100000 110.000000 0.000000 -206267.034927 -2.017259 25.851726
11 298.150000 -1.000000 0.500000 0.500000 0.100000 110.000000 0.000000 -205811.198926 -9.274925 25.528842
10 298.150000 1.000000 0.500000 0.500000 0.100000 110.000000 0.000000 -206104.461055 -5.252852 26.014874
10 298.150000 1.000000 0.500000 0.500000 0.100000 110.000000 0.000000 -206155.385573 0.790416 25.388399
10 298.150000 1.000000 0.500000 0.500000 0.100000 110.000000 0.000000 -206324.015386 2.171236 25.966550
7 298.150000 1.000000 0.200000 0.500000 0.100000 110.000000 0.000000 -206042.741471 25.436357 25.926697
7 298.150000 1.000000 0.200000 0.500000 0.100000 110.000000 0.000000 -206364.791157 3.251081 25.425205
10 298.150000 1.000000 0.500000 0.500000 0.100000 110.000000 0.000000 -206118.544129 -5.259480 25.709312
8 298.150000 1.000000 0.300000 0.500000 0.100000 110.000000 0.000000 -206273.012757 3.867524 25.958314
7 298.150000 1.000000 0.200000 0.500000 0.100000 110.000000 0.000000 -206064.348482 14.742833 25.310438
6 298.150000 1.000000 0.100000 0.500000 0.100000 110.000000 0.000000 -206156.679165 21.768831 25.993278
7 298.150000 1.000000 0.200000 0.500000 0.100000 110.000000 0.000000 -205822.292628 7.456083 25.513158
7 298.150000 1.000000 0.200000 0.500000 0.100000 110.000000 0.000000 -205877.965579 19.437673 25.915357
6 298.150000 1.000000 0.100000 0.500000 0.100000 110.000000 0.000000 -205647.735794 14.438045 25.933555
6 298.150000 1.000000 0.100000 0.500000 0.100000 110.000000 0.000000 -206612.191121 14.726053 25.688751
7 298.150000 1.000000 0.200000 0.500000 0.100000 110.000000 0.000000 -206467.927039 9.262074 25.972338
7 298.150000 1.000000 0.200000 0.500000 0.100000 110.000000 0.000000 -206009.465998 4.585369 24.665889
7 298.150000 1.000000 0.200000 0.500000 0.100000 110.000000 0.000000 -205989.019159 6.494061 25.745972
7 298.150000 1.000000 0.200000 0.500000 0.100000 110.000000 0.000000 -205958.236566 8.995670 25.769882
7 298.150000 1.000000 0.200000 0.500000 0.100000 110.000000 0.000000 -205996.679273 9.840372 25.689666
7 298.150000 1.000000 0.200000 0.500000 0.100000 110.000000 0.000000 -205757.816964 9.688867 25.161578
8 298.150000 1.000000 0.300000 0.500000 0.100000 110.000000 0.000000 -206080.107092 3.158697 25.966075
9 298.150000 1.000000 0.400000 0.500000 0.100000 110.000000 0.000000 -205952.326050 -3.369111 25.680363
10 298.150000 1.000000 0.500000 0.500000 0.100000 110.000000 0.000000 -206187.963570 -2.368427 25.899198
11 298.150000 -1.000000 0.500000 0.500000 0.100000 110.000000 0.000000 -205888.011577 4.164044 25.779297
9 298.150000 1.000000 0.400000 0.500000 0.100000 110.000000 0.000000 -206368.710953 0.320893 25.462981
13 298.150000 -1.000000 0.300000 0.500000 0.100000 110.000000 0.000000 -206076.802361 8.128103 25.755277
12 298.150000 -1.000000 0.400000 0.500000 0.100000 110.000000 0.000000 -206164.132964 -3.971100 25.952176
13 298.150000 -1.000000 0.300000 0.500000 0.100000 110.000000 0.000000 -206298.860963 15.092924 25.814258
13 298.150000 -1.000000 0.300000 0.500000 0.100000 110.000000 0.000000 -206193.174414 9.035032 26.009084
14 298.150000 -1.000000 0.200000 0.500000 0.100000 110.000000 0.000000 -205916.766554 15.009821 25.929025
14 298.150000 -1.000000 0.200000 0.500000 0.100000 110.000000 0.000000 -206380.204539 9.032149 25.903099
14 298.150000 -1.000000 0.200000 0.500000 0.100000 110.000000 0.000000 -206192.371417 9.380032 24.680832
13 298.150000 -1.000000 0.300000 0.500000 0.100000 110.000000 0.000000 -206255.959258 3.875198 25.945596
13 298.150000 -1.000000 0.300000 0.500000 0.100000 110.000000 0.000000 -206305.961280 8.022903 26.004266
12 298.150000 -1.000000 0.400000 0.500000 0.100000 110.000000 0.000000 -205873.039082 -2.514162 25.989475
12 298.150000 -1.000000 0.400000 0.500000 0.100000 110.000000 0.000000 -205918.195670 0.112080 25.575484
11 298.150000 -1.000000 0.500000 0.500000 0.100000 110.000000 0.000000 -206033.524427 -1.820519 25.913860
11 298.150000 -1.000000 0.500000 0.500000 0.100000 110.000000 0.000000 -206099.535428 -4.461643 25.919590
11 298.150000 -1.000000 0.500000 0.500000 0.100000 110.000000 0.000000 -206358.538966 -1.431096 25.287459
9 298.150000 1.000000 0.400000 0.500000 0.100000 110.000000 0.000000 -206414.773316 5.088958 25.764693
8 298.150000 1.000000 0.300000 0.500000 0.100000 110.000000 0.000000 -205548.869233 7.167284 25.698412
9 298.150000 1.000000 0.400000 0.500000 0.100000 110.000000 0.000000 -206020.034650 6.799525 25.630245
8 298.150000 1.000000 0.300000 0.500000 0.100000 110.000000 0.000000 -206085.377805 8.520044 26.002367
8 298.150000 1.000000 0.300000 0.500000 0.100000 110.000000 0.000000 -205877.872791 7.625402 25.947765
8 298.150000 1.000000 0.300000 0.500000 0.100000 110.000000 0.000000 -205900.211220 16.522859 25.138198
8 298.150000 1.000000 0.300000 0.500000 0.100000 110.000000 0.000000 -206250.800880 1.045045 25.893431
11 298.150000 -1.000000 0.500000 0.500000 0.100000 110.000000 0.000000 -205976.490392 3.779232 25.845271
11 298.150000 -1.000000 0.500000 0.500000 0.100000 110.000000 0.000000 -206144.374024 0.228669 25.335217
11 298.150000 -1.000000 0.500000 0.500000 0.100000 110.000000 0.000000 -206276.554095 2.984807 25.717297
12 298.150000 -1.000000 0.400000 0.500000 0.100000 110.000000 0.000000 -206166.699541 3.520866 25.802818
11 298.150000 -1.000000 0.500000 0.500000 0.100000 110.000000 0.000000 -205947.571419 7.252393 25.945717
12 298.150000 -1.000000 0.400000 0.500000 0.100000 110.000000 0.000000 -206173.554433 -5.742241 25.742597
11 298.150000 -1.000000 0.500000 0.500000 0.100000 110.000000 0.000000 -206307.441900 1.781236 26.002968
10 298.150000 1.000000 0.500000 0.500000 0.100000 110.000000 0.000000 -206254.513676 -5.797701 25.938709
9 298.150000 1.000000 0.400000 0.500000 0.100000 110.000000 0.000000 -206397.839824 -2.054930 25.211840
11 298.150000 -1.000000 0.500000 0.500000 0.100000 110.000000 0.000000 -206359.574678 1.838208 26.004707
12 298.150000 -1.000000 0.400000 0.500000 0.100000 110.000000 0.000000 -206181.508841 3.241450 25.765125
13 298.150000 -1.000000 0.300000 0.500000 0.100000 110.000000 0.000000 -206102.864938 0.098701 25.434401
11 298.150000 -1.000000 0.500000 0.500000 0.100000 110.000000 0.000000 -206027.391157 -5.074396 25.681550
10 298.150000 1.000000 0.500000 0.500000 0.100000 110.000000 0.000000 -205792.411099 0.250704 25.803670
11 298.150000 -1.000000 0.500000 0.500000 0.100000 110.000000 0.000000 -206130.496969 2.648557 25.680809
10 298.150000 1.000000 0.500000 0.500000 0.100000 110.000000 0.000000 -205837.340087 4.921163 26.004700
12 298.150000 -1.000000 0.400000 0.500000 0.100000 110.000000 0.000000 -205753.011805 14.141867 25.342469
14 298.150000 -1.000000 0.200000 0.500000 0.100000 110.000000 0.000000 -206141.101630 3.326729 25.888946
14 298.150000 -1.000000 0.200000 0.500000 0.100000 110.000000 0.000000 -205933.560369 11.404420 25.994745
14 298.150000 -1.000000 0.200000 0.500000 0.100000 110.000000 0.000000 -205872.321561 29.956944 24.946325
15 298.150000 -1.000000 0.100000 0.500000 0.100000 110.000000 0.000000 -205973.074556 16.048491 25.408119
15 298.150000 -1.000000 0.100000 0.500000 0.100000 110.000000 0.000000 -206016.599306 17.815694 25.464886
15 298.150000 -1.000000 0.100000 0.500000 0.100000 110.000000 0.000000 -205825.484368 26.654311 25.607828
18 298.150000 -1.000000 0.000000 0.300000 0.100000 110.000000 0.000000 -205706.632493 76.663077 25.740733
16 298.150000 -1.000000 0.000000 0.500000 0.100000 110.000000 0.000000 -206056.477642 67.210041 25.766121
16 298.150000 -1.000000 0.000000 0.500000 0.100000 110.000000 0.000000 -206311.786655 67.193324 25.851574
16 298.150000 -1.000000 0.000000 0.500000 0.100000 110.000000 0.000000 -205658.428048 52.746524 25.907481
16 298.150000 -1.000000 0.000000 0.500000 0.100000 110.000000 0.000000 -205838.887654 65.686808 25.438775
16 298.150000 -1.000000 0.000000 0.500000 0.100000 110.000000 0.000000 -205887.025993 58.179680 25.729971
18 298.150000 -1.000000 0.000000 0.300000 0.100000 110.000000 0.000000 -206371.317451 106.939337 24.807007
18 298.150000 -1.000000 0.000000 0.300000 0.100000 110.000000 0.000000 -206047.190507 99.928994 25.263543
18 298.150000 -1.000000 0.000000 0.300000 0.100000 110.000000 0.000000 -205834.200066 66.323971 25.786250
16 298.150000 -1.000000 0.000000 0.500000 0.100000 110.000000 0.000000 -206161.980926 55.004029 25.527460
18 298.150000 -1.000000 0.000000 0.300000 0.100000 110.000000 0.000000 -205882.805817 72.653969 25.730575
18 298.150000 -1.000000 0.000000 0.300000 0.100000 110.000000 0.000000 -205927.697860 57.697435 25.817863
17 298.150000 -1.000000 0.000000 0.400000 0.100000 110.000000 0.000000 -206494.554147 47.477633 25.219431
