10 298.150000 1.000000 0.500000 0.500000 0.100000 110.000000 0.000000 -207790.623542 3.958740 25.566872
4 298.150000 1.000000 0.000000 0.400000 0.100000 110.000000 0.000000 -207534.762386 78.152523 25.317134
3 298.150000 1.000000 0.000000 0.300000 0.100000 110.000000 0.000000 -207659.087017 75.057021 25.374119
4 298.150000 1.000000 0.000000 0.400000 0.100000 110.000000 0.000000 -207386.109852 78.095130 25.555231
4 298.150000 1.000000 0.000000 0.400000 0.100000 110.000000 0.000000 -207428.171934 64.208175 25.446630
5 298.150000 1.000000 0.000000 0.500000 0.100000 110.000000 0.000000 -207249.113258 53.671300 25.444666
5 298.150000 1.000000 0.000000 0.500000 0.100000 110.000000 0.000000 -207817.942493 58.899423 25.175333
5 298.150000 1.000000 0.000000 0.500000 0.100000 110.000000 0.000000 -207471.413558 73.548414 25.827712
5 298.150000 1.000000 0.000000 0.500000 0.100000 110.000000 0.000000 -207641.001784 71.922955 25.240819
2 298.150000 1.000000 0.000000 0.200000 0.100000 110.000000 0.000000 -207565.695764 61.053436 25.561083
2 298.150000 1.000000 0.000000 0.200000 0.100000 110.000000 0.000000 -207657.870535 55.638731 24.894677
3 298.150000 1.000000 0.000000 0.300000 0.100000 110.000000 0.000000 -207181.647333 53.035866 25.085206
4 298.150000 1.000000 0.000000 0.400000 0.100000 110.000000 0.000000 -207466.083804 88.977706 24.804141
4 298.150000 1.000000 0.000000 0.400000 0.100000 110.000000 0.000000 -207321.035235 87.498964 25.477493
2 298.150000 1.000000 0.000000 0.200000 0.100000 110.000000 0.000000 -207423.826918 129.827344 25.191015
1 298.150000 1.000000 0.000000 0.100000 0.100000 110.000000 0.000000 -207163.154689 126.843441 23.490704
1 298.150000 1.000000 0.000000 0.100000 0.100000 110.000000 0.000000 -207073.668452 118.057572 22.762777
2 298.150000 1.000000 0.000000 0.200000 0.100000 110.000000 0.000000 -207361.456086 124.546150 25.330983
2 298.150000 1.000000 0.000000 0.200000 0.100000 110.000000 0.000000 -207180.178482 84.651410 25.812672
5 298.150000 1.000000 0.000000 0.500000 0.100000 110.000000 0.000000 -207146.078630 71.214361 25.566140
2 298.150000 1.000000 0.000000 0.200000 0.100000 110.000000 0.000000 -207412.640974 80.132838 25.396022
5 298.150000 1.000000 0.000000 0.500000 0.100000 110.000000 0.000000 -207605.052276 71.433080 25.024139
4 298.150000 1.000000 0.000000 0.400000 0.100000 110.000000 0.000000 -207086.253054 81.645456 25.627136
2 298.150000 1.000000 0.000000 0.200000 0.100000 110.000000 0.000000 -207876.472681 96.316682 25.333647
2 298.150000 1.000000 0.000000 0.200000 0.100000 110.000000 0.000000 -207447.670730 30.483094 25.468418
1 298.150000 1.000000 0.000000 0.100000 0.100000 110.000000 0.000000 -207471.415172 83.523406 22.451421
4 298.150000 1.000000 0.000000 0.400000 0.100000 110.000000 0.000000 -207271.046058 51.437707 25.160532
6 298.150000 1.000000 0.100000 0.500000 0.100000 110.000000 0.000000 -207462.703684 17.871031 25.590011
6 298.150000 1.000000 0.100000 0.500000 0.100000 110.000000 0.000000 -207584.672630 16.405501 25.503991
6 298.150000 1.000000 0.100000 0.500000 0.100000 110.000000 0.000000 -207700.191372 19.809572 25.366972
6 298.150000 1.000000 0.100000 0.500000 0.100000 110.000000 0.000000 -207428.741387 12.640753 25.771260
6 298.150000 1.000000 0.100000 0.500000 0.100000 110.000000 0.000000 -207473.951892 20.512751 25.077757
6 298.150000 1.000000 0.100000 0.500000 0.100000 110.000000 0.000000 -207398.834937 11.870180 25.347813
6 298.150000 1.000000 0.100000 0.500000 0.100000 110.000000 0.000000 -207288.577536 28.435604 25.252713
6 298.150000 1.000000 0.100000 0.500000 0.100000 110.000000 0.000000 -207431.339525 19.409548 25.489091
6 298.150000 1.000000 0.100000 0.500000 0.100000 110.000000 0.000000 -207224.420675 17.384274 25.652069
6 298.150000 1.000000 0.100000 0.500000 0.100000 110.000000 0.000000 -207237.103099 31.478523 25.787421
6 298.150000 1.000000 0.100000 0.500000 0.100000 110.000000 0.000000 -208044.384048 33.644456 23.431923
7 298.150000 1.000000 0.200000 0.500000 0.100000 110.000000 0.000000 -207066.574487 5.771305 25.570457
12 298.150000 -1.000000 0.400000 0.500000 0.100000 110.000000 0.000000 -207401.512668 11.915398 25.257690
12 298.150000 -1.000000 0.400000 0.500000 0.100000 110.000000 0.000000 -207168.529233 3.867793 25.848204
13 298.150000 -1.000000 0.300000 0.500000 0.100000 110.000000 0.000000 -207402.761218 11.572355 25.166818
13 298.150000 -1.000000 0.300000 0.500000 0.100000 110.000000 0.000000 -207647.176429 5.655601 25.640270
11 298.150000 -1.000000 0.500000 0.500000 0.100000 110.000000 0.000000 -207224.731997 -4.049517 25.214803
11 298.150000 -1.000000 0.500000 0.500000 0.100000 110.000000 0.000000 -207496.020451 -2.050167 25.409557
11 298.150000 -1.000000 0.500000 0.500000 0.100000 110.000000 0.000000 -207748.972373 2.658723 23.993252
11 298.150000 -1.000000 0.500000 0.500000 0.100000 110.000000 0.000000 -207296.319754 3.799222 25.109844
11 298.150000 -1.000000 0.500000 0.500000 0.100000 110.000000 0.000000 -207466.839736 6.445954 25.668547
13 298.150000 -1.000000 0.300000 0.500000 0.100000 110.000000 0.000000 -207445.921626 1.448542 25.379734
11 298.150000 -1.000000 0.500000 0.500000 0.100000 110.000000 0.000000 -207493.450700 -0.273519 25.572366
9 298.150000 1.000000 0.400000 0.500000 0.100000 110.000000 0.000000 -207607.102629 8.848247 25.200629
9 298.150000 1.000000 0.400000 0.500000 0.100000 110.000000 0.000000 -207852.873132 6.432713 24.929086
9 298.150000 1.000000 0.400000 0.500000 0.100000 110.000000 0.000000 -207344.030254 4.901057 25.312070
9 298.150000 1.000000 0.400000 0.500000 0.100000 110.000000 0.000000 -207765.734216 2.382211 24.667529
8 298.150000 1.000000 0.300000 0.500000 0.100000 110.000000 0.000000 -207660.780644 14.203260 25.328898
8 298.150000 1.000000 0.300000 0.500000 0.100000 110.000000 0.000000 -207393.588603 5.053986 25.322394
8 298.150000 1.000000 0.300000 0.500000 0.100000 110.000000 0.000000 -207263.661431 1.700079 25.513953
10 298.150000 1.000000 0.500000 0.500000 0.100000 110.000000 0.000000 -207617.490372 1.617092 25.248313
10 298.150000 1.000000 0.500000 0.500000 0.100000 110.000000 0.000000 -207238.539983 -2.064472 25.635684
8 298.150000 1.000000 0.300000 0.500000 0.100000 110.000000 0.000000 -207237.980714 3.190954 25.453097
7 298.150000 1.000000 0.200000 0.500000 0.100000 110.000000 0.000000 -207370.933496 21.805537 25.656150
6 298.150000 1.000000 0.100000 0.500000 0.100000 110.000000 0.000000 -207464.358956 19.534176 25.222465
6 298.150000 1.000000 0.100000 0.500000 0.100000 110.000000 0.000000 -207261.396984 35.692207 25.372169
6 298.150000 1.000000 0.100000 0.500000 0.100000 110.000000 0.000000 -207394.245386 10.904625 25.422043
6 298.150000 1.000000 0.100000 0.500000 0.100000 110.000000 0.000000 -207260.620294 19.356746 24.617552
6 298.150000 1.000000 0.100000 0.500000 0.100000 110.000000 0.000000 -207300.027375 9.558961 24.196981
3 298.150000 1.000000 0.000000 0.300000 0.100000 110.000000 0.000000 -207467.454722 64.132277 24.304569
4 298.150000 1.000000 0.000000 0.400000 0.100000 110.000000 0.000000 -207381.251188 63.702141 25.003864
3 298.150000 1.000000 0.000000 0.300000 0.100000 110.000000 0.000000 -207620.702825 64.234985 25.455423
3 298.150000 1.000000 0.000000 0.300000 0.100000 110.000000 0.000000 -207343.299338 41.045336 24.638135
4 298.150000 1.000000 0.000000 0.400000 0.100000 110.000000 0.000000 -207631.495191 85.109799 24.528029
5 298.150000 1.000000 0.000000 0.500000 0.100000 110.000000 0.000000 -207497.314642 57.297807 25.457117
5 298.150000 1.000000 0.000000 0.500000 0.100000 110.000000 0.000000 -207197.898517 22.117104 24.884913
5 298.150000 1.000000 0.000000 0.500000 0.100000 110.000000 0.000000 -207302.198645 64.984012 24.855119
1 298.150000 1.000000 0.000000 0.100000 0.100000 110.000000 0.000000 -207419.637145 149.097224 25.438853
1 298.150000 1.000000 0.000000 0.100000 0.100000 110.000000 0.000000 -207534.987335 134.522193 25.749189
1 298.150000 1.000000 0.000000 0.100000 0.100000 110.000000 0.000000 -207498.631808 139.033931 25.723292
1 298.150000 1.000000 0.000000 0.100000 0.100000 110.000000 0.000000 -207213.331210 133.762741 25.357973
1 298.150000 1.000000 0.000000 0.100000 0.100000 110.000000 0.000000 -207555.248196 157.410306 24.623526
1 298.150000 1.000000 0.000000 0.100000 0.100000 110.000000 0.000000 -207310.096732 197.764389 22.817553
0 298.150000 1.000000 0.000000 0.000000 0.100000 110.000000 0.000000 -207422.573070 182.232909 24.048695
1 298.150000 1.000000 0.000000 0.100000 0.100000 110.000000 0.000000 -207909.452485 147.545352 25.303397
1 298.150000 1.000000 0.000000 0.100000 0.100000 110.000000 0.000000 -207284.498073 128.289097 25.193737
1 298.150000 1.000000 0.000000 0.100000 0.100000 110.000000 0.000000 -207128.175762 196.943497 24.285511
0 298.150000 1.000000 0.000000 0.000000 0.100000 110.000000 0.000000 -207257.153894 170.439924 24.989757
0 298.150000 1.000000 0.000000 0.000000 0.100000 110.000000 0.000000 -207228.204051 175.996399 24.054314
1 298.150000 1.000000 0.000000 0.100000 0.100000 110.000000 0.000000 -207743.860405 174.236487 25.307272
1 298.150000 1.000000 0.000000 0.100000 0.100000 110.000000 0.000000 -207257.813221 165.340482 24.501500
1 298.150000 1.000000 0.000000 0.100000 0.100000 110.000000 0.000000 -207399.424040 182.843840 23.357510
0 298.150000 1.000000 0.000000 0.000000 0.100000 110.000000 0.000000 -207805.568344 176.975674 22.442445
1 298.150000 1.000000 0.000000 0.100000 0.100000 110.000000 0.000000 -207494.035348 195.601484 23.968985
0 298.150000 1.000000 0.000000 0.000000 0.100000 110.000000 0.000000 -207231.525896 195.787741 24.275869
0 298.150000 1.000000 0.000000 0.000000 0.100000 110.000000 0.000000 -207459.957763 173.057506 23.743337
0 298.150000 1.000000 0.000000 0.000000 0.100000 110.000000 0.000000 -207609.958944 187.288097 24.983385
0 298.150000 1.000000 0.000000 0.000000 0.100000 110.000000 0.000000 -207490.442383 187.576768 22.952467
1 298.150000 1.000000 0.000000 0.100000 0.100000 110.000000 0.000000 -207634.654671 181.158819 25.562116
1 298.150000 1.000000 0.000000 0.100000 0.100000 110.000000 0.000000 -207337.563769 179.119694 25.766009
1 298.150000 1.000000 0.000000 0.100000 0.100000 110.000000 0.000000 -207698.945213 192.583732 25.679342
1 298.150000 1.000000 0.000000 0.100000 0.100000 110.000000 0.000000 -207246.095126 179.800306 24.288510
1 298.150000 1.000000 0.000000 0.100000 0.100000 110.000000 0.000000 -207071.643617 184.101062 25.570271
0 298.150000 1.000000 0.000000 0.000000 0.100000 110.000000 0.000000 -207547.478574 186.034836 25.100055
0 298.150000 1.000000 0.000000 0.000000 0.100000 110.000000 0.000000 -207931.707677 181.411780 24.128696
1 298.150000 1.000000 0.000000 0.100000 0.100000 110.000000 0.000000 -207262.544651 182.623012 25.180889
1 298.150000 1.000000 0.000000 0.100000 0.100000 110.000000 0.000000 -207555.360878 195.636057 24.300997
1 298.150000 1.000000 0.000000 0.100000 0.100000 110.000000 0.000000 -207174.978909 177.248226 21.941287
0 298.150000 1.000000 0.000000 0.000000 0.100000 110.000000 0.000000 -207471.103370 180.465944 24.802652
0 298.150000 1.000000 0.000000 0.000000 0.100000 110.000000 0.000000 -207521.301646 181.793788 21.268873
1 298.150000 1.000000 0.000000 0.100000 0.100000 110.000000 0.000000 -206917.038024 193.853232 25.104445
1 298.150000 1.000000 0.000000 0.100000 0.100000 110.000000 0.000000 -207433.069870 174.596594 22.317072
1 298.150000 1.000000 0.000000 0.100000 0.100000 110.000000 0.000000 -207600.580686 148.471814 25.108114
1 298.150000 1.000000 0.000000 0.100000 0.100000 110.000000 0.000000 -207860.458614 142.978769 22.350911
1 298.150000 1.000000 0.000000 0.100000 0.100000 110.000000 0.000000 -207354.970705 192.183133 24.405187
0 298.150000 1.000000 0.000000 0.000000 0.100000 110.000000 0.000000 -207667.586532 174.454551 25.420002
0 298.150000 1.000000 0.000000 0.000000 0.100000 110.000000 0.000000 -207528.219091 190.182173 23.041373
0 298.150000 1.000000 0.000000 0.000000 0.100000 110.000000 0.000000 -207177.393147 190.793446 20.992414
1 298.150000 1.000000 0.000000 0.100000 0.100000 110.000000 0.000000 -207542.354920 189.571449 22.136348
0 298.150000 1.000000 0.000000 0.000000 0.100000 110.000000 0.000000 -207379.163843 180.302102 24.658552
0 298.150000 1.000000 0.000000 0.000000 0.100000 110.000000 0.000000 -207371.252974 191.486449 21.253268
0 298.150000 1.000000 0.000000 0.000000 0.100000 110.000000 0.000000 -207363.539942 180.087380 22.769724
0 298.150000 1.000000 0.000000 0.000000 0.100000 110.000000 0.000000 -207313.647816 190.639781 22.434311
0 298.150000 1.000000 0.000000 0.000000 0.100000 110.000000 0.000000 -207795.902965 175.768081 24.570614
0 298.150000 1.000000 0.000000 0.000000 0.100000 110.000000 0.000000 -207516.909534 189.521582 23.770637
0 298.150000 1.000000 0.000000 0.000000 0.100000 110.000000 0.000000 -207376.227139 166.605421 21.050803
0 298.150000 1.000000 0.000000 0.000000 0.100000 110.000000 0.000000 -207635.962869 180.208061 25.784005
0 298.150000 1.000000 0.000000 0.000000 0.100000 110.000000 0.000000 -207388.880498 163.982183 25.772771
0 298.150000 1.000000 0.000000 0.000000 0.100000 110.000000 0.000000 -207321.178100 161.311108 22.166580
0 298.150000 1.000000 0.000000 0.000000 0.100000 110.000000 0.000000 -207620.347548 176.345377 21.931539
0 298.150000 1.000000 0.000000 0.000000 0.100000 110.000000 0.000000 -207555.263662 179.591107 21.442853
0 298.150000 1.000000 0.000000 0.000000 0.100000 110.000000 0.000000 -207451.386393 175.954055 24.640701
0 298.150000 1.000000 0.000000 0.000000 0.100000 110.000000 0.000000 -207514.773364 190.018697 25.589330
0 298.150000 1.000000 0.000000 0.000000 0.100000 110.000000 0.000000 -207209.908244 195.365232 25.243661
0 298.150000 1.000000 0.000000 0.000000 0.100000 110.000000 0.000000 -207455.622218 186.508780 24.264523
0 298.150000 1.000000 0.000000 0.000000 0.100000 110.000000 0.000000 -207475.143767 179.538281 22.348476
0 298.150000 1.000000 0.000000 0.000000 0.100000 110.000000 0.000000 -207275.411451 186.328057 23.566832
0 298.150000 1.000000 0.000000 0.000000 0.100000 110.000000 0.000000 -207929.696294 183.329500 25.530943
0 298.150000 1.000000 0.000000 0.000000 0.100000 110.000000 0.000000 -207577.130950 177.904559 22.551733
0 298.150000 1.000000 0.000000 0.000000 0.100000 110.000000 0.000000 -207597.952994 179.272578 25.202289
0 298.150000 1.000000 0.000000 0.000000 0.100000 110.000000 0.000000 -207453.358758 182.019745 23.834902
0 298.150000 1.000000 0.000000 0.000000 0.100000 110.000000 0.000000 -207553.338200 190.429054 24.138105
0 298.150000 1.000000 0.000000 0.000000 0.100000 110.000000 0.000000 -207626.542757 186.222356 24.882619
0 298.150000 1.000000 0.000000 0.000000 0.100000 110.000000 0.000000 -207481.330969 191.102005 25.092223
0 298.150000 1.000000 0.000000 0.000000 0.100000 110.000000 0.000000 -207518.150112 175.042063 23.677778
0 298.150000 1.000000 0.000000 0.000000 0.100000 110.000000 0.000000 -207546.586550 184.088624 25.565556
0 298.150000 1.000000 0.000000 0.000000 0.100000 110.000000 0.000000 -207494.037059 185.650991 25.130411
0 298.150000 1.000000 0.000000 0.000000 0.100000 110.000000 0.000000 -207363.044954 189.899210 24.189226
0 298.150000 1.000000 0.000000 0.000000 0.100000 110.000000 0.000000 -207433.978106 193.723175 25.172223
0 298.150000 1.000000 0.000000 0.000000 0.100000 110.000000 0.000000 -207347.147986 185.065053 22.413940
0 298.150000 1.000000 0.000000 0.000000 0.100000 110.000000 0.000000 -207480.752027 184.358255 24.669923
0 298.150000 1.000000 0.000000 0.000000 0.100000 110.000000 0.000000 -207381.823953 197.322235 24.545553
0 298.150000 1.000000 0.000000 0.000000 0.100000 110.000000 0.000000 -207424.745395 194.742618 25.608448
0 298.150000 1.000000 0.000000 0.000000 0.100000 110.000000 0.000000 -207476.797182 188.224062 23.888732
0 298.150000 1.000000 0.000000 0.000000 0.100000 110.000000 0.000000 -207650.824990 185.277132 25.053536
0 298.150000 1.000000 0.000000 0.000000 0.100000 110.000000 0.000000 -207623.380445 194.414040 24.330401
0 298.150000 1.000000 0.000000 0.000000 0.100000 110.000000 0.000000 -207498.935637 178.246958 24.480998
0 298.150000 1.000000 0.000000 0.000000 0.100000 110.000000 0.000000 -207110.624825 181.069618 24.365541
0 298.150000 1.000000 0.000000 0.000000 0.100000 110.000000 0.000000 -207604.063744 182.406867 24.987765
0 298.150000 1.000000 0.000000 0.000000 0.100000 110.000000 0.000000 -207011.591150 191.066631 21.628639
0 298.150000 1.000000 0.000000 0.000000 0.100000 110.000000 0.000000 -207415.637486 182.522573 25.686377
0 298.150000 1.000000 0.000000 0.000000 0.100000 110.000000 0.000000 -207344.044542 181.865111 25.302483
1 298.150000 1.000000 0.000000 0.100000 0.100000 110.000000 0.000000 -207572.986841 178.930418 25.312562
0 298.150000 1.000000 0.000000 0.000000 0.100000 110.000000 0.000000 -207060.271927 186.660079 25.507346
0 298.150000 1.000000 0.000000 0.000000 0.100000 110.000000 0.000000 -207594.853870 188.813263 21.903313
0 298.150000 1.000000 0.000000 0.000000 0.100000 110.000000 0.000000 -207258.795568 183.288753 23.502858
0 298.150000 1.000000 0.000000 0.000000 0.100000 110.000000 0.000000 -207371.265587 176.796826 25.290120
0 298.150000 1.000000 0.000000 0.000000 0.100000 110.000000 0.000000 -207367.462662 188.773402 22.994406
0 298.150000 1.000000 0.000000 0.000000 0.100000 110.000000 0.000000 -207744.649724 193.395217 25.100441
0 298.150000 1.000000 0.000000 0.000000 0.100000 110.000000 0.000000 -207698.988360 182.292675 24.771606
0 298.150000 1.000000 0.000000 0.000000 0.100000 110.000000 0.000000 -207719.421375 169.657301 23.991132
0 298.150000 1.000000 0.000000 0.000000 0.100000 110.000000 0.000000 -207294.727194 184.225673 25.176416
0 298.150000 1.000000 0.000000 0.000000 0.100000 110.000000 0.000000 -207466.436066 195.297333 23.978875
0 298.150000 1.000000 0.000000 0.000000 0.100000 110.000000 0.000000 -207592.633339 186.834326 23.321702
0 298.150000 1.000000 0.000000 0.000000 0.100000 110.000000 0.000000 -207575.042243 192.882808 21.047350
0 298.150000 1.000000 0.000000 0.000000 0.100000 110.000000 0.000000 -207543.479899 185.506790 23.089952
0 298.150000 1.000000 0.000000 0.000000 0.100000 110.000000 0.000000 -207651.680555 190.882362 21.652343
0 298.150000 1.000000 0.000000 0.000000 0.100000 110.000000 0.000000 -207434.077956 193.762320 25.769078
0 298.150000 1.000000 0.000000 0.000000 0.100000 110.000000 0.000000 -207571.019199 181.133472 25.746313
0 298.150000 1.000000 0.000000 0.000000 0.100000 110.000000 0.000000 -207480.869997 183.478197 22.942160
0 298.150000 1.000000 0.000000 0.000000 0.100000 110.000000 0.000000 -207655.899420 184.974389 25.783972
0 298.150000 1.000000 0.000000 0.000000 0.100000 110.000000 0.000000 -207461.348850 183.878822 22.695633
0 298.150000 1.000000 0.000000 0.000000 0.100000 110.000000 0.000000 -207596.245488 180.745087 22.119743
0 298.150000 1.000000 0.000000 0.000000 0.100000 110.000000 0.000000 -207630.422435 191.608490 24.975323
0 298.150000 1.000000 0.000000 0.000000 0.100000 110.000000 0.000000 -207709.587459 195.347379 23.616709
0 298.150000 1.000000 0.000000 0.000000 0.100000 110.000000 0.000000 -207647.811208 189.823544 24.926949
0 298.150000 1.000000 0.000000 0.000000 0.100000 110.000000 0.000000 -207742.638071 177.044271 25.638249
0 298.150000 1.000000 0.000000 0.000000 0.100000 110.000000 0.000000 -207335.319111 190.734456 25.011926
0 298.150000 1.000000 0.000000 0.000000 0.100000 110.000000 0.000000 -207700.366939 181.641274 22.159616
0 298.150000 1.000000 0.000000 0.000000 0.100000 110.000000 0.000000 -207456.875491 192.345540 21.594304
0 298.150000 1.000000 0.000000 0.000000 0.100000 110.000000 0.000000 -207386.306806 183.691246 23.940829
0 298.150000 1.000000 0.000000 0.000000 0.100000 110.000000 0.000000 -207596.636181 195.937597 22.897211
0 298.150000 1.000000 0.000000 0.000000 0.100000 110.000000 0.000000 -207597.975206 174.028018 23.738036
0 298.150000 1.000000 0.000000 0.000000 0.100000 110.000000 0.000000 -207610.782559 181.881456 25.527982
0 298.150000 1.000000 0.000000 0.000000 0.100000 110.000000 0.000000 -207690.746069 197.285040 22.550808
0 298.150000 1.000000 0.000000 0.000000 0.100000 110.000000 0.000000 -207621.386560 181.809105 22.721025
0 298.150000 1.000000 0.000000 0.000000 0.100000 110.000000 0.000000 -207381.650771 191.392831 24.214759
0 298.150000 1.000000 0.000000 0.000000 0.100000 110.000000 0.000000 -207369.475288 195.974795 22.895557
0 298.150000 1.000000 0.000000 0.000000 0.100000 110.000000 0.000000 -207598.061851 181.843849 24.411065
0 298.150000 1.000000 0.000000 0.000000 0.100000 110.000000 0.000000 -207484.215197 185.346849 22.264399
0 298.150000 1.000000 0.000000 0.000000 0.100000 110.000000 0.000000 -207724.056767 190.905505 24.219223
0 298.150000 1.000000 0.000000 0.000000 0.100000 110.000000 0.000000 -207610.772248 197.343384 25.651605
0 298.150000 1.000000 0.000000 0.000000 0.100000 110.000000 0.000000 -207682.778628 191.301528 22.351865
0 298.150000 1.000000 0.000000 0.000000 0.100000 110.000000 0.000000 -207257.383760 183.818135 24.544863
0 298.150000 1.000000 0.000000 0.000000 0.100000 110.000000 0.000000 -207675.851663 188.801584 22.630584
0 298.150000 1.000000 0.000000 0.000000 0.100000 110.000000 0.000000 -207684.183816 185.163489 25.407176
0 298.150000 1.000000 0.000000 0.000000 0.100000 110.000000 0.000000 -207048.575417 184.383520 23.757284
0 298.150000 1.000000 0.000000 0.000000 0.100000 110.000000 0.000000 -207599.866516 190.579723 25.389379
0 298.150000 1.000000 0.000000 0.000000 0.100000 110.000000 0.000000 -207569.779945 193.365851 24.303692
0 298.150000 1.000000 0.000000 0.000000 0.100000 110.000000 0.000000 -207432.888734 188.641875 24.175545
0 298.150000 1.000000 0.000000 0.000000 0.100000 110.000000 0.000000 -207503.089187 187.967105 25.196695
0 298.150000 1.000000 0.000000 0.000000 0.100000 110.000000 0.000000 -207721.168136 188.241715 24.163945
0 298.150000 1.000000 0.000000 0.000000 0.100000 110.000000 0.000000 -207424.694235 183.651669 24.725262
0 298.150000 1.000000 0.000000 0.000000 0.100000 110.000000 0.000000 -207465.796458 190.001372 23.547608
0 298.150000 1.000000 0.000000 0.000000 0.100000 110.000000 0.000000 -207338.733757 189.118169 25.100249
0 298.150000 1.000000 0.000000 0.000000 0.100000 110.000000 0.000000 -207680.225209 182.926351 25.653574
0 298.150000 1.000000 0.000000 0.000000 0.100000 110.000000 0.000000 -207982.697603 185.208275 21.911577
0 298.150000 1.000000 0.000000 0.000000 0.100000 110.000000 0.000000 -207115.777927 187.123777 24.510055
0 298.150000 1.000000 0.000000 0.000000 0.100000 110.000000 0.000000 -207548.676223 193.549622 23.662940
0 298.150000 1.000000 0.000000 0.000000 0.100000 110.000000 0.000000 -207251.213111 179.732230 23.139670
0 298.150000 1.000000 0.000000 0.000000 0.100000 110.000000 0.000000 -207810.236324 180.878093 23.176852
0 298.150000 1.000000 0.000000 0.000000 0.100000 110.000000 0.000000 -207261.644427 189.926619 25.695717
0 298.150000 1.000000 0.000000 0.000000 0.100000 110.000000 0.000000 -207452.822347 193.350776 24.618993
0 298.150000 1.000000 0.000000 0.000000 0.100000 110.000000 0.000000 -207692.544187 180.827724 24.927027
0 298.150000 1.000000 0.000000 0.000000 0.100000 110.000000 0.000000 -207211.131865 195.778158 22.764253
0 298.150000 1.000000 0.000000 0.000000 0.100000 110.000000 0.000000 -207281.547121 197.967284 24.416722
0 298.150000 1.000000 0.000000 0.000000 0.100000 110.000000 0.000000 -207819.105771 174.943965 25.200013
0 298.150000 1.000000 0.000000 0.000000 0.100000 110.000000 0.000000 -207935.499708 199.196670 23.484976
0 298.150000 1.000000 0.000000 0.000000 0.100000 110.000000 0.000000 -207576.434733 184.592693 24.635942
0 298.150000 1.000000 0.000000 0.000000 0.100000 110.000000 0.000000 -207564.940409 177.741693 21.696299
0 298.150000 1.000000 0.000000 0.000000 0.100000 110.000000 0.000000 -207381.512387 177.370352 21.708342
0 298.150000 1.000000 0.000000 0.000000 0.100000 110.000000 0.000000 -207365.988739 175.708293 24.888408
0 298.150000 1.000000 0.000000 0.000000 0.100000 110.000000 0.000000 -207481.608952 184.960084 23.312769
0 298.150000 1.000000 0.000000 0.000000 0.100000 110.000000 0.000000 -207748.685766 191.396918 25.758672
0 298.150000 1.000000 0.000000 0.000000 0.100000 110.000000 0.000000 -207856.229802 193.061835 24.661861
0 298.150000 1.000000 0.000000 0.000000 0.100000 110.000000 0.000000 -207573.207509 191.128114 25.725415
0 298.150000 1.000000 0.000000 0.000000 0.100000 110.000000 0.000000 -207224.660928 183.119515 23.996923
0 298.150000 1.000000 0.000000 0.000000 0.100000 110.000000 0.000000 -207677.032624 197.697811 23.506525
0 298.150000 1.000000 0.000000 0.000000 0.100000 110.000000 0.000000 -207654.554513 197.130176 23.727043
0 298.150000 1.000000 0.000000 0.000000 0.100000 110.000000 0.000000 -207426.810147 173.298944 24.874731
0 298.150000 1.000000 0.000000 0.000000 0.100000 110.000000 0.000000 -207298.961357 183.821613 25.636314
0 298.150000 1.000000 0.000000 0.000000 0.100000 110.000000 0.000000 -207408.822654 193.849261 23.382427
0 298.150000 1.000000 0.000000 0.000000 0.100000 110.000000 0.000000 -207084.556521 192.141910 24.805873
0 298.150000 1.000000 0.000000 0.000000 0.100000 110.000000 0.000000 -207809.916915 179.866466 23.186323
0 298.150000 1.000000 0.000000 0.000000 0.100000 110.000000 0.000000 -207535.133920 177.601727 23.806527
0 298.150000 1.000000 0.000000 0.000000 0.100000 110.000000 0.000000 -207135.102689 190.617348 22.893054
0 298.150000 1.000000 0.000000 0.000000 0.100000 110.000000 0.000000 -207911.174556 190.067998 24.857211
0 298.150000 1.000000 0.000000 0.000000 0.100000 110.000000 0.000000 -207287.510396 184.707383 24.515854
0 298.150000 1.000000 0.000000 0.000000 0.100000 110.000000 0.000000 -207315.358714 198.906311 22.078708
0 298.150000 1.000000 0.000000 0.000000 0.100000 110.000000 0.000000 -207209.138725 184.659939 22.607442
0 298.150000 1.000000 0.000000 0.000000 0.100000 110.000000 0.000000 -207452.076397 187.514373 25.505724
0 298.150000 1.000000 0.000000 0.000000 0.100000 110.000000 0.000000 -207435.147655 190.572628 25.556284
0 298.150000 1.000000 0.000000 0.000000 0.100000 110.000000 0.000000 -207726.762740 194.689628 25.546529
