11 298.150000 -1.000000 0.500000 0.500000 0.100000 110.000000 0.000000 -207772.561651 6.185941 25.261776
12 298.150000 -1.000000 0.400000 0.500000 0.100000 110.000000 0.000000 -207828.429812 15.163593 25.061912
13 298.150000 -1.000000 0.300000 0.500000 0.100000 110.000000 0.000000 -207664.605015 5.878904 24.960305
13 298.150000 -1.000000 0.300000 0.500000 0.100000 110.000000 0.000000 -207620.794583 23.392413 25.112760
15 298.150000 -1.000000 0.100000 0.500000 0.100000 110.000000 0.000000 -207775.238051 38.457492 25.053971
15 298.150000 -1.000000 0.100000 0.500000 0.100000 110.000000 0.000000 -207889.456399 11.212104 24.729460
13 298.150000 -1.000000 0.300000 0.500000 0.100000 110.000000 0.000000 -208255.685555 13.059990 25.000920
14 298.150000 -1.000000 0.200000 0.500000 0.100000 110.000000 0.000000 -207407.573533 39.351167 25.043806
14 298.150000 -1.000000 0.200000 0.500000 0.100000 110.000000 0.000000 -207736.566309 19.420093 24.706471
13 298.150000 -1.000000 0.300000 0.500000 0.100000 110.000000 0.000000 -207870.982037 13.646437 25.131426
13 298.150000 -1.000000 0.300000 0.500000 0.100000 110.000000 0.000000 -207181.711218 14.269015 25.021190
14 298.150000 -1.000000 0.200000 0.500000 0.100000 110.000000 0.000000 -207476.184190 20.760085 24.907904
15 298.150000 -1.000000 0.100000 0.500000 0.100000 110.000000 0.000000 -207606.286688 33.309844 24.910998
15 298.150000 -1.000000 0.100000 0.500000 0.100000 110.000000 0.000000 -207865.748234 40.619859 25.217620
17 298.150000 -1.000000 0.000000 0.400000 0.100000 110.000000 0.000000 -207619.404597 107.850419 25.186648
17 298.150000 -1.000000 0.000000 0.400000 0.100000 110.000000 0.000000 -207645.323908 58.252679 25.214064
16 298.150000 -1.000000 0.000000 0.500000 0.100000 110.000000 0.000000 -207664.395206 77.019198 25.097315
16 298.150000 -1.000000 0.000000 0.500000 0.100000 110.000000 0.000000 -207692.714422 85.317149 24.950163
17 298.150000 -1.000000 0.000000 0.400000 0.100000 110.000000 0.000000 -207715.025458 39.473673 24.892588
15 298.150000 -1.000000 0.100000 0.500000 0.100000 110.000000 0.000000 -207875.342391 44.474511 25.195363
15 298.150000 -1.000000 0.100000 0.500000 0.100000 110.000000 0.000000 -208119.624514 24.171535 24.612359
15 298.150000 -1.000000 0.100000 0.500000 0.100000 110.000000 0.000000 -208049.551147 21.797314 25.205643
15 298.150000 -1.000000 0.100000 0.500000 0.100000 110.000000 0.000000 -207632.571467 36.938541 25.015215
15 298.150000 -1.000000 0.100000 0.500000 0.100000 110.000000 0.000000 -207611.844637 29.979440 24.891941
15 298.150000 -1.000000 0.100000 0.500000 0.100000 110.000000 0.000000 -207414.198074 44.948430 25.153341
18 298.150000 -1.000000 0.000000 0.300000 0.100000 110.000000 0.000000 -207869.381882 76.694652 25.035238
17 298.150000 -1.000000 0.000000 0.400000 0.100000 110.000000 0.000000 -207601.807678 69.250712 24.858320
17 298.150000 -1.000000 0.000000 0.400000 0.100000 110.000000 0.000000 -207812.241584 78.564202 24.928243
16 298.150000 -1.000000 0.000000 0.500000 0.100000 110.000000 0.000000 -208097.858831 80.176466 24.826985
17 298.150000 -1.000000 0.000000 0.400000 0.100000 110.000000 0.000000 -207558.936807 61.562213 25.050742
18 298.150000 -1.000000 0.000000 0.300000 0.100000 110.000000 0.000000 -208171.655944 83.464653 25.111709
17 298.150000 -1.000000 0.000000 0.400000 0.100000 110.000000 0.000000 -207820.272999 95.394963 25.167149
17 298.150000 -1.000000 0.000000 0.400000 0.100000 110.000000 0.000000 -207722.562828 98.231289 24.927455
17 298.150000 -1.000000 0.000000 0.400000 0.100000 110.000000 0.000000 -207461.172121 110.730455 25.208451
18 298.150000 -1.000000 0.000000 0.300000 0.100000 110.000000 0.000000 -207191.181677 110.346032 24.654617
18 298.150000 -1.000000 0.000000 0.300000 0.100000 110.000000 0.000000 -207733.148687 83.541101 24.988507
17 298.150000 -1.000000 0.000000 0.400000 0.100000 110.000000 0.000000 -207780.795944 83.122193 25.243902
16 298.150000 -1.000000 0.000000 0.500000 0.100000 110.000000 0.000000 -207751.884913 71.356072 25.104470
16 298.150000 -1.000000 0.000000 0.500000 0.100000 110.000000 0.000000 -207793.496231 93.898505 25.035593
17 298.150000 -1.000000 0.000000 0.400000 0.100000 110.000000 0.000000 -207685.832224 93.088729 24.517413
17 298.150000 -1.000000 0.000000 0.400000 0.100000 110.000000 0.000000 -207703.208783 79.794865 25.051750
17 298.150000 -1.000000 0.000000 0.400000 0.100000 110.000000 0.000000 -207817.257034 85.589298 25.094638
16 298.150000 -1.000000 0.000000 0.500000 0.100000 110.000000 0.000000 -207580.844478 69.404507 24.804131
19 298.150000 -1.000000 0.000000 0.200000 0.100000 110.000000 0.000000 -207851.166878 133.589811 24.688679
19 298.150000 -1.000000 0.000000 0.200000 0.100000 110.000000 0.000000 -207616.587046 147.258407 24.700584
19 298.150000 -1.000000 0.000000 0.200000 0.100000 110.000000 0.000000 -207358.003362 110.902671 24.994287
18 298.150000 -1.000000 0.000000 0.300000 0.100000 110.000000 0.000000 -207572.902512 81.163226 25.000291
16 298.150000 -1.000000 0.000000 0.500000 0.100000 110.000000 0.000000 -207863.815824 85.556984 25.005697
16 298.150000 -1.000000 0.000000 0.500000 0.100000 110.000000 0.000000 -207535.879653 64.743318 24.854968
17 298.150000 -1.000000 0.000000 0.400000 0.100000 110.000000 0.000000 -207463.342239 82.071079 24.906832
17 298.150000 -1.000000 0.000000 0.400000 0.100000 110.000000 0.000000 -207852.443602 81.337072 24.816165
17 298.150000 -1.000000 0.000000 0.400000 0.100000 110.000000 0.000000 -207637.111700 70.703372 24.981978
16 298.150000 -1.000000 0.000000 0.500000 0.100000 110.000000 0.000000 -207578.664127 92.098810 25.018374
16 298.150000 -1.000000 0.000000 0.500000 0.100000 110.000000 0.000000 -207725.632935 69.795572 25.038724
17 298.150000 -1.000000 0.000000 0.400000 0.100000 110.000000 0.000000 -207616.800762 112.284392 24.885118
19 298.150000 -1.000000 0.000000 0.200000 0.100000 110.000000 0.000000 -207540.667729 129.495422 25.077457
19 298.150000 -1.000000 0.000000 0.200000 0.100000 110.000000 0.000000 -208155.655729 136.885735 24.866682
19 298.150000 -1.000000 0.000000 0.200000 0.100000 110.000000 0.000000 -207635.442418 116.533625 24.837080
19 298.150000 -1.000000 0.000000 0.200000 0.100000 110.000000 0.000000 -207731.768975 137.231863 24.941983
19 298.150000 -1.000000 0.000000 0.200000 0.100000 110.000000 0.000000 -207832.409498 84.229729 25.094003
18 298.150000 -1.000000 0.000000 0.300000 0.100000 110.000000 0.000000 -208098.348171 96.229283 24.774016
18 298.150000 -1.000000 0.000000 0.300000 0.100000 110.000000 0.000000 -207958.841107 73.847749 24.895020
16 298.150000 -1.000000 0.000000 0.500000 0.100000 110.000000 0.000000 -207892.763512 50.476951 24.978873
16 298.150000 -1.000000 0.000000 0.500000 0.100000 110.000000 0.000000 -207774.173171 72.287755 25.175337
16 298.150000 -1.000000 0.000000 0.500000 0.100000 110.000000 0.000000 -207739.784278 63.611120 24.909286
17 298.150000 -1.000000 0.000000 0.400000 0.100000 110.000000 0.000000 -207712.532362 87.240630 24.413418
16 298.150000 -1.000000 0.000000 0.500000 0.100000 110.000000 0.000000 -207928.716028 68.795062 24.911529
17 298.150000 -1.000000 0.000000 0.400000 0.100000 110.000000 0.000000 -207839.845768 85.041410 24.764945
17 298.150000 -1.000000 0.000000 0.400000 0.100000 110.000000 0.000000 -207554.308877 73.407973 25.133619
17 298.150000 -1.000000 0.000000 0.400000 0.100000 110.000000 0.000000 -207757.927982 49.433701 24.845476
17 298.150000 -1.000000 0.000000 0.400000 0.100000 110.000000 0.000000 -207594.576649 44.781857 25.134306
16 298.150000 -1.000000 0.000000 0.500000 0.100000 110.000000 0.000000 -208014.480026 75.397318 24.832540
19 298.150000 -1.000000 0.000000 0.200000 0.100000 110.000000 0.000000 -208231.437054 142.973673 24.992104
20 298.150000 -1.000000 0.000000 0.100000 0.100000 110.000000 0.000000 -207477.072566 188.718461 24.927643
21 298.150000 -1.000000 0.000000 0.000000 0.100000 110.000000 0.000000 -207793.589017 194.963535 25.025358
21 298.150000 -1.000000 0.000000 0.000000 0.100000 110.000000 0.000000 -207958.929992 183.317201 24.935127
21 298.150000 -1.000000 0.000000 0.000000 0.100000 110.000000 0.000000 -207768.124896 192.117332 25.157351
21 298.150000 -1.000000 0.000000 0.000000 0.100000 110.000000 0.000000 -207783.043365 189.026814 25.084340
21 298.150000 -1.000000 0.000000 0.000000 0.100000 110.000000 0.000000 -207451.336534 183.062191 25.040692
21 298.150000 -1.000000 0.000000 0.000000 0.100000 110.000000 0.000000 -208052.008606 186.485895 24.673925
20 298.150000 -1.000000 0.000000 0.100000 0.100000 110.000000 0.000000 -208001.347121 133.745326 24.845232
20 298.150000 -1.000000 0.000000 0.100000 0.100000 110.000000 0.000000 -207774.105140 181.511167 24.916364
20 298.150000 -1.000000 0.000000 0.100000 0.100000 110.000000 0.000000 -207865.900905 189.277579 25.076535
21 298.150000 -1.000000 0.000000 0.000000 0.100000 110.000000 0.000000 -207712.766036 184.377634 24.902768
21 298.150000 -1.000000 0.000000 0.000000 0.100000 110.000000 0.000000 -207669.886897 191.769955 24.965713
21 298.150000 -1.000000 0.000000 0.000000 0.100000 110.000000 0.000000 -207874.938632 196.163140 24.972594
21 298.150000 -1.000000 0.000000 0.000000 0.100000 110.000000 0.000000 -207766.295661 188.172009 24.849642
21 298.150000 -1.000000 0.000000 0.000000 0.100000 110.000000 0.000000 -207792.813289 187.023795 24.884566
21 298.150000 -1.000000 0.000000 0.000000 0.100000 110.000000 0.000000 -207924.947504 195.067474 24.906697
21 298.150000 -1.000000 0.000000 0.000000 0.100000 110.000000 0.000000 -207901.417443 184.010674 25.088778
21 298.150000 -1.000000 0.000000 0.000000 0.100000 110.000000 0.000000 -207798.924966 195.117356 24.889869
21 298.150000 -1.000000 0.000000 0.000000 0.100000 110.000000 0.000000 -207869.441546 189.225792 25.092720
21 298.150000 -1.000000 0.000000 0.000000 0.100000 110.000000 0.000000 -207886.452717 192.319917 24.963228
21 298.150000 -1.000000 0.000000 0.000000 0.100000 110.000000 0.000000 -207589.034244 182.029430 24.871993
21 298.150000 -1.000000 0.000000 0.000000 0.100000 110.000000 0.000000 -207787.424213 182.736277 24.903154
21 298.150000 -1.000000 0.000000 0.000000 0.100000 110.000000 0.000000 -207924.123276 194.920298 24.970744
21 298.150000 -1.000000 0.000000 0.000000 0.100000 110.000000 0.000000 -207887.386202 187.598042 24.743551
21 298.150000 -1.000000 0.000000 0.000000 0.100000 110.000000 0.000000 -207471.568071 191.173971 24.895089
21 298.150000 -1.000000 0.000000 0.000000 0.100000 110.000000 0.000000 -207800.369565 188.030762 25.116025
21 298.150000 -1.000000 0.000000 0.000000 0.100000 110.000000 0.000000 -207703.671640 194.281686 25.142998
21 298.150000 -1.000000 0.000000 0.000000 0.100000 110.000000 0.000000 -207655.461562 187.367830 25.011609
21 298.150000 -1.000000 0.000000 0.000000 0.100000 110.000000 0.000000 -207964.605234 192.664763 24.907477
21 298.150000 -1.000000 0.000000 0.000000 0.100000 110.000000 0.000000 -207743.379935 189.950646 24.847454
21 298.150000 -1.000000 0.000000 0.000000 0.100000 110.000000 0.000000 -207907.886742 197.190925 24.928649
21 298.150000 -1.000000 0.000000 0.000000 0.100000 110.000000 0.000000 -207854.900157 196.074807 25.222590
21 298.150000 -1.000000 0.000000 0.000000 0.100000 110.000000 0.000000 -208141.257795 182.719155 24.891249
21 298.150000 -1.000000 0.000000 0.000000 0.100000 110.000000 0.000000 -208093.052055 181.927683 25.007191
21 298.150000 -1.000000 0.000000 0.000000 0.100000 110.000000 0.000000 -207836.816825 188.279967 24.865200
21 298.150000 -1.000000 0.000000 0.000000 0.100000 110.000000 0.000000 -207658.841914 189.155625 25.033219
21 298.150000 -1.000000 0.000000 0.000000 0.100000 110.000000 0.000000 -208146.727749 197.274435 24.931771
21 298.150000 -1.000000 0.000000 0.000000 0.100000 110.000000 0.000000 -207377.758917 195.000237 24.878523
21 298.150000 -1.000000 0.000000 0.000000 0.100000 110.000000 0.000000 -208172.563126 197.191950 25.122003
21 298.150000 -1.000000 0.000000 0.000000 0.100000 110.000000 0.000000 -208007.767361 181.994956 25.031326
21 298.150000 -1.000000 0.000000 0.000000 0.100000 110.000000 0.000000 -207958.886460 191.725164 24.503777
21 298.150000 -1.000000 0.000000 0.000000 0.100000 110.000000 0.000000 -207838.018801 187.903118 24.885163
21 298.150000 -1.000000 0.000000 0.000000 0.100000 110.000000 0.000000 -207696.865792 189.786378 25.187897
21 298.150000 -1.000000 0.000000 0.000000 0.100000 110.000000 0.000000 -207964.768133 188.162649 24.969794
21 298.150000 -1.000000 0.000000 0.000000 0.100000 110.000000 0.000000 -207970.165260 192.005599 25.125227
21 298.150000 -1.000000 0.000000 0.000000 0.100000 110.000000 0.000000 -207928.726428 185.776924 24.880310
20 298.150000 -1.000000 0.000000 0.100000 0.100000 110.000000 0.000000 -208286.186748 172.904228 25.165232
20 298.150000 -1.000000 0.000000 0.100000 0.100000 110.000000 0.000000 -207931.440084 181.025364 24.827951
20 298.150000 -1.000000 0.000000 0.100000 0.100000 110.000000 0.000000 -207664.531703 189.975087 25.106650
21 298.150000 -1.000000 0.000000 0.000000 0.100000 110.000000 0.000000 -207955.502389 179.824440 24.976835
21 298.150000 -1.000000 0.000000 0.000000 0.100000 110.000000 0.000000 -207825.874537 185.306695 25.073809
21 298.150000 -1.000000 0.000000 0.000000 0.100000 110.000000 0.000000 -207703.907845 185.829594 25.098287
21 298.150000 -1.000000 0.000000 0.000000 0.100000 110.000000 0.000000 -207567.280620 195.164232 24.754335
