15 298.150000 -1.000000 0.100000 0.500000 0.100000 110.000000 0.000000 -208026.911641 29.342040 25.005901
15 298.150000 -1.000000 0.100000 0.500000 0.100000 110.000000 0.000000 -207869.864342 21.806182 25.176389
15 298.150000 -1.000000 0.100000 0.500000 0.100000 110.000000 0.000000 -207770.209354 24.398960 24.865701
15 298.150000 -1.000000 0.100000 0.500000 0.100000 110.000000 0.000000 -208167.782584 23.050885 25.232693
13 298.150000 -1.000000 0.300000 0.500000 0.100000 110.000000 0.000000 -207481.694326 1.331160 24.879866
11 298.150000 -1.000000 0.500000 0.500000 0.100000 110.000000 0.000000 -207582.903846 -0.490630 25.111277
11 298.150000 -1.000000 0.500000 0.500000 0.100000 110.000000 0.000000 -207427.793864 1.082423 24.929017
11 298.150000 -1.000000 0.500000 0.500000 0.100000 110.000000 0.000000 -208131.171848 -4.740112 25.250098
11 298.150000 -1.000000 0.500000 0.500000 0.100000 110.000000 0.000000 -208146.002508 -3.747920 24.930825
12 298.150000 -1.000000 0.400000 0.500000 0.100000 110.000000 0.000000 -207632.568058 7.517137 24.984269
12 298.150000 -1.000000 0.400000 0.500000 0.100000 110.000000 0.000000 -207570.421663 0.323843 25.212559
12 298.150000 -1.000000 0.400000 0.500000 0.100000 110.000000 0.000000 -207652.538756 -4.520998 24.900496
12 298.150000 -1.000000 0.400000 0.500000 0.100000 110.000000 0.000000 -207555.700040 -2.999318 24.935950
12 298.150000 -1.000000 0.400000 0.500000 0.100000 110.000000 0.000000 -207816.534688 2.556450 25.210857
11 298.150000 -1.000000 0.500000 0.500000 0.100000 110.000000 0.000000 -207961.786655 1.821562 24.935927
9 298.150000 1.000000 0.400000 0.500000 0.100000 110.000000 0.000000 -207901.031812 12.544071 24.926206
8 298.150000 1.000000 0.300000 0.500000 0.100000 110.000000 0.000000 -207947.895650 0.927998 24.926289
8 298.150000 1.000000 0.300000 0.500000 0.100000 110.000000 0.000000 -207670.651685 8.673889 24.881610
8 298.150000 1.000000 0.300000 0.500000 0.100000 110.000000 0.000000 -207856.982109 9.977697 25.165838
7 298.150000 1.000000 0.200000 0.500000 0.100000 110.000000 0.000000 -207637.765639 9.260861 24.998433
7 298.150000 1.000000 0.200000 0.500000 0.100000 110.000000 0.000000 -207758.613256 15.717257 25.236597
8 298.150000 1.000000 0.300000 0.500000 0.100000 110.000000 0.000000 -208157.318691 14.237172 25.205844
7 298.150000 1.000000 0.200000 0.500000 0.100000 110.000000 0.000000 -207923.842187 8.399625 24.845047
8 298.150000 1.000000 0.300000 0.500000 0.100000 110.000000 0.000000 -207686.396499 4.859247 24.904858
8 298.150000 1.000000 0.300000 0.500000 0.100000 110.000000 0.000000 -208159.796946 -0.640449 24.834917
10 298.150000 1.000000 0.500000 0.500000 0.100000 110.000000 0.000000 -208048.623062 -5.245833 24.823685
9 298.150000 1.000000 0.400000 0.500000 0.100000 110.000000 0.000000 -207534.547456 7.191954 24.751673
7 298.150000 1.000000 0.200000 0.500000 0.100000 110.000000 0.000000 -207781.029825 10.696015 24.913737
8 298.150000 1.000000 0.300000 0.500000 0.100000 110.000000 0.000000 -208348.382601 6.054476 24.934136
9 298.150000 1.000000 0.400000 0.500000 0.100000 110.000000 0.000000 -207768.920116 8.496059 25.045325
9 298.150000 1.000000 0.400000 0.500000 0.100000 110.000000 0.000000 -207927.150630 2.993299 25.142130
9 298.150000 1.000000 0.400000 0.500000 0.100000 110.000000 0.000000 -207756.923267 10.150680 24.996816
8 298.150000 1.000000 0.300000 0.500000 0.100000 110.000000 0.000000 -207650.534396 4.391292 24.939244
9 298.150000 1.000000 0.400000 0.500000 0.100000 110.000000 0.000000 -207658.179963 11.797790 25.020071
8 298.150000 1.000000 0.300000 0.500000 0.100000 110.000000 0.000000 -207629.492940 3.080693 24.777593
9 298.150000 1.000000 0.400000 0.500000 0.100000 110.000000 0.000000 -207651.771796 -15.121264 25.066868
9 298.150000 1.000000 0.400000 0.500000 0.100000 110.000000 0.000000 -207829.655383 6.601070 24.984618
9 298.150000 1.000000 0.400000 0.500000 0.100000 110.000000 0.000000 -207733.419697 10.405538 25.030491
7 298.150000 1.000000 0.200000 0.500000 0.100000 110.000000 0.000000 -207740.975776 26.668036 25.198695
7 298.150000 1.000000 0.200000 0.500000 0.100000 110.000000 0.000000 -207834.828162 10.423739 25.189994
8 298.150000 1.000000 0.300000 0.500000 0.100000 110.000000 0.000000 -207628.817375 8.645861 24.938983
8 298.150000 1.000000 0.300000 0.500000 0.100000 110.000000 0.000000 -207611.708232 6.832858 24.962357
8 298.150000 1.000000 0.300000 0.500000 0.100000 110.000000 0.000000 -207353.960557 20.203223 25.284351
7 298.150000 1.000000 0.200000 0.500000 0.100000 110.000000 0.000000 -207792.152003 16.332973 24.921258
8 298.150000 1.000000 0.300000 0.500000 0.100000 110.000000 0.000000 -207790.936424 18.598704 24.953395
7 298.150000 1.000000 0.200000 0.500000 0.100000 110.000000 0.000000 -207752.504014 18.915787 25.166980
7 298.150000 1.000000 0.200000 0.500000 0.100000 110.000000 0.000000 -207900.934228 31.144901 25.030186
7 298.150000 1.000000 0.200000 0.500000 0.100000 110.000000 0.000000 -207598.301808 13.890859 25.134094
7 298.150000 1.000000 0.200000 0.500000 0.100000 110.000000 0.000000 -207662.099940 24.921785 24.926997
7 298.150000 1.000000 0.200000 0.500000 0.100000 110.000000 0.000000 -207500.155239 19.298771 25.078014
7 298.150000 1.000000 0.200000 0.500000 0.100000 110.000000 0.000000 -207619.104621 25.180529 25.108040
6 298.150000 1.000000 0.100000 0.500000 0.100000 110.000000 0.000000 -207163.440027 14.767164 24.519799
7 298.150000 1.000000 0.200000 0.500000 0.100000 110.000000 0.000000 -207721.970953 16.258483 24.928234
8 298.150000 1.000000 0.300000 0.500000 0.100000 110.000000 0.000000 -207579.602107 14.044922 24.870828
9 298.150000 1.000000 0.400000 0.500000 0.100000 110.000000 0.000000 -207540.100943 8.226859 24.800216
8 298.150000 1.000000 0.300000 0.500000 0.100000 110.000000 0.000000 -207541.008786 24.236212 24.680601
8 298.150000 1.000000 0.300000 0.500000 0.100000 110.000000 0.000000 -207934.431199 12.908258 24.781969
8 298.150000 1.000000 0.300000 0.500000 0.100000 110.000000 0.000000 -207816.002563 16.114830 24.360166
8 298.150000 1.000000 0.300000 0.500000 0.100000 110.000000 0.000000 -207705.333993 4.209914 24.772622
13 298.150000 -1.000000 0.300000 0.500000 0.100000 110.000000 0.000000 -208152.480191 0.040542 24.995905
11 298.150000 -1.000000 0.500000 0.500000 0.100000 110.000000 0.000000 -208026.311954 -2.356921 24.758281
11 298.150000 -1.000000 0.500000 0.500000 0.100000 110.000000 0.000000 -207696.390539 2.588505 24.819643
11 298.150000 -1.000000 0.500000 0.500000 0.100000 110.000000 0.000000 -207959.926052 1.279434 24.885569
11 298.150000 -1.000000 0.500000 0.500000 0.100000 110.000000 0.000000 -207914.173454 -3.337734 24.889629
11 298.150000 -1.000000 0.500000 0.500000 0.100000 110.000000 0.000000 -207748.683317 -8.231788 25.117986
10 298.150000 1.000000 0.500000 0.500000 0.100000 110.000000 0.000000 -207630.175029 8.203877 25.047505
8 298.150000 1.000000 0.300000 0.500000 0.100000 110.000000 0.000000 -207917.204816 5.026550 24.571391
8 298.150000 1.000000 0.300000 0.500000 0.100000 110.000000 0.000000 -207486.628703 14.867800 25.231166
7 298.150000 1.000000 0.200000 0.500000 0.100000 110.000000 0.000000 -207261.065720 18.873506 25.081987
7 298.150000 1.000000 0.200000 0.500000 0.100000 110.000000 0.000000 -207923.716866 26.430012 24.995467
6 298.150000 1.000000 0.100000 0.500000 0.100000 110.000000 0.000000 -207418.958304 22.691419 25.278813
6 298.150000 1.000000 0.100000 0.500000 0.100000 110.000000 0.000000 -207483.558965 9.844544 25.205627
9 298.150000 1.000000 0.400000 0.500000 0.100000 110.000000 0.000000 -207681.505978 -0.389413 24.895040
11 298.150000 -1.000000 0.500000 0.500000 0.100000 110.000000 0.000000 -207617.079186 -0.927853 24.898401
9 298.150000 1.000000 0.400000 0.500000 0.100000 110.000000 0.000000 -207680.613560 0.476829 24.840687
9 298.150000 1.000000 0.400000 0.500000 0.100000 110.000000 0.000000 -207678.066301 -0.412360 25.019781
10 298.150000 1.000000 0.500000 0.500000 0.100000 110.000000 0.000000 -207641.422676 0.568164 25.116756
10 298.150000 1.000000 0.500000 0.500000 0.100000 110.000000 0.000000 -207660.970746 -3.280884 25.090800
10 298.150000 1.000000 0.500000 0.500000 0.100000 110.000000 0.000000 -207434.141941 3.007184 24.873980
11 298.150000 -1.000000 0.500000 0.500000 0.100000 110.000000 0.000000 -207473.081260 5.021782 24.861642
13 298.150000 -1.000000 0.300000 0.500000 0.100000 110.000000 0.000000 -207904.325076 0.556647 24.904333
13 298.150000 -1.000000 0.300000 0.500000 0.100000 110.000000 0.000000 -207842.418482 3.108863 24.858122
13 298.150000 -1.000000 0.300000 0.500000 0.100000 110.000000 0.000000 -208041.441599 9.534918 24.879658
12 298.150000 -1.000000 0.400000 0.500000 0.100000 110.000000 0.000000 -208172.095324 -0.212492 24.913907
12 298.150000 -1.000000 0.400000 0.500000 0.100000 110.000000 0.000000 -207521.634054 11.580607 24.891434
14 298.150000 -1.000000 0.200000 0.500000 0.100000 110.000000 0.000000 -207810.297932 27.163241 24.870614
15 298.150000 -1.000000 0.100000 0.500000 0.100000 110.000000 0.000000 -207554.230026 14.537142 24.937694
15 298.150000 -1.000000 0.100000 0.500000 0.100000 110.000000 0.000000 -207868.803945 33.217014 25.112798
15 298.150000 -1.000000 0.100000 0.500000 0.100000 110.000000 0.000000 -208241.499153 25.633658 24.871417
13 298.150000 -1.000000 0.300000 0.500000 0.100000 110.000000 0.000000 -207810.639284 1.068175 25.272056
13 298.150000 -1.000000 0.300000 0.500000 0.100000 110.000000 0.000000 -207566.829287 5.860443 25.143781
12 298.150000 -1.000000 0.400000 0.500000 0.100000 110.000000 0.000000 -208124.781207 4.986030 24.880033
12 298.150000 -1.000000 0.400000 0.500000 0.100000 110.000000 0.000000 -208220.476207 4.004292 25.039506
12 298.150000 -1.000000 0.400000 0.500000 0.100000 110.000000 0.000000 -208056.420194 -1.575456 24.874408
12 298.150000 -1.000000 0.400000 0.500000 0.100000 110.000000 0.000000 -208053.360094 1.961193 25.219973
12 298.150000 -1.000000 0.400000 0.500000 0.100000 110.000000 0.000000 -207523.631816 0.015571 24.911466
11 298.150000 -1.000000 0.500000 0.500000 0.100000 110.000000 0.000000 -207832.807505 -5.250555 24.920293
10 298.150000 1.000000 0.500000 0.500000 0.100000 110.000000 0.000000 -207649.974274 -3.281610 25.062538
10 298.150000 1.000000 0.500000 0.500000 0.100000 110.000000 0.000000 -207883.250242 1.267938 25.237758
11 298.150000 -1.000000 0.500000 0.500000 0.100000 110.000000 0.000000 -207860.434563 -0.999139 25.144710
11 298.150000 -1.000000 0.500000 0.500000 0.100000 110.000000 0.000000 -207857.264694 1.569358 25.013794
10 298.150000 1.000000 0.500000 0.500000 0.100000 110.000000 0.000000 -207780.785165 2.974334 25.121202
11 298.150000 -1.000000 0.500000 0.500000 0.100000 110.000000 0.000000 -207988.428443 4.821094 25.295145
14 298.150000 -1.000000 0.200000 0.500000 0.100000 110.000000 0.000000 -208044.472911 23.159012 24.882629
15 298.150000 -1.000000 0.100000 0.500000 0.100000 110.000000 0.000000 -207810.810805 15.135535 24.909298
15 298.150000 -1.000000 0.100000 0.500000 0.100000 110.000000 0.000000 -207880.154865 53.289620 24.944533
16 298.150000 -1.000000 0.000000 0.500000 0.100000 110.000000 0.000000 -208104.160479 67.240296 25.081225
17 298.150000 -1.000000 0.000000 0.400000 0.100000 110.000000 0.000000 -207934.757246 82.741942 24.861772
16 298.150000 -1.000000 0.000000 0.500000 0.100000 110.000000 0.000000 -207626.712021 68.484694 24.612857
16 298.150000 -1.000000 0.000000 0.500000 0.100000 110.000000 0.000000 -207771.314256 62.304226 24.874180
17 298.150000 -1.000000 0.000000 0.400000 0.100000 110.000000 0.000000 -207592.712585 112.769321 24.863871
17 298.150000 -1.000000 0.000000 0.400000 0.100000 110.000000 0.000000 -207653.571366 71.175441 24.928658
16 298.150000 -1.000000 0.000000 0.500000 0.100000 110.000000 0.000000 -207515.148321 72.905472 24.957692
16 298.150000 -1.000000 0.000000 0.500000 0.100000 110.000000 0.000000 -207326.419094 84.118634 24.815656
17 298.150000 -1.000000 0.000000 0.400000 0.100000 110.000000 0.000000 -207796.632431 81.459969 25.020422
18 298.150000 -1.000000 0.000000 0.300000 0.100000 110.000000 0.000000 -207833.893260 53.219125 24.903885
17 298.150000 -1.000000 0.000000 0.400000 0.100000 110.000000 0.000000 -207723.708914 69.129398 25.441783
18 298.150000 -1.000000 0.000000 0.300000 0.100000 110.000000 0.000000 -207723.898093 52.882921 24.909947
17 298.150000 -1.000000 0.000000 0.400000 0.100000 110.000000 0.000000 -207747.003697 97.946287 25.264890
16 298.150000 -1.000000 0.000000 0.500000 0.100000 110.000000 0.000000 -207975.930090 67.653211 24.924213
16 298.150000 -1.000000 0.000000 0.500000 0.100000 110.000000 0.000000 -207722.640537 36.301552 24.905021
15 298.150000 -1.000000 0.100000 0.500000 0.100000 110.000000 0.000000 -207933.683966 44.360283 24.892807
15 298.150000 -1.000000 0.100000 0.500000 0.100000 110.000000 0.000000 -207693.659784 29.832969 24.978349
14 298.150000 -1.000000 0.200000 0.500000 0.100000 110.000000 0.000000 -207826.756895 10.026078 25.043142
14 298.150000 -1.000000 0.200000 0.500000 0.100000 110.000000 0.000000 -207963.478583 19.751237 24.902230
14 298.150000 -1.000000 0.200000 0.500000 0.100000 110.000000 0.000000 -207477.981602 8.105435 24.915515
