19 298.150000 -1.000000 0.000000 0.200000 0.100000 110.000000 0.000000 -208054.648117 137.549401 24.913717
19 298.150000 -1.000000 0.000000 0.200000 0.100000 110.000000 0.000000 -207744.205952 135.554836 25.270083
19 298.150000 -1.000000 0.000000 0.200000 0.100000 110.000000 0.000000 -207607.906933 136.592311 24.883009
19 298.150000 -1.000000 0.000000 0.200000 0.100000 110.000000 0.000000 -207994.002385 146.839211 24.771853
19 298.150000 -1.000000 0.000000 0.200000 0.100000 110.000000 0.000000 -207663.463409 99.660824 25.064039
16 298.150000 -1.000000 0.000000 0.500000 0.100000 110.000000 0.000000 -207983.399579 50.005645 24.869813
17 298.150000 -1.000000 0.000000 0.400000 0.100000 110.000000 0.000000 -207881.472720 46.049446 24.925687
17 298.150000 -1.000000 0.000000 0.400000 0.100000 110.000000 0.000000 -208262.703273 110.765333 24.876249
18 298.150000 -1.000000 0.000000 0.300000 0.100000 110.000000 0.000000 -207839.094213 88.004122 24.988173
17 298.150000 -1.000000 0.000000 0.400000 0.100000 110.000000 0.000000 -207842.774666 101.087154 24.690831
17 298.150000 -1.000000 0.000000 0.400000 0.100000 110.000000 0.000000 -207932.688402 118.993810 24.730321
16 298.150000 -1.000000 0.000000 0.500000 0.100000 110.000000 0.000000 -207787.809914 67.544500 25.077238
17 298.150000 -1.000000 0.000000 0.400000 0.100000 110.000000 0.000000 -207804.375938 106.799394 25.146226
18 298.150000 -1.000000 0.000000 0.300000 0.100000 110.000000 0.000000 -207725.516520 65.533878 24.979296
18 298.150000 -1.000000 0.000000 0.300000 0.100000 110.000000 0.000000 -207687.669706 139.297642 25.109021
19 298.150000 -1.000000 0.000000 0.200000 0.100000 110.000000 0.000000 -207742.513699 134.071423 24.871157
19 298.150000 -1.000000 0.000000 0.200000 0.100000 110.000000 0.000000 -207917.222180 134.700659 25.083383
19 298.150000 -1.000000 0.000000 0.200000 0.100000 110.000000 0.000000 -208145.378794 137.146198 24.899869
19 298.150000 -1.000000 0.000000 0.200000 0.100000 110.000000 0.000000 -207604.846820 127.946771 25.211071
19 298.150000 -1.000000 0.000000 0.200000 0.100000 110.000000 0.000000 -207833.581539 66.542861 24.756634
17 298.150000 -1.000000 0.000000 0.400000 0.100000 110.000000 0.000000 -207735.843950 80.099376 25.124657
17 298.150000 -1.000000 0.000000 0.400000 0.100000 110.000000 0.000000 -207798.758711 64.844744 24.837858
16 298.150000 -1.000000 0.000000 0.500000 0.100000 110.000000 0.000000 -207704.674853 64.603897 25.175049
18 298.150000 -1.000000 0.000000 0.300000 0.100000 110.000000 0.000000 -207758.384103 79.305846 24.825741
17 298.150000 -1.000000 0.000000 0.400000 0.100000 110.000000 0.000000 -207997.646330 53.838049 25.078844
17 298.150000 -1.000000 0.000000 0.400000 0.100000 110.000000 0.000000 -207926.847117 90.331805 24.985847
16 298.150000 -1.000000 0.000000 0.500000 0.100000 110.000000 0.000000 -207678.793218 75.942155 24.967801
17 298.150000 -1.000000 0.000000 0.400000 0.100000 110.000000 0.000000 -207580.463407 35.729751 24.850533
17 298.150000 -1.000000 0.000000 0.400000 0.100000 110.000000 0.000000 -208236.293652 63.478952 25.020834
18 298.150000 -1.000000 0.000000 0.300000 0.100000 110.000000 0.000000 -208169.038121 61.858523 25.238722
17 298.150000 -1.000000 0.000000 0.400000 0.100000 110.000000 0.000000 -207897.715007 85.482943 25.100312
18 298.150000 -1.000000 0.000000 0.300000 0.100000 110.000000 0.000000 -207696.313104 83.207668 25.174980
18 298.150000 -1.000000 0.000000 0.300000 0.100000 110.000000 0.000000 -207688.867424 84.456631 25.121686
16 298.150000 -1.000000 0.000000 0.500000 0.100000 110.000000 0.000000 -207926.607192 52.122597 24.893499
17 298.150000 -1.000000 0.000000 0.400000 0.100000 110.000000 0.000000 -207741.139150 69.930543 25.050070
17 298.150000 -1.000000 0.000000 0.400000 0.100000 110.000000 0.000000 -207529.246523 70.011824 24.900706
18 298.150000 -1.000000 0.000000 0.300000 0.100000 110.000000 0.000000 -207804.689366 69.898707 25.221363
18 298.150000 -1.000000 0.000000 0.300000 0.100000 110.000000 0.000000 -207789.904927 108.081237 24.950282
18 298.150000 -1.000000 0.000000 0.300000 0.100000 110.000000 0.000000 -207981.841489 49.275987 24.846862
18 298.150000 -1.000000 0.000000 0.300000 0.100000 110.000000 0.000000 -208216.123826 95.670245 24.928109
18 298.150000 -1.000000 0.000000 0.300000 0.100000 110.000000 0.000000 -207687.406556 66.827919 24.951582
19 298.150000 -1.000000 0.000000 0.200000 0.100000 110.000000 0.000000 -207837.699083 85.901469 25.078694
19 298.150000 -1.000000 0.000000 0.200000 0.100000 110.000000 0.000000 -207904.113445 100.825745 25.070239
17 298.150000 -1.000000 0.000000 0.400000 0.100000 110.000000 0.000000 -207797.401320 98.384132 24.889381
18 298.150000 -1.000000 0.000000 0.300000 0.100000 110.000000 0.000000 -207653.463196 53.609950 25.228202
17 298.150000 -1.000000 0.000000 0.400000 0.100000 110.000000 0.000000 -208358.665802 92.469532 24.728870
19 298.150000 -1.000000 0.000000 0.200000 0.100000 110.000000 0.000000 -208169.883499 60.353264 24.827048
19 298.150000 -1.000000 0.000000 0.200000 0.100000 110.000000 0.000000 -207783.436648 141.136121 24.862925
19 298.150000 -1.000000 0.000000 0.200000 0.100000 110.000000 0.000000 -207702.590479 86.348849 24.829095
18 298.150000 -1.000000 0.000000 0.300000 0.100000 110.000000 0.000000 -208172.139502 105.885876 24.922499
16 298.150000 -1.000000 0.000000 0.500000 0.100000 110.000000 0.000000 -207790.919095 80.840036 24.932908
18 298.150000 -1.000000 0.000000 0.300000 0.100000 110.000000 0.000000 -207941.717503 57.034893 24.948064
18 298.150000 -1.000000 0.000000 0.300000 0.100000 110.000000 0.000000 -207646.074758 96.219071 24.880460
17 298.150000 -1.000000 0.000000 0.400000 0.100000 110.000000 0.000000 -207969.979807 80.688305 25.121607
18 298.150000 -1.000000 0.000000 0.300000 0.100000 110.000000 0.000000 -207932.564944 109.265135 25.069320
16 298.150000 -1.000000 0.000000 0.500000 0.100000 110.000000 0.000000 -207490.904658 51.071011 25.191826
15 298.150000 -1.000000 0.100000 0.500000 0.100000 110.000000 0.000000 -207190.388450 19.950817 24.880078
15 298.150000 -1.000000 0.100000 0.500000 0.100000 110.000000 0.000000 -207810.787967 31.008759 24.994777
15 298.150000 -1.000000 0.100000 0.500000 0.100000 110.000000 0.000000 -207745.646306 33.044197 24.891135
15 298.150000 -1.000000 0.100000 0.500000 0.100000 110.000000 0.000000 -207858.493256 25.006517 24.949006
15 298.150000 -1.000000 0.100000 0.500000 0.100000 110.000000 0.000000 -207722.120094 37.758573 25.046578
15 298.150000 -1.000000 0.100000 0.500000 0.100000 110.000000 0.000000 -207952.214021 34.002483 25.014274
15 298.150000 -1.000000 0.100000 0.500000 0.100000 110.000000 0.000000 -207658.900715 9.261742 25.108924
15 298.150000 -1.000000 0.100000 0.500000 0.100000 110.000000 0.000000 -207705.281401 22.170924 24.864210
15 298.150000 -1.000000 0.100000 0.500000 0.100000 110.000000 0.000000 -207834.924539 25.614416 25.039040
15 298.150000 -1.000000 0.100000 0.500000 0.100000 110.000000 0.000000 -208196.782929 63.445895 25.013970
15 298.150000 -1.000000 0.100000 0.500000 0.100000 110.000000 0.000000 -208028.429231 28.479579 24.987266
15 298.150000 -1.000000 0.100000 0.500000 0.100000 110.000000 0.000000 -207835.879418 28.922300 24.879014
15 298.150000 -1.000000 0.100000 0.500000 0.100000 110.000000 0.000000 -207712.508774 31.847573 24.755774
14 298.150000 -1.000000 0.200000 0.500000 0.100000 110.000000 0.000000 -207845.687136 32.930875 24.944261
15 298.150000 -1.000000 0.100000 0.500000 0.100000 110.000000 0.000000 -207873.406903 12.923184 25.148520
15 298.150000 -1.000000 0.100000 0.500000 0.100000 110.000000 0.000000 -208213.219737 34.467105 24.879816
15 298.150000 -1.000000 0.100000 0.500000 0.100000 110.000000 0.000000 -207913.240054 20.547277 24.882797
15 298.150000 -1.000000 0.100000 0.500000 0.100000 110.000000 0.000000 -207736.411083 47.620105 25.215652
15 298.150000 -1.000000 0.100000 0.500000 0.100000 110.000000 0.000000 -207924.875172 15.082796 24.913403
13 298.150000 -1.000000 0.300000 0.500000 0.100000 110.000000 0.000000 -207710.175076 22.790568 25.277590
13 298.150000 -1.000000 0.300000 0.500000 0.100000 110.000000 0.000000 -207851.893602 14.436446 24.920758
13 298.150000 -1.000000 0.300000 0.500000 0.100000 110.000000 0.000000 -207901.943376 6.317547 25.029488
13 298.150000 -1.000000 0.300000 0.500000 0.100000 110.000000 0.000000 -207988.636929 8.936648 25.030570
13 298.150000 -1.000000 0.300000 0.500000 0.100000 110.000000 0.000000 -207642.301066 8.606053 24.892117
12 298.150000 -1.000000 0.400000 0.500000 0.100000 110.000000 0.000000 -208114.073018 6.227795 24.982058
12 298.150000 -1.000000 0.400000 0.500000 0.100000 110.000000 0.000000 -207802.501314 4.778927 25.111854
12 298.150000 -1.000000 0.400000 0.500000 0.100000 110.000000 0.000000 -208067.476106 20.032178 24.877938
13 298.150000 -1.000000 0.300000 0.500000 0.100000 110.000000 0.000000 -207710.626491 8.956412 25.027103
13 298.150000 -1.000000 0.300000 0.500000 0.100000 110.000000 0.000000 -207753.326901 16.074570 24.916494
13 298.150000 -1.000000 0.300000 0.500000 0.100000 110.000000 0.000000 -207530.855618 9.752127 24.778371
12 298.150000 -1.000000 0.400000 0.500000 0.100000 110.000000 0.000000 -207941.163286 4.633425 24.905843
11 298.150000 -1.000000 0.500000 0.500000 0.100000 110.000000 0.000000 -207602.221028 -0.278906 24.906751
11 298.150000 -1.000000 0.500000 0.500000 0.100000 110.000000 0.000000 -207933.619493 5.035375 24.927000
10 298.150000 1.000000 0.500000 0.500000 0.100000 110.000000 0.000000 -207826.929194 1.015968 24.878552
10 298.150000 1.000000 0.500000 0.500000 0.100000 110.000000 0.000000 -207787.887106 -1.748425 24.901824
11 298.150000 -1.000000 0.500000 0.500000 0.100000 110.000000 0.000000 -207783.882142 1.501843 25.249541
10 298.150000 1.000000 0.500000 0.500000 0.100000 110.000000 0.000000 -207980.704490 0.953811 24.950873
10 298.150000 1.000000 0.500000 0.500000 0.100000 110.000000 0.000000 -207436.093605 -3.930253 24.846476
10 298.150000 1.000000 0.500000 0.500000 0.100000 110.000000 0.000000 -208161.195841 -5.630206 24.894200
11 298.150000 -1.000000 0.500000 0.500000 0.100000 110.000000 0.000000 -207784.152315 -2.104089 24.926963
10 298.150000 1.000000 0.500000 0.500000 0.100000 110.000000 0.000000 -207762.911924 -2.650567 24.997732
11 298.150000 -1.000000 0.500000 0.500000 0.100000 110.000000 0.000000 -207734.383437 7.697629 24.877089
12 298.150000 -1.000000 0.400000 0.500000 0.100000 110.000000 0.000000 -207799.026879 10.769517 25.077541
13 298.150000 -1.000000 0.300000 0.500000 0.100000 110.000000 0.000000 -207862.715787 0.486764 25.101816
14 298.150000 -1.000000 0.200000 0.500000 0.100000 110.000000 0.000000 -207576.694992 27.493492 25.001805
14 298.150000 -1.000000 0.200000 0.500000 0.100000 110.000000 0.000000 -208038.453202 11.642251 25.239619
13 298.150000 -1.000000 0.300000 0.500000 0.100000 110.000000 0.000000 -207947.170658 4.111850 24.922224
12 298.150000 -1.000000 0.400000 0.500000 0.100000 110.000000 0.000000 -207458.186752 3.731695 25.268213
9 298.150000 1.000000 0.400000 0.500000 0.100000 110.000000 0.000000 -207719.660423 2.350774 25.029233
10 298.150000 1.000000 0.500000 0.500000 0.100000 110.000000 0.000000 -208066.757500 5.011387 24.930733
10 298.150000 1.000000 0.500000 0.500000 0.100000 110.000000 0.000000 -207953.056533 -1.280282 25.213225
10 298.150000 1.000000 0.500000 0.500000 0.100000 110.000000 0.000000 -208157.468753 3.576909 25.108946
8 298.150000 1.000000 0.300000 0.500000 0.100000 110.000000 0.000000 -207920.863720 13.767558 24.953385
8 298.150000 1.000000 0.300000 0.500000 0.100000 110.000000 0.000000 -207920.976237 2.971905 24.982063
9 298.150000 1.000000 0.400000 0.500000 0.100000 110.000000 0.000000 -207737.435268 -5.915572 24.987734
10 298.150000 1.000000 0.500000 0.500000 0.100000 110.000000 0.000000 -207760.199690 -3.040796 24.921458
10 298.150000 1.000000 0.500000 0.500000 0.100000 110.000000 0.000000 -208000.254108 -0.825457 25.036128
10 298.150000 1.000000 0.500000 0.500000 0.100000 110.000000 0.000000 -208192.280991 1.361995 24.906272
10 298.150000 1.000000 0.500000 0.500000 0.100000 110.000000 0.000000 -208060.782306 -5.604456 24.999122
11 298.150000 -1.000000 0.500000 0.500000 0.100000 110.000000 0.000000 -207582.010959 -0.092493 25.094866
10 298.150000 1.000000 0.500000 0.500000 0.100000 110.000000 0.000000 -207803.680687 0.987011 25.131786
10 298.150000 1.000000 0.500000 0.500000 0.100000 110.000000 0.000000 -207530.665053 6.005018 24.920339
9 298.150000 1.000000 0.400000 0.500000 0.100000 110.000000 0.000000 -207680.329756 6.758741 24.831997
8 298.150000 1.000000 0.300000 0.500000 0.100000 110.000000 0.000000 -207757.481471 9.864212 25.231734
8 298.150000 1.000000 0.300000 0.500000 0.100000 110.000000 0.000000 -207732.128609 11.806834 25.193716
7 298.150000 1.000000 0.200000 0.500000 0.100000 110.000000 0.000000 -207873.005728 9.113959 25.007824
7 298.150000 1.000000 0.200000 0.500000 0.100000 110.000000 0.000000 -207983.849860 6.344976 25.095363
8 298.150000 1.000000 0.300000 0.500000 0.100000 110.000000 0.000000 -207915.962892 5.011486 25.082987
9 298.150000 1.000000 0.400000 0.500000 0.100000 110.000000 0.000000 -207741.103213 6.176867 24.718868
9 298.150000 1.000000 0.400000 0.500000 0.100000 110.000000 0.000000 -208061.382053 -3.519822 24.869389
