0 298.150000 1.000000 0.000000 0.000000 0.100000 110.000000 0.000000 -207333.526984 190.326298 25.135168
0 298.150000 1.000000 0.000000 0.000000 0.100000 110.000000 0.000000 -207779.800182 184.642062 23.530855
1 298.150000 1.000000 0.000000 0.100000 0.100000 110.000000 0.000000 -208002.518398 179.732025 22.973129
1 298.150000 1.000000 0.000000 0.100000 0.100000 110.000000 0.000000 -207667.643912 188.399587 23.670409
0 298.150000 1.000000 0.000000 0.000000 0.100000 110.000000 0.000000 -207840.062587 182.566530 24.089550
0 298.150000 1.000000 0.000000 0.000000 0.100000 110.000000 0.000000 -208055.356551 192.936652 25.314128
0 298.150000 1.000000 0.000000 0.000000 0.100000 110.000000 0.000000 -208094.700550 196.209261 23.220165
0 298.150000 1.000000 0.000000 0.000000 0.100000 110.000000 0.000000 -207506.082582 197.855840 23.590550
0 298.150000 1.000000 0.000000 0.000000 0.100000 110.000000 0.000000 -208028.817746 182.780063 25.228392
0 298.150000 1.000000 0.000000 0.000000 0.100000 110.000000 0.000000 -207619.252137 197.313970 24.135872
0 298.150000 1.000000 0.000000 0.000000 0.100000 110.000000 0.000000 -207554.533068 190.462014 25.229640
0 298.150000 1.000000 0.000000 0.000000 0.100000 110.000000 0.000000 -207642.079176 194.908450 24.541085
0 298.150000 1.000000 0.000000 0.000000 0.100000 110.000000 0.000000 -208083.693438 194.766256 23.881719
0 298.150000 1.000000 0.000000 0.000000 0.100000 110.000000 0.000000 -208105.148880 194.005036 24.671060
0 298.150000 1.000000 0.000000 0.000000 0.100000 110.000000 0.000000 -207754.051058 184.945857 25.278073
1 298.150000 1.000000 0.000000 0.100000 0.100000 110.000000 0.000000 -207731.704659 191.368684 23.695521
0 298.150000 1.000000 0.000000 0.000000 0.100000 110.000000 0.000000 -207697.666558 189.350129 23.701214
0 298.150000 1.000000 0.000000 0.000000 0.100000 110.000000 0.000000 -207956.474337 186.715928 22.627098
1 298.150000 1.000000 0.000000 0.100000 0.100000 110.000000 0.000000 -207699.820448 191.943756 25.044140
1 298.150000 1.000000 0.000000 0.100000 0.100000 110.000000 0.000000 -207507.431301 181.001781 23.054822
1 298.150000 1.000000 0.000000 0.100000 0.100000 110.000000 0.000000 -207573.371942 180.491662 23.196754
1 298.150000 1.000000 0.000000 0.100000 0.100000 110.000000 0.000000 -207848.013666 195.109914 23.871201
0 298.150000 1.000000 0.000000 0.000000 0.100000 110.000000 0.000000 -207736.349747 197.018720 23.102054
0 298.150000 1.000000 0.000000 0.000000 0.100000 110.000000 0.000000 -208086.951255 177.468186 24.359953
1 298.150000 1.000000 0.000000 0.100000 0.100000 110.000000 0.000000 -207915.294693 190.579482 24.259348
1 298.150000 1.000000 0.000000 0.100000 0.100000 110.000000 0.000000 -208053.346938 185.064552 24.540205
1 298.150000 1.000000 0.000000 0.100000 0.100000 110.000000 0.000000 -207731.448030 185.184049 22.858863
1 298.150000 1.000000 0.000000 0.100000 0.100000 110.000000 0.000000 -207738.988876 193.560355 24.339234
0 298.150000 1.000000 0.000000 0.000000 0.100000 110.000000 0.000000 -207667.627736 190.181196 24.382736
0 298.150000 1.000000 0.000000 0.000000 0.100000 110.000000 0.000000 -207584.099947 187.613725 23.148198
1 298.150000 1.000000 0.000000 0.100000 0.100000 110.000000 0.000000 -207881.876542 185.932859 22.914596
1 298.150000 1.000000 0.000000 0.100000 0.100000 110.000000 0.000000 -207718.818943 184.639222 24.397183
1 298.150000 1.000000 0.000000 0.100000 0.100000 110.000000 0.000000 -207374.981980 190.355145 23.186821
1 298.150000 1.000000 0.000000 0.100000 0.100000 110.000000 0.000000 -207965.416376 192.766139 21.820507
1 298.150000 1.000000 0.000000 0.100000 0.100000 110.000000 0.000000 -207643.873155 182.728202 23.731803
0 298.150000 1.000000 0.000000 0.000000 0.100000 110.000000 0.000000 -208014.559753 187.367899 23.247866
0 298.150000 1.000000 0.000000 0.000000 0.100000 110.000000 0.000000 -207751.601528 191.222550 22.740384
0 298.150000 1.000000 0.000000 0.000000 0.100000 110.000000 0.000000 -207987.271719 188.450382 23.613770
0 298.150000 1.000000 0.000000 0.000000 0.100000 110.000000 0.000000 -207832.688200 193.542392 23.031553
1 298.150000 1.000000 0.000000 0.100000 0.100000 110.000000 0.000000 -208001.632232 185.581462 23.411041
1 298.150000 1.000000 0.000000 0.100000 0.100000 110.000000 0.000000 -207655.207242 184.667504 23.345227
0 298.150000 1.000000 0.000000 0.000000 0.100000 110.000000 0.000000 -207807.859263 186.907148 23.527325
1 298.150000 1.000000 0.000000 0.100000 0.100000 110.000000 0.000000 -207829.882702 130.003178 25.076085
1 298.150000 1.000000 0.000000 0.100000 0.100000 110.000000 0.000000 -208096.366826 192.279606 24.626540
0 298.150000 1.000000 0.000000 0.000000 0.100000 110.000000 0.000000 -208220.596056 191.251939 23.129805
0 298.150000 1.000000 0.000000 0.000000 0.100000 110.000000 0.000000 -207517.992526 179.115530 24.846074
1 298.150000 1.000000 0.000000 0.100000 0.100000 110.000000 0.000000 -207740.542749 186.902603 24.878756
1 298.150000 1.000000 0.000000 0.100000 0.100000 110.000000 0.000000 -207749.187412 167.490451 24.894132
1 298.150000 1.000000 0.000000 0.100000 0.100000 110.000000 0.000000 -207672.391713 150.687664 25.252300
1 298.150000 1.000000 0.000000 0.100000 0.100000 110.000000 0.000000 -208125.653385 143.920074 24.389580
1 298.150000 1.000000 0.000000 0.100000 0.100000 110.000000 0.000000 -207967.093832 177.854584 23.465095
1 298.150000 1.000000 0.000000 0.100000 0.100000 110.000000 0.000000 -208321.036119 177.335463 24.475968
1 298.150000 1.000000 0.000000 0.100000 0.100000 110.000000 0.000000 -208149.486043 199.304777 24.102831
0 298.150000 1.000000 0.000000 0.000000 0.100000 110.000000 0.000000 -208159.056421 186.356813 24.903503
1 298.150000 1.000000 0.000000 0.100000 0.100000 110.000000 0.000000 -207484.976943 186.032822 24.421151
0 298.150000 1.000000 0.000000 0.000000 0.100000 110.000000 0.000000 -208043.001200 191.783373 24.696775
0 298.150000 1.000000 0.000000 0.000000 0.100000 110.000000 0.000000 -207597.544443 186.307638 24.976023
0 298.150000 1.000000 0.000000 0.000000 0.100000 110.000000 0.000000 -207611.211428 193.353931 25.279677
0 298.150000 1.000000 0.000000 0.000000 0.100000 110.000000 0.000000 -207906.687028 193.591316 24.080550
0 298.150000 1.000000 0.000000 0.000000 0.100000 110.000000 0.000000 -207685.274861 189.425527 24.886503
1 298.150000 1.000000 0.000000 0.100000 0.100000 110.000000 0.000000 -207685.251315 190.223543 24.845666
1 298.150000 1.000000 0.000000 0.100000 0.100000 110.000000 0.000000 -207762.571138 180.240911 23.260823
0 298.150000 1.000000 0.000000 0.000000 0.100000 110.000000 0.000000 -207724.478058 185.408209 25.171748
0 298.150000 1.000000 0.000000 0.000000 0.100000 110.000000 0.000000 -207955.653825 189.475664 23.267636
0 298.150000 1.000000 0.000000 0.000000 0.100000 110.000000 0.000000 -207665.900445 181.731072 25.152019
0 298.150000 1.000000 0.000000 0.000000 0.100000 110.000000 0.000000 -207520.276541 193.941536 25.360105
0 298.150000 1.000000 0.000000 0.000000 0.100000 110.000000 0.000000 -207411.514247 184.114040 25.181934
0 298.150000 1.000000 0.000000 0.000000 0.100000 110.000000 0.000000 -207980.598069 184.256673 24.060500
1 298.150000 1.000000 0.000000 0.100000 0.100000 110.000000 0.000000 -207418.477336 191.959948 23.707157
1 298.150000 1.000000 0.000000 0.100000 0.100000 110.000000 0.000000 -207930.212775 169.663117 24.103118
1 298.150000 1.000000 0.000000 0.100000 0.100000 110.000000 0.000000 -207839.170446 179.891506 25.023459
1 298.150000 1.000000 0.000000 0.100000 0.100000 110.000000 0.000000 -208042.058509 180.788243 24.227328
0 298.150000 1.000000 0.000000 0.000000 0.100000 110.000000 0.000000 -207583.633553 189.060646 24.779606
0 298.150000 1.000000 0.000000 0.000000 0.100000 110.000000 0.000000 -208057.277170 177.939346 24.614773
0 298.150000 1.000000 0.000000 0.000000 0.100000 110.000000 0.000000 -207864.830218 153.961130 24.427634
0 298.150000 1.000000 0.000000 0.000000 0.100000 110.000000 0.000000 -207818.681988 194.512688 24.921979
0 298.150000 1.000000 0.000000 0.000000 0.100000 110.000000 0.000000 -207738.592180 187.884351 23.964464
1 298.150000 1.000000 0.000000 0.100000 0.100000 110.000000 0.000000 -208133.393724 193.260531 23.683179
1 298.150000 1.000000 0.000000 0.100000 0.100000 110.000000 0.000000 -207588.576740 172.279100 25.240884
1 298.150000 1.000000 0.000000 0.100000 0.100000 110.000000 0.000000 -207440.877583 193.558271 25.067667
1 298.150000 1.000000 0.000000 0.100000 0.100000 110.000000 0.000000 -207874.383623 185.240167 22.822814
1 298.150000 1.000000 0.000000 0.100000 0.100000 110.000000 0.000000 -208227.123347 173.338162 24.536084
1 298.150000 1.000000 0.000000 0.100000 0.100000 110.000000 0.000000 -207747.642777 156.801660 25.011161
1 298.150000 1.000000 0.000000 0.100000 0.100000 110.000000 0.000000 -207646.842731 179.605826 25.136966
1 298.150000 1.000000 0.000000 0.100000 0.100000 110.000000 0.000000 -207923.775409 195.380560 23.241919
1 298.150000 1.000000 0.000000 0.100000 0.100000 110.000000 0.000000 -207324.577421 184.148866 23.389015
1 298.150000 1.000000 0.000000 0.100000 0.100000 110.000000 0.000000 -207480.629880 191.167443 25.165732
0 298.150000 1.000000 0.000000 0.000000 0.100000 110.000000 0.000000 -207719.879893 178.275081 24.997528
1 298.150000 1.000000 0.000000 0.100000 0.100000 110.000000 0.000000 -207919.987223 174.311282 25.228373
1 298.150000 1.000000 0.000000 0.100000 0.100000 110.000000 0.000000 -207619.707015 180.590634 25.292800
1 298.150000 1.000000 0.000000 0.100000 0.100000 110.000000 0.000000 -207990.525885 194.493708 24.868498
1 298.150000 1.000000 0.000000 0.100000 0.100000 110.000000 0.000000 -207556.558772 191.576330 23.500769
0 298.150000 1.000000 0.000000 0.000000 0.100000 110.000000 0.000000 -207837.157876 185.555881 24.289874
1 298.150000 1.000000 0.000000 0.100000 0.100000 110.000000 0.000000 -207447.508479 188.041589 23.724036
1 298.150000 1.000000 0.000000 0.100000 0.100000 110.000000 0.000000 -207526.678808 182.233822 21.962554
0 298.150000 1.000000 0.000000 0.000000 0.100000 110.000000 0.000000 -207961.418637 183.774586 24.677074
0 298.150000 1.000000 0.000000 0.000000 0.100000 110.000000 0.000000 -207791.647094 186.944666 24.872419
0 298.150000 1.000000 0.000000 0.000000 0.100000 110.000000 0.000000 -208119.933887 187.298546 23.842616
1 298.150000 1.000000 0.000000 0.100000 0.100000 110.000000 0.000000 -207681.828091 186.192466 24.551617
1 298.150000 1.000000 0.000000 0.100000 0.100000 110.000000 0.000000 -207731.840073 187.360252 23.696694
1 298.150000 1.000000 0.000000 0.100000 0.100000 110.000000 0.000000 -207439.745419 191.672552 25.227426
0 298.150000 1.000000 0.000000 0.000000 0.100000 110.000000 0.000000 -207480.478384 193.443715 24.490506
0 298.150000 1.000000 0.000000 0.000000 0.100000 110.000000 0.000000 -207922.140541 190.263029 23.964532
0 298.150000 1.000000 0.000000 0.000000 0.100000 110.000000 0.000000 -208305.865829 181.293556 23.520682
1 298.150000 1.000000 0.000000 0.100000 0.100000 110.000000 0.000000 -207755.856078 193.762414 24.624733
0 298.150000 1.000000 0.000000 0.000000 0.100000 110.000000 0.000000 -207734.783573 189.805785 25.291335
0 298.150000 1.000000 0.000000 0.000000 0.100000 110.000000 0.000000 -207676.243958 182.095521 23.416854
0 298.150000 1.000000 0.000000 0.000000 0.100000 110.000000 0.000000 -207839.789521 196.825693 25.166108
1 298.150000 1.000000 0.000000 0.100000 0.100000 110.000000 0.000000 -207814.830647 183.432846 24.903642
0 298.150000 1.000000 0.000000 0.000000 0.100000 110.000000 0.000000 -207812.961327 188.681677 25.437302
1 298.150000 1.000000 0.000000 0.100000 0.100000 110.000000 0.000000 -207939.119685 193.955266 25.290754
1 298.150000 1.000000 0.000000 0.100000 0.100000 110.000000 0.000000 -207897.699165 179.799520 24.636611
1 298.150000 1.000000 0.000000 0.100000 0.100000 110.000000 0.000000 -207443.712174 188.273743 25.060953
0 298.150000 1.000000 0.000000 0.000000 0.100000 110.000000 0.000000 -207596.672708 179.948124 24.858808
0 298.150000 1.000000 0.000000 0.000000 0.100000 110.000000 0.000000 -207748.059655 184.575672 23.586038
0 298.150000 1.000000 0.000000 0.000000 0.100000 110.000000 0.000000 -207952.343597 199.763386 24.150719
0 298.150000 1.000000 0.000000 0.000000 0.100000 110.000000 0.000000 -208027.233569 183.855628 24.860102
1 298.150000 1.000000 0.000000 0.100000 0.100000 110.000000 0.000000 -208006.762414 189.394032 23.933122
1 298.150000 1.000000 0.000000 0.100000 0.100000 110.000000 0.000000 -208061.732550 186.423464 23.447159
0 298.150000 1.000000 0.000000 0.000000 0.100000 110.000000 0.000000 -207879.633526 188.423590 24.764624
1 298.150000 1.000000 0.000000 0.100000 0.100000 110.000000 0.000000 -207718.973934 192.789163 24.126028
1 298.150000 1.000000 0.000000 0.100000 0.100000 110.000000 0.000000 -207984.462283 188.259649 24.541418
1 298.150000 1.000000 0.000000 0.100000 0.100000 110.000000 0.000000 -207926.543847 189.484060 23.325002
0 298.150000 1.000000 0.000000 0.000000 0.100000 110.000000 0.000000 -207959.772273 176.610136 24.423419
0 298.150000 1.000000 0.000000 0.000000 0.100000 110.000000 0.000000 -207495.874549 196.165064 25.122592
0 298.150000 1.000000 0.000000 0.000000 0.100000 110.000000 0.000000 -207861.936982 188.366227 24.876277
1 298.150000 1.000000 0.000000 0.100000 0.100000 110.000000 0.000000 -208036.318202 191.065861 23.399357
