9 298.150000 1.000000 0.400000 0.500000 0.100000 110.000000 0.000000 -207711.684823 11.157727 25.207084
8 298.150000 1.000000 0.300000 0.500000 0.100000 110.000000 0.000000 -207714.450072 7.373081 25.166385
8 298.150000 1.000000 0.300000 0.500000 0.100000 110.000000 0.000000 -207773.949732 3.136602 25.049295
8 298.150000 1.000000 0.300000 0.500000 0.100000 110.000000 0.000000 -207693.671906 10.718479 24.925486
8 298.150000 1.000000 0.300000 0.500000 0.100000 110.000000 0.000000 -207680.390297 4.722456 25.271535
10 298.150000 1.000000 0.500000 0.500000 0.100000 110.000000 0.000000 -207999.171334 -1.168107 25.157209
9 298.150000 1.000000 0.400000 0.500000 0.100000 110.000000 0.000000 -207873.396289 -5.451784 25.222259
10 298.150000 1.000000 0.500000 0.500000 0.100000 110.000000 0.000000 -207856.717300 -7.052767 25.161884
10 298.150000 1.000000 0.500000 0.500000 0.100000 110.000000 0.000000 -207635.385930 -3.414549 25.027706
10 298.150000 1.000000 0.500000 0.500000 0.100000 110.000000 0.000000 -207894.770049 11.263679 24.951548
10 298.150000 1.000000 0.500000 0.500000 0.100000 110.000000 0.000000 -207979.823344 -13.208429 24.879745
11 298.150000 -1.000000 0.500000 0.500000 0.100000 110.000000 0.000000 -207566.012344 -0.091615 25.400117
10 298.150000 1.000000 0.500000 0.500000 0.100000 110.000000 0.000000 -208006.105443 -1.719782 25.307382
10 298.150000 1.000000 0.500000 0.500000 0.100000 110.000000 0.000000 -207809.852766 5.362471 25.233754
8 298.150000 1.000000 0.300000 0.500000 0.100000 110.000000 0.000000 -207604.865747 -8.268735 25.244356
11 298.150000 -1.000000 0.500000 0.500000 0.100000 110.000000 0.000000 -207652.020509 0.334571 25.144283
8 298.150000 1.000000 0.300000 0.500000 0.100000 110.000000 0.000000 -207975.340761 14.055653 25.098649
7 298.150000 1.000000 0.200000 0.500000 0.100000 110.000000 0.000000 -208042.125795 21.235248 24.881726
7 298.150000 1.000000 0.200000 0.500000 0.100000 110.000000 0.000000 -207572.788919 15.706238 25.195858
8 298.150000 1.000000 0.300000 0.500000 0.100000 110.000000 0.000000 -207623.922081 16.142492 25.041237
8 298.150000 1.000000 0.300000 0.500000 0.100000 110.000000 0.000000 -207765.621733 12.791689 25.167937
7 298.150000 1.000000 0.200000 0.500000 0.100000 110.000000 0.000000 -207527.151550 9.123663 25.239205
8 298.150000 1.000000 0.300000 0.500000 0.100000 110.000000 0.000000 -207638.500520 9.807793 24.889544
7 298.150000 1.000000 0.200000 0.500000 0.100000 110.000000 0.000000 -208037.246909 15.633686 25.232120
7 298.150000 1.000000 0.200000 0.500000 0.100000 110.000000 0.000000 -207890.765155 25.769948 25.249672
7 298.150000 1.000000 0.200000 0.500000 0.100000 110.000000 0.000000 -207749.564352 0.786627 24.906426
7 298.150000 1.000000 0.200000 0.500000 0.100000 110.000000 0.000000 -207842.874224 6.278083 25.078856
9 298.150000 1.000000 0.400000 0.500000 0.100000 110.000000 0.000000 -207796.767717 7.589347 25.260262
7 298.150000 1.000000 0.200000 0.500000 0.100000 110.000000 0.000000 -207845.149365 25.366620 25.117492
6 298.150000 1.000000 0.100000 0.500000 0.100000 110.000000 0.000000 -207902.002920 46.038461 24.927900
6 298.150000 1.000000 0.100000 0.500000 0.100000 110.000000 0.000000 -207726.556093 56.455209 25.062516
6 298.150000 1.000000 0.100000 0.500000 0.100000 110.000000 0.000000 -207888.094428 46.179355 24.897592
6 298.150000 1.000000 0.100000 0.500000 0.100000 110.000000 0.000000 -207916.854589 17.888194 24.725264
7 298.150000 1.000000 0.200000 0.500000 0.100000 110.000000 0.000000 -207781.297331 16.808324 24.828905
7 298.150000 1.000000 0.200000 0.500000 0.100000 110.000000 0.000000 -207690.100064 24.114070 24.871086
7 298.150000 1.000000 0.200000 0.500000 0.100000 110.000000 0.000000 -207680.962353 35.474670 24.880186
6 298.150000 1.000000 0.100000 0.500000 0.100000 110.000000 0.000000 -207486.279226 18.536530 24.895247
6 298.150000 1.000000 0.100000 0.500000 0.100000 110.000000 0.000000 -207688.397378 35.477332 24.896938
6 298.150000 1.000000 0.100000 0.500000 0.100000 110.000000 0.000000 -208071.242454 47.588358 25.095848
6 298.150000 1.000000 0.100000 0.500000 0.100000 110.000000 0.000000 -208050.990624 35.306164 25.134415
6 298.150000 1.000000 0.100000 0.500000 0.100000 110.000000 0.000000 -207557.061938 41.549392 25.185919
6 298.150000 1.000000 0.100000 0.500000 0.100000 110.000000 0.000000 -207477.685700 6.815319 24.878882
6 298.150000 1.000000 0.100000 0.500000 0.100000 110.000000 0.000000 -207642.876647 42.991817 25.133940
6 298.150000 1.000000 0.100000 0.500000 0.100000 110.000000 0.000000 -207386.192196 36.819229 24.863849
6 298.150000 1.000000 0.100000 0.500000 0.100000 110.000000 0.000000 -207860.858739 22.118648 24.892312
6 298.150000 1.000000 0.100000 0.500000 0.100000 110.000000 0.000000 -207759.399095 34.902771 24.880346
6 298.150000 1.000000 0.100000 0.500000 0.100000 110.000000 0.000000 -207676.456706 33.504128 24.801393
6 298.150000 1.000000 0.100000 0.500000 0.100000 110.000000 0.000000 -207929.607476 21.533889 24.961802
6 298.150000 1.000000 0.100000 0.500000 0.100000 110.000000 0.000000 -207929.280380 20.588899 25.105504
6 298.150000 1.000000 0.100000 0.500000 0.100000 110.000000 0.000000 -207857.936934 42.381853 25.180853
6 298.150000 1.000000 0.100000 0.500000 0.100000 110.000000 0.000000 -208045.442417 20.677925 25.269758
7 298.150000 1.000000 0.200000 0.500000 0.100000 110.000000 0.000000 -207959.939884 6.267040 25.090171
8 298.150000 1.000000 0.300000 0.500000 0.100000 110.000000 0.000000 -207905.748105 6.055650 25.008761
9 298.150000 1.000000 0.400000 0.500000 0.100000 110.000000 0.000000 -207857.390977 -0.740667 25.124863
10 298.150000 1.000000 0.500000 0.500000 0.100000 110.000000 0.000000 -207957.386020 -3.166329 24.898440
10 298.150000 1.000000 0.500000 0.500000 0.100000 110.000000 0.000000 -207478.781428 -6.433748 25.175143
10 298.150000 1.000000 0.500000 0.500000 0.100000 110.000000 0.000000 -207727.194654 -2.113491 25.093170
10 298.150000 1.000000 0.500000 0.500000 0.100000 110.000000 0.000000 -207999.520526 6.729542 24.876960
11 298.150000 -1.000000 0.500000 0.500000 0.100000 110.000000 0.000000 -207785.324121 4.388696 25.040109
12 298.150000 -1.000000 0.400000 0.500000 0.100000 110.000000 0.000000 -207577.328292 4.066175 25.118380
12 298.150000 -1.000000 0.400000 0.500000 0.100000 110.000000 0.000000 -207654.884482 7.039688 24.871014
12 298.150000 -1.000000 0.400000 0.500000 0.100000 110.000000 0.000000 -207857.358665 1.202025 25.228299
10 298.150000 1.000000 0.500000 0.500000 0.100000 110.000000 0.000000 -207633.976439 1.040445 25.042743
10 298.150000 1.000000 0.500000 0.500000 0.100000 110.000000 0.000000 -207503.001743 -5.450597 24.960148
10 298.150000 1.000000 0.500000 0.500000 0.100000 110.000000 0.000000 -207822.089195 -0.499361 25.058922
11 298.150000 -1.000000 0.500000 0.500000 0.100000 110.000000 0.000000 -207858.805409 -10.142326 24.814617
11 298.150000 -1.000000 0.500000 0.500000 0.100000 110.000000 0.000000 -207719.011452 5.330380 25.171332
11 298.150000 -1.000000 0.500000 0.500000 0.100000 110.000000 0.000000 -207429.556449 -6.663121 25.209705
9 298.150000 1.000000 0.400000 0.500000 0.100000 110.000000 0.000000 -208247.240764 1.860376 25.278253
9 298.150000 1.000000 0.400000 0.500000 0.100000 110.000000 0.000000 -207873.309396 8.868232 24.813887
9 298.150000 1.000000 0.400000 0.500000 0.100000 110.000000 0.000000 -207628.968484 8.275649 24.916876
11 298.150000 -1.000000 0.500000 0.500000 0.100000 110.000000 0.000000 -207464.971329 3.486037 25.195826
10 298.150000 1.000000 0.500000 0.500000 0.100000 110.000000 0.000000 -207860.962415 -0.410528 25.178833
9 298.150000 1.000000 0.400000 0.500000 0.100000 110.000000 0.000000 -208071.503580 2.319538 25.230948
10 298.150000 1.000000 0.500000 0.500000 0.100000 110.000000 0.000000 -207475.127732 -3.801396 25.163941
10 298.150000 1.000000 0.500000 0.500000 0.100000 110.000000 0.000000 -207622.500413 5.819363 24.993810
11 298.150000 -1.000000 0.500000 0.500000 0.100000 110.000000 0.000000 -208086.310711 4.646842 24.896552
12 298.150000 -1.000000 0.400000 0.500000 0.100000 110.000000 0.000000 -207744.305922 5.668541 25.015545
12 298.150000 -1.000000 0.400000 0.500000 0.100000 110.000000 0.000000 -207577.861413 12.262026 25.006383
12 298.150000 -1.000000 0.400000 0.500000 0.100000 110.000000 0.000000 -208135.646250 3.412381 25.128156
12 298.150000 -1.000000 0.400000 0.500000 0.100000 110.000000 0.000000 -207717.459900 4.981536 24.885881
10 298.150000 1.000000 0.500000 0.500000 0.100000 110.000000 0.000000 -208219.454215 -5.141446 24.929236
10 298.150000 1.000000 0.500000 0.500000 0.100000 110.000000 0.000000 -208157.755862 0.937201 25.103294
8 298.150000 1.000000 0.300000 0.500000 0.100000 110.000000 0.000000 -207615.187119 2.162928 25.130772
9 298.150000 1.000000 0.400000 0.500000 0.100000 110.000000 0.000000 -207641.292820 13.417174 24.941008
7 298.150000 1.000000 0.200000 0.500000 0.100000 110.000000 0.000000 -208060.461828 19.512511 24.936080
7 298.150000 1.000000 0.200000 0.500000 0.100000 110.000000 0.000000 -207723.461061 21.357194 24.968872
7 298.150000 1.000000 0.200000 0.500000 0.100000 110.000000 0.000000 -207802.505306 20.884439 24.909228
7 298.150000 1.000000 0.200000 0.500000 0.100000 110.000000 0.000000 -207980.530953 12.554103 24.640183
9 298.150000 1.000000 0.400000 0.500000 0.100000 110.000000 0.000000 -207745.828623 5.297172 24.913451
9 298.150000 1.000000 0.400000 0.500000 0.100000 110.000000 0.000000 -208032.623614 16.428598 25.258843
8 298.150000 1.000000 0.300000 0.500000 0.100000 110.000000 0.000000 -207873.573377 27.920801 25.057725
7 298.150000 1.000000 0.200000 0.500000 0.100000 110.000000 0.000000 -208054.941326 14.566031 24.979795
7 298.150000 1.000000 0.200000 0.500000 0.100000 110.000000 0.000000 -207665.537571 20.222498 24.897667
7 298.150000 1.000000 0.200000 0.500000 0.100000 110.000000 0.000000 -207308.150059 26.472510 24.870715
7 298.150000 1.000000 0.200000 0.500000 0.100000 110.000000 0.000000 -207585.805352 29.659671 24.924294
6 298.150000 1.000000 0.100000 0.500000 0.100000 110.000000 0.000000 -207678.461371 7.706446 24.981727
8 298.150000 1.000000 0.300000 0.500000 0.100000 110.000000 0.000000 -207793.314380 8.195931 24.875976
7 298.150000 1.000000 0.200000 0.500000 0.100000 110.000000 0.000000 -207727.577542 14.686285 25.106044
7 298.150000 1.000000 0.200000 0.500000 0.100000 110.000000 0.000000 -207694.500336 13.616831 25.274036
7 298.150000 1.000000 0.200000 0.500000 0.100000 110.000000 0.000000 -207903.094818 23.488240 24.849140
6 298.150000 1.000000 0.100000 0.500000 0.100000 110.000000 0.000000 -207693.051054 36.076126 24.763376
6 298.150000 1.000000 0.100000 0.500000 0.100000 110.000000 0.000000 -207840.286602 74.421078 24.717245
6 298.150000 1.000000 0.100000 0.500000 0.100000 110.000000 0.000000 -207715.356871 27.558930 24.882424
7 298.150000 1.000000 0.200000 0.500000 0.100000 110.000000 0.000000 -207755.236546 15.284593 25.110938
8 298.150000 1.000000 0.300000 0.500000 0.100000 110.000000 0.000000 -207398.467231 9.229534 25.186165
9 298.150000 1.000000 0.400000 0.500000 0.100000 110.000000 0.000000 -207537.011225 4.165408 24.798237
8 298.150000 1.000000 0.300000 0.500000 0.100000 110.000000 0.000000 -208067.603494 8.008876 25.088151
8 298.150000 1.000000 0.300000 0.500000 0.100000 110.000000 0.000000 -208114.984027 10.159533 25.232905
10 298.150000 1.000000 0.500000 0.500000 0.100000 110.000000 0.000000 -207987.383392 -8.634011 24.974949
11 298.150000 -1.000000 0.500000 0.500000 0.100000 110.000000 0.000000 -207693.495200 7.859702 24.898650
12 298.150000 -1.000000 0.400000 0.500000 0.100000 110.000000 0.000000 -207735.526345 -3.889313 24.847637
11 298.150000 -1.000000 0.500000 0.500000 0.100000 110.000000 0.000000 -207906.728123 4.845652 25.109789
10 298.150000 1.000000 0.500000 0.500000 0.100000 110.000000 0.000000 -207473.113827 4.084686 24.987328
9 298.150000 1.000000 0.400000 0.500000 0.100000 110.000000 0.000000 -208252.405181 -0.998222 25.105701
9 298.150000 1.000000 0.400000 0.500000 0.100000 110.000000 0.000000 -207997.990467 3.354918 25.260917
8 298.150000 1.000000 0.300000 0.500000 0.100000 110.000000 0.000000 -207635.776910 17.197550 24.999620
8 298.150000 1.000000 0.300000 0.500000 0.100000 110.000000 0.000000 -207471.749286 15.348406 25.162700
8 298.150000 1.000000 0.300000 0.500000 0.100000 110.000000 0.000000 -208350.037449 17.922306 24.737566
7 298.150000 1.000000 0.200000 0.500000 0.100000 110.000000 0.000000 -207801.009605 17.789273 25.184138
7 298.150000 1.000000 0.200000 0.500000 0.100000 110.000000 0.000000 -208134.238552 18.869042 24.948959
8 298.150000 1.000000 0.300000 0.500000 0.100000 110.000000 0.000000 -207968.063138 8.857633 24.933646
8 298.150000 1.000000 0.300000 0.500000 0.100000 110.000000 0.000000 -208154.637165 9.951136 25.269741
7 298.150000 1.000000 0.200000 0.500000 0.100000 110.000000 0.000000 -207708.542516 24.042470 25.186916
8 298.150000 1.000000 0.300000 0.500000 0.100000 110.000000 0.000000 -207890.214730 14.624495 24.986839
8 298.150000 1.000000 0.300000 0.500000 0.100000 110.000000 0.000000 -207667.462855 9.312158 24.879981
