10 298.150000 1.000000 0.500000 0.500000 0.100000 110.000000 0.000000 -207781.122288 4.566738 24.874678
11 298.150000 -1.000000 0.500000 0.500000 0.100000 110.000000 0.000000 -207620.237618 2.424368 25.007831
10 298.150000 1.000000 0.500000 0.500000 0.100000 110.000000 0.000000 -207552.410835 -4.373258 25.210404
10 298.150000 1.000000 0.500000 0.500000 0.100000 110.000000 0.000000 -208167.191847 -1.233970 24.972195
11 298.150000 -1.000000 0.500000 0.500000 0.100000 110.000000 0.000000 -208050.011454 -0.869970 25.009645
12 298.150000 -1.000000 0.400000 0.500000 0.100000 110.000000 0.000000 -207741.877563 15.571507 24.866168
12 298.150000 -1.000000 0.400000 0.500000 0.100000 110.000000 0.000000 -207711.447293 7.555955 24.991979
12 298.150000 -1.000000 0.400000 0.500000 0.100000 110.000000 0.000000 -207481.744654 8.480185 24.820090
13 298.150000 -1.000000 0.300000 0.500000 0.100000 110.000000 0.000000 -208049.184868 20.286501 24.817355
14 298.150000 -1.000000 0.200000 0.500000 0.100000 110.000000 0.000000 -207985.708842 13.383232 24.885727
14 298.150000 -1.000000 0.200000 0.500000 0.100000 110.000000 0.000000 -207624.987496 12.185043 25.084841
13 298.150000 -1.000000 0.300000 0.500000 0.100000 110.000000 0.000000 -207704.556915 18.987879 24.668710
14 298.150000 -1.000000 0.200000 0.500000 0.100000 110.000000 0.000000 -208259.225973 3.579824 24.806819
13 298.150000 -1.000000 0.300000 0.500000 0.100000 110.000000 0.000000 -207728.864311 8.141099 24.876795
12 298.150000 -1.000000 0.400000 0.500000 0.100000 110.000000 0.000000 -207956.389152 6.105321 25.275666
12 298.150000 -1.000000 0.400000 0.500000 0.100000 110.000000 0.000000 -207959.100933 6.889893 24.864354
12 298.150000 -1.000000 0.400000 0.500000 0.100000 110.000000 0.000000 -207829.358247 14.524960 25.071826
12 298.150000 -1.000000 0.400000 0.500000 0.100000 110.000000 0.000000 -207872.078178 -1.736869 25.043615
13 298.150000 -1.000000 0.300000 0.500000 0.100000 110.000000 0.000000 -207657.597408 2.364480 25.247252
10 298.150000 1.000000 0.500000 0.500000 0.100000 110.000000 0.000000 -207551.815845 5.797180 24.866132
12 298.150000 -1.000000 0.400000 0.500000 0.100000 110.000000 0.000000 -207545.996784 -1.104193 25.115699
11 298.150000 -1.000000 0.500000 0.500000 0.100000 110.000000 0.000000 -208219.283694 0.092741 24.872985
11 298.150000 -1.000000 0.500000 0.500000 0.100000 110.000000 0.000000 -207983.399934 -1.441311 24.892047
12 298.150000 -1.000000 0.400000 0.500000 0.100000 110.000000 0.000000 -207817.343779 8.929301 25.024096
12 298.150000 -1.000000 0.400000 0.500000 0.100000 110.000000 0.000000 -207688.954387 4.617154 24.909963
12 298.150000 -1.000000 0.400000 0.500000 0.100000 110.000000 0.000000 -207520.799642 -3.015349 24.891346
12 298.150000 -1.000000 0.400000 0.500000 0.100000 110.000000 0.000000 -208021.194951 3.886613 24.753068
11 298.150000 -1.000000 0.500000 0.500000 0.100000 110.000000 0.000000 -208154.149173 -3.092866 24.921941
11 298.150000 -1.000000 0.500000 0.500000 0.100000 110.000000 0.000000 -207791.969161 3.427528 25.197411
10 298.150000 1.000000 0.500000 0.500000 0.100000 110.000000 0.000000 -207829.221797 -6.471239 25.106590
11 298.150000 -1.000000 0.500000 0.500000 0.100000 110.000000 0.000000 -207549.067996 -3.697726 24.878123
11 298.150000 -1.000000 0.500000 0.500000 0.100000 110.000000 0.000000 -207659.916442 6.518426 24.868077
12 298.150000 -1.000000 0.400000 0.500000 0.100000 110.000000 0.000000 -207334.961451 4.655401 25.211303
12 298.150000 -1.000000 0.400000 0.500000 0.100000 110.000000 0.000000 -207819.107832 2.979449 24.788516
12 298.150000 -1.000000 0.400000 0.500000 0.100000 110.000000 0.000000 -207438.624735 -5.558213 25.047184
12 298.150000 -1.000000 0.400000 0.500000 0.100000 110.000000 0.000000 -207867.492971 6.721143 24.883518
13 298.150000 -1.000000 0.300000 0.500000 0.100000 110.000000 0.000000 -207827.724618 7.699942 24.763764
13 298.150000 -1.000000 0.300000 0.500000 0.100000 110.000000 0.000000 -207629.786983 20.299968 25.191088
13 298.150000 -1.000000 0.300000 0.500000 0.100000 110.000000 0.000000 -207975.834302 21.001953 24.878682
14 298.150000 -1.000000 0.200000 0.500000 0.100000 110.000000 0.000000 -207995.745419 17.712124 25.031703
14 298.150000 -1.000000 0.200000 0.500000 0.100000 110.000000 0.000000 -208007.645332 13.695115 25.032039
13 298.150000 -1.000000 0.300000 0.500000 0.100000 110.000000 0.000000 -207749.251180 11.469195 24.886136
12 298.150000 -1.000000 0.400000 0.500000 0.100000 110.000000 0.000000 -207812.292079 4.231706 24.870151
12 298.150000 -1.000000 0.400000 0.500000 0.100000 110.000000 0.000000 -208176.366531 4.098147 24.932214
12 298.150000 -1.000000 0.400000 0.500000 0.100000 110.000000 0.000000 -207831.987912 9.297578 25.233961
12 298.150000 -1.000000 0.400000 0.500000 0.100000 110.000000 0.000000 -207982.498989 -0.045984 24.867491
12 298.150000 -1.000000 0.400000 0.500000 0.100000 110.000000 0.000000 -208416.899137 -0.074685 25.202393
12 298.150000 -1.000000 0.400000 0.500000 0.100000 110.000000 0.000000 -207606.695552 -5.099540 25.207148
12 298.150000 -1.000000 0.400000 0.500000 0.100000 110.000000 0.000000 -207712.123343 2.647928 25.118504
12 298.150000 -1.000000 0.400000 0.500000 0.100000 110.000000 0.000000 -207687.647485 7.417669 24.972677
12 298.150000 -1.000000 0.400000 0.500000 0.100000 110.000000 0.000000 -208148.634278 10.804919 25.147756
13 298.150000 -1.000000 0.300000 0.500000 0.100000 110.000000 0.000000 -207874.063618 24.289809 24.929737
14 298.150000 -1.000000 0.200000 0.500000 0.100000 110.000000 0.000000 -207844.997875 28.017254 24.915740
14 298.150000 -1.000000 0.200000 0.500000 0.100000 110.000000 0.000000 -207787.361396 3.275285 25.077675
13 298.150000 -1.000000 0.300000 0.500000 0.100000 110.000000 0.000000 -208034.557509 11.215788 25.053604
13 298.150000 -1.000000 0.300000 0.500000 0.100000 110.000000 0.000000 -207788.142963 4.923545 24.991785
12 298.150000 -1.000000 0.400000 0.500000 0.100000 110.000000 0.000000 -208060.446811 4.902891 24.804766
12 298.150000 -1.000000 0.400000 0.500000 0.100000 110.000000 0.000000 -207529.557847 12.044676 24.996920
12 298.150000 -1.000000 0.400000 0.500000 0.100000 110.000000 0.000000 -207713.142240 3.289583 24.816601
8 298.150000 1.000000 0.300000 0.500000 0.100000 110.000000 0.000000 -207417.424499 8.108613 24.920334
9 298.150000 1.000000 0.400000 0.500000 0.100000 110.000000 0.000000 -207759.309520 0.402467 25.044639
10 298.150000 1.000000 0.500000 0.500000 0.100000 110.000000 0.000000 -207564.882301 5.016315 25.247518
12 298.150000 -1.000000 0.400000 0.500000 0.100000 110.000000 0.000000 -207868.920721 6.989671 24.918087
13 298.150000 -1.000000 0.300000 0.500000 0.100000 110.000000 0.000000 -207761.172129 8.665158 25.134593
14 298.150000 -1.000000 0.200000 0.500000 0.100000 110.000000 0.000000 -208080.281920 23.464664 24.868349
14 298.150000 -1.000000 0.200000 0.500000 0.100000 110.000000 0.000000 -207776.243501 10.854345 24.996099
13 298.150000 -1.000000 0.300000 0.500000 0.100000 110.000000 0.000000 -207916.874491 5.385453 24.891664
13 298.150000 -1.000000 0.300000 0.500000 0.100000 110.000000 0.000000 -207702.207043 1.325157 24.878565
13 298.150000 -1.000000 0.300000 0.500000 0.100000 110.000000 0.000000 -207632.010111 -1.525660 24.972339
12 298.150000 -1.000000 0.400000 0.500000 0.100000 110.000000 0.000000 -208048.292980 7.151018 24.794893
13 298.150000 -1.000000 0.300000 0.500000 0.100000 110.000000 0.000000 -207681.395248 6.336090 25.027166
14 298.150000 -1.000000 0.200000 0.500000 0.100000 110.000000 0.000000 -207584.993846 7.845644 25.257033
11 298.150000 -1.000000 0.500000 0.500000 0.100000 110.000000 0.000000 -207912.462524 -4.065062 24.817860
12 298.150000 -1.000000 0.400000 0.500000 0.100000 110.000000 0.000000 -207599.832439 10.017370 24.883180
13 298.150000 -1.000000 0.300000 0.500000 0.100000 110.000000 0.000000 -207902.101261 6.867939 24.953580
12 298.150000 -1.000000 0.400000 0.500000 0.100000 110.000000 0.000000 -207553.606580 4.343408 25.217893
12 298.150000 -1.000000 0.400000 0.500000 0.100000 110.000000 0.000000 -207878.892027 3.667323 24.869025
9 298.150000 1.000000 0.400000 0.500000 0.100000 110.000000 0.000000 -207690.671573 2.974883 24.820531
9 298.150000 1.000000 0.400000 0.500000 0.100000 110.000000 0.000000 -208054.076691 4.901995 24.962948
10 298.150000 1.000000 0.500000 0.500000 0.100000 110.000000 0.000000 -207903.391506 4.376138 24.954488
9 298.150000 1.000000 0.400000 0.500000 0.100000 110.000000 0.000000 -207381.168581 4.827083 25.147823
7 298.150000 1.000000 0.200000 0.500000 0.100000 110.000000 0.000000 -208036.663984 27.072495 24.923596
6 298.150000 1.000000 0.100000 0.500000 0.100000 110.000000 0.000000 -207591.509143 50.288093 25.096504
6 298.150000 1.000000 0.100000 0.500000 0.100000 110.000000 0.000000 -208145.115033 33.931955 25.009955
6 298.150000 1.000000 0.100000 0.500000 0.100000 110.000000 0.000000 -208090.789990 26.407066 24.933680
6 298.150000 1.000000 0.100000 0.500000 0.100000 110.000000 0.000000 -207450.381429 32.782072 24.896246
6 298.150000 1.000000 0.100000 0.500000 0.100000 110.000000 0.000000 -207919.276879 20.284225 25.268006
6 298.150000 1.000000 0.100000 0.500000 0.100000 110.000000 0.000000 -207724.583680 46.551093 24.941777
6 298.150000 1.000000 0.100000 0.500000 0.100000 110.000000 0.000000 -207590.199597 37.566936 25.025683
7 298.150000 1.000000 0.200000 0.500000 0.100000 110.000000 0.000000 -207660.255151 16.834055 24.711381
7 298.150000 1.000000 0.200000 0.500000 0.100000 110.000000 0.000000 -207929.707601 23.858662 24.900770
7 298.150000 1.000000 0.200000 0.500000 0.100000 110.000000 0.000000 -207850.752678 15.222584 25.148840
8 298.150000 1.000000 0.300000 0.500000 0.100000 110.000000 0.000000 -207777.984016 4.458847 24.742192
8 298.150000 1.000000 0.300000 0.500000 0.100000 110.000000 0.000000 -207663.720409 4.350973 25.066761
8 298.150000 1.000000 0.300000 0.500000 0.100000 110.000000 0.000000 -208272.294282 13.500623 24.903472
8 298.150000 1.000000 0.300000 0.500000 0.100000 110.000000 0.000000 -208157.358116 6.728730 24.867634
9 298.150000 1.000000 0.400000 0.500000 0.100000 110.000000 0.000000 -207990.854050 3.698497 25.087994
9 298.150000 1.000000 0.400000 0.500000 0.100000 110.000000 0.000000 -208090.011687 5.062050 24.843254
9 298.150000 1.000000 0.400000 0.500000 0.100000 110.000000 0.000000 -207833.242089 2.852656 25.224050
9 298.150000 1.000000 0.400000 0.500000 0.100000 110.000000 0.000000 -207812.415271 0.929609 24.811753
8 298.150000 1.000000 0.300000 0.500000 0.100000 110.000000 0.000000 -207861.894049 11.587243 24.761056
8 298.150000 1.000000 0.300000 0.500000 0.100000 110.000000 0.000000 -207747.736039 8.273250 24.901181
8 298.150000 1.000000 0.300000 0.500000 0.100000 110.000000 0.000000 -207861.976819 9.192853 25.203292
9 298.150000 1.000000 0.400000 0.500000 0.100000 110.000000 0.000000 -207822.230000 0.011461 25.094838
12 298.150000 -1.000000 0.400000 0.500000 0.100000 110.000000 0.000000 -207814.172934 -0.037846 25.023348
12 298.150000 -1.000000 0.400000 0.500000 0.100000 110.000000 0.000000 -207903.075325 5.148922 24.924722
12 298.150000 -1.000000 0.400000 0.500000 0.100000 110.000000 0.000000 -207829.120097 5.239145 24.792583
12 298.150000 -1.000000 0.400000 0.500000 0.100000 110.000000 0.000000 -207758.309180 -0.831469 24.898753
12 298.150000 -1.000000 0.400000 0.500000 0.100000 110.000000 0.000000 -207315.750342 -4.932714 24.940487
12 298.150000 -1.000000 0.400000 0.500000 0.100000 110.000000 0.000000 -207847.656831 1.437678 24.859338
12 298.150000 -1.000000 0.400000 0.500000 0.100000 110.000000 0.000000 -207841.072104 1.929193 25.084868
11 298.150000 -1.000000 0.500000 0.500000 0.100000 110.000000 0.000000 -207974.870169 0.974933 24.884113
13 298.150000 -1.000000 0.300000 0.500000 0.100000 110.000000 0.000000 -207996.070086 13.719724 24.976471
13 298.150000 -1.000000 0.300000 0.500000 0.100000 110.000000 0.000000 -207734.207300 12.194139 25.146773
13 298.150000 -1.000000 0.300000 0.500000 0.100000 110.000000 0.000000 -207864.180968 4.026405 25.290593
13 298.150000 -1.000000 0.300000 0.500000 0.100000 110.000000 0.000000 -208097.632138 15.191171 25.013370
12 298.150000 -1.000000 0.400000 0.500000 0.100000 110.000000 0.000000 -207895.904935 1.280917 25.163198
12 298.150000 -1.000000 0.400000 0.500000 0.100000 110.000000 0.000000 -208074.583550 16.129795 24.895782
14 298.150000 -1.000000 0.200000 0.500000 0.100000 110.000000 0.000000 -207637.410849 22.841824 24.842073
14 298.150000 -1.000000 0.200000 0.500000 0.100000 110.000000 0.000000 -208079.889235 23.443295 25.457379
14 298.150000 -1.000000 0.200000 0.500000 0.100000 110.000000 0.000000 -208153.091787 23.555075 24.916011
14 298.150000 -1.000000 0.200000 0.500000 0.100000 110.000000 0.000000 -207961.134062 18.000416 25.144133
14 298.150000 -1.000000 0.200000 0.500000 0.100000 110.000000 0.000000 -207890.852078 28.150667 25.068044
15 298.150000 -1.000000 0.100000 0.500000 0.100000 110.000000 0.000000 -208062.637585 57.241214 24.862876
15 298.150000 -1.000000 0.100000 0.500000 0.100000 110.000000 0.000000 -207963.855481 52.594784 25.282239
15 298.150000 -1.000000 0.100000 0.500000 0.100000 110.000000 0.000000 -207337.604671 20.097387 24.877606
