7 298.150000 1.000000 0.200000 0.500000 0.100000 110.000000 0.000000 -207866.543249 14.326639 25.172501
9 298.150000 1.000000 0.400000 0.500000 0.100000 110.000000 0.000000 -208255.369943 1.683159 25.145532
11 298.150000 -1.000000 0.500000 0.500000 0.100000 110.000000 0.000000 -207749.000647 -2.542137 25.016101
12 298.150000 -1.000000 0.400000 0.500000 0.100000 110.000000 0.000000 -207652.736089 11.618233 25.140532
12 298.150000 -1.000000 0.400000 0.500000 0.100000 110.000000 0.000000 -208053.449288 1.311915 25.220617
11 298.150000 -1.000000 0.500000 0.500000 0.100000 110.000000 0.000000 -207660.280544 2.501043 25.255936
14 298.150000 -1.000000 0.200000 0.500000 0.100000 110.000000 0.000000 -207965.168118 14.783333 25.186591
13 298.150000 -1.000000 0.300000 0.500000 0.100000 110.000000 0.000000 -207936.803178 0.787290 24.908972
12 298.150000 -1.000000 0.400000 0.500000 0.100000 110.000000 0.000000 -207685.063408 -1.602003 25.151745
11 298.150000 -1.000000 0.500000 0.500000 0.100000 110.000000 0.000000 -207773.041953 -7.399038 25.272717
11 298.150000 -1.000000 0.500000 0.500000 0.100000 110.000000 0.000000 -207940.831389 3.665415 24.955062
10 298.150000 1.000000 0.500000 0.500000 0.100000 110.000000 0.000000 -208041.002777 4.479097 25.037165
11 298.150000 -1.000000 0.500000 0.500000 0.100000 110.000000 0.000000 -207502.313434 1.936988 24.693176
9 298.150000 1.000000 0.400000 0.500000 0.100000 110.000000 0.000000 -207715.378262 5.736093 25.250613
13 298.150000 -1.000000 0.300000 0.500000 0.100000 110.000000 0.000000 -208092.004954 12.013931 24.960256
14 298.150000 -1.000000 0.200000 0.500000 0.100000 110.000000 0.000000 -207793.389701 6.150157 25.196892
13 298.150000 -1.000000 0.300000 0.500000 0.100000 110.000000 0.000000 -208019.702282 3.280387 24.895076
13 298.150000 -1.000000 0.300000 0.500000 0.100000 110.000000 0.000000 -207641.201135 4.149730 25.191848
12 298.150000 -1.000000 0.400000 0.500000 0.100000 110.000000 0.000000 -207761.905264 8.789731 25.035372
12 298.150000 -1.000000 0.400000 0.500000 0.100000 110.000000 0.000000 -207868.469538 6.210266 25.200543
14 298.150000 -1.000000 0.200000 0.500000 0.100000 110.000000 0.000000 -207742.651543 14.091832 25.127963
14 298.150000 -1.000000 0.200000 0.500000 0.100000 110.000000 0.000000 -207463.111339 27.313920 25.174585
14 298.150000 -1.000000 0.200000 0.500000 0.100000 110.000000 0.000000 -207755.425031 0.327295 25.166088
13 298.150000 -1.000000 0.300000 0.500000 0.100000 110.000000 0.000000 -207270.392639 6.686556 25.232152
13 298.150000 -1.000000 0.300000 0.500000 0.100000 110.000000 0.000000 -207842.751350 8.883799 25.224860
13 298.150000 -1.000000 0.300000 0.500000 0.100000 110.000000 0.000000 -207609.161072 17.853494 25.142957
14 298.150000 -1.000000 0.200000 0.500000 0.100000 110.000000 0.000000 -207506.164664 13.725582 24.861904
13 298.150000 -1.000000 0.300000 0.500000 0.100000 110.000000 0.000000 -207764.193838 14.707311 24.933507
15 298.150000 -1.000000 0.100000 0.500000 0.100000 110.000000 0.000000 -208092.520148 55.181437 24.645880
15 298.150000 -1.000000 0.100000 0.500000 0.100000 110.000000 0.000000 -207798.700513 62.408829 25.054078
16 298.150000 -1.000000 0.000000 0.500000 0.100000 110.000000 0.000000 -207506.556181 76.532149 24.792796
16 298.150000 -1.000000 0.000000 0.500000 0.100000 110.000000 0.000000 -207976.457548 63.699800 24.845004
16 298.150000 -1.000000 0.000000 0.500000 0.100000 110.000000 0.000000 -207145.705531 49.546819 24.972462
15 298.150000 -1.000000 0.100000 0.500000 0.100000 110.000000 0.000000 -207540.540830 19.925288 25.124022
14 298.150000 -1.000000 0.200000 0.500000 0.100000 110.000000 0.000000 -207702.178048 11.898752 24.629090
11 298.150000 -1.000000 0.500000 0.500000 0.100000 110.000000 0.000000 -208092.469915 1.268317 24.990214
12 298.150000 -1.000000 0.400000 0.500000 0.100000 110.000000 0.000000 -207741.512088 5.874859 24.681408
12 298.150000 -1.000000 0.400000 0.500000 0.100000 110.000000 0.000000 -207649.990759 3.443231 24.912043
12 298.150000 -1.000000 0.400000 0.500000 0.100000 110.000000 0.000000 -207808.347676 0.162877 24.854629
11 298.150000 -1.000000 0.500000 0.500000 0.100000 110.000000 0.000000 -207908.439884 -3.557581 24.798751
10 298.150000 1.000000 0.500000 0.500000 0.100000 110.000000 0.000000 -208061.915689 1.456808 24.952354
11 298.150000 -1.000000 0.500000 0.500000 0.100000 110.000000 0.000000 -207890.245272 -5.726648 24.877315
10 298.150000 1.000000 0.500000 0.500000 0.100000 110.000000 0.000000 -207602.207826 8.989496 25.175775
8 298.150000 1.000000 0.300000 0.500000 0.100000 110.000000 0.000000 -207424.602595 15.447783 24.790964
7 298.150000 1.000000 0.200000 0.500000 0.100000 110.000000 0.000000 -207784.138170 11.195762 25.185099
8 298.150000 1.000000 0.300000 0.500000 0.100000 110.000000 0.000000 -207907.243064 3.420755 24.869442
8 298.150000 1.000000 0.300000 0.500000 0.100000 110.000000 0.000000 -207608.196828 3.634070 24.727951
8 298.150000 1.000000 0.300000 0.500000 0.100000 110.000000 0.000000 -207935.815606 3.925346 25.055629
8 298.150000 1.000000 0.300000 0.500000 0.100000 110.000000 0.000000 -207717.464536 12.718423 25.223990
8 298.150000 1.000000 0.300000 0.500000 0.100000 110.000000 0.000000 -207613.821514 4.709081 24.883670
8 298.150000 1.000000 0.300000 0.500000 0.100000 110.000000 0.000000 -207805.677112 9.096396 25.246049
8 298.150000 1.000000 0.300000 0.500000 0.100000 110.000000 0.000000 -207999.338996 18.320522 24.865514
6 298.150000 1.000000 0.100000 0.500000 0.100000 110.000000 0.000000 -207421.519115 28.780621 25.069332
6 298.150000 1.000000 0.100000 0.500000 0.100000 110.000000 0.000000 -207600.695550 19.697361 24.685524
7 298.150000 1.000000 0.200000 0.500000 0.100000 110.000000 0.000000 -207687.160884 11.837386 24.946143
7 298.150000 1.000000 0.200000 0.500000 0.100000 110.000000 0.000000 -208055.984918 22.880863 24.685674
7 298.150000 1.000000 0.200000 0.500000 0.100000 110.000000 0.000000 -207468.511390 8.449846 24.897809
7 298.150000 1.000000 0.200000 0.500000 0.100000 110.000000 0.000000 -207663.508235 9.861986 25.111699
9 298.150000 1.000000 0.400000 0.500000 0.100000 110.000000 0.000000 -207716.161205 2.156053 25.051901
9 298.150000 1.000000 0.400000 0.500000 0.100000 110.000000 0.000000 -207599.842830 -0.483316 24.811031
8 298.150000 1.000000 0.300000 0.500000 0.100000 110.000000 0.000000 -207494.243051 5.511723 25.146621
8 298.150000 1.000000 0.300000 0.500000 0.100000 110.000000 0.000000 -207705.867494 21.686460 25.273702
8 298.150000 1.000000 0.300000 0.500000 0.100000 110.000000 0.000000 -207797.212138 9.276401 25.192173
8 298.150000 1.000000 0.300000 0.500000 0.100000 110.000000 0.000000 -207758.668212 -1.515273 25.191993
9 298.150000 1.000000 0.400000 0.500000 0.100000 110.000000 0.000000 -207960.535487 7.488204 25.186909
9 298.150000 1.000000 0.400000 0.500000 0.100000 110.000000 0.000000 -207682.306892 -1.679092 24.974342
10 298.150000 1.000000 0.500000 0.500000 0.100000 110.000000 0.000000 -207985.895645 -5.254030 24.901017
10 298.150000 1.000000 0.500000 0.500000 0.100000 110.000000 0.000000 -207709.619751 3.615622 25.245949
11 298.150000 -1.000000 0.500000 0.500000 0.100000 110.000000 0.000000 -208111.406626 -0.097648 25.135342
11 298.150000 -1.000000 0.500000 0.500000 0.100000 110.000000 0.000000 -207616.317362 -3.287677 25.006552
11 298.150000 -1.000000 0.500000 0.500000 0.100000 110.000000 0.000000 -208172.555830 7.989055 25.145257
13 298.150000 -1.000000 0.300000 0.500000 0.100000 110.000000 0.000000 -207611.206893 17.349722 25.127947
13 298.150000 -1.000000 0.300000 0.500000 0.100000 110.000000 0.000000 -207980.407359 15.902683 24.977249
14 298.150000 -1.000000 0.200000 0.500000 0.100000 110.000000 0.000000 -207639.407200 5.767740 24.913081
12 298.150000 -1.000000 0.400000 0.500000 0.100000 110.000000 0.000000 -207854.256800 2.195579 24.818669
11 298.150000 -1.000000 0.500000 0.500000 0.100000 110.000000 0.000000 -207711.034555 2.402615 24.890400
10 298.150000 1.000000 0.500000 0.500000 0.100000 110.000000 0.000000 -207580.511341 -2.402621 25.164311
11 298.150000 -1.000000 0.500000 0.500000 0.100000 110.000000 0.000000 -207935.480943 -4.377662 24.953194
11 298.150000 -1.000000 0.500000 0.500000 0.100000 110.000000 0.000000 -207818.884837 3.791672 24.858161
9 298.150000 1.000000 0.400000 0.500000 0.100000 110.000000 0.000000 -207951.018415 -3.830737 24.629746
10 298.150000 1.000000 0.500000 0.500000 0.100000 110.000000 0.000000 -207773.874450 1.798213 24.907706
11 298.150000 -1.000000 0.500000 0.500000 0.100000 110.000000 0.000000 -207936.135395 -0.916690 24.865183
11 298.150000 -1.000000 0.500000 0.500000 0.100000 110.000000 0.000000 -208189.884771 -3.430208 25.114432
11 298.150000 -1.000000 0.500000 0.500000 0.100000 110.000000 0.000000 -207967.111459 -2.253637 24.989900
11 298.150000 -1.000000 0.500000 0.500000 0.100000 110.000000 0.000000 -207579.940703 3.703257 24.904498
9 298.150000 1.000000 0.400000 0.500000 0.100000 110.000000 0.000000 -207828.199001 9.285977 25.167096
9 298.150000 1.000000 0.400000 0.500000 0.100000 110.000000 0.000000 -207932.938594 3.676168 25.001768
10 298.150000 1.000000 0.500000 0.500000 0.100000 110.000000 0.000000 -207964.586866 -0.486411 25.154789
9 298.150000 1.000000 0.400000 0.500000 0.100000 110.000000 0.000000 -207571.063026 11.092294 24.985056
8 298.150000 1.000000 0.300000 0.500000 0.100000 110.000000 0.000000 -207511.232510 5.869611 24.830295
8 298.150000 1.000000 0.300000 0.500000 0.100000 110.000000 0.000000 -207937.522796 4.434930 24.971868
9 298.150000 1.000000 0.400000 0.500000 0.100000 110.000000 0.000000 -207359.619264 4.130648 25.182925
9 298.150000 1.000000 0.400000 0.500000 0.100000 110.000000 0.000000 -207919.178563 1.589659 25.075621
9 298.150000 1.000000 0.400000 0.500000 0.100000 110.000000 0.000000 -207991.446883 6.801228 24.832002
9 298.150000 1.000000 0.400000 0.500000 0.100000 110.000000 0.000000 -207449.866562 6.142739 25.246099
9 298.150000 1.000000 0.400000 0.500000 0.100000 110.000000 0.000000 -207610.372257 7.266861 24.936452
8 298.150000 1.000000 0.300000 0.500000 0.100000 110.000000 0.000000 -207941.767925 14.904291 24.903779
7 298.150000 1.000000 0.200000 0.500000 0.100000 110.000000 0.000000 -207587.674317 23.757565 24.982495
8 298.150000 1.000000 0.300000 0.500000 0.100000 110.000000 0.000000 -207870.282022 13.368682 24.987982
8 298.150000 1.000000 0.300000 0.500000 0.100000 110.000000 0.000000 -208033.132969 5.827450 24.852631
9 298.150000 1.000000 0.400000 0.500000 0.100000 110.000000 0.000000 -207851.238388 8.538127 24.987609
11 298.150000 -1.000000 0.500000 0.500000 0.100000 110.000000 0.000000 -208002.604481 3.464350 24.911408
10 298.150000 1.000000 0.500000 0.500000 0.100000 110.000000 0.000000 -207794.919221 5.196533 25.015193
10 298.150000 1.000000 0.500000 0.500000 0.100000 110.000000 0.000000 -207841.125433 0.795747 24.953509
9 298.150000 1.000000 0.400000 0.500000 0.100000 110.000000 0.000000 -208121.556456 -1.893392 24.818530
10 298.150000 1.000000 0.500000 0.500000 0.100000 110.000000 0.000000 -207779.001306 3.850962 24.880273
8 298.150000 1.000000 0.300000 0.500000 0.100000 110.000000 0.000000 -207317.655313 11.900270 24.482532
7 298.150000 1.000000 0.200000 0.500000 0.100000 110.000000 0.000000 -208013.906178 11.227609 25.168765
7 298.150000 1.000000 0.200000 0.500000 0.100000 110.000000 0.000000 -207862.987435 22.683320 24.874958
7 298.150000 1.000000 0.200000 0.500000 0.100000 110.000000 0.000000 -207383.299995 15.110976 24.634313
7 298.150000 1.000000 0.200000 0.500000 0.100000 110.000000 0.000000 -208010.586699 16.313626 25.281955
7 298.150000 1.000000 0.200000 0.500000 0.100000 110.000000 0.000000 -207992.217381 18.447961 25.155956
7 298.150000 1.000000 0.200000 0.500000 0.100000 110.000000 0.000000 -207725.856282 27.750308 25.032203
6 298.150000 1.000000 0.100000 0.500000 0.100000 110.000000 0.000000 -207724.908382 22.385408 25.098349
7 298.150000 1.000000 0.200000 0.500000 0.100000 110.000000 0.000000 -207986.588941 14.199516 25.093766
7 298.150000 1.000000 0.200000 0.500000 0.100000 110.000000 0.000000 -207920.105425 25.194161 25.161095
7 298.150000 1.000000 0.200000 0.500000 0.100000 110.000000 0.000000 -208114.956476 19.689384 25.091048
7 298.150000 1.000000 0.200000 0.500000 0.100000 110.000000 0.000000 -207892.122045 26.307795 25.213163
7 298.150000 1.000000 0.200000 0.500000 0.100000 110.000000 0.000000 -207640.555334 22.378535 24.779044
8 298.150000 1.000000 0.300000 0.500000 0.100000 110.000000 0.000000 -207890.872774 -3.326770 25.135108
9 298.150000 1.000000 0.400000 0.500000 0.100000 110.000000 0.000000 -207651.936375 0.603073 24.918393
9 298.150000 1.000000 0.400000 0.500000 0.100000 110.000000 0.000000 -207729.837388 0.835411 25.236613
10 298.150000 1.000000 0.500000 0.500000 0.100000 110.000000 0.000000 -207625.976148 2.149400 24.960513
11 298.150000 -1.000000 0.500000 0.500000 0.100000 110.000000 0.000000 -207928.695284 3.608213 24.779503
13 298.150000 -1.000000 0.300000 0.500000 0.100000 110.000000 0.000000 -207704.595774 3.492439 25.149628
13 298.150000 -1.000000 0.300000 0.500000 0.100000 110.000000 0.000000 -208114.643101 16.133054 24.880400
