298.150000 0.000000 0.000000 0.000000 0.000000 0.000000 0.000000 -205977.607920 570.365372
298.150000 0.010000 0.010000 0.010000 0.000000 0.000000 0.000000 -206262.526270 72.329239
298.150000 0.020000 0.020000 0.020000 0.000000 0.000000 0.000000 -206378.550450 65.603418
298.150000 0.030000 0.030000 0.030000 0.000000 0.000000 0.000000 -206213.045356 41.678094
298.150000 0.040000 0.040000 0.040000 0.000000 0.000000 0.000000 -206031.218350 66.354480
298.150000 0.050000 0.050000 0.050000 0.000000 0.000000 0.000000 -206164.085367 48.935662
298.150000 0.060000 0.060000 0.060000 0.000000 0.000000 0.000000 -205858.015676 25.626481
298.150000 0.070000 0.070000 0.070000 0.000000 0.000000 0.000000 -206049.337731 24.024574
298.150000 0.080000 0.080000 0.080000 0.000000 0.000000 0.000000 -205945.123769 22.640963
298.150000 0.090000 0.090000 0.090000 0.000000 0.000000 0.000000 -205502.791938 15.176810
298.150000 0.100000 0.100000 0.100000 0.000000 0.000000 0.000000 -205710.561577 23.694555
298.150000 0.110000 0.110000 0.110000 0.000000 0.000000 0.000000 -205602.179585 11.288879
298.150000 0.120000 0.120000 0.120000 0.000000 0.000000 0.000000 -205952.789340 16.550716
298.150000 0.130000 0.130000 0.130000 0.000000 0.000000 0.000000 -205721.487627 25.436006
298.150000 0.140000 0.140000 0.140000 0.000000 0.000000 0.000000 -205800.345120 18.728245
298.150000 0.150000 0.150000 0.150000 0.000000 0.000000 0.000000 -206038.990831 10.291624
298.150000 0.160000 0.160000 0.160000 0.000000 0.000000 0.000000 -205928.768917 10.340116
298.150000 0.170000 0.170000 0.170000 0.000000 0.000000 0.000000 -205813.826968 4.560807
298.150000 0.180000 0.180000 0.180000 0.000000 0.000000 0.000000 -206175.399518 6.165018
298.150000 0.190000 0.190000 0.190000 0.000000 0.000000 0.000000 -206213.645928 15.522829
298.150000 0.200000 0.200000 0.200000 0.000000 0.000000 0.000000 -206284.044331 12.421437
298.150000 0.210000 0.210000 0.210000 0.000000 0.000000 0.000000 -205753.082962 14.596282
298.150000 0.220000 0.220000 0.220000 0.000000 0.000000 0.000000 -205711.945339 14.640672
298.150000 0.230000 0.230000 0.230000 0.000000 0.000000 0.000000 -205808.814392 6.985561
298.150000 0.240000 0.240000 0.240000 0.000000 0.000000 0.000000 -206006.984538 5.369695
298.150000 0.250000 0.250000 0.250000 0.000000 0.000000 0.000000 -206269.651754 3.349618
298.150000 0.260000 0.260000 0.260000 0.000000 0.000000 0.000000 -206212.964263 10.285255
298.150000 0.270000 0.270000 0.270000 0.000000 0.000000 0.000000 -206013.647676 13.147680
298.150000 0.280000 0.280000 0.280000 0.000000 0.000000 0.000000 -205547.177807 18.285833
298.150000 0.290000 0.290000 0.290000 0.000000 0.000000 0.000000 -206115.413550 9.793327
298.150000 0.300000 0.300000 0.300000 0.000000 0.000000 0.000000 -205931.554585 6.603481
298.150000 0.310000 0.310000 0.310000 0.000000 0.000000 0.000000 -205860.992873 0.843220
298.150000 0.320000 0.320000 0.320000 0.000000 0.000000 0.000000 -206082.644776 4.855468
298.150000 0.330000 0.330000 0.330000 0.000000 0.000000 0.000000 -205746.472647 2.735382
298.150000 0.340000 0.340000 0.340000 0.000000 0.000000 0.000000 -205774.131017 5.462106
298.150000 0.350000 0.350000 0.350000 0.000000 0.000000 0.000000 -205642.846920 0.808404
298.150000 0.360000 0.360000 0.360000 0.000000 0.000000 0.000000 -205787.575869 3.266434
298.150000 0.370000 0.370000 0.370000 0.000000 0.000000 0.000000 -205885.762428 3.462683
298.150000 0.380000 0.380000 0.380000 0.000000 0.000000 0.000000 -206243.834056 6.292159
298.150000 0.390000 0.390000 0.390000 0.000000 0.000000 0.000000 -206035.218454 4.186624
298.150000 0.400000 0.400000 0.400000 0.000000 0.000000 0.000000 -206041.987183 -0.909717
298.150000 0.410000 0.410000 0.410000 0.000000 0.000000 0.000000 -206243.364982 2.337547
298.150000 0.420000 0.420000 0.420000 0.000000 0.000000 0.000000 -206022.289929 5.803408
298.150000 0.430000 0.430000 0.430000 0.000000 0.000000 0.000000 -206727.343764 -4.242126
298.150000 0.440000 0.440000 0.440000 0.000000 0.000000 0.000000 -206295.620212 2.579484
298.150000 0.450000 0.450000 0.450000 0.000000 0.000000 0.000000 -206414.753702 7.912087
298.150000 0.460000 0.460000 0.460000 0.000000 0.000000 0.000000 -206369.345486 -4.119510
298.150000 0.470000 0.470000 0.470000 0.000000 0.000000 0.000000 -206020.979295 -5.661729
298.150000 0.480000 0.480000 0.480000 0.000000 0.000000 0.000000 -206461.573763 2.723276
298.150000 0.490000 0.490000 0.490000 0.000000 0.000000 0.000000 -205759.739449 -8.388158
