20 298.150000 -1.000000 0.000000 0.100000 0.100000 110.000000 0.000000 -207936.415742 176.248358 24.963655
21 298.150000 -1.000000 0.000000 0.000000 0.100000 110.000000 0.000000 -207303.255563 176.814396 25.416186
21 298.150000 -1.000000 0.000000 0.000000 0.100000 110.000000 0.000000 -207822.353536 179.573726 24.871105
20 298.150000 -1.000000 0.000000 0.100000 0.100000 110.000000 0.000000 -208013.082020 193.985871 24.904140
20 298.150000 -1.000000 0.000000 0.100000 0.100000 110.000000 0.000000 -207694.227459 178.934480 24.963608
21 298.150000 -1.000000 0.000000 0.000000 0.100000 110.000000 0.000000 -207817.825435 181.430555 24.922658
20 298.150000 -1.000000 0.000000 0.100000 0.100000 110.000000 0.000000 -207869.971239 184.394145 24.876057
21 298.150000 -1.000000 0.000000 0.000000 0.100000 110.000000 0.000000 -208050.793212 192.716403 24.926929
21 298.150000 -1.000000 0.000000 0.000000 0.100000 110.000000 0.000000 -207513.853382 193.293275 24.919823
21 298.150000 -1.000000 0.000000 0.000000 0.100000 110.000000 0.000000 -207790.842307 174.522800 25.044514
20 298.150000 -1.000000 0.000000 0.100000 0.100000 110.000000 0.000000 -208131.670855 183.288827 25.036179
20 298.150000 -1.000000 0.000000 0.100000 0.100000 110.000000 0.000000 -207464.652488 192.500535 24.933286
21 298.150000 -1.000000 0.000000 0.000000 0.100000 110.000000 0.000000 -207367.528054 182.369881 24.887338
20 298.150000 -1.000000 0.000000 0.100000 0.100000 110.000000 0.000000 -207928.304044 151.262548 24.633390
20 298.150000 -1.000000 0.000000 0.100000 0.100000 110.000000 0.000000 -207847.818745 161.238040 24.923660
20 298.150000 -1.000000 0.000000 0.100000 0.100000 110.000000 0.000000 -207572.968516 176.311365 24.895945
20 298.150000 -1.000000 0.000000 0.100000 0.100000 110.000000 0.000000 -207797.895385 183.119062 24.895513
21 298.150000 -1.000000 0.000000 0.000000 0.100000 110.000000 0.000000 -207982.061957 195.637890 25.233499
21 298.150000 -1.000000 0.000000 0.000000 0.100000 110.000000 0.000000 -207559.985435 193.798121 24.767176
20 298.150000 -1.000000 0.000000 0.100000 0.100000 110.000000 0.000000 -207424.625407 180.224649 24.868874
20 298.150000 -1.000000 0.000000 0.100000 0.100000 110.000000 0.000000 -207662.003017 188.771273 25.044089
21 298.150000 -1.000000 0.000000 0.000000 0.100000 110.000000 0.000000 -207944.588556 175.492767 24.914933
20 298.150000 -1.000000 0.000000 0.100000 0.100000 110.000000 0.000000 -207760.910322 185.133556 24.876982
20 298.150000 -1.000000 0.000000 0.100000 0.100000 110.000000 0.000000 -207894.941765 191.573479 25.122014
21 298.150000 -1.000000 0.000000 0.000000 0.100000 110.000000 0.000000 -208043.845393 179.820966 25.225736
20 298.150000 -1.000000 0.000000 0.100000 0.100000 110.000000 0.000000 -207230.325914 180.131048 24.884282
20 298.150000 -1.000000 0.000000 0.100000 0.100000 110.000000 0.000000 -208207.768853 193.512613 24.959344
20 298.150000 -1.000000 0.000000 0.100000 0.100000 110.000000 0.000000 -208220.990880 195.500079 24.989483
21 298.150000 -1.000000 0.000000 0.000000 0.100000 110.000000 0.000000 -208170.961010 181.951126 25.013270
21 298.150000 -1.000000 0.000000 0.000000 0.100000 110.000000 0.000000 -207638.435899 185.817440 24.927328
21 298.150000 -1.000000 0.000000 0.000000 0.100000 110.000000 0.000000 -207685.902846 180.090448 24.816837
21 298.150000 -1.000000 0.000000 0.000000 0.100000 110.000000 0.000000 -208052.790066 180.328773 24.912441
20 298.150000 -1.000000 0.000000 0.100000 0.100000 110.000000 0.000000 -207673.439092 182.504227 24.929892
21 298.150000 -1.000000 0.000000 0.000000 0.100000 110.000000 0.000000 -207978.128643 194.222825 24.881741
20 298.150000 -1.000000 0.000000 0.100000 0.100000 110.000000 0.000000 -208028.615525 188.071002 24.879355
21 298.150000 -1.000000 0.000000 0.000000 0.100000 110.000000 0.000000 -207572.090864 192.211597 24.850059
21 298.150000 -1.000000 0.000000 0.000000 0.100000 110.000000 0.000000 -208114.014397 178.974550 25.008561
20 298.150000 -1.000000 0.000000 0.100000 0.100000 110.000000 0.000000 -207587.300785 158.257709 24.853790
20 298.150000 -1.000000 0.000000 0.100000 0.100000 110.000000 0.000000 -208036.584301 190.686179 24.834654
21 298.150000 -1.000000 0.000000 0.000000 0.100000 110.000000 0.000000 -207541.968830 171.174602 24.918867
20 298.150000 -1.000000 0.000000 0.100000 0.100000 110.000000 0.000000 -207948.647359 191.771622 24.877877
21 298.150000 -1.000000 0.000000 0.000000 0.100000 110.000000 0.000000 -207815.687483 191.609189 24.887392
20 298.150000 -1.000000 0.000000 0.100000 0.100000 110.000000 0.000000 -208133.420166 193.174790 24.905394
21 298.150000 -1.000000 0.000000 0.000000 0.100000 110.000000 0.000000 -207614.822779 187.030084 24.990468
20 298.150000 -1.000000 0.000000 0.100000 0.100000 110.000000 0.000000 -207618.406475 174.462150 24.882997
20 298.150000 -1.000000 0.000000 0.100000 0.100000 110.000000 0.000000 -207836.182352 192.695103 25.081830
21 298.150000 -1.000000 0.000000 0.000000 0.100000 110.000000 0.000000 -207680.493947 191.801575 24.909036
20 298.150000 -1.000000 0.000000 0.100000 0.100000 110.000000 0.000000 -207971.830776 190.558135 24.878424
20 298.150000 -1.000000 0.000000 0.100000 0.100000 110.000000 0.000000 -207423.902208 182.851721 25.024368
20 298.150000 -1.000000 0.000000 0.100000 0.100000 110.000000 0.000000 -207560.408441 198.024326 24.850420
21 298.150000 -1.000000 0.000000 0.000000 0.100000 110.000000 0.000000 -207768.799514 189.403928 25.351884
21 298.150000 -1.000000 0.000000 0.000000 0.100000 110.000000 0.000000 -207585.778391 193.430398 24.977469
21 298.150000 -1.000000 0.000000 0.000000 0.100000 110.000000 0.000000 -207860.911302 187.273029 25.013207
21 298.150000 -1.000000 0.000000 0.000000 0.100000 110.000000 0.000000 -207541.340542 186.025944 24.859137
20 298.150000 -1.000000 0.000000 0.100000 0.100000 110.000000 0.000000 -208012.922326 175.671658 24.891852
20 298.150000 -1.000000 0.000000 0.100000 0.100000 110.000000 0.000000 -207643.660594 198.657313 24.987764
21 298.150000 -1.000000 0.000000 0.000000 0.100000 110.000000 0.000000 -208001.994632 181.464692 24.765309
21 298.150000 -1.000000 0.000000 0.000000 0.100000 110.000000 0.000000 -207811.398718 185.341638 24.922652
21 298.150000 -1.000000 0.000000 0.000000 0.100000 110.000000 0.000000 -208106.252197 183.908569 24.989081
20 298.150000 -1.000000 0.000000 0.100000 0.100000 110.000000 0.000000 -207766.280455 178.329819 24.942075
20 298.150000 -1.000000 0.000000 0.100000 0.100000 110.000000 0.000000 -207887.518363 159.012333 25.191949
20 298.150000 -1.000000 0.000000 0.100000 0.100000 110.000000 0.000000 -208095.321029 192.221609 25.079447
20 298.150000 -1.000000 0.000000 0.100000 0.100000 110.000000 0.000000 -207449.358756 193.399625 24.929921
20 298.150000 -1.000000 0.000000 0.100000 0.100000 110.000000 0.000000 -207980.147376 189.892390 25.126277
20 298.150000 -1.000000 0.000000 0.100000 0.100000 110.000000 0.000000 -207676.499469 186.156157 24.982163
21 298.150000 -1.000000 0.000000 0.000000 0.100000 110.000000 0.000000 -207989.233291 184.797929 24.934403
21 298.150000 -1.000000 0.000000 0.000000 0.100000 110.000000 0.000000 -208091.005362 192.567966 24.782762
21 298.150000 -1.000000 0.000000 0.000000 0.100000 110.000000 0.000000 -207776.846074 181.880062 25.027111
21 298.150000 -1.000000 0.000000 0.000000 0.100000 110.000000 0.000000 -208338.388586 193.716505 25.012935
21 298.150000 -1.000000 0.000000 0.000000 0.100000 110.000000 0.000000 -207746.705928 184.951844 24.995442
21 298.150000 -1.000000 0.000000 0.000000 0.100000 110.000000 0.000000 -207804.360569 186.072368 24.545020
21 298.150000 -1.000000 0.000000 0.000000 0.100000 110.000000 0.000000 -207798.102500 178.324959 25.171016
21 298.150000 -1.000000 0.000000 0.000000 0.100000 110.000000 0.000000 -207684.658156 174.455242 24.958961
20 298.150000 -1.000000 0.000000 0.100000 0.100000 110.000000 0.000000 -207599.489685 177.990570 25.152235
20 298.150000 -1.000000 0.000000 0.100000 0.100000 110.000000 0.000000 -207824.842158 186.598920 24.723471
20 298.150000 -1.000000 0.000000 0.100000 0.100000 110.000000 0.000000 -207815.668070 193.355154 24.883089
20 298.150000 -1.000000 0.000000 0.100000 0.100000 110.000000 0.000000 -208003.792322 194.375165 24.936087
20 298.150000 -1.000000 0.000000 0.100000 0.100000 110.000000 0.000000 -207792.818054 196.058448 24.932822
21 298.150000 -1.000000 0.000000 0.000000 0.100000 110.000000 0.000000 -207951.287768 184.917404 25.065003
21 298.150000 -1.000000 0.000000 0.000000 0.100000 110.000000 0.000000 -207784.490492 186.360369 24.883901
21 298.150000 -1.000000 0.000000 0.000000 0.100000 110.000000 0.000000 -207926.562909 190.464060 24.616469
21 298.150000 -1.000000 0.000000 0.000000 0.100000 110.000000 0.000000 -207959.647172 192.194897 24.890500
20 298.150000 -1.000000 0.000000 0.100000 0.100000 110.000000 0.000000 -207617.352883 156.446399 25.098823
20 298.150000 -1.000000 0.000000 0.100000 0.100000 110.000000 0.000000 -207760.648213 137.035105 25.084363
19 298.150000 -1.000000 0.000000 0.200000 0.100000 110.000000 0.000000 -207923.086247 123.563399 24.917995
18 298.150000 -1.000000 0.000000 0.300000 0.100000 110.000000 0.000000 -207578.362033 97.397582 24.903291
17 298.150000 -1.000000 0.000000 0.400000 0.100000 110.000000 0.000000 -208062.048856 49.588411 25.093349
18 298.150000 -1.000000 0.000000 0.300000 0.100000 110.000000 0.000000 -208332.878140 117.220386 25.137385
18 298.150000 -1.000000 0.000000 0.300000 0.100000 110.000000 0.000000 -207845.863064 121.170965 25.098964
18 298.150000 -1.000000 0.000000 0.300000 0.100000 110.000000 0.000000 -208166.593688 120.858946 24.741646
19 298.150000 -1.000000 0.000000 0.200000 0.100000 110.000000 0.000000 -208099.127495 134.953863 25.195957
19 298.150000 -1.000000 0.000000 0.200000 0.100000 110.000000 0.000000 -207729.622123 84.512106 25.049151
19 298.150000 -1.000000 0.000000 0.200000 0.100000 110.000000 0.000000 -207964.577612 135.353951 24.948786
20 298.150000 -1.000000 0.000000 0.100000 0.100000 110.000000 0.000000 -207482.727658 155.463490 25.099653
20 298.150000 -1.000000 0.000000 0.100000 0.100000 110.000000 0.000000 -207463.857941 147.871462 25.069573
20 298.150000 -1.000000 0.000000 0.100000 0.100000 110.000000 0.000000 -207523.585291 138.617751 25.004021
20 298.150000 -1.000000 0.000000 0.100000 0.100000 110.000000 0.000000 -207623.766466 138.250383 25.159156
20 298.150000 -1.000000 0.000000 0.100000 0.100000 110.000000 0.000000 -207776.769923 191.009914 25.180579
20 298.150000 -1.000000 0.000000 0.100000 0.100000 110.000000 0.000000 -207614.350794 191.770616 24.827623
21 298.150000 -1.000000 0.000000 0.000000 0.100000 110.000000 0.000000 -208246.769021 191.209787 25.269184
20 298.150000 -1.000000 0.000000 0.100000 0.100000 110.000000 0.000000 -207894.584764 192.468078 25.260391
20 298.150000 -1.000000 0.000000 0.100000 0.100000 110.000000 0.000000 -208057.198286 176.076877 24.930234
20 298.150000 -1.000000 0.000000 0.100000 0.100000 110.000000 0.000000 -207892.258366 180.292156 24.968438
20 298.150000 -1.000000 0.000000 0.100000 0.100000 110.000000 0.000000 -207976.421782 183.183968 24.875767
21 298.150000 -1.000000 0.000000 0.000000 0.100000 110.000000 0.000000 -208066.119023 178.253174 24.968983
19 298.150000 -1.000000 0.000000 0.200000 0.100000 110.000000 0.000000 -208424.922596 183.380259 25.064547
20 298.150000 -1.000000 0.000000 0.100000 0.100000 110.000000 0.000000 -207918.918207 180.820774 25.167292
20 298.150000 -1.000000 0.000000 0.100000 0.100000 110.000000 0.000000 -207770.991193 186.879913 25.230175
20 298.150000 -1.000000 0.000000 0.100000 0.100000 110.000000 0.000000 -207861.740694 164.836727 24.907768
20 298.150000 -1.000000 0.000000 0.100000 0.100000 110.000000 0.000000 -208247.220638 139.873899 25.179066
19 298.150000 -1.000000 0.000000 0.200000 0.100000 110.000000 0.000000 -208154.866293 125.178471 25.054003
19 298.150000 -1.000000 0.000000 0.200000 0.100000 110.000000 0.000000 -207893.646994 121.975802 24.900435
20 298.150000 -1.000000 0.000000 0.100000 0.100000 110.000000 0.000000 -207823.966906 127.080873 25.125137
20 298.150000 -1.000000 0.000000 0.100000 0.100000 110.000000 0.000000 -207795.941176 138.401880 25.002043
20 298.150000 -1.000000 0.000000 0.100000 0.100000 110.000000 0.000000 -207995.108479 129.687015 24.889424
20 298.150000 -1.000000 0.000000 0.100000 0.100000 110.000000 0.000000 -207837.335592 197.612497 25.102218
20 298.150000 -1.000000 0.000000 0.100000 0.100000 110.000000 0.000000 -207957.729990 188.209445 25.054544
20 298.150000 -1.000000 0.000000 0.100000 0.100000 110.000000 0.000000 -207837.305827 189.820651 24.869017
21 298.150000 -1.000000 0.000000 0.000000 0.100000 110.000000 0.000000 -207973.459792 191.406139 24.853755
21 298.150000 -1.000000 0.000000 0.000000 0.100000 110.000000 0.000000 -207723.756339 184.833087 24.899456
20 298.150000 -1.000000 0.000000 0.100000 0.100000 110.000000 0.000000 -207691.215112 185.975108 24.934136
20 298.150000 -1.000000 0.000000 0.100000 0.100000 110.000000 0.000000 -207507.439404 172.064255 25.108623
20 298.150000 -1.000000 0.000000 0.100000 0.100000 110.000000 0.000000 -207716.501065 185.654692 24.844498
20 298.150000 -1.000000 0.000000 0.100000 0.100000 110.000000 0.000000 -208142.222717 159.697509 24.926464
20 298.150000 -1.000000 0.000000 0.100000 0.100000 110.000000 0.000000 -207653.753353 145.805585 24.896465
