4 298.150000 1.000000 0.000000 0.400000 0.100000 110.000000 0.000000 -205999.249196 55.436248 25.203511
5 298.150000 1.000000 0.000000 0.500000 0.100000 110.000000 0.000000 -205878.629451 28.909492 25.901094
3 298.150000 1.000000 0.000000 0.300000 0.100000 110.000000 0.000000 -206247.344371 47.883695 25.792873
5 298.150000 1.000000 0.000000 0.500000 0.100000 110.000000 0.000000 -206069.729325 36.741031 25.039378
1 298.150000 1.000000 0.000000 0.100000 0.100000 110.000000 0.000000 -205870.811130 123.115546 25.558543
1 298.150000 1.000000 0.000000 0.100000 0.100000 110.000000 0.000000 -205988.196207 124.531503 25.375289
1 298.150000 1.000000 0.000000 0.100000 0.100000 110.000000 0.000000 -206340.221000 143.541373 23.118328
1 298.150000 1.000000 0.000000 0.100000 0.100000 110.000000 0.000000 -206003.024545 134.196161 25.721958
1 298.150000 1.000000 0.000000 0.100000 0.100000 110.000000 0.000000 -205875.834871 97.799373 26.000332
1 298.150000 1.000000 0.000000 0.100000 0.100000 110.000000 0.000000 -206057.482361 176.968557 22.380420
0 298.150000 1.000000 0.000000 0.000000 0.100000 110.000000 0.000000 -206171.306429 185.877745 23.620227
0 298.150000 1.000000 0.000000 0.000000 0.100000 110.000000 0.000000 -206023.715654 165.198250 25.639579
0 298.150000 1.000000 0.000000 0.000000 0.100000 110.000000 0.000000 -206037.800943 175.675393 25.944606
0 298.150000 1.000000 0.000000 0.000000 0.100000 110.000000 0.000000 -205989.308265 188.329739 22.995292
0 298.150000 1.000000 0.000000 0.000000 0.100000 110.000000 0.000000 -206101.631796 187.947963 24.563522
0 298.150000 1.000000 0.000000 0.000000 0.100000 110.000000 0.000000 -206381.052282 184.541793 24.588198
0 298.150000 1.000000 0.000000 0.000000 0.100000 110.000000 0.000000 -205998.537917 175.434205 22.107519
0 298.150000 1.000000 0.000000 0.000000 0.100000 110.000000 0.000000 -206330.857738 186.346568 25.024582
0 298.150000 1.000000 0.000000 0.000000 0.100000 110.000000 0.000000 -206147.474757 188.052566 24.089994
0 298.150000 1.000000 0.000000 0.000000 0.100000 110.000000 0.000000 -206068.135273 166.148394 25.335449
0 298.150000 1.000000 0.000000 0.000000 0.100000 110.000000 0.000000 -206206.272827 182.442853 24.587029
0 298.150000 1.000000 0.000000 0.000000 0.100000 110.000000 0.000000 -206451.323900 182.038516 23.491606
0 298.150000 1.000000 0.000000 0.000000 0.100000 110.000000 0.000000 -206035.522656 187.155767 22.605525
0 298.150000 1.000000 0.000000 0.000000 0.100000 110.000000 0.000000 -205741.065555 192.152042 24.812838
0 298.150000 1.000000 0.000000 0.000000 0.100000 110.000000 0.000000 -206387.349991 181.649491 25.065722
0 298.150000 1.000000 0.000000 0.000000 0.100000 110.000000 0.000000 -206440.626172 183.457518 25.784503
0 298.150000 1.000000 0.000000 0.000000 0.100000 110.000000 0.000000 -206229.766164 187.088672 24.469075
0 298.150000 1.000000 0.000000 0.000000 0.100000 110.000000 0.000000 -206070.562606 192.427500 22.267698
0 298.150000 1.000000 0.000000 0.000000 0.100000 110.000000 0.000000 -206139.653416 198.805628 23.301495
0 298.150000 1.000000 0.000000 0.000000 0.100000 110.000000 0.000000 -206029.701348 189.958561 24.890549
0 298.150000 1.000000 0.000000 0.000000 0.100000 110.000000 0.000000 -205814.461602 189.737047 21.664942
0 298.150000 1.000000 0.000000 0.000000 0.100000 110.000000 0.000000 -206293.777476 179.411531 23.188373
0 298.150000 1.000000 0.000000 0.000000 0.100000 110.000000 0.000000 -205844.352000 183.288352 21.502509
0 298.150000 1.000000 0.000000 0.000000 0.100000 110.000000 0.000000 -206010.767046 179.114429 24.262826
0 298.150000 1.000000 0.000000 0.000000 0.100000 110.000000 0.000000 -206202.648221 191.099017 25.322046
0 298.150000 1.000000 0.000000 0.000000 0.100000 110.000000 0.000000 -206118.466399 193.460737 22.591770
0 298.150000 1.000000 0.000000 0.000000 0.100000 110.000000 0.000000 -205822.425904 178.976859 24.107682
0 298.150000 1.000000 0.000000 0.000000 0.100000 110.000000 0.000000 -205968.336926 194.420258 22.093729
0 298.150000 1.000000 0.000000 0.000000 0.100000 110.000000 0.000000 -205921.928512 181.862021 25.438221
0 298.150000 1.000000 0.000000 0.000000 0.100000 110.000000 0.000000 -206121.544372 196.710842 24.311470
0 298.150000 1.000000 0.000000 0.000000 0.100000 110.000000 0.000000 -206146.096368 192.940006 21.874296
0 298.150000 1.000000 0.000000 0.000000 0.100000 110.000000 0.000000 -206212.742998 188.911574 24.340159
0 298.150000 1.000000 0.000000 0.000000 0.100000 110.000000 0.000000 -206379.735074 195.501815 22.370988
0 298.150000 1.000000 0.000000 0.000000 0.100000 110.000000 0.000000 -206029.379983 178.400405 24.818288
0 298.150000 1.000000 0.000000 0.000000 0.100000 110.000000 0.000000 -205778.294777 183.432363 25.655452
0 298.150000 1.000000 0.000000 0.000000 0.100000 110.000000 0.000000 -206238.735233 177.413794 24.423511
0 298.150000 1.000000 0.000000 0.000000 0.100000 110.000000 0.000000 -206179.998793 176.793048 24.565507
0 298.150000 1.000000 0.000000 0.000000 0.100000 110.000000 0.000000 -206046.287664 185.675343 24.411952
0 298.150000 1.000000 0.000000 0.000000 0.100000 110.000000 0.000000 -205985.438294 185.300376 22.257731
1 298.150000 1.000000 0.000000 0.100000 0.100000 110.000000 0.000000 -205898.915321 80.297587 25.812307
1 298.150000 1.000000 0.000000 0.100000 0.100000 110.000000 0.000000 -206371.284663 55.241992 25.842311
1 298.150000 1.000000 0.000000 0.100000 0.100000 110.000000 0.000000 -206046.632489 119.457211 23.612189
1 298.150000 1.000000 0.000000 0.100000 0.100000 110.000000 0.000000 -206292.308215 151.456165 25.740568
1 298.150000 1.000000 0.000000 0.100000 0.100000 110.000000 0.000000 -205982.838058 126.790261 23.728775
1 298.150000 1.000000 0.000000 0.100000 0.100000 110.000000 0.000000 -206287.390262 119.176261 25.577060
1 298.150000 1.000000 0.000000 0.100000 0.100000 110.000000 0.000000 -205987.471686 139.084153 25.987113
1 298.150000 1.000000 0.000000 0.100000 0.100000 110.000000 0.000000 -205940.978905 124.338431 24.244211
1 298.150000 1.000000 0.000000 0.100000 0.100000 110.000000 0.000000 -206283.246884 101.967072 24.176955
3 298.150000 1.000000 0.000000 0.300000 0.100000 110.000000 0.000000 -206376.362404 35.725055 25.983996
5 298.150000 1.000000 0.000000 0.500000 0.100000 110.000000 0.000000 -205744.405323 78.111523 25.668350
4 298.150000 1.000000 0.000000 0.400000 0.100000 110.000000 0.000000 -206163.792297 54.050288 25.754006
4 298.150000 1.000000 0.000000 0.400000 0.100000 110.000000 0.000000 -205913.061717 68.199371 25.745335
2 298.150000 1.000000 0.000000 0.200000 0.100000 110.000000 0.000000 -206225.862222 54.898616 25.051373
4 298.150000 1.000000 0.000000 0.400000 0.100000 110.000000 0.000000 -205848.308133 63.742969 25.538331
4 298.150000 1.000000 0.000000 0.400000 0.100000 110.000000 0.000000 -205737.792387 19.879569 25.664937
3 298.150000 1.000000 0.000000 0.300000 0.100000 110.000000 0.000000 -205943.570396 32.430949 25.929273
2 298.150000 1.000000 0.000000 0.200000 0.100000 110.000000 0.000000 -206398.116066 114.611712 25.868842
2 298.150000 1.000000 0.000000 0.200000 0.100000 110.000000 0.000000 -206100.306000 44.633288 25.701028
5 298.150000 1.000000 0.000000 0.500000 0.100000 110.000000 0.000000 -205949.870861 46.222727 25.609660
2 298.150000 1.000000 0.000000 0.200000 0.100000 110.000000 0.000000 -205711.137661 99.745813 25.278142
5 298.150000 1.000000 0.000000 0.500000 0.100000 110.000000 0.000000 -206360.451761 36.201804 25.835793
5 298.150000 1.000000 0.000000 0.500000 0.100000 110.000000 0.000000 -206296.921229 53.945496 25.655131
5 298.150000 1.000000 0.000000 0.500000 0.100000 110.000000 0.000000 -206211.391283 59.594049 25.974803
4 298.150000 1.000000 0.000000 0.400000 0.100000 110.000000 0.000000 -205903.912746 101.978224 25.692557
2 298.150000 1.000000 0.000000 0.200000 0.100000 110.000000 0.000000 -206246.284766 72.249911 25.915948
2 298.150000 1.000000 0.000000 0.200000 0.100000 110.000000 0.000000 -206338.948393 90.095961 25.901192
2 298.150000 1.000000 0.000000 0.200000 0.100000 110.000000 0.000000 -206194.601550 109.795369 25.770467
3 298.150000 1.000000 0.000000 0.300000 0.100000 110.000000 0.000000 -206178.375675 24.790806 25.352594
6 298.150000 1.000000 0.100000 0.500000 0.100000 110.000000 0.000000 -206216.050823 27.824147 25.874809
2 298.150000 1.000000 0.000000 0.200000 0.100000 110.000000 0.000000 -206262.554060 51.215623 26.015821
5 298.150000 1.000000 0.000000 0.500000 0.100000 110.000000 0.000000 -205988.053164 76.643487 23.938361
5 298.150000 1.000000 0.000000 0.500000 0.100000 110.000000 0.000000 -206026.103340 64.377880 25.996097
2 298.150000 1.000000 0.000000 0.200000 0.100000 110.000000 0.000000 -206217.151376 37.799536 26.005327
4 298.150000 1.000000 0.000000 0.400000 0.100000 110.000000 0.000000 -206181.849320 83.683600 25.879868
3 298.150000 1.000000 0.000000 0.300000 0.100000 110.000000 0.000000 -206474.943851 50.940406 25.983647
3 298.150000 1.000000 0.000000 0.300000 0.100000 110.000000 0.000000 -206112.256601 92.509530 25.980808
5 298.150000 1.000000 0.000000 0.500000 0.100000 110.000000 0.000000 -206039.847471 43.487418 25.832678
3 298.150000 1.000000 0.000000 0.300000 0.100000 110.000000 0.000000 -206051.232607 35.285855 25.627531
5 298.150000 1.000000 0.000000 0.500000 0.100000 110.000000 0.000000 -206029.366303 58.384778 25.981100
3 298.150000 1.000000 0.000000 0.300000 0.100000 110.000000 0.000000 -206205.955347 32.271991 25.852767
4 298.150000 1.000000 0.000000 0.400000 0.100000 110.000000 0.000000 -205944.552503 77.107525 25.996777
3 298.150000 1.000000 0.000000 0.300000 0.100000 110.000000 0.000000 -206606.065474 104.233704 25.495367
3 298.150000 1.000000 0.000000 0.300000 0.100000 110.000000 0.000000 -206339.798664 48.297456 25.201182
4 298.150000 1.000000 0.000000 0.400000 0.100000 110.000000 0.000000 -205927.838034 32.281099 25.884088
4 298.150000 1.000000 0.000000 0.400000 0.100000 110.000000 0.000000 -206155.839959 68.317007 25.293026
4 298.150000 1.000000 0.000000 0.400000 0.100000 110.000000 0.000000 -206162.405260 54.928838 25.649215
2 298.150000 1.000000 0.000000 0.200000 0.100000 110.000000 0.000000 -206056.683134 110.899435 25.880152
3 298.150000 1.000000 0.000000 0.300000 0.100000 110.000000 0.000000 -206111.890886 88.552404 25.942388
3 298.150000 1.000000 0.000000 0.300000 0.100000 110.000000 0.000000 -205890.772569 69.856012 25.935217
4 298.150000 1.000000 0.000000 0.400000 0.100000 110.000000 0.000000 -206184.391230 74.748579 25.907535
4 298.150000 1.000000 0.000000 0.400000 0.100000 110.000000 0.000000 -206208.405943 33.009060 25.754922
3 298.150000 1.000000 0.000000 0.300000 0.100000 110.000000 0.000000 -206240.183055 71.456720 25.363107
3 298.150000 1.000000 0.000000 0.300000 0.100000 110.000000 0.000000 -205963.886596 86.858776 24.434948
3 298.150000 1.000000 0.000000 0.300000 0.100000 110.000000 0.000000 -206168.518574 106.118686 25.582295
3 298.150000 1.000000 0.000000 0.300000 0.100000 110.000000 0.000000 -206140.575428 41.835357 25.921982
2 298.150000 1.000000 0.000000 0.200000 0.100000 110.000000 0.000000 -205842.224352 69.105180 25.550643
4 298.150000 1.000000 0.000000 0.400000 0.100000 110.000000 0.000000 -206217.883282 57.363969 24.874215
4 298.150000 1.000000 0.000000 0.400000 0.100000 110.000000 0.000000 -206109.006437 62.223644 24.800447
3 298.150000 1.000000 0.000000 0.300000 0.100000 110.000000 0.000000 -206261.043994 52.372533 25.559216
5 298.150000 1.000000 0.000000 0.500000 0.100000 110.000000 0.000000 -205696.259787 85.921156 24.464720
5 298.150000 1.000000 0.000000 0.500000 0.100000 110.000000 0.000000 -205960.674897 42.260856 24.817380
2 298.150000 1.000000 0.000000 0.200000 0.100000 110.000000 0.000000 -206030.289552 104.475959 25.983752
5 298.150000 1.000000 0.000000 0.500000 0.100000 110.000000 0.000000 -206242.117955 68.740115 25.826185
2 298.150000 1.000000 0.000000 0.200000 0.100000 110.000000 0.000000 -206217.485528 85.606234 24.820640
5 298.150000 1.000000 0.000000 0.500000 0.100000 110.000000 0.000000 -206210.952036 47.222723 24.518102
5 298.150000 1.000000 0.000000 0.500000 0.100000 110.000000 0.000000 -206185.110941 80.846339 24.843534
3 298.150000 1.000000 0.000000 0.300000 0.100000 110.000000 0.000000 -206041.157362 78.025869 25.935340
4 298.150000 1.000000 0.000000 0.400000 0.100000 110.000000 0.000000 -206503.069713 88.624541 25.290419
5 298.150000 1.000000 0.000000 0.500000 0.100000 110.000000 0.000000 -206187.476972 62.811290 25.948133
4 298.150000 1.000000 0.000000 0.400000 0.100000 110.000000 0.000000 -206149.939648 60.639582 25.690291
3 298.150000 1.000000 0.000000 0.300000 0.100000 110.000000 0.000000 -205993.575713 71.457483 25.055494
4 298.150000 1.000000 0.000000 0.400000 0.100000 110.000000 0.000000 -206132.653435 61.205619 25.824832
4 298.150000 1.000000 0.000000 0.400000 0.100000 110.000000 0.000000 -205811.341653 69.553512 25.745678
4 298.150000 1.000000 0.000000 0.400000 0.100000 110.000000 0.000000 -206217.095917 32.167204 25.381551
5 298.150000 1.000000 0.000000 0.500000 0.100000 110.000000 0.000000 -205677.014555 63.288495 25.867171
2 298.150000 1.000000 0.000000 0.200000 0.100000 110.000000 0.000000 -205489.983167 82.808627 25.797400
4 298.150000 1.000000 0.000000 0.400000 0.100000 110.000000 0.000000 -206175.595458 66.102339 25.976948
4 298.150000 1.000000 0.000000 0.400000 0.100000 110.000000 0.000000 -205859.135586 58.199807 25.912480
