8 298.150000 1.000000 0.300000 0.500000 0.100000 110.000000 0.000000 -207221.302623 8.933482 25.295269
7 298.150000 1.000000 0.200000 0.500000 0.100000 110.000000 0.000000 -207065.840240 2.980082 25.525734
8 298.150000 1.000000 0.300000 0.500000 0.100000 110.000000 0.000000 -207164.865375 2.178234 25.039198
8 298.150000 1.000000 0.300000 0.500000 0.100000 110.000000 0.000000 -207848.917864 11.833169 25.726349
8 298.150000 1.000000 0.300000 0.500000 0.100000 110.000000 0.000000 -207822.329506 11.314911 25.221050
6 298.150000 1.000000 0.100000 0.500000 0.100000 110.000000 0.000000 -207605.655934 25.490109 25.639261
6 298.150000 1.000000 0.100000 0.500000 0.100000 110.000000 0.000000 -207424.040526 40.115218 25.510509
6 298.150000 1.000000 0.100000 0.500000 0.100000 110.000000 0.000000 -207318.838515 26.767451 25.422781
6 298.150000 1.000000 0.100000 0.500000 0.100000 110.000000 0.000000 -207548.842982 33.328170 25.497170
6 298.150000 1.000000 0.100000 0.500000 0.100000 110.000000 0.000000 -207334.683775 17.813920 25.608744
6 298.150000 1.000000 0.100000 0.500000 0.100000 110.000000 0.000000 -207459.750204 19.705122 25.791571
7 298.150000 1.000000 0.200000 0.500000 0.100000 110.000000 0.000000 -206794.182187 6.503378 25.303242
7 298.150000 1.000000 0.200000 0.500000 0.100000 110.000000 0.000000 -207426.802070 8.742820 25.522402
7 298.150000 1.000000 0.200000 0.500000 0.100000 110.000000 0.000000 -207406.345158 13.442354 25.739904
7 298.150000 1.000000 0.200000 0.500000 0.100000 110.000000 0.000000 -207731.291622 11.941169 25.342907
7 298.150000 1.000000 0.200000 0.500000 0.100000 110.000000 0.000000 -207551.937352 13.560073 25.780112
6 298.150000 1.000000 0.100000 0.500000 0.100000 110.000000 0.000000 -207345.511933 17.480525 25.516161
6 298.150000 1.000000 0.100000 0.500000 0.100000 110.000000 0.000000 -207363.442518 6.938242 25.484191
9 298.150000 1.000000 0.400000 0.500000 0.100000 110.000000 0.000000 -207203.808253 5.043716 25.582999
13 298.150000 -1.000000 0.300000 0.500000 0.100000 110.000000 0.000000 -207010.411747 25.281396 25.352884
15 298.150000 -1.000000 0.100000 0.500000 0.100000 110.000000 0.000000 -207446.830251 9.624177 25.712070
15 298.150000 -1.000000 0.100000 0.500000 0.100000 110.000000 0.000000 -207550.261678 18.263330 25.702669
15 298.150000 -1.000000 0.100000 0.500000 0.100000 110.000000 0.000000 -207416.683638 18.619208 25.519656
15 298.150000 -1.000000 0.100000 0.500000 0.100000 110.000000 0.000000 -207510.837698 17.797063 25.497655
15 298.150000 -1.000000 0.100000 0.500000 0.100000 110.000000 0.000000 -207367.024500 16.881992 25.618873
19 298.150000 -1.000000 0.000000 0.200000 0.100000 110.000000 0.000000 -207247.884371 107.188126 25.224148
17 298.150000 -1.000000 0.000000 0.400000 0.100000 110.000000 0.000000 -207321.536214 75.058967 25.229064
16 298.150000 -1.000000 0.000000 0.500000 0.100000 110.000000 0.000000 -207373.080227 90.432526 25.510659
18 298.150000 -1.000000 0.000000 0.300000 0.100000 110.000000 0.000000 -207267.830802 42.531763 25.602432
17 298.150000 -1.000000 0.000000 0.400000 0.100000 110.000000 0.000000 -207828.618210 66.338275 25.774390
20 298.150000 -1.000000 0.000000 0.100000 0.100000 110.000000 0.000000 -207765.902810 72.083514 25.545822
16 298.150000 -1.000000 0.000000 0.500000 0.100000 110.000000 0.000000 -207770.742918 73.000370 25.587089
16 298.150000 -1.000000 0.000000 0.500000 0.100000 110.000000 0.000000 -207265.367626 63.896829 25.508908
17 298.150000 -1.000000 0.000000 0.400000 0.100000 110.000000 0.000000 -207527.886555 82.114277 25.697553
16 298.150000 -1.000000 0.000000 0.500000 0.100000 110.000000 0.000000 -207486.817543 78.059611 25.549374
16 298.150000 -1.000000 0.000000 0.500000 0.100000 110.000000 0.000000 -207557.658562 52.924322 25.172551
18 298.150000 -1.000000 0.000000 0.300000 0.100000 110.000000 0.000000 -207819.285836 90.901936 25.680312
16 298.150000 -1.000000 0.000000 0.500000 0.100000 110.000000 0.000000 -207419.705025 19.772621 25.530449
15 298.150000 -1.000000 0.100000 0.500000 0.100000 110.000000 0.000000 -207524.344468 7.125667 25.251784
11 298.150000 -1.000000 0.500000 0.500000 0.100000 110.000000 0.000000 -207199.447604 -4.021354 25.631991
10 298.150000 1.000000 0.500000 0.500000 0.100000 110.000000 0.000000 -207186.553255 -6.465421 25.189786
10 298.150000 1.000000 0.500000 0.500000 0.100000 110.000000 0.000000 -207709.391932 3.708605 25.636798
9 298.150000 1.000000 0.400000 0.500000 0.100000 110.000000 0.000000 -207197.917467 -3.477293 25.414887
10 298.150000 1.000000 0.500000 0.500000 0.100000 110.000000 0.000000 -207429.687689 2.186253 25.442031
9 298.150000 1.000000 0.400000 0.500000 0.100000 110.000000 0.000000 -207310.087886 -5.366776 25.653175
10 298.150000 1.000000 0.500000 0.500000 0.100000 110.000000 0.000000 -207612.486643 -2.454342 25.808698
10 298.150000 1.000000 0.500000 0.500000 0.100000 110.000000 0.000000 -207437.748951 1.294809 25.760500
10 298.150000 1.000000 0.500000 0.500000 0.100000 110.000000 0.000000 -207619.870606 -5.443742 25.570855
10 298.150000 1.000000 0.500000 0.500000 0.100000 110.000000 0.000000 -207342.583523 -4.779116 25.552708
10 298.150000 1.000000 0.500000 0.500000 0.100000 110.000000 0.000000 -206928.810710 -0.981449 25.708659
11 298.150000 -1.000000 0.500000 0.500000 0.100000 110.000000 0.000000 -207586.750444 2.822498 25.779583
10 298.150000 1.000000 0.500000 0.500000 0.100000 110.000000 0.000000 -207539.422121 7.443186 25.497274
6 298.150000 1.000000 0.100000 0.500000 0.100000 110.000000 0.000000 -207173.157160 28.857975 25.715819
6 298.150000 1.000000 0.100000 0.500000 0.100000 110.000000 0.000000 -207383.190795 15.015547 25.607142
6 298.150000 1.000000 0.100000 0.500000 0.100000 110.000000 0.000000 -207197.339130 31.422871 25.750555
6 298.150000 1.000000 0.100000 0.500000 0.100000 110.000000 0.000000 -207495.345333 24.443806 25.713621
6 298.150000 1.000000 0.100000 0.500000 0.100000 110.000000 0.000000 -206918.471808 15.729986 25.614011
8 298.150000 1.000000 0.300000 0.500000 0.100000 110.000000 0.000000 -207639.929801 10.935555 25.171914
7 298.150000 1.000000 0.200000 0.500000 0.100000 110.000000 0.000000 -207203.228492 6.174968 25.514503
7 298.150000 1.000000 0.200000 0.500000 0.100000 110.000000 0.000000 -207335.644899 3.893299 25.574549
8 298.150000 1.000000 0.300000 0.500000 0.100000 110.000000 0.000000 -207465.296159 8.255839 25.284586
8 298.150000 1.000000 0.300000 0.500000 0.100000 110.000000 0.000000 -207794.517226 7.609076 25.518174
7 298.150000 1.000000 0.200000 0.500000 0.100000 110.000000 0.000000 -207241.840492 21.497413 25.128237
7 298.150000 1.000000 0.200000 0.500000 0.100000 110.000000 0.000000 -207188.662646 0.914767 25.718791
7 298.150000 1.000000 0.200000 0.500000 0.100000 110.000000 0.000000 -207636.902611 4.669481 25.664464
8 298.150000 1.000000 0.300000 0.500000 0.100000 110.000000 0.000000 -207163.317564 4.746069 25.238075
10 298.150000 1.000000 0.500000 0.500000 0.100000 110.000000 0.000000 -207404.569219 -0.796182 25.536825
10 298.150000 1.000000 0.500000 0.500000 0.100000 110.000000 0.000000 -207617.350757 -5.603438 25.422225
13 298.150000 -1.000000 0.300000 0.500000 0.100000 110.000000 0.000000 -207321.833909 -1.802463 25.454691
11 298.150000 -1.000000 0.500000 0.500000 0.100000 110.000000 0.000000 -207547.797474 7.914439 25.600259
10 298.150000 1.000000 0.500000 0.500000 0.100000 110.000000 0.000000 -207718.029807 -7.466865 25.456037
11 298.150000 -1.000000 0.500000 0.500000 0.100000 110.000000 0.000000 -207384.200961 3.107160 25.523337
11 298.150000 -1.000000 0.500000 0.500000 0.100000 110.000000 0.000000 -207398.984801 -1.756450 25.803962
11 298.150000 -1.000000 0.500000 0.500000 0.100000 110.000000 0.000000 -207530.053328 -0.984268 25.564273
11 298.150000 -1.000000 0.500000 0.500000 0.100000 110.000000 0.000000 -207128.912361 -1.405123 25.252637
10 298.150000 1.000000 0.500000 0.500000 0.100000 110.000000 0.000000 -207282.811445 1.898396 25.571906
10 298.150000 1.000000 0.500000 0.500000 0.100000 110.000000 0.000000 -207660.700537 -2.707677 25.237952
13 298.150000 -1.000000 0.300000 0.500000 0.100000 110.000000 0.000000 -207447.246714 19.860167 25.325641
13 298.150000 -1.000000 0.300000 0.500000 0.100000 110.000000 0.000000 -207110.770315 -0.806586 25.338682
13 298.150000 -1.000000 0.300000 0.500000 0.100000 110.000000 0.000000 -207500.436899 12.079126 25.350598
12 298.150000 -1.000000 0.400000 0.500000 0.100000 110.000000 0.000000 -207429.568097 3.626462 25.130149
12 298.150000 -1.000000 0.400000 0.500000 0.100000 110.000000 0.000000 -207115.511473 4.937314 25.680945
12 298.150000 -1.000000 0.400000 0.500000 0.100000 110.000000 0.000000 -207398.439310 7.594627 25.462215
13 298.150000 -1.000000 0.300000 0.500000 0.100000 110.000000 0.000000 -207466.728078 9.129203 25.681613
14 298.150000 -1.000000 0.200000 0.500000 0.100000 110.000000 0.000000 -207493.964075 1.493361 25.483079
13 298.150000 -1.000000 0.300000 0.500000 0.100000 110.000000 0.000000 -208049.228760 -0.594008 25.504496
12 298.150000 -1.000000 0.400000 0.500000 0.100000 110.000000 0.000000 -207528.327483 4.778538 25.142152
14 298.150000 -1.000000 0.200000 0.500000 0.100000 110.000000 0.000000 -207767.424990 16.441341 25.425029
12 298.150000 -1.000000 0.400000 0.500000 0.100000 110.000000 0.000000 -207820.336995 0.494883 25.039910
12 298.150000 -1.000000 0.400000 0.500000 0.100000 110.000000 0.000000 -207605.328843 -4.386004 25.425583
12 298.150000 -1.000000 0.400000 0.500000 0.100000 110.000000 0.000000 -207676.579283 2.378688 25.223030
12 298.150000 -1.000000 0.400000 0.500000 0.100000 110.000000 0.000000 -207326.704242 7.563962 25.510746
13 298.150000 -1.000000 0.300000 0.500000 0.100000 110.000000 0.000000 -207260.783885 10.934929 25.429338
14 298.150000 -1.000000 0.200000 0.500000 0.100000 110.000000 0.000000 -207365.616694 16.845052 25.362458
14 298.150000 -1.000000 0.200000 0.500000 0.100000 110.000000 0.000000 -207660.727299 30.799394 25.677574
14 298.150000 -1.000000 0.200000 0.500000 0.100000 110.000000 0.000000 -207324.799084 12.832099 25.277606
14 298.150000 -1.000000 0.200000 0.500000 0.100000 110.000000 0.000000 -207707.468554 12.521672 25.361377
14 298.150000 -1.000000 0.200000 0.500000 0.100000 110.000000 0.000000 -207490.759078 2.362780 25.715728
14 298.150000 -1.000000 0.200000 0.500000 0.100000 110.000000 0.000000 -207505.253214 2.671305 25.613988
12 298.150000 -1.000000 0.400000 0.500000 0.100000 110.000000 0.000000 -207723.754014 -1.432524 25.146818
13 298.150000 -1.000000 0.300000 0.500000 0.100000 110.000000 0.000000 -207720.648105 9.558012 25.581714
12 298.150000 -1.000000 0.400000 0.500000 0.100000 110.000000 0.000000 -207373.003668 1.815591 25.334044
11 298.150000 -1.000000 0.500000 0.500000 0.100000 110.000000 0.000000 -207468.308864 -8.019273 25.499473
11 298.150000 -1.000000 0.500000 0.500000 0.100000 110.000000 0.000000 -207339.564638 -6.811935 25.348194
10 298.150000 1.000000 0.500000 0.500000 0.100000 110.000000 0.000000 -207103.830444 1.239977 25.320833
10 298.150000 1.000000 0.500000 0.500000 0.100000 110.000000 0.000000 -207437.259213 -1.115378 25.643447
10 298.150000 1.000000 0.500000 0.500000 0.100000 110.000000 0.000000 -207529.394788 -0.941182 25.667447
10 298.150000 1.000000 0.500000 0.500000 0.100000 110.000000 0.000000 -207555.379965 6.134469 25.222573
7 298.150000 1.000000 0.200000 0.500000 0.100000 110.000000 0.000000 -207332.155718 13.498343 25.620310
6 298.150000 1.000000 0.100000 0.500000 0.100000 110.000000 0.000000 -207533.170686 30.062520 25.098591
6 298.150000 1.000000 0.100000 0.500000 0.100000 110.000000 0.000000 -207452.120176 24.663578 25.208202
6 298.150000 1.000000 0.100000 0.500000 0.100000 110.000000 0.000000 -207331.740390 19.722543 25.189510
6 298.150000 1.000000 0.100000 0.500000 0.100000 110.000000 0.000000 -207608.082623 27.307768 25.569763
6 298.150000 1.000000 0.100000 0.500000 0.100000 110.000000 0.000000 -207375.451985 29.872782 24.299749
6 298.150000 1.000000 0.100000 0.500000 0.100000 110.000000 0.000000 -207621.021717 27.115665 25.178042
6 298.150000 1.000000 0.100000 0.500000 0.100000 110.000000 0.000000 -207538.781819 21.709127 25.169198
6 298.150000 1.000000 0.100000 0.500000 0.100000 110.000000 0.000000 -207306.133620 11.152766 24.955156
6 298.150000 1.000000 0.100000 0.500000 0.100000 110.000000 0.000000 -207303.587925 23.540550 25.085163
6 298.150000 1.000000 0.100000 0.500000 0.100000 110.000000 0.000000 -207279.610908 11.866098 24.903004
7 298.150000 1.000000 0.200000 0.500000 0.100000 110.000000 0.000000 -207107.482744 0.522040 24.331688
7 298.150000 1.000000 0.200000 0.500000 0.100000 110.000000 0.000000 -207362.117079 10.613299 25.610496
7 298.150000 1.000000 0.200000 0.500000 0.100000 110.000000 0.000000 -207567.837084 8.510325 25.381724
7 298.150000 1.000000 0.200000 0.500000 0.100000 110.000000 0.000000 -207488.581745 8.526105 25.835888
7 298.150000 1.000000 0.200000 0.500000 0.100000 110.000000 0.000000 -207207.853332 17.281883 25.448610
7 298.150000 1.000000 0.200000 0.500000 0.100000 110.000000 0.000000 -207373.904161 6.662068 25.288436
6 298.150000 1.000000 0.100000 0.500000 0.100000 110.000000 0.000000 -207291.400226 23.360283 25.474928
7 298.150000 1.000000 0.200000 0.500000 0.100000 110.000000 0.000000 -206987.347484 4.073803 25.680438
11 298.150000 -1.000000 0.500000 0.500000 0.100000 110.000000 0.000000 -206900.840304 2.794771 25.418225
13 298.150000 -1.000000 0.300000 0.500000 0.100000 110.000000 0.000000 -207239.504964 11.057189 25.660053
13 298.150000 -1.000000 0.300000 0.500000 0.100000 110.000000 0.000000 -207031.993339 3.139012 25.510836
12 298.150000 -1.000000 0.400000 0.500000 0.100000 110.000000 0.000000 -207474.244362 5.210798 25.207992
13 298.150000 -1.000000 0.300000 0.500000 0.100000 110.000000 0.000000 -207317.815541 8.674674 25.388591
11 298.150000 -1.000000 0.500000 0.500000 0.100000 110.000000 0.000000 -207188.284223 1.848658 25.348964
12 298.150000 -1.000000 0.400000 0.500000 0.100000 110.000000 0.000000 -207627.635105 10.077881 25.437135
15 298.150000 -1.000000 0.100000 0.500000 0.100000 110.000000 0.000000 -207300.389394 5.522273 25.126331
15 298.150000 -1.000000 0.100000 0.500000 0.100000 110.000000 0.000000 -207405.862694 12.580554 25.507172
15 298.150000 -1.000000 0.100000 0.500000 0.100000 110.000000 0.000000 -207526.502506 17.135721 25.463987
15 298.150000 -1.000000 0.100000 0.500000 0.100000 110.000000 0.000000 -207193.261715 28.361267 25.358598
15 298.150000 -1.000000 0.100000 0.500000 0.100000 110.000000 0.000000 -207362.351041 8.895372 25.835739
11 298.150000 -1.000000 0.500000 0.500000 0.100000 110.000000 0.000000 -207274.826463 -3.671115 25.769042
12 298.150000 -1.000000 0.400000 0.500000 0.100000 110.000000 0.000000 -207449.625574 2.078425 25.398951
12 298.150000 -1.000000 0.400000 0.500000 0.100000 110.000000 0.000000 -207691.160420 10.506979 25.567308
14 298.150000 -1.000000 0.200000 0.500000 0.100000 110.000000 0.000000 -207596.229496 17.133494 25.377642
15 298.150000 -1.000000 0.100000 0.500000 0.100000 110.000000 0.000000 -207519.874011 15.744408 25.600021
15 298.150000 -1.000000 0.100000 0.500000 0.100000 110.000000 0.000000 -207213.655098 12.293400 25.250319
14 298.150000 -1.000000 0.200000 0.500000 0.100000 110.000000 0.000000 -207258.199365 13.813255 25.553542
14 298.150000 -1.000000 0.200000 0.500000 0.100000 110.000000 0.000000 -207621.773256 13.417661 25.748077
14 298.150000 -1.000000 0.200000 0.500000 0.100000 110.000000 0.000000 -207395.402974 13.630007 25.613822
14 298.150000 -1.000000 0.200000 0.500000 0.100000 110.000000 0.000000 -207561.832777 11.142992 25.313889
15 298.150000 -1.000000 0.100000 0.500000 0.100000 110.000000 0.000000 -207291.793177 31.740076 25.491122
16 298.150000 -1.000000 0.000000 0.500000 0.100000 110.000000 0.000000 -207282.844205 59.087467 25.710128
16 298.150000 -1.000000 0.000000 0.500000 0.100000 110.000000 0.000000 -207051.355099 30.915420 25.540978
19 298.150000 -1.000000 0.000000 0.200000 0.100000 110.000000 0.000000 -207929.212967 124.274420 25.677668
19 298.150000 -1.000000 0.000000 0.200000 0.100000 110.000000 0.000000 -207613.848187 108.411944 25.493419
20 298.150000 -1.000000 0.000000 0.100000 0.100000 110.000000 0.000000 -207408.770154 143.987286 25.369298
20 298.150000 -1.000000 0.000000 0.100000 0.100000 110.000000 0.000000 -207569.879880 82.354168 25.289507
17 298.150000 -1.000000 0.000000 0.400000 0.100000 110.000000 0.000000 -207383.964114 48.284619 25.734813
15 298.150000 -1.000000 0.100000 0.500000 0.100000 110.000000 0.000000 -207634.972685 14.019952 25.532473
15 298.150000 -1.000000 0.100000 0.500000 0.100000 110.000000 0.000000 -207496.596285 28.832140 25.550721
15 298.150000 -1.000000 0.100000 0.500000 0.100000 110.000000 0.000000 -207714.883587 29.347869 25.676911
15 298.150000 -1.000000 0.100000 0.500000 0.100000 110.000000 0.000000 -207188.398917 25.601991 25.635863
15 298.150000 -1.000000 0.100000 0.500000 0.100000 110.000000 0.000000 -207421.650691 6.218240 25.333456
11 298.150000 -1.000000 0.500000 0.500000 0.100000 110.000000 0.000000 -207465.193432 -2.537568 25.479820
12 298.150000 -1.000000 0.400000 0.500000 0.100000 110.000000 0.000000 -207289.517303 4.020046 25.312215
12 298.150000 -1.000000 0.400000 0.500000 0.100000 110.000000 0.000000 -207469.654108 2.604780 24.623448
12 298.150000 -1.000000 0.400000 0.500000 0.100000 110.000000 0.000000 -207431.532985 0.587468 25.593008
11 298.150000 -1.000000 0.500000 0.500000 0.100000 110.000000 0.000000 -207509.832499 -6.220702 25.306093
10 298.150000 1.000000 0.500000 0.500000 0.100000 110.000000 0.000000 -207183.429069 -1.235578 25.265148
9 298.150000 1.000000 0.400000 0.500000 0.100000 110.000000 0.000000 -206987.891270 8.212319 25.501877
9 298.150000 1.000000 0.400000 0.500000 0.100000 110.000000 0.000000 -207120.596501 6.380550 25.661354
8 298.150000 1.000000 0.300000 0.500000 0.100000 110.000000 0.000000 -207267.694294 11.517073 25.168223
7 298.150000 1.000000 0.200000 0.500000 0.100000 110.000000 0.000000 -207822.314919 24.417212 25.498983
7 298.150000 1.000000 0.200000 0.500000 0.100000 110.000000 0.000000 -207605.903369 20.147528 25.444351
6 298.150000 1.000000 0.100000 0.500000 0.100000 110.000000 0.000000 -207949.000608 19.086735 24.789657
6 298.150000 1.000000 0.100000 0.500000 0.100000 110.000000 0.000000 -207363.297862 9.252713 25.137867
7 298.150000 1.000000 0.200000 0.500000 0.100000 110.000000 0.000000 -207357.952633 13.590754 25.354414
6 298.150000 1.000000 0.100000 0.500000 0.100000 110.000000 0.000000 -207065.175646 31.334214 25.707112
6 298.150000 1.000000 0.100000 0.500000 0.100000 110.000000 0.000000 -207487.456476 9.115346 25.746431
6 298.150000 1.000000 0.100000 0.500000 0.100000 110.000000 0.000000 -207434.238343 21.160599 25.553373
6 298.150000 1.000000 0.100000 0.500000 0.100000 110.000000 0.000000 -207447.418340 25.486632 25.648882
7 298.150000 1.000000 0.200000 0.500000 0.100000 110.000000 0.000000 -207532.526714 7.716196 25.351177
7 298.150000 1.000000 0.200000 0.500000 0.100000 110.000000 0.000000 -207544.727136 5.511232 25.629924
7 298.150000 1.000000 0.200000 0.500000 0.100000 110.000000 0.000000 -207453.022210 11.260484 25.681536
7 298.150000 1.000000 0.200000 0.500000 0.100000 110.000000 0.000000 -207587.899566 16.925454 25.525701
6 298.150000 1.000000 0.100000 0.500000 0.100000 110.000000 0.000000 -207339.474543 35.316012 25.838501
6 298.150000 1.000000 0.100000 0.500000 0.100000 110.000000 0.000000 -207404.394041 37.472043 25.392833
4 298.150000 1.000000 0.000000 0.400000 0.100000 110.000000 0.000000 -206773.931195 70.046309 25.675823
4 298.150000 1.000000 0.000000 0.400000 0.100000 110.000000 0.000000 -207386.132308 83.637314 25.335919
2 298.150000 1.000000 0.000000 0.200000 0.100000 110.000000 0.000000 -207488.821668 103.514879 25.157804
1 298.150000 1.000000 0.000000 0.100000 0.100000 110.000000 0.000000 -207550.610341 133.458301 22.973483
1 298.150000 1.000000 0.000000 0.100000 0.100000 110.000000 0.000000 -207032.787200 124.941616 25.910411
1 298.150000 1.000000 0.000000 0.100000 0.100000 110.000000 0.000000 -207752.997182 127.182334 25.918050
1 298.150000 1.000000 0.000000 0.100000 0.100000 110.000000 0.000000 -207525.387087 63.196859 24.945619
3 298.150000 1.000000 0.000000 0.300000 0.100000 110.000000 0.000000 -207660.438063 110.687449 25.186628
4 298.150000 1.000000 0.000000 0.400000 0.100000 110.000000 0.000000 -207496.854615 76.058107 25.535844
3 298.150000 1.000000 0.000000 0.300000 0.100000 110.000000 0.000000 -207497.715455 69.090693 25.457044
4 298.150000 1.000000 0.000000 0.400000 0.100000 110.000000 0.000000 -207815.387999 72.529530 25.674491
5 298.150000 1.000000 0.000000 0.500000 0.100000 110.000000 0.000000 -207176.164805 56.164136 25.609883
3 298.150000 1.000000 0.000000 0.300000 0.100000 110.000000 0.000000 -207674.010573 38.107949 25.427774
5 298.150000 1.000000 0.000000 0.500000 0.100000 110.000000 0.000000 -207106.922871 84.035637 24.752950
2 298.150000 1.000000 0.000000 0.200000 0.100000 110.000000 0.000000 -206971.261030 64.061909 25.245503
2 298.150000 1.000000 0.000000 0.200000 0.100000 110.000000 0.000000 -207240.501190 95.743659 25.309585
4 298.150000 1.000000 0.000000 0.400000 0.100000 110.000000 0.000000 -207613.149697 77.157906 25.372906
4 298.150000 1.000000 0.000000 0.400000 0.100000 110.000000 0.000000 -207466.999940 79.675674 25.751116
5 298.150000 1.000000 0.000000 0.500000 0.100000 110.000000 0.000000 -207473.002508 75.719672 25.034523
3 298.150000 1.000000 0.000000 0.300000 0.100000 110.000000 0.000000 -207106.294925 45.312382 25.565786
4 298.150000 1.000000 0.000000 0.400000 0.100000 110.000000 0.000000 -207132.345604 65.886879 25.784819
3 298.150000 1.000000 0.000000 0.300000 0.100000 110.000000 0.000000 -207361.552106 51.214573 25.329695
4 298.150000 1.000000 0.000000 0.400000 0.100000 110.000000 0.000000 -207416.567786 80.685405 25.165177
2 298.150000 1.000000 0.000000 0.200000 0.100000 110.000000 0.000000 -207802.707843 37.904703 25.623888
3 298.150000 1.000000 0.000000 0.300000 0.100000 110.000000 0.000000 -207187.197129 114.271458 25.371026
1 298.150000 1.000000 0.000000 0.100000 0.100000 110.000000 0.000000 -207837.704331 140.639720 25.765574
1 298.150000 1.000000 0.000000 0.100000 0.100000 110.000000 0.000000 -207231.233976 29.907864 24.920857
4 298.150000 1.000000 0.000000 0.400000 0.100000 110.000000 0.000000 -207435.159600 103.207687 25.497282
2 298.150000 1.000000 0.000000 0.200000 0.100000 110.000000 0.000000 -207175.507563 54.325878 25.615437
5 298.150000 1.000000 0.000000 0.500000 0.100000 110.000000 0.000000 -207256.274357 78.637115 25.918004
3 298.150000 1.000000 0.000000 0.300000 0.100000 110.000000 0.000000 -207255.538456 72.423657 25.703030
5 298.150000 1.000000 0.000000 0.500000 0.100000 110.000000 0.000000 -207526.991833 66.913560 25.661553
3 298.150000 1.000000 0.000000 0.300000 0.100000 110.000000 0.000000 -207643.896754 84.389472 25.665604
5 298.150000 1.000000 0.000000 0.500000 0.100000 110.000000 0.000000 -207534.474665 41.491885 25.117598
4 298.150000 1.000000 0.000000 0.400000 0.100000 110.000000 0.000000 -207237.607646 81.662447 25.828088
5 298.150000 1.000000 0.000000 0.500000 0.100000 110.000000 0.000000 -207240.143230 76.085034 25.099508
4 298.150000 1.000000 0.000000 0.400000 0.100000 110.000000 0.000000 -207666.667638 58.797027 25.132168
3 298.150000 1.000000 0.000000 0.300000 0.100000 110.000000 0.000000 -207238.451099 80.257937 25.618076
3 298.150000 1.000000 0.000000 0.300000 0.100000 110.000000 0.000000 -207490.908055 65.242224 25.581780
3 298.150000 1.000000 0.000000 0.300000 0.100000 110.000000 0.000000 -206970.124540 36.746644 25.220771
5 298.150000 1.000000 0.000000 0.500000 0.100000 110.000000 0.000000 -206835.006832 75.953687 25.410272
2 298.150000 1.000000 0.000000 0.200000 0.100000 110.000000 0.000000 -207293.676767 96.792796 25.122425
5 298.150000 1.000000 0.000000 0.500000 0.100000 110.000000 0.000000 -207458.601546 50.682795 25.127002
5 298.150000 1.000000 0.000000 0.500000 0.100000 110.000000 0.000000 -207598.924172 73.604914 25.376786
2 298.150000 1.000000 0.000000 0.200000 0.100000 110.000000 0.000000 -207528.716586 67.010535 25.273053
2 298.150000 1.000000 0.000000 0.200000 0.100000 110.000000 0.000000 -207206.533117 71.231435 25.664364
3 298.150000 1.000000 0.000000 0.300000 0.100000 110.000000 0.000000 -207665.621730 36.719408 25.527749
4 298.150000 1.000000 0.000000 0.400000 0.100000 110.000000 0.000000 -207301.759647 56.819577 25.803237
5 298.150000 1.000000 0.000000 0.500000 0.100000 110.000000 0.000000 -207575.655509 43.580568 25.727748
4 298.150000 1.000000 0.000000 0.400000 0.100000 110.000000 0.000000 -207120.684436 81.353975 25.790568
3 298.150000 1.000000 0.000000 0.300000 0.100000 110.000000 0.000000 -207530.630242 21.988281 25.497246
6 298.150000 1.000000 0.100000 0.500000 0.100000 110.000000 0.000000 -207006.785853 41.956739 23.954800
6 298.150000 1.000000 0.100000 0.500000 0.100000 110.000000 0.000000 -207714.371731 10.015832 25.253423
6 298.150000 1.000000 0.100000 0.500000 0.100000 110.000000 0.000000 -207398.578460 12.317387 25.221660
7 298.150000 1.000000 0.200000 0.500000 0.100000 110.000000 0.000000 -207277.531176 8.497396 24.842720
8 298.150000 1.000000 0.300000 0.500000 0.100000 110.000000 0.000000 -207546.016139 2.463011 25.218344
8 298.150000 1.000000 0.300000 0.500000 0.100000 110.000000 0.000000 -207601.442824 8.926103 25.089148
7 298.150000 1.000000 0.200000 0.500000 0.100000 110.000000 0.000000 -207065.313185 11.562600 24.716720
7 298.150000 1.000000 0.200000 0.500000 0.100000 110.000000 0.000000 -207814.995550 19.914886 25.506007
7 298.150000 1.000000 0.200000 0.500000 0.100000 110.000000 0.000000 -207176.779818 6.825339 25.315580
8 298.150000 1.000000 0.300000 0.500000 0.100000 110.000000 0.000000 -207629.165924 0.676363 25.330593
10 298.150000 1.000000 0.500000 0.500000 0.100000 110.000000 0.000000 -207731.442035 -6.303694 25.514224
9 298.150000 1.000000 0.400000 0.500000 0.100000 110.000000 0.000000 -207377.510451 -0.767267 25.196460
9 298.150000 1.000000 0.400000 0.500000 0.100000 110.000000 0.000000 -207497.405392 2.161537 24.353452
9 298.150000 1.000000 0.400000 0.500000 0.100000 110.000000 0.000000 -207540.208461 7.799912 25.473395
