5 298.150000 1.000000 0.000000 0.500000 0.100000 110.000000 0.000000 -207269.320449 68.608668 25.431487
5 298.150000 1.000000 0.000000 0.500000 0.100000 110.000000 0.000000 -207406.707294 69.890189 25.548298
2 298.150000 1.000000 0.000000 0.200000 0.100000 110.000000 0.000000 -207326.721949 79.847145 25.562293
3 298.150000 1.000000 0.000000 0.300000 0.100000 110.000000 0.000000 -207668.308989 45.587815 25.358037
2 298.150000 1.000000 0.000000 0.200000 0.100000 110.000000 0.000000 -207704.858497 81.066273 25.271531
2 298.150000 1.000000 0.000000 0.200000 0.100000 110.000000 0.000000 -207305.933449 32.445272 25.208259
4 298.150000 1.000000 0.000000 0.400000 0.100000 110.000000 0.000000 -207289.332508 69.841506 25.545611
4 298.150000 1.000000 0.000000 0.400000 0.100000 110.000000 0.000000 -207564.372381 77.840095 24.202181
4 298.150000 1.000000 0.000000 0.400000 0.100000 110.000000 0.000000 -207153.596931 80.631755 25.438707
3 298.150000 1.000000 0.000000 0.300000 0.100000 110.000000 0.000000 -207644.275211 91.346378 25.716571
1 298.150000 1.000000 0.000000 0.100000 0.100000 110.000000 0.000000 -207518.838557 163.635251 25.800774
1 298.150000 1.000000 0.000000 0.100000 0.100000 110.000000 0.000000 -207482.195325 127.440157 25.853110
1 298.150000 1.000000 0.000000 0.100000 0.100000 110.000000 0.000000 -207490.311159 59.028184 24.493779
1 298.150000 1.000000 0.000000 0.100000 0.100000 110.000000 0.000000 -207431.950274 134.815982 25.625258
1 298.150000 1.000000 0.000000 0.100000 0.100000 110.000000 0.000000 -207317.963276 127.294003 24.939975
2 298.150000 1.000000 0.000000 0.200000 0.100000 110.000000 0.000000 -207591.007471 56.033438 25.718764
5 298.150000 1.000000 0.000000 0.500000 0.100000 110.000000 0.000000 -207215.589492 29.239854 25.697319
5 298.150000 1.000000 0.000000 0.500000 0.100000 110.000000 0.000000 -207456.798362 53.448871 25.556875
5 298.150000 1.000000 0.000000 0.500000 0.100000 110.000000 0.000000 -207390.786269 49.563794 25.450751
2 298.150000 1.000000 0.000000 0.200000 0.100000 110.000000 0.000000 -207410.208169 63.597173 25.230929
4 298.150000 1.000000 0.000000 0.400000 0.100000 110.000000 0.000000 -206876.916858 50.824747 25.594232
3 298.150000 1.000000 0.000000 0.300000 0.100000 110.000000 0.000000 -207554.534732 51.386133 25.497146
5 298.150000 1.000000 0.000000 0.500000 0.100000 110.000000 0.000000 -207473.588127 71.372664 25.570990
5 298.150000 1.000000 0.000000 0.500000 0.100000 110.000000 0.000000 -207673.632649 55.481116 24.716009
4 298.150000 1.000000 0.000000 0.400000 0.100000 110.000000 0.000000 -207757.057339 23.448079 25.468754
2 298.150000 1.000000 0.000000 0.200000 0.100000 110.000000 0.000000 -207842.655548 64.299431 25.357942
3 298.150000 1.000000 0.000000 0.300000 0.100000 110.000000 0.000000 -207413.247130 96.059553 25.826606
4 298.150000 1.000000 0.000000 0.400000 0.100000 110.000000 0.000000 -207076.081168 44.921092 25.273851
5 298.150000 1.000000 0.000000 0.500000 0.100000 110.000000 0.000000 -207336.341868 72.091274 24.941679
5 298.150000 1.000000 0.000000 0.500000 0.100000 110.000000 0.000000 -207332.011861 60.318850 25.523681
4 298.150000 1.000000 0.000000 0.400000 0.100000 110.000000 0.000000 -207310.666465 91.983618 25.408352
3 298.150000 1.000000 0.000000 0.300000 0.100000 110.000000 0.000000 -207441.639415 101.182566 25.337530
3 298.150000 1.000000 0.000000 0.300000 0.100000 110.000000 0.000000 -208021.753996 102.840586 25.565918
3 298.150000 1.000000 0.000000 0.300000 0.100000 110.000000 0.000000 -207245.258878 84.058005 25.302571
3 298.150000 1.000000 0.000000 0.300000 0.100000 110.000000 0.000000 -207545.258233 86.880682 25.413845
3 298.150000 1.000000 0.000000 0.300000 0.100000 110.000000 0.000000 -207256.150962 87.382418 25.287476
4 298.150000 1.000000 0.000000 0.400000 0.100000 110.000000 0.000000 -206993.504918 75.963541 25.495294
4 298.150000 1.000000 0.000000 0.400000 0.100000 110.000000 0.000000 -207568.780436 53.231486 25.348637
4 298.150000 1.000000 0.000000 0.400000 0.100000 110.000000 0.000000 -207457.033807 64.730426 24.724826
2 298.150000 1.000000 0.000000 0.200000 0.100000 110.000000 0.000000 -207710.678496 71.437020 25.194844
3 298.150000 1.000000 0.000000 0.300000 0.100000 110.000000 0.000000 -207160.001549 83.684820 25.595869
5 298.150000 1.000000 0.000000 0.500000 0.100000 110.000000 0.000000 -207357.725824 73.418064 25.334300
2 298.150000 1.000000 0.000000 0.200000 0.100000 110.000000 0.000000 -207443.093943 99.935169 25.627674
3 298.150000 1.000000 0.000000 0.300000 0.100000 110.000000 0.000000 -207286.982495 38.208772 25.151700
2 298.150000 1.000000 0.000000 0.200000 0.100000 110.000000 0.000000 -207184.593458 81.595630 25.096307
3 298.150000 1.000000 0.000000 0.300000 0.100000 110.000000 0.000000 -207339.829520 52.603798 25.135088
5 298.150000 1.000000 0.000000 0.500000 0.100000 110.000000 0.000000 -207213.410624 77.984972 25.426795
5 298.150000 1.000000 0.000000 0.500000 0.100000 110.000000 0.000000 -207518.872730 61.377279 25.596701
2 298.150000 1.000000 0.000000 0.200000 0.100000 110.000000 0.000000 -207524.470314 66.599882 25.157327
3 298.150000 1.000000 0.000000 0.300000 0.100000 110.000000 0.000000 -207605.225517 102.785459 25.492621
2 298.150000 1.000000 0.000000 0.200000 0.100000 110.000000 0.000000 -207637.148492 121.188712 25.869660
2 298.150000 1.000000 0.000000 0.200000 0.100000 110.000000 0.000000 -207657.753476 110.949491 25.873958
4 298.150000 1.000000 0.000000 0.400000 0.100000 110.000000 0.000000 -207130.588666 47.383133 25.599702
2 298.150000 1.000000 0.000000 0.200000 0.100000 110.000000 0.000000 -207332.924259 141.445213 23.498388
1 298.150000 1.000000 0.000000 0.100000 0.100000 110.000000 0.000000 -207380.336974 123.193297 25.504347
1 298.150000 1.000000 0.000000 0.100000 0.100000 110.000000 0.000000 -207687.333830 126.436136 22.759307
1 298.150000 1.000000 0.000000 0.100000 0.100000 110.000000 0.000000 -207399.663276 190.798988 25.262613
1 298.150000 1.000000 0.000000 0.100000 0.100000 110.000000 0.000000 -207546.953240 182.615356 22.157896
0 298.150000 1.000000 0.000000 0.000000 0.100000 110.000000 0.000000 -207629.934305 185.039432 23.481731
0 298.150000 1.000000 0.000000 0.000000 0.100000 110.000000 0.000000 -207502.260652 186.672699 24.480986
0 298.150000 1.000000 0.000000 0.000000 0.100000 110.000000 0.000000 -207545.222506 180.095027 25.817451
0 298.150000 1.000000 0.000000 0.000000 0.100000 110.000000 0.000000 -207866.736193 180.833593 25.355162
0 298.150000 1.000000 0.000000 0.000000 0.100000 110.000000 0.000000 -207603.752146 190.065794 24.951922
0 298.150000 1.000000 0.000000 0.000000 0.100000 110.000000 0.000000 -207538.285837 188.809375 25.476352
0 298.150000 1.000000 0.000000 0.000000 0.100000 110.000000 0.000000 -207426.751146 171.818590 23.317086
0 298.150000 1.000000 0.000000 0.000000 0.100000 110.000000 0.000000 -207601.242183 180.963598 22.181385
0 298.150000 1.000000 0.000000 0.000000 0.100000 110.000000 0.000000 -206925.133129 186.001832 25.529560
0 298.150000 1.000000 0.000000 0.000000 0.100000 110.000000 0.000000 -207483.824770 172.208279 24.702169
0 298.150000 1.000000 0.000000 0.000000 0.100000 110.000000 0.000000 -207511.060422 183.331300 24.050222
0 298.150000 1.000000 0.000000 0.000000 0.100000 110.000000 0.000000 -207433.589090 186.143670 23.520537
0 298.150000 1.000000 0.000000 0.000000 0.100000 110.000000 0.000000 -207702.155243 191.481881 25.441555
0 298.150000 1.000000 0.000000 0.000000 0.100000 110.000000 0.000000 -207418.781912 191.152808 24.270906
0 298.150000 1.000000 0.000000 0.000000 0.100000 110.000000 0.000000 -207921.559025 191.888309 24.186107
0 298.150000 1.000000 0.000000 0.000000 0.100000 110.000000 0.000000 -207813.150538 188.275028 23.738250
0 298.150000 1.000000 0.000000 0.000000 0.100000 110.000000 0.000000 -207040.639122 191.120045 24.213998
0 298.150000 1.000000 0.000000 0.000000 0.100000 110.000000 0.000000 -207331.937778 199.233274 23.745204
0 298.150000 1.000000 0.000000 0.000000 0.100000 110.000000 0.000000 -207599.859039 179.571159 24.295518
0 298.150000 1.000000 0.000000 0.000000 0.100000 110.000000 0.000000 -207434.158818 185.740436 23.819856
0 298.150000 1.000000 0.000000 0.000000 0.100000 110.000000 0.000000 -207679.697818 175.013125 23.957922
0 298.150000 1.000000 0.000000 0.000000 0.100000 110.000000 0.000000 -207642.026868 185.652555 24.066379
1 298.150000 1.000000 0.000000 0.100000 0.100000 110.000000 0.000000 -207562.488526 184.534806 22.553233
0 298.150000 1.000000 0.000000 0.000000 0.100000 110.000000 0.000000 -207452.334609 180.405896 25.643919
0 298.150000 1.000000 0.000000 0.000000 0.100000 110.000000 0.000000 -207463.884563 183.032711 25.109001
0 298.150000 1.000000 0.000000 0.000000 0.100000 110.000000 0.000000 -207896.434291 196.279763 21.742473
1 298.150000 1.000000 0.000000 0.100000 0.100000 110.000000 0.000000 -207503.701123 166.248649 21.873439
1 298.150000 1.000000 0.000000 0.100000 0.100000 110.000000 0.000000 -207400.581305 186.048393 21.702776
0 298.150000 1.000000 0.000000 0.000000 0.100000 110.000000 0.000000 -207112.297485 186.308210 22.699658
0 298.150000 1.000000 0.000000 0.000000 0.100000 110.000000 0.000000 -207251.685944 191.921188 24.712989
0 298.150000 1.000000 0.000000 0.000000 0.100000 110.000000 0.000000 -207931.040243 185.328800 24.258002
1 298.150000 1.000000 0.000000 0.100000 0.100000 110.000000 0.000000 -207236.682179 187.169492 23.469125
0 298.150000 1.000000 0.000000 0.000000 0.100000 110.000000 0.000000 -207058.948307 186.469817 21.041453
1 298.150000 1.000000 0.000000 0.100000 0.100000 110.000000 0.000000 -207639.362262 191.274187 22.059166
1 298.150000 1.000000 0.000000 0.100000 0.100000 110.000000 0.000000 -207608.224475 181.418428 23.665452
1 298.150000 1.000000 0.000000 0.100000 0.100000 110.000000 0.000000 -207449.324954 182.171077 24.458538
1 298.150000 1.000000 0.000000 0.100000 0.100000 110.000000 0.000000 -207360.992551 182.183500 25.729727
0 298.150000 1.000000 0.000000 0.000000 0.100000 110.000000 0.000000 -207252.325830 191.819244 21.541170
0 298.150000 1.000000 0.000000 0.000000 0.100000 110.000000 0.000000 -207733.096046 192.780581 25.394325
0 298.150000 1.000000 0.000000 0.000000 0.100000 110.000000 0.000000 -207031.422434 188.800702 24.188947
0 298.150000 1.000000 0.000000 0.000000 0.100000 110.000000 0.000000 -207725.458118 190.013110 24.931924
0 298.150000 1.000000 0.000000 0.000000 0.100000 110.000000 0.000000 -207551.374891 182.312969 22.110047
1 298.150000 1.000000 0.000000 0.100000 0.100000 110.000000 0.000000 -207497.729139 183.677131 25.556093
1 298.150000 1.000000 0.000000 0.100000 0.100000 110.000000 0.000000 -207686.067021 195.601370 22.691326
0 298.150000 1.000000 0.000000 0.000000 0.100000 110.000000 0.000000 -207292.927155 181.658982 22.907340
0 298.150000 1.000000 0.000000 0.000000 0.100000 110.000000 0.000000 -207828.715017 191.220857 24.896214
0 298.150000 1.000000 0.000000 0.000000 0.100000 110.000000 0.000000 -207290.147323 170.050608 22.714061
1 298.150000 1.000000 0.000000 0.100000 0.100000 110.000000 0.000000 -207129.161815 180.171359 24.640650
1 298.150000 1.000000 0.000000 0.100000 0.100000 110.000000 0.000000 -207549.026780 183.101046 25.598443
0 298.150000 1.000000 0.000000 0.000000 0.100000 110.000000 0.000000 -207948.887681 186.854858 23.262137
0 298.150000 1.000000 0.000000 0.000000 0.100000 110.000000 0.000000 -207821.071615 188.049519 23.853115
0 298.150000 1.000000 0.000000 0.000000 0.100000 110.000000 0.000000 -207526.363586 176.829489 25.065323
0 298.150000 1.000000 0.000000 0.000000 0.100000 110.000000 0.000000 -207411.546699 176.336887 21.908804
0 298.150000 1.000000 0.000000 0.000000 0.100000 110.000000 0.000000 -207477.442192 166.892970 24.438917
1 298.150000 1.000000 0.000000 0.100000 0.100000 110.000000 0.000000 -207394.320627 181.290156 25.056427
1 298.150000 1.000000 0.000000 0.100000 0.100000 110.000000 0.000000 -207293.471803 164.628455 24.876647
1 298.150000 1.000000 0.000000 0.100000 0.100000 110.000000 0.000000 -207288.060920 173.339863 23.425976
0 298.150000 1.000000 0.000000 0.000000 0.100000 110.000000 0.000000 -207595.700300 194.736929 24.548556
1 298.150000 1.000000 0.000000 0.100000 0.100000 110.000000 0.000000 -207693.933768 148.370171 25.315376
1 298.150000 1.000000 0.000000 0.100000 0.100000 110.000000 0.000000 -207441.929732 66.265613 25.844414
3 298.150000 1.000000 0.000000 0.300000 0.100000 110.000000 0.000000 -206993.100453 67.682169 25.779390
5 298.150000 1.000000 0.000000 0.500000 0.100000 110.000000 0.000000 -207596.872189 60.135611 25.786532
5 298.150000 1.000000 0.000000 0.500000 0.100000 110.000000 0.000000 -207700.762994 28.415579 25.247578
4 298.150000 1.000000 0.000000 0.400000 0.100000 110.000000 0.000000 -207810.124236 88.854827 25.420123
5 298.150000 1.000000 0.000000 0.500000 0.100000 110.000000 0.000000 -207795.380284 60.800328 25.246585
5 298.150000 1.000000 0.000000 0.500000 0.100000 110.000000 0.000000 -207591.513326 57.346228 25.812939
2 298.150000 1.000000 0.000000 0.200000 0.100000 110.000000 0.000000 -207553.388098 50.588702 25.652598
4 298.150000 1.000000 0.000000 0.400000 0.100000 110.000000 0.000000 -207352.449757 102.204002 25.179410
5 298.150000 1.000000 0.000000 0.500000 0.100000 110.000000 0.000000 -207398.780611 39.240691 25.471022
5 298.150000 1.000000 0.000000 0.500000 0.100000 110.000000 0.000000 -207692.588116 39.835700 25.743315
4 298.150000 1.000000 0.000000 0.400000 0.100000 110.000000 0.000000 -207490.156751 65.999963 25.630038
5 298.150000 1.000000 0.000000 0.500000 0.100000 110.000000 0.000000 -207361.049429 86.495344 25.824300
4 298.150000 1.000000 0.000000 0.400000 0.100000 110.000000 0.000000 -207314.498219 64.705866 25.813048
3 298.150000 1.000000 0.000000 0.300000 0.100000 110.000000 0.000000 -207430.776436 84.134078 25.751204
4 298.150000 1.000000 0.000000 0.400000 0.100000 110.000000 0.000000 -207517.163918 86.193305 25.828674
2 298.150000 1.000000 0.000000 0.200000 0.100000 110.000000 0.000000 -207419.342633 103.865858 25.805878
2 298.150000 1.000000 0.000000 0.200000 0.100000 110.000000 0.000000 -207469.168108 71.502578 25.057935
2 298.150000 1.000000 0.000000 0.200000 0.100000 110.000000 0.000000 -207272.328333 78.994225 25.320194
4 298.150000 1.000000 0.000000 0.400000 0.100000 110.000000 0.000000 -207072.595305 48.722264 25.580314
2 298.150000 1.000000 0.000000 0.200000 0.100000 110.000000 0.000000 -207239.549255 97.572404 25.233706
2 298.150000 1.000000 0.000000 0.200000 0.100000 110.000000 0.000000 -207731.617698 95.657049 25.786433
4 298.150000 1.000000 0.000000 0.400000 0.100000 110.000000 0.000000 -207728.767342 79.965553 25.340793
4 298.150000 1.000000 0.000000 0.400000 0.100000 110.000000 0.000000 -207207.231088 83.532521 25.441674
4 298.150000 1.000000 0.000000 0.400000 0.100000 110.000000 0.000000 -207669.527804 50.379940 25.731499
3 298.150000 1.000000 0.000000 0.300000 0.100000 110.000000 0.000000 -207202.635365 62.767820 25.414742
4 298.150000 1.000000 0.000000 0.400000 0.100000 110.000000 0.000000 -207427.996827 107.879617 25.846615
4 298.150000 1.000000 0.000000 0.400000 0.100000 110.000000 0.000000 -207282.288259 68.281016 25.382823
4 298.150000 1.000000 0.000000 0.400000 0.100000 110.000000 0.000000 -207460.740690 62.555801 25.759316
4 298.150000 1.000000 0.000000 0.400000 0.100000 110.000000 0.000000 -207615.761774 93.381846 25.623618
3 298.150000 1.000000 0.000000 0.300000 0.100000 110.000000 0.000000 -207318.753225 47.249636 25.381949
3 298.150000 1.000000 0.000000 0.300000 0.100000 110.000000 0.000000 -207386.065261 59.601720 24.367095
3 298.150000 1.000000 0.000000 0.300000 0.100000 110.000000 0.000000 -207627.542635 89.778939 25.215077
5 298.150000 1.000000 0.000000 0.500000 0.100000 110.000000 0.000000 -207636.366349 77.386491 25.630936
2 298.150000 1.000000 0.000000 0.200000 0.100000 110.000000 0.000000 -207547.098012 77.364706 23.359896
2 298.150000 1.000000 0.000000 0.200000 0.100000 110.000000 0.000000 -207321.860792 65.840070 24.916384
2 298.150000 1.000000 0.000000 0.200000 0.100000 110.000000 0.000000 -207543.960628 44.159786 25.620108
2 298.150000 1.000000 0.000000 0.200000 0.100000 110.000000 0.000000 -207505.160362 111.383467 25.370452
3 298.150000 1.000000 0.000000 0.300000 0.100000 110.000000 0.000000 -207661.235746 83.616331 25.434801
4 298.150000 1.000000 0.000000 0.400000 0.100000 110.000000 0.000000 -207463.678615 77.121801 25.737576
4 298.150000 1.000000 0.000000 0.400000 0.100000 110.000000 0.000000 -207027.057933 66.501266 25.713139
4 298.150000 1.000000 0.000000 0.400000 0.100000 110.000000 0.000000 -207330.051929 39.008803 25.573385
4 298.150000 1.000000 0.000000 0.400000 0.100000 110.000000 0.000000 -207492.608707 54.276080 25.433516
4 298.150000 1.000000 0.000000 0.400000 0.100000 110.000000 0.000000 -207557.120048 50.286638 25.388605
4 298.150000 1.000000 0.000000 0.400000 0.100000 110.000000 0.000000 -207264.600595 40.008796 25.662478
4 298.150000 1.000000 0.000000 0.400000 0.100000 110.000000 0.000000 -207189.922087 70.085477 25.680527
5 298.150000 1.000000 0.000000 0.500000 0.100000 110.000000 0.000000 -207457.244354 59.293401 25.349904
3 298.150000 1.000000 0.000000 0.300000 0.100000 110.000000 0.000000 -207230.968040 108.337630 25.446430
3 298.150000 1.000000 0.000000 0.300000 0.100000 110.000000 0.000000 -207280.601260 85.102652 25.379091
3 298.150000 1.000000 0.000000 0.300000 0.100000 110.000000 0.000000 -207191.808160 42.987047 25.452830
2 298.150000 1.000000 0.000000 0.200000 0.100000 110.000000 0.000000 -207259.831581 87.048198 25.772908
4 298.150000 1.000000 0.000000 0.400000 0.100000 110.000000 0.000000 -207230.269170 67.010189 25.384038
5 298.150000 1.000000 0.000000 0.500000 0.100000 110.000000 0.000000 -207431.427101 61.372959 25.773872
4 298.150000 1.000000 0.000000 0.400000 0.100000 110.000000 0.000000 -207384.196177 103.458636 25.332273
4 298.150000 1.000000 0.000000 0.400000 0.100000 110.000000 0.000000 -207617.307917 89.059833 25.578854
1 298.150000 1.000000 0.000000 0.100000 0.100000 110.000000 0.000000 -207736.193714 135.466505 24.177549
1 298.150000 1.000000 0.000000 0.100000 0.100000 110.000000 0.000000 -207296.461350 133.797256 24.601296
1 298.150000 1.000000 0.000000 0.100000 0.100000 110.000000 0.000000 -207485.262445 113.661876 22.407505
1 298.150000 1.000000 0.000000 0.100000 0.100000 110.000000 0.000000 -207763.910430 148.104058 25.004948
1 298.150000 1.000000 0.000000 0.100000 0.100000 110.000000 0.000000 -207853.455783 134.039909 25.960091
1 298.150000 1.000000 0.000000 0.100000 0.100000 110.000000 0.000000 -207616.095339 156.406521 22.311878
1 298.150000 1.000000 0.000000 0.100000 0.100000 110.000000 0.000000 -207900.378794 120.039357 25.450446
1 298.150000 1.000000 0.000000 0.100000 0.100000 110.000000 0.000000 -207435.715070 118.938700 22.829563
1 298.150000 1.000000 0.000000 0.100000 0.100000 110.000000 0.000000 -207362.466620 125.016823 25.779652
2 298.150000 1.000000 0.000000 0.200000 0.100000 110.000000 0.000000 -207794.680376 84.386242 25.654618
5 298.150000 1.000000 0.000000 0.500000 0.100000 110.000000 0.000000 -207511.913970 54.104463 25.921434
1 298.150000 1.000000 0.000000 0.100000 0.100000 110.000000 0.000000 -207793.557275 133.602805 25.359153
1 298.150000 1.000000 0.000000 0.100000 0.100000 110.000000 0.000000 -207353.040323 135.578644 22.478444
1 298.150000 1.000000 0.000000 0.100000 0.100000 110.000000 0.000000 -207174.878071 124.923914 25.864873
1 298.150000 1.000000 0.000000 0.100000 0.100000 110.000000 0.000000 -207384.280809 139.819322 25.139598
1 298.150000 1.000000 0.000000 0.100000 0.100000 110.000000 0.000000 -207484.031752 133.369815 25.648450
1 298.150000 1.000000 0.000000 0.100000 0.100000 110.000000 0.000000 -207105.766457 91.596251 25.665867
3 298.150000 1.000000 0.000000 0.300000 0.100000 110.000000 0.000000 -207376.377497 59.927886 25.654249
3 298.150000 1.000000 0.000000 0.300000 0.100000 110.000000 0.000000 -207073.654716 48.320682 25.128556
4 298.150000 1.000000 0.000000 0.400000 0.100000 110.000000 0.000000 -207592.473360 65.059531 25.458315
5 298.150000 1.000000 0.000000 0.500000 0.100000 110.000000 0.000000 -207753.120393 72.635837 25.665406
5 298.150000 1.000000 0.000000 0.500000 0.100000 110.000000 0.000000 -207332.339180 99.489990 25.146277
2 298.150000 1.000000 0.000000 0.200000 0.100000 110.000000 0.000000 -207760.684839 102.100441 24.373272
4 298.150000 1.000000 0.000000 0.400000 0.100000 110.000000 0.000000 -207431.949089 95.230219 25.572951
5 298.150000 1.000000 0.000000 0.500000 0.100000 110.000000 0.000000 -207671.218477 76.989496 24.907978
4 298.150000 1.000000 0.000000 0.400000 0.100000 110.000000 0.000000 -207141.120141 77.124857 25.080948
5 298.150000 1.000000 0.000000 0.500000 0.100000 110.000000 0.000000 -207648.426588 46.984019 25.593056
3 298.150000 1.000000 0.000000 0.300000 0.100000 110.000000 0.000000 -207371.345007 51.329373 25.294027
5 298.150000 1.000000 0.000000 0.500000 0.100000 110.000000 0.000000 -207513.776907 54.691459 25.483859
5 298.150000 1.000000 0.000000 0.500000 0.100000 110.000000 0.000000 -207526.703655 81.356841 24.280287
5 298.150000 1.000000 0.000000 0.500000 0.100000 110.000000 0.000000 -207455.681925 91.930043 25.814441
5 298.150000 1.000000 0.000000 0.500000 0.100000 110.000000 0.000000 -207458.703481 83.970949 25.256252
2 298.150000 1.000000 0.000000 0.200000 0.100000 110.000000 0.000000 -207623.755691 58.850529 25.430819
4 298.150000 1.000000 0.000000 0.400000 0.100000 110.000000 0.000000 -207503.900063 37.469975 25.385901
5 298.150000 1.000000 0.000000 0.500000 0.100000 110.000000 0.000000 -207837.505918 97.430610 25.429878
2 298.150000 1.000000 0.000000 0.200000 0.100000 110.000000 0.000000 -207731.636027 113.497778 25.174117
2 298.150000 1.000000 0.000000 0.200000 0.100000 110.000000 0.000000 -207692.150549 96.286991 24.037582
4 298.150000 1.000000 0.000000 0.400000 0.100000 110.000000 0.000000 -207440.509310 44.107942 25.370794
2 298.150000 1.000000 0.000000 0.200000 0.100000 110.000000 0.000000 -207689.123564 78.183687 25.386859
4 298.150000 1.000000 0.000000 0.400000 0.100000 110.000000 0.000000 -207052.542353 102.352828 25.514210
3 298.150000 1.000000 0.000000 0.300000 0.100000 110.000000 0.000000 -207608.280465 83.982005 25.168261
3 298.150000 1.000000 0.000000 0.300000 0.100000 110.000000 0.000000 -207756.731686 58.950366 25.718977
4 298.150000 1.000000 0.000000 0.400000 0.100000 110.000000 0.000000 -207427.660972 41.127184 24.527728
3 298.150000 1.000000 0.000000 0.300000 0.100000 110.000000 0.000000 -207463.505369 95.644375 25.703646
2 298.150000 1.000000 0.000000 0.200000 0.100000 110.000000 0.000000 -207599.388563 122.184851 25.206704
2 298.150000 1.000000 0.000000 0.200000 0.100000 110.000000 0.000000 -207471.744749 67.671572 25.538156
2 298.150000 1.000000 0.000000 0.200000 0.100000 110.000000 0.000000 -207610.785466 94.243534 25.664325
4 298.150000 1.000000 0.000000 0.400000 0.100000 110.000000 0.000000 -207185.629897 55.092646 25.815536
5 298.150000 1.000000 0.000000 0.500000 0.100000 110.000000 0.000000 -207777.610843 54.069594 25.500035
2 298.150000 1.000000 0.000000 0.200000 0.100000 110.000000 0.000000 -207647.871860 96.675299 25.239429
5 298.150000 1.000000 0.000000 0.500000 0.100000 110.000000 0.000000 -207380.530485 65.852114 25.330919
2 298.150000 1.000000 0.000000 0.200000 0.100000 110.000000 0.000000 -207228.319822 82.874579 25.610892
2 298.150000 1.000000 0.000000 0.200000 0.100000 110.000000 0.000000 -207585.891029 90.432808 25.491831
4 298.150000 1.000000 0.000000 0.400000 0.100000 110.000000 0.000000 -207812.115246 70.578953 25.496520
3 298.150000 1.000000 0.000000 0.300000 0.100000 110.000000 0.000000 -207638.570610 86.217970 25.612608
3 298.150000 1.000000 0.000000 0.300000 0.100000 110.000000 0.000000 -207505.089345 90.716066 25.710366
3 298.150000 1.000000 0.000000 0.300000 0.100000 110.000000 0.000000 -207274.508133 69.487383 25.467196
4 298.150000 1.000000 0.000000 0.400000 0.100000 110.000000 0.000000 -207617.296905 49.610915 25.531607
3 298.150000 1.000000 0.000000 0.300000 0.100000 110.000000 0.000000 -207874.776970 89.366396 25.561321
3 298.150000 1.000000 0.000000 0.300000 0.100000 110.000000 0.000000 -207558.229591 80.935542 25.542402
2 298.150000 1.000000 0.000000 0.200000 0.100000 110.000000 0.000000 -207399.160041 63.958016 24.901980
2 298.150000 1.000000 0.000000 0.200000 0.100000 110.000000 0.000000 -207192.715788 113.238649 25.374212
2 298.150000 1.000000 0.000000 0.200000 0.100000 110.000000 0.000000 -207748.575583 60.716879 25.613384
5 298.150000 1.000000 0.000000 0.500000 0.100000 110.000000 0.000000 -207684.062710 60.564555 25.597945
4 298.150000 1.000000 0.000000 0.400000 0.100000 110.000000 0.000000 -207506.600248 86.395973 25.808960
4 298.150000 1.000000 0.000000 0.400000 0.100000 110.000000 0.000000 -207852.557192 59.194974 25.653195
2 298.150000 1.000000 0.000000 0.200000 0.100000 110.000000 0.000000 -207216.917033 83.099520 25.565832
4 298.150000 1.000000 0.000000 0.400000 0.100000 110.000000 0.000000 -207565.928053 56.898864 25.743197
4 298.150000 1.000000 0.000000 0.400000 0.100000 110.000000 0.000000 -207513.541938 90.309817 25.696752
2 298.150000 1.000000 0.000000 0.200000 0.100000 110.000000 0.000000 -207385.653413 49.849752 25.785522
2 298.150000 1.000000 0.000000 0.200000 0.100000 110.000000 0.000000 -207362.300110 71.465090 25.304730
5 298.150000 1.000000 0.000000 0.500000 0.100000 110.000000 0.000000 -207301.965962 75.476978 25.144933
5 298.150000 1.000000 0.000000 0.500000 0.100000 110.000000 0.000000 -207171.183703 88.366993 25.418534
1 298.150000 1.000000 0.000000 0.100000 0.100000 110.000000 0.000000 -207401.757964 97.611962 25.982188
1 298.150000 1.000000 0.000000 0.100000 0.100000 110.000000 0.000000 -207274.131658 136.903311 25.202262
1 298.150000 1.000000 0.000000 0.100000 0.100000 110.000000 0.000000 -207520.125721 120.246331 24.528042
1 298.150000 1.000000 0.000000 0.100000 0.100000 110.000000 0.000000 -207345.006393 134.915151 24.600868
1 298.150000 1.000000 0.000000 0.100000 0.100000 110.000000 0.000000 -207641.542361 80.161699 25.811030
1 298.150000 1.000000 0.000000 0.100000 0.100000 110.000000 0.000000 -207315.974045 154.059745 24.536109
