21 298.150000 -1.000000 0.000000 0.000000 0.100000 110.000000 0.000000 -205687.429859 165.303099 25.919512
21 298.150000 -1.000000 0.000000 0.000000 0.100000 110.000000 0.000000 -205935.840844 182.759123 25.865907
21 298.150000 -1.000000 0.000000 0.000000 0.100000 110.000000 0.000000 -205905.873227 192.341936 25.554960
21 298.150000 -1.000000 0.000000 0.000000 0.100000 110.000000 0.000000 -205865.558267 185.740957 25.942868
21 298.150000 -1.000000 0.000000 0.000000 0.100000 110.000000 0.000000 -206115.031352 199.672501 25.319373
21 298.150000 -1.000000 0.000000 0.000000 0.100000 110.000000 0.000000 -206043.303975 164.439427 25.500215
21 298.150000 -1.000000 0.000000 0.000000 0.100000 110.000000 0.000000 -205891.346405 168.323915 25.810112
21 298.150000 -1.000000 0.000000 0.000000 0.100000 110.000000 0.000000 -206177.849466 186.765482 25.586466
21 298.150000 -1.000000 0.000000 0.000000 0.100000 110.000000 0.000000 -206017.432595 170.644420 25.343964
21 298.150000 -1.000000 0.000000 0.000000 0.100000 110.000000 0.000000 -205976.975646 190.413257 25.993640
21 298.150000 -1.000000 0.000000 0.000000 0.100000 110.000000 0.000000 -206254.583993 169.811457 25.581966
21 298.150000 -1.000000 0.000000 0.000000 0.100000 110.000000 0.000000 -205805.091921 168.123335 25.863511
21 298.150000 -1.000000 0.000000 0.000000 0.100000 110.000000 0.000000 -206171.424408 183.738027 25.783442
21 298.150000 -1.000000 0.000000 0.000000 0.100000 110.000000 0.000000 -205896.897990 196.106478 25.347283
21 298.150000 -1.000000 0.000000 0.000000 0.100000 110.000000 0.000000 -206456.456384 158.818629 25.899342
21 298.150000 -1.000000 0.000000 0.000000 0.100000 110.000000 0.000000 -205940.482062 177.083117 23.856990
21 298.150000 -1.000000 0.000000 0.000000 0.100000 110.000000 0.000000 -206191.206406 191.947476 25.505529
21 298.150000 -1.000000 0.000000 0.000000 0.100000 110.000000 0.000000 -206245.635049 191.017403 25.173812
21 298.150000 -1.000000 0.000000 0.000000 0.100000 110.000000 0.000000 -206060.244509 141.926309 25.928350
21 298.150000 -1.000000 0.000000 0.000000 0.100000 110.000000 0.000000 -206231.263746 184.295895 25.786530
21 298.150000 -1.000000 0.000000 0.000000 0.100000 110.000000 0.000000 -206019.559208 169.013130 24.954247
21 298.150000 -1.000000 0.000000 0.000000 0.100000 110.000000 0.000000 -205931.714308 179.940185 24.992698
21 298.150000 -1.000000 0.000000 0.000000 0.100000 110.000000 0.000000 -205669.337887 170.589731 25.725537
21 298.150000 -1.000000 0.000000 0.000000 0.100000 110.000000 0.000000 -206196.713723 141.331934 25.811601
21 298.150000 -1.000000 0.000000 0.000000 0.100000 110.000000 0.000000 -206416.052135 187.848183 25.863302
21 298.150000 -1.000000 0.000000 0.000000 0.100000 110.000000 0.000000 -205767.004771 189.710744 25.569310
21 298.150000 -1.000000 0.000000 0.000000 0.100000 110.000000 0.000000 -206278.942379 178.207642 25.867402
21 298.150000 -1.000000 0.000000 0.000000 0.100000 110.000000 0.000000 -205701.621684 191.037512 25.597729
21 298.150000 -1.000000 0.000000 0.000000 0.100000 110.000000 0.000000 -206362.988593 181.565263 25.537563
21 298.150000 -1.000000 0.000000 0.000000 0.100000 110.000000 0.000000 -206120.204483 191.489328 25.125376
21 298.150000 -1.000000 0.000000 0.000000 0.100000 110.000000 0.000000 -206174.226523 167.123104 24.519374
21 298.150000 -1.000000 0.000000 0.000000 0.100000 110.000000 0.000000 -206148.242763 178.585358 25.766837
21 298.150000 -1.000000 0.000000 0.000000 0.100000 110.000000 0.000000 -206054.710485 156.752457 24.984480
21 298.150000 -1.000000 0.000000 0.000000 0.100000 110.000000 0.000000 -206425.980481 188.686965 25.627477
21 298.150000 -1.000000 0.000000 0.000000 0.100000 110.000000 0.000000 -206219.093192 156.593719 23.544488
21 298.150000 -1.000000 0.000000 0.000000 0.100000 110.000000 0.000000 -205643.564684 170.829471 25.622469
21 298.150000 -1.000000 0.000000 0.000000 0.100000 110.000000 0.000000 -206013.628991 170.395570 24.667159
21 298.150000 -1.000000 0.000000 0.000000 0.100000 110.000000 0.000000 -206100.799140 172.704313 25.493641
21 298.150000 -1.000000 0.000000 0.000000 0.100000 110.000000 0.000000 -206222.293009 168.331621 23.474797
21 298.150000 -1.000000 0.000000 0.000000 0.100000 110.000000 0.000000 -206335.565388 167.033194 23.334206
21 298.150000 -1.000000 0.000000 0.000000 0.100000 110.000000 0.000000 -205967.414652 138.132900 25.973402
21 298.150000 -1.000000 0.000000 0.000000 0.100000 110.000000 0.000000 -206296.021792 180.970889 25.573346
21 298.150000 -1.000000 0.000000 0.000000 0.100000 110.000000 0.000000 -206258.353213 176.386094 25.005627
21 298.150000 -1.000000 0.000000 0.000000 0.100000 110.000000 0.000000 -206208.059793 159.836622 25.318245
21 298.150000 -1.000000 0.000000 0.000000 0.100000 110.000000 0.000000 -206280.684982 184.619470 25.580064
21 298.150000 -1.000000 0.000000 0.000000 0.100000 110.000000 0.000000 -206077.070167 169.473971 24.662327
21 298.150000 -1.000000 0.000000 0.000000 0.100000 110.000000 0.000000 -206038.217690 187.189627 25.085668
21 298.150000 -1.000000 0.000000 0.000000 0.100000 110.000000 0.000000 -206127.066576 149.170908 25.695376
21 298.150000 -1.000000 0.000000 0.000000 0.100000 110.000000 0.000000 -206136.358054 186.623901 24.207079
21 298.150000 -1.000000 0.000000 0.000000 0.100000 110.000000 0.000000 -206421.427923 184.952638 25.388786
21 298.150000 -1.000000 0.000000 0.000000 0.100000 110.000000 0.000000 -206022.444629 138.015685 25.117285
21 298.150000 -1.000000 0.000000 0.000000 0.100000 110.000000 0.000000 -205828.625121 173.387918 25.106076
21 298.150000 -1.000000 0.000000 0.000000 0.100000 110.000000 0.000000 -206192.427085 191.348760 24.648530
21 298.150000 -1.000000 0.000000 0.000000 0.100000 110.000000 0.000000 -206263.137509 182.438922 24.654042
21 298.150000 -1.000000 0.000000 0.000000 0.100000 110.000000 0.000000 -206058.947043 183.383787 24.889907
21 298.150000 -1.000000 0.000000 0.000000 0.100000 110.000000 0.000000 -206099.042246 179.455035 24.535040
21 298.150000 -1.000000 0.000000 0.000000 0.100000 110.000000 0.000000 -206230.412278 179.942760 24.094973
21 298.150000 -1.000000 0.000000 0.000000 0.100000 110.000000 0.000000 -206478.722099 176.076555 24.128560
21 298.150000 -1.000000 0.000000 0.000000 0.100000 110.000000 0.000000 -206051.972375 188.071554 24.867618
21 298.150000 -1.000000 0.000000 0.000000 0.100000 110.000000 0.000000 -205903.976983 157.535899 25.493324
21 298.150000 -1.000000 0.000000 0.000000 0.100000 110.000000 0.000000 -206423.944888 141.169068 25.659646
21 298.150000 -1.000000 0.000000 0.000000 0.100000 110.000000 0.000000 -205675.715795 180.676334 25.094939
21 298.150000 -1.000000 0.000000 0.000000 0.100000 110.000000 0.000000 -206119.208480 153.177632 25.525071
21 298.150000 -1.000000 0.000000 0.000000 0.100000 110.000000 0.000000 -206249.393130 176.979528 25.313636
21 298.150000 -1.000000 0.000000 0.000000 0.100000 110.000000 0.000000 -205771.847292 170.320046 25.280484
21 298.150000 -1.000000 0.000000 0.000000 0.100000 110.000000 0.000000 -205911.174561 170.114105 24.987355
21 298.150000 -1.000000 0.000000 0.000000 0.100000 110.000000 0.000000 -206042.168180 183.278193 25.610228
21 298.150000 -1.000000 0.000000 0.000000 0.100000 110.000000 0.000000 -206167.781939 183.204105 25.309281
21 298.150000 -1.000000 0.000000 0.000000 0.100000 110.000000 0.000000 -206105.234092 183.564656 24.269139
21 298.150000 -1.000000 0.000000 0.000000 0.100000 110.000000 0.000000 -206047.909853 191.128426 24.875869
21 298.150000 -1.000000 0.000000 0.000000 0.100000 110.000000 0.000000 -206073.386435 157.907460 25.516584
21 298.150000 -1.000000 0.000000 0.000000 0.100000 110.000000 0.000000 -205682.117922 160.115878 24.676001
21 298.150000 -1.000000 0.000000 0.000000 0.100000 110.000000 0.000000 -206249.964106 197.442759 25.103328
21 298.150000 -1.000000 0.000000 0.000000 0.100000 110.000000 0.000000 -206022.644622 144.544520 25.812574
21 298.150000 -1.000000 0.000000 0.000000 0.100000 110.000000 0.000000 -206163.497436 149.865605 25.818863
21 298.150000 -1.000000 0.000000 0.000000 0.100000 110.000000 0.000000 -206365.679083 192.386556 25.804475
21 298.150000 -1.000000 0.000000 0.000000 0.100000 110.000000 0.000000 -206050.552437 196.876690 25.727478
21 298.150000 -1.000000 0.000000 0.000000 0.100000 110.000000 0.000000 -206076.104341 164.069695 24.095437
21 298.150000 -1.000000 0.000000 0.000000 0.100000 110.000000 0.000000 -206181.277155 163.396241 25.211149
21 298.150000 -1.000000 0.000000 0.000000 0.100000 110.000000 0.000000 -205941.364498 199.514649 25.690225
21 298.150000 -1.000000 0.000000 0.000000 0.100000 110.000000 0.000000 -205963.218235 181.260347 25.810013
21 298.150000 -1.000000 0.000000 0.000000 0.100000 110.000000 0.000000 -206181.052706 158.811953 25.586477
21 298.150000 -1.000000 0.000000 0.000000 0.100000 110.000000 0.000000 -206105.773759 188.794695 25.456495
21 298.150000 -1.000000 0.000000 0.000000 0.100000 110.000000 0.000000 -206133.609262 178.552208 25.501948
21 298.150000 -1.000000 0.000000 0.000000 0.100000 110.000000 0.000000 -205476.401821 186.869947 25.271774
21 298.150000 -1.000000 0.000000 0.000000 0.100000 110.000000 0.000000 -206189.209326 158.487315 25.478292
21 298.150000 -1.000000 0.000000 0.000000 0.100000 110.000000 0.000000 -206091.713575 148.001124 24.556615
21 298.150000 -1.000000 0.000000 0.000000 0.100000 110.000000 0.000000 -205902.283977 181.653735 25.922980
21 298.150000 -1.000000 0.000000 0.000000 0.100000 110.000000 0.000000 -206143.259585 183.651615 25.729417
21 298.150000 -1.000000 0.000000 0.000000 0.100000 110.000000 0.000000 -206042.622893 175.134546 24.767721
21 298.150000 -1.000000 0.000000 0.000000 0.100000 110.000000 0.000000 -206105.307802 178.580153 25.371020
21 298.150000 -1.000000 0.000000 0.000000 0.100000 110.000000 0.000000 -206523.964341 182.047890 25.698762
21 298.150000 -1.000000 0.000000 0.000000 0.100000 110.000000 0.000000 -206244.784650 188.138233 25.937842
21 298.150000 -1.000000 0.000000 0.000000 0.100000 110.000000 0.000000 -205797.354300 190.337386 25.134349
21 298.150000 -1.000000 0.000000 0.000000 0.100000 110.000000 0.000000 -206205.484321 188.031018 24.678316
21 298.150000 -1.000000 0.000000 0.000000 0.100000 110.000000 0.000000 -206070.229636 141.488862 25.955813
21 298.150000 -1.000000 0.000000 0.000000 0.100000 110.000000 0.000000 -206034.079020 195.989109 25.469983
21 298.150000 -1.000000 0.000000 0.000000 0.100000 110.000000 0.000000 -206019.999916 173.372498 25.744648
21 298.150000 -1.000000 0.000000 0.000000 0.100000 110.000000 0.000000 -205829.272634 170.222345 25.343792
21 298.150000 -1.000000 0.000000 0.000000 0.100000 110.000000 0.000000 -206003.948548 162.691174 25.374785
21 298.150000 -1.000000 0.000000 0.000000 0.100000 110.000000 0.000000 -206026.648888 178.051058 25.470705
21 298.150000 -1.000000 0.000000 0.000000 0.100000 110.000000 0.000000 -206284.414766 183.716576 25.251568
21 298.150000 -1.000000 0.000000 0.000000 0.100000 110.000000 0.000000 -206147.653247 194.224375 25.278702
21 298.150000 -1.000000 0.000000 0.000000 0.100000 110.000000 0.000000 -206333.383012 190.595883 25.619883
21 298.150000 -1.000000 0.000000 0.000000 0.100000 110.000000 0.000000 -206256.412781 186.797196 25.521618
21 298.150000 -1.000000 0.000000 0.000000 0.100000 110.000000 0.000000 -205859.987976 171.413630 25.255273
21 298.150000 -1.000000 0.000000 0.000000 0.100000 110.000000 0.000000 -206044.828032 195.180308 25.274402
21 298.150000 -1.000000 0.000000 0.000000 0.100000 110.000000 0.000000 -205983.784198 194.789293 25.835301
21 298.150000 -1.000000 0.000000 0.000000 0.100000 110.000000 0.000000 -206126.725130 126.324776 24.878916
21 298.150000 -1.000000 0.000000 0.000000 0.100000 110.000000 0.000000 -206131.599262 175.017189 25.386638
21 298.150000 -1.000000 0.000000 0.000000 0.100000 110.000000 0.000000 -206360.618067 189.777184 24.644670
21 298.150000 -1.000000 0.000000 0.000000 0.100000 110.000000 0.000000 -206318.134200 173.899160 24.989829
21 298.150000 -1.000000 0.000000 0.000000 0.100000 110.000000 0.000000 -205917.896526 176.794439 25.492701
21 298.150000 -1.000000 0.000000 0.000000 0.100000 110.000000 0.000000 -205999.775162 195.838071 25.578403
21 298.150000 -1.000000 0.000000 0.000000 0.100000 110.000000 0.000000 -206121.411215 186.312139 24.571215
21 298.150000 -1.000000 0.000000 0.000000 0.100000 110.000000 0.000000 -206158.770545 196.897106 25.823198
21 298.150000 -1.000000 0.000000 0.000000 0.100000 110.000000 0.000000 -206082.321751 175.304061 25.121011
21 298.150000 -1.000000 0.000000 0.000000 0.100000 110.000000 0.000000 -206209.455031 172.216252 25.832521
21 298.150000 -1.000000 0.000000 0.000000 0.100000 110.000000 0.000000 -205916.464790 174.515557 25.171623
21 298.150000 -1.000000 0.000000 0.000000 0.100000 110.000000 0.000000 -206292.334376 160.023123 24.344429
21 298.150000 -1.000000 0.000000 0.000000 0.100000 110.000000 0.000000 -206420.257345 187.232433 25.799766
21 298.150000 -1.000000 0.000000 0.000000 0.100000 110.000000 0.000000 -206217.779913 184.658328 25.058252
21 298.150000 -1.000000 0.000000 0.000000 0.100000 110.000000 0.000000 -206138.389929 180.382143 25.714321
21 298.150000 -1.000000 0.000000 0.000000 0.100000 110.000000 0.000000 -206242.457955 156.784305 24.792867
21 298.150000 -1.000000 0.000000 0.000000 0.100000 110.000000 0.000000 -205884.825435 147.704038 25.025614
20 298.150000 -1.000000 0.000000 0.100000 0.100000 110.000000 0.000000 -205856.528445 141.970648 25.717452
20 298.150000 -1.000000 0.000000 0.100000 0.100000 110.000000 0.000000 -206266.387235 128.579233 25.826601
