298.150000 0.000000 0.000000 0.000000 0.000000 0.000000 0.000000 -207366.772763 112.991789
298.150000 0.010000 0.010000 0.010000 0.000000 0.000000 0.000000 -207318.643122 40.318727
298.150000 0.020000 0.020000 0.020000 0.000000 0.000000 0.000000 -207607.542648 46.908470
298.150000 0.030000 0.030000 0.030000 0.000000 0.000000 0.000000 -207566.547829 58.666593
298.150000 0.040000 0.040000 0.040000 0.000000 0.000000 0.000000 -207962.492527 32.800777
298.150000 0.050000 0.050000 0.050000 0.000000 0.000000 0.000000 -207103.553064 52.156669
298.150000 0.060000 0.060000 0.060000 0.000000 0.000000 0.000000 -207332.157089 19.794824
298.150000 0.070000 0.070000 0.070000 0.000000 0.000000 0.000000 -207496.004437 42.119803
298.150000 0.080000 0.080000 0.080000 0.000000 0.000000 0.000000 -206706.698696 12.193217
298.150000 0.090000 0.090000 0.090000 0.000000 0.000000 0.000000 -207317.133352 43.336317
298.150000 0.100000 0.100000 0.100000 0.000000 0.000000 0.000000 -207761.497735 18.021901
298.150000 0.110000 0.110000 0.110000 0.000000 0.000000 0.000000 -207407.524638 18.899653
298.150000 0.120000 0.120000 0.120000 0.000000 0.000000 0.000000 -207434.648357 13.771014
298.150000 0.130000 0.130000 0.130000 0.000000 0.000000 0.000000 -207462.206867 17.482720
298.150000 0.140000 0.140000 0.140000 0.000000 0.000000 0.000000 -207146.303790 17.677383
298.150000 0.150000 0.150000 0.150000 0.000000 0.000000 0.000000 -207393.146557 11.372710
298.150000 0.160000 0.160000 0.160000 0.000000 0.000000 0.000000 -207517.347308 10.339132
298.150000 0.170000 0.170000 0.170000 0.000000 0.000000 0.000000 -207440.086939 15.591126
298.150000 0.180000 0.180000 0.180000 0.000000 0.000000 0.000000 -206920.054061 8.542086
298.150000 0.190000 0.190000 0.190000 0.000000 0.000000 0.000000 -207462.963050 11.401431
298.150000 0.200000 0.200000 0.200000 0.000000 0.000000 0.000000 -207409.671760 8.917211
298.150000 0.210000 0.210000 0.210000 0.000000 0.000000 0.000000 -207330.683097 15.992716
298.150000 0.220000 0.220000 0.220000 0.000000 0.000000 0.000000 -206891.972066 4.989624
298.150000 0.230000 0.230000 0.230000 0.000000 0.000000 0.000000 -207599.158148 5.069785
298.150000 0.240000 0.240000 0.240000 0.000000 0.000000 0.000000 -207347.688708 16.636714
298.150000 0.250000 0.250000 0.250000 0.000000 0.000000 0.000000 -207328.937862 11.273403
298.150000 0.260000 0.260000 0.260000 0.000000 0.000000 0.000000 -207361.959634 14.721114
298.150000 0.270000 0.270000 0.270000 0.000000 0.000000 0.000000 -207033.816714 13.997957
298.150000 0.280000 0.280000 0.280000 0.000000 0.000000 0.000000 -207097.764481 7.283318
298.150000 0.290000 0.290000 0.290000 0.000000 0.000000 0.000000 -207423.417747 10.174082
298.150000 0.300000 0.300000 0.300000 0.000000 0.000000 0.000000 -207632.214841 7.168792
298.150000 0.310000 0.310000 0.310000 0.000000 0.000000 0.000000 -207566.863422 1.845631
298.150000 0.320000 0.320000 0.320000 0.000000 0.000000 0.000000 -207095.563682 12.166370
298.150000 0.330000 0.330000 0.330000 0.000000 0.000000 0.000000 -207354.317150 -1.074409
298.150000 0.340000 0.340000 0.340000 0.000000 0.000000 0.000000 -207295.094187 4.318710
298.150000 0.350000 0.350000 0.350000 0.000000 0.000000 0.000000 -207275.085039 11.300666
298.150000 0.360000 0.360000 0.360000 0.000000 0.000000 0.000000 -207529.252788 0.153463
298.150000 0.370000 0.370000 0.370000 0.000000 0.000000 0.000000 -207330.743700 3.699526
298.150000 0.380000 0.380000 0.380000 0.000000 0.000000 0.000000 -207384.760807 4.445526
298.150000 0.390000 0.390000 0.390000 0.000000 0.000000 0.000000 -207365.632802 7.884592
298.150000 0.400000 0.400000 0.400000 0.000000 0.000000 0.000000 -207492.595929 -1.927782
298.150000 0.410000 0.410000 0.410000 0.000000 0.000000 0.000000 -207222.688645 -5.317311
298.150000 0.420000 0.420000 0.420000 0.000000 0.000000 0.000000 -207594.521037 2.834400
298.150000 0.430000 0.430000 0.430000 0.000000 0.000000 0.000000 -207689.899959 1.823486
298.150000 0.440000 0.440000 0.440000 0.000000 0.000000 0.000000 -207027.381843 3.829058
298.150000 0.450000 0.450000 0.450000 0.000000 0.000000 0.000000 -207566.877609 6.062251
298.150000 0.460000 0.460000 0.460000 0.000000 0.000000 0.000000 -207286.492727 6.834798
298.150000 0.470000 0.470000 0.470000 0.000000 0.000000 0.000000 -207543.039609 2.952855
298.150000 0.480000 0.480000 0.480000 0.000000 0.000000 0.000000 -207525.781543 0.669289
298.150000 0.490000 0.490000 0.490000 0.000000 0.000000 0.000000 -207462.386205 4.465739
