17 298.150000 -1.000000 0.000000 0.400000 0.100000 110.000000 0.000000 -207444.187516 77.222988 24.929197
20 298.150000 -1.000000 0.000000 0.100000 0.100000 110.000000 0.000000 -207255.988865 118.539019 25.226532
20 298.150000 -1.000000 0.000000 0.100000 0.100000 110.000000 0.000000 -207321.164470 140.409061 25.638286
20 298.150000 -1.000000 0.000000 0.100000 0.100000 110.000000 0.000000 -207603.866382 144.500461 25.542488
20 298.150000 -1.000000 0.000000 0.100000 0.100000 110.000000 0.000000 -207323.128972 65.459121 25.491200
20 298.150000 -1.000000 0.000000 0.100000 0.100000 110.000000 0.000000 -207743.274302 90.425840 25.619512
19 298.150000 -1.000000 0.000000 0.200000 0.100000 110.000000 0.000000 -207723.765794 84.902436 25.668210
16 298.150000 -1.000000 0.000000 0.500000 0.100000 110.000000 0.000000 -207339.878599 92.005859 25.519790
18 298.150000 -1.000000 0.000000 0.300000 0.100000 110.000000 0.000000 -207621.410340 62.881588 25.338034
16 298.150000 -1.000000 0.000000 0.500000 0.100000 110.000000 0.000000 -207021.596797 70.772236 25.614045
20 298.150000 -1.000000 0.000000 0.100000 0.100000 110.000000 0.000000 -207451.738771 129.816107 25.803249
20 298.150000 -1.000000 0.000000 0.100000 0.100000 110.000000 0.000000 -207711.691003 67.096589 25.738083
17 298.150000 -1.000000 0.000000 0.400000 0.100000 110.000000 0.000000 -207437.387076 34.429440 25.495762
18 298.150000 -1.000000 0.000000 0.300000 0.100000 110.000000 0.000000 -207494.382418 123.156545 25.534507
20 298.150000 -1.000000 0.000000 0.100000 0.100000 110.000000 0.000000 -207427.097025 64.858343 25.078124
16 298.150000 -1.000000 0.000000 0.500000 0.100000 110.000000 0.000000 -207195.778765 81.499130 25.343111
16 298.150000 -1.000000 0.000000 0.500000 0.100000 110.000000 0.000000 -207459.642014 47.547656 25.342905
15 298.150000 -1.000000 0.100000 0.500000 0.100000 110.000000 0.000000 -207224.322232 16.394492 25.351321
15 298.150000 -1.000000 0.100000 0.500000 0.100000 110.000000 0.000000 -207176.851563 16.387664 25.340359
15 298.150000 -1.000000 0.100000 0.500000 0.100000 110.000000 0.000000 -207749.648969 12.779889 25.578411
12 298.150000 -1.000000 0.400000 0.500000 0.100000 110.000000 0.000000 -207150.532924 0.741136 25.329855
11 298.150000 -1.000000 0.500000 0.500000 0.100000 110.000000 0.000000 -207642.870737 1.323333 25.428358
11 298.150000 -1.000000 0.500000 0.500000 0.100000 110.000000 0.000000 -207553.273665 2.555882 25.199969
11 298.150000 -1.000000 0.500000 0.500000 0.100000 110.000000 0.000000 -207602.197511 -7.546615 25.292860
11 298.150000 -1.000000 0.500000 0.500000 0.100000 110.000000 0.000000 -207309.915515 -0.979102 25.400748
13 298.150000 -1.000000 0.300000 0.500000 0.100000 110.000000 0.000000 -207385.809323 7.901037 25.170911
13 298.150000 -1.000000 0.300000 0.500000 0.100000 110.000000 0.000000 -207111.364732 7.367859 25.717487
14 298.150000 -1.000000 0.200000 0.500000 0.100000 110.000000 0.000000 -207285.413579 5.458494 25.564721
14 298.150000 -1.000000 0.200000 0.500000 0.100000 110.000000 0.000000 -207348.029547 7.232374 25.233391
14 298.150000 -1.000000 0.200000 0.500000 0.100000 110.000000 0.000000 -207433.597408 12.206227 25.485066
14 298.150000 -1.000000 0.200000 0.500000 0.100000 110.000000 0.000000 -207410.219629 11.537560 25.716784
13 298.150000 -1.000000 0.300000 0.500000 0.100000 110.000000 0.000000 -207400.627047 3.158572 25.596500
12 298.150000 -1.000000 0.400000 0.500000 0.100000 110.000000 0.000000 -207578.871543 1.598634 25.536761
12 298.150000 -1.000000 0.400000 0.500000 0.100000 110.000000 0.000000 -207678.944478 1.876295 25.344331
10 298.150000 1.000000 0.500000 0.500000 0.100000 110.000000 0.000000 -207615.893054 -3.971312 25.480943
11 298.150000 -1.000000 0.500000 0.500000 0.100000 110.000000 0.000000 -207522.630496 -0.443217 25.580579
13 298.150000 -1.000000 0.300000 0.500000 0.100000 110.000000 0.000000 -207163.216332 8.384155 25.063071
14 298.150000 -1.000000 0.200000 0.500000 0.100000 110.000000 0.000000 -207499.952089 4.379659 25.789245
13 298.150000 -1.000000 0.300000 0.500000 0.100000 110.000000 0.000000 -207356.635019 14.198482 25.527586
15 298.150000 -1.000000 0.100000 0.500000 0.100000 110.000000 0.000000 -207485.578446 26.346038 25.500506
15 298.150000 -1.000000 0.100000 0.500000 0.100000 110.000000 0.000000 -207473.291447 12.791559 25.780464
15 298.150000 -1.000000 0.100000 0.500000 0.100000 110.000000 0.000000 -207505.487276 26.217452 25.443560
15 298.150000 -1.000000 0.100000 0.500000 0.100000 110.000000 0.000000 -207358.287870 16.056282 25.682417
15 298.150000 -1.000000 0.100000 0.500000 0.100000 110.000000 0.000000 -207421.738175 25.304233 25.517602
19 298.150000 -1.000000 0.000000 0.200000 0.100000 110.000000 0.000000 -207648.422271 114.563262 25.571495
19 298.150000 -1.000000 0.000000 0.200000 0.100000 110.000000 0.000000 -207365.354135 77.458881 25.220214
17 298.150000 -1.000000 0.000000 0.400000 0.100000 110.000000 0.000000 -207144.538611 89.125574 25.549774
16 298.150000 -1.000000 0.000000 0.500000 0.100000 110.000000 0.000000 -207279.746460 42.202447 25.076680
17 298.150000 -1.000000 0.000000 0.400000 0.100000 110.000000 0.000000 -207334.619695 72.859237 25.466774
18 298.150000 -1.000000 0.000000 0.300000 0.100000 110.000000 0.000000 -207358.802355 100.764677 25.544131
19 298.150000 -1.000000 0.000000 0.200000 0.100000 110.000000 0.000000 -207650.593269 65.012768 25.220714
18 298.150000 -1.000000 0.000000 0.300000 0.100000 110.000000 0.000000 -207429.747968 48.479890 25.743875
17 298.150000 -1.000000 0.000000 0.400000 0.100000 110.000000 0.000000 -207278.185062 38.689410 25.311871
19 298.150000 -1.000000 0.000000 0.200000 0.100000 110.000000 0.000000 -207326.611512 69.210400 24.847397
16 298.150000 -1.000000 0.000000 0.500000 0.100000 110.000000 0.000000 -207401.112842 71.460675 25.533255
17 298.150000 -1.000000 0.000000 0.400000 0.100000 110.000000 0.000000 -207381.208945 61.542252 25.801213
18 298.150000 -1.000000 0.000000 0.300000 0.100000 110.000000 0.000000 -207123.184821 111.366055 25.662216
19 298.150000 -1.000000 0.000000 0.200000 0.100000 110.000000 0.000000 -206992.951053 137.217066 25.489999
20 298.150000 -1.000000 0.000000 0.100000 0.100000 110.000000 0.000000 -207904.743050 137.175846 25.279719
20 298.150000 -1.000000 0.000000 0.100000 0.100000 110.000000 0.000000 -207660.300458 64.948399 25.426407
18 298.150000 -1.000000 0.000000 0.300000 0.100000 110.000000 0.000000 -207683.678734 93.947156 25.488169
18 298.150000 -1.000000 0.000000 0.300000 0.100000 110.000000 0.000000 -206949.254382 98.031462 25.723667
17 298.150000 -1.000000 0.000000 0.400000 0.100000 110.000000 0.000000 -207351.083550 44.361002 25.408088
18 298.150000 -1.000000 0.000000 0.300000 0.100000 110.000000 0.000000 -207657.875602 55.769603 25.383429
17 298.150000 -1.000000 0.000000 0.400000 0.100000 110.000000 0.000000 -207874.936617 79.963561 25.593254
17 298.150000 -1.000000 0.000000 0.400000 0.100000 110.000000 0.000000 -207416.292337 71.130090 25.787343
18 298.150000 -1.000000 0.000000 0.300000 0.100000 110.000000 0.000000 -207738.714598 90.026983 25.563212
17 298.150000 -1.000000 0.000000 0.400000 0.100000 110.000000 0.000000 -207487.788394 81.979896 25.409583
20 298.150000 -1.000000 0.000000 0.100000 0.100000 110.000000 0.000000 -207553.735449 120.815443 25.253309
20 298.150000 -1.000000 0.000000 0.100000 0.100000 110.000000 0.000000 -207270.306018 141.148041 25.591349
20 298.150000 -1.000000 0.000000 0.100000 0.100000 110.000000 0.000000 -207284.491791 134.444067 25.846175
20 298.150000 -1.000000 0.000000 0.100000 0.100000 110.000000 0.000000 -207241.167111 125.903478 25.685984
20 298.150000 -1.000000 0.000000 0.100000 0.100000 110.000000 0.000000 -207717.708306 120.858883 25.591833
20 298.150000 -1.000000 0.000000 0.100000 0.100000 110.000000 0.000000 -207675.378743 46.330252 25.679571
17 298.150000 -1.000000 0.000000 0.400000 0.100000 110.000000 0.000000 -207563.845652 80.477338 25.835200
18 298.150000 -1.000000 0.000000 0.300000 0.100000 110.000000 0.000000 -207134.516904 67.131190 25.585603
20 298.150000 -1.000000 0.000000 0.100000 0.100000 110.000000 0.000000 -207568.224978 111.431997 25.635376
20 298.150000 -1.000000 0.000000 0.100000 0.100000 110.000000 0.000000 -207237.110813 97.317581 25.645689
18 298.150000 -1.000000 0.000000 0.300000 0.100000 110.000000 0.000000 -207245.973271 63.385280 25.468583
17 298.150000 -1.000000 0.000000 0.400000 0.100000 110.000000 0.000000 -207244.853673 67.856074 25.226119
18 298.150000 -1.000000 0.000000 0.300000 0.100000 110.000000 0.000000 -207305.196319 46.449362 25.710045
18 298.150000 -1.000000 0.000000 0.300000 0.100000 110.000000 0.000000 -207748.149714 114.845958 25.292576
18 298.150000 -1.000000 0.000000 0.300000 0.100000 110.000000 0.000000 -207399.161427 109.897460 25.377301
19 298.150000 -1.000000 0.000000 0.200000 0.100000 110.000000 0.000000 -207627.157777 75.628425 25.617604
19 298.150000 -1.000000 0.000000 0.200000 0.100000 110.000000 0.000000 -207185.109805 128.969497 25.712577
19 298.150000 -1.000000 0.000000 0.200000 0.100000 110.000000 0.000000 -207468.977542 26.843848 25.689606
19 298.150000 -1.000000 0.000000 0.200000 0.100000 110.000000 0.000000 -207495.478156 105.465097 25.586599
18 298.150000 -1.000000 0.000000 0.300000 0.100000 110.000000 0.000000 -207295.989729 77.818128 25.683255
19 298.150000 -1.000000 0.000000 0.200000 0.100000 110.000000 0.000000 -207742.636636 72.504625 25.279836
20 298.150000 -1.000000 0.000000 0.100000 0.100000 110.000000 0.000000 -208017.585095 122.864120 25.498375
20 298.150000 -1.000000 0.000000 0.100000 0.100000 110.000000 0.000000 -206996.691807 125.804173 25.475648
20 298.150000 -1.000000 0.000000 0.100000 0.100000 110.000000 0.000000 -207212.691098 74.822990 25.304962
16 298.150000 -1.000000 0.000000 0.500000 0.100000 110.000000 0.000000 -207507.153898 33.623475 25.625527
17 298.150000 -1.000000 0.000000 0.400000 0.100000 110.000000 0.000000 -207560.496451 83.198997 25.405916
16 298.150000 -1.000000 0.000000 0.500000 0.100000 110.000000 0.000000 -207134.462961 54.239154 25.295720
17 298.150000 -1.000000 0.000000 0.400000 0.100000 110.000000 0.000000 -207666.622520 59.569873 25.763439
16 298.150000 -1.000000 0.000000 0.500000 0.100000 110.000000 0.000000 -207431.722115 49.974378 25.322550
17 298.150000 -1.000000 0.000000 0.400000 0.100000 110.000000 0.000000 -207350.279108 91.575806 25.673657
19 298.150000 -1.000000 0.000000 0.200000 0.100000 110.000000 0.000000 -207230.703822 43.958495 25.496694
19 298.150000 -1.000000 0.000000 0.200000 0.100000 110.000000 0.000000 -207628.818309 55.112181 25.597267
17 298.150000 -1.000000 0.000000 0.400000 0.100000 110.000000 0.000000 -207214.583247 113.834003 25.614180
17 298.150000 -1.000000 0.000000 0.400000 0.100000 110.000000 0.000000 -207728.622582 68.713028 25.809772
16 298.150000 -1.000000 0.000000 0.500000 0.100000 110.000000 0.000000 -207316.584749 72.498221 25.606952
18 298.150000 -1.000000 0.000000 0.300000 0.100000 110.000000 0.000000 -207750.402728 40.219256 25.263884
14 298.150000 -1.000000 0.200000 0.500000 0.100000 110.000000 0.000000 -207392.067167 15.125580 25.510632
12 298.150000 -1.000000 0.400000 0.500000 0.100000 110.000000 0.000000 -207334.742144 4.272956 25.604803
11 298.150000 -1.000000 0.500000 0.500000 0.100000 110.000000 0.000000 -206913.589292 1.756059 25.705307
11 298.150000 -1.000000 0.500000 0.500000 0.100000 110.000000 0.000000 -207644.776775 0.347096 25.796933
12 298.150000 -1.000000 0.400000 0.500000 0.100000 110.000000 0.000000 -207608.602102 2.979110 25.570567
11 298.150000 -1.000000 0.500000 0.500000 0.100000 110.000000 0.000000 -208132.780466 -4.212090 25.457709
11 298.150000 -1.000000 0.500000 0.500000 0.100000 110.000000 0.000000 -207590.955415 5.779751 25.748116
13 298.150000 -1.000000 0.300000 0.500000 0.100000 110.000000 0.000000 -207593.072547 10.132316 25.632969
15 298.150000 -1.000000 0.100000 0.500000 0.100000 110.000000 0.000000 -207236.279147 30.746086 25.592507
14 298.150000 -1.000000 0.200000 0.500000 0.100000 110.000000 0.000000 -207229.579500 13.238807 25.352923
14 298.150000 -1.000000 0.200000 0.500000 0.100000 110.000000 0.000000 -207704.211514 36.675471 25.280489
15 298.150000 -1.000000 0.100000 0.500000 0.100000 110.000000 0.000000 -207257.922066 16.509017 25.659739
14 298.150000 -1.000000 0.200000 0.500000 0.100000 110.000000 0.000000 -207332.192583 10.196705 25.594343
14 298.150000 -1.000000 0.200000 0.500000 0.100000 110.000000 0.000000 -207609.856271 11.634514 25.529222
13 298.150000 -1.000000 0.300000 0.500000 0.100000 110.000000 0.000000 -207399.237800 7.482512 25.459194
13 298.150000 -1.000000 0.300000 0.500000 0.100000 110.000000 0.000000 -207741.140923 5.230595 25.786372
14 298.150000 -1.000000 0.200000 0.500000 0.100000 110.000000 0.000000 -207755.672970 4.371161 25.406882
10 298.150000 1.000000 0.500000 0.500000 0.100000 110.000000 0.000000 -207700.123974 -3.628457 25.294637
9 298.150000 1.000000 0.400000 0.500000 0.100000 110.000000 0.000000 -207553.382246 13.023763 25.392402
6 298.150000 1.000000 0.100000 0.500000 0.100000 110.000000 0.000000 -207294.701174 26.055624 25.712322
7 298.150000 1.000000 0.200000 0.500000 0.100000 110.000000 0.000000 -207294.696369 13.181261 25.565137
6 298.150000 1.000000 0.100000 0.500000 0.100000 110.000000 0.000000 -207591.489631 19.923908 25.186761
6 298.150000 1.000000 0.100000 0.500000 0.100000 110.000000 0.000000 -207450.561188 7.963942 25.315244
6 298.150000 1.000000 0.100000 0.500000 0.100000 110.000000 0.000000 -207256.030957 21.312924 25.488931
6 298.150000 1.000000 0.100000 0.500000 0.100000 110.000000 0.000000 -207293.058983 15.621093 25.635328
8 298.150000 1.000000 0.300000 0.500000 0.100000 110.000000 0.000000 -207591.766016 9.479515 25.179706
8 298.150000 1.000000 0.300000 0.500000 0.100000 110.000000 0.000000 -207271.251398 13.245144 25.028153
7 298.150000 1.000000 0.200000 0.500000 0.100000 110.000000 0.000000 -207806.808218 12.491355 25.654174
7 298.150000 1.000000 0.200000 0.500000 0.100000 110.000000 0.000000 -207984.041827 9.443218 25.797701
9 298.150000 1.000000 0.400000 0.500000 0.100000 110.000000 0.000000 -207938.769752 0.645876 25.772127
9 298.150000 1.000000 0.400000 0.500000 0.100000 110.000000 0.000000 -207396.688508 1.767445 25.438941
9 298.150000 1.000000 0.400000 0.500000 0.100000 110.000000 0.000000 -207146.147873 13.488162 25.091074
8 298.150000 1.000000 0.300000 0.500000 0.100000 110.000000 0.000000 -207601.090243 7.062651 25.558510
7 298.150000 1.000000 0.200000 0.500000 0.100000 110.000000 0.000000 -207388.588709 6.414049 25.834658
7 298.150000 1.000000 0.200000 0.500000 0.100000 110.000000 0.000000 -207847.493445 11.677308 25.149716
6 298.150000 1.000000 0.100000 0.500000 0.100000 110.000000 0.000000 -207876.966732 20.744901 25.552361
6 298.150000 1.000000 0.100000 0.500000 0.100000 110.000000 0.000000 -207334.447037 5.423514 25.091415
8 298.150000 1.000000 0.300000 0.500000 0.100000 110.000000 0.000000 -207365.118698 7.867865 25.567243
10 298.150000 1.000000 0.500000 0.500000 0.100000 110.000000 0.000000 -207640.566752 -7.139070 25.419052
11 298.150000 -1.000000 0.500000 0.500000 0.100000 110.000000 0.000000 -207140.004899 -4.516840 25.362829
12 298.150000 -1.000000 0.400000 0.500000 0.100000 110.000000 0.000000 -207644.487224 4.700630 25.409096
12 298.150000 -1.000000 0.400000 0.500000 0.100000 110.000000 0.000000 -207559.227908 1.686178 25.420170
13 298.150000 -1.000000 0.300000 0.500000 0.100000 110.000000 0.000000 -207486.642136 13.980202 25.199058
13 298.150000 -1.000000 0.300000 0.500000 0.100000 110.000000 0.000000 -207228.847573 3.458107 25.701054
12 298.150000 -1.000000 0.400000 0.500000 0.100000 110.000000 0.000000 -207250.180972 3.376526 25.423823
12 298.150000 -1.000000 0.400000 0.500000 0.100000 110.000000 0.000000 -207449.476794 -0.034397 25.795924
13 298.150000 -1.000000 0.300000 0.500000 0.100000 110.000000 0.000000 -207899.512874 5.116373 25.407655
14 298.150000 -1.000000 0.200000 0.500000 0.100000 110.000000 0.000000 -207474.718841 -1.745277 25.765415
12 298.150000 -1.000000 0.400000 0.500000 0.100000 110.000000 0.000000 -207094.823016 0.406380 25.306313
12 298.150000 -1.000000 0.400000 0.500000 0.100000 110.000000 0.000000 -207494.898007 2.793307 25.255640
13 298.150000 -1.000000 0.300000 0.500000 0.100000 110.000000 0.000000 -207422.138558 4.883016 25.779225
14 298.150000 -1.000000 0.200000 0.500000 0.100000 110.000000 0.000000 -207535.663212 12.385842 25.608059
14 298.150000 -1.000000 0.200000 0.500000 0.100000 110.000000 0.000000 -207584.858125 3.901110 25.432523
14 298.150000 -1.000000 0.200000 0.500000 0.100000 110.000000 0.000000 -207228.544211 24.752060 25.435923
14 298.150000 -1.000000 0.200000 0.500000 0.100000 110.000000 0.000000 -207737.846137 14.619356 25.462931
14 298.150000 -1.000000 0.200000 0.500000 0.100000 110.000000 0.000000 -207396.613016 12.677255 25.501207
14 298.150000 -1.000000 0.200000 0.500000 0.100000 110.000000 0.000000 -207560.154959 8.240632 25.462471
14 298.150000 -1.000000 0.200000 0.500000 0.100000 110.000000 0.000000 -207570.552150 10.488869 25.518890
14 298.150000 -1.000000 0.200000 0.500000 0.100000 110.000000 0.000000 -207520.742469 12.347830 25.525252
14 298.150000 -1.000000 0.200000 0.500000 0.100000 110.000000 0.000000 -207202.146600 9.275037 25.033669
14 298.150000 -1.000000 0.200000 0.500000 0.100000 110.000000 0.000000 -207368.553402 7.687951 25.251483
13 298.150000 -1.000000 0.300000 0.500000 0.100000 110.000000 0.000000 -207824.316087 6.875079 25.524541
13 298.150000 -1.000000 0.300000 0.500000 0.100000 110.000000 0.000000 -207595.670634 4.421013 25.391403
11 298.150000 -1.000000 0.500000 0.500000 0.100000 110.000000 0.000000 -207670.992385 1.887213 25.377591
10 298.150000 1.000000 0.500000 0.500000 0.100000 110.000000 0.000000 -207575.784487 -4.527903 25.012968
11 298.150000 -1.000000 0.500000 0.500000 0.100000 110.000000 0.000000 -207617.857097 7.807697 25.469697
14 298.150000 -1.000000 0.200000 0.500000 0.100000 110.000000 0.000000 -207792.143987 11.289688 25.664352
14 298.150000 -1.000000 0.200000 0.500000 0.100000 110.000000 0.000000 -207267.418366 21.413223 25.490213
15 298.150000 -1.000000 0.100000 0.500000 0.100000 110.000000 0.000000 -207587.193618 24.120713 25.403599
15 298.150000 -1.000000 0.100000 0.500000 0.100000 110.000000 0.000000 -207621.574864 13.972343 25.519963
15 298.150000 -1.000000 0.100000 0.500000 0.100000 110.000000 0.000000 -207645.013187 18.874499 25.478345
15 298.150000 -1.000000 0.100000 0.500000 0.100000 110.000000 0.000000 -207571.757794 17.615707 25.286768
15 298.150000 -1.000000 0.100000 0.500000 0.100000 110.000000 0.000000 -207437.931969 21.109547 25.589310
16 298.150000 -1.000000 0.000000 0.500000 0.100000 110.000000 0.000000 -207451.269884 77.931323 25.130157
19 298.150000 -1.000000 0.000000 0.200000 0.100000 110.000000 0.000000 -207453.087321 40.998445 25.518203
20 298.150000 -1.000000 0.000000 0.100000 0.100000 110.000000 0.000000 -207293.054081 132.577511 25.244086
20 298.150000 -1.000000 0.000000 0.100000 0.100000 110.000000 0.000000 -207601.413181 99.861651 25.329725
20 298.150000 -1.000000 0.000000 0.100000 0.100000 110.000000 0.000000 -207408.440828 118.518152 25.613617
20 298.150000 -1.000000 0.000000 0.100000 0.100000 110.000000 0.000000 -207580.146317 92.569387 25.689410
20 298.150000 -1.000000 0.000000 0.100000 0.100000 110.000000 0.000000 -207726.992918 136.845370 24.676361
20 298.150000 -1.000000 0.000000 0.100000 0.100000 110.000000 0.000000 -207513.780753 76.784555 25.447039
16 298.150000 -1.000000 0.000000 0.500000 0.100000 110.000000 0.000000 -207330.731040 71.733479 24.769716
16 298.150000 -1.000000 0.000000 0.500000 0.100000 110.000000 0.000000 -207384.408189 82.178998 25.713114
18 298.150000 -1.000000 0.000000 0.300000 0.100000 110.000000 0.000000 -207510.915174 54.427595 25.615399
18 298.150000 -1.000000 0.000000 0.300000 0.100000 110.000000 0.000000 -207622.127803 58.278379 25.060981
16 298.150000 -1.000000 0.000000 0.500000 0.100000 110.000000 0.000000 -207411.492592 74.680668 25.418216
17 298.150000 -1.000000 0.000000 0.400000 0.100000 110.000000 0.000000 -207205.095756 75.473915 25.371869
17 298.150000 -1.000000 0.000000 0.400000 0.100000 110.000000 0.000000 -207369.977158 57.454157 25.319654
16 298.150000 -1.000000 0.000000 0.500000 0.100000 110.000000 0.000000 -207479.467238 91.367222 25.532009
16 298.150000 -1.000000 0.000000 0.500000 0.100000 110.000000 0.000000 -207175.394158 54.759556 25.600798
17 298.150000 -1.000000 0.000000 0.400000 0.100000 110.000000 0.000000 -207519.756900 47.540215 25.580799
15 298.150000 -1.000000 0.100000 0.500000 0.100000 110.000000 0.000000 -207398.815394 13.931902 25.754116
15 298.150000 -1.000000 0.100000 0.500000 0.100000 110.000000 0.000000 -207610.233364 22.353003 25.757366
15 298.150000 -1.000000 0.100000 0.500000 0.100000 110.000000 0.000000 -207267.998116 9.101342 25.756423
14 298.150000 -1.000000 0.200000 0.500000 0.100000 110.000000 0.000000 -207370.224700 3.366866 25.667959
12 298.150000 -1.000000 0.400000 0.500000 0.100000 110.000000 0.000000 -207351.238191 3.434906 25.565694
12 298.150000 -1.000000 0.400000 0.500000 0.100000 110.000000 0.000000 -207124.889320 5.310905 25.290284
12 298.150000 -1.000000 0.400000 0.500000 0.100000 110.000000 0.000000 -207598.623342 2.114136 25.500758
12 298.150000 -1.000000 0.400000 0.500000 0.100000 110.000000 0.000000 -207180.675886 -0.357014 25.271597
12 298.150000 -1.000000 0.400000 0.500000 0.100000 110.000000 0.000000 -207467.451282 5.014023 25.534327
12 298.150000 -1.000000 0.400000 0.500000 0.100000 110.000000 0.000000 -207523.823495 -1.475821 25.698480
12 298.150000 -1.000000 0.400000 0.500000 0.100000 110.000000 0.000000 -207727.573213 5.833166 25.091463
13 298.150000 -1.000000 0.300000 0.500000 0.100000 110.000000 0.000000 -207788.519641 3.933847 25.649948
12 298.150000 -1.000000 0.400000 0.500000 0.100000 110.000000 0.000000 -207411.296544 -1.459727 25.794148
12 298.150000 -1.000000 0.400000 0.500000 0.100000 110.000000 0.000000 -207611.704334 6.878152 25.459285
12 298.150000 -1.000000 0.400000 0.500000 0.100000 110.000000 0.000000 -207657.439765 -0.063308 25.593784
12 298.150000 -1.000000 0.400000 0.500000 0.100000 110.000000 0.000000 -207191.637994 4.015089 25.163019
13 298.150000 -1.000000 0.300000 0.500000 0.100000 110.000000 0.000000 -207559.710559 4.541309 25.444555
13 298.150000 -1.000000 0.300000 0.500000 0.100000 110.000000 0.000000 -207417.704311 10.032424 25.272343
13 298.150000 -1.000000 0.300000 0.500000 0.100000 110.000000 0.000000 -207383.458392 3.597235 25.567106
15 298.150000 -1.000000 0.100000 0.500000 0.100000 110.000000 0.000000 -207423.755845 31.257723 25.534359
15 298.150000 -1.000000 0.100000 0.500000 0.100000 110.000000 0.000000 -207568.355806 18.051409 25.531059
15 298.150000 -1.000000 0.100000 0.500000 0.100000 110.000000 0.000000 -207529.244842 12.069632 25.660805
15 298.150000 -1.000000 0.100000 0.500000 0.100000 110.000000 0.000000 -207603.886021 17.789034 25.429847
15 298.150000 -1.000000 0.100000 0.500000 0.100000 110.000000 0.000000 -207683.384517 10.026535 25.341872
15 298.150000 -1.000000 0.100000 0.500000 0.100000 110.000000 0.000000 -207513.348246 12.784750 25.381273
15 298.150000 -1.000000 0.100000 0.500000 0.100000 110.000000 0.000000 -207341.226452 15.417859 25.399929
15 298.150000 -1.000000 0.100000 0.500000 0.100000 110.000000 0.000000 -207668.890658 16.823308 25.501756
15 298.150000 -1.000000 0.100000 0.500000 0.100000 110.000000 0.000000 -207331.177731 17.124742 25.570393
15 298.150000 -1.000000 0.100000 0.500000 0.100000 110.000000 0.000000 -207115.727277 28.529187 25.721336
15 298.150000 -1.000000 0.100000 0.500000 0.100000 110.000000 0.000000 -207291.586454 9.812315 25.675002
15 298.150000 -1.000000 0.100000 0.500000 0.100000 110.000000 0.000000 -207470.242269 21.215890 25.355931
15 298.150000 -1.000000 0.100000 0.500000 0.100000 110.000000 0.000000 -207244.097032 29.649783 25.645241
15 298.150000 -1.000000 0.100000 0.500000 0.100000 110.000000 0.000000 -207752.555704 31.348652 25.472575
15 298.150000 -1.000000 0.100000 0.500000 0.100000 110.000000 0.000000 -207432.708288 13.506312 25.461903
14 298.150000 -1.000000 0.200000 0.500000 0.100000 110.000000 0.000000 -207752.696491 0.843484 25.403816
10 298.150000 1.000000 0.500000 0.500000 0.100000 110.000000 0.000000 -207411.202165 -2.224639 25.381094
10 298.150000 1.000000 0.500000 0.500000 0.100000 110.000000 0.000000 -207705.554642 -3.380155 25.441706
10 298.150000 1.000000 0.500000 0.500000 0.100000 110.000000 0.000000 -207400.312497 2.231004 25.621796
11 298.150000 -1.000000 0.500000 0.500000 0.100000 110.000000 0.000000 -207159.287849 4.288607 25.193909
11 298.150000 -1.000000 0.500000 0.500000 0.100000 110.000000 0.000000 -207656.608075 1.653444 25.440294
11 298.150000 -1.000000 0.500000 0.500000 0.100000 110.000000 0.000000 -207521.842874 -3.106178 25.530152
10 298.150000 1.000000 0.500000 0.500000 0.100000 110.000000 0.000000 -207418.424438 0.115556 25.517334
11 298.150000 -1.000000 0.500000 0.500000 0.100000 110.000000 0.000000 -207419.462078 -2.356390 25.602174
12 298.150000 -1.000000 0.400000 0.500000 0.100000 110.000000 0.000000 -207333.949205 6.668379 25.542880
12 298.150000 -1.000000 0.400000 0.500000 0.100000 110.000000 0.000000 -207666.213557 -6.513223 25.165411
12 298.150000 -1.000000 0.400000 0.500000 0.100000 110.000000 0.000000 -207470.526799 1.180582 25.743800
11 298.150000 -1.000000 0.500000 0.500000 0.100000 110.000000 0.000000 -207310.980957 -5.653330 25.569653
11 298.150000 -1.000000 0.500000 0.500000 0.100000 110.000000 0.000000 -207534.661209 -4.703452 25.543884
11 298.150000 -1.000000 0.500000 0.500000 0.100000 110.000000 0.000000 -206907.645525 -5.661929 25.658486
11 298.150000 -1.000000 0.500000 0.500000 0.100000 110.000000 0.000000 -207281.669758 3.597407 25.401905
11 298.150000 -1.000000 0.500000 0.500000 0.100000 110.000000 0.000000 -207398.530877 -0.899118 25.426497
10 298.150000 1.000000 0.500000 0.500000 0.100000 110.000000 0.000000 -206949.396725 -0.192833 25.456095
9 298.150000 1.000000 0.400000 0.500000 0.100000 110.000000 0.000000 -207602.391264 3.034143 25.353079
7 298.150000 1.000000 0.200000 0.500000 0.100000 110.000000 0.000000 -207251.641568 10.665949 25.592483
7 298.150000 1.000000 0.200000 0.500000 0.100000 110.000000 0.000000 -207398.239071 21.716443 25.713761
7 298.150000 1.000000 0.200000 0.500000 0.100000 110.000000 0.000000 -207772.783867 13.220633 25.448464
