11 298.150000 -1.000000 0.500000 0.500000 0.100000 110.000000 0.000000 -207497.033404 3.266960 25.482632
11 298.150000 -1.000000 0.500000 0.500000 0.100000 110.000000 0.000000 -207540.164255 -1.237330 25.538754
12 298.150000 -1.000000 0.400000 0.500000 0.100000 110.000000 0.000000 -207898.484118 1.919242 25.819283
13 298.150000 -1.000000 0.300000 0.500000 0.100000 110.000000 0.000000 -207583.525410 2.905844 25.649890
11 298.150000 -1.000000 0.500000 0.500000 0.100000 110.000000 0.000000 -207654.054335 -0.163398 25.173137
10 298.150000 1.000000 0.500000 0.500000 0.100000 110.000000 0.000000 -207645.422534 -1.466796 25.389993
9 298.150000 1.000000 0.400000 0.500000 0.100000 110.000000 0.000000 -207261.612354 1.004443 25.626128
9 298.150000 1.000000 0.400000 0.500000 0.100000 110.000000 0.000000 -207449.820205 3.076971 25.002789
9 298.150000 1.000000 0.400000 0.500000 0.100000 110.000000 0.000000 -207285.003955 -2.557588 25.630408
9 298.150000 1.000000 0.400000 0.500000 0.100000 110.000000 0.000000 -207144.270605 -0.709442 25.494691
11 298.150000 -1.000000 0.500000 0.500000 0.100000 110.000000 0.000000 -207104.553742 0.782898 25.584365
13 298.150000 -1.000000 0.300000 0.500000 0.100000 110.000000 0.000000 -206976.595900 1.159663 25.647241
12 298.150000 -1.000000 0.400000 0.500000 0.100000 110.000000 0.000000 -207612.099609 7.328588 25.364797
13 298.150000 -1.000000 0.300000 0.500000 0.100000 110.000000 0.000000 -207388.450846 4.356909 25.636895
14 298.150000 -1.000000 0.200000 0.500000 0.100000 110.000000 0.000000 -207296.780730 15.297273 25.659397
14 298.150000 -1.000000 0.200000 0.500000 0.100000 110.000000 0.000000 -207266.406635 6.334660 25.275394
11 298.150000 -1.000000 0.500000 0.500000 0.100000 110.000000 0.000000 -207654.559651 -0.092127 25.567317
13 298.150000 -1.000000 0.300000 0.500000 0.100000 110.000000 0.000000 -207114.800180 5.841289 25.665806
13 298.150000 -1.000000 0.300000 0.500000 0.100000 110.000000 0.000000 -207237.967046 1.218163 25.607503
11 298.150000 -1.000000 0.500000 0.500000 0.100000 110.000000 0.000000 -207566.767532 -4.229981 25.709613
10 298.150000 1.000000 0.500000 0.500000 0.100000 110.000000 0.000000 -207437.333744 -2.119634 25.737848
10 298.150000 1.000000 0.500000 0.500000 0.100000 110.000000 0.000000 -207064.466370 0.715388 25.180663
10 298.150000 1.000000 0.500000 0.500000 0.100000 110.000000 0.000000 -207480.570783 2.565448 25.286637
10 298.150000 1.000000 0.500000 0.500000 0.100000 110.000000 0.000000 -207506.332253 3.589437 25.613981
10 298.150000 1.000000 0.500000 0.500000 0.100000 110.000000 0.000000 -207494.306484 -2.249867 25.362008
11 298.150000 -1.000000 0.500000 0.500000 0.100000 110.000000 0.000000 -207578.329078 2.577881 25.853355
11 298.150000 -1.000000 0.500000 0.500000 0.100000 110.000000 0.000000 -207597.558064 1.915948 25.416154
10 298.150000 1.000000 0.500000 0.500000 0.100000 110.000000 0.000000 -207565.876564 -5.938738 25.480777
12 298.150000 -1.000000 0.400000 0.500000 0.100000 110.000000 0.000000 -207656.033845 -3.994378 25.683665
11 298.150000 -1.000000 0.500000 0.500000 0.100000 110.000000 0.000000 -207506.137940 -4.453665 25.244411
10 298.150000 1.000000 0.500000 0.500000 0.100000 110.000000 0.000000 -207245.275950 -2.905796 25.760922
10 298.150000 1.000000 0.500000 0.500000 0.100000 110.000000 0.000000 -207654.306912 -1.199354 25.485201
10 298.150000 1.000000 0.500000 0.500000 0.100000 110.000000 0.000000 -207545.593009 6.584106 25.750475
9 298.150000 1.000000 0.400000 0.500000 0.100000 110.000000 0.000000 -206803.975274 -1.714696 25.171426
9 298.150000 1.000000 0.400000 0.500000 0.100000 110.000000 0.000000 -207572.755339 -0.932449 25.085213
9 298.150000 1.000000 0.400000 0.500000 0.100000 110.000000 0.000000 -207363.606074 -1.544217 25.657305
10 298.150000 1.000000 0.500000 0.500000 0.100000 110.000000 0.000000 -207381.965976 -4.342599 25.355818
10 298.150000 1.000000 0.500000 0.500000 0.100000 110.000000 0.000000 -207256.664567 5.607345 25.711419
11 298.150000 -1.000000 0.500000 0.500000 0.100000 110.000000 0.000000 -207526.570869 0.195588 25.686395
10 298.150000 1.000000 0.500000 0.500000 0.100000 110.000000 0.000000 -207556.353051 5.840449 25.571140
11 298.150000 -1.000000 0.500000 0.500000 0.100000 110.000000 0.000000 -207564.241215 1.496625 25.811768
11 298.150000 -1.000000 0.500000 0.500000 0.100000 110.000000 0.000000 -207386.283828 -4.005453 25.589403
11 298.150000 -1.000000 0.500000 0.500000 0.100000 110.000000 0.000000 -207631.273641 4.690947 25.690140
14 298.150000 -1.000000 0.200000 0.500000 0.100000 110.000000 0.000000 -207278.583585 7.536202 25.769636
14 298.150000 -1.000000 0.200000 0.500000 0.100000 110.000000 0.000000 -207499.179075 8.807976 25.419688
14 298.150000 -1.000000 0.200000 0.500000 0.100000 110.000000 0.000000 -207586.445663 18.987805 25.643506
14 298.150000 -1.000000 0.200000 0.500000 0.100000 110.000000 0.000000 -207191.563094 19.117079 25.408139
14 298.150000 -1.000000 0.200000 0.500000 0.100000 110.000000 0.000000 -207597.801415 18.120199 25.735970
15 298.150000 -1.000000 0.100000 0.500000 0.100000 110.000000 0.000000 -207339.421841 8.608030 25.579919
15 298.150000 -1.000000 0.100000 0.500000 0.100000 110.000000 0.000000 -207446.632560 3.150412 25.115982
13 298.150000 -1.000000 0.300000 0.500000 0.100000 110.000000 0.000000 -207405.754051 2.397376 25.544908
13 298.150000 -1.000000 0.300000 0.500000 0.100000 110.000000 0.000000 -207513.664609 18.049305 25.709169
14 298.150000 -1.000000 0.200000 0.500000 0.100000 110.000000 0.000000 -207681.922489 12.704241 25.519815
14 298.150000 -1.000000 0.200000 0.500000 0.100000 110.000000 0.000000 -207308.753938 7.476271 25.351135
13 298.150000 -1.000000 0.300000 0.500000 0.100000 110.000000 0.000000 -207190.305693 11.255513 25.845891
13 298.150000 -1.000000 0.300000 0.500000 0.100000 110.000000 0.000000 -206944.273573 2.724245 25.725070
13 298.150000 -1.000000 0.300000 0.500000 0.100000 110.000000 0.000000 -207214.155855 17.628402 25.656422
15 298.150000 -1.000000 0.100000 0.500000 0.100000 110.000000 0.000000 -207360.370017 21.926335 25.750306
12 298.150000 -1.000000 0.400000 0.500000 0.100000 110.000000 0.000000 -207707.874630 11.305237 25.327357
14 298.150000 -1.000000 0.200000 0.500000 0.100000 110.000000 0.000000 -207533.873077 9.736574 24.875483
13 298.150000 -1.000000 0.300000 0.500000 0.100000 110.000000 0.000000 -207574.382112 6.453626 25.494865
13 298.150000 -1.000000 0.300000 0.500000 0.100000 110.000000 0.000000 -207808.818034 0.464104 25.559966
11 298.150000 -1.000000 0.500000 0.500000 0.100000 110.000000 0.000000 -207501.731923 3.969581 25.355106
10 298.150000 1.000000 0.500000 0.500000 0.100000 110.000000 0.000000 -207423.598672 -2.475420 25.512019
10 298.150000 1.000000 0.500000 0.500000 0.100000 110.000000 0.000000 -207457.492017 -0.240629 25.630667
10 298.150000 1.000000 0.500000 0.500000 0.100000 110.000000 0.000000 -207271.298102 3.700150 25.612777
11 298.150000 -1.000000 0.500000 0.500000 0.100000 110.000000 0.000000 -207266.672082 -4.024263 24.973397
11 298.150000 -1.000000 0.500000 0.500000 0.100000 110.000000 0.000000 -207399.068512 2.023172 25.673021
11 298.150000 -1.000000 0.500000 0.500000 0.100000 110.000000 0.000000 -207332.940070 -2.898484 25.467586
13 298.150000 -1.000000 0.300000 0.500000 0.100000 110.000000 0.000000 -207199.850737 2.576911 25.599207
12 298.150000 -1.000000 0.400000 0.500000 0.100000 110.000000 0.000000 -207097.012580 -2.706292 25.540980
12 298.150000 -1.000000 0.400000 0.500000 0.100000 110.000000 0.000000 -207506.064127 7.452219 25.438963
12 298.150000 -1.000000 0.400000 0.500000 0.100000 110.000000 0.000000 -207264.337266 -1.985332 25.699384
12 298.150000 -1.000000 0.400000 0.500000 0.100000 110.000000 0.000000 -207239.853703 5.739815 25.370358
12 298.150000 -1.000000 0.400000 0.500000 0.100000 110.000000 0.000000 -207544.566844 5.456573 25.585660
12 298.150000 -1.000000 0.400000 0.500000 0.100000 110.000000 0.000000 -207618.535943 -2.826222 25.195468
11 298.150000 -1.000000 0.500000 0.500000 0.100000 110.000000 0.000000 -207384.916688 -1.174683 25.596406
7 298.150000 1.000000 0.200000 0.500000 0.100000 110.000000 0.000000 -207634.668463 7.324749 25.607568
7 298.150000 1.000000 0.200000 0.500000 0.100000 110.000000 0.000000 -207590.800294 0.708189 25.623139
8 298.150000 1.000000 0.300000 0.500000 0.100000 110.000000 0.000000 -207069.164601 9.994049 25.444669
7 298.150000 1.000000 0.200000 0.500000 0.100000 110.000000 0.000000 -207529.405974 22.510279 25.410683
5 298.150000 1.000000 0.000000 0.500000 0.100000 110.000000 0.000000 -207900.507561 63.945059 25.664839
3 298.150000 1.000000 0.000000 0.300000 0.100000 110.000000 0.000000 -207252.603259 51.265797 25.384060
2 298.150000 1.000000 0.000000 0.200000 0.100000 110.000000 0.000000 -207376.921897 83.343796 25.678234
2 298.150000 1.000000 0.000000 0.200000 0.100000 110.000000 0.000000 -207373.089716 112.335231 25.236456
2 298.150000 1.000000 0.000000 0.200000 0.100000 110.000000 0.000000 -207224.484590 104.657905 25.364229
2 298.150000 1.000000 0.000000 0.200000 0.100000 110.000000 0.000000 -207413.411549 96.838957 24.656315
2 298.150000 1.000000 0.000000 0.200000 0.100000 110.000000 0.000000 -207503.820511 68.935841 25.403164
3 298.150000 1.000000 0.000000 0.300000 0.100000 110.000000 0.000000 -207319.029896 68.510388 23.893457
5 298.150000 1.000000 0.000000 0.500000 0.100000 110.000000 0.000000 -207407.104793 71.854762 25.438698
5 298.150000 1.000000 0.000000 0.500000 0.100000 110.000000 0.000000 -207166.176471 100.004214 25.537898
4 298.150000 1.000000 0.000000 0.400000 0.100000 110.000000 0.000000 -207717.268716 77.815688 25.339515
4 298.150000 1.000000 0.000000 0.400000 0.100000 110.000000 0.000000 -207544.196360 83.330104 25.274964
4 298.150000 1.000000 0.000000 0.400000 0.100000 110.000000 0.000000 -207375.774613 72.767726 24.856837
4 298.150000 1.000000 0.000000 0.400000 0.100000 110.000000 0.000000 -207192.805973 65.201642 25.519856
5 298.150000 1.000000 0.000000 0.500000 0.100000 110.000000 0.000000 -207529.943233 53.859852 25.745374
5 298.150000 1.000000 0.000000 0.500000 0.100000 110.000000 0.000000 -206859.012802 46.330799 25.284443
4 298.150000 1.000000 0.000000 0.400000 0.100000 110.000000 0.000000 -207306.720772 82.401694 24.644141
4 298.150000 1.000000 0.000000 0.400000 0.100000 110.000000 0.000000 -207275.905457 74.809572 25.631122
4 298.150000 1.000000 0.000000 0.400000 0.100000 110.000000 0.000000 -207325.863369 36.766823 25.383394
4 298.150000 1.000000 0.000000 0.400000 0.100000 110.000000 0.000000 -207277.664556 52.501405 25.316257
4 298.150000 1.000000 0.000000 0.400000 0.100000 110.000000 0.000000 -207561.550567 88.493986 25.806459
2 298.150000 1.000000 0.000000 0.200000 0.100000 110.000000 0.000000 -207145.962421 77.321187 25.084510
4 298.150000 1.000000 0.000000 0.400000 0.100000 110.000000 0.000000 -207381.293575 32.182620 25.597320
5 298.150000 1.000000 0.000000 0.500000 0.100000 110.000000 0.000000 -207694.418571 78.163058 25.828460
5 298.150000 1.000000 0.000000 0.500000 0.100000 110.000000 0.000000 -207625.561174 80.638733 25.607712
5 298.150000 1.000000 0.000000 0.500000 0.100000 110.000000 0.000000 -207242.516620 80.724180 25.685148
3 298.150000 1.000000 0.000000 0.300000 0.100000 110.000000 0.000000 -207646.228273 93.992504 24.576183
4 298.150000 1.000000 0.000000 0.400000 0.100000 110.000000 0.000000 -207732.210140 48.119119 25.490663
5 298.150000 1.000000 0.000000 0.500000 0.100000 110.000000 0.000000 -207754.388736 88.318444 25.366256
5 298.150000 1.000000 0.000000 0.500000 0.100000 110.000000 0.000000 -207723.476405 65.329564 25.301359
4 298.150000 1.000000 0.000000 0.400000 0.100000 110.000000 0.000000 -207573.759073 54.494991 25.757348
2 298.150000 1.000000 0.000000 0.200000 0.100000 110.000000 0.000000 -207848.301382 126.893165 25.331935
2 298.150000 1.000000 0.000000 0.200000 0.100000 110.000000 0.000000 -207716.923304 43.080203 25.518542
5 298.150000 1.000000 0.000000 0.500000 0.100000 110.000000 0.000000 -207393.537703 97.310961 25.700370
3 298.150000 1.000000 0.000000 0.300000 0.100000 110.000000 0.000000 -207311.615718 38.711581 25.751388
3 298.150000 1.000000 0.000000 0.300000 0.100000 110.000000 0.000000 -207308.821480 77.184002 25.457946
5 298.150000 1.000000 0.000000 0.500000 0.100000 110.000000 0.000000 -207603.729525 57.071201 25.535530
5 298.150000 1.000000 0.000000 0.500000 0.100000 110.000000 0.000000 -207591.570225 44.917133 25.682426
4 298.150000 1.000000 0.000000 0.400000 0.100000 110.000000 0.000000 -208006.749803 73.435987 25.317196
2 298.150000 1.000000 0.000000 0.200000 0.100000 110.000000 0.000000 -207301.697565 72.672099 25.630923
3 298.150000 1.000000 0.000000 0.300000 0.100000 110.000000 0.000000 -207459.741040 38.813796 25.652120
3 298.150000 1.000000 0.000000 0.300000 0.100000 110.000000 0.000000 -207489.997567 113.735629 25.253766
2 298.150000 1.000000 0.000000 0.200000 0.100000 110.000000 0.000000 -207035.273283 65.587957 25.287815
5 298.150000 1.000000 0.000000 0.500000 0.100000 110.000000 0.000000 -207596.604771 52.791383 25.625656
3 298.150000 1.000000 0.000000 0.300000 0.100000 110.000000 0.000000 -207553.936310 52.350992 25.615766
3 298.150000 1.000000 0.000000 0.300000 0.100000 110.000000 0.000000 -207504.979268 48.662360 25.737582
3 298.150000 1.000000 0.000000 0.300000 0.100000 110.000000 0.000000 -207444.469716 76.511420 25.393912
3 298.150000 1.000000 0.000000 0.300000 0.100000 110.000000 0.000000 -207467.720839 64.789212 25.358803
3 298.150000 1.000000 0.000000 0.300000 0.100000 110.000000 0.000000 -207357.428688 54.265426 25.286849
2 298.150000 1.000000 0.000000 0.200000 0.100000 110.000000 0.000000 -207743.063625 78.479587 25.720381
1 298.150000 1.000000 0.000000 0.100000 0.100000 110.000000 0.000000 -207614.145239 112.000532 25.474368
1 298.150000 1.000000 0.000000 0.100000 0.100000 110.000000 0.000000 -207316.531045 134.980371 25.773248
1 298.150000 1.000000 0.000000 0.100000 0.100000 110.000000 0.000000 -207489.582885 155.261524 24.132876
1 298.150000 1.000000 0.000000 0.100000 0.100000 110.000000 0.000000 -207464.237819 39.268442 25.549111
3 298.150000 1.000000 0.000000 0.300000 0.100000 110.000000 0.000000 -207425.246672 62.390183 25.449863
3 298.150000 1.000000 0.000000 0.300000 0.100000 110.000000 0.000000 -207099.506308 65.776242 25.439492
3 298.150000 1.000000 0.000000 0.300000 0.100000 110.000000 0.000000 -207301.564804 84.824217 24.973822
3 298.150000 1.000000 0.000000 0.300000 0.100000 110.000000 0.000000 -207506.426476 72.298247 25.377859
5 298.150000 1.000000 0.000000 0.500000 0.100000 110.000000 0.000000 -207387.969972 74.194218 25.322857
5 298.150000 1.000000 0.000000 0.500000 0.100000 110.000000 0.000000 -207870.209683 88.643707 25.420338
5 298.150000 1.000000 0.000000 0.500000 0.100000 110.000000 0.000000 -207434.390216 70.746711 25.607805
4 298.150000 1.000000 0.000000 0.400000 0.100000 110.000000 0.000000 -207479.506595 32.821929 25.406457
2 298.150000 1.000000 0.000000 0.200000 0.100000 110.000000 0.000000 -207334.910836 102.273916 25.825621
2 298.150000 1.000000 0.000000 0.200000 0.100000 110.000000 0.000000 -207380.529427 123.860745 25.585589
1 298.150000 1.000000 0.000000 0.100000 0.100000 110.000000 0.000000 -207849.865349 104.064756 25.653927
3 298.150000 1.000000 0.000000 0.300000 0.100000 110.000000 0.000000 -207145.106674 80.556961 25.176465
5 298.150000 1.000000 0.000000 0.500000 0.100000 110.000000 0.000000 -207178.154883 36.895414 25.534727
6 298.150000 1.000000 0.100000 0.500000 0.100000 110.000000 0.000000 -207731.549950 19.061483 25.483523
6 298.150000 1.000000 0.100000 0.500000 0.100000 110.000000 0.000000 -207238.230160 32.232673 25.697359
6 298.150000 1.000000 0.100000 0.500000 0.100000 110.000000 0.000000 -207766.860011 17.967297 25.521063
6 298.150000 1.000000 0.100000 0.500000 0.100000 110.000000 0.000000 -207583.212590 24.496280 25.833580
6 298.150000 1.000000 0.100000 0.500000 0.100000 110.000000 0.000000 -207595.452110 13.864933 25.320897
6 298.150000 1.000000 0.100000 0.500000 0.100000 110.000000 0.000000 -207488.517086 23.784802 25.173272
6 298.150000 1.000000 0.100000 0.500000 0.100000 110.000000 0.000000 -207277.624306 29.858217 25.569611
4 298.150000 1.000000 0.000000 0.400000 0.100000 110.000000 0.000000 -207339.546947 92.911309 25.686417
2 298.150000 1.000000 0.000000 0.200000 0.100000 110.000000 0.000000 -207271.334084 86.127751 25.333768
3 298.150000 1.000000 0.000000 0.300000 0.100000 110.000000 0.000000 -207524.842495 38.835630 25.494003
3 298.150000 1.000000 0.000000 0.300000 0.100000 110.000000 0.000000 -207257.221355 76.617946 25.765282
5 298.150000 1.000000 0.000000 0.500000 0.100000 110.000000 0.000000 -207434.936451 78.013472 25.780194
5 298.150000 1.000000 0.000000 0.500000 0.100000 110.000000 0.000000 -207446.197390 22.254287 25.333111
3 298.150000 1.000000 0.000000 0.300000 0.100000 110.000000 0.000000 -207558.384979 78.932702 25.617775
4 298.150000 1.000000 0.000000 0.400000 0.100000 110.000000 0.000000 -207566.099198 62.847180 25.126359
2 298.150000 1.000000 0.000000 0.200000 0.100000 110.000000 0.000000 -207682.741213 62.427190 25.730477
5 298.150000 1.000000 0.000000 0.500000 0.100000 110.000000 0.000000 -207274.700497 69.516755 22.881040
2 298.150000 1.000000 0.000000 0.200000 0.100000 110.000000 0.000000 -207664.405050 51.967376 25.497525
2 298.150000 1.000000 0.000000 0.200000 0.100000 110.000000 0.000000 -207479.516785 68.886879 25.832484
4 298.150000 1.000000 0.000000 0.400000 0.100000 110.000000 0.000000 -207523.193907 51.548511 25.716325
1 298.150000 1.000000 0.000000 0.100000 0.100000 110.000000 0.000000 -207470.066369 130.640801 25.502053
1 298.150000 1.000000 0.000000 0.100000 0.100000 110.000000 0.000000 -207918.579649 162.006781 25.134589
1 298.150000 1.000000 0.000000 0.100000 0.100000 110.000000 0.000000 -207939.130243 46.858649 25.463639
5 298.150000 1.000000 0.000000 0.500000 0.100000 110.000000 0.000000 -207487.099117 58.117371 25.579786
4 298.150000 1.000000 0.000000 0.400000 0.100000 110.000000 0.000000 -207258.721381 39.818971 25.604665
5 298.150000 1.000000 0.000000 0.500000 0.100000 110.000000 0.000000 -207422.737998 61.273826 24.737862
5 298.150000 1.000000 0.000000 0.500000 0.100000 110.000000 0.000000 -207288.366133 77.961207 24.723684
5 298.150000 1.000000 0.000000 0.500000 0.100000 110.000000 0.000000 -207897.669094 45.189326 25.277929
5 298.150000 1.000000 0.000000 0.500000 0.100000 110.000000 0.000000 -206923.860572 62.222065 25.338149
2 298.150000 1.000000 0.000000 0.200000 0.100000 110.000000 0.000000 -207296.156901 108.794489 25.865002
2 298.150000 1.000000 0.000000 0.200000 0.100000 110.000000 0.000000 -207454.897532 87.008414 25.683875
4 298.150000 1.000000 0.000000 0.400000 0.100000 110.000000 0.000000 -207298.267436 45.700228 25.312238
4 298.150000 1.000000 0.000000 0.400000 0.100000 110.000000 0.000000 -207375.951281 61.935796 25.678353
3 298.150000 1.000000 0.000000 0.300000 0.100000 110.000000 0.000000 -207645.628628 96.282228 25.807803
3 298.150000 1.000000 0.000000 0.300000 0.100000 110.000000 0.000000 -207567.328109 69.151104 25.591617
3 298.150000 1.000000 0.000000 0.300000 0.100000 110.000000 0.000000 -207805.387803 63.833048 23.068107
3 298.150000 1.000000 0.000000 0.300000 0.100000 110.000000 0.000000 -206931.368451 67.178522 25.681063
4 298.150000 1.000000 0.000000 0.400000 0.100000 110.000000 0.000000 -207366.146441 80.536768 25.567393
5 298.150000 1.000000 0.000000 0.500000 0.100000 110.000000 0.000000 -207547.450529 64.738493 22.713290
3 298.150000 1.000000 0.000000 0.300000 0.100000 110.000000 0.000000 -207522.398504 97.976904 25.670101
5 298.150000 1.000000 0.000000 0.500000 0.100000 110.000000 0.000000 -207336.624297 71.979662 25.665625
4 298.150000 1.000000 0.000000 0.400000 0.100000 110.000000 0.000000 -207459.501723 69.538810 25.727983
2 298.150000 1.000000 0.000000 0.200000 0.100000 110.000000 0.000000 -207592.400522 71.885230 25.515112
2 298.150000 1.000000 0.000000 0.200000 0.100000 110.000000 0.000000 -207522.215088 69.516292 25.338051
3 298.150000 1.000000 0.000000 0.300000 0.100000 110.000000 0.000000 -207882.967613 87.217842 25.387783
4 298.150000 1.000000 0.000000 0.400000 0.100000 110.000000 0.000000 -207619.681174 36.293348 25.691450
3 298.150000 1.000000 0.000000 0.300000 0.100000 110.000000 0.000000 -207281.704693 87.097315 25.529361
2 298.150000 1.000000 0.000000 0.200000 0.100000 110.000000 0.000000 -207119.644678 86.689225 25.675263
2 298.150000 1.000000 0.000000 0.200000 0.100000 110.000000 0.000000 -207893.595138 126.341425 25.520228
2 298.150000 1.000000 0.000000 0.200000 0.100000 110.000000 0.000000 -207424.482987 113.176967 25.608216
1 298.150000 1.000000 0.000000 0.100000 0.100000 110.000000 0.000000 -207441.409910 87.646047 25.778760
1 298.150000 1.000000 0.000000 0.100000 0.100000 110.000000 0.000000 -207484.040133 131.908114 25.412411
1 298.150000 1.000000 0.000000 0.100000 0.100000 110.000000 0.000000 -207276.450278 143.133106 25.437832
1 298.150000 1.000000 0.000000 0.100000 0.100000 110.000000 0.000000 -207827.016751 130.339700 25.676909
1 298.150000 1.000000 0.000000 0.100000 0.100000 110.000000 0.000000 -207503.149843 117.951866 25.681681
1 298.150000 1.000000 0.000000 0.100000 0.100000 110.000000 0.000000 -207505.843292 139.557000 24.809488
1 298.150000 1.000000 0.000000 0.100000 0.100000 110.000000 0.000000 -207073.603813 144.472051 22.697893
1 298.150000 1.000000 0.000000 0.100000 0.100000 110.000000 0.000000 -207420.594389 141.509134 23.181133
1 298.150000 1.000000 0.000000 0.100000 0.100000 110.000000 0.000000 -207639.780878 124.601436 25.758048
1 298.150000 1.000000 0.000000 0.100000 0.100000 110.000000 0.000000 -207402.764260 177.180839 25.219787
1 298.150000 1.000000 0.000000 0.100000 0.100000 110.000000 0.000000 -207414.323846 137.684725 24.684914
1 298.150000 1.000000 0.000000 0.100000 0.100000 110.000000 0.000000 -207350.713617 126.069212 25.668992
1 298.150000 1.000000 0.000000 0.100000 0.100000 110.000000 0.000000 -207869.600214 121.065971 23.654815
3 298.150000 1.000000 0.000000 0.300000 0.100000 110.000000 0.000000 -207499.043720 79.213756 25.071682
2 298.150000 1.000000 0.000000 0.200000 0.100000 110.000000 0.000000 -207971.620154 80.916757 25.327614
1 298.150000 1.000000 0.000000 0.100000 0.100000 110.000000 0.000000 -207636.411475 150.505925 25.485208
1 298.150000 1.000000 0.000000 0.100000 0.100000 110.000000 0.000000 -207178.987146 134.827136 25.729635
1 298.150000 1.000000 0.000000 0.100000 0.100000 110.000000 0.000000 -207349.924537 153.235372 23.558334
1 298.150000 1.000000 0.000000 0.100000 0.100000 110.000000 0.000000 -207257.275118 144.865477 22.580013
1 298.150000 1.000000 0.000000 0.100000 0.100000 110.000000 0.000000 -207082.067940 119.608622 25.469550
1 298.150000 1.000000 0.000000 0.100000 0.100000 110.000000 0.000000 -207680.771685 133.255772 24.319172
1 298.150000 1.000000 0.000000 0.100000 0.100000 110.000000 0.000000 -207591.465008 150.032423 25.999605
1 298.150000 1.000000 0.000000 0.100000 0.100000 110.000000 0.000000 -207645.619573 114.155086 25.852025
1 298.150000 1.000000 0.000000 0.100000 0.100000 110.000000 0.000000 -207631.870541 134.232919 25.407364
1 298.150000 1.000000 0.000000 0.100000 0.100000 110.000000 0.000000 -207335.900957 120.304424 25.732974
1 298.150000 1.000000 0.000000 0.100000 0.100000 110.000000 0.000000 -207556.260069 137.031880 25.617314
1 298.150000 1.000000 0.000000 0.100000 0.100000 110.000000 0.000000 -207476.444654 127.964189 25.247618
1 298.150000 1.000000 0.000000 0.100000 0.100000 110.000000 0.000000 -207428.931157 154.411716 25.804870
1 298.150000 1.000000 0.000000 0.100000 0.100000 110.000000 0.000000 -207619.799982 115.154442 25.930127
1 298.150000 1.000000 0.000000 0.100000 0.100000 110.000000 0.000000 -207442.377830 116.273175 25.964500
1 298.150000 1.000000 0.000000 0.100000 0.100000 110.000000 0.000000 -207446.209384 125.873668 25.794897
1 298.150000 1.000000 0.000000 0.100000 0.100000 110.000000 0.000000 -207543.677081 124.418356 25.921683
1 298.150000 1.000000 0.000000 0.100000 0.100000 110.000000 0.000000 -207340.956367 135.360892 24.194193
1 298.150000 1.000000 0.000000 0.100000 0.100000 110.000000 0.000000 -207590.774377 155.799966 21.983560
1 298.150000 1.000000 0.000000 0.100000 0.100000 110.000000 0.000000 -207149.813933 153.068293 22.889170
1 298.150000 1.000000 0.000000 0.100000 0.100000 110.000000 0.000000 -207351.035538 171.911455 23.838773
1 298.150000 1.000000 0.000000 0.100000 0.100000 110.000000 0.000000 -207352.758215 178.138952 23.228783
1 298.150000 1.000000 0.000000 0.100000 0.100000 110.000000 0.000000 -207296.930370 142.149360 25.072907
1 298.150000 1.000000 0.000000 0.100000 0.100000 110.000000 0.000000 -207693.568636 126.850369 24.556113
1 298.150000 1.000000 0.000000 0.100000 0.100000 110.000000 0.000000 -207525.123213 136.019998 24.162272
1 298.150000 1.000000 0.000000 0.100000 0.100000 110.000000 0.000000 -207479.429126 84.485472 25.631886
5 298.150000 1.000000 0.000000 0.500000 0.100000 110.000000 0.000000 -207354.463081 55.385737 23.193025
1 298.150000 1.000000 0.000000 0.100000 0.100000 110.000000 0.000000 -207676.362564 128.952902 25.230898
1 298.150000 1.000000 0.000000 0.100000 0.100000 110.000000 0.000000 -207525.676291 123.717899 24.815913
1 298.150000 1.000000 0.000000 0.100000 0.100000 110.000000 0.000000 -207437.269510 130.543010 23.893842
1 298.150000 1.000000 0.000000 0.100000 0.100000 110.000000 0.000000 -207517.167837 188.146851 21.800505
1 298.150000 1.000000 0.000000 0.100000 0.100000 110.000000 0.000000 -207677.132740 88.681756 25.371851
3 298.150000 1.000000 0.000000 0.300000 0.100000 110.000000 0.000000 -207741.752905 95.776289 23.525351
3 298.150000 1.000000 0.000000 0.300000 0.100000 110.000000 0.000000 -207503.541372 34.735059 25.197752
3 298.150000 1.000000 0.000000 0.300000 0.100000 110.000000 0.000000 -207244.098559 90.312222 25.134539
5 298.150000 1.000000 0.000000 0.500000 0.100000 110.000000 0.000000 -207137.992484 41.982714 25.490317
3 298.150000 1.000000 0.000000 0.300000 0.100000 110.000000 0.000000 -207081.663162 77.149143 25.611438
3 298.150000 1.000000 0.000000 0.300000 0.100000 110.000000 0.000000 -207582.382023 77.013616 25.676573
