14 298.150000 -1.000000 0.200000 0.500000 0.100000 110.000000 0.000000 -206048.920407 5.529470 25.731651
12 298.150000 -1.000000 0.400000 0.500000 0.100000 110.000000 0.000000 -206029.715622 0.370251 24.190751
13 298.150000 -1.000000 0.300000 0.500000 0.100000 110.000000 0.000000 -205975.061818 4.591716 25.702286
13 298.150000 -1.000000 0.300000 0.500000 0.100000 110.000000 0.000000 -205697.746663 5.350835 25.872172
13 298.150000 -1.000000 0.300000 0.500000 0.100000 110.000000 0.000000 -205950.904192 12.835161 25.316621
13 298.150000 -1.000000 0.300000 0.500000 0.100000 110.000000 0.000000 -205821.077962 0.577008 25.816474
13 298.150000 -1.000000 0.300000 0.500000 0.100000 110.000000 0.000000 -205904.079953 4.568479 26.012681
11 298.150000 -1.000000 0.500000 0.500000 0.100000 110.000000 0.000000 -206222.331381 3.256411 25.978677
13 298.150000 -1.000000 0.300000 0.500000 0.100000 110.000000 0.000000 -206156.122181 8.680157 25.986344
13 298.150000 -1.000000 0.300000 0.500000 0.100000 110.000000 0.000000 -205894.237984 9.918597 25.886492
13 298.150000 -1.000000 0.300000 0.500000 0.100000 110.000000 0.000000 -206347.131890 1.722126 25.665472
10 298.150000 1.000000 0.500000 0.500000 0.100000 110.000000 0.000000 -206204.211783 -0.195222 24.627154
10 298.150000 1.000000 0.500000 0.500000 0.100000 110.000000 0.000000 -206401.449326 -1.253196 25.963733
12 298.150000 -1.000000 0.400000 0.500000 0.100000 110.000000 0.000000 -206031.565190 2.288064 25.795612
11 298.150000 -1.000000 0.500000 0.500000 0.100000 110.000000 0.000000 -206471.004083 -5.298487 25.791996
12 298.150000 -1.000000 0.400000 0.500000 0.100000 110.000000 0.000000 -206319.646723 0.231289 25.359901
13 298.150000 -1.000000 0.300000 0.500000 0.100000 110.000000 0.000000 -206358.671029 9.054066 25.249024
14 298.150000 -1.000000 0.200000 0.500000 0.100000 110.000000 0.000000 -205765.848767 13.916551 25.491616
14 298.150000 -1.000000 0.200000 0.500000 0.100000 110.000000 0.000000 -206058.844465 6.986963 25.047682
15 298.150000 -1.000000 0.100000 0.500000 0.100000 110.000000 0.000000 -205484.191342 18.914312 26.006862
15 298.150000 -1.000000 0.100000 0.500000 0.100000 110.000000 0.000000 -205912.634468 13.561396 25.815911
14 298.150000 -1.000000 0.200000 0.500000 0.100000 110.000000 0.000000 -206457.841742 7.209421 25.370667
12 298.150000 -1.000000 0.400000 0.500000 0.100000 110.000000 0.000000 -206280.409179 0.940523 26.009252
11 298.150000 -1.000000 0.500000 0.500000 0.100000 110.000000 0.000000 -206041.236842 -1.935713 25.771724
13 298.150000 -1.000000 0.300000 0.500000 0.100000 110.000000 0.000000 -205843.495801 9.398983 25.597926
14 298.150000 -1.000000 0.200000 0.500000 0.100000 110.000000 0.000000 -206033.392800 13.921203 25.830910
15 298.150000 -1.000000 0.100000 0.500000 0.100000 110.000000 0.000000 -206093.320316 13.460881 25.931522
15 298.150000 -1.000000 0.100000 0.500000 0.100000 110.000000 0.000000 -206219.583856 15.561505 26.020819
15 298.150000 -1.000000 0.100000 0.500000 0.100000 110.000000 0.000000 -206062.732501 25.604305 25.950079
15 298.150000 -1.000000 0.100000 0.500000 0.100000 110.000000 0.000000 -205950.519694 8.217923 25.846459
15 298.150000 -1.000000 0.100000 0.500000 0.100000 110.000000 0.000000 -206355.154045 15.372647 25.617456
15 298.150000 -1.000000 0.100000 0.500000 0.100000 110.000000 0.000000 -205805.818016 18.068104 25.956137
15 298.150000 -1.000000 0.100000 0.500000 0.100000 110.000000 0.000000 -205982.875431 19.838632 25.928838
15 298.150000 -1.000000 0.100000 0.500000 0.100000 110.000000 0.000000 -206044.571036 24.713375 25.935230
15 298.150000 -1.000000 0.100000 0.500000 0.100000 110.000000 0.000000 -206169.236250 34.296537 25.993431
19 298.150000 -1.000000 0.000000 0.200000 0.100000 110.000000 0.000000 -205964.940962 92.766712 24.864802
19 298.150000 -1.000000 0.000000 0.200000 0.100000 110.000000 0.000000 -206108.901383 81.134778 25.253162
16 298.150000 -1.000000 0.000000 0.500000 0.100000 110.000000 0.000000 -205926.884079 80.013551 26.021506
18 298.150000 -1.000000 0.000000 0.300000 0.100000 110.000000 0.000000 -205910.696900 76.270206 25.618952
18 298.150000 -1.000000 0.000000 0.300000 0.100000 110.000000 0.000000 -205641.960989 59.375799 25.752707
16 298.150000 -1.000000 0.000000 0.500000 0.100000 110.000000 0.000000 -206316.094645 81.877986 25.655726
16 298.150000 -1.000000 0.000000 0.500000 0.100000 110.000000 0.000000 -205889.536633 81.877152 25.952423
17 298.150000 -1.000000 0.000000 0.400000 0.100000 110.000000 0.000000 -206235.572714 69.329236 25.949989
16 298.150000 -1.000000 0.000000 0.500000 0.100000 110.000000 0.000000 -206272.850114 66.796393 25.650942
16 298.150000 -1.000000 0.000000 0.500000 0.100000 110.000000 0.000000 -205877.174725 21.778864 25.125149
18 298.150000 -1.000000 0.000000 0.300000 0.100000 110.000000 0.000000 -206230.509548 45.299842 25.277812
16 298.150000 -1.000000 0.000000 0.500000 0.100000 110.000000 0.000000 -206050.007322 86.321339 26.017202
19 298.150000 -1.000000 0.000000 0.200000 0.100000 110.000000 0.000000 -206642.051926 100.069415 25.414107
17 298.150000 -1.000000 0.000000 0.400000 0.100000 110.000000 0.000000 -206048.348230 60.104579 25.244030
17 298.150000 -1.000000 0.000000 0.400000 0.100000 110.000000 0.000000 -206161.637642 82.974918 26.020428
19 298.150000 -1.000000 0.000000 0.200000 0.100000 110.000000 0.000000 -205987.947350 97.845006 25.532721
17 298.150000 -1.000000 0.000000 0.400000 0.100000 110.000000 0.000000 -206131.213828 45.736662 25.233430
17 298.150000 -1.000000 0.000000 0.400000 0.100000 110.000000 0.000000 -206391.568785 96.142420 25.438919
17 298.150000 -1.000000 0.000000 0.400000 0.100000 110.000000 0.000000 -206217.438564 69.049480 25.380291
17 298.150000 -1.000000 0.000000 0.400000 0.100000 110.000000 0.000000 -206210.794776 35.477459 24.688294
18 298.150000 -1.000000 0.000000 0.300000 0.100000 110.000000 0.000000 -205720.234066 70.599043 25.610945
18 298.150000 -1.000000 0.000000 0.300000 0.100000 110.000000 0.000000 -205790.316099 49.296988 25.972490
19 298.150000 -1.000000 0.000000 0.200000 0.100000 110.000000 0.000000 -206282.655123 55.848822 25.836971
19 298.150000 -1.000000 0.000000 0.200000 0.100000 110.000000 0.000000 -206188.652101 92.853466 25.858102
19 298.150000 -1.000000 0.000000 0.200000 0.100000 110.000000 0.000000 -206137.677262 76.557713 26.021417
20 298.150000 -1.000000 0.000000 0.100000 0.100000 110.000000 0.000000 -206059.389087 117.828378 25.832887
19 298.150000 -1.000000 0.000000 0.200000 0.100000 110.000000 0.000000 -205980.358671 114.505690 25.988672
20 298.150000 -1.000000 0.000000 0.100000 0.100000 110.000000 0.000000 -205996.993718 130.853013 25.588566
20 298.150000 -1.000000 0.000000 0.100000 0.100000 110.000000 0.000000 -206200.881917 190.418883 25.964196
20 298.150000 -1.000000 0.000000 0.100000 0.100000 110.000000 0.000000 -206423.107078 129.299686 25.838451
20 298.150000 -1.000000 0.000000 0.100000 0.100000 110.000000 0.000000 -206241.419480 122.305175 25.477749
20 298.150000 -1.000000 0.000000 0.100000 0.100000 110.000000 0.000000 -206292.480363 113.060409 25.793386
20 298.150000 -1.000000 0.000000 0.100000 0.100000 110.000000 0.000000 -205792.287616 134.831943 25.121895
20 298.150000 -1.000000 0.000000 0.100000 0.100000 110.000000 0.000000 -206369.937455 43.743790 25.143690
16 298.150000 -1.000000 0.000000 0.500000 0.100000 110.000000 0.000000 -206128.094314 87.846101 25.959153
17 298.150000 -1.000000 0.000000 0.400000 0.100000 110.000000 0.000000 -206076.286687 23.543308 25.496085
20 298.150000 -1.000000 0.000000 0.100000 0.100000 110.000000 0.000000 -206139.366113 82.348878 24.962753
20 298.150000 -1.000000 0.000000 0.100000 0.100000 110.000000 0.000000 -206181.226669 45.143799 25.787053
17 298.150000 -1.000000 0.000000 0.400000 0.100000 110.000000 0.000000 -206087.135209 54.914660 25.891721
19 298.150000 -1.000000 0.000000 0.200000 0.100000 110.000000 0.000000 -205732.439229 98.177507 25.480604
19 298.150000 -1.000000 0.000000 0.200000 0.100000 110.000000 0.000000 -205648.431463 68.270955 25.973367
16 298.150000 -1.000000 0.000000 0.500000 0.100000 110.000000 0.000000 -205981.428811 27.038958 25.457073
18 298.150000 -1.000000 0.000000 0.300000 0.100000 110.000000 0.000000 -205872.055320 19.970267 25.785598
17 298.150000 -1.000000 0.000000 0.400000 0.100000 110.000000 0.000000 -206272.398935 82.650702 26.006046
17 298.150000 -1.000000 0.000000 0.400000 0.100000 110.000000 0.000000 -206287.553663 62.051034 25.478507
19 298.150000 -1.000000 0.000000 0.200000 0.100000 110.000000 0.000000 -205877.254432 70.906347 25.986188
16 298.150000 -1.000000 0.000000 0.500000 0.100000 110.000000 0.000000 -205783.713729 87.292462 25.517416
16 298.150000 -1.000000 0.000000 0.500000 0.100000 110.000000 0.000000 -206003.352355 76.061803 25.531156
17 298.150000 -1.000000 0.000000 0.400000 0.100000 110.000000 0.000000 -205899.183027 56.323475 25.543091
17 298.150000 -1.000000 0.000000 0.400000 0.100000 110.000000 0.000000 -206156.441253 66.507944 25.523056
16 298.150000 -1.000000 0.000000 0.500000 0.100000 110.000000 0.000000 -206361.525264 53.572859 25.841937
18 298.150000 -1.000000 0.000000 0.300000 0.100000 110.000000 0.000000 -206123.488177 67.089860 25.834036
18 298.150000 -1.000000 0.000000 0.300000 0.100000 110.000000 0.000000 -206096.409848 66.387998 25.491800
17 298.150000 -1.000000 0.000000 0.400000 0.100000 110.000000 0.000000 -205854.188088 86.320643 26.012183
16 298.150000 -1.000000 0.000000 0.500000 0.100000 110.000000 0.000000 -205615.582608 35.760011 25.917035
17 298.150000 -1.000000 0.000000 0.400000 0.100000 110.000000 0.000000 -206423.378399 48.194454 25.881367
18 298.150000 -1.000000 0.000000 0.300000 0.100000 110.000000 0.000000 -206039.804509 85.167858 25.925695
19 298.150000 -1.000000 0.000000 0.200000 0.100000 110.000000 0.000000 -206363.162842 72.193613 25.215628
20 298.150000 -1.000000 0.000000 0.100000 0.100000 110.000000 0.000000 -206033.642013 131.918960 25.514747
20 298.150000 -1.000000 0.000000 0.100000 0.100000 110.000000 0.000000 -206325.634771 115.577322 25.083615
19 298.150000 -1.000000 0.000000 0.200000 0.100000 110.000000 0.000000 -206189.945157 86.277037 25.684275
17 298.150000 -1.000000 0.000000 0.400000 0.100000 110.000000 0.000000 -205997.411238 46.592694 25.871126
17 298.150000 -1.000000 0.000000 0.400000 0.100000 110.000000 0.000000 -206120.242284 58.907873 25.608703
17 298.150000 -1.000000 0.000000 0.400000 0.100000 110.000000 0.000000 -206551.931579 92.570823 25.700983
18 298.150000 -1.000000 0.000000 0.300000 0.100000 110.000000 0.000000 -206237.854967 60.841167 25.982894
19 298.150000 -1.000000 0.000000 0.200000 0.100000 110.000000 0.000000 -206183.417519 118.766378 25.939230
19 298.150000 -1.000000 0.000000 0.200000 0.100000 110.000000 0.000000 -205956.738541 69.894485 25.552665
17 298.150000 -1.000000 0.000000 0.400000 0.100000 110.000000 0.000000 -206061.117019 39.390975 25.778107
16 298.150000 -1.000000 0.000000 0.500000 0.100000 110.000000 0.000000 -206243.225228 45.163538 25.236478
18 298.150000 -1.000000 0.000000 0.300000 0.100000 110.000000 0.000000 -205977.325588 108.013119 25.835260
20 298.150000 -1.000000 0.000000 0.100000 0.100000 110.000000 0.000000 -205852.019096 115.637013 24.912286
20 298.150000 -1.000000 0.000000 0.100000 0.100000 110.000000 0.000000 -205810.763525 76.757504 25.419238
20 298.150000 -1.000000 0.000000 0.100000 0.100000 110.000000 0.000000 -206078.197915 113.186676 25.891512
20 298.150000 -1.000000 0.000000 0.100000 0.100000 110.000000 0.000000 -206440.087833 110.436687 25.200229
18 298.150000 -1.000000 0.000000 0.300000 0.100000 110.000000 0.000000 -206268.614400 52.045108 25.839741
16 298.150000 -1.000000 0.000000 0.500000 0.100000 110.000000 0.000000 -205703.908906 53.871309 25.445472
16 298.150000 -1.000000 0.000000 0.500000 0.100000 110.000000 0.000000 -206024.430114 40.353307 25.515574
17 298.150000 -1.000000 0.000000 0.400000 0.100000 110.000000 0.000000 -206141.544512 83.295593 25.818504
18 298.150000 -1.000000 0.000000 0.300000 0.100000 110.000000 0.000000 -206122.715013 21.479304 25.872987
15 298.150000 -1.000000 0.100000 0.500000 0.100000 110.000000 0.000000 -205787.607314 39.695008 25.860980
15 298.150000 -1.000000 0.100000 0.500000 0.100000 110.000000 0.000000 -206176.949550 38.121584 25.559585
15 298.150000 -1.000000 0.100000 0.500000 0.100000 110.000000 0.000000 -206326.298056 25.916987 25.955384
15 298.150000 -1.000000 0.100000 0.500000 0.100000 110.000000 0.000000 -206037.216826 19.975470 25.949927
15 298.150000 -1.000000 0.100000 0.500000 0.100000 110.000000 0.000000 -205957.959562 34.377085 25.868564
15 298.150000 -1.000000 0.100000 0.500000 0.100000 110.000000 0.000000 -206033.215850 15.888616 25.874056
15 298.150000 -1.000000 0.100000 0.500000 0.100000 110.000000 0.000000 -206242.562080 20.952658 24.722380
15 298.150000 -1.000000 0.100000 0.500000 0.100000 110.000000 0.000000 -206319.319064 18.902525 25.682851
14 298.150000 -1.000000 0.200000 0.500000 0.100000 110.000000 0.000000 -206439.860110 31.390707 25.607689
14 298.150000 -1.000000 0.200000 0.500000 0.100000 110.000000 0.000000 -205986.087544 17.284354 25.164467
14 298.150000 -1.000000 0.200000 0.500000 0.100000 110.000000 0.000000 -205931.981442 10.219637 25.658629
14 298.150000 -1.000000 0.200000 0.500000 0.100000 110.000000 0.000000 -205959.721470 10.077609 25.955059
13 298.150000 -1.000000 0.300000 0.500000 0.100000 110.000000 0.000000 -205959.071787 11.475962 25.285993
