19 298.150000 -1.000000 0.000000 0.200000 0.100000 110.000000 0.000000 -205960.692717 114.418820 26.002019
19 298.150000 -1.000000 0.000000 0.200000 0.100000 110.000000 0.000000 -206556.794359 84.205369 25.477453
18 298.150000 -1.000000 0.000000 0.300000 0.100000 110.000000 0.000000 -205610.840631 65.736527 25.585730
17 298.150000 -1.000000 0.000000 0.400000 0.100000 110.000000 0.000000 -206204.473713 73.846181 25.818876
17 298.150000 -1.000000 0.000000 0.400000 0.100000 110.000000 0.000000 -206524.508859 88.384543 25.708302
17 298.150000 -1.000000 0.000000 0.400000 0.100000 110.000000 0.000000 -205710.498296 88.904710 25.962550
17 298.150000 -1.000000 0.000000 0.400000 0.100000 110.000000 0.000000 -206001.334411 78.701341 25.999868
20 298.150000 -1.000000 0.000000 0.100000 0.100000 110.000000 0.000000 -205983.340457 134.417986 25.596270
20 298.150000 -1.000000 0.000000 0.100000 0.100000 110.000000 0.000000 -206007.505362 129.174648 25.706161
20 298.150000 -1.000000 0.000000 0.100000 0.100000 110.000000 0.000000 -206188.452488 94.018338 25.607813
19 298.150000 -1.000000 0.000000 0.200000 0.100000 110.000000 0.000000 -205749.249460 42.183951 25.793914
17 298.150000 -1.000000 0.000000 0.400000 0.100000 110.000000 0.000000 -206104.508239 76.240028 25.824636
17 298.150000 -1.000000 0.000000 0.400000 0.100000 110.000000 0.000000 -205788.984484 112.172470 25.902299
19 298.150000 -1.000000 0.000000 0.200000 0.100000 110.000000 0.000000 -206075.821095 67.430587 25.971482
16 298.150000 -1.000000 0.000000 0.500000 0.100000 110.000000 0.000000 -206260.781782 45.290587 25.856648
18 298.150000 -1.000000 0.000000 0.300000 0.100000 110.000000 0.000000 -205901.737184 38.499090 24.902176
17 298.150000 -1.000000 0.000000 0.400000 0.100000 110.000000 0.000000 -205664.319369 42.935016 25.566537
17 298.150000 -1.000000 0.000000 0.400000 0.100000 110.000000 0.000000 -205888.104747 78.761904 25.201110
19 298.150000 -1.000000 0.000000 0.200000 0.100000 110.000000 0.000000 -205682.183502 84.827409 25.573043
19 298.150000 -1.000000 0.000000 0.200000 0.100000 110.000000 0.000000 -206060.945081 78.056657 25.978685
18 298.150000 -1.000000 0.000000 0.300000 0.100000 110.000000 0.000000 -206078.370959 104.760827 25.981593
20 298.150000 -1.000000 0.000000 0.100000 0.100000 110.000000 0.000000 -206040.956101 101.258262 25.905986
20 298.150000 -1.000000 0.000000 0.100000 0.100000 110.000000 0.000000 -206306.435778 109.936432 25.925753
20 298.150000 -1.000000 0.000000 0.100000 0.100000 110.000000 0.000000 -205933.663695 76.467169 25.071945
17 298.150000 -1.000000 0.000000 0.400000 0.100000 110.000000 0.000000 -206002.672731 85.730888 25.692896
17 298.150000 -1.000000 0.000000 0.400000 0.100000 110.000000 0.000000 -205944.308006 52.819646 25.214336
19 298.150000 -1.000000 0.000000 0.200000 0.100000 110.000000 0.000000 -206080.409425 122.105405 25.743076
19 298.150000 -1.000000 0.000000 0.200000 0.100000 110.000000 0.000000 -206164.247070 55.300072 25.533003
19 298.150000 -1.000000 0.000000 0.200000 0.100000 110.000000 0.000000 -205974.781977 86.463085 25.735263
20 298.150000 -1.000000 0.000000 0.100000 0.100000 110.000000 0.000000 -206023.122805 140.912190 25.635881
20 298.150000 -1.000000 0.000000 0.100000 0.100000 110.000000 0.000000 -206221.948236 136.690110 25.501287
20 298.150000 -1.000000 0.000000 0.100000 0.100000 110.000000 0.000000 -206369.685644 95.009557 25.957220
19 298.150000 -1.000000 0.000000 0.200000 0.100000 110.000000 0.000000 -206078.935763 59.305581 25.847378
17 298.150000 -1.000000 0.000000 0.400000 0.100000 110.000000 0.000000 -206035.881016 52.676486 25.592230
18 298.150000 -1.000000 0.000000 0.300000 0.100000 110.000000 0.000000 -206195.603854 87.146338 25.980170
17 298.150000 -1.000000 0.000000 0.400000 0.100000 110.000000 0.000000 -206101.257286 60.046690 25.774471
18 298.150000 -1.000000 0.000000 0.300000 0.100000 110.000000 0.000000 -206289.651883 84.217109 25.424232
19 298.150000 -1.000000 0.000000 0.200000 0.100000 110.000000 0.000000 -206283.099051 77.306346 25.773216
16 298.150000 -1.000000 0.000000 0.500000 0.100000 110.000000 0.000000 -206016.492638 81.851944 25.761358
16 298.150000 -1.000000 0.000000 0.500000 0.100000 110.000000 0.000000 -205786.862153 72.112793 25.845690
20 298.150000 -1.000000 0.000000 0.100000 0.100000 110.000000 0.000000 -206061.148462 41.771601 24.824498
17 298.150000 -1.000000 0.000000 0.400000 0.100000 110.000000 0.000000 -206066.451756 36.786997 25.984900
19 298.150000 -1.000000 0.000000 0.200000 0.100000 110.000000 0.000000 -205854.921811 66.203393 24.492725
20 298.150000 -1.000000 0.000000 0.100000 0.100000 110.000000 0.000000 -206334.390027 72.262279 25.150621
18 298.150000 -1.000000 0.000000 0.300000 0.100000 110.000000 0.000000 -206139.349782 62.647792 25.934261
20 298.150000 -1.000000 0.000000 0.100000 0.100000 110.000000 0.000000 -205997.052339 109.116213 25.140334
20 298.150000 -1.000000 0.000000 0.100000 0.100000 110.000000 0.000000 -206131.137106 99.161024 25.175316
17 298.150000 -1.000000 0.000000 0.400000 0.100000 110.000000 0.000000 -206360.939362 65.271224 25.421747
16 298.150000 -1.000000 0.000000 0.500000 0.100000 110.000000 0.000000 -206093.797280 51.694127 25.710343
16 298.150000 -1.000000 0.000000 0.500000 0.100000 110.000000 0.000000 -205854.491912 69.542950 26.018866
16 298.150000 -1.000000 0.000000 0.500000 0.100000 110.000000 0.000000 -206277.192379 67.772243 25.884254
16 298.150000 -1.000000 0.000000 0.500000 0.100000 110.000000 0.000000 -205670.190654 65.814834 25.320957
16 298.150000 -1.000000 0.000000 0.500000 0.100000 110.000000 0.000000 -205991.260583 83.131551 25.853325
16 298.150000 -1.000000 0.000000 0.500000 0.100000 110.000000 0.000000 -205839.315015 69.603742 25.380060
16 298.150000 -1.000000 0.000000 0.500000 0.100000 110.000000 0.000000 -206002.185148 52.985929 25.846189
17 298.150000 -1.000000 0.000000 0.400000 0.100000 110.000000 0.000000 -206031.745053 74.615699 25.384979
17 298.150000 -1.000000 0.000000 0.400000 0.100000 110.000000 0.000000 -206203.776734 72.625691 25.630576
16 298.150000 -1.000000 0.000000 0.500000 0.100000 110.000000 0.000000 -206160.219504 88.303721 25.936418
16 298.150000 -1.000000 0.000000 0.500000 0.100000 110.000000 0.000000 -205945.152046 91.155455 25.764513
16 298.150000 -1.000000 0.000000 0.500000 0.100000 110.000000 0.000000 -206415.431582 22.527249 25.829670
15 298.150000 -1.000000 0.100000 0.500000 0.100000 110.000000 0.000000 -206147.112103 18.745960 25.554145
15 298.150000 -1.000000 0.100000 0.500000 0.100000 110.000000 0.000000 -205732.314753 17.254457 25.478914
15 298.150000 -1.000000 0.100000 0.500000 0.100000 110.000000 0.000000 -205947.782975 21.867073 25.956144
14 298.150000 -1.000000 0.200000 0.500000 0.100000 110.000000 0.000000 -206222.453186 15.088630 25.787338
14 298.150000 -1.000000 0.200000 0.500000 0.100000 110.000000 0.000000 -205892.609381 11.306502 25.584404
13 298.150000 -1.000000 0.300000 0.500000 0.100000 110.000000 0.000000 -206219.892875 2.937212 25.965609
12 298.150000 -1.000000 0.400000 0.500000 0.100000 110.000000 0.000000 -206379.027777 1.804009 25.981218
12 298.150000 -1.000000 0.400000 0.500000 0.100000 110.000000 0.000000 -206324.183629 4.898627 25.980879
12 298.150000 -1.000000 0.400000 0.500000 0.100000 110.000000 0.000000 -206307.804886 1.029435 25.887882
12 298.150000 -1.000000 0.400000 0.500000 0.100000 110.000000 0.000000 -205695.629607 -0.975455 26.007243
8 298.150000 1.000000 0.300000 0.500000 0.100000 110.000000 0.000000 -206235.561209 2.128776 25.937879
8 298.150000 1.000000 0.300000 0.500000 0.100000 110.000000 0.000000 -205880.539030 2.605580 25.279426
11 298.150000 -1.000000 0.500000 0.500000 0.100000 110.000000 0.000000 -206007.870500 0.165618 25.879264
11 298.150000 -1.000000 0.500000 0.500000 0.100000 110.000000 0.000000 -206199.333320 -3.604291 25.579973
11 298.150000 -1.000000 0.500000 0.500000 0.100000 110.000000 0.000000 -206132.633287 -1.598793 25.523240
11 298.150000 -1.000000 0.500000 0.500000 0.100000 110.000000 0.000000 -205992.157223 -5.086376 25.638136
11 298.150000 -1.000000 0.500000 0.500000 0.100000 110.000000 0.000000 -206234.970060 3.338592 25.227295
11 298.150000 -1.000000 0.500000 0.500000 0.100000 110.000000 0.000000 -205974.603973 4.666307 25.116074
10 298.150000 1.000000 0.500000 0.500000 0.100000 110.000000 0.000000 -206263.671816 -3.500983 25.968759
10 298.150000 1.000000 0.500000 0.500000 0.100000 110.000000 0.000000 -206361.893466 -2.520733 26.005377
10 298.150000 1.000000 0.500000 0.500000 0.100000 110.000000 0.000000 -206130.599379 -0.261504 25.950684
10 298.150000 1.000000 0.500000 0.500000 0.100000 110.000000 0.000000 -206404.365981 7.337990 25.902391
7 298.150000 1.000000 0.200000 0.500000 0.100000 110.000000 0.000000 -206130.366903 9.299387 25.852232
7 298.150000 1.000000 0.200000 0.500000 0.100000 110.000000 0.000000 -206305.534699 30.635279 24.163844
7 298.150000 1.000000 0.200000 0.500000 0.100000 110.000000 0.000000 -206246.071449 5.118006 25.839964
10 298.150000 1.000000 0.500000 0.500000 0.100000 110.000000 0.000000 -206184.604400 0.539596 25.319851
13 298.150000 -1.000000 0.300000 0.500000 0.100000 110.000000 0.000000 -206328.092202 5.272211 25.257879
13 298.150000 -1.000000 0.300000 0.500000 0.100000 110.000000 0.000000 -206392.193248 11.703303 25.783428
13 298.150000 -1.000000 0.300000 0.500000 0.100000 110.000000 0.000000 -206521.886282 6.797262 25.694703
13 298.150000 -1.000000 0.300000 0.500000 0.100000 110.000000 0.000000 -205977.203658 0.352999 25.749025
12 298.150000 -1.000000 0.400000 0.500000 0.100000 110.000000 0.000000 -206242.280401 8.871776 25.993083
12 298.150000 -1.000000 0.400000 0.500000 0.100000 110.000000 0.000000 -206049.770163 1.465918 25.654036
14 298.150000 -1.000000 0.200000 0.500000 0.100000 110.000000 0.000000 -206096.900547 12.815200 25.586519
15 298.150000 -1.000000 0.100000 0.500000 0.100000 110.000000 0.000000 -206066.109203 30.088734 24.754057
15 298.150000 -1.000000 0.100000 0.500000 0.100000 110.000000 0.000000 -206083.457378 9.211764 25.395693
15 298.150000 -1.000000 0.100000 0.500000 0.100000 110.000000 0.000000 -206053.913926 18.771877 25.964511
15 298.150000 -1.000000 0.100000 0.500000 0.100000 110.000000 0.000000 -206205.629867 24.011063 25.776339
14 298.150000 -1.000000 0.200000 0.500000 0.100000 110.000000 0.000000 -206253.459640 18.801149 25.998533
15 298.150000 -1.000000 0.100000 0.500000 0.100000 110.000000 0.000000 -205821.148442 11.560819 25.588203
15 298.150000 -1.000000 0.100000 0.500000 0.100000 110.000000 0.000000 -206188.464747 3.741797 26.005869
13 298.150000 -1.000000 0.300000 0.500000 0.100000 110.000000 0.000000 -206186.381284 0.657550 25.597150
10 298.150000 1.000000 0.500000 0.500000 0.100000 110.000000 0.000000 -206031.493973 -2.553729 25.867335
10 298.150000 1.000000 0.500000 0.500000 0.100000 110.000000 0.000000 -206501.737650 -3.992374 25.944159
9 298.150000 1.000000 0.400000 0.500000 0.100000 110.000000 0.000000 -206303.896107 1.927575 25.925983
9 298.150000 1.000000 0.400000 0.500000 0.100000 110.000000 0.000000 -206140.483189 3.361123 26.016770
9 298.150000 1.000000 0.400000 0.500000 0.100000 110.000000 0.000000 -206273.787355 1.036529 25.463734
9 298.150000 1.000000 0.400000 0.500000 0.100000 110.000000 0.000000 -206021.847375 -1.702865 25.058750
10 298.150000 1.000000 0.500000 0.500000 0.100000 110.000000 0.000000 -205949.153955 -0.089868 25.502421
10 298.150000 1.000000 0.500000 0.500000 0.100000 110.000000 0.000000 -206336.226981 2.724171 25.736560
8 298.150000 1.000000 0.300000 0.500000 0.100000 110.000000 0.000000 -206552.150824 0.842304 25.872969
10 298.150000 1.000000 0.500000 0.500000 0.100000 110.000000 0.000000 -206027.964816 -2.402275 25.539471
9 298.150000 1.000000 0.400000 0.500000 0.100000 110.000000 0.000000 -206052.855004 -2.664763 25.438637
9 298.150000 1.000000 0.400000 0.500000 0.100000 110.000000 0.000000 -205884.345565 5.507732 25.516858
8 298.150000 1.000000 0.300000 0.500000 0.100000 110.000000 0.000000 -205812.823006 6.792099 25.033581
8 298.150000 1.000000 0.300000 0.500000 0.100000 110.000000 0.000000 -206190.814770 7.906412 24.285950
9 298.150000 1.000000 0.400000 0.500000 0.100000 110.000000 0.000000 -205864.941734 1.868675 24.586210
10 298.150000 1.000000 0.500000 0.500000 0.100000 110.000000 0.000000 -205975.680960 5.363903 25.902590
13 298.150000 -1.000000 0.300000 0.500000 0.100000 110.000000 0.000000 -206211.365294 15.831972 25.321515
14 298.150000 -1.000000 0.200000 0.500000 0.100000 110.000000 0.000000 -206473.875453 9.893964 25.404219
14 298.150000 -1.000000 0.200000 0.500000 0.100000 110.000000 0.000000 -206110.019317 6.991910 26.004565
14 298.150000 -1.000000 0.200000 0.500000 0.100000 110.000000 0.000000 -206452.902374 15.852361 25.267114
14 298.150000 -1.000000 0.200000 0.500000 0.100000 110.000000 0.000000 -206052.621278 3.976447 25.488724
13 298.150000 -1.000000 0.300000 0.500000 0.100000 110.000000 0.000000 -206068.486703 7.652847 25.515750
13 298.150000 -1.000000 0.300000 0.500000 0.100000 110.000000 0.000000 -205944.665705 6.594934 25.728170
12 298.150000 -1.000000 0.400000 0.500000 0.100000 110.000000 0.000000 -206165.502984 1.864340 25.394468
12 298.150000 -1.000000 0.400000 0.500000 0.100000 110.000000 0.000000 -206150.567219 1.540021 25.744371
14 298.150000 -1.000000 0.200000 0.500000 0.100000 110.000000 0.000000 -205711.794647 16.839161 24.354722
