7 298.150000 1.000000 0.200000 0.500000 0.100000 110.000000 0.000000 -207197.115166 7.683975 25.662795
9 298.150000 1.000000 0.400000 0.500000 0.100000 110.000000 0.000000 -207446.027554 8.435119 25.318705
7 298.150000 1.000000 0.200000 0.500000 0.100000 110.000000 0.000000 -207557.286033 28.070594 25.462769
6 298.150000 1.000000 0.100000 0.500000 0.100000 110.000000 0.000000 -207451.711626 22.430045 25.223319
6 298.150000 1.000000 0.100000 0.500000 0.100000 110.000000 0.000000 -207252.730974 13.664420 25.638573
8 298.150000 1.000000 0.300000 0.500000 0.100000 110.000000 0.000000 -207392.977703 6.703144 25.700338
8 298.150000 1.000000 0.300000 0.500000 0.100000 110.000000 0.000000 -207177.505723 12.851567 25.568384
8 298.150000 1.000000 0.300000 0.500000 0.100000 110.000000 0.000000 -207378.147651 1.986668 25.591513
8 298.150000 1.000000 0.300000 0.500000 0.100000 110.000000 0.000000 -207235.919725 5.074488 25.623233
8 298.150000 1.000000 0.300000 0.500000 0.100000 110.000000 0.000000 -207326.573901 4.972045 25.453392
9 298.150000 1.000000 0.400000 0.500000 0.100000 110.000000 0.000000 -207234.098286 3.616127 25.716802
6 298.150000 1.000000 0.100000 0.500000 0.100000 110.000000 0.000000 -207448.744284 27.086564 25.644899
6 298.150000 1.000000 0.100000 0.500000 0.100000 110.000000 0.000000 -207741.137680 18.963623 25.355158
6 298.150000 1.000000 0.100000 0.500000 0.100000 110.000000 0.000000 -207180.692763 28.776980 25.782075
6 298.150000 1.000000 0.100000 0.500000 0.100000 110.000000 0.000000 -207409.346106 40.222545 25.381444
6 298.150000 1.000000 0.100000 0.500000 0.100000 110.000000 0.000000 -207333.956809 11.394792 25.497728
7 298.150000 1.000000 0.200000 0.500000 0.100000 110.000000 0.000000 -207786.060701 10.276623 25.426606
7 298.150000 1.000000 0.200000 0.500000 0.100000 110.000000 0.000000 -207650.642832 8.096520 25.490800
8 298.150000 1.000000 0.300000 0.500000 0.100000 110.000000 0.000000 -207542.600371 11.819924 25.639897
8 298.150000 1.000000 0.300000 0.500000 0.100000 110.000000 0.000000 -207442.644272 10.492973 25.141358
8 298.150000 1.000000 0.300000 0.500000 0.100000 110.000000 0.000000 -207371.127323 6.478966 25.576012
9 298.150000 1.000000 0.400000 0.500000 0.100000 110.000000 0.000000 -207236.379594 8.500556 25.266488
9 298.150000 1.000000 0.400000 0.500000 0.100000 110.000000 0.000000 -207495.587061 -1.730090 25.362732
9 298.150000 1.000000 0.400000 0.500000 0.100000 110.000000 0.000000 -207572.146392 2.515860 25.514111
9 298.150000 1.000000 0.400000 0.500000 0.100000 110.000000 0.000000 -207287.124503 -2.712618 25.699925
9 298.150000 1.000000 0.400000 0.500000 0.100000 110.000000 0.000000 -207644.698747 9.212616 25.048690
10 298.150000 1.000000 0.500000 0.500000 0.100000 110.000000 0.000000 -207038.546718 5.318162 25.599052
9 298.150000 1.000000 0.400000 0.500000 0.100000 110.000000 0.000000 -207527.379089 -0.605258 25.752410
10 298.150000 1.000000 0.500000 0.500000 0.100000 110.000000 0.000000 -207454.951537 0.363776 25.611917
10 298.150000 1.000000 0.500000 0.500000 0.100000 110.000000 0.000000 -207599.993024 -2.056921 25.220778
11 298.150000 -1.000000 0.500000 0.500000 0.100000 110.000000 0.000000 -207736.064518 5.334653 25.118567
9 298.150000 1.000000 0.400000 0.500000 0.100000 110.000000 0.000000 -207580.494407 4.212503 25.369578
9 298.150000 1.000000 0.400000 0.500000 0.100000 110.000000 0.000000 -207507.374473 1.059903 25.356987
10 298.150000 1.000000 0.500000 0.500000 0.100000 110.000000 0.000000 -207425.380059 0.441327 25.691576
12 298.150000 -1.000000 0.400000 0.500000 0.100000 110.000000 0.000000 -207919.125046 3.736404 25.329765
15 298.150000 -1.000000 0.100000 0.500000 0.100000 110.000000 0.000000 -207565.597569 26.290783 25.239655
15 298.150000 -1.000000 0.100000 0.500000 0.100000 110.000000 0.000000 -207703.948782 2.394385 25.622825
11 298.150000 -1.000000 0.500000 0.500000 0.100000 110.000000 0.000000 -207459.281654 -6.576653 25.352780
10 298.150000 1.000000 0.500000 0.500000 0.100000 110.000000 0.000000 -207587.753536 0.334655 25.519252
8 298.150000 1.000000 0.300000 0.500000 0.100000 110.000000 0.000000 -207680.510485 -2.223801 25.561211
8 298.150000 1.000000 0.300000 0.500000 0.100000 110.000000 0.000000 -206805.666332 4.325648 25.476491
9 298.150000 1.000000 0.400000 0.500000 0.100000 110.000000 0.000000 -207750.354882 5.924341 25.360272
7 298.150000 1.000000 0.200000 0.500000 0.100000 110.000000 0.000000 -207575.553327 16.514550 25.274920
6 298.150000 1.000000 0.100000 0.500000 0.100000 110.000000 0.000000 -207494.199285 3.960751 24.474362
7 298.150000 1.000000 0.200000 0.500000 0.100000 110.000000 0.000000 -207150.453902 15.622488 25.662412
6 298.150000 1.000000 0.100000 0.500000 0.100000 110.000000 0.000000 -207678.622866 20.598725 25.493991
6 298.150000 1.000000 0.100000 0.500000 0.100000 110.000000 0.000000 -207504.663838 43.512090 24.745554
6 298.150000 1.000000 0.100000 0.500000 0.100000 110.000000 0.000000 -207756.577089 10.141274 25.319234
6 298.150000 1.000000 0.100000 0.500000 0.100000 110.000000 0.000000 -207660.115349 25.371964 25.506333
6 298.150000 1.000000 0.100000 0.500000 0.100000 110.000000 0.000000 -207855.470755 34.066180 25.410393
6 298.150000 1.000000 0.100000 0.500000 0.100000 110.000000 0.000000 -207600.389425 39.064770 25.321026
6 298.150000 1.000000 0.100000 0.500000 0.100000 110.000000 0.000000 -207239.816996 2.827419 25.297474
8 298.150000 1.000000 0.300000 0.500000 0.100000 110.000000 0.000000 -207553.089357 16.402117 25.322998
7 298.150000 1.000000 0.200000 0.500000 0.100000 110.000000 0.000000 -207765.730771 7.355633 25.497238
7 298.150000 1.000000 0.200000 0.500000 0.100000 110.000000 0.000000 -207588.302103 10.611000 25.358955
7 298.150000 1.000000 0.200000 0.500000 0.100000 110.000000 0.000000 -207387.833056 -3.967163 25.107660
9 298.150000 1.000000 0.400000 0.500000 0.100000 110.000000 0.000000 -207168.021218 0.940140 25.590749
9 298.150000 1.000000 0.400000 0.500000 0.100000 110.000000 0.000000 -207709.313351 8.291681 25.846056
8 298.150000 1.000000 0.300000 0.500000 0.100000 110.000000 0.000000 -207438.912469 -0.079022 25.713303
11 298.150000 -1.000000 0.500000 0.500000 0.100000 110.000000 0.000000 -207534.991232 -2.112786 25.443158
11 298.150000 -1.000000 0.500000 0.500000 0.100000 110.000000 0.000000 -207520.571316 -2.726147 25.045106
11 298.150000 -1.000000 0.500000 0.500000 0.100000 110.000000 0.000000 -207540.536975 -0.733763 25.233068
12 298.150000 -1.000000 0.400000 0.500000 0.100000 110.000000 0.000000 -207601.234312 8.098193 25.547950
15 298.150000 -1.000000 0.100000 0.500000 0.100000 110.000000 0.000000 -207561.642132 53.989204 25.764500
19 298.150000 -1.000000 0.000000 0.200000 0.100000 110.000000 0.000000 -207490.937805 69.949388 25.529204
18 298.150000 -1.000000 0.000000 0.300000 0.100000 110.000000 0.000000 -207329.320833 44.557084 25.344956
17 298.150000 -1.000000 0.000000 0.400000 0.100000 110.000000 0.000000 -207167.598064 53.057866 25.517740
19 298.150000 -1.000000 0.000000 0.200000 0.100000 110.000000 0.000000 -207490.656903 89.457056 25.706249
20 298.150000 -1.000000 0.000000 0.100000 0.100000 110.000000 0.000000 -207211.203670 25.278879 25.550809
16 298.150000 -1.000000 0.000000 0.500000 0.100000 110.000000 0.000000 -207446.223047 87.737362 25.533356
16 298.150000 -1.000000 0.000000 0.500000 0.100000 110.000000 0.000000 -207464.197293 75.907514 25.127074
16 298.150000 -1.000000 0.000000 0.500000 0.100000 110.000000 0.000000 -207762.013698 31.738837 25.525080
16 298.150000 -1.000000 0.000000 0.500000 0.100000 110.000000 0.000000 -207285.937752 83.905869 25.251057
19 298.150000 -1.000000 0.000000 0.200000 0.100000 110.000000 0.000000 -207523.739579 108.304560 25.422409
19 298.150000 -1.000000 0.000000 0.200000 0.100000 110.000000 0.000000 -207484.968762 53.793359 25.671176
18 298.150000 -1.000000 0.000000 0.300000 0.100000 110.000000 0.000000 -207754.865269 58.905912 25.765079
18 298.150000 -1.000000 0.000000 0.300000 0.100000 110.000000 0.000000 -207100.898146 65.168199 25.630607
17 298.150000 -1.000000 0.000000 0.400000 0.100000 110.000000 0.000000 -207414.742826 55.130882 25.688484
17 298.150000 -1.000000 0.000000 0.400000 0.100000 110.000000 0.000000 -207616.441972 74.338637 25.640680
17 298.150000 -1.000000 0.000000 0.400000 0.100000 110.000000 0.000000 -207466.547468 88.336308 25.800648
16 298.150000 -1.000000 0.000000 0.500000 0.100000 110.000000 0.000000 -207233.678609 98.879396 25.646028
16 298.150000 -1.000000 0.000000 0.500000 0.100000 110.000000 0.000000 -207846.276429 68.332899 25.264702
16 298.150000 -1.000000 0.000000 0.500000 0.100000 110.000000 0.000000 -207574.725556 62.454140 25.640455
17 298.150000 -1.000000 0.000000 0.400000 0.100000 110.000000 0.000000 -207298.443946 62.298877 25.502545
16 298.150000 -1.000000 0.000000 0.500000 0.100000 110.000000 0.000000 -207541.791027 51.787618 25.639329
18 298.150000 -1.000000 0.000000 0.300000 0.100000 110.000000 0.000000 -207365.564363 70.786223 25.434214
18 298.150000 -1.000000 0.000000 0.300000 0.100000 110.000000 0.000000 -207624.412673 63.162883 25.757942
16 298.150000 -1.000000 0.000000 0.500000 0.100000 110.000000 0.000000 -207488.174216 78.268626 25.517451
16 298.150000 -1.000000 0.000000 0.500000 0.100000 110.000000 0.000000 -207469.549003 33.215547 25.104085
16 298.150000 -1.000000 0.000000 0.500000 0.100000 110.000000 0.000000 -207625.296519 60.196521 25.788274
17 298.150000 -1.000000 0.000000 0.400000 0.100000 110.000000 0.000000 -207866.141764 23.023123 25.571697
16 298.150000 -1.000000 0.000000 0.500000 0.100000 110.000000 0.000000 -207322.322916 63.281478 25.682666
20 298.150000 -1.000000 0.000000 0.100000 0.100000 110.000000 0.000000 -207455.783390 114.794102 25.595419
20 298.150000 -1.000000 0.000000 0.100000 0.100000 110.000000 0.000000 -207379.870213 87.920158 25.149599
20 298.150000 -1.000000 0.000000 0.100000 0.100000 110.000000 0.000000 -207739.799949 127.997214 25.547667
20 298.150000 -1.000000 0.000000 0.100000 0.100000 110.000000 0.000000 -207515.451573 140.961801 25.799705
20 298.150000 -1.000000 0.000000 0.100000 0.100000 110.000000 0.000000 -207438.255418 34.952231 25.746290
18 298.150000 -1.000000 0.000000 0.300000 0.100000 110.000000 0.000000 -207669.893902 73.901347 25.453729
18 298.150000 -1.000000 0.000000 0.300000 0.100000 110.000000 0.000000 -207264.038981 71.386993 25.270395
16 298.150000 -1.000000 0.000000 0.500000 0.100000 110.000000 0.000000 -207666.332328 71.120304 25.424664
18 298.150000 -1.000000 0.000000 0.300000 0.100000 110.000000 0.000000 -207446.085824 92.102079 25.457730
19 298.150000 -1.000000 0.000000 0.200000 0.100000 110.000000 0.000000 -207443.095903 62.404956 25.438500
17 298.150000 -1.000000 0.000000 0.400000 0.100000 110.000000 0.000000 -207617.669699 80.314684 25.381385
17 298.150000 -1.000000 0.000000 0.400000 0.100000 110.000000 0.000000 -207122.664912 89.462851 25.432809
16 298.150000 -1.000000 0.000000 0.500000 0.100000 110.000000 0.000000 -207385.101814 26.062184 25.478504
15 298.150000 -1.000000 0.100000 0.500000 0.100000 110.000000 0.000000 -207430.149361 26.956597 25.185578
15 298.150000 -1.000000 0.100000 0.500000 0.100000 110.000000 0.000000 -207521.476386 15.587364 25.759335
15 298.150000 -1.000000 0.100000 0.500000 0.100000 110.000000 0.000000 -207223.317568 11.641544 25.641051
14 298.150000 -1.000000 0.200000 0.500000 0.100000 110.000000 0.000000 -207216.967855 7.390480 25.469512
14 298.150000 -1.000000 0.200000 0.500000 0.100000 110.000000 0.000000 -207384.925812 6.524493 25.684770
13 298.150000 -1.000000 0.300000 0.500000 0.100000 110.000000 0.000000 -207412.029145 -0.593913 25.444079
11 298.150000 -1.000000 0.500000 0.500000 0.100000 110.000000 0.000000 -207721.609387 -0.366291 25.734452
11 298.150000 -1.000000 0.500000 0.500000 0.100000 110.000000 0.000000 -207484.060245 -1.306555 25.333574
11 298.150000 -1.000000 0.500000 0.500000 0.100000 110.000000 0.000000 -207401.564005 -7.804294 25.481866
11 298.150000 -1.000000 0.500000 0.500000 0.100000 110.000000 0.000000 -207473.409216 10.316547 25.485827
12 298.150000 -1.000000 0.400000 0.500000 0.100000 110.000000 0.000000 -207470.753804 3.222602 25.422720
12 298.150000 -1.000000 0.400000 0.500000 0.100000 110.000000 0.000000 -207468.701865 5.289411 25.520008
13 298.150000 -1.000000 0.300000 0.500000 0.100000 110.000000 0.000000 -207583.587672 9.244532 25.307374
14 298.150000 -1.000000 0.200000 0.500000 0.100000 110.000000 0.000000 -207148.041749 8.414690 25.451172
15 298.150000 -1.000000 0.100000 0.500000 0.100000 110.000000 0.000000 -207288.713745 18.056943 25.569199
15 298.150000 -1.000000 0.100000 0.500000 0.100000 110.000000 0.000000 -207423.984867 23.467517 25.351474
15 298.150000 -1.000000 0.100000 0.500000 0.100000 110.000000 0.000000 -207319.400898 17.526480 25.469534
15 298.150000 -1.000000 0.100000 0.500000 0.100000 110.000000 0.000000 -207338.784527 20.087858 25.428205
14 298.150000 -1.000000 0.200000 0.500000 0.100000 110.000000 0.000000 -207523.535942 -0.497735 25.627098
8 298.150000 1.000000 0.300000 0.500000 0.100000 110.000000 0.000000 -207381.946226 2.935403 25.377196
8 298.150000 1.000000 0.300000 0.500000 0.100000 110.000000 0.000000 -207616.403227 16.162028 25.453839
8 298.150000 1.000000 0.300000 0.500000 0.100000 110.000000 0.000000 -207077.280387 10.315086 25.391352
8 298.150000 1.000000 0.300000 0.500000 0.100000 110.000000 0.000000 -207087.601018 6.035269 25.756565
8 298.150000 1.000000 0.300000 0.500000 0.100000 110.000000 0.000000 -207656.513355 1.204615 25.294359
7 298.150000 1.000000 0.200000 0.500000 0.100000 110.000000 0.000000 -207452.003829 6.349403 25.688769
7 298.150000 1.000000 0.200000 0.500000 0.100000 110.000000 0.000000 -207631.093422 2.173849 25.475687
9 298.150000 1.000000 0.400000 0.500000 0.100000 110.000000 0.000000 -207365.314339 6.081975 25.425674
10 298.150000 1.000000 0.500000 0.500000 0.100000 110.000000 0.000000 -207613.679994 1.479758 25.334960
8 298.150000 1.000000 0.300000 0.500000 0.100000 110.000000 0.000000 -207331.268297 8.630733 25.246593
8 298.150000 1.000000 0.300000 0.500000 0.100000 110.000000 0.000000 -207687.104091 4.184308 24.890395
8 298.150000 1.000000 0.300000 0.500000 0.100000 110.000000 0.000000 -207261.938284 10.418954 25.580935
8 298.150000 1.000000 0.300000 0.500000 0.100000 110.000000 0.000000 -207225.747279 6.005080 25.322784
9 298.150000 1.000000 0.400000 0.500000 0.100000 110.000000 0.000000 -207516.390631 1.130782 25.250500
9 298.150000 1.000000 0.400000 0.500000 0.100000 110.000000 0.000000 -207738.729655 8.865588 25.322251
15 298.150000 -1.000000 0.100000 0.500000 0.100000 110.000000 0.000000 -207530.017861 22.477448 25.595168
15 298.150000 -1.000000 0.100000 0.500000 0.100000 110.000000 0.000000 -207278.969444 12.488104 25.559349
15 298.150000 -1.000000 0.100000 0.500000 0.100000 110.000000 0.000000 -207578.653474 19.961853 25.681897
15 298.150000 -1.000000 0.100000 0.500000 0.100000 110.000000 0.000000 -207207.642668 9.000064 24.870568
14 298.150000 -1.000000 0.200000 0.500000 0.100000 110.000000 0.000000 -207176.308522 9.994697 25.729261
14 298.150000 -1.000000 0.200000 0.500000 0.100000 110.000000 0.000000 -207534.354575 22.186034 25.511350
15 298.150000 -1.000000 0.100000 0.500000 0.100000 110.000000 0.000000 -207301.190815 5.708309 25.637715
15 298.150000 -1.000000 0.100000 0.500000 0.100000 110.000000 0.000000 -207538.157051 19.549582 25.121086
15 298.150000 -1.000000 0.100000 0.500000 0.100000 110.000000 0.000000 -207650.383594 21.630420 25.505658
15 298.150000 -1.000000 0.100000 0.500000 0.100000 110.000000 0.000000 -207147.557285 13.233473 25.630055
14 298.150000 -1.000000 0.200000 0.500000 0.100000 110.000000 0.000000 -207535.386004 16.194611 25.412071
14 298.150000 -1.000000 0.200000 0.500000 0.100000 110.000000 0.000000 -207632.743789 12.890741 25.355866
14 298.150000 -1.000000 0.200000 0.500000 0.100000 110.000000 0.000000 -207859.645238 6.210169 25.538564
14 298.150000 -1.000000 0.200000 0.500000 0.100000 110.000000 0.000000 -207273.502622 23.350106 25.248528
17 298.150000 -1.000000 0.000000 0.400000 0.100000 110.000000 0.000000 -207586.864970 68.490091 25.795963
18 298.150000 -1.000000 0.000000 0.300000 0.100000 110.000000 0.000000 -207707.611032 41.857152 25.672189
18 298.150000 -1.000000 0.000000 0.300000 0.100000 110.000000 0.000000 -207775.239619 41.567704 25.675462
19 298.150000 -1.000000 0.000000 0.200000 0.100000 110.000000 0.000000 -207673.545007 95.654527 25.171036
16 298.150000 -1.000000 0.000000 0.500000 0.100000 110.000000 0.000000 -207746.732151 66.140902 25.264951
19 298.150000 -1.000000 0.000000 0.200000 0.100000 110.000000 0.000000 -207612.378872 55.069241 25.192082
17 298.150000 -1.000000 0.000000 0.400000 0.100000 110.000000 0.000000 -207084.578883 58.731937 25.507399
19 298.150000 -1.000000 0.000000 0.200000 0.100000 110.000000 0.000000 -207796.062010 113.310525 25.657994
19 298.150000 -1.000000 0.000000 0.200000 0.100000 110.000000 0.000000 -207036.693916 50.511815 25.663234
19 298.150000 -1.000000 0.000000 0.200000 0.100000 110.000000 0.000000 -207350.598635 66.757872 25.422689
20 298.150000 -1.000000 0.000000 0.100000 0.100000 110.000000 0.000000 -207329.022712 179.747114 25.536355
20 298.150000 -1.000000 0.000000 0.100000 0.100000 110.000000 0.000000 -207649.664526 179.585004 25.482618
20 298.150000 -1.000000 0.000000 0.100000 0.100000 110.000000 0.000000 -207211.459668 120.130861 25.292900
20 298.150000 -1.000000 0.000000 0.100000 0.100000 110.000000 0.000000 -207572.307169 116.470462 25.355783
19 298.150000 -1.000000 0.000000 0.200000 0.100000 110.000000 0.000000 -207593.948545 79.353786 25.337634
19 298.150000 -1.000000 0.000000 0.200000 0.100000 110.000000 0.000000 -207199.332504 84.535102 25.257338
19 298.150000 -1.000000 0.000000 0.200000 0.100000 110.000000 0.000000 -207141.905101 40.174972 25.654371
17 298.150000 -1.000000 0.000000 0.400000 0.100000 110.000000 0.000000 -207425.381464 67.741727 25.327259
20 298.150000 -1.000000 0.000000 0.100000 0.100000 110.000000 0.000000 -207248.479990 112.638884 25.583700
17 298.150000 -1.000000 0.000000 0.400000 0.100000 110.000000 0.000000 -207485.474623 107.416822 25.729774
18 298.150000 -1.000000 0.000000 0.300000 0.100000 110.000000 0.000000 -207421.437995 84.529316 25.254591
17 298.150000 -1.000000 0.000000 0.400000 0.100000 110.000000 0.000000 -207302.709312 32.822415 25.633097
17 298.150000 -1.000000 0.000000 0.400000 0.100000 110.000000 0.000000 -207413.275252 73.232404 25.422207
18 298.150000 -1.000000 0.000000 0.300000 0.100000 110.000000 0.000000 -208012.461417 32.835012 25.769980
16 298.150000 -1.000000 0.000000 0.500000 0.100000 110.000000 0.000000 -207440.635585 55.101018 25.427557
20 298.150000 -1.000000 0.000000 0.100000 0.100000 110.000000 0.000000 -207536.084611 52.515664 25.373642
20 298.150000 -1.000000 0.000000 0.100000 0.100000 110.000000 0.000000 -207280.612537 54.142035 25.446096
18 298.150000 -1.000000 0.000000 0.300000 0.100000 110.000000 0.000000 -207198.833911 93.788509 25.497738
17 298.150000 -1.000000 0.000000 0.400000 0.100000 110.000000 0.000000 -207631.771510 42.931501 25.682107
18 298.150000 -1.000000 0.000000 0.300000 0.100000 110.000000 0.000000 -207492.660847 72.248353 25.392244
19 298.150000 -1.000000 0.000000 0.200000 0.100000 110.000000 0.000000 -207153.634831 80.058416 25.485091
19 298.150000 -1.000000 0.000000 0.200000 0.100000 110.000000 0.000000 -207814.188402 82.313571 25.489570
18 298.150000 -1.000000 0.000000 0.300000 0.100000 110.000000 0.000000 -206798.544838 63.038322 25.423839
17 298.150000 -1.000000 0.000000 0.400000 0.100000 110.000000 0.000000 -207511.933732 85.712228 25.553865
16 298.150000 -1.000000 0.000000 0.500000 0.100000 110.000000 0.000000 -207321.490596 85.238305 25.190653
16 298.150000 -1.000000 0.000000 0.500000 0.100000 110.000000 0.000000 -207202.776764 71.298716 25.615699
17 298.150000 -1.000000 0.000000 0.400000 0.100000 110.000000 0.000000 -207424.566714 39.071292 25.234075
17 298.150000 -1.000000 0.000000 0.400000 0.100000 110.000000 0.000000 -207108.020382 104.026661 25.696895
20 298.150000 -1.000000 0.000000 0.100000 0.100000 110.000000 0.000000 -207428.444501 140.921741 25.344212
20 298.150000 -1.000000 0.000000 0.100000 0.100000 110.000000 0.000000 -207398.760113 82.657940 25.469392
19 298.150000 -1.000000 0.000000 0.200000 0.100000 110.000000 0.000000 -207354.286038 103.081277 25.682062
19 298.150000 -1.000000 0.000000 0.200000 0.100000 110.000000 0.000000 -207439.362451 92.265177 25.355082
19 298.150000 -1.000000 0.000000 0.200000 0.100000 110.000000 0.000000 -207544.373776 106.963059 25.411179
19 298.150000 -1.000000 0.000000 0.200000 0.100000 110.000000 0.000000 -207181.171813 57.957587 25.771862
16 298.150000 -1.000000 0.000000 0.500000 0.100000 110.000000 0.000000 -207529.008017 76.232654 25.354711
19 298.150000 -1.000000 0.000000 0.200000 0.100000 110.000000 0.000000 -207705.706317 48.539791 25.464695
16 298.150000 -1.000000 0.000000 0.500000 0.100000 110.000000 0.000000 -207278.076173 78.388044 25.598219
17 298.150000 -1.000000 0.000000 0.400000 0.100000 110.000000 0.000000 -207641.713650 43.749602 25.398556
19 298.150000 -1.000000 0.000000 0.200000 0.100000 110.000000 0.000000 -207774.692971 40.597081 25.032362
18 298.150000 -1.000000 0.000000 0.300000 0.100000 110.000000 0.000000 -207578.859387 67.622885 25.468357
18 298.150000 -1.000000 0.000000 0.300000 0.100000 110.000000 0.000000 -207255.368499 93.188397 25.500757
16 298.150000 -1.000000 0.000000 0.500000 0.100000 110.000000 0.000000 -207124.972806 61.044546 25.646169
17 298.150000 -1.000000 0.000000 0.400000 0.100000 110.000000 0.000000 -207755.012752 38.303092 25.702757
17 298.150000 -1.000000 0.000000 0.400000 0.100000 110.000000 0.000000 -207553.347629 66.859823 25.477534
19 298.150000 -1.000000 0.000000 0.200000 0.100000 110.000000 0.000000 -207754.028253 115.748848 25.362506
19 298.150000 -1.000000 0.000000 0.200000 0.100000 110.000000 0.000000 -207250.635435 86.734433 25.637881
18 298.150000 -1.000000 0.000000 0.300000 0.100000 110.000000 0.000000 -207232.958893 83.780278 25.323656
18 298.150000 -1.000000 0.000000 0.300000 0.100000 110.000000 0.000000 -207395.489367 62.974709 25.348921
17 298.150000 -1.000000 0.000000 0.400000 0.100000 110.000000 0.000000 -207622.925573 58.603424 25.195787
17 298.150000 -1.000000 0.000000 0.400000 0.100000 110.000000 0.000000 -207511.406727 56.769768 25.467410
17 298.150000 -1.000000 0.000000 0.400000 0.100000 110.000000 0.000000 -207762.009412 68.002320 25.772276
19 298.150000 -1.000000 0.000000 0.200000 0.100000 110.000000 0.000000 -207333.227275 91.675533 25.356611
18 298.150000 -1.000000 0.000000 0.300000 0.100000 110.000000 0.000000 -207376.378920 91.814944 25.314255
17 298.150000 -1.000000 0.000000 0.400000 0.100000 110.000000 0.000000 -207338.020890 58.784907 25.522896
17 298.150000 -1.000000 0.000000 0.400000 0.100000 110.000000 0.000000 -207481.770635 79.909026 25.255371
19 298.150000 -1.000000 0.000000 0.200000 0.100000 110.000000 0.000000 -207628.967267 99.819082 25.503408
18 298.150000 -1.000000 0.000000 0.300000 0.100000 110.000000 0.000000 -207470.339014 66.658820 25.182997
19 298.150000 -1.000000 0.000000 0.200000 0.100000 110.000000 0.000000 -207360.790157 97.513146 25.314923
18 298.150000 -1.000000 0.000000 0.300000 0.100000 110.000000 0.000000 -206960.425702 77.508317 25.580015
19 298.150000 -1.000000 0.000000 0.200000 0.100000 110.000000 0.000000 -207314.457387 82.151007 25.383022
20 298.150000 -1.000000 0.000000 0.100000 0.100000 110.000000 0.000000 -207794.963320 133.707673 25.586453
20 298.150000 -1.000000 0.000000 0.100000 0.100000 110.000000 0.000000 -207562.912177 129.628041 25.356235
20 298.150000 -1.000000 0.000000 0.100000 0.100000 110.000000 0.000000 -207643.816858 123.475527 25.347632
20 298.150000 -1.000000 0.000000 0.100000 0.100000 110.000000 0.000000 -207428.197929 150.187106 24.251707
20 298.150000 -1.000000 0.000000 0.100000 0.100000 110.000000 0.000000 -207657.973270 23.453374 25.412699
20 298.150000 -1.000000 0.000000 0.100000 0.100000 110.000000 0.000000 -207122.650010 69.629368 25.810460
16 298.150000 -1.000000 0.000000 0.500000 0.100000 110.000000 0.000000 -206854.455992 78.734282 25.653487
16 298.150000 -1.000000 0.000000 0.500000 0.100000 110.000000 0.000000 -207306.513150 40.840227 25.215057
19 298.150000 -1.000000 0.000000 0.200000 0.100000 110.000000 0.000000 -207068.054762 81.955609 25.464920
16 298.150000 -1.000000 0.000000 0.500000 0.100000 110.000000 0.000000 -207729.511212 68.455826 25.565273
16 298.150000 -1.000000 0.000000 0.500000 0.100000 110.000000 0.000000 -207338.818304 81.107253 25.483467
17 298.150000 -1.000000 0.000000 0.400000 0.100000 110.000000 0.000000 -207413.134960 44.045687 25.582516
17 298.150000 -1.000000 0.000000 0.400000 0.100000 110.000000 0.000000 -207640.994120 45.544939 25.056645
16 298.150000 -1.000000 0.000000 0.500000 0.100000 110.000000 0.000000 -207372.845824 60.959848 25.585652
18 298.150000 -1.000000 0.000000 0.300000 0.100000 110.000000 0.000000 -207490.322052 39.918773 25.530551
18 298.150000 -1.000000 0.000000 0.300000 0.100000 110.000000 0.000000 -207470.524414 50.237141 25.496706
18 298.150000 -1.000000 0.000000 0.300000 0.100000 110.000000 0.000000 -207628.925015 97.665130 25.491905
18 298.150000 -1.000000 0.000000 0.300000 0.100000 110.000000 0.000000 -207642.925456 79.124538 25.622563
18 298.150000 -1.000000 0.000000 0.300000 0.100000 110.000000 0.000000 -207572.394898 111.878501 25.651220
19 298.150000 -1.000000 0.000000 0.200000 0.100000 110.000000 0.000000 -207266.653066 122.063995 25.546623
19 298.150000 -1.000000 0.000000 0.200000 0.100000 110.000000 0.000000 -207352.833137 64.391694 25.283532
19 298.150000 -1.000000 0.000000 0.200000 0.100000 110.000000 0.000000 -207589.109645 83.888603 25.569764
19 298.150000 -1.000000 0.000000 0.200000 0.100000 110.000000 0.000000 -207525.960724 116.688005 25.401753
19 298.150000 -1.000000 0.000000 0.200000 0.100000 110.000000 0.000000 -207646.006188 75.548983 25.364171
19 298.150000 -1.000000 0.000000 0.200000 0.100000 110.000000 0.000000 -207490.655856 104.629913 25.318903
19 298.150000 -1.000000 0.000000 0.200000 0.100000 110.000000 0.000000 -207215.948900 47.547413 25.134428
19 298.150000 -1.000000 0.000000 0.200000 0.100000 110.000000 0.000000 -207351.419776 123.155007 25.158285
19 298.150000 -1.000000 0.000000 0.200000 0.100000 110.000000 0.000000 -207452.137172 81.680358 25.607219
