19 298.150000 -1.000000 0.000000 0.200000 0.100000 110.000000 0.000000 -207762.899405 84.547329 25.539746
17 298.150000 -1.000000 0.000000 0.400000 0.100000 110.000000 0.000000 -207322.675173 86.068464 25.337043
17 298.150000 -1.000000 0.000000 0.400000 0.100000 110.000000 0.000000 -207381.633422 82.543360 25.555093
17 298.150000 -1.000000 0.000000 0.400000 0.100000 110.000000 0.000000 -207551.284595 78.337242 25.584814
17 298.150000 -1.000000 0.000000 0.400000 0.100000 110.000000 0.000000 -207041.159619 88.204890 25.671633
16 298.150000 -1.000000 0.000000 0.500000 0.100000 110.000000 0.000000 -206933.715462 77.970516 25.541779
17 298.150000 -1.000000 0.000000 0.400000 0.100000 110.000000 0.000000 -207224.640585 81.574872 25.641529
17 298.150000 -1.000000 0.000000 0.400000 0.100000 110.000000 0.000000 -207371.559315 74.028842 25.454368
16 298.150000 -1.000000 0.000000 0.500000 0.100000 110.000000 0.000000 -207096.760189 62.316769 25.468826
17 298.150000 -1.000000 0.000000 0.400000 0.100000 110.000000 0.000000 -207551.412669 82.853945 25.611131
16 298.150000 -1.000000 0.000000 0.500000 0.100000 110.000000 0.000000 -207224.336527 92.526134 25.542264
19 298.150000 -1.000000 0.000000 0.200000 0.100000 110.000000 0.000000 -207620.716257 144.892975 25.618041
19 298.150000 -1.000000 0.000000 0.200000 0.100000 110.000000 0.000000 -207028.256588 46.279894 25.545351
19 298.150000 -1.000000 0.000000 0.200000 0.100000 110.000000 0.000000 -207344.498468 44.616307 25.596107
18 298.150000 -1.000000 0.000000 0.300000 0.100000 110.000000 0.000000 -207818.397620 113.314840 25.455763
20 298.150000 -1.000000 0.000000 0.100000 0.100000 110.000000 0.000000 -207278.130435 65.847121 25.276786
20 298.150000 -1.000000 0.000000 0.100000 0.100000 110.000000 0.000000 -207471.405051 117.847745 25.786759
20 298.150000 -1.000000 0.000000 0.100000 0.100000 110.000000 0.000000 -207174.820263 129.566367 25.161022
20 298.150000 -1.000000 0.000000 0.100000 0.100000 110.000000 0.000000 -207574.410512 58.791079 25.502175
17 298.150000 -1.000000 0.000000 0.400000 0.100000 110.000000 0.000000 -207131.845349 75.917225 25.717010
18 298.150000 -1.000000 0.000000 0.300000 0.100000 110.000000 0.000000 -207305.766453 57.723652 24.769474
18 298.150000 -1.000000 0.000000 0.300000 0.100000 110.000000 0.000000 -207889.676909 86.513347 25.147026
16 298.150000 -1.000000 0.000000 0.500000 0.100000 110.000000 0.000000 -207424.642231 42.272316 25.758837
17 298.150000 -1.000000 0.000000 0.400000 0.100000 110.000000 0.000000 -207548.310316 87.593647 25.328809
17 298.150000 -1.000000 0.000000 0.400000 0.100000 110.000000 0.000000 -207497.683400 85.431504 25.575903
19 298.150000 -1.000000 0.000000 0.200000 0.100000 110.000000 0.000000 -207445.174669 72.290826 25.668273
18 298.150000 -1.000000 0.000000 0.300000 0.100000 110.000000 0.000000 -207323.074098 92.276272 25.722802
19 298.150000 -1.000000 0.000000 0.200000 0.100000 110.000000 0.000000 -207383.040255 67.088587 25.162823
18 298.150000 -1.000000 0.000000 0.300000 0.100000 110.000000 0.000000 -207376.641225 80.977284 25.455650
16 298.150000 -1.000000 0.000000 0.500000 0.100000 110.000000 0.000000 -206964.610473 89.396854 24.182565
16 298.150000 -1.000000 0.000000 0.500000 0.100000 110.000000 0.000000 -207269.315038 50.221290 25.691904
18 298.150000 -1.000000 0.000000 0.300000 0.100000 110.000000 0.000000 -207613.053244 42.654724 25.661301
19 298.150000 -1.000000 0.000000 0.200000 0.100000 110.000000 0.000000 -207255.459936 33.522346 25.731684
19 298.150000 -1.000000 0.000000 0.200000 0.100000 110.000000 0.000000 -207265.863289 25.686057 25.558835
16 298.150000 -1.000000 0.000000 0.500000 0.100000 110.000000 0.000000 -207224.180974 88.488917 25.780225
17 298.150000 -1.000000 0.000000 0.400000 0.100000 110.000000 0.000000 -207253.481614 59.203891 25.663749
17 298.150000 -1.000000 0.000000 0.400000 0.100000 110.000000 0.000000 -207524.428346 69.655744 25.722150
16 298.150000 -1.000000 0.000000 0.500000 0.100000 110.000000 0.000000 -207258.087484 38.008355 25.810910
16 298.150000 -1.000000 0.000000 0.500000 0.100000 110.000000 0.000000 -207224.647652 51.950935 25.633579
18 298.150000 -1.000000 0.000000 0.300000 0.100000 110.000000 0.000000 -207135.075175 70.383131 25.519752
17 298.150000 -1.000000 0.000000 0.400000 0.100000 110.000000 0.000000 -207360.176228 68.711535 25.442651
16 298.150000 -1.000000 0.000000 0.500000 0.100000 110.000000 0.000000 -207382.222800 50.685541 25.312459
18 298.150000 -1.000000 0.000000 0.300000 0.100000 110.000000 0.000000 -207655.988265 109.631100 25.296563
19 298.150000 -1.000000 0.000000 0.200000 0.100000 110.000000 0.000000 -207300.154043 55.659304 25.486435
16 298.150000 -1.000000 0.000000 0.500000 0.100000 110.000000 0.000000 -207386.564905 64.057392 25.172696
16 298.150000 -1.000000 0.000000 0.500000 0.100000 110.000000 0.000000 -207402.446478 92.050871 25.650838
20 298.150000 -1.000000 0.000000 0.100000 0.100000 110.000000 0.000000 -207540.640658 133.612999 25.079339
20 298.150000 -1.000000 0.000000 0.100000 0.100000 110.000000 0.000000 -207619.596086 124.069496 25.649118
20 298.150000 -1.000000 0.000000 0.100000 0.100000 110.000000 0.000000 -207330.620674 120.228032 25.686510
20 298.150000 -1.000000 0.000000 0.100000 0.100000 110.000000 0.000000 -207267.033941 148.541473 25.597895
20 298.150000 -1.000000 0.000000 0.100000 0.100000 110.000000 0.000000 -207457.696999 134.595922 25.771235
20 298.150000 -1.000000 0.000000 0.100000 0.100000 110.000000 0.000000 -207409.485560 150.701351 25.553184
20 298.150000 -1.000000 0.000000 0.100000 0.100000 110.000000 0.000000 -207218.728650 127.249047 25.499482
20 298.150000 -1.000000 0.000000 0.100000 0.100000 110.000000 0.000000 -207503.858101 110.573365 25.709343
20 298.150000 -1.000000 0.000000 0.100000 0.100000 110.000000 0.000000 -207537.622088 126.234456 25.523221
20 298.150000 -1.000000 0.000000 0.100000 0.100000 110.000000 0.000000 -207702.508992 126.237562 25.680356
20 298.150000 -1.000000 0.000000 0.100000 0.100000 110.000000 0.000000 -207508.973853 56.655000 25.438590
20 298.150000 -1.000000 0.000000 0.100000 0.100000 110.000000 0.000000 -207555.034439 119.949519 25.495399
19 298.150000 -1.000000 0.000000 0.200000 0.100000 110.000000 0.000000 -207642.928489 55.522547 25.526166
19 298.150000 -1.000000 0.000000 0.200000 0.100000 110.000000 0.000000 -207417.257506 94.354133 25.314797
20 298.150000 -1.000000 0.000000 0.100000 0.100000 110.000000 0.000000 -207616.603146 129.289889 25.193314
20 298.150000 -1.000000 0.000000 0.100000 0.100000 110.000000 0.000000 -207206.027039 138.681148 25.554867
20 298.150000 -1.000000 0.000000 0.100000 0.100000 110.000000 0.000000 -207738.928934 121.419018 25.640476
20 298.150000 -1.000000 0.000000 0.100000 0.100000 110.000000 0.000000 -207423.848891 123.337043 25.462834
20 298.150000 -1.000000 0.000000 0.100000 0.100000 110.000000 0.000000 -207079.493787 132.815131 25.243623
20 298.150000 -1.000000 0.000000 0.100000 0.100000 110.000000 0.000000 -207548.392462 114.602424 25.421614
20 298.150000 -1.000000 0.000000 0.100000 0.100000 110.000000 0.000000 -207514.318845 110.193156 25.388724
19 298.150000 -1.000000 0.000000 0.200000 0.100000 110.000000 0.000000 -207265.288735 70.787329 24.941024
18 298.150000 -1.000000 0.000000 0.300000 0.100000 110.000000 0.000000 -207816.069562 90.909871 25.218203
18 298.150000 -1.000000 0.000000 0.300000 0.100000 110.000000 0.000000 -207228.974996 70.067653 25.610114
19 298.150000 -1.000000 0.000000 0.200000 0.100000 110.000000 0.000000 -207548.791495 82.355705 25.239493
18 298.150000 -1.000000 0.000000 0.300000 0.100000 110.000000 0.000000 -207376.335732 87.642119 25.663770
19 298.150000 -1.000000 0.000000 0.200000 0.100000 110.000000 0.000000 -207207.855399 64.189762 25.612732
17 298.150000 -1.000000 0.000000 0.400000 0.100000 110.000000 0.000000 -207469.186619 48.229064 25.606658
15 298.150000 -1.000000 0.100000 0.500000 0.100000 110.000000 0.000000 -206739.277743 16.116231 25.666741
14 298.150000 -1.000000 0.200000 0.500000 0.100000 110.000000 0.000000 -207263.977008 4.449394 25.823513
12 298.150000 -1.000000 0.400000 0.500000 0.100000 110.000000 0.000000 -207337.913960 -0.089645 25.687148
10 298.150000 1.000000 0.500000 0.500000 0.100000 110.000000 0.000000 -207761.129835 -1.238491 25.366135
10 298.150000 1.000000 0.500000 0.500000 0.100000 110.000000 0.000000 -207347.886438 2.252588 25.663046
9 298.150000 1.000000 0.400000 0.500000 0.100000 110.000000 0.000000 -207288.067721 17.033534 25.621768
7 298.150000 1.000000 0.200000 0.500000 0.100000 110.000000 0.000000 -207741.929697 10.745257 25.582331
8 298.150000 1.000000 0.300000 0.500000 0.100000 110.000000 0.000000 -207543.559105 6.477013 25.816592
8 298.150000 1.000000 0.300000 0.500000 0.100000 110.000000 0.000000 -207549.018120 3.928672 25.388282
8 298.150000 1.000000 0.300000 0.500000 0.100000 110.000000 0.000000 -207103.488350 -0.646178 24.782042
9 298.150000 1.000000 0.400000 0.500000 0.100000 110.000000 0.000000 -207754.650960 10.230561 25.244756
8 298.150000 1.000000 0.300000 0.500000 0.100000 110.000000 0.000000 -207486.758227 8.814937 25.483812
9 298.150000 1.000000 0.400000 0.500000 0.100000 110.000000 0.000000 -207686.095233 6.087354 25.413434
8 298.150000 1.000000 0.300000 0.500000 0.100000 110.000000 0.000000 -207168.206521 10.889678 25.682193
8 298.150000 1.000000 0.300000 0.500000 0.100000 110.000000 0.000000 -206917.902492 3.999572 25.572948
8 298.150000 1.000000 0.300000 0.500000 0.100000 110.000000 0.000000 -207471.724538 8.379603 25.251820
10 298.150000 1.000000 0.500000 0.500000 0.100000 110.000000 0.000000 -207269.220163 -2.479581 25.596531
10 298.150000 1.000000 0.500000 0.500000 0.100000 110.000000 0.000000 -207160.661460 2.761743 25.589067
9 298.150000 1.000000 0.400000 0.500000 0.100000 110.000000 0.000000 -207672.383644 0.451174 25.473417
8 298.150000 1.000000 0.300000 0.500000 0.100000 110.000000 0.000000 -207154.203833 -1.155364 25.307956
11 298.150000 -1.000000 0.500000 0.500000 0.100000 110.000000 0.000000 -208030.493118 10.898438 25.647304
13 298.150000 -1.000000 0.300000 0.500000 0.100000 110.000000 0.000000 -207586.299704 1.260355 25.604563
13 298.150000 -1.000000 0.300000 0.500000 0.100000 110.000000 0.000000 -207085.011087 9.046705 25.381396
15 298.150000 -1.000000 0.100000 0.500000 0.100000 110.000000 0.000000 -207393.594384 19.078916 25.710098
15 298.150000 -1.000000 0.100000 0.500000 0.100000 110.000000 0.000000 -207030.177298 15.202582 25.324147
15 298.150000 -1.000000 0.100000 0.500000 0.100000 110.000000 0.000000 -207486.181690 23.554750 25.285480
15 298.150000 -1.000000 0.100000 0.500000 0.100000 110.000000 0.000000 -207419.991956 13.240715 25.069247
15 298.150000 -1.000000 0.100000 0.500000 0.100000 110.000000 0.000000 -207264.380803 11.287702 25.308054
14 298.150000 -1.000000 0.200000 0.500000 0.100000 110.000000 0.000000 -207251.483255 8.079920 25.620106
12 298.150000 -1.000000 0.400000 0.500000 0.100000 110.000000 0.000000 -207449.229013 0.949928 25.262066
15 298.150000 -1.000000 0.100000 0.500000 0.100000 110.000000 0.000000 -207558.976257 32.538078 25.369897
17 298.150000 -1.000000 0.000000 0.400000 0.100000 110.000000 0.000000 -207811.905078 76.665610 25.771325
19 298.150000 -1.000000 0.000000 0.200000 0.100000 110.000000 0.000000 -207408.807058 49.130625 25.485407
17 298.150000 -1.000000 0.000000 0.400000 0.100000 110.000000 0.000000 -207386.872746 70.940485 25.537512
17 298.150000 -1.000000 0.000000 0.400000 0.100000 110.000000 0.000000 -207559.434735 64.492507 25.420197
17 298.150000 -1.000000 0.000000 0.400000 0.100000 110.000000 0.000000 -207902.350673 65.687700 25.630021
18 298.150000 -1.000000 0.000000 0.300000 0.100000 110.000000 0.000000 -207341.126842 100.166844 25.666832
19 298.150000 -1.000000 0.000000 0.200000 0.100000 110.000000 0.000000 -207436.856938 47.435926 25.218120
18 298.150000 -1.000000 0.000000 0.300000 0.100000 110.000000 0.000000 -207297.087674 53.530628 25.376116
20 298.150000 -1.000000 0.000000 0.100000 0.100000 110.000000 0.000000 -207529.862320 124.043882 25.551087
20 298.150000 -1.000000 0.000000 0.100000 0.100000 110.000000 0.000000 -207671.957803 149.893293 25.330502
20 298.150000 -1.000000 0.000000 0.100000 0.100000 110.000000 0.000000 -207425.438837 126.917207 25.502353
20 298.150000 -1.000000 0.000000 0.100000 0.100000 110.000000 0.000000 -207826.681231 133.159335 25.177118
20 298.150000 -1.000000 0.000000 0.100000 0.100000 110.000000 0.000000 -207599.380552 141.041429 25.356934
20 298.150000 -1.000000 0.000000 0.100000 0.100000 110.000000 0.000000 -207781.000872 100.575658 25.207766
20 298.150000 -1.000000 0.000000 0.100000 0.100000 110.000000 0.000000 -206980.774180 152.248265 25.651640
20 298.150000 -1.000000 0.000000 0.100000 0.100000 110.000000 0.000000 -207196.512579 127.340541 25.532619
20 298.150000 -1.000000 0.000000 0.100000 0.100000 110.000000 0.000000 -207141.031558 120.040216 25.258851
18 298.150000 -1.000000 0.000000 0.300000 0.100000 110.000000 0.000000 -207450.022173 61.919536 25.543331
17 298.150000 -1.000000 0.000000 0.400000 0.100000 110.000000 0.000000 -207528.387146 40.702587 25.572623
16 298.150000 -1.000000 0.000000 0.500000 0.100000 110.000000 0.000000 -207441.717688 41.778925 25.481645
18 298.150000 -1.000000 0.000000 0.300000 0.100000 110.000000 0.000000 -207450.983774 68.650283 25.245186
16 298.150000 -1.000000 0.000000 0.500000 0.100000 110.000000 0.000000 -207549.391327 62.122749 25.451589
17 298.150000 -1.000000 0.000000 0.400000 0.100000 110.000000 0.000000 -207396.435042 52.716719 25.490175
19 298.150000 -1.000000 0.000000 0.200000 0.100000 110.000000 0.000000 -207467.464525 67.144065 25.479568
17 298.150000 -1.000000 0.000000 0.400000 0.100000 110.000000 0.000000 -207365.375272 75.169136 25.392719
19 298.150000 -1.000000 0.000000 0.200000 0.100000 110.000000 0.000000 -207482.078820 60.529082 25.468719
18 298.150000 -1.000000 0.000000 0.300000 0.100000 110.000000 0.000000 -207728.060694 97.311000 25.638951
17 298.150000 -1.000000 0.000000 0.400000 0.100000 110.000000 0.000000 -207267.141972 79.331916 25.528847
18 298.150000 -1.000000 0.000000 0.300000 0.100000 110.000000 0.000000 -207627.593750 74.540129 25.500962
19 298.150000 -1.000000 0.000000 0.200000 0.100000 110.000000 0.000000 -207473.039192 44.377325 25.567201
16 298.150000 -1.000000 0.000000 0.500000 0.100000 110.000000 0.000000 -207499.140542 85.070988 25.381579
18 298.150000 -1.000000 0.000000 0.300000 0.100000 110.000000 0.000000 -207542.373391 50.696134 25.200665
18 298.150000 -1.000000 0.000000 0.300000 0.100000 110.000000 0.000000 -207564.937471 67.443899 25.631251
16 298.150000 -1.000000 0.000000 0.500000 0.100000 110.000000 0.000000 -207514.829178 58.371292 25.789173
18 298.150000 -1.000000 0.000000 0.300000 0.100000 110.000000 0.000000 -207754.775387 82.974188 25.660717
18 298.150000 -1.000000 0.000000 0.300000 0.100000 110.000000 0.000000 -207379.191935 83.839960 25.703362
19 298.150000 -1.000000 0.000000 0.200000 0.100000 110.000000 0.000000 -207871.136412 69.383613 25.495666
19 298.150000 -1.000000 0.000000 0.200000 0.100000 110.000000 0.000000 -207585.350870 65.509267 25.620438
19 298.150000 -1.000000 0.000000 0.200000 0.100000 110.000000 0.000000 -207643.221358 51.381346 25.745799
16 298.150000 -1.000000 0.000000 0.500000 0.100000 110.000000 0.000000 -207340.022430 77.542803 25.580975
19 298.150000 -1.000000 0.000000 0.200000 0.100000 110.000000 0.000000 -207198.737794 52.762046 25.524471
17 298.150000 -1.000000 0.000000 0.400000 0.100000 110.000000 0.000000 -207445.465377 86.342629 25.164884
17 298.150000 -1.000000 0.000000 0.400000 0.100000 110.000000 0.000000 -206978.047359 44.086183 25.616790
17 298.150000 -1.000000 0.000000 0.400000 0.100000 110.000000 0.000000 -207267.847324 71.402759 25.814134
16 298.150000 -1.000000 0.000000 0.500000 0.100000 110.000000 0.000000 -207016.538104 38.964014 25.464088
19 298.150000 -1.000000 0.000000 0.200000 0.100000 110.000000 0.000000 -207711.931586 116.217123 25.637086
20 298.150000 -1.000000 0.000000 0.100000 0.100000 110.000000 0.000000 -207518.297404 89.424243 25.416466
20 298.150000 -1.000000 0.000000 0.100000 0.100000 110.000000 0.000000 -207389.942509 50.917983 25.299108
18 298.150000 -1.000000 0.000000 0.300000 0.100000 110.000000 0.000000 -207234.094204 27.305111 25.489495
19 298.150000 -1.000000 0.000000 0.200000 0.100000 110.000000 0.000000 -207524.027542 116.081471 25.632190
20 298.150000 -1.000000 0.000000 0.100000 0.100000 110.000000 0.000000 -207406.375918 58.502591 25.610784
18 298.150000 -1.000000 0.000000 0.300000 0.100000 110.000000 0.000000 -207066.501016 93.510489 25.094144
16 298.150000 -1.000000 0.000000 0.500000 0.100000 110.000000 0.000000 -207263.556612 76.224717 25.255607
18 298.150000 -1.000000 0.000000 0.300000 0.100000 110.000000 0.000000 -207497.784112 45.459383 25.719030
17 298.150000 -1.000000 0.000000 0.400000 0.100000 110.000000 0.000000 -207198.909434 83.183199 25.572185
18 298.150000 -1.000000 0.000000 0.300000 0.100000 110.000000 0.000000 -207320.655858 64.781596 25.682531
18 298.150000 -1.000000 0.000000 0.300000 0.100000 110.000000 0.000000 -207456.821243 83.124711 25.553459
16 298.150000 -1.000000 0.000000 0.500000 0.100000 110.000000 0.000000 -207521.660993 82.987634 25.407424
16 298.150000 -1.000000 0.000000 0.500000 0.100000 110.000000 0.000000 -207388.323917 81.898490 25.613865
16 298.150000 -1.000000 0.000000 0.500000 0.100000 110.000000 0.000000 -207208.576444 78.657938 25.716642
17 298.150000 -1.000000 0.000000 0.400000 0.100000 110.000000 0.000000 -207453.601287 86.232839 25.407946
18 298.150000 -1.000000 0.000000 0.300000 0.100000 110.000000 0.000000 -207299.297641 63.471742 25.624572
18 298.150000 -1.000000 0.000000 0.300000 0.100000 110.000000 0.000000 -207677.437298 17.069704 25.828980
15 298.150000 -1.000000 0.100000 0.500000 0.100000 110.000000 0.000000 -207557.239826 36.503686 25.720110
15 298.150000 -1.000000 0.100000 0.500000 0.100000 110.000000 0.000000 -208226.492243 7.436175 25.628852
10 298.150000 1.000000 0.500000 0.500000 0.100000 110.000000 0.000000 -206972.316863 -0.509044 25.570514
10 298.150000 1.000000 0.500000 0.500000 0.100000 110.000000 0.000000 -207291.650115 0.331160 25.219974
9 298.150000 1.000000 0.400000 0.500000 0.100000 110.000000 0.000000 -207588.180590 11.925783 25.742155
9 298.150000 1.000000 0.400000 0.500000 0.100000 110.000000 0.000000 -207267.728831 3.670131 25.781327
11 298.150000 -1.000000 0.500000 0.500000 0.100000 110.000000 0.000000 -207207.353611 -0.926750 25.755500
10 298.150000 1.000000 0.500000 0.500000 0.100000 110.000000 0.000000 -207374.769786 -4.810598 25.742914
10 298.150000 1.000000 0.500000 0.500000 0.100000 110.000000 0.000000 -207306.756517 -5.392913 25.648464
10 298.150000 1.000000 0.500000 0.500000 0.100000 110.000000 0.000000 -207749.068554 -3.085745 25.434680
10 298.150000 1.000000 0.500000 0.500000 0.100000 110.000000 0.000000 -207383.926002 2.404344 25.618169
9 298.150000 1.000000 0.400000 0.500000 0.100000 110.000000 0.000000 -207259.142200 1.253054 25.664124
8 298.150000 1.000000 0.300000 0.500000 0.100000 110.000000 0.000000 -207744.273439 7.509762 25.764154
8 298.150000 1.000000 0.300000 0.500000 0.100000 110.000000 0.000000 -207664.652564 11.957420 25.825876
8 298.150000 1.000000 0.300000 0.500000 0.100000 110.000000 0.000000 -207285.603743 3.767713 25.843273
9 298.150000 1.000000 0.400000 0.500000 0.100000 110.000000 0.000000 -207574.546540 14.394638 25.572516
7 298.150000 1.000000 0.200000 0.500000 0.100000 110.000000 0.000000 -207330.186717 13.718428 25.615940
7 298.150000 1.000000 0.200000 0.500000 0.100000 110.000000 0.000000 -207578.741807 6.170623 25.270627
7 298.150000 1.000000 0.200000 0.500000 0.100000 110.000000 0.000000 -207435.056661 16.330516 25.646093
7 298.150000 1.000000 0.200000 0.500000 0.100000 110.000000 0.000000 -207250.072315 18.117150 25.411804
6 298.150000 1.000000 0.100000 0.500000 0.100000 110.000000 0.000000 -207374.803056 26.732397 25.443398
6 298.150000 1.000000 0.100000 0.500000 0.100000 110.000000 0.000000 -207387.743191 21.563275 25.334445
6 298.150000 1.000000 0.100000 0.500000 0.100000 110.000000 0.000000 -207443.396404 11.237331 25.419013
6 298.150000 1.000000 0.100000 0.500000 0.100000 110.000000 0.000000 -207286.980678 25.197423 25.438314
6 298.150000 1.000000 0.100000 0.500000 0.100000 110.000000 0.000000 -207649.966201 28.383468 25.361768
6 298.150000 1.000000 0.100000 0.500000 0.100000 110.000000 0.000000 -207739.356963 13.160978 25.824265
6 298.150000 1.000000 0.100000 0.500000 0.100000 110.000000 0.000000 -207381.168659 35.017766 25.814423
6 298.150000 1.000000 0.100000 0.500000 0.100000 110.000000 0.000000 -207480.454420 6.030787 25.510894
8 298.150000 1.000000 0.300000 0.500000 0.100000 110.000000 0.000000 -207460.299001 6.531296 25.747521
8 298.150000 1.000000 0.300000 0.500000 0.100000 110.000000 0.000000 -206961.797159 6.939793 25.654096
10 298.150000 1.000000 0.500000 0.500000 0.100000 110.000000 0.000000 -207262.494919 -1.117681 25.512180
9 298.150000 1.000000 0.400000 0.500000 0.100000 110.000000 0.000000 -207622.745183 4.988908 25.592275
10 298.150000 1.000000 0.500000 0.500000 0.100000 110.000000 0.000000 -207526.246851 -0.687981 25.779413
11 298.150000 -1.000000 0.500000 0.500000 0.100000 110.000000 0.000000 -207882.014739 6.748012 25.680419
11 298.150000 -1.000000 0.500000 0.500000 0.100000 110.000000 0.000000 -207545.617053 1.592173 25.775240
11 298.150000 -1.000000 0.500000 0.500000 0.100000 110.000000 0.000000 -207571.806752 -6.840090 25.290096
11 298.150000 -1.000000 0.500000 0.500000 0.100000 110.000000 0.000000 -207054.125522 -4.724755 25.575331
11 298.150000 -1.000000 0.500000 0.500000 0.100000 110.000000 0.000000 -207373.407712 -6.476930 25.571086
10 298.150000 1.000000 0.500000 0.500000 0.100000 110.000000 0.000000 -207180.513948 3.135497 25.491525
10 298.150000 1.000000 0.500000 0.500000 0.100000 110.000000 0.000000 -207663.627285 3.030088 25.586252
8 298.150000 1.000000 0.300000 0.500000 0.100000 110.000000 0.000000 -207716.451227 8.716241 25.490431
9 298.150000 1.000000 0.400000 0.500000 0.100000 110.000000 0.000000 -207974.211602 -3.957216 25.787399
9 298.150000 1.000000 0.400000 0.500000 0.100000 110.000000 0.000000 -207807.989829 3.590344 25.536617
9 298.150000 1.000000 0.400000 0.500000 0.100000 110.000000 0.000000 -207579.020701 5.698047 25.502773
8 298.150000 1.000000 0.300000 0.500000 0.100000 110.000000 0.000000 -207829.380392 0.750279 25.530567
8 298.150000 1.000000 0.300000 0.500000 0.100000 110.000000 0.000000 -208018.816047 2.697459 25.668614
9 298.150000 1.000000 0.400000 0.500000 0.100000 110.000000 0.000000 -207593.857606 2.231767 25.581103
9 298.150000 1.000000 0.400000 0.500000 0.100000 110.000000 0.000000 -207586.055097 -0.838064 25.402948
9 298.150000 1.000000 0.400000 0.500000 0.100000 110.000000 0.000000 -206830.352476 -2.188097 25.816120
8 298.150000 1.000000 0.300000 0.500000 0.100000 110.000000 0.000000 -207372.158988 11.300002 24.320952
7 298.150000 1.000000 0.200000 0.500000 0.100000 110.000000 0.000000 -207427.091887 3.125473 25.689285
9 298.150000 1.000000 0.400000 0.500000 0.100000 110.000000 0.000000 -207676.988034 6.560730 25.425637
7 298.150000 1.000000 0.200000 0.500000 0.100000 110.000000 0.000000 -207264.069024 2.054461 25.248624
10 298.150000 1.000000 0.500000 0.500000 0.100000 110.000000 0.000000 -207204.931808 5.651024 25.042066
8 298.150000 1.000000 0.300000 0.500000 0.100000 110.000000 0.000000 -207020.739403 -0.081629 25.794214
9 298.150000 1.000000 0.400000 0.500000 0.100000 110.000000 0.000000 -207589.125721 8.236854 25.726291
7 298.150000 1.000000 0.200000 0.500000 0.100000 110.000000 0.000000 -207383.123128 6.375696 25.495840
10 298.150000 1.000000 0.500000 0.500000 0.100000 110.000000 0.000000 -207513.178634 -1.663529 25.478046
10 298.150000 1.000000 0.500000 0.500000 0.100000 110.000000 0.000000 -207775.036839 -4.485889 25.756826
10 298.150000 1.000000 0.500000 0.500000 0.100000 110.000000 0.000000 -207550.982339 4.298340 25.628207
10 298.150000 1.000000 0.500000 0.500000 0.100000 110.000000 0.000000 -207424.105505 3.692421 25.350602
6 298.150000 1.000000 0.100000 0.500000 0.100000 110.000000 0.000000 -207321.479787 37.193518 25.764748
6 298.150000 1.000000 0.100000 0.500000 0.100000 110.000000 0.000000 -207397.373878 10.806575 25.681987
6 298.150000 1.000000 0.100000 0.500000 0.100000 110.000000 0.000000 -207238.840809 24.098006 25.624000
6 298.150000 1.000000 0.100000 0.500000 0.100000 110.000000 0.000000 -207988.792989 7.731702 25.560994
9 298.150000 1.000000 0.400000 0.500000 0.100000 110.000000 0.000000 -207488.123565 5.557133 25.696711
9 298.150000 1.000000 0.400000 0.500000 0.100000 110.000000 0.000000 -207593.078348 -1.772869 25.686122
10 298.150000 1.000000 0.500000 0.500000 0.100000 110.000000 0.000000 -207434.878883 6.840722 25.634645
9 298.150000 1.000000 0.400000 0.500000 0.100000 110.000000 0.000000 -207858.059819 5.419740 25.525721
9 298.150000 1.000000 0.400000 0.500000 0.100000 110.000000 0.000000 -207237.819443 -0.601003 25.263512
8 298.150000 1.000000 0.300000 0.500000 0.100000 110.000000 0.000000 -207296.098864 14.920597 25.553662
8 298.150000 1.000000 0.300000 0.500000 0.100000 110.000000 0.000000 -207321.038499 24.032305 24.519242
7 298.150000 1.000000 0.200000 0.500000 0.100000 110.000000 0.000000 -207598.467503 14.497332 25.241864
7 298.150000 1.000000 0.200000 0.500000 0.100000 110.000000 0.000000 -207686.016039 -0.949954 25.293392
9 298.150000 1.000000 0.400000 0.500000 0.100000 110.000000 0.000000 -207814.509345 1.008211 25.227204
9 298.150000 1.000000 0.400000 0.500000 0.100000 110.000000 0.000000 -207221.572045 11.213097 25.148339
8 298.150000 1.000000 0.300000 0.500000 0.100000 110.000000 0.000000 -207791.731457 9.666242 25.135760
8 298.150000 1.000000 0.300000 0.500000 0.100000 110.000000 0.000000 -207812.163805 17.807495 25.412926
7 298.150000 1.000000 0.200000 0.500000 0.100000 110.000000 0.000000 -207939.716220 11.474296 25.374840
7 298.150000 1.000000 0.200000 0.500000 0.100000 110.000000 0.000000 -207407.483911 5.128497 25.223691
10 298.150000 1.000000 0.500000 0.500000 0.100000 110.000000 0.000000 -207617.987355 0.709113 24.964610
11 298.150000 -1.000000 0.500000 0.500000 0.100000 110.000000 0.000000 -207672.653192 -3.741269 25.286856
11 298.150000 -1.000000 0.500000 0.500000 0.100000 110.000000 0.000000 -207290.386406 2.971109 24.970203
