1 298.150000 1.000000 0.000000 0.100000 0.100000 110.000000 0.000000 -206112.432903 118.004946 24.904999
1 298.150000 1.000000 0.000000 0.100000 0.100000 110.000000 0.000000 -206121.730786 121.979450 25.984596
1 298.150000 1.000000 0.000000 0.100000 0.100000 110.000000 0.000000 -205956.347741 137.840636 25.178365
2 298.150000 1.000000 0.000000 0.200000 0.100000 110.000000 0.000000 -206206.103743 60.194455 25.697374
3 298.150000 1.000000 0.000000 0.300000 0.100000 110.000000 0.000000 -206117.742667 98.473864 25.764433
3 298.150000 1.000000 0.000000 0.300000 0.100000 110.000000 0.000000 -205875.118688 50.122329 26.007889
2 298.150000 1.000000 0.000000 0.200000 0.100000 110.000000 0.000000 -206436.574570 59.875243 25.551874
4 298.150000 1.000000 0.000000 0.400000 0.100000 110.000000 0.000000 -206343.015792 60.652324 25.322377
5 298.150000 1.000000 0.000000 0.500000 0.100000 110.000000 0.000000 -205856.474482 86.575766 25.535404
2 298.150000 1.000000 0.000000 0.200000 0.100000 110.000000 0.000000 -205915.394092 82.924453 25.812686
5 298.150000 1.000000 0.000000 0.500000 0.100000 110.000000 0.000000 -206184.626198 74.606950 25.855118
3 298.150000 1.000000 0.000000 0.300000 0.100000 110.000000 0.000000 -205974.454767 48.228689 25.689748
5 298.150000 1.000000 0.000000 0.500000 0.100000 110.000000 0.000000 -205632.202178 66.513918 26.011268
4 298.150000 1.000000 0.000000 0.400000 0.100000 110.000000 0.000000 -205909.235864 25.711833 25.986490
4 298.150000 1.000000 0.000000 0.400000 0.100000 110.000000 0.000000 -205970.561216 64.605047 23.864280
3 298.150000 1.000000 0.000000 0.300000 0.100000 110.000000 0.000000 -206148.638048 79.713384 25.812745
3 298.150000 1.000000 0.000000 0.300000 0.100000 110.000000 0.000000 -205856.117103 59.047488 25.516824
4 298.150000 1.000000 0.000000 0.400000 0.100000 110.000000 0.000000 -205707.581142 72.723303 25.476203
4 298.150000 1.000000 0.000000 0.400000 0.100000 110.000000 0.000000 -206007.102378 66.394398 25.625367
4 298.150000 1.000000 0.000000 0.400000 0.100000 110.000000 0.000000 -206105.931744 85.416176 25.972406
4 298.150000 1.000000 0.000000 0.400000 0.100000 110.000000 0.000000 -205905.136159 33.106754 25.973227
7 298.150000 1.000000 0.200000 0.500000 0.100000 110.000000 0.000000 -206124.521193 8.164472 26.013762
7 298.150000 1.000000 0.200000 0.500000 0.100000 110.000000 0.000000 -205845.798140 11.198947 26.008235
9 298.150000 1.000000 0.400000 0.500000 0.100000 110.000000 0.000000 -206195.838863 2.939151 25.649568
10 298.150000 1.000000 0.500000 0.500000 0.100000 110.000000 0.000000 -206080.389720 4.116841 25.869223
10 298.150000 1.000000 0.500000 0.500000 0.100000 110.000000 0.000000 -206250.538668 -1.117950 25.939233
10 298.150000 1.000000 0.500000 0.500000 0.100000 110.000000 0.000000 -206048.193771 1.146733 25.949918
11 298.150000 -1.000000 0.500000 0.500000 0.100000 110.000000 0.000000 -206143.264124 0.499689 25.936192
12 298.150000 -1.000000 0.400000 0.500000 0.100000 110.000000 0.000000 -206232.792449 4.885699 25.665988
13 298.150000 -1.000000 0.300000 0.500000 0.100000 110.000000 0.000000 -205799.834444 8.590737 25.722914
14 298.150000 -1.000000 0.200000 0.500000 0.100000 110.000000 0.000000 -205787.907905 7.334700 25.933052
13 298.150000 -1.000000 0.300000 0.500000 0.100000 110.000000 0.000000 -206599.918501 1.426294 25.655689
13 298.150000 -1.000000 0.300000 0.500000 0.100000 110.000000 0.000000 -206453.280338 0.485462 25.911639
13 298.150000 -1.000000 0.300000 0.500000 0.100000 110.000000 0.000000 -206294.259901 10.841145 25.855520
14 298.150000 -1.000000 0.200000 0.500000 0.100000 110.000000 0.000000 -205834.365312 21.200267 25.845943
14 298.150000 -1.000000 0.200000 0.500000 0.100000 110.000000 0.000000 -205490.598485 5.582694 25.746245
14 298.150000 -1.000000 0.200000 0.500000 0.100000 110.000000 0.000000 -205943.622324 12.372831 25.905910
13 298.150000 -1.000000 0.300000 0.500000 0.100000 110.000000 0.000000 -206069.995769 7.864044 25.964955
14 298.150000 -1.000000 0.200000 0.500000 0.100000 110.000000 0.000000 -206128.038087 7.927030 25.922538
14 298.150000 -1.000000 0.200000 0.500000 0.100000 110.000000 0.000000 -206039.491229 15.110806 25.839426
13 298.150000 -1.000000 0.300000 0.500000 0.100000 110.000000 0.000000 -206124.798716 10.865437 25.962577
15 298.150000 -1.000000 0.100000 0.500000 0.100000 110.000000 0.000000 -206422.458341 21.626892 26.017360
15 298.150000 -1.000000 0.100000 0.500000 0.100000 110.000000 0.000000 -206144.423462 19.905309 25.435846
15 298.150000 -1.000000 0.100000 0.500000 0.100000 110.000000 0.000000 -206057.160825 23.243494 25.901963
15 298.150000 -1.000000 0.100000 0.500000 0.100000 110.000000 0.000000 -206156.248164 7.156205 25.552326
15 298.150000 -1.000000 0.100000 0.500000 0.100000 110.000000 0.000000 -206288.770052 39.266794 25.964086
15 298.150000 -1.000000 0.100000 0.500000 0.100000 110.000000 0.000000 -206252.682219 30.362718 25.684172
15 298.150000 -1.000000 0.100000 0.500000 0.100000 110.000000 0.000000 -205996.161300 13.236632 25.910591
15 298.150000 -1.000000 0.100000 0.500000 0.100000 110.000000 0.000000 -206037.584675 9.773133 25.621147
14 298.150000 -1.000000 0.200000 0.500000 0.100000 110.000000 0.000000 -205950.562601 2.858823 25.993023
14 298.150000 -1.000000 0.200000 0.500000 0.100000 110.000000 0.000000 -206023.126868 6.834424 25.940730
12 298.150000 -1.000000 0.400000 0.500000 0.100000 110.000000 0.000000 -205959.288702 -0.144259 25.742879
11 298.150000 -1.000000 0.500000 0.500000 0.100000 110.000000 0.000000 -205651.122011 -0.699602 25.331979
10 298.150000 1.000000 0.500000 0.500000 0.100000 110.000000 0.000000 -206327.098262 -9.825801 25.747202
9 298.150000 1.000000 0.400000 0.500000 0.100000 110.000000 0.000000 -205902.541928 4.170269 26.002084
8 298.150000 1.000000 0.300000 0.500000 0.100000 110.000000 0.000000 -205974.096289 6.471109 25.687327
7 298.150000 1.000000 0.200000 0.500000 0.100000 110.000000 0.000000 -206030.694468 5.637441 25.870446
10 298.150000 1.000000 0.500000 0.500000 0.100000 110.000000 0.000000 -206123.263094 -0.061984 25.968268
8 298.150000 1.000000 0.300000 0.500000 0.100000 110.000000 0.000000 -206236.157760 6.944854 25.979192
8 298.150000 1.000000 0.300000 0.500000 0.100000 110.000000 0.000000 -206265.370386 3.400128 25.134431
8 298.150000 1.000000 0.300000 0.500000 0.100000 110.000000 0.000000 -206286.659861 5.659815 25.367581
8 298.150000 1.000000 0.300000 0.500000 0.100000 110.000000 0.000000 -206258.524206 10.042545 26.016344
8 298.150000 1.000000 0.300000 0.500000 0.100000 110.000000 0.000000 -206179.568019 0.241879 25.966663
8 298.150000 1.000000 0.300000 0.500000 0.100000 110.000000 0.000000 -206222.412140 7.338047 25.785844
8 298.150000 1.000000 0.300000 0.500000 0.100000 110.000000 0.000000 -206132.197235 14.186950 25.731407
7 298.150000 1.000000 0.200000 0.500000 0.100000 110.000000 0.000000 -206121.684646 22.263101 25.025057
7 298.150000 1.000000 0.200000 0.500000 0.100000 110.000000 0.000000 -206349.618098 9.092419 25.816251
8 298.150000 1.000000 0.300000 0.500000 0.100000 110.000000 0.000000 -206271.468242 4.693553 25.274300
8 298.150000 1.000000 0.300000 0.500000 0.100000 110.000000 0.000000 -206043.167460 5.391259 25.482252
7 298.150000 1.000000 0.200000 0.500000 0.100000 110.000000 0.000000 -206083.990021 18.792680 25.970748
7 298.150000 1.000000 0.200000 0.500000 0.100000 110.000000 0.000000 -205771.752739 18.266037 25.326332
6 298.150000 1.000000 0.100000 0.500000 0.100000 110.000000 0.000000 -206200.221517 20.290943 26.010403
6 298.150000 1.000000 0.100000 0.500000 0.100000 110.000000 0.000000 -206058.525071 35.740829 25.710950
6 298.150000 1.000000 0.100000 0.500000 0.100000 110.000000 0.000000 -206590.284817 33.454875 24.350094
3 298.150000 1.000000 0.000000 0.300000 0.100000 110.000000 0.000000 -206208.452405 69.341934 25.891520
3 298.150000 1.000000 0.000000 0.300000 0.100000 110.000000 0.000000 -206051.387892 75.351120 25.948161
3 298.150000 1.000000 0.000000 0.300000 0.100000 110.000000 0.000000 -205953.846444 32.302522 25.880896
5 298.150000 1.000000 0.000000 0.500000 0.100000 110.000000 0.000000 -205898.236508 83.652019 24.871846
4 298.150000 1.000000 0.000000 0.400000 0.100000 110.000000 0.000000 -206140.667316 82.513931 25.283904
5 298.150000 1.000000 0.000000 0.500000 0.100000 110.000000 0.000000 -205851.046616 65.909026 25.897901
3 298.150000 1.000000 0.000000 0.300000 0.100000 110.000000 0.000000 -206245.227752 63.072345 25.613352
4 298.150000 1.000000 0.000000 0.400000 0.100000 110.000000 0.000000 -206075.563617 48.667148 25.897563
5 298.150000 1.000000 0.000000 0.500000 0.100000 110.000000 0.000000 -206240.542183 68.308904 25.872786
5 298.150000 1.000000 0.000000 0.500000 0.100000 110.000000 0.000000 -206150.592060 85.050696 25.684569
4 298.150000 1.000000 0.000000 0.400000 0.100000 110.000000 0.000000 -205838.479312 40.468546 25.821447
4 298.150000 1.000000 0.000000 0.400000 0.100000 110.000000 0.000000 -205956.656544 75.646508 25.132017
3 298.150000 1.000000 0.000000 0.300000 0.100000 110.000000 0.000000 -206124.082570 70.934075 25.484978
2 298.150000 1.000000 0.000000 0.200000 0.100000 110.000000 0.000000 -206217.402984 118.053490 25.866986
2 298.150000 1.000000 0.000000 0.200000 0.100000 110.000000 0.000000 -205971.543627 43.772374 25.512927
2 298.150000 1.000000 0.000000 0.200000 0.100000 110.000000 0.000000 -206176.649711 116.382159 25.946127
3 298.150000 1.000000 0.000000 0.300000 0.100000 110.000000 0.000000 -206072.926006 40.325030 25.806954
6 298.150000 1.000000 0.100000 0.500000 0.100000 110.000000 0.000000 -206219.826608 51.714003 25.952159
5 298.150000 1.000000 0.000000 0.500000 0.100000 110.000000 0.000000 -205869.704644 76.772394 24.374868
5 298.150000 1.000000 0.000000 0.500000 0.100000 110.000000 0.000000 -205925.080897 40.340435 25.809862
5 298.150000 1.000000 0.000000 0.500000 0.100000 110.000000 0.000000 -205895.728887 85.942191 25.863005
1 298.150000 1.000000 0.000000 0.100000 0.100000 110.000000 0.000000 -206223.064661 85.632655 25.169286
5 298.150000 1.000000 0.000000 0.500000 0.100000 110.000000 0.000000 -206053.604820 61.381700 25.386350
5 298.150000 1.000000 0.000000 0.500000 0.100000 110.000000 0.000000 -205897.730798 56.307679 25.949162
5 298.150000 1.000000 0.000000 0.500000 0.100000 110.000000 0.000000 -206246.412837 42.571025 25.656741
2 298.150000 1.000000 0.000000 0.200000 0.100000 110.000000 0.000000 -206358.579079 121.807484 23.232345
2 298.150000 1.000000 0.000000 0.200000 0.100000 110.000000 0.000000 -205915.489728 61.901360 25.850027
5 298.150000 1.000000 0.000000 0.500000 0.100000 110.000000 0.000000 -206123.971743 52.865155 25.947852
4 298.150000 1.000000 0.000000 0.400000 0.100000 110.000000 0.000000 -206256.432733 91.672532 25.012499
4 298.150000 1.000000 0.000000 0.400000 0.100000 110.000000 0.000000 -206365.430187 35.769281 25.241104
4 298.150000 1.000000 0.000000 0.400000 0.100000 110.000000 0.000000 -206234.255641 52.002224 24.845174
4 298.150000 1.000000 0.000000 0.400000 0.100000 110.000000 0.000000 -206187.070213 78.407774 25.971185
5 298.150000 1.000000 0.000000 0.500000 0.100000 110.000000 0.000000 -205951.564369 97.023391 25.232604
2 298.150000 1.000000 0.000000 0.200000 0.100000 110.000000 0.000000 -206177.788365 54.398401 25.582744
4 298.150000 1.000000 0.000000 0.400000 0.100000 110.000000 0.000000 -205943.914793 70.134801 25.944501
4 298.150000 1.000000 0.000000 0.400000 0.100000 110.000000 0.000000 -205990.850684 30.158044 25.980497
4 298.150000 1.000000 0.000000 0.400000 0.100000 110.000000 0.000000 -206348.024339 79.311020 25.442841
5 298.150000 1.000000 0.000000 0.500000 0.100000 110.000000 0.000000 -206263.519258 90.345044 25.227761
4 298.150000 1.000000 0.000000 0.400000 0.100000 110.000000 0.000000 -205998.625696 74.568154 25.952538
4 298.150000 1.000000 0.000000 0.400000 0.100000 110.000000 0.000000 -205813.165159 39.449264 25.884410
6 298.150000 1.000000 0.100000 0.500000 0.100000 110.000000 0.000000 -205836.945836 23.341579 25.498106
7 298.150000 1.000000 0.200000 0.500000 0.100000 110.000000 0.000000 -205988.267572 11.045896 25.623837
7 298.150000 1.000000 0.200000 0.500000 0.100000 110.000000 0.000000 -205999.729947 31.802682 25.982065
6 298.150000 1.000000 0.100000 0.500000 0.100000 110.000000 0.000000 -206388.713259 28.839686 25.836105
4 298.150000 1.000000 0.000000 0.400000 0.100000 110.000000 0.000000 -205704.553786 40.295827 25.998840
2 298.150000 1.000000 0.000000 0.200000 0.100000 110.000000 0.000000 -206187.802833 102.933814 25.959435
4 298.150000 1.000000 0.000000 0.400000 0.100000 110.000000 0.000000 -206310.157037 62.795503 25.569863
3 298.150000 1.000000 0.000000 0.300000 0.100000 110.000000 0.000000 -205919.671773 94.435844 26.043885
2 298.150000 1.000000 0.000000 0.200000 0.100000 110.000000 0.000000 -206118.570541 114.864694 25.114419
1 298.150000 1.000000 0.000000 0.100000 0.100000 110.000000 0.000000 -206008.055893 50.843968 25.480951
2 298.150000 1.000000 0.000000 0.200000 0.100000 110.000000 0.000000 -205905.685717 29.351178 25.495331
4 298.150000 1.000000 0.000000 0.400000 0.100000 110.000000 0.000000 -206082.263987 68.243862 24.088819
2 298.150000 1.000000 0.000000 0.200000 0.100000 110.000000 0.000000 -206056.733342 88.661495 25.925922
3 298.150000 1.000000 0.000000 0.300000 0.100000 110.000000 0.000000 -206224.673812 21.599083 25.860851
