14 298.150000 -1.000000 0.200000 0.500000 0.100000 110.000000 0.000000 -207782.939923 17.031742 24.998689
14 298.150000 -1.000000 0.200000 0.500000 0.100000 110.000000 0.000000 -207771.318920 16.995625 24.935560
14 298.150000 -1.000000 0.200000 0.500000 0.100000 110.000000 0.000000 -207473.547256 20.846259 24.954698
14 298.150000 -1.000000 0.200000 0.500000 0.100000 110.000000 0.000000 -207953.591089 21.125365 24.966476
14 298.150000 -1.000000 0.200000 0.500000 0.100000 110.000000 0.000000 -207716.454684 2.310702 25.093752
13 298.150000 -1.000000 0.300000 0.500000 0.100000 110.000000 0.000000 -208087.094492 13.394388 25.070641
15 298.150000 -1.000000 0.100000 0.500000 0.100000 110.000000 0.000000 -207604.720747 48.565541 24.953576
15 298.150000 -1.000000 0.100000 0.500000 0.100000 110.000000 0.000000 -207539.904212 51.344644 25.057936
17 298.150000 -1.000000 0.000000 0.400000 0.100000 110.000000 0.000000 -208072.712892 107.763526 25.140850
16 298.150000 -1.000000 0.000000 0.500000 0.100000 110.000000 0.000000 -207874.033897 80.156922 24.974534
16 298.150000 -1.000000 0.000000 0.500000 0.100000 110.000000 0.000000 -207702.996353 91.188801 24.942101
18 298.150000 -1.000000 0.000000 0.300000 0.100000 110.000000 0.000000 -207707.894295 73.033703 24.733806
18 298.150000 -1.000000 0.000000 0.300000 0.100000 110.000000 0.000000 -207563.184451 44.717922 24.902453
17 298.150000 -1.000000 0.000000 0.400000 0.100000 110.000000 0.000000 -207775.683529 63.539734 24.878368
16 298.150000 -1.000000 0.000000 0.500000 0.100000 110.000000 0.000000 -207850.008859 66.100103 25.085982
16 298.150000 -1.000000 0.000000 0.500000 0.100000 110.000000 0.000000 -207561.011152 57.113565 24.888734
17 298.150000 -1.000000 0.000000 0.400000 0.100000 110.000000 0.000000 -207645.499806 98.337804 24.819077
17 298.150000 -1.000000 0.000000 0.400000 0.100000 110.000000 0.000000 -207564.200180 94.439231 24.913875
16 298.150000 -1.000000 0.000000 0.500000 0.100000 110.000000 0.000000 -207937.605602 67.090015 25.007911
17 298.150000 -1.000000 0.000000 0.400000 0.100000 110.000000 0.000000 -207914.455202 63.966314 25.003936
19 298.150000 -1.000000 0.000000 0.200000 0.100000 110.000000 0.000000 -207678.274038 131.238399 24.839282
19 298.150000 -1.000000 0.000000 0.200000 0.100000 110.000000 0.000000 -207901.085297 108.128387 24.945588
18 298.150000 -1.000000 0.000000 0.300000 0.100000 110.000000 0.000000 -207511.988808 69.057542 24.940435
17 298.150000 -1.000000 0.000000 0.400000 0.100000 110.000000 0.000000 -207860.266496 86.554240 24.961952
18 298.150000 -1.000000 0.000000 0.300000 0.100000 110.000000 0.000000 -207343.190651 59.715289 24.862011
15 298.150000 -1.000000 0.100000 0.500000 0.100000 110.000000 0.000000 -207658.136465 46.793501 25.062037
15 298.150000 -1.000000 0.100000 0.500000 0.100000 110.000000 0.000000 -207717.674429 27.146152 24.993464
15 298.150000 -1.000000 0.100000 0.500000 0.100000 110.000000 0.000000 -207666.008348 29.740789 25.453625
14 298.150000 -1.000000 0.200000 0.500000 0.100000 110.000000 0.000000 -207532.427993 14.678934 24.770797
14 298.150000 -1.000000 0.200000 0.500000 0.100000 110.000000 0.000000 -207955.624750 12.274659 24.996973
14 298.150000 -1.000000 0.200000 0.500000 0.100000 110.000000 0.000000 -207566.062061 31.260987 25.082095
15 298.150000 -1.000000 0.100000 0.500000 0.100000 110.000000 0.000000 -207601.135109 33.141092 25.068971
15 298.150000 -1.000000 0.100000 0.500000 0.100000 110.000000 0.000000 -207825.981334 51.331746 24.973264
18 298.150000 -1.000000 0.000000 0.300000 0.100000 110.000000 0.000000 -207883.569380 76.824559 24.802017
16 298.150000 -1.000000 0.000000 0.500000 0.100000 110.000000 0.000000 -207838.809691 63.955299 24.882354
16 298.150000 -1.000000 0.000000 0.500000 0.100000 110.000000 0.000000 -208179.211218 84.285912 24.931713
16 298.150000 -1.000000 0.000000 0.500000 0.100000 110.000000 0.000000 -207786.051688 48.802250 24.878505
17 298.150000 -1.000000 0.000000 0.400000 0.100000 110.000000 0.000000 -207992.904851 88.849233 24.763291
17 298.150000 -1.000000 0.000000 0.400000 0.100000 110.000000 0.000000 -208114.076621 76.441320 24.915624
16 298.150000 -1.000000 0.000000 0.500000 0.100000 110.000000 0.000000 -207352.432147 76.839411 24.977619
16 298.150000 -1.000000 0.000000 0.500000 0.100000 110.000000 0.000000 -207853.169797 90.602941 25.146180
16 298.150000 -1.000000 0.000000 0.500000 0.100000 110.000000 0.000000 -208001.420035 86.904945 24.909933
17 298.150000 -1.000000 0.000000 0.400000 0.100000 110.000000 0.000000 -207528.240446 59.464263 25.239737
15 298.150000 -1.000000 0.100000 0.500000 0.100000 110.000000 0.000000 -207719.225282 28.933550 24.915622
15 298.150000 -1.000000 0.100000 0.500000 0.100000 110.000000 0.000000 -207694.997082 31.601719 25.248071
15 298.150000 -1.000000 0.100000 0.500000 0.100000 110.000000 0.000000 -207765.977138 39.149408 24.860726
15 298.150000 -1.000000 0.100000 0.500000 0.100000 110.000000 0.000000 -207787.902363 39.585599 24.880335
15 298.150000 -1.000000 0.100000 0.500000 0.100000 110.000000 0.000000 -207609.362287 47.362354 24.978142
15 298.150000 -1.000000 0.100000 0.500000 0.100000 110.000000 0.000000 -207726.661355 34.000913 24.842487
15 298.150000 -1.000000 0.100000 0.500000 0.100000 110.000000 0.000000 -207714.331220 23.628195 24.879700
15 298.150000 -1.000000 0.100000 0.500000 0.100000 110.000000 0.000000 -207669.321788 48.581295 25.238866
15 298.150000 -1.000000 0.100000 0.500000 0.100000 110.000000 0.000000 -207662.012668 32.000483 24.847515
15 298.150000 -1.000000 0.100000 0.500000 0.100000 110.000000 0.000000 -207855.187066 45.352949 24.793854
15 298.150000 -1.000000 0.100000 0.500000 0.100000 110.000000 0.000000 -207719.243312 57.102705 24.980898
15 298.150000 -1.000000 0.100000 0.500000 0.100000 110.000000 0.000000 -207557.686834 22.499761 25.114791
15 298.150000 -1.000000 0.100000 0.500000 0.100000 110.000000 0.000000 -207968.985896 68.256939 25.078880
17 298.150000 -1.000000 0.000000 0.400000 0.100000 110.000000 0.000000 -208211.061089 80.174235 24.801362
18 298.150000 -1.000000 0.000000 0.300000 0.100000 110.000000 0.000000 -207403.471728 127.962084 24.859173
18 298.150000 -1.000000 0.000000 0.300000 0.100000 110.000000 0.000000 -207839.710559 117.145842 24.975317
18 298.150000 -1.000000 0.000000 0.300000 0.100000 110.000000 0.000000 -207582.626230 86.655501 24.890198
16 298.150000 -1.000000 0.000000 0.500000 0.100000 110.000000 0.000000 -207686.325188 105.846926 24.856019
16 298.150000 -1.000000 0.000000 0.500000 0.100000 110.000000 0.000000 -207986.269734 67.168265 24.977427
17 298.150000 -1.000000 0.000000 0.400000 0.100000 110.000000 0.000000 -207773.543515 81.332963 25.030798
17 298.150000 -1.000000 0.000000 0.400000 0.100000 110.000000 0.000000 -207800.333184 58.471062 24.973441
17 298.150000 -1.000000 0.000000 0.400000 0.100000 110.000000 0.000000 -207490.428519 108.285396 25.087895
18 298.150000 -1.000000 0.000000 0.300000 0.100000 110.000000 0.000000 -207495.682858 118.734006 25.026481
19 298.150000 -1.000000 0.000000 0.200000 0.100000 110.000000 0.000000 -208182.412130 143.605096 24.627474
19 298.150000 -1.000000 0.000000 0.200000 0.100000 110.000000 0.000000 -207804.038143 145.633865 25.074440
19 298.150000 -1.000000 0.000000 0.200000 0.100000 110.000000 0.000000 -207870.033486 135.819037 24.642273
19 298.150000 -1.000000 0.000000 0.200000 0.100000 110.000000 0.000000 -207511.643173 131.265498 25.088347
19 298.150000 -1.000000 0.000000 0.200000 0.100000 110.000000 0.000000 -208017.469063 134.824124 24.801266
19 298.150000 -1.000000 0.000000 0.200000 0.100000 110.000000 0.000000 -208009.114301 66.478428 25.156534
17 298.150000 -1.000000 0.000000 0.400000 0.100000 110.000000 0.000000 -207801.258503 83.563303 25.068081
16 298.150000 -1.000000 0.000000 0.500000 0.100000 110.000000 0.000000 -208241.286078 92.766856 25.003663
18 298.150000 -1.000000 0.000000 0.300000 0.100000 110.000000 0.000000 -207749.117705 92.739517 24.848952
17 298.150000 -1.000000 0.000000 0.400000 0.100000 110.000000 0.000000 -207343.035662 67.708787 24.804938
17 298.150000 -1.000000 0.000000 0.400000 0.100000 110.000000 0.000000 -207909.945586 61.308722 25.020419
16 298.150000 -1.000000 0.000000 0.500000 0.100000 110.000000 0.000000 -207763.508399 82.159736 25.138855
17 298.150000 -1.000000 0.000000 0.400000 0.100000 110.000000 0.000000 -207755.804295 73.656935 24.862570
17 298.150000 -1.000000 0.000000 0.400000 0.100000 110.000000 0.000000 -208257.040699 64.972916 25.077296
18 298.150000 -1.000000 0.000000 0.300000 0.100000 110.000000 0.000000 -207772.443023 80.952645 25.090636
17 298.150000 -1.000000 0.000000 0.400000 0.100000 110.000000 0.000000 -207826.518745 69.795788 24.995509
17 298.150000 -1.000000 0.000000 0.400000 0.100000 110.000000 0.000000 -208059.735467 80.142497 24.878664
16 298.150000 -1.000000 0.000000 0.500000 0.100000 110.000000 0.000000 -207632.584766 74.364461 24.951906
16 298.150000 -1.000000 0.000000 0.500000 0.100000 110.000000 0.000000 -207662.582227 61.144778 25.238674
17 298.150000 -1.000000 0.000000 0.400000 0.100000 110.000000 0.000000 -207750.616595 96.594199 24.880997
19 298.150000 -1.000000 0.000000 0.200000 0.100000 110.000000 0.000000 -207599.381611 141.395327 24.822175
19 298.150000 -1.000000 0.000000 0.200000 0.100000 110.000000 0.000000 -208016.022531 137.807736 24.855594
19 298.150000 -1.000000 0.000000 0.200000 0.100000 110.000000 0.000000 -207970.078185 123.298210 25.059894
19 298.150000 -1.000000 0.000000 0.200000 0.100000 110.000000 0.000000 -207832.685802 143.178068 25.168511
19 298.150000 -1.000000 0.000000 0.200000 0.100000 110.000000 0.000000 -207595.867617 117.057865 24.881997
18 298.150000 -1.000000 0.000000 0.300000 0.100000 110.000000 0.000000 -207723.668125 102.784676 25.006771
17 298.150000 -1.000000 0.000000 0.400000 0.100000 110.000000 0.000000 -207825.087961 86.415901 25.153795
18 298.150000 -1.000000 0.000000 0.300000 0.100000 110.000000 0.000000 -207727.575115 74.928527 25.105378
18 298.150000 -1.000000 0.000000 0.300000 0.100000 110.000000 0.000000 -207705.990449 82.293285 25.117746
16 298.150000 -1.000000 0.000000 0.500000 0.100000 110.000000 0.000000 -207672.316888 82.230614 24.932389
18 298.150000 -1.000000 0.000000 0.300000 0.100000 110.000000 0.000000 -207547.459597 126.131130 25.193881
19 298.150000 -1.000000 0.000000 0.200000 0.100000 110.000000 0.000000 -207814.905155 110.449543 25.057676
19 298.150000 -1.000000 0.000000 0.200000 0.100000 110.000000 0.000000 -207932.498391 91.550706 25.076502
17 298.150000 -1.000000 0.000000 0.400000 0.100000 110.000000 0.000000 -207697.934792 84.772659 24.992356
16 298.150000 -1.000000 0.000000 0.500000 0.100000 110.000000 0.000000 -207593.425465 67.316846 25.137141
16 298.150000 -1.000000 0.000000 0.500000 0.100000 110.000000 0.000000 -207588.707446 53.744892 25.168366
16 298.150000 -1.000000 0.000000 0.500000 0.100000 110.000000 0.000000 -207986.997438 64.946924 25.218077
17 298.150000 -1.000000 0.000000 0.400000 0.100000 110.000000 0.000000 -207779.536885 81.615734 24.872071
17 298.150000 -1.000000 0.000000 0.400000 0.100000 110.000000 0.000000 -208184.479654 86.284347 24.990521
16 298.150000 -1.000000 0.000000 0.500000 0.100000 110.000000 0.000000 -207479.631401 97.806915 24.876571
18 298.150000 -1.000000 0.000000 0.300000 0.100000 110.000000 0.000000 -207983.452902 73.848281 24.830326
16 298.150000 -1.000000 0.000000 0.500000 0.100000 110.000000 0.000000 -207851.793835 68.934875 25.136069
17 298.150000 -1.000000 0.000000 0.400000 0.100000 110.000000 0.000000 -207524.386036 65.451519 24.945221
18 298.150000 -1.000000 0.000000 0.300000 0.100000 110.000000 0.000000 -207720.771084 30.379124 25.229388
16 298.150000 -1.000000 0.000000 0.500000 0.100000 110.000000 0.000000 -207721.113731 68.584108 24.944995
16 298.150000 -1.000000 0.000000 0.500000 0.100000 110.000000 0.000000 -207637.489265 83.550583 25.057253
18 298.150000 -1.000000 0.000000 0.300000 0.100000 110.000000 0.000000 -208077.981683 56.282430 24.959005
17 298.150000 -1.000000 0.000000 0.400000 0.100000 110.000000 0.000000 -207800.352656 56.441082 24.879158
16 298.150000 -1.000000 0.000000 0.500000 0.100000 110.000000 0.000000 -207847.175745 67.583925 25.192313
16 298.150000 -1.000000 0.000000 0.500000 0.100000 110.000000 0.000000 -207477.943467 76.792592 25.237953
18 298.150000 -1.000000 0.000000 0.300000 0.100000 110.000000 0.000000 -208034.249796 56.095943 24.865666
15 298.150000 -1.000000 0.100000 0.500000 0.100000 110.000000 0.000000 -207471.130393 13.445611 24.819825
12 298.150000 -1.000000 0.400000 0.500000 0.100000 110.000000 0.000000 -207684.697981 6.971500 24.837773
13 298.150000 -1.000000 0.300000 0.500000 0.100000 110.000000 0.000000 -207754.122077 12.506429 24.871274
13 298.150000 -1.000000 0.300000 0.500000 0.100000 110.000000 0.000000 -207768.738375 12.476193 25.360485
13 298.150000 -1.000000 0.300000 0.500000 0.100000 110.000000 0.000000 -207702.727340 12.005840 24.843120
13 298.150000 -1.000000 0.300000 0.500000 0.100000 110.000000 0.000000 -207665.557080 7.443142 24.694365
13 298.150000 -1.000000 0.300000 0.500000 0.100000 110.000000 0.000000 -207595.190918 4.483729 24.700232
11 298.150000 -1.000000 0.500000 0.500000 0.100000 110.000000 0.000000 -207516.924346 -4.348883 24.756975
11 298.150000 -1.000000 0.500000 0.500000 0.100000 110.000000 0.000000 -207745.416429 -5.937377 24.840719
