0 298.150000 1.000000 0.000000 0.000000 0.100000 110.000000 0.000000 -206376.714998 174.052648 21.396042
0 298.150000 1.000000 0.000000 0.000000 0.100000 110.000000 0.000000 -206118.593166 189.067424 24.720475
0 298.150000 1.000000 0.000000 0.000000 0.100000 110.000000 0.000000 -206258.397609 187.120714 25.097724
0 298.150000 1.000000 0.000000 0.000000 0.100000 110.000000 0.000000 -206239.321793 187.681661 24.987912
0 298.150000 1.000000 0.000000 0.000000 0.100000 110.000000 0.000000 -206320.805158 185.720844 23.083850
0 298.150000 1.000000 0.000000 0.000000 0.100000 110.000000 0.000000 -206280.448756 195.659695 21.992284
0 298.150000 1.000000 0.000000 0.000000 0.100000 110.000000 0.000000 -206026.112398 185.279534 24.425414
0 298.150000 1.000000 0.000000 0.000000 0.100000 110.000000 0.000000 -206195.595483 184.340651 22.818680
0 298.150000 1.000000 0.000000 0.000000 0.100000 110.000000 0.000000 -205854.833158 180.061138 22.456480
0 298.150000 1.000000 0.000000 0.000000 0.100000 110.000000 0.000000 -206184.525448 178.582215 24.895889
1 298.150000 1.000000 0.000000 0.100000 0.100000 110.000000 0.000000 -205348.774011 153.587935 24.453780
1 298.150000 1.000000 0.000000 0.100000 0.100000 110.000000 0.000000 -206375.023137 124.959390 26.036857
2 298.150000 1.000000 0.000000 0.200000 0.100000 110.000000 0.000000 -206259.956404 87.163416 25.588282
5 298.150000 1.000000 0.000000 0.500000 0.100000 110.000000 0.000000 -206162.919652 50.861616 25.938599
2 298.150000 1.000000 0.000000 0.200000 0.100000 110.000000 0.000000 -206014.714661 43.805763 24.634451
6 298.150000 1.000000 0.100000 0.500000 0.100000 110.000000 0.000000 -206272.743538 28.528631 25.064395
6 298.150000 1.000000 0.100000 0.500000 0.100000 110.000000 0.000000 -206209.486324 40.549709 23.696112
5 298.150000 1.000000 0.000000 0.500000 0.100000 110.000000 0.000000 -205812.865647 56.828918 25.669312
3 298.150000 1.000000 0.000000 0.300000 0.100000 110.000000 0.000000 -206507.640069 35.851258 26.005822
1 298.150000 1.000000 0.000000 0.100000 0.100000 110.000000 0.000000 -206097.933207 138.622765 23.828010
1 298.150000 1.000000 0.000000 0.100000 0.100000 110.000000 0.000000 -206154.632772 161.046323 24.567577
1 298.150000 1.000000 0.000000 0.100000 0.100000 110.000000 0.000000 -205942.865263 105.551303 25.431446
3 298.150000 1.000000 0.000000 0.300000 0.100000 110.000000 0.000000 -206258.778379 91.083713 25.817788
1 298.150000 1.000000 0.000000 0.100000 0.100000 110.000000 0.000000 -206336.447029 129.427685 22.308203
1 298.150000 1.000000 0.000000 0.100000 0.100000 110.000000 0.000000 -206157.789179 126.609804 25.541696
1 298.150000 1.000000 0.000000 0.100000 0.100000 110.000000 0.000000 -206190.526434 80.121605 24.466828
1 298.150000 1.000000 0.000000 0.100000 0.100000 110.000000 0.000000 -206115.065194 114.585313 24.934127
2 298.150000 1.000000 0.000000 0.200000 0.100000 110.000000 0.000000 -206073.268946 101.580563 25.056193
2 298.150000 1.000000 0.000000 0.200000 0.100000 110.000000 0.000000 -205778.435013 84.870898 25.368394
4 298.150000 1.000000 0.000000 0.400000 0.100000 110.000000 0.000000 -206384.084413 44.378599 25.244135
5 298.150000 1.000000 0.000000 0.500000 0.100000 110.000000 0.000000 -206101.474815 28.676671 26.006012
6 298.150000 1.000000 0.100000 0.500000 0.100000 110.000000 0.000000 -206146.805816 16.975971 25.841561
6 298.150000 1.000000 0.100000 0.500000 0.100000 110.000000 0.000000 -205840.835328 20.223073 25.848061
6 298.150000 1.000000 0.100000 0.500000 0.100000 110.000000 0.000000 -205850.303033 13.591750 25.760163
6 298.150000 1.000000 0.100000 0.500000 0.100000 110.000000 0.000000 -205916.637965 39.358758 25.916221
6 298.150000 1.000000 0.100000 0.500000 0.100000 110.000000 0.000000 -205704.069252 33.609796 24.493056
6 298.150000 1.000000 0.100000 0.500000 0.100000 110.000000 0.000000 -206321.065215 20.975561 25.960312
6 298.150000 1.000000 0.100000 0.500000 0.100000 110.000000 0.000000 -206254.621395 15.343897 25.954752
5 298.150000 1.000000 0.000000 0.500000 0.100000 110.000000 0.000000 -205896.897250 73.374922 25.820728
5 298.150000 1.000000 0.000000 0.500000 0.100000 110.000000 0.000000 -206155.608235 43.961303 25.765719
2 298.150000 1.000000 0.000000 0.200000 0.100000 110.000000 0.000000 -205634.782124 86.718040 25.907502
5 298.150000 1.000000 0.000000 0.500000 0.100000 110.000000 0.000000 -205956.171788 52.324050 25.697799
3 298.150000 1.000000 0.000000 0.300000 0.100000 110.000000 0.000000 -206200.536558 83.970881 25.600531
5 298.150000 1.000000 0.000000 0.500000 0.100000 110.000000 0.000000 -206214.009348 62.808052 25.822568
3 298.150000 1.000000 0.000000 0.300000 0.100000 110.000000 0.000000 -206059.587889 70.339428 25.635487
3 298.150000 1.000000 0.000000 0.300000 0.100000 110.000000 0.000000 -206353.637265 105.667141 25.898064
3 298.150000 1.000000 0.000000 0.300000 0.100000 110.000000 0.000000 -206221.166532 85.053263 25.452158
5 298.150000 1.000000 0.000000 0.500000 0.100000 110.000000 0.000000 -206265.768546 68.889220 25.575315
5 298.150000 1.000000 0.000000 0.500000 0.100000 110.000000 0.000000 -206387.010160 59.949747 25.954008
4 298.150000 1.000000 0.000000 0.400000 0.100000 110.000000 0.000000 -206260.032447 30.179253 25.860879
4 298.150000 1.000000 0.000000 0.400000 0.100000 110.000000 0.000000 -205658.132605 61.246235 24.623197
4 298.150000 1.000000 0.000000 0.400000 0.100000 110.000000 0.000000 -206041.595055 42.168426 25.040340
5 298.150000 1.000000 0.000000 0.500000 0.100000 110.000000 0.000000 -206471.331886 72.720527 25.399948
5 298.150000 1.000000 0.000000 0.500000 0.100000 110.000000 0.000000 -206439.873510 78.554730 23.993849
5 298.150000 1.000000 0.000000 0.500000 0.100000 110.000000 0.000000 -206219.712895 16.997527 25.805025
2 298.150000 1.000000 0.000000 0.200000 0.100000 110.000000 0.000000 -206085.032838 121.237311 25.892228
2 298.150000 1.000000 0.000000 0.200000 0.100000 110.000000 0.000000 -206062.993766 45.512343 25.184733
4 298.150000 1.000000 0.000000 0.400000 0.100000 110.000000 0.000000 -206086.145668 82.245461 25.933739
1 298.150000 1.000000 0.000000 0.100000 0.100000 110.000000 0.000000 -206280.992139 83.747947 25.737885
4 298.150000 1.000000 0.000000 0.400000 0.100000 110.000000 0.000000 -206317.914169 81.561722 25.004187
3 298.150000 1.000000 0.000000 0.300000 0.100000 110.000000 0.000000 -206184.752127 97.181956 24.666530
3 298.150000 1.000000 0.000000 0.300000 0.100000 110.000000 0.000000 -205919.167128 64.894800 25.900193
4 298.150000 1.000000 0.000000 0.400000 0.100000 110.000000 0.000000 -205921.772723 58.003389 24.831785
2 298.150000 1.000000 0.000000 0.200000 0.100000 110.000000 0.000000 -206091.843183 44.089453 25.158744
5 298.150000 1.000000 0.000000 0.500000 0.100000 110.000000 0.000000 -206097.368556 54.600512 25.915112
4 298.150000 1.000000 0.000000 0.400000 0.100000 110.000000 0.000000 -206024.963086 46.713648 25.646088
4 298.150000 1.000000 0.000000 0.400000 0.100000 110.000000 0.000000 -206068.673518 71.674068 25.533196
4 298.150000 1.000000 0.000000 0.400000 0.100000 110.000000 0.000000 -205880.307512 57.299104 25.608789
2 298.150000 1.000000 0.000000 0.200000 0.100000 110.000000 0.000000 -206384.037748 71.138939 25.269046
4 298.150000 1.000000 0.000000 0.400000 0.100000 110.000000 0.000000 -205992.581875 96.063130 25.332978
2 298.150000 1.000000 0.000000 0.200000 0.100000 110.000000 0.000000 -206017.155460 54.509150 25.939182
1 298.150000 1.000000 0.000000 0.100000 0.100000 110.000000 0.000000 -206014.560090 144.028205 22.733479
1 298.150000 1.000000 0.000000 0.100000 0.100000 110.000000 0.000000 -205867.231695 155.399386 25.325031
1 298.150000 1.000000 0.000000 0.100000 0.100000 110.000000 0.000000 -205863.966217 139.652142 25.293026
1 298.150000 1.000000 0.000000 0.100000 0.100000 110.000000 0.000000 -205964.770368 136.981975 25.857103
1 298.150000 1.000000 0.000000 0.100000 0.100000 110.000000 0.000000 -206245.381657 139.217762 25.267442
1 298.150000 1.000000 0.000000 0.100000 0.100000 110.000000 0.000000 -206016.892577 167.611309 23.646399
1 298.150000 1.000000 0.000000 0.100000 0.100000 110.000000 0.000000 -205896.307288 127.374648 26.015531
1 298.150000 1.000000 0.000000 0.100000 0.100000 110.000000 0.000000 -206112.401472 131.186211 23.319815
1 298.150000 1.000000 0.000000 0.100000 0.100000 110.000000 0.000000 -206374.375777 133.257310 24.515837
1 298.150000 1.000000 0.000000 0.100000 0.100000 110.000000 0.000000 -206166.424604 113.703991 25.375725
3 298.150000 1.000000 0.000000 0.300000 0.100000 110.000000 0.000000 -206515.141717 40.988016 24.742476
4 298.150000 1.000000 0.000000 0.400000 0.100000 110.000000 0.000000 -206171.579503 101.579257 26.009474
3 298.150000 1.000000 0.000000 0.300000 0.100000 110.000000 0.000000 -206060.225132 57.402834 25.413846
2 298.150000 1.000000 0.000000 0.200000 0.100000 110.000000 0.000000 -206167.810971 128.332471 25.834213
2 298.150000 1.000000 0.000000 0.200000 0.100000 110.000000 0.000000 -206103.804037 119.396154 23.365338
2 298.150000 1.000000 0.000000 0.200000 0.100000 110.000000 0.000000 -206233.047992 105.474082 25.242521
1 298.150000 1.000000 0.000000 0.100000 0.100000 110.000000 0.000000 -206418.091835 143.253771 25.358884
1 298.150000 1.000000 0.000000 0.100000 0.100000 110.000000 0.000000 -206191.520005 144.229189 25.779655
1 298.150000 1.000000 0.000000 0.100000 0.100000 110.000000 0.000000 -206130.645707 191.372553 25.884569
1 298.150000 1.000000 0.000000 0.100000 0.100000 110.000000 0.000000 -205847.336397 195.211261 25.990460
1 298.150000 1.000000 0.000000 0.100000 0.100000 110.000000 0.000000 -205901.042338 129.775251 22.394779
1 298.150000 1.000000 0.000000 0.100000 0.100000 110.000000 0.000000 -205821.516091 137.008456 25.415866
1 298.150000 1.000000 0.000000 0.100000 0.100000 110.000000 0.000000 -206313.266498 112.838807 25.882081
2 298.150000 1.000000 0.000000 0.200000 0.100000 110.000000 0.000000 -206184.910069 97.445249 24.188911
3 298.150000 1.000000 0.000000 0.300000 0.100000 110.000000 0.000000 -206226.921543 83.221234 23.684911
4 298.150000 1.000000 0.000000 0.400000 0.100000 110.000000 0.000000 -206145.931218 87.975089 24.587409
2 298.150000 1.000000 0.000000 0.200000 0.100000 110.000000 0.000000 -205917.941999 90.999304 25.328085
2 298.150000 1.000000 0.000000 0.200000 0.100000 110.000000 0.000000 -205973.379966 55.864456 25.780505
5 298.150000 1.000000 0.000000 0.500000 0.100000 110.000000 0.000000 -206211.423973 56.404907 24.318064
5 298.150000 1.000000 0.000000 0.500000 0.100000 110.000000 0.000000 -205941.389106 72.897302 25.022014
2 298.150000 1.000000 0.000000 0.200000 0.100000 110.000000 0.000000 -206089.888523 118.137989 25.759713
2 298.150000 1.000000 0.000000 0.200000 0.100000 110.000000 0.000000 -206217.924734 117.192424 24.708162
2 298.150000 1.000000 0.000000 0.200000 0.100000 110.000000 0.000000 -206016.618856 129.158954 24.176579
2 298.150000 1.000000 0.000000 0.200000 0.100000 110.000000 0.000000 -205996.150977 70.641744 25.634256
3 298.150000 1.000000 0.000000 0.300000 0.100000 110.000000 0.000000 -206279.767231 67.782944 23.684109
3 298.150000 1.000000 0.000000 0.300000 0.100000 110.000000 0.000000 -206065.213770 43.370692 25.794882
5 298.150000 1.000000 0.000000 0.500000 0.100000 110.000000 0.000000 -206209.696067 53.732445 25.306758
5 298.150000 1.000000 0.000000 0.500000 0.100000 110.000000 0.000000 -206042.437615 77.262602 24.370657
3 298.150000 1.000000 0.000000 0.300000 0.100000 110.000000 0.000000 -205810.418955 88.987971 25.711314
1 298.150000 1.000000 0.000000 0.100000 0.100000 110.000000 0.000000 -206279.051254 129.009630 22.672946
1 298.150000 1.000000 0.000000 0.100000 0.100000 110.000000 0.000000 -205882.378766 85.530782 25.906042
2 298.150000 1.000000 0.000000 0.200000 0.100000 110.000000 0.000000 -206166.422991 96.632522 25.253218
3 298.150000 1.000000 0.000000 0.300000 0.100000 110.000000 0.000000 -205895.447983 74.943180 25.626413
3 298.150000 1.000000 0.000000 0.300000 0.100000 110.000000 0.000000 -205813.378201 76.583855 23.596046
2 298.150000 1.000000 0.000000 0.200000 0.100000 110.000000 0.000000 -205989.113870 80.049550 25.877524
4 298.150000 1.000000 0.000000 0.400000 0.100000 110.000000 0.000000 -205887.440409 86.179123 24.202777
2 298.150000 1.000000 0.000000 0.200000 0.100000 110.000000 0.000000 -206038.781944 80.460069 25.260515
3 298.150000 1.000000 0.000000 0.300000 0.100000 110.000000 0.000000 -205729.512530 82.001411 25.018969
3 298.150000 1.000000 0.000000 0.300000 0.100000 110.000000 0.000000 -205730.036219 75.034546 25.800975
1 298.150000 1.000000 0.000000 0.100000 0.100000 110.000000 0.000000 -205992.959856 135.398412 25.818088
1 298.150000 1.000000 0.000000 0.100000 0.100000 110.000000 0.000000 -206065.475661 123.485376 25.433686
1 298.150000 1.000000 0.000000 0.100000 0.100000 110.000000 0.000000 -206195.824039 53.485511 25.901257
2 298.150000 1.000000 0.000000 0.200000 0.100000 110.000000 0.000000 -206334.687386 54.800546 25.984927
4 298.150000 1.000000 0.000000 0.400000 0.100000 110.000000 0.000000 -206094.898345 33.629645 25.907635
5 298.150000 1.000000 0.000000 0.500000 0.100000 110.000000 0.000000 -206029.298432 41.555325 24.970214
5 298.150000 1.000000 0.000000 0.500000 0.100000 110.000000 0.000000 -206288.443384 36.506547 25.917685
6 298.150000 1.000000 0.100000 0.500000 0.100000 110.000000 0.000000 -206097.526049 7.951454 25.824049
