17 298.150000 -1.000000 0.000000 0.400000 0.100000 110.000000 0.000000 -207697.397863 70.627746 24.951371
17 298.150000 -1.000000 0.000000 0.400000 0.100000 110.000000 0.000000 -207926.746410 82.412374 24.839836
18 298.150000 -1.000000 0.000000 0.300000 0.100000 110.000000 0.000000 -207701.773587 74.912721 25.047262
16 298.150000 -1.000000 0.000000 0.500000 0.100000 110.000000 0.000000 -207864.446450 88.876938 24.888317
17 298.150000 -1.000000 0.000000 0.400000 0.100000 110.000000 0.000000 -207554.732108 76.299120 24.880265
18 298.150000 -1.000000 0.000000 0.300000 0.100000 110.000000 0.000000 -208069.703018 81.112313 25.244649
16 298.150000 -1.000000 0.000000 0.500000 0.100000 110.000000 0.000000 -207989.660727 79.439215 24.969504
16 298.150000 -1.000000 0.000000 0.500000 0.100000 110.000000 0.000000 -207764.073087 60.001594 25.054516
15 298.150000 -1.000000 0.100000 0.500000 0.100000 110.000000 0.000000 -207659.417110 24.807202 25.075698
15 298.150000 -1.000000 0.100000 0.500000 0.100000 110.000000 0.000000 -207471.306520 39.173974 24.912700
15 298.150000 -1.000000 0.100000 0.500000 0.100000 110.000000 0.000000 -207934.182559 71.922414 25.014599
17 298.150000 -1.000000 0.000000 0.400000 0.100000 110.000000 0.000000 -207648.259811 77.421935 25.000482
16 298.150000 -1.000000 0.000000 0.500000 0.100000 110.000000 0.000000 -207697.979991 106.142609 24.759145
16 298.150000 -1.000000 0.000000 0.500000 0.100000 110.000000 0.000000 -207706.993379 61.303250 24.860835
15 298.150000 -1.000000 0.100000 0.500000 0.100000 110.000000 0.000000 -207500.822309 31.772618 25.156490
15 298.150000 -1.000000 0.100000 0.500000 0.100000 110.000000 0.000000 -207733.207971 12.071147 24.987475
14 298.150000 -1.000000 0.200000 0.500000 0.100000 110.000000 0.000000 -207643.208473 14.527643 24.858031
14 298.150000 -1.000000 0.200000 0.500000 0.100000 110.000000 0.000000 -208152.938684 15.395080 24.879186
14 298.150000 -1.000000 0.200000 0.500000 0.100000 110.000000 0.000000 -207741.474027 35.900968 24.780580
14 298.150000 -1.000000 0.200000 0.500000 0.100000 110.000000 0.000000 -207759.205810 9.877638 24.879193
13 298.150000 -1.000000 0.300000 0.500000 0.100000 110.000000 0.000000 -207620.431331 16.539447 24.903352
13 298.150000 -1.000000 0.300000 0.500000 0.100000 110.000000 0.000000 -207989.633491 15.689717 25.061441
14 298.150000 -1.000000 0.200000 0.500000 0.100000 110.000000 0.000000 -208117.866438 12.651461 24.625107
14 298.150000 -1.000000 0.200000 0.500000 0.100000 110.000000 0.000000 -207374.399868 12.483133 25.274877
14 298.150000 -1.000000 0.200000 0.500000 0.100000 110.000000 0.000000 -208002.494498 24.494871 25.049959
14 298.150000 -1.000000 0.200000 0.500000 0.100000 110.000000 0.000000 -207708.013324 8.258197 25.088643
13 298.150000 -1.000000 0.300000 0.500000 0.100000 110.000000 0.000000 -207729.287954 8.297065 25.044525
13 298.150000 -1.000000 0.300000 0.500000 0.100000 110.000000 0.000000 -207992.332859 10.554718 24.890590
13 298.150000 -1.000000 0.300000 0.500000 0.100000 110.000000 0.000000 -207436.871382 3.653470 25.055995
12 298.150000 -1.000000 0.400000 0.500000 0.100000 110.000000 0.000000 -207981.805278 -4.064363 25.246644
11 298.150000 -1.000000 0.500000 0.500000 0.100000 110.000000 0.000000 -207650.336688 -0.479040 24.935833
12 298.150000 -1.000000 0.400000 0.500000 0.100000 110.000000 0.000000 -207738.909275 -0.094975 24.924526
11 298.150000 -1.000000 0.500000 0.500000 0.100000 110.000000 0.000000 -207584.904388 2.753428 24.921227
11 298.150000 -1.000000 0.500000 0.500000 0.100000 110.000000 0.000000 -208023.889359 9.324511 24.780920
11 298.150000 -1.000000 0.500000 0.500000 0.100000 110.000000 0.000000 -208068.857051 12.895854 25.124873
14 298.150000 -1.000000 0.200000 0.500000 0.100000 110.000000 0.000000 -207779.440114 31.379797 25.248579
15 298.150000 -1.000000 0.100000 0.500000 0.100000 110.000000 0.000000 -207750.103261 14.796217 25.112393
14 298.150000 -1.000000 0.200000 0.500000 0.100000 110.000000 0.000000 -207779.991036 18.082565 25.039404
14 298.150000 -1.000000 0.200000 0.500000 0.100000 110.000000 0.000000 -207461.305788 15.208490 25.259688
14 298.150000 -1.000000 0.200000 0.500000 0.100000 110.000000 0.000000 -207784.404754 15.902746 24.878695
13 298.150000 -1.000000 0.300000 0.500000 0.100000 110.000000 0.000000 -207612.906550 11.390295 24.832365
14 298.150000 -1.000000 0.200000 0.500000 0.100000 110.000000 0.000000 -207595.500867 16.878449 24.876829
14 298.150000 -1.000000 0.200000 0.500000 0.100000 110.000000 0.000000 -208045.180122 9.730753 24.939479
13 298.150000 -1.000000 0.300000 0.500000 0.100000 110.000000 0.000000 -207947.478871 8.818553 24.853152
13 298.150000 -1.000000 0.300000 0.500000 0.100000 110.000000 0.000000 -207941.940387 6.620021 24.639795
13 298.150000 -1.000000 0.300000 0.500000 0.100000 110.000000 0.000000 -207793.946026 11.393526 24.897809
14 298.150000 -1.000000 0.200000 0.500000 0.100000 110.000000 0.000000 -207901.015524 25.927398 24.897178
14 298.150000 -1.000000 0.200000 0.500000 0.100000 110.000000 0.000000 -207672.344173 17.350679 24.812851
14 298.150000 -1.000000 0.200000 0.500000 0.100000 110.000000 0.000000 -208107.080924 4.301256 25.074759
13 298.150000 -1.000000 0.300000 0.500000 0.100000 110.000000 0.000000 -207880.389680 10.367485 24.948732
13 298.150000 -1.000000 0.300000 0.500000 0.100000 110.000000 0.000000 -207946.772196 8.904525 24.888769
12 298.150000 -1.000000 0.400000 0.500000 0.100000 110.000000 0.000000 -208053.783434 -0.977562 25.145905
11 298.150000 -1.000000 0.500000 0.500000 0.100000 110.000000 0.000000 -207548.644703 0.083603 24.903407
12 298.150000 -1.000000 0.400000 0.500000 0.100000 110.000000 0.000000 -207670.047874 1.983149 24.919266
11 298.150000 -1.000000 0.500000 0.500000 0.100000 110.000000 0.000000 -208170.643156 2.806602 25.144318
12 298.150000 -1.000000 0.400000 0.500000 0.100000 110.000000 0.000000 -207899.436838 12.899405 25.246667
13 298.150000 -1.000000 0.300000 0.500000 0.100000 110.000000 0.000000 -207910.997850 16.012275 24.904209
14 298.150000 -1.000000 0.200000 0.500000 0.100000 110.000000 0.000000 -207737.003720 19.394458 24.817415
14 298.150000 -1.000000 0.200000 0.500000 0.100000 110.000000 0.000000 -207520.032676 39.963601 24.991496
14 298.150000 -1.000000 0.200000 0.500000 0.100000 110.000000 0.000000 -208076.705533 15.772647 25.123857
14 298.150000 -1.000000 0.200000 0.500000 0.100000 110.000000 0.000000 -207814.679136 15.370985 25.165620
14 298.150000 -1.000000 0.200000 0.500000 0.100000 110.000000 0.000000 -207837.157024 8.676595 24.947812
14 298.150000 -1.000000 0.200000 0.500000 0.100000 110.000000 0.000000 -207509.144616 4.032411 25.098294
14 298.150000 -1.000000 0.200000 0.500000 0.100000 110.000000 0.000000 -208117.984546 8.702111 25.023617
13 298.150000 -1.000000 0.300000 0.500000 0.100000 110.000000 0.000000 -207215.608978 11.447511 25.120516
13 298.150000 -1.000000 0.300000 0.500000 0.100000 110.000000 0.000000 -207701.582021 10.992870 25.103840
14 298.150000 -1.000000 0.200000 0.500000 0.100000 110.000000 0.000000 -207741.546947 10.127207 25.035058
14 298.150000 -1.000000 0.200000 0.500000 0.100000 110.000000 0.000000 -207948.060322 12.703798 24.835974
14 298.150000 -1.000000 0.200000 0.500000 0.100000 110.000000 0.000000 -207597.576916 21.875275 25.251726
15 298.150000 -1.000000 0.100000 0.500000 0.100000 110.000000 0.000000 -207670.574368 21.210333 24.881768
13 298.150000 -1.000000 0.300000 0.500000 0.100000 110.000000 0.000000 -207716.860467 6.951179 25.358972
12 298.150000 -1.000000 0.400000 0.500000 0.100000 110.000000 0.000000 -207485.109869 -6.278113 24.923818
12 298.150000 -1.000000 0.400000 0.500000 0.100000 110.000000 0.000000 -207864.989465 -4.622240 24.924287
10 298.150000 1.000000 0.500000 0.500000 0.100000 110.000000 0.000000 -207650.892889 3.374684 25.022420
12 298.150000 -1.000000 0.400000 0.500000 0.100000 110.000000 0.000000 -207856.332846 8.357178 25.213621
15 298.150000 -1.000000 0.100000 0.500000 0.100000 110.000000 0.000000 -207359.112069 67.221311 25.120096
15 298.150000 -1.000000 0.100000 0.500000 0.100000 110.000000 0.000000 -207811.366260 30.478178 24.823513
15 298.150000 -1.000000 0.100000 0.500000 0.100000 110.000000 0.000000 -207821.646050 41.702144 24.975572
15 298.150000 -1.000000 0.100000 0.500000 0.100000 110.000000 0.000000 -207370.634667 29.062643 24.892205
15 298.150000 -1.000000 0.100000 0.500000 0.100000 110.000000 0.000000 -207739.961082 36.431350 25.249904
15 298.150000 -1.000000 0.100000 0.500000 0.100000 110.000000 0.000000 -207942.309352 58.959753 25.016847
15 298.150000 -1.000000 0.100000 0.500000 0.100000 110.000000 0.000000 -207526.020290 30.226637 25.166440
15 298.150000 -1.000000 0.100000 0.500000 0.100000 110.000000 0.000000 -207740.137120 50.994342 25.012962
15 298.150000 -1.000000 0.100000 0.500000 0.100000 110.000000 0.000000 -208118.766534 29.922407 24.994245
15 298.150000 -1.000000 0.100000 0.500000 0.100000 110.000000 0.000000 -208465.802830 42.432235 25.279360
15 298.150000 -1.000000 0.100000 0.500000 0.100000 110.000000 0.000000 -208008.776734 30.425982 24.894156
14 298.150000 -1.000000 0.200000 0.500000 0.100000 110.000000 0.000000 -207548.799965 9.727601 25.217596
14 298.150000 -1.000000 0.200000 0.500000 0.100000 110.000000 0.000000 -207987.503780 17.319748 25.176846
14 298.150000 -1.000000 0.200000 0.500000 0.100000 110.000000 0.000000 -207737.874939 20.010277 25.241385
14 298.150000 -1.000000 0.200000 0.500000 0.100000 110.000000 0.000000 -207795.283316 6.139481 24.980705
12 298.150000 -1.000000 0.400000 0.500000 0.100000 110.000000 0.000000 -207875.822472 6.974432 25.074891
13 298.150000 -1.000000 0.300000 0.500000 0.100000 110.000000 0.000000 -207878.901021 18.640719 25.002531
15 298.150000 -1.000000 0.100000 0.500000 0.100000 110.000000 0.000000 -208068.660122 30.446495 25.037456
15 298.150000 -1.000000 0.100000 0.500000 0.100000 110.000000 0.000000 -208173.907816 42.778989 25.204238
16 298.150000 -1.000000 0.000000 0.500000 0.100000 110.000000 0.000000 -207749.169907 54.207201 24.967967
17 298.150000 -1.000000 0.000000 0.400000 0.100000 110.000000 0.000000 -207884.640823 67.962225 24.893605
16 298.150000 -1.000000 0.000000 0.500000 0.100000 110.000000 0.000000 -207967.864529 77.634539 25.254510
17 298.150000 -1.000000 0.000000 0.400000 0.100000 110.000000 0.000000 -207772.201685 65.295593 24.720753
16 298.150000 -1.000000 0.000000 0.500000 0.100000 110.000000 0.000000 -207477.396681 73.892013 24.977992
18 298.150000 -1.000000 0.000000 0.300000 0.100000 110.000000 0.000000 -207898.834233 113.196779 25.095255
19 298.150000 -1.000000 0.000000 0.200000 0.100000 110.000000 0.000000 -207982.025453 121.865401 25.100086
19 298.150000 -1.000000 0.000000 0.200000 0.100000 110.000000 0.000000 -207812.376025 129.043866 24.854387
19 298.150000 -1.000000 0.000000 0.200000 0.100000 110.000000 0.000000 -207927.137744 123.011381 24.812431
19 298.150000 -1.000000 0.000000 0.200000 0.100000 110.000000 0.000000 -207850.514185 138.885381 25.272656
19 298.150000 -1.000000 0.000000 0.200000 0.100000 110.000000 0.000000 -208012.344931 127.278060 25.083398
19 298.150000 -1.000000 0.000000 0.200000 0.100000 110.000000 0.000000 -207846.981328 144.504878 25.105158
20 298.150000 -1.000000 0.000000 0.100000 0.100000 110.000000 0.000000 -207922.903920 137.116832 24.961667
19 298.150000 -1.000000 0.000000 0.200000 0.100000 110.000000 0.000000 -207871.169078 144.086520 24.880491
19 298.150000 -1.000000 0.000000 0.200000 0.100000 110.000000 0.000000 -207825.152419 137.434877 24.888501
19 298.150000 -1.000000 0.000000 0.200000 0.100000 110.000000 0.000000 -207714.179850 57.171291 24.908866
19 298.150000 -1.000000 0.000000 0.200000 0.100000 110.000000 0.000000 -207633.383006 136.969733 24.895303
20 298.150000 -1.000000 0.000000 0.100000 0.100000 110.000000 0.000000 -207613.003506 186.707592 25.242843
20 298.150000 -1.000000 0.000000 0.100000 0.100000 110.000000 0.000000 -207852.935453 141.572507 24.985220
19 298.150000 -1.000000 0.000000 0.200000 0.100000 110.000000 0.000000 -207839.539048 139.945415 25.018270
19 298.150000 -1.000000 0.000000 0.200000 0.100000 110.000000 0.000000 -207660.885073 127.264304 24.993612
19 298.150000 -1.000000 0.000000 0.200000 0.100000 110.000000 0.000000 -207527.976748 126.479325 24.866728
19 298.150000 -1.000000 0.000000 0.200000 0.100000 110.000000 0.000000 -207552.877279 128.475214 24.875944
19 298.150000 -1.000000 0.000000 0.200000 0.100000 110.000000 0.000000 -208175.683811 149.139144 25.033462
19 298.150000 -1.000000 0.000000 0.200000 0.100000 110.000000 0.000000 -208376.009099 139.283347 24.946447
19 298.150000 -1.000000 0.000000 0.200000 0.100000 110.000000 0.000000 -207463.668996 133.542174 24.875228
19 298.150000 -1.000000 0.000000 0.200000 0.100000 110.000000 0.000000 -208223.296184 136.239970 25.262889
19 298.150000 -1.000000 0.000000 0.200000 0.100000 110.000000 0.000000 -207792.584257 132.642798 25.188748
19 298.150000 -1.000000 0.000000 0.200000 0.100000 110.000000 0.000000 -207800.853436 148.486107 25.158143
19 298.150000 -1.000000 0.000000 0.200000 0.100000 110.000000 0.000000 -207613.691590 129.821053 24.965976
19 298.150000 -1.000000 0.000000 0.200000 0.100000 110.000000 0.000000 -207719.110882 131.284304 25.255580
19 298.150000 -1.000000 0.000000 0.200000 0.100000 110.000000 0.000000 -207645.100327 136.945713 24.859553
