11 298.150000 -1.000000 0.500000 0.500000 0.100000 110.000000 0.000000 -205983.655278 -2.570375 25.915998
11 298.150000 -1.000000 0.500000 0.500000 0.100000 110.000000 0.000000 -206039.841158 3.365405 25.660826
10 298.150000 1.000000 0.500000 0.500000 0.100000 110.000000 0.000000 -205916.173646 -3.029924 25.986526
10 298.150000 1.000000 0.500000 0.500000 0.100000 110.000000 0.000000 -206139.411612 -4.877500 25.885357
12 298.150000 -1.000000 0.400000 0.500000 0.100000 110.000000 0.000000 -206169.559849 7.012035 25.976725
12 298.150000 -1.000000 0.400000 0.500000 0.100000 110.000000 0.000000 -206274.027121 12.135605 25.996145
15 298.150000 -1.000000 0.100000 0.500000 0.100000 110.000000 0.000000 -206142.858057 14.644365 25.324421
15 298.150000 -1.000000 0.100000 0.500000 0.100000 110.000000 0.000000 -205963.005876 11.386836 25.496387
15 298.150000 -1.000000 0.100000 0.500000 0.100000 110.000000 0.000000 -205827.165269 36.899022 25.960007
15 298.150000 -1.000000 0.100000 0.500000 0.100000 110.000000 0.000000 -206131.491591 30.539980 25.750154
15 298.150000 -1.000000 0.100000 0.500000 0.100000 110.000000 0.000000 -206463.546160 23.733004 25.978823
15 298.150000 -1.000000 0.100000 0.500000 0.100000 110.000000 0.000000 -206170.184999 10.084826 25.244982
15 298.150000 -1.000000 0.100000 0.500000 0.100000 110.000000 0.000000 -205790.812068 13.368003 26.010835
15 298.150000 -1.000000 0.100000 0.500000 0.100000 110.000000 0.000000 -205966.297269 26.230655 25.550776
14 298.150000 -1.000000 0.200000 0.500000 0.100000 110.000000 0.000000 -205911.694272 2.728775 25.863352
14 298.150000 -1.000000 0.200000 0.500000 0.100000 110.000000 0.000000 -206464.136735 12.625606 25.517590
15 298.150000 -1.000000 0.100000 0.500000 0.100000 110.000000 0.000000 -206413.073516 19.411768 25.929194
15 298.150000 -1.000000 0.100000 0.500000 0.100000 110.000000 0.000000 -206252.721706 7.820649 25.619994
13 298.150000 -1.000000 0.300000 0.500000 0.100000 110.000000 0.000000 -206018.425477 14.211925 25.376444
14 298.150000 -1.000000 0.200000 0.500000 0.100000 110.000000 0.000000 -206262.877995 15.734837 25.951432
14 298.150000 -1.000000 0.200000 0.500000 0.100000 110.000000 0.000000 -206284.255698 10.463485 25.982672
15 298.150000 -1.000000 0.100000 0.500000 0.100000 110.000000 0.000000 -206126.178770 26.065895 25.442234
15 298.150000 -1.000000 0.100000 0.500000 0.100000 110.000000 0.000000 -205852.416052 24.760402 25.902178
16 298.150000 -1.000000 0.000000 0.500000 0.100000 110.000000 0.000000 -206209.179876 82.094721 25.686012
19 298.150000 -1.000000 0.000000 0.200000 0.100000 110.000000 0.000000 -206484.052076 67.833055 25.312681
18 298.150000 -1.000000 0.000000 0.300000 0.100000 110.000000 0.000000 -206037.726705 75.640990 25.849641
18 298.150000 -1.000000 0.000000 0.300000 0.100000 110.000000 0.000000 -205894.960065 48.628264 25.971269
16 298.150000 -1.000000 0.000000 0.500000 0.100000 110.000000 0.000000 -206055.175594 26.299500 25.405961
18 298.150000 -1.000000 0.000000 0.300000 0.100000 110.000000 0.000000 -206068.110126 51.906401 25.861351
17 298.150000 -1.000000 0.000000 0.400000 0.100000 110.000000 0.000000 -206075.865412 58.159089 25.949115
19 298.150000 -1.000000 0.000000 0.200000 0.100000 110.000000 0.000000 -206411.315847 104.186021 26.007557
19 298.150000 -1.000000 0.000000 0.200000 0.100000 110.000000 0.000000 -205932.794224 109.301196 25.842464
20 298.150000 -1.000000 0.000000 0.100000 0.100000 110.000000 0.000000 -206163.983489 111.816298 26.002564
20 298.150000 -1.000000 0.000000 0.100000 0.100000 110.000000 0.000000 -205795.982739 149.368409 25.415798
20 298.150000 -1.000000 0.000000 0.100000 0.100000 110.000000 0.000000 -206234.233277 52.365027 25.328856
20 298.150000 -1.000000 0.000000 0.100000 0.100000 110.000000 0.000000 -205795.729196 128.934642 25.378996
20 298.150000 -1.000000 0.000000 0.100000 0.100000 110.000000 0.000000 -206168.420258 115.084985 25.852357
20 298.150000 -1.000000 0.000000 0.100000 0.100000 110.000000 0.000000 -205958.959477 48.946503 25.738194
17 298.150000 -1.000000 0.000000 0.400000 0.100000 110.000000 0.000000 -206317.762589 97.638575 25.804827
17 298.150000 -1.000000 0.000000 0.400000 0.100000 110.000000 0.000000 -206012.314828 55.799037 25.384544
19 298.150000 -1.000000 0.000000 0.200000 0.100000 110.000000 0.000000 -205968.788417 77.816657 25.744463
20 298.150000 -1.000000 0.000000 0.100000 0.100000 110.000000 0.000000 -206264.512586 120.899362 25.816603
20 298.150000 -1.000000 0.000000 0.100000 0.100000 110.000000 0.000000 -205751.607197 97.561656 25.478448
19 298.150000 -1.000000 0.000000 0.200000 0.100000 110.000000 0.000000 -206084.510849 66.279516 25.572345
17 298.150000 -1.000000 0.000000 0.400000 0.100000 110.000000 0.000000 -206248.948239 63.837055 25.228030
16 298.150000 -1.000000 0.000000 0.500000 0.100000 110.000000 0.000000 -206080.153572 36.081061 25.993991
19 298.150000 -1.000000 0.000000 0.200000 0.100000 110.000000 0.000000 -205918.719662 49.225880 25.990648
17 298.150000 -1.000000 0.000000 0.400000 0.100000 110.000000 0.000000 -206073.461074 107.784981 25.969390
20 298.150000 -1.000000 0.000000 0.100000 0.100000 110.000000 0.000000 -206035.544578 128.682751 25.740249
20 298.150000 -1.000000 0.000000 0.100000 0.100000 110.000000 0.000000 -206431.546987 143.371286 25.511737
20 298.150000 -1.000000 0.000000 0.100000 0.100000 110.000000 0.000000 -205702.964031 141.115816 25.804504
20 298.150000 -1.000000 0.000000 0.100000 0.100000 110.000000 0.000000 -206302.636980 87.002420 25.490807
20 298.150000 -1.000000 0.000000 0.100000 0.100000 110.000000 0.000000 -206014.686064 124.147886 26.023093
20 298.150000 -1.000000 0.000000 0.100000 0.100000 110.000000 0.000000 -206344.383214 135.514630 25.967177
20 298.150000 -1.000000 0.000000 0.100000 0.100000 110.000000 0.000000 -205975.287438 88.380287 25.743841
16 298.150000 -1.000000 0.000000 0.500000 0.100000 110.000000 0.000000 -205874.694899 50.836209 25.576770
16 298.150000 -1.000000 0.000000 0.500000 0.100000 110.000000 0.000000 -205611.083988 79.519497 25.149339
17 298.150000 -1.000000 0.000000 0.400000 0.100000 110.000000 0.000000 -205811.596930 40.357639 25.260882
18 298.150000 -1.000000 0.000000 0.300000 0.100000 110.000000 0.000000 -206108.875570 69.081749 25.496260
18 298.150000 -1.000000 0.000000 0.300000 0.100000 110.000000 0.000000 -206334.811357 55.844048 25.839519
17 298.150000 -1.000000 0.000000 0.400000 0.100000 110.000000 0.000000 -205766.089744 65.754727 25.819172
17 298.150000 -1.000000 0.000000 0.400000 0.100000 110.000000 0.000000 -206071.675809 48.770837 25.035724
18 298.150000 -1.000000 0.000000 0.300000 0.100000 110.000000 0.000000 -205808.637958 54.078479 25.741698
19 298.150000 -1.000000 0.000000 0.200000 0.100000 110.000000 0.000000 -205719.570717 47.190884 25.345874
18 298.150000 -1.000000 0.000000 0.300000 0.100000 110.000000 0.000000 -206192.788884 52.837031 25.863310
18 298.150000 -1.000000 0.000000 0.300000 0.100000 110.000000 0.000000 -205948.852337 73.297502 25.843904
16 298.150000 -1.000000 0.000000 0.500000 0.100000 110.000000 0.000000 -206095.005537 49.188809 25.725204
17 298.150000 -1.000000 0.000000 0.400000 0.100000 110.000000 0.000000 -205659.467440 50.202361 26.018124
17 298.150000 -1.000000 0.000000 0.400000 0.100000 110.000000 0.000000 -205793.867164 59.369183 24.167929
20 298.150000 -1.000000 0.000000 0.100000 0.100000 110.000000 0.000000 -206179.833870 111.876772 25.477245
20 298.150000 -1.000000 0.000000 0.100000 0.100000 110.000000 0.000000 -206026.554042 58.103488 25.889783
18 298.150000 -1.000000 0.000000 0.300000 0.100000 110.000000 0.000000 -206171.411721 30.849049 25.430566
18 298.150000 -1.000000 0.000000 0.300000 0.100000 110.000000 0.000000 -206168.398089 88.396469 25.694851
20 298.150000 -1.000000 0.000000 0.100000 0.100000 110.000000 0.000000 -206137.276752 45.092897 26.020252
17 298.150000 -1.000000 0.000000 0.400000 0.100000 110.000000 0.000000 -206291.884388 50.429947 25.610481
16 298.150000 -1.000000 0.000000 0.500000 0.100000 110.000000 0.000000 -206049.940740 70.347266 25.666020
19 298.150000 -1.000000 0.000000 0.200000 0.100000 110.000000 0.000000 -206111.977162 41.246026 26.021998
19 298.150000 -1.000000 0.000000 0.200000 0.100000 110.000000 0.000000 -206305.888280 62.098053 25.299516
16 298.150000 -1.000000 0.000000 0.500000 0.100000 110.000000 0.000000 -206095.452771 69.432019 26.020235
16 298.150000 -1.000000 0.000000 0.500000 0.100000 110.000000 0.000000 -206031.432322 42.515218 25.624846
16 298.150000 -1.000000 0.000000 0.500000 0.100000 110.000000 0.000000 -205832.918990 54.533072 25.964720
17 298.150000 -1.000000 0.000000 0.400000 0.100000 110.000000 0.000000 -205816.257749 66.925923 25.681954
17 298.150000 -1.000000 0.000000 0.400000 0.100000 110.000000 0.000000 -205933.391106 40.496864 25.335164
16 298.150000 -1.000000 0.000000 0.500000 0.100000 110.000000 0.000000 -206511.867509 47.450334 25.810284
15 298.150000 -1.000000 0.100000 0.500000 0.100000 110.000000 0.000000 -206065.786267 39.210780 25.524930
15 298.150000 -1.000000 0.100000 0.500000 0.100000 110.000000 0.000000 -205886.321302 10.143780 25.842740
15 298.150000 -1.000000 0.100000 0.500000 0.100000 110.000000 0.000000 -205913.079169 23.322760 26.016317
14 298.150000 -1.000000 0.200000 0.500000 0.100000 110.000000 0.000000 -206032.403322 4.413701 25.990068
14 298.150000 -1.000000 0.200000 0.500000 0.100000 110.000000 0.000000 -205964.348067 8.214652 24.815245
12 298.150000 -1.000000 0.400000 0.500000 0.100000 110.000000 0.000000 -206148.236787 -3.516382 25.844295
10 298.150000 1.000000 0.500000 0.500000 0.100000 110.000000 0.000000 -206231.365047 0.485024 25.982276
9 298.150000 1.000000 0.400000 0.500000 0.100000 110.000000 0.000000 -206352.043244 -0.860914 25.882199
8 298.150000 1.000000 0.300000 0.500000 0.100000 110.000000 0.000000 -206177.346528 8.779812 25.805006
7 298.150000 1.000000 0.200000 0.500000 0.100000 110.000000 0.000000 -205916.669110 0.515052 25.681721
9 298.150000 1.000000 0.400000 0.500000 0.100000 110.000000 0.000000 -205802.571213 4.026934 25.893158
10 298.150000 1.000000 0.500000 0.500000 0.100000 110.000000 0.000000 -205840.236043 4.235222 25.739597
9 298.150000 1.000000 0.400000 0.500000 0.100000 110.000000 0.000000 -205991.856869 7.548463 24.836928
10 298.150000 1.000000 0.500000 0.500000 0.100000 110.000000 0.000000 -206337.856981 3.005728 25.992394
12 298.150000 -1.000000 0.400000 0.500000 0.100000 110.000000 0.000000 -206192.917125 -1.432827 25.497909
11 298.150000 -1.000000 0.500000 0.500000 0.100000 110.000000 0.000000 -206417.918452 -3.921694 25.316324
10 298.150000 1.000000 0.500000 0.500000 0.100000 110.000000 0.000000 -206109.325362 6.738215 25.974224
9 298.150000 1.000000 0.400000 0.500000 0.100000 110.000000 0.000000 -206147.212558 -3.172442 25.956251
9 298.150000 1.000000 0.400000 0.500000 0.100000 110.000000 0.000000 -205923.419436 -0.125991 25.514099
10 298.150000 1.000000 0.500000 0.500000 0.100000 110.000000 0.000000 -206139.221831 0.140288 25.660436
11 298.150000 -1.000000 0.500000 0.500000 0.100000 110.000000 0.000000 -206173.607169 0.335675 24.558257
12 298.150000 -1.000000 0.400000 0.500000 0.100000 110.000000 0.000000 -205900.111206 4.387742 24.951255
12 298.150000 -1.000000 0.400000 0.500000 0.100000 110.000000 0.000000 -205777.408364 -3.023387 25.848249
11 298.150000 -1.000000 0.500000 0.500000 0.100000 110.000000 0.000000 -206203.682156 -3.367426 25.506400
12 298.150000 -1.000000 0.400000 0.500000 0.100000 110.000000 0.000000 -205694.423622 -0.094331 25.981658
12 298.150000 -1.000000 0.400000 0.500000 0.100000 110.000000 0.000000 -206248.476121 5.655200 25.863792
13 298.150000 -1.000000 0.300000 0.500000 0.100000 110.000000 0.000000 -206040.166977 1.471200 25.797812
13 298.150000 -1.000000 0.300000 0.500000 0.100000 110.000000 0.000000 -206534.604803 9.027860 25.734624
13 298.150000 -1.000000 0.300000 0.500000 0.100000 110.000000 0.000000 -206248.899656 5.256912 25.790144
13 298.150000 -1.000000 0.300000 0.500000 0.100000 110.000000 0.000000 -206122.449264 18.607700 25.863780
13 298.150000 -1.000000 0.300000 0.500000 0.100000 110.000000 0.000000 -205660.915799 2.764137 24.634412
13 298.150000 -1.000000 0.300000 0.500000 0.100000 110.000000 0.000000 -206320.950856 1.179570 25.082581
11 298.150000 -1.000000 0.500000 0.500000 0.100000 110.000000 0.000000 -205893.071041 1.477472 25.653339
9 298.150000 1.000000 0.400000 0.500000 0.100000 110.000000 0.000000 -206377.008959 2.088530 25.408151
7 298.150000 1.000000 0.200000 0.500000 0.100000 110.000000 0.000000 -206116.433845 14.320432 24.396862
7 298.150000 1.000000 0.200000 0.500000 0.100000 110.000000 0.000000 -205714.693335 14.430872 25.996965
8 298.150000 1.000000 0.300000 0.500000 0.100000 110.000000 0.000000 -206314.259272 7.656139 25.853709
7 298.150000 1.000000 0.200000 0.500000 0.100000 110.000000 0.000000 -205876.729949 5.903351 25.662203
8 298.150000 1.000000 0.300000 0.500000 0.100000 110.000000 0.000000 -206009.862752 3.719773 25.984977
8 298.150000 1.000000 0.300000 0.500000 0.100000 110.000000 0.000000 -206293.397921 10.419138 25.760284
6 298.150000 1.000000 0.100000 0.500000 0.100000 110.000000 0.000000 -206092.453388 17.904638 25.318639
9 298.150000 1.000000 0.400000 0.500000 0.100000 110.000000 0.000000 -205728.095933 5.096078 25.782822
10 298.150000 1.000000 0.500000 0.500000 0.100000 110.000000 0.000000 -205847.799307 -1.413266 25.602264
