17 298.150000 -1.000000 0.000000 0.400000 0.100000 110.000000 0.000000 -206080.227422 58.892871 25.809478
18 298.150000 -1.000000 0.000000 0.300000 0.100000 110.000000 0.000000 -206272.411051 64.477647 25.965873
16 298.150000 -1.000000 0.000000 0.500000 0.100000 110.000000 0.000000 -206141.109532 29.180281 25.914356
18 298.150000 -1.000000 0.000000 0.300000 0.100000 110.000000 0.000000 -206311.723661 53.664025 25.610991
19 298.150000 -1.000000 0.000000 0.200000 0.100000 110.000000 0.000000 -206062.577554 72.579688 25.798435
16 298.150000 -1.000000 0.000000 0.500000 0.100000 110.000000 0.000000 -205823.859859 21.974506 25.979527
19 298.150000 -1.000000 0.000000 0.200000 0.100000 110.000000 0.000000 -205898.085890 95.463992 25.511756
19 298.150000 -1.000000 0.000000 0.200000 0.100000 110.000000 0.000000 -205960.213055 69.933487 25.368146
17 298.150000 -1.000000 0.000000 0.400000 0.100000 110.000000 0.000000 -205881.364146 83.620939 25.728496
17 298.150000 -1.000000 0.000000 0.400000 0.100000 110.000000 0.000000 -206178.544780 87.249670 25.995008
20 298.150000 -1.000000 0.000000 0.100000 0.100000 110.000000 0.000000 -206114.681839 132.724788 25.954208
20 298.150000 -1.000000 0.000000 0.100000 0.100000 110.000000 0.000000 -206322.246995 28.585342 25.796864
16 298.150000 -1.000000 0.000000 0.500000 0.100000 110.000000 0.000000 -205775.856000 51.514499 25.890133
16 298.150000 -1.000000 0.000000 0.500000 0.100000 110.000000 0.000000 -206070.502771 60.200834 24.924649
18 298.150000 -1.000000 0.000000 0.300000 0.100000 110.000000 0.000000 -206362.264033 64.037850 25.957509
16 298.150000 -1.000000 0.000000 0.500000 0.100000 110.000000 0.000000 -205891.005884 78.066329 25.727782
16 298.150000 -1.000000 0.000000 0.500000 0.100000 110.000000 0.000000 -206093.541503 49.305933 25.978091
19 298.150000 -1.000000 0.000000 0.200000 0.100000 110.000000 0.000000 -206113.589546 50.078238 25.770607
18 298.150000 -1.000000 0.000000 0.300000 0.100000 110.000000 0.000000 -205970.101798 69.851528 25.713023
17 298.150000 -1.000000 0.000000 0.400000 0.100000 110.000000 0.000000 -206225.948846 58.856587 25.811201
16 298.150000 -1.000000 0.000000 0.500000 0.100000 110.000000 0.000000 -205844.852130 71.258594 25.683563
18 298.150000 -1.000000 0.000000 0.300000 0.100000 110.000000 0.000000 -206231.241538 30.021068 25.542724
16 298.150000 -1.000000 0.000000 0.500000 0.100000 110.000000 0.000000 -206054.150160 16.154285 25.926082
15 298.150000 -1.000000 0.100000 0.500000 0.100000 110.000000 0.000000 -206255.847722 22.816158 25.974012
15 298.150000 -1.000000 0.100000 0.500000 0.100000 110.000000 0.000000 -205693.323046 39.222224 24.743701
15 298.150000 -1.000000 0.100000 0.500000 0.100000 110.000000 0.000000 -206573.375992 2.919949 25.779454
10 298.150000 1.000000 0.500000 0.500000 0.100000 110.000000 0.000000 -206054.499253 -1.927335 25.509043
8 298.150000 1.000000 0.300000 0.500000 0.100000 110.000000 0.000000 -206075.039434 8.782785 25.955323
8 298.150000 1.000000 0.300000 0.500000 0.100000 110.000000 0.000000 -205849.363453 11.642144 25.884201
7 298.150000 1.000000 0.200000 0.500000 0.100000 110.000000 0.000000 -206225.813815 8.524590 25.917099
7 298.150000 1.000000 0.200000 0.500000 0.100000 110.000000 0.000000 -206171.202336 9.976968 25.992264
7 298.150000 1.000000 0.200000 0.500000 0.100000 110.000000 0.000000 -206094.673213 4.679728 25.356501
7 298.150000 1.000000 0.200000 0.500000 0.100000 110.000000 0.000000 -205831.067292 27.454035 25.636490
7 298.150000 1.000000 0.200000 0.500000 0.100000 110.000000 0.000000 -206061.081892 4.552575 25.494576
8 298.150000 1.000000 0.300000 0.500000 0.100000 110.000000 0.000000 -206346.381925 13.302259 25.826735
9 298.150000 1.000000 0.400000 0.500000 0.100000 110.000000 0.000000 -206192.813301 13.078301 25.181085
9 298.150000 1.000000 0.400000 0.500000 0.100000 110.000000 0.000000 -206078.848100 3.545045 25.995313
9 298.150000 1.000000 0.400000 0.500000 0.100000 110.000000 0.000000 -205926.470867 4.869080 25.948353
10 298.150000 1.000000 0.500000 0.500000 0.100000 110.000000 0.000000 -206351.231901 -5.827752 25.458748
10 298.150000 1.000000 0.500000 0.500000 0.100000 110.000000 0.000000 -206109.789367 -7.164562 25.990094
10 298.150000 1.000000 0.500000 0.500000 0.100000 110.000000 0.000000 -206318.530344 0.359683 25.903724
8 298.150000 1.000000 0.300000 0.500000 0.100000 110.000000 0.000000 -206058.112505 6.101022 25.269862
8 298.150000 1.000000 0.300000 0.500000 0.100000 110.000000 0.000000 -206359.418135 13.631091 25.851836
6 298.150000 1.000000 0.100000 0.500000 0.100000 110.000000 0.000000 -205591.189080 4.366077 25.667838
8 298.150000 1.000000 0.300000 0.500000 0.100000 110.000000 0.000000 -205992.796168 5.306779 25.630251
8 298.150000 1.000000 0.300000 0.500000 0.100000 110.000000 0.000000 -206338.553019 15.085097 26.019428
6 298.150000 1.000000 0.100000 0.500000 0.100000 110.000000 0.000000 -206342.664609 22.611241 25.337283
6 298.150000 1.000000 0.100000 0.500000 0.100000 110.000000 0.000000 -205965.846822 18.911675 25.125625
6 298.150000 1.000000 0.100000 0.500000 0.100000 110.000000 0.000000 -206049.890865 14.784586 25.432068
6 298.150000 1.000000 0.100000 0.500000 0.100000 110.000000 0.000000 -206293.628243 30.887228 24.895924
6 298.150000 1.000000 0.100000 0.500000 0.100000 110.000000 0.000000 -205874.371791 11.585742 25.485938
6 298.150000 1.000000 0.100000 0.500000 0.100000 110.000000 0.000000 -205875.028482 25.219666 26.018953
6 298.150000 1.000000 0.100000 0.500000 0.100000 110.000000 0.000000 -206252.501780 17.675146 25.992727
6 298.150000 1.000000 0.100000 0.500000 0.100000 110.000000 0.000000 -206025.628620 15.248274 25.653958
7 298.150000 1.000000 0.200000 0.500000 0.100000 110.000000 0.000000 -205800.157946 18.893465 25.455907
6 298.150000 1.000000 0.100000 0.500000 0.100000 110.000000 0.000000 -205963.353870 18.237315 25.628991
7 298.150000 1.000000 0.200000 0.500000 0.100000 110.000000 0.000000 -205890.933955 12.776403 25.746246
7 298.150000 1.000000 0.200000 0.500000 0.100000 110.000000 0.000000 -206086.645093 7.050689 25.878010
7 298.150000 1.000000 0.200000 0.500000 0.100000 110.000000 0.000000 -205876.752983 9.592777 25.947117
6 298.150000 1.000000 0.100000 0.500000 0.100000 110.000000 0.000000 -205981.228645 11.731937 25.988881
6 298.150000 1.000000 0.100000 0.500000 0.100000 110.000000 0.000000 -206317.743024 23.607992 25.976347
6 298.150000 1.000000 0.100000 0.500000 0.100000 110.000000 0.000000 -205957.739353 21.853827 25.936421
6 298.150000 1.000000 0.100000 0.500000 0.100000 110.000000 0.000000 -206395.990833 20.200986 23.758416
6 298.150000 1.000000 0.100000 0.500000 0.100000 110.000000 0.000000 -205781.898580 9.984739 25.271912
6 298.150000 1.000000 0.100000 0.500000 0.100000 110.000000 0.000000 -206128.603835 26.004329 25.914056
6 298.150000 1.000000 0.100000 0.500000 0.100000 110.000000 0.000000 -206053.463421 22.295926 25.925937
6 298.150000 1.000000 0.100000 0.500000 0.100000 110.000000 0.000000 -206281.537249 9.514042 25.951149
6 298.150000 1.000000 0.100000 0.500000 0.100000 110.000000 0.000000 -206068.349291 31.788352 25.765530
6 298.150000 1.000000 0.100000 0.500000 0.100000 110.000000 0.000000 -206062.424168 26.796644 23.496925
6 298.150000 1.000000 0.100000 0.500000 0.100000 110.000000 0.000000 -206044.473362 24.587697 25.780645
7 298.150000 1.000000 0.200000 0.500000 0.100000 110.000000 0.000000 -206105.366519 14.766554 25.619985
7 298.150000 1.000000 0.200000 0.500000 0.100000 110.000000 0.000000 -206484.092545 13.789764 25.512444
7 298.150000 1.000000 0.200000 0.500000 0.100000 110.000000 0.000000 -205910.887834 6.602414 25.872176
9 298.150000 1.000000 0.400000 0.500000 0.100000 110.000000 0.000000 -205776.511592 0.001593 25.024745
10 298.150000 1.000000 0.500000 0.500000 0.100000 110.000000 0.000000 -206125.087215 -1.329198 25.558628
10 298.150000 1.000000 0.500000 0.500000 0.100000 110.000000 0.000000 -206290.510900 1.452263 25.647066
8 298.150000 1.000000 0.300000 0.500000 0.100000 110.000000 0.000000 -205949.106209 2.262933 25.706129
9 298.150000 1.000000 0.400000 0.500000 0.100000 110.000000 0.000000 -205922.214872 -0.665926 25.538744
11 298.150000 -1.000000 0.500000 0.500000 0.100000 110.000000 0.000000 -206074.896996 2.886791 25.377181
11 298.150000 -1.000000 0.500000 0.500000 0.100000 110.000000 0.000000 -205958.777681 4.191085 25.209516
14 298.150000 -1.000000 0.200000 0.500000 0.100000 110.000000 0.000000 -206155.546337 7.153979 26.005303
14 298.150000 -1.000000 0.200000 0.500000 0.100000 110.000000 0.000000 -206139.468423 8.358456 25.989170
14 298.150000 -1.000000 0.200000 0.500000 0.100000 110.000000 0.000000 -206236.906907 19.053096 26.006405
14 298.150000 -1.000000 0.200000 0.500000 0.100000 110.000000 0.000000 -206259.363374 16.978566 25.707924
14 298.150000 -1.000000 0.200000 0.500000 0.100000 110.000000 0.000000 -206078.239282 17.087717 25.684964
14 298.150000 -1.000000 0.200000 0.500000 0.100000 110.000000 0.000000 -206425.855703 5.074398 25.905281
14 298.150000 -1.000000 0.200000 0.500000 0.100000 110.000000 0.000000 -206021.597184 19.490785 25.620577
15 298.150000 -1.000000 0.100000 0.500000 0.100000 110.000000 0.000000 -206451.050798 29.783813 26.019170
15 298.150000 -1.000000 0.100000 0.500000 0.100000 110.000000 0.000000 -205952.017079 34.817660 25.540782
15 298.150000 -1.000000 0.100000 0.500000 0.100000 110.000000 0.000000 -206342.673762 17.183366 25.912567
15 298.150000 -1.000000 0.100000 0.500000 0.100000 110.000000 0.000000 -205922.062303 28.075239 25.580953
15 298.150000 -1.000000 0.100000 0.500000 0.100000 110.000000 0.000000 -206185.120246 15.658810 25.643129
15 298.150000 -1.000000 0.100000 0.500000 0.100000 110.000000 0.000000 -205797.546682 11.020202 25.670415
14 298.150000 -1.000000 0.200000 0.500000 0.100000 110.000000 0.000000 -206134.754538 14.733894 25.768286
14 298.150000 -1.000000 0.200000 0.500000 0.100000 110.000000 0.000000 -205989.722388 13.044342 25.958184
13 298.150000 -1.000000 0.300000 0.500000 0.100000 110.000000 0.000000 -206268.965568 4.770788 24.761487
13 298.150000 -1.000000 0.300000 0.500000 0.100000 110.000000 0.000000 -206182.698295 8.383648 25.883889
13 298.150000 -1.000000 0.300000 0.500000 0.100000 110.000000 0.000000 -206309.302955 13.035704 25.845853
13 298.150000 -1.000000 0.300000 0.500000 0.100000 110.000000 0.000000 -205949.298445 0.326569 25.972811
13 298.150000 -1.000000 0.300000 0.500000 0.100000 110.000000 0.000000 -206292.406323 10.065964 26.011154
14 298.150000 -1.000000 0.200000 0.500000 0.100000 110.000000 0.000000 -206203.383681 5.762403 25.965666
13 298.150000 -1.000000 0.300000 0.500000 0.100000 110.000000 0.000000 -205739.206118 14.510142 25.025663
14 298.150000 -1.000000 0.200000 0.500000 0.100000 110.000000 0.000000 -206118.355907 37.359627 25.988528
14 298.150000 -1.000000 0.200000 0.500000 0.100000 110.000000 0.000000 -205973.524077 7.205685 25.720402
13 298.150000 -1.000000 0.300000 0.500000 0.100000 110.000000 0.000000 -206173.141724 10.675749 25.956404
13 298.150000 -1.000000 0.300000 0.500000 0.100000 110.000000 0.000000 -206196.304650 7.460596 25.978813
14 298.150000 -1.000000 0.200000 0.500000 0.100000 110.000000 0.000000 -206235.600647 7.444628 25.904571
14 298.150000 -1.000000 0.200000 0.500000 0.100000 110.000000 0.000000 -206219.645210 7.018638 26.000845
13 298.150000 -1.000000 0.300000 0.500000 0.100000 110.000000 0.000000 -206337.630164 6.171141 25.798758
11 298.150000 -1.000000 0.500000 0.500000 0.100000 110.000000 0.000000 -206000.589909 1.204605 25.765744
11 298.150000 -1.000000 0.500000 0.500000 0.100000 110.000000 0.000000 -205901.486270 -0.297778 25.933326
11 298.150000 -1.000000 0.500000 0.500000 0.100000 110.000000 0.000000 -206369.382195 1.706080 25.539730
10 298.150000 1.000000 0.500000 0.500000 0.100000 110.000000 0.000000 -206417.590001 -4.359924 25.467760
9 298.150000 1.000000 0.400000 0.500000 0.100000 110.000000 0.000000 -206355.493984 0.090261 25.678086
9 298.150000 1.000000 0.400000 0.500000 0.100000 110.000000 0.000000 -205990.243777 3.225301 25.492785
10 298.150000 1.000000 0.500000 0.500000 0.100000 110.000000 0.000000 -205855.807055 0.195008 25.445018
13 298.150000 -1.000000 0.300000 0.500000 0.100000 110.000000 0.000000 -206322.292663 7.786883 25.980794
12 298.150000 -1.000000 0.400000 0.500000 0.100000 110.000000 0.000000 -206169.652979 1.560709 25.733700
12 298.150000 -1.000000 0.400000 0.500000 0.100000 110.000000 0.000000 -206189.240878 -2.325370 25.327836
11 298.150000 -1.000000 0.500000 0.500000 0.100000 110.000000 0.000000 -206532.416070 -2.037095 25.546589
13 298.150000 -1.000000 0.300000 0.500000 0.100000 110.000000 0.000000 -206296.398028 0.126017 25.344820
13 298.150000 -1.000000 0.300000 0.500000 0.100000 110.000000 0.000000 -205888.879311 6.769505 25.972978
15 298.150000 -1.000000 0.100000 0.500000 0.100000 110.000000 0.000000 -206039.214820 11.022201 25.648297
15 298.150000 -1.000000 0.100000 0.500000 0.100000 110.000000 0.000000 -206094.971712 9.862105 25.952040
15 298.150000 -1.000000 0.100000 0.500000 0.100000 110.000000 0.000000 -206483.004478 27.066649 24.929012
15 298.150000 -1.000000 0.100000 0.500000 0.100000 110.000000 0.000000 -206617.835600 23.980939 25.899183
15 298.150000 -1.000000 0.100000 0.500000 0.100000 110.000000 0.000000 -206248.498137 13.411320 25.471209
