13 298.150000 -1.000000 0.300000 0.500000 0.100000 110.000000 0.000000 -207364.581812 -0.354188 25.030537
10 298.150000 1.000000 0.500000 0.500000 0.100000 110.000000 0.000000 -208176.831878 3.299468 25.157143
9 298.150000 1.000000 0.400000 0.500000 0.100000 110.000000 0.000000 -208243.423221 13.193664 24.833024
7 298.150000 1.000000 0.200000 0.500000 0.100000 110.000000 0.000000 -207786.166697 22.080684 24.432905
7 298.150000 1.000000 0.200000 0.500000 0.100000 110.000000 0.000000 -207694.201086 20.737734 25.435223
6 298.150000 1.000000 0.100000 0.500000 0.100000 110.000000 0.000000 -207566.968360 19.778529 25.040752
7 298.150000 1.000000 0.200000 0.500000 0.100000 110.000000 0.000000 -207815.366483 1.463459 24.836241
8 298.150000 1.000000 0.300000 0.500000 0.100000 110.000000 0.000000 -208025.003951 9.572747 24.854433
7 298.150000 1.000000 0.200000 0.500000 0.100000 110.000000 0.000000 -207881.159441 9.515587 25.046107
7 298.150000 1.000000 0.200000 0.500000 0.100000 110.000000 0.000000 -207764.220712 5.669698 25.109653
7 298.150000 1.000000 0.200000 0.500000 0.100000 110.000000 0.000000 -207966.034798 19.958762 25.201121
7 298.150000 1.000000 0.200000 0.500000 0.100000 110.000000 0.000000 -207722.794369 18.921239 25.177313
7 298.150000 1.000000 0.200000 0.500000 0.100000 110.000000 0.000000 -207636.969658 15.720513 25.225516
7 298.150000 1.000000 0.200000 0.500000 0.100000 110.000000 0.000000 -207998.095415 16.029866 24.879839
9 298.150000 1.000000 0.400000 0.500000 0.100000 110.000000 0.000000 -207735.290635 8.729632 24.904610
8 298.150000 1.000000 0.300000 0.500000 0.100000 110.000000 0.000000 -207614.614800 1.568071 24.884561
10 298.150000 1.000000 0.500000 0.500000 0.100000 110.000000 0.000000 -207415.018725 -3.238684 24.834930
11 298.150000 -1.000000 0.500000 0.500000 0.100000 110.000000 0.000000 -207840.090258 -0.659314 24.901484
11 298.150000 -1.000000 0.500000 0.500000 0.100000 110.000000 0.000000 -207960.403497 -10.088502 25.237585
11 298.150000 -1.000000 0.500000 0.500000 0.100000 110.000000 0.000000 -207512.641976 -0.270068 25.034260
10 298.150000 1.000000 0.500000 0.500000 0.100000 110.000000 0.000000 -207714.554344 -6.964935 24.859145
10 298.150000 1.000000 0.500000 0.500000 0.100000 110.000000 0.000000 -207697.639246 -0.378965 24.879483
10 298.150000 1.000000 0.500000 0.500000 0.100000 110.000000 0.000000 -207561.365319 -6.481153 24.948692
10 298.150000 1.000000 0.500000 0.500000 0.100000 110.000000 0.000000 -207648.145287 2.266848 25.144939
11 298.150000 -1.000000 0.500000 0.500000 0.100000 110.000000 0.000000 -207866.437409 -3.135442 24.964944
9 298.150000 1.000000 0.400000 0.500000 0.100000 110.000000 0.000000 -207763.799201 0.562047 24.854947
10 298.150000 1.000000 0.500000 0.500000 0.100000 110.000000 0.000000 -207885.077723 0.704153 24.723671
12 298.150000 -1.000000 0.400000 0.500000 0.100000 110.000000 0.000000 -207845.352547 3.565263 24.841946
12 298.150000 -1.000000 0.400000 0.500000 0.100000 110.000000 0.000000 -207487.795287 4.938100 24.881003
13 298.150000 -1.000000 0.300000 0.500000 0.100000 110.000000 0.000000 -207780.396489 7.372387 24.857502
13 298.150000 -1.000000 0.300000 0.500000 0.100000 110.000000 0.000000 -207938.483691 5.480262 25.122281
13 298.150000 -1.000000 0.300000 0.500000 0.100000 110.000000 0.000000 -207592.373684 17.770757 24.894528
13 298.150000 -1.000000 0.300000 0.500000 0.100000 110.000000 0.000000 -208011.938583 10.325834 25.083240
13 298.150000 -1.000000 0.300000 0.500000 0.100000 110.000000 0.000000 -208062.868983 12.399603 24.925924
13 298.150000 -1.000000 0.300000 0.500000 0.100000 110.000000 0.000000 -207717.764495 8.945404 24.858590
13 298.150000 -1.000000 0.300000 0.500000 0.100000 110.000000 0.000000 -208128.896109 4.161262 24.754070
11 298.150000 -1.000000 0.500000 0.500000 0.100000 110.000000 0.000000 -207916.906328 4.161193 24.812201
10 298.150000 1.000000 0.500000 0.500000 0.100000 110.000000 0.000000 -207559.450369 -8.050941 24.875894
10 298.150000 1.000000 0.500000 0.500000 0.100000 110.000000 0.000000 -207828.658383 2.022779 24.960539
10 298.150000 1.000000 0.500000 0.500000 0.100000 110.000000 0.000000 -207981.080736 -4.744261 24.919272
11 298.150000 -1.000000 0.500000 0.500000 0.100000 110.000000 0.000000 -207558.977460 -6.077445 24.838034
10 298.150000 1.000000 0.500000 0.500000 0.100000 110.000000 0.000000 -207967.702507 0.822939 24.943020
11 298.150000 -1.000000 0.500000 0.500000 0.100000 110.000000 0.000000 -207745.934160 1.944908 24.901889
9 298.150000 1.000000 0.400000 0.500000 0.100000 110.000000 0.000000 -207602.372329 -1.752158 25.093572
9 298.150000 1.000000 0.400000 0.500000 0.100000 110.000000 0.000000 -208113.635160 2.895486 25.202995
9 298.150000 1.000000 0.400000 0.500000 0.100000 110.000000 0.000000 -207889.968271 4.715647 25.111311
10 298.150000 1.000000 0.500000 0.500000 0.100000 110.000000 0.000000 -207782.474721 6.421815 25.008471
9 298.150000 1.000000 0.400000 0.500000 0.100000 110.000000 0.000000 -207480.639120 5.075626 24.850262
9 298.150000 1.000000 0.400000 0.500000 0.100000 110.000000 0.000000 -207777.749367 -0.776707 24.842207
9 298.150000 1.000000 0.400000 0.500000 0.100000 110.000000 0.000000 -208033.592874 -5.314509 24.899332
11 298.150000 -1.000000 0.500000 0.500000 0.100000 110.000000 0.000000 -207563.111895 10.659947 24.820174
14 298.150000 -1.000000 0.200000 0.500000 0.100000 110.000000 0.000000 -207832.175401 21.928745 25.146348
13 298.150000 -1.000000 0.300000 0.500000 0.100000 110.000000 0.000000 -207794.581568 13.938529 24.831192
13 298.150000 -1.000000 0.300000 0.500000 0.100000 110.000000 0.000000 -207653.566901 27.193409 24.856786
14 298.150000 -1.000000 0.200000 0.500000 0.100000 110.000000 0.000000 -207787.620121 18.145084 24.908989
14 298.150000 -1.000000 0.200000 0.500000 0.100000 110.000000 0.000000 -207750.447157 29.224843 25.273926
14 298.150000 -1.000000 0.200000 0.500000 0.100000 110.000000 0.000000 -207839.557164 16.898202 25.265288
13 298.150000 -1.000000 0.300000 0.500000 0.100000 110.000000 0.000000 -207924.919608 17.270071 25.268845
13 298.150000 -1.000000 0.300000 0.500000 0.100000 110.000000 0.000000 -208170.837653 4.950557 25.096111
11 298.150000 -1.000000 0.500000 0.500000 0.100000 110.000000 0.000000 -207809.391545 4.284694 24.885249
13 298.150000 -1.000000 0.300000 0.500000 0.100000 110.000000 0.000000 -207731.421375 10.064159 24.914871
13 298.150000 -1.000000 0.300000 0.500000 0.100000 110.000000 0.000000 -207922.794080 8.124181 25.072041
13 298.150000 -1.000000 0.300000 0.500000 0.100000 110.000000 0.000000 -207493.152437 2.705470 25.082440
12 298.150000 -1.000000 0.400000 0.500000 0.100000 110.000000 0.000000 -208015.996325 0.341135 24.895327
12 298.150000 -1.000000 0.400000 0.500000 0.100000 110.000000 0.000000 -207902.153641 2.821869 25.029264
12 298.150000 -1.000000 0.400000 0.500000 0.100000 110.000000 0.000000 -207876.659816 -2.044069 25.278676
12 298.150000 -1.000000 0.400000 0.500000 0.100000 110.000000 0.000000 -207561.451360 5.802411 24.835368
12 298.150000 -1.000000 0.400000 0.500000 0.100000 110.000000 0.000000 -207790.419219 4.684468 24.840420
12 298.150000 -1.000000 0.400000 0.500000 0.100000 110.000000 0.000000 -207898.597424 5.465217 25.053522
8 298.150000 1.000000 0.300000 0.500000 0.100000 110.000000 0.000000 -207669.528651 -0.671267 24.915642
8 298.150000 1.000000 0.300000 0.500000 0.100000 110.000000 0.000000 -207850.826057 19.810773 25.138194
7 298.150000 1.000000 0.200000 0.500000 0.100000 110.000000 0.000000 -207748.663524 22.052991 25.126812
6 298.150000 1.000000 0.100000 0.500000 0.100000 110.000000 0.000000 -207716.582794 17.373737 25.134747
8 298.150000 1.000000 0.300000 0.500000 0.100000 110.000000 0.000000 -207932.495860 17.520847 25.163936
7 298.150000 1.000000 0.200000 0.500000 0.100000 110.000000 0.000000 -207720.070678 9.252958 24.895009
8 298.150000 1.000000 0.300000 0.500000 0.100000 110.000000 0.000000 -207465.515210 15.644127 25.266858
8 298.150000 1.000000 0.300000 0.500000 0.100000 110.000000 0.000000 -207497.763447 13.912143 25.017466
7 298.150000 1.000000 0.200000 0.500000 0.100000 110.000000 0.000000 -207643.905290 13.787851 25.074904
7 298.150000 1.000000 0.200000 0.500000 0.100000 110.000000 0.000000 -207899.842722 21.415725 25.284956
7 298.150000 1.000000 0.200000 0.500000 0.100000 110.000000 0.000000 -207587.134415 27.457724 24.929188
5 298.150000 1.000000 0.000000 0.500000 0.100000 110.000000 0.000000 -207900.383607 88.907798 25.185276
4 298.150000 1.000000 0.000000 0.400000 0.100000 110.000000 0.000000 -207978.215290 81.978278 25.171451
4 298.150000 1.000000 0.000000 0.400000 0.100000 110.000000 0.000000 -208340.697378 66.191065 25.048149
5 298.150000 1.000000 0.000000 0.500000 0.100000 110.000000 0.000000 -207620.556238 80.576666 25.068368
3 298.150000 1.000000 0.000000 0.300000 0.100000 110.000000 0.000000 -208225.513341 77.260909 25.256155
3 298.150000 1.000000 0.000000 0.300000 0.100000 110.000000 0.000000 -208070.072615 72.298355 25.108399
3 298.150000 1.000000 0.000000 0.300000 0.100000 110.000000 0.000000 -207951.147691 69.276240 24.844296
3 298.150000 1.000000 0.000000 0.300000 0.100000 110.000000 0.000000 -208531.050375 98.604523 24.489752
3 298.150000 1.000000 0.000000 0.300000 0.100000 110.000000 0.000000 -207903.181543 86.158986 25.004391
3 298.150000 1.000000 0.000000 0.300000 0.100000 110.000000 0.000000 -207769.492001 96.414212 25.032019
3 298.150000 1.000000 0.000000 0.300000 0.100000 110.000000 0.000000 -207888.188512 128.295285 24.204356
3 298.150000 1.000000 0.000000 0.300000 0.100000 110.000000 0.000000 -207637.648244 132.383809 24.799707
3 298.150000 1.000000 0.000000 0.300000 0.100000 110.000000 0.000000 -207371.112841 116.942765 24.893999
2 298.150000 1.000000 0.000000 0.200000 0.100000 110.000000 0.000000 -207781.217409 134.161435 25.398808
2 298.150000 1.000000 0.000000 0.200000 0.100000 110.000000 0.000000 -207982.308849 138.034667 25.329381
2 298.150000 1.000000 0.000000 0.200000 0.100000 110.000000 0.000000 -208086.528190 127.154443 25.429352
2 298.150000 1.000000 0.000000 0.200000 0.100000 110.000000 0.000000 -207644.112595 128.378723 25.026452
2 298.150000 1.000000 0.000000 0.200000 0.100000 110.000000 0.000000 -207748.453930 137.575933 24.927277
2 298.150000 1.000000 0.000000 0.200000 0.100000 110.000000 0.000000 -207675.065049 128.862340 23.437911
2 298.150000 1.000000 0.000000 0.200000 0.100000 110.000000 0.000000 -207907.744579 134.465892 24.989294
2 298.150000 1.000000 0.000000 0.200000 0.100000 110.000000 0.000000 -208020.901857 130.457383 24.847636
2 298.150000 1.000000 0.000000 0.200000 0.100000 110.000000 0.000000 -207552.120191 140.356157 25.117140
2 298.150000 1.000000 0.000000 0.200000 0.100000 110.000000 0.000000 -207744.416482 124.157452 24.754260
2 298.150000 1.000000 0.000000 0.200000 0.100000 110.000000 0.000000 -208033.503351 131.942925 25.191496
2 298.150000 1.000000 0.000000 0.200000 0.100000 110.000000 0.000000 -207845.393804 142.401961 25.012190
2 298.150000 1.000000 0.000000 0.200000 0.100000 110.000000 0.000000 -208116.238337 140.946996 24.729912
2 298.150000 1.000000 0.000000 0.200000 0.100000 110.000000 0.000000 -208042.176718 147.162793 24.741147
2 298.150000 1.000000 0.000000 0.200000 0.100000 110.000000 0.000000 -208026.683844 125.411820 24.559564
2 298.150000 1.000000 0.000000 0.200000 0.100000 110.000000 0.000000 -207455.708539 127.255282 23.600189
2 298.150000 1.000000 0.000000 0.200000 0.100000 110.000000 0.000000 -207854.964330 127.247455 25.018707
2 298.150000 1.000000 0.000000 0.200000 0.100000 110.000000 0.000000 -207711.140737 136.385950 24.211112
2 298.150000 1.000000 0.000000 0.200000 0.100000 110.000000 0.000000 -207972.711376 141.861249 23.830144
2 298.150000 1.000000 0.000000 0.200000 0.100000 110.000000 0.000000 -207807.460486 140.096730 24.414768
2 298.150000 1.000000 0.000000 0.200000 0.100000 110.000000 0.000000 -207511.072540 142.153177 24.802561
2 298.150000 1.000000 0.000000 0.200000 0.100000 110.000000 0.000000 -207889.422134 156.252953 23.204061
2 298.150000 1.000000 0.000000 0.200000 0.100000 110.000000 0.000000 -207692.841828 139.053096 22.193025
2 298.150000 1.000000 0.000000 0.200000 0.100000 110.000000 0.000000 -207339.399381 134.888462 24.967594
2 298.150000 1.000000 0.000000 0.200000 0.100000 110.000000 0.000000 -207769.678202 135.038106 24.411450
2 298.150000 1.000000 0.000000 0.200000 0.100000 110.000000 0.000000 -207614.582242 119.569878 24.925126
2 298.150000 1.000000 0.000000 0.200000 0.100000 110.000000 0.000000 -207774.089587 130.650895 25.081652
2 298.150000 1.000000 0.000000 0.200000 0.100000 110.000000 0.000000 -207479.413052 129.369500 24.893756
2 298.150000 1.000000 0.000000 0.200000 0.100000 110.000000 0.000000 -207857.028930 137.453936 24.925192
2 298.150000 1.000000 0.000000 0.200000 0.100000 110.000000 0.000000 -208191.161622 128.340184 24.982477
2 298.150000 1.000000 0.000000 0.200000 0.100000 110.000000 0.000000 -207635.699305 134.597008 24.221490
2 298.150000 1.000000 0.000000 0.200000 0.100000 110.000000 0.000000 -207974.363773 126.618828 24.874000
3 298.150000 1.000000 0.000000 0.300000 0.100000 110.000000 0.000000 -208097.373526 56.244889 25.266041
