3 298.150000 1.000000 0.000000 0.300000 0.100000 110.000000 0.000000 -206412.429743 94.555457 25.938337
3 298.150000 1.000000 0.000000 0.300000 0.100000 110.000000 0.000000 -205959.467685 66.864320 25.598128
5 298.150000 1.000000 0.000000 0.500000 0.100000 110.000000 0.000000 -206010.325026 92.597416 24.157970
4 298.150000 1.000000 0.000000 0.400000 0.100000 110.000000 0.000000 -205849.900387 74.174270 25.403093
5 298.150000 1.000000 0.000000 0.500000 0.100000 110.000000 0.000000 -205962.810933 70.305597 25.675391
5 298.150000 1.000000 0.000000 0.500000 0.100000 110.000000 0.000000 -206260.867503 97.039434 25.694764
5 298.150000 1.000000 0.000000 0.500000 0.100000 110.000000 0.000000 -206158.233711 78.827711 25.944543
2 298.150000 1.000000 0.000000 0.200000 0.100000 110.000000 0.000000 -206318.980384 61.799971 25.275680
2 298.150000 1.000000 0.000000 0.200000 0.100000 110.000000 0.000000 -206055.458301 78.588861 26.006885
4 298.150000 1.000000 0.000000 0.400000 0.100000 110.000000 0.000000 -206348.632623 61.441146 26.077314
2 298.150000 1.000000 0.000000 0.200000 0.100000 110.000000 0.000000 -206017.697770 128.827305 25.604566
2 298.150000 1.000000 0.000000 0.200000 0.100000 110.000000 0.000000 -206095.415814 92.280313 25.453806
4 298.150000 1.000000 0.000000 0.400000 0.100000 110.000000 0.000000 -206109.001680 61.050197 25.570675
3 298.150000 1.000000 0.000000 0.300000 0.100000 110.000000 0.000000 -206082.543232 114.458128 24.106254
3 298.150000 1.000000 0.000000 0.300000 0.100000 110.000000 0.000000 -205671.311961 84.842190 26.080314
5 298.150000 1.000000 0.000000 0.500000 0.100000 110.000000 0.000000 -205999.887247 48.418002 25.923087
4 298.150000 1.000000 0.000000 0.400000 0.100000 110.000000 0.000000 -206097.547421 86.188355 24.379178
3 298.150000 1.000000 0.000000 0.300000 0.100000 110.000000 0.000000 -205962.592021 82.742412 25.787092
5 298.150000 1.000000 0.000000 0.500000 0.100000 110.000000 0.000000 -206205.306996 49.201890 25.756208
2 298.150000 1.000000 0.000000 0.200000 0.100000 110.000000 0.000000 -206027.106461 107.246539 26.012982
2 298.150000 1.000000 0.000000 0.200000 0.100000 110.000000 0.000000 -206214.125859 76.515052 25.994424
3 298.150000 1.000000 0.000000 0.300000 0.100000 110.000000 0.000000 -206320.368595 93.537022 25.756115
1 298.150000 1.000000 0.000000 0.100000 0.100000 110.000000 0.000000 -206120.518931 56.715298 25.852398
3 298.150000 1.000000 0.000000 0.300000 0.100000 110.000000 0.000000 -205712.647745 33.879824 25.942518
6 298.150000 1.000000 0.100000 0.500000 0.100000 110.000000 0.000000 -206061.532129 10.989612 25.856775
6 298.150000 1.000000 0.100000 0.500000 0.100000 110.000000 0.000000 -206464.598037 22.581113 24.605017
6 298.150000 1.000000 0.100000 0.500000 0.100000 110.000000 0.000000 -205896.142061 16.321740 24.723445
4 298.150000 1.000000 0.000000 0.400000 0.100000 110.000000 0.000000 -206080.225346 78.178201 25.680930
4 298.150000 1.000000 0.000000 0.400000 0.100000 110.000000 0.000000 -206324.900954 76.330972 25.322076
3 298.150000 1.000000 0.000000 0.300000 0.100000 110.000000 0.000000 -206140.248347 111.384260 25.156471
3 298.150000 1.000000 0.000000 0.300000 0.100000 110.000000 0.000000 -205930.541738 71.994256 25.509457
3 298.150000 1.000000 0.000000 0.300000 0.100000 110.000000 0.000000 -206371.767627 58.924461 25.720965
3 298.150000 1.000000 0.000000 0.300000 0.100000 110.000000 0.000000 -206080.673021 17.616384 25.839955
3 298.150000 1.000000 0.000000 0.300000 0.100000 110.000000 0.000000 -206160.380467 68.718447 25.467766
2 298.150000 1.000000 0.000000 0.200000 0.100000 110.000000 0.000000 -206202.112927 84.469879 24.469381
3 298.150000 1.000000 0.000000 0.300000 0.100000 110.000000 0.000000 -206121.648522 88.565460 25.763040
1 298.150000 1.000000 0.000000 0.100000 0.100000 110.000000 0.000000 -206329.067359 94.071059 25.923416
3 298.150000 1.000000 0.000000 0.300000 0.100000 110.000000 0.000000 -206033.126015 51.651722 25.665207
2 298.150000 1.000000 0.000000 0.200000 0.100000 110.000000 0.000000 -205741.038382 45.484186 24.500765
4 298.150000 1.000000 0.000000 0.400000 0.100000 110.000000 0.000000 -206129.782140 68.789485 25.254251
5 298.150000 1.000000 0.000000 0.500000 0.100000 110.000000 0.000000 -205947.515946 66.528684 25.564021
2 298.150000 1.000000 0.000000 0.200000 0.100000 110.000000 0.000000 -206080.886016 37.304352 25.851459
5 298.150000 1.000000 0.000000 0.500000 0.100000 110.000000 0.000000 -206114.971110 52.553500 25.905950
4 298.150000 1.000000 0.000000 0.400000 0.100000 110.000000 0.000000 -206160.245842 58.810284 25.904608
5 298.150000 1.000000 0.000000 0.500000 0.100000 110.000000 0.000000 -206031.910279 72.776444 25.908036
5 298.150000 1.000000 0.000000 0.500000 0.100000 110.000000 0.000000 -206391.116281 35.988239 25.963134
5 298.150000 1.000000 0.000000 0.500000 0.100000 110.000000 0.000000 -206244.037569 79.026556 25.990603
3 298.150000 1.000000 0.000000 0.300000 0.100000 110.000000 0.000000 -206023.923777 56.806015 25.746025
2 298.150000 1.000000 0.000000 0.200000 0.100000 110.000000 0.000000 -205692.298050 73.241200 24.141466
3 298.150000 1.000000 0.000000 0.300000 0.100000 110.000000 0.000000 -206222.468577 25.907656 25.817334
3 298.150000 1.000000 0.000000 0.300000 0.100000 110.000000 0.000000 -206062.974968 87.692904 25.992134
3 298.150000 1.000000 0.000000 0.300000 0.100000 110.000000 0.000000 -206316.599580 74.320557 24.810822
3 298.150000 1.000000 0.000000 0.300000 0.100000 110.000000 0.000000 -205996.875763 43.715310 24.833454
3 298.150000 1.000000 0.000000 0.300000 0.100000 110.000000 0.000000 -205835.400698 115.349464 25.605427
2 298.150000 1.000000 0.000000 0.200000 0.100000 110.000000 0.000000 -206243.058649 92.806736 23.765566
3 298.150000 1.000000 0.000000 0.300000 0.100000 110.000000 0.000000 -206055.026926 44.744598 25.936908
5 298.150000 1.000000 0.000000 0.500000 0.100000 110.000000 0.000000 -206321.538771 49.747718 26.001208
5 298.150000 1.000000 0.000000 0.500000 0.100000 110.000000 0.000000 -206333.006675 95.788651 26.006130
4 298.150000 1.000000 0.000000 0.400000 0.100000 110.000000 0.000000 -206142.318448 57.179807 25.913360
2 298.150000 1.000000 0.000000 0.200000 0.100000 110.000000 0.000000 -206026.959953 121.147539 25.620514
2 298.150000 1.000000 0.000000 0.200000 0.100000 110.000000 0.000000 -206264.199103 97.470702 25.763399
5 298.150000 1.000000 0.000000 0.500000 0.100000 110.000000 0.000000 -206186.702571 40.781643 25.895280
5 298.150000 1.000000 0.000000 0.500000 0.100000 110.000000 0.000000 -205823.911871 37.719006 25.414140
5 298.150000 1.000000 0.000000 0.500000 0.100000 110.000000 0.000000 -206222.793526 65.781826 25.962963
2 298.150000 1.000000 0.000000 0.200000 0.100000 110.000000 0.000000 -206185.902503 78.653669 24.738206
5 298.150000 1.000000 0.000000 0.500000 0.100000 110.000000 0.000000 -206195.190342 83.880852 25.987188
5 298.150000 1.000000 0.000000 0.500000 0.100000 110.000000 0.000000 -205880.951361 32.027078 25.635044
5 298.150000 1.000000 0.000000 0.500000 0.100000 110.000000 0.000000 -205968.734583 83.927975 25.879338
4 298.150000 1.000000 0.000000 0.400000 0.100000 110.000000 0.000000 -206257.727592 100.286790 25.933058
5 298.150000 1.000000 0.000000 0.500000 0.100000 110.000000 0.000000 -205842.421459 86.717760 25.863395
4 298.150000 1.000000 0.000000 0.400000 0.100000 110.000000 0.000000 -205967.975081 76.366694 25.899885
2 298.150000 1.000000 0.000000 0.200000 0.100000 110.000000 0.000000 -205911.682886 55.327490 25.851695
3 298.150000 1.000000 0.000000 0.300000 0.100000 110.000000 0.000000 -206107.571228 61.978370 25.644346
2 298.150000 1.000000 0.000000 0.200000 0.100000 110.000000 0.000000 -206140.305771 88.366998 25.746226
4 298.150000 1.000000 0.000000 0.400000 0.100000 110.000000 0.000000 -205964.857681 25.723700 25.742005
5 298.150000 1.000000 0.000000 0.500000 0.100000 110.000000 0.000000 -206268.376329 45.226867 25.958813
5 298.150000 1.000000 0.000000 0.500000 0.100000 110.000000 0.000000 -206385.664681 68.777168 25.820682
2 298.150000 1.000000 0.000000 0.200000 0.100000 110.000000 0.000000 -206227.658868 97.675434 25.668035
3 298.150000 1.000000 0.000000 0.300000 0.100000 110.000000 0.000000 -206243.766078 35.770491 25.936113
6 298.150000 1.000000 0.100000 0.500000 0.100000 110.000000 0.000000 -206125.073587 49.688983 25.965432
6 298.150000 1.000000 0.100000 0.500000 0.100000 110.000000 0.000000 -206027.031997 26.882530 24.838582
6 298.150000 1.000000 0.100000 0.500000 0.100000 110.000000 0.000000 -205894.206527 20.070402 25.958259
6 298.150000 1.000000 0.100000 0.500000 0.100000 110.000000 0.000000 -205621.469673 18.734508 25.811327
6 298.150000 1.000000 0.100000 0.500000 0.100000 110.000000 0.000000 -205720.852254 36.314191 25.890544
6 298.150000 1.000000 0.100000 0.500000 0.100000 110.000000 0.000000 -205914.621938 39.054626 25.885579
6 298.150000 1.000000 0.100000 0.500000 0.100000 110.000000 0.000000 -206014.051855 15.797474 26.065450
6 298.150000 1.000000 0.100000 0.500000 0.100000 110.000000 0.000000 -205982.655268 27.162042 25.869741
7 298.150000 1.000000 0.200000 0.500000 0.100000 110.000000 0.000000 -206336.914686 16.531500 25.829026
7 298.150000 1.000000 0.200000 0.500000 0.100000 110.000000 0.000000 -205828.146876 12.253336 25.847431
7 298.150000 1.000000 0.200000 0.500000 0.100000 110.000000 0.000000 -206052.148754 7.809055 25.880589
7 298.150000 1.000000 0.200000 0.500000 0.100000 110.000000 0.000000 -206234.602570 18.254541 25.034772
7 298.150000 1.000000 0.200000 0.500000 0.100000 110.000000 0.000000 -205825.491363 9.502049 26.012751
7 298.150000 1.000000 0.200000 0.500000 0.100000 110.000000 0.000000 -205882.510784 9.585418 26.080082
8 298.150000 1.000000 0.300000 0.500000 0.100000 110.000000 0.000000 -206154.070423 11.873601 25.724557
8 298.150000 1.000000 0.300000 0.500000 0.100000 110.000000 0.000000 -206395.899103 13.238739 25.306689
6 298.150000 1.000000 0.100000 0.500000 0.100000 110.000000 0.000000 -205903.877231 28.043695 26.038353
6 298.150000 1.000000 0.100000 0.500000 0.100000 110.000000 0.000000 -206260.260873 22.905299 25.308203
6 298.150000 1.000000 0.100000 0.500000 0.100000 110.000000 0.000000 -205905.245228 27.101862 25.751951
6 298.150000 1.000000 0.100000 0.500000 0.100000 110.000000 0.000000 -206022.067308 22.051432 26.066771
6 298.150000 1.000000 0.100000 0.500000 0.100000 110.000000 0.000000 -206097.191538 41.679463 25.879945
6 298.150000 1.000000 0.100000 0.500000 0.100000 110.000000 0.000000 -205888.398014 20.212644 25.925820
6 298.150000 1.000000 0.100000 0.500000 0.100000 110.000000 0.000000 -206137.553365 37.998749 25.981885
6 298.150000 1.000000 0.100000 0.500000 0.100000 110.000000 0.000000 -206205.260145 22.519435 26.012977
6 298.150000 1.000000 0.100000 0.500000 0.100000 110.000000 0.000000 -206315.286074 39.373589 25.882096
6 298.150000 1.000000 0.100000 0.500000 0.100000 110.000000 0.000000 -205752.130972 24.494172 26.011498
6 298.150000 1.000000 0.100000 0.500000 0.100000 110.000000 0.000000 -206268.672027 38.549437 25.153678
7 298.150000 1.000000 0.200000 0.500000 0.100000 110.000000 0.000000 -206060.332539 17.366531 25.966150
7 298.150000 1.000000 0.200000 0.500000 0.100000 110.000000 0.000000 -206103.886323 14.550786 25.851025
7 298.150000 1.000000 0.200000 0.500000 0.100000 110.000000 0.000000 -206011.188903 18.324225 25.961897
7 298.150000 1.000000 0.200000 0.500000 0.100000 110.000000 0.000000 -206219.637351 21.753668 26.076651
7 298.150000 1.000000 0.200000 0.500000 0.100000 110.000000 0.000000 -205931.881393 24.679086 25.804778
7 298.150000 1.000000 0.200000 0.500000 0.100000 110.000000 0.000000 -206312.719211 19.347343 26.021392
7 298.150000 1.000000 0.200000 0.500000 0.100000 110.000000 0.000000 -206199.136466 34.939602 25.600846
6 298.150000 1.000000 0.100000 0.500000 0.100000 110.000000 0.000000 -205890.584812 53.026653 26.020744
2 298.150000 1.000000 0.000000 0.200000 0.100000 110.000000 0.000000 -206123.026458 105.311855 26.066520
3 298.150000 1.000000 0.000000 0.300000 0.100000 110.000000 0.000000 -205969.729100 90.907441 25.599206
5 298.150000 1.000000 0.000000 0.500000 0.100000 110.000000 0.000000 -206158.060353 76.595976 25.548738
5 298.150000 1.000000 0.000000 0.500000 0.100000 110.000000 0.000000 -206335.399245 74.235372 24.066390
2 298.150000 1.000000 0.000000 0.200000 0.100000 110.000000 0.000000 -205651.427473 81.117998 25.872490
5 298.150000 1.000000 0.000000 0.500000 0.100000 110.000000 0.000000 -206043.939248 77.203917 25.921404
5 298.150000 1.000000 0.000000 0.500000 0.100000 110.000000 0.000000 -205967.688067 58.821787 25.942625
2 298.150000 1.000000 0.000000 0.200000 0.100000 110.000000 0.000000 -206136.693935 88.269229 25.879179
5 298.150000 1.000000 0.000000 0.500000 0.100000 110.000000 0.000000 -206181.065099 39.002934 25.358068
6 298.150000 1.000000 0.100000 0.500000 0.100000 110.000000 0.000000 -206227.843259 18.244043 25.477960
6 298.150000 1.000000 0.100000 0.500000 0.100000 110.000000 0.000000 -206229.126604 9.636120 25.985625
8 298.150000 1.000000 0.300000 0.500000 0.100000 110.000000 0.000000 -206156.375618 7.495196 25.965423
6 298.150000 1.000000 0.100000 0.500000 0.100000 110.000000 0.000000 -206219.198608 24.008762 25.718132
5 298.150000 1.000000 0.000000 0.500000 0.100000 110.000000 0.000000 -206009.153078 76.001956 25.763171
