9 298.150000 1.000000 0.400000 0.500000 0.100000 110.000000 0.000000 -207574.572296 4.178450 25.630980
10 298.150000 1.000000 0.500000 0.500000 0.100000 110.000000 0.000000 -207494.448726 -4.841162 25.728274
10 298.150000 1.000000 0.500000 0.500000 0.100000 110.000000 0.000000 -207353.631105 3.252202 25.681360
10 298.150000 1.000000 0.500000 0.500000 0.100000 110.000000 0.000000 -207544.260452 -0.703271 25.602835
12 298.150000 -1.000000 0.400000 0.500000 0.100000 110.000000 0.000000 -207532.740841 3.159154 25.330227
12 298.150000 -1.000000 0.400000 0.500000 0.100000 110.000000 0.000000 -207308.164951 -0.184754 25.774232
12 298.150000 -1.000000 0.400000 0.500000 0.100000 110.000000 0.000000 -207587.503227 -0.057865 25.555260
13 298.150000 -1.000000 0.300000 0.500000 0.100000 110.000000 0.000000 -207580.187989 6.283081 25.378856
13 298.150000 -1.000000 0.300000 0.500000 0.100000 110.000000 0.000000 -207040.338108 4.707801 25.396840
13 298.150000 -1.000000 0.300000 0.500000 0.100000 110.000000 0.000000 -207257.225715 -1.686911 25.667507
13 298.150000 -1.000000 0.300000 0.500000 0.100000 110.000000 0.000000 -207340.454175 3.267637 25.811622
12 298.150000 -1.000000 0.400000 0.500000 0.100000 110.000000 0.000000 -207457.253112 -4.912470 25.258113
11 298.150000 -1.000000 0.500000 0.500000 0.100000 110.000000 0.000000 -206904.493783 -0.578388 25.296009
11 298.150000 -1.000000 0.500000 0.500000 0.100000 110.000000 0.000000 -207211.927856 -0.057614 25.448527
11 298.150000 -1.000000 0.500000 0.500000 0.100000 110.000000 0.000000 -207004.714805 2.057930 25.680203
10 298.150000 1.000000 0.500000 0.500000 0.100000 110.000000 0.000000 -207292.984709 0.812436 25.750967
12 298.150000 -1.000000 0.400000 0.500000 0.100000 110.000000 0.000000 -207527.606490 -2.126897 25.734944
10 298.150000 1.000000 0.500000 0.500000 0.100000 110.000000 0.000000 -207511.147452 -1.232374 25.706185
10 298.150000 1.000000 0.500000 0.500000 0.100000 110.000000 0.000000 -207434.432443 -3.845928 25.391043
9 298.150000 1.000000 0.400000 0.500000 0.100000 110.000000 0.000000 -207124.127486 0.148877 25.546545
9 298.150000 1.000000 0.400000 0.500000 0.100000 110.000000 0.000000 -207339.904403 14.152029 25.290612
7 298.150000 1.000000 0.200000 0.500000 0.100000 110.000000 0.000000 -207288.966820 7.069232 25.521257
7 298.150000 1.000000 0.200000 0.500000 0.100000 110.000000 0.000000 -207498.408517 8.031086 25.590388
7 298.150000 1.000000 0.200000 0.500000 0.100000 110.000000 0.000000 -207449.310817 2.285661 25.625561
8 298.150000 1.000000 0.300000 0.500000 0.100000 110.000000 0.000000 -207605.578487 4.089518 25.536135
8 298.150000 1.000000 0.300000 0.500000 0.100000 110.000000 0.000000 -207451.671669 11.998994 25.463020
8 298.150000 1.000000 0.300000 0.500000 0.100000 110.000000 0.000000 -207478.343971 8.900882 25.578029
8 298.150000 1.000000 0.300000 0.500000 0.100000 110.000000 0.000000 -207362.466379 4.166036 25.521630
9 298.150000 1.000000 0.400000 0.500000 0.100000 110.000000 0.000000 -207330.926852 10.336336 25.592621
7 298.150000 1.000000 0.200000 0.500000 0.100000 110.000000 0.000000 -207496.963142 7.772715 25.657352
7 298.150000 1.000000 0.200000 0.500000 0.100000 110.000000 0.000000 -207710.759702 12.819506 25.403172
8 298.150000 1.000000 0.300000 0.500000 0.100000 110.000000 0.000000 -206941.178475 14.869830 25.619695
7 298.150000 1.000000 0.200000 0.500000 0.100000 110.000000 0.000000 -207432.159697 8.701653 25.682958
7 298.150000 1.000000 0.200000 0.500000 0.100000 110.000000 0.000000 -207549.499756 8.432090 25.733091
8 298.150000 1.000000 0.300000 0.500000 0.100000 110.000000 0.000000 -207136.447960 13.837252 25.457751
7 298.150000 1.000000 0.200000 0.500000 0.100000 110.000000 0.000000 -207194.667430 13.361104 25.467084
8 298.150000 1.000000 0.300000 0.500000 0.100000 110.000000 0.000000 -207710.875307 23.220855 25.613829
8 298.150000 1.000000 0.300000 0.500000 0.100000 110.000000 0.000000 -207426.015949 4.902777 25.715878
9 298.150000 1.000000 0.400000 0.500000 0.100000 110.000000 0.000000 -207422.039282 0.479433 25.819571
9 298.150000 1.000000 0.400000 0.500000 0.100000 110.000000 0.000000 -207477.571054 5.787656 25.747745
9 298.150000 1.000000 0.400000 0.500000 0.100000 110.000000 0.000000 -207099.600064 1.911464 25.682062
8 298.150000 1.000000 0.300000 0.500000 0.100000 110.000000 0.000000 -207294.045240 2.173670 25.599104
8 298.150000 1.000000 0.300000 0.500000 0.100000 110.000000 0.000000 -207642.141627 9.913181 25.786753
8 298.150000 1.000000 0.300000 0.500000 0.100000 110.000000 0.000000 -207560.331593 2.199654 25.646157
10 298.150000 1.000000 0.500000 0.500000 0.100000 110.000000 0.000000 -207122.420460 1.601814 25.184351
9 298.150000 1.000000 0.400000 0.500000 0.100000 110.000000 0.000000 -207427.835477 7.542605 25.672117
8 298.150000 1.000000 0.300000 0.500000 0.100000 110.000000 0.000000 -207462.311777 10.364574 25.607423
9 298.150000 1.000000 0.400000 0.500000 0.100000 110.000000 0.000000 -207104.992242 -0.190912 25.625689
11 298.150000 -1.000000 0.500000 0.500000 0.100000 110.000000 0.000000 -207289.609991 4.029578 25.635507
13 298.150000 -1.000000 0.300000 0.500000 0.100000 110.000000 0.000000 -207196.995693 6.218683 25.051656
15 298.150000 -1.000000 0.100000 0.500000 0.100000 110.000000 0.000000 -207480.852799 24.140747 25.464353
15 298.150000 -1.000000 0.100000 0.500000 0.100000 110.000000 0.000000 -207555.552400 21.277635 25.775251
15 298.150000 -1.000000 0.100000 0.500000 0.100000 110.000000 0.000000 -207346.716488 29.464290 25.654843
15 298.150000 -1.000000 0.100000 0.500000 0.100000 110.000000 0.000000 -207388.696517 22.738681 25.703294
15 298.150000 -1.000000 0.100000 0.500000 0.100000 110.000000 0.000000 -207322.177987 32.637495 25.528714
15 298.150000 -1.000000 0.100000 0.500000 0.100000 110.000000 0.000000 -207359.495770 31.243102 25.490427
15 298.150000 -1.000000 0.100000 0.500000 0.100000 110.000000 0.000000 -207597.466612 15.758953 25.798785
13 298.150000 -1.000000 0.300000 0.500000 0.100000 110.000000 0.000000 -207234.447621 13.300692 25.355617
15 298.150000 -1.000000 0.100000 0.500000 0.100000 110.000000 0.000000 -207718.600249 11.369724 25.674494
13 298.150000 -1.000000 0.300000 0.500000 0.100000 110.000000 0.000000 -207631.344385 10.170311 25.522188
14 298.150000 -1.000000 0.200000 0.500000 0.100000 110.000000 0.000000 -207472.252442 11.380444 24.855530
14 298.150000 -1.000000 0.200000 0.500000 0.100000 110.000000 0.000000 -207436.478772 16.165153 25.507205
14 298.150000 -1.000000 0.200000 0.500000 0.100000 110.000000 0.000000 -207343.927495 7.630278 24.850017
12 298.150000 -1.000000 0.400000 0.500000 0.100000 110.000000 0.000000 -207865.238433 8.106128 25.444437
13 298.150000 -1.000000 0.300000 0.500000 0.100000 110.000000 0.000000 -207366.242036 18.527784 24.412575
14 298.150000 -1.000000 0.200000 0.500000 0.100000 110.000000 0.000000 -207370.026142 0.990143 25.059341
14 298.150000 -1.000000 0.200000 0.500000 0.100000 110.000000 0.000000 -207958.093865 29.760755 25.234159
14 298.150000 -1.000000 0.200000 0.500000 0.100000 110.000000 0.000000 -207483.721617 14.647072 24.949857
15 298.150000 -1.000000 0.100000 0.500000 0.100000 110.000000 0.000000 -207033.862986 8.570507 24.843853
14 298.150000 -1.000000 0.200000 0.500000 0.100000 110.000000 0.000000 -207638.994180 16.700448 25.563753
14 298.150000 -1.000000 0.200000 0.500000 0.100000 110.000000 0.000000 -207613.458194 11.687546 25.366963
14 298.150000 -1.000000 0.200000 0.500000 0.100000 110.000000 0.000000 -207556.392302 14.297320 25.555709
14 298.150000 -1.000000 0.200000 0.500000 0.100000 110.000000 0.000000 -207153.078516 -0.057415 25.060688
14 298.150000 -1.000000 0.200000 0.500000 0.100000 110.000000 0.000000 -207239.327278 7.959500 25.446716
13 298.150000 -1.000000 0.300000 0.500000 0.100000 110.000000 0.000000 -207666.832642 8.491513 25.402647
14 298.150000 -1.000000 0.200000 0.500000 0.100000 110.000000 0.000000 -207512.760209 4.283182 25.233950
12 298.150000 -1.000000 0.400000 0.500000 0.100000 110.000000 0.000000 -207903.540367 2.298396 24.835593
12 298.150000 -1.000000 0.400000 0.500000 0.100000 110.000000 0.000000 -207265.474803 2.658962 25.137141
11 298.150000 -1.000000 0.500000 0.500000 0.100000 110.000000 0.000000 -207550.464284 5.136050 25.559389
12 298.150000 -1.000000 0.400000 0.500000 0.100000 110.000000 0.000000 -207200.266732 3.783928 25.528001
11 298.150000 -1.000000 0.500000 0.500000 0.100000 110.000000 0.000000 -207406.535963 0.247639 25.676533
13 298.150000 -1.000000 0.300000 0.500000 0.100000 110.000000 0.000000 -207390.683894 20.791376 24.813265
13 298.150000 -1.000000 0.300000 0.500000 0.100000 110.000000 0.000000 -207225.030010 7.403895 25.447123
14 298.150000 -1.000000 0.200000 0.500000 0.100000 110.000000 0.000000 -207448.158026 7.518853 25.737135
13 298.150000 -1.000000 0.300000 0.500000 0.100000 110.000000 0.000000 -207682.484443 6.078220 25.581007
14 298.150000 -1.000000 0.200000 0.500000 0.100000 110.000000 0.000000 -207668.360674 14.153585 25.335654
14 298.150000 -1.000000 0.200000 0.500000 0.100000 110.000000 0.000000 -207705.874797 3.263077 25.401657
12 298.150000 -1.000000 0.400000 0.500000 0.100000 110.000000 0.000000 -206991.989397 9.917586 25.669767
14 298.150000 -1.000000 0.200000 0.500000 0.100000 110.000000 0.000000 -207613.050061 10.249531 25.696084
13 298.150000 -1.000000 0.300000 0.500000 0.100000 110.000000 0.000000 -207350.795383 7.190998 25.110274
14 298.150000 -1.000000 0.200000 0.500000 0.100000 110.000000 0.000000 -207794.214088 8.035257 25.508332
13 298.150000 -1.000000 0.300000 0.500000 0.100000 110.000000 0.000000 -207528.402364 9.769404 25.188869
12 298.150000 -1.000000 0.400000 0.500000 0.100000 110.000000 0.000000 -207492.675618 4.494803 25.488224
12 298.150000 -1.000000 0.400000 0.500000 0.100000 110.000000 0.000000 -207122.382071 -0.742354 24.858711
12 298.150000 -1.000000 0.400000 0.500000 0.100000 110.000000 0.000000 -207252.727659 -0.417105 25.597150
11 298.150000 -1.000000 0.500000 0.500000 0.100000 110.000000 0.000000 -207518.229765 -0.868025 25.479842
11 298.150000 -1.000000 0.500000 0.500000 0.100000 110.000000 0.000000 -207349.135509 2.978713 25.145343
11 298.150000 -1.000000 0.500000 0.500000 0.100000 110.000000 0.000000 -207151.450614 -5.891930 25.802509
11 298.150000 -1.000000 0.500000 0.500000 0.100000 110.000000 0.000000 -207199.397893 -3.225510 25.606637
11 298.150000 -1.000000 0.500000 0.500000 0.100000 110.000000 0.000000 -207376.097930 -2.226117 25.713426
10 298.150000 1.000000 0.500000 0.500000 0.100000 110.000000 0.000000 -207509.083016 -1.670540 25.752550
10 298.150000 1.000000 0.500000 0.500000 0.100000 110.000000 0.000000 -207476.102427 0.282621 25.350620
10 298.150000 1.000000 0.500000 0.500000 0.100000 110.000000 0.000000 -207323.374053 -3.131828 25.639510
8 298.150000 1.000000 0.300000 0.500000 0.100000 110.000000 0.000000 -207657.169338 11.993716 25.719212
8 298.150000 1.000000 0.300000 0.500000 0.100000 110.000000 0.000000 -207751.435912 2.385740 25.764187
8 298.150000 1.000000 0.300000 0.500000 0.100000 110.000000 0.000000 -207394.577196 7.846081 25.755195
7 298.150000 1.000000 0.200000 0.500000 0.100000 110.000000 0.000000 -207374.554072 15.481480 25.736377
6 298.150000 1.000000 0.100000 0.500000 0.100000 110.000000 0.000000 -207283.700800 23.314017 25.666418
6 298.150000 1.000000 0.100000 0.500000 0.100000 110.000000 0.000000 -207749.365515 14.972480 25.500904
7 298.150000 1.000000 0.200000 0.500000 0.100000 110.000000 0.000000 -207337.456678 13.209006 25.775460
7 298.150000 1.000000 0.200000 0.500000 0.100000 110.000000 0.000000 -207196.054256 21.837957 25.516295
8 298.150000 1.000000 0.300000 0.500000 0.100000 110.000000 0.000000 -207493.407636 3.701326 25.551131
9 298.150000 1.000000 0.400000 0.500000 0.100000 110.000000 0.000000 -208214.628928 5.599676 25.359455
8 298.150000 1.000000 0.300000 0.500000 0.100000 110.000000 0.000000 -207174.644760 7.192427 25.699431
8 298.150000 1.000000 0.300000 0.500000 0.100000 110.000000 0.000000 -207373.610322 3.306021 25.542381
7 298.150000 1.000000 0.200000 0.500000 0.100000 110.000000 0.000000 -207478.103002 15.478259 24.937103
7 298.150000 1.000000 0.200000 0.500000 0.100000 110.000000 0.000000 -207629.036589 1.080178 25.517200
7 298.150000 1.000000 0.200000 0.500000 0.100000 110.000000 0.000000 -207689.676077 17.576685 25.431347
8 298.150000 1.000000 0.300000 0.500000 0.100000 110.000000 0.000000 -207670.444892 2.503457 25.600867
9 298.150000 1.000000 0.400000 0.500000 0.100000 110.000000 0.000000 -207329.955815 -0.206162 25.670717
11 298.150000 -1.000000 0.500000 0.500000 0.100000 110.000000 0.000000 -207764.402505 3.131240 25.096499
12 298.150000 -1.000000 0.400000 0.500000 0.100000 110.000000 0.000000 -207670.631839 -3.628069 25.735485
10 298.150000 1.000000 0.500000 0.500000 0.100000 110.000000 0.000000 -207666.750721 -3.733285 25.725199
10 298.150000 1.000000 0.500000 0.500000 0.100000 110.000000 0.000000 -207585.873529 9.235867 25.380620
10 298.150000 1.000000 0.500000 0.500000 0.100000 110.000000 0.000000 -207520.775204 2.408567 25.534700
12 298.150000 -1.000000 0.400000 0.500000 0.100000 110.000000 0.000000 -207280.766528 8.284708 25.564463
14 298.150000 -1.000000 0.200000 0.500000 0.100000 110.000000 0.000000 -207846.505227 2.894160 25.525835
12 298.150000 -1.000000 0.400000 0.500000 0.100000 110.000000 0.000000 -207702.155235 2.595395 25.710400
11 298.150000 -1.000000 0.500000 0.500000 0.100000 110.000000 0.000000 -207392.544949 2.904947 25.516834
10 298.150000 1.000000 0.500000 0.500000 0.100000 110.000000 0.000000 -207537.710985 -3.471661 25.828934
10 298.150000 1.000000 0.500000 0.500000 0.100000 110.000000 0.000000 -207252.043941 -3.444151 25.731605
11 298.150000 -1.000000 0.500000 0.500000 0.100000 110.000000 0.000000 -207647.444964 4.301654 25.706335
13 298.150000 -1.000000 0.300000 0.500000 0.100000 110.000000 0.000000 -207431.944942 -0.750938 25.658270
11 298.150000 -1.000000 0.500000 0.500000 0.100000 110.000000 0.000000 -207775.229787 0.501454 25.347203
12 298.150000 -1.000000 0.400000 0.500000 0.100000 110.000000 0.000000 -207307.042736 -0.903284 25.564512
10 298.150000 1.000000 0.500000 0.500000 0.100000 110.000000 0.000000 -207324.190905 1.417412 25.350624
10 298.150000 1.000000 0.500000 0.500000 0.100000 110.000000 0.000000 -207448.006272 4.056499 25.688351
10 298.150000 1.000000 0.500000 0.500000 0.100000 110.000000 0.000000 -207653.835384 -1.808617 25.785131
11 298.150000 -1.000000 0.500000 0.500000 0.100000 110.000000 0.000000 -207420.664810 1.422660 25.694388
12 298.150000 -1.000000 0.400000 0.500000 0.100000 110.000000 0.000000 -207528.810742 -0.571034 25.678453
11 298.150000 -1.000000 0.500000 0.500000 0.100000 110.000000 0.000000 -207497.681132 -1.312557 25.723981
11 298.150000 -1.000000 0.500000 0.500000 0.100000 110.000000 0.000000 -207487.216411 -1.369361 25.302420
10 298.150000 1.000000 0.500000 0.500000 0.100000 110.000000 0.000000 -207247.196728 -1.947419 25.650071
9 298.150000 1.000000 0.400000 0.500000 0.100000 110.000000 0.000000 -207339.465994 5.059780 25.825990
9 298.150000 1.000000 0.400000 0.500000 0.100000 110.000000 0.000000 -207781.694494 -1.709695 25.709146
9 298.150000 1.000000 0.400000 0.500000 0.100000 110.000000 0.000000 -207555.929409 -2.956341 25.495376
10 298.150000 1.000000 0.500000 0.500000 0.100000 110.000000 0.000000 -207255.058658 2.375712 25.328851
11 298.150000 -1.000000 0.500000 0.500000 0.100000 110.000000 0.000000 -207547.135450 1.499132 25.293857
12 298.150000 -1.000000 0.400000 0.500000 0.100000 110.000000 0.000000 -207342.903098 -0.586816 25.545634
11 298.150000 -1.000000 0.500000 0.500000 0.100000 110.000000 0.000000 -207324.161193 -1.205230 25.626600
10 298.150000 1.000000 0.500000 0.500000 0.100000 110.000000 0.000000 -207621.807263 0.268862 25.684226
11 298.150000 -1.000000 0.500000 0.500000 0.100000 110.000000 0.000000 -207630.518840 0.135698 25.813827
11 298.150000 -1.000000 0.500000 0.500000 0.100000 110.000000 0.000000 -207305.409064 -1.399888 25.788036
10 298.150000 1.000000 0.500000 0.500000 0.100000 110.000000 0.000000 -207343.109734 -2.269142 25.604728
10 298.150000 1.000000 0.500000 0.500000 0.100000 110.000000 0.000000 -207079.369033 4.748331 25.262482
10 298.150000 1.000000 0.500000 0.500000 0.100000 110.000000 0.000000 -207436.712905 1.726317 25.603779
11 298.150000 -1.000000 0.500000 0.500000 0.100000 110.000000 0.000000 -207634.364977 7.296134 25.779629
11 298.150000 -1.000000 0.500000 0.500000 0.100000 110.000000 0.000000 -207660.882303 -0.740765 25.663820
13 298.150000 -1.000000 0.300000 0.500000 0.100000 110.000000 0.000000 -207332.698755 7.116139 25.784220
12 298.150000 -1.000000 0.400000 0.500000 0.100000 110.000000 0.000000 -207155.592712 0.032315 25.795048
12 298.150000 -1.000000 0.400000 0.500000 0.100000 110.000000 0.000000 -207442.976477 -0.238097 25.654160
12 298.150000 -1.000000 0.400000 0.500000 0.100000 110.000000 0.000000 -207115.131162 12.876132 25.805064
13 298.150000 -1.000000 0.300000 0.500000 0.100000 110.000000 0.000000 -207699.878772 7.188942 25.545783
13 298.150000 -1.000000 0.300000 0.500000 0.100000 110.000000 0.000000 -207662.597086 9.153888 25.728640
13 298.150000 -1.000000 0.300000 0.500000 0.100000 110.000000 0.000000 -207404.053456 16.022669 25.593536
14 298.150000 -1.000000 0.200000 0.500000 0.100000 110.000000 0.000000 -207592.630697 14.663636 25.449719
14 298.150000 -1.000000 0.200000 0.500000 0.100000 110.000000 0.000000 -207176.489125 12.917610 25.373244
14 298.150000 -1.000000 0.200000 0.500000 0.100000 110.000000 0.000000 -207872.114816 10.632476 25.527264
14 298.150000 -1.000000 0.200000 0.500000 0.100000 110.000000 0.000000 -207178.573825 9.202112 25.595231
14 298.150000 -1.000000 0.200000 0.500000 0.100000 110.000000 0.000000 -207719.355007 10.126471 25.470111
14 298.150000 -1.000000 0.200000 0.500000 0.100000 110.000000 0.000000 -207294.597096 19.619550 25.538382
12 298.150000 -1.000000 0.400000 0.500000 0.100000 110.000000 0.000000 -207289.936416 6.097220 25.612597
13 298.150000 -1.000000 0.300000 0.500000 0.100000 110.000000 0.000000 -207619.948341 2.784915 25.470216
14 298.150000 -1.000000 0.200000 0.500000 0.100000 110.000000 0.000000 -207443.411148 9.484437 25.728351
14 298.150000 -1.000000 0.200000 0.500000 0.100000 110.000000 0.000000 -207479.128028 6.660541 25.585772
14 298.150000 -1.000000 0.200000 0.500000 0.100000 110.000000 0.000000 -207296.904139 6.166631 25.691655
13 298.150000 -1.000000 0.300000 0.500000 0.100000 110.000000 0.000000 -207367.882844 4.000755 25.706435
14 298.150000 -1.000000 0.200000 0.500000 0.100000 110.000000 0.000000 -207268.420981 14.568828 25.762119
12 298.150000 -1.000000 0.400000 0.500000 0.100000 110.000000 0.000000 -207525.937205 1.362990 25.624860
13 298.150000 -1.000000 0.300000 0.500000 0.100000 110.000000 0.000000 -207501.375488 4.485761 24.887618
13 298.150000 -1.000000 0.300000 0.500000 0.100000 110.000000 0.000000 -207207.058537 9.828062 25.639940
12 298.150000 -1.000000 0.400000 0.500000 0.100000 110.000000 0.000000 -207581.547414 6.937158 25.626570
15 298.150000 -1.000000 0.100000 0.500000 0.100000 110.000000 0.000000 -207668.346754 25.977679 25.574289
15 298.150000 -1.000000 0.100000 0.500000 0.100000 110.000000 0.000000 -207537.307895 17.371542 25.675026
15 298.150000 -1.000000 0.100000 0.500000 0.100000 110.000000 0.000000 -207269.758718 22.236151 25.459348
15 298.150000 -1.000000 0.100000 0.500000 0.100000 110.000000 0.000000 -207335.242501 18.478649 25.574127
15 298.150000 -1.000000 0.100000 0.500000 0.100000 110.000000 0.000000 -207565.089431 23.441697 25.682664
15 298.150000 -1.000000 0.100000 0.500000 0.100000 110.000000 0.000000 -207469.171968 20.647613 25.430527
14 298.150000 -1.000000 0.200000 0.500000 0.100000 110.000000 0.000000 -207762.306543 26.526047 25.711242
14 298.150000 -1.000000 0.200000 0.500000 0.100000 110.000000 0.000000 -207123.367325 13.758847 25.583773
14 298.150000 -1.000000 0.200000 0.500000 0.100000 110.000000 0.000000 -207503.440431 6.984197 25.669566
14 298.150000 -1.000000 0.200000 0.500000 0.100000 110.000000 0.000000 -207237.024900 11.966867 25.821739
14 298.150000 -1.000000 0.200000 0.500000 0.100000 110.000000 0.000000 -207486.297075 7.047940 25.613888
13 298.150000 -1.000000 0.300000 0.500000 0.100000 110.000000 0.000000 -207611.381200 5.428629 25.429858
15 298.150000 -1.000000 0.100000 0.500000 0.100000 110.000000 0.000000 -207603.242295 43.943263 25.484775
17 298.150000 -1.000000 0.000000 0.400000 0.100000 110.000000 0.000000 -207424.674081 58.547141 25.635106
16 298.150000 -1.000000 0.000000 0.500000 0.100000 110.000000 0.000000 -207562.403831 40.722017 25.623412
20 298.150000 -1.000000 0.000000 0.100000 0.100000 110.000000 0.000000 -207596.648583 110.080828 25.676467
20 298.150000 -1.000000 0.000000 0.100000 0.100000 110.000000 0.000000 -207129.538295 146.206980 25.772666
20 298.150000 -1.000000 0.000000 0.100000 0.100000 110.000000 0.000000 -207734.542621 121.643575 25.816643
20 298.150000 -1.000000 0.000000 0.100000 0.100000 110.000000 0.000000 -207698.961918 54.935429 25.670539
16 298.150000 -1.000000 0.000000 0.500000 0.100000 110.000000 0.000000 -207541.323735 29.606137 25.554315
17 298.150000 -1.000000 0.000000 0.400000 0.100000 110.000000 0.000000 -207384.727128 65.832409 25.389031
17 298.150000 -1.000000 0.000000 0.400000 0.100000 110.000000 0.000000 -207497.420453 90.757872 25.746228
18 298.150000 -1.000000 0.000000 0.300000 0.100000 110.000000 0.000000 -207761.681344 43.696769 25.453486
19 298.150000 -1.000000 0.000000 0.200000 0.100000 110.000000 0.000000 -207599.090991 129.771493 25.296331
19 298.150000 -1.000000 0.000000 0.200000 0.100000 110.000000 0.000000 -207695.643587 43.920694 25.726537
18 298.150000 -1.000000 0.000000 0.300000 0.100000 110.000000 0.000000 -207248.399369 73.220719 25.781033
18 298.150000 -1.000000 0.000000 0.300000 0.100000 110.000000 0.000000 -207267.409956 59.135675 25.610023
17 298.150000 -1.000000 0.000000 0.400000 0.100000 110.000000 0.000000 -207626.362057 90.027371 25.595782
17 298.150000 -1.000000 0.000000 0.400000 0.100000 110.000000 0.000000 -207579.961986 41.049198 25.722119
16 298.150000 -1.000000 0.000000 0.500000 0.100000 110.000000 0.000000 -207304.555939 48.257691 25.251526
19 298.150000 -1.000000 0.000000 0.200000 0.100000 110.000000 0.000000 -207546.396244 111.628844 25.574917
19 298.150000 -1.000000 0.000000 0.200000 0.100000 110.000000 0.000000 -207841.949520 97.127065 25.579870
18 298.150000 -1.000000 0.000000 0.300000 0.100000 110.000000 0.000000 -207473.229811 36.233817 25.584054
19 298.150000 -1.000000 0.000000 0.200000 0.100000 110.000000 0.000000 -207478.342004 66.625700 25.327524
18 298.150000 -1.000000 0.000000 0.300000 0.100000 110.000000 0.000000 -207484.314141 60.373241 25.819744
18 298.150000 -1.000000 0.000000 0.300000 0.100000 110.000000 0.000000 -207525.939745 69.805769 25.684185
17 298.150000 -1.000000 0.000000 0.400000 0.100000 110.000000 0.000000 -207631.360119 67.478724 25.600290
16 298.150000 -1.000000 0.000000 0.500000 0.100000 110.000000 0.000000 -207621.540411 50.234117 25.710595
16 298.150000 -1.000000 0.000000 0.500000 0.100000 110.000000 0.000000 -207787.199096 67.187568 25.776911
16 298.150000 -1.000000 0.000000 0.500000 0.100000 110.000000 0.000000 -207693.073749 72.864609 25.689555
18 298.150000 -1.000000 0.000000 0.300000 0.100000 110.000000 0.000000 -207614.082653 61.950814 25.441197
18 298.150000 -1.000000 0.000000 0.300000 0.100000 110.000000 0.000000 -207758.925694 71.316839 25.421953
16 298.150000 -1.000000 0.000000 0.500000 0.100000 110.000000 0.000000 -207433.353213 83.639132 25.650097
16 298.150000 -1.000000 0.000000 0.500000 0.100000 110.000000 0.000000 -207612.262217 60.225930 25.656231
18 298.150000 -1.000000 0.000000 0.300000 0.100000 110.000000 0.000000 -207541.637946 114.398426 25.240566
19 298.150000 -1.000000 0.000000 0.200000 0.100000 110.000000 0.000000 -207807.387135 86.009617 25.642751
19 298.150000 -1.000000 0.000000 0.200000 0.100000 110.000000 0.000000 -207257.692340 68.382183 25.838092
17 298.150000 -1.000000 0.000000 0.400000 0.100000 110.000000 0.000000 -207510.217798 71.763798 25.662945
19 298.150000 -1.000000 0.000000 0.200000 0.100000 110.000000 0.000000 -207389.126189 67.179812 25.636569
16 298.150000 -1.000000 0.000000 0.500000 0.100000 110.000000 0.000000 -207434.602706 68.805246 25.777180
17 298.150000 -1.000000 0.000000 0.400000 0.100000 110.000000 0.000000 -207489.037036 99.153678 25.568675
18 298.150000 -1.000000 0.000000 0.300000 0.100000 110.000000 0.000000 -207679.627629 58.979125 25.711190
18 298.150000 -1.000000 0.000000 0.300000 0.100000 110.000000 0.000000 -207238.501372 79.239543 25.783475
16 298.150000 -1.000000 0.000000 0.500000 0.100000 110.000000 0.000000 -207247.601460 78.509395 25.577123
17 298.150000 -1.000000 0.000000 0.400000 0.100000 110.000000 0.000000 -207673.777645 59.684748 25.523352
17 298.150000 -1.000000 0.000000 0.400000 0.100000 110.000000 0.000000 -207398.723773 34.942249 25.575645
16 298.150000 -1.000000 0.000000 0.500000 0.100000 110.000000 0.000000 -207394.477142 88.648538 25.784693
16 298.150000 -1.000000 0.000000 0.500000 0.100000 110.000000 0.000000 -207482.364180 96.274530 25.274157
19 298.150000 -1.000000 0.000000 0.200000 0.100000 110.000000 0.000000 -207752.329315 105.136454 25.770932
20 298.150000 -1.000000 0.000000 0.100000 0.100000 110.000000 0.000000 -207515.740787 138.520334 25.722082
20 298.150000 -1.000000 0.000000 0.100000 0.100000 110.000000 0.000000 -207700.959866 79.750603 25.749371
17 298.150000 -1.000000 0.000000 0.400000 0.100000 110.000000 0.000000 -207227.645500 73.560114 25.642208
18 298.150000 -1.000000 0.000000 0.300000 0.100000 110.000000 0.000000 -207769.838421 64.677031 25.810998
18 298.150000 -1.000000 0.000000 0.300000 0.100000 110.000000 0.000000 -207338.682968 77.417969 25.661369
17 298.150000 -1.000000 0.000000 0.400000 0.100000 110.000000 0.000000 -207679.687845 66.193165 25.833062
16 298.150000 -1.000000 0.000000 0.500000 0.100000 110.000000 0.000000 -207672.672280 80.124274 25.714484
17 298.150000 -1.000000 0.000000 0.400000 0.100000 110.000000 0.000000 -207472.593876 81.547704 25.843115
17 298.150000 -1.000000 0.000000 0.400000 0.100000 110.000000 0.000000 -207299.600464 48.374745 25.632963
18 298.150000 -1.000000 0.000000 0.300000 0.100000 110.000000 0.000000 -207708.908285 111.655527 25.624859
