8 298.150000 1.000000 0.300000 0.500000 0.100000 110.000000 0.000000 -207668.473706 15.879013 24.763673
7 298.150000 1.000000 0.200000 0.500000 0.100000 110.000000 0.000000 -207655.221173 18.307546 25.208638
7 298.150000 1.000000 0.200000 0.500000 0.100000 110.000000 0.000000 -207994.674504 11.931834 25.114511
9 298.150000 1.000000 0.400000 0.500000 0.100000 110.000000 0.000000 -207737.381801 9.888560 24.794694
9 298.150000 1.000000 0.400000 0.500000 0.100000 110.000000 0.000000 -207352.178201 -1.556231 25.249381
9 298.150000 1.000000 0.400000 0.500000 0.100000 110.000000 0.000000 -207649.913495 5.283125 24.840241
8 298.150000 1.000000 0.300000 0.500000 0.100000 110.000000 0.000000 -207628.663340 10.875103 24.985133
7 298.150000 1.000000 0.200000 0.500000 0.100000 110.000000 0.000000 -207982.831474 1.910223 25.007203
9 298.150000 1.000000 0.400000 0.500000 0.100000 110.000000 0.000000 -207531.466543 3.457339 25.064809
9 298.150000 1.000000 0.400000 0.500000 0.100000 110.000000 0.000000 -207621.101259 -0.991724 25.075807
9 298.150000 1.000000 0.400000 0.500000 0.100000 110.000000 0.000000 -207787.046177 -5.168890 24.943651
9 298.150000 1.000000 0.400000 0.500000 0.100000 110.000000 0.000000 -207640.891240 -2.007582 25.088971
8 298.150000 1.000000 0.300000 0.500000 0.100000 110.000000 0.000000 -207967.150779 6.120349 24.974046
8 298.150000 1.000000 0.300000 0.500000 0.100000 110.000000 0.000000 -207687.335124 11.892387 24.869386
7 298.150000 1.000000 0.200000 0.500000 0.100000 110.000000 0.000000 -208362.618266 18.918738 25.088285
7 298.150000 1.000000 0.200000 0.500000 0.100000 110.000000 0.000000 -207481.672578 7.030773 24.986565
9 298.150000 1.000000 0.400000 0.500000 0.100000 110.000000 0.000000 -207791.699786 1.932409 24.960094
9 298.150000 1.000000 0.400000 0.500000 0.100000 110.000000 0.000000 -207763.852234 -0.527092 25.052669
10 298.150000 1.000000 0.500000 0.500000 0.100000 110.000000 0.000000 -207445.919467 -0.442387 25.207548
13 298.150000 -1.000000 0.300000 0.500000 0.100000 110.000000 0.000000 -207981.745910 0.435241 24.965053
11 298.150000 -1.000000 0.500000 0.500000 0.100000 110.000000 0.000000 -207695.927948 1.396897 25.199182
12 298.150000 -1.000000 0.400000 0.500000 0.100000 110.000000 0.000000 -207670.879279 -1.436442 24.872182
12 298.150000 -1.000000 0.400000 0.500000 0.100000 110.000000 0.000000 -207758.974015 3.695664 24.885408
11 298.150000 -1.000000 0.500000 0.500000 0.100000 110.000000 0.000000 -207842.178273 -0.114602 24.899907
10 298.150000 1.000000 0.500000 0.500000 0.100000 110.000000 0.000000 -207425.504785 2.247105 25.065175
11 298.150000 -1.000000 0.500000 0.500000 0.100000 110.000000 0.000000 -207908.009468 -2.210250 24.796994
11 298.150000 -1.000000 0.500000 0.500000 0.100000 110.000000 0.000000 -207695.771144 1.109053 25.082609
10 298.150000 1.000000 0.500000 0.500000 0.100000 110.000000 0.000000 -207545.367667 -3.103049 25.181270
10 298.150000 1.000000 0.500000 0.500000 0.100000 110.000000 0.000000 -207817.455145 16.261822 25.046567
11 298.150000 -1.000000 0.500000 0.500000 0.100000 110.000000 0.000000 -207759.675354 -4.309046 25.125856
10 298.150000 1.000000 0.500000 0.500000 0.100000 110.000000 0.000000 -207756.471604 -5.680181 25.214296
10 298.150000 1.000000 0.500000 0.500000 0.100000 110.000000 0.000000 -207638.511286 8.230103 25.009794
11 298.150000 -1.000000 0.500000 0.500000 0.100000 110.000000 0.000000 -207258.142694 1.956933 24.876094
8 298.150000 1.000000 0.300000 0.500000 0.100000 110.000000 0.000000 -207665.547939 6.013528 24.931260
9 298.150000 1.000000 0.400000 0.500000 0.100000 110.000000 0.000000 -207837.439127 4.376823 25.129525
8 298.150000 1.000000 0.300000 0.500000 0.100000 110.000000 0.000000 -207851.533343 5.547029 24.840723
10 298.150000 1.000000 0.500000 0.500000 0.100000 110.000000 0.000000 -207424.156574 1.699182 25.091392
8 298.150000 1.000000 0.300000 0.500000 0.100000 110.000000 0.000000 -207803.883700 3.230715 24.833328
8 298.150000 1.000000 0.300000 0.500000 0.100000 110.000000 0.000000 -207503.873065 19.387766 24.834333
8 298.150000 1.000000 0.300000 0.500000 0.100000 110.000000 0.000000 -207495.587321 8.359446 24.921697
7 298.150000 1.000000 0.200000 0.500000 0.100000 110.000000 0.000000 -207876.017035 14.894834 25.021362
7 298.150000 1.000000 0.200000 0.500000 0.100000 110.000000 0.000000 -208126.974917 30.385134 25.084180
7 298.150000 1.000000 0.200000 0.500000 0.100000 110.000000 0.000000 -207987.229912 7.114305 25.179908
11 298.150000 -1.000000 0.500000 0.500000 0.100000 110.000000 0.000000 -207771.024100 -6.596874 24.863562
11 298.150000 -1.000000 0.500000 0.500000 0.100000 110.000000 0.000000 -208142.594773 2.425335 25.027083
11 298.150000 -1.000000 0.500000 0.500000 0.100000 110.000000 0.000000 -207870.709014 12.614120 24.867433
13 298.150000 -1.000000 0.300000 0.500000 0.100000 110.000000 0.000000 -207993.046179 17.103342 24.874627
13 298.150000 -1.000000 0.300000 0.500000 0.100000 110.000000 0.000000 -207871.330699 5.103453 24.841565
13 298.150000 -1.000000 0.300000 0.500000 0.100000 110.000000 0.000000 -208049.035748 8.759562 25.450126
14 298.150000 -1.000000 0.200000 0.500000 0.100000 110.000000 0.000000 -207512.932555 19.616717 24.969267
13 298.150000 -1.000000 0.300000 0.500000 0.100000 110.000000 0.000000 -208054.849086 8.332306 24.864973
11 298.150000 -1.000000 0.500000 0.500000 0.100000 110.000000 0.000000 -207825.143441 -6.066632 25.126374
10 298.150000 1.000000 0.500000 0.500000 0.100000 110.000000 0.000000 -207745.439239 3.045771 25.035194
7 298.150000 1.000000 0.200000 0.500000 0.100000 110.000000 0.000000 -207755.675269 17.717204 24.899034
6 298.150000 1.000000 0.100000 0.500000 0.100000 110.000000 0.000000 -207867.768117 15.168651 25.179888
6 298.150000 1.000000 0.100000 0.500000 0.100000 110.000000 0.000000 -207759.889788 25.080806 24.785517
6 298.150000 1.000000 0.100000 0.500000 0.100000 110.000000 0.000000 -208087.840354 32.981208 25.213235
6 298.150000 1.000000 0.100000 0.500000 0.100000 110.000000 0.000000 -207922.280194 4.718997 25.240060
7 298.150000 1.000000 0.200000 0.500000 0.100000 110.000000 0.000000 -207861.579468 14.127408 24.917347
7 298.150000 1.000000 0.200000 0.500000 0.100000 110.000000 0.000000 -207441.477122 15.377238 25.201072
6 298.150000 1.000000 0.100000 0.500000 0.100000 110.000000 0.000000 -207741.671900 32.063113 25.189979
6 298.150000 1.000000 0.100000 0.500000 0.100000 110.000000 0.000000 -207583.873438 45.284092 24.719147
6 298.150000 1.000000 0.100000 0.500000 0.100000 110.000000 0.000000 -207294.253063 17.230958 24.970908
7 298.150000 1.000000 0.200000 0.500000 0.100000 110.000000 0.000000 -207298.631290 19.449283 24.873978
7 298.150000 1.000000 0.200000 0.500000 0.100000 110.000000 0.000000 -207931.372190 22.497005 24.855764
7 298.150000 1.000000 0.200000 0.500000 0.100000 110.000000 0.000000 -208077.910180 16.845258 24.765083
9 298.150000 1.000000 0.400000 0.500000 0.100000 110.000000 0.000000 -207662.960672 1.130091 24.809907
9 298.150000 1.000000 0.400000 0.500000 0.100000 110.000000 0.000000 -207757.253064 8.166441 25.118456
10 298.150000 1.000000 0.500000 0.500000 0.100000 110.000000 0.000000 -207375.960952 4.501468 24.928236
13 298.150000 -1.000000 0.300000 0.500000 0.100000 110.000000 0.000000 -207812.299235 5.509737 25.029217
12 298.150000 -1.000000 0.400000 0.500000 0.100000 110.000000 0.000000 -208177.286744 1.170427 25.199408
10 298.150000 1.000000 0.500000 0.500000 0.100000 110.000000 0.000000 -208174.824312 7.620811 25.110083
14 298.150000 -1.000000 0.200000 0.500000 0.100000 110.000000 0.000000 -207927.295439 9.554433 24.810807
13 298.150000 -1.000000 0.300000 0.500000 0.100000 110.000000 0.000000 -208131.469242 11.570398 25.247798
14 298.150000 -1.000000 0.200000 0.500000 0.100000 110.000000 0.000000 -207875.547358 13.042757 25.202630
14 298.150000 -1.000000 0.200000 0.500000 0.100000 110.000000 0.000000 -207776.158782 7.365689 25.201907
14 298.150000 -1.000000 0.200000 0.500000 0.100000 110.000000 0.000000 -208056.158887 13.579334 25.025929
14 298.150000 -1.000000 0.200000 0.500000 0.100000 110.000000 0.000000 -207833.877582 21.041637 25.128338
14 298.150000 -1.000000 0.200000 0.500000 0.100000 110.000000 0.000000 -207814.964677 16.089173 25.233365
14 298.150000 -1.000000 0.200000 0.500000 0.100000 110.000000 0.000000 -207788.729988 19.462298 24.925201
14 298.150000 -1.000000 0.200000 0.500000 0.100000 110.000000 0.000000 -207862.460136 15.784179 24.868029
14 298.150000 -1.000000 0.200000 0.500000 0.100000 110.000000 0.000000 -207881.683812 26.566011 24.773873
14 298.150000 -1.000000 0.200000 0.500000 0.100000 110.000000 0.000000 -207900.683734 37.015491 25.067132
14 298.150000 -1.000000 0.200000 0.500000 0.100000 110.000000 0.000000 -207857.431465 16.942226 24.880806
13 298.150000 -1.000000 0.300000 0.500000 0.100000 110.000000 0.000000 -207769.127860 7.838569 24.978631
12 298.150000 -1.000000 0.400000 0.500000 0.100000 110.000000 0.000000 -207695.183619 5.650509 24.862057
10 298.150000 1.000000 0.500000 0.500000 0.100000 110.000000 0.000000 -208003.677506 6.915222 25.012288
8 298.150000 1.000000 0.300000 0.500000 0.100000 110.000000 0.000000 -207774.656694 5.131610 25.104647
10 298.150000 1.000000 0.500000 0.500000 0.100000 110.000000 0.000000 -207896.041832 -3.750374 25.206753
11 298.150000 -1.000000 0.500000 0.500000 0.100000 110.000000 0.000000 -207801.943907 11.072685 25.161109
14 298.150000 -1.000000 0.200000 0.500000 0.100000 110.000000 0.000000 -207911.381840 24.704321 25.043989
14 298.150000 -1.000000 0.200000 0.500000 0.100000 110.000000 0.000000 -208167.396296 2.687843 24.914574
14 298.150000 -1.000000 0.200000 0.500000 0.100000 110.000000 0.000000 -208048.716051 12.664676 25.017894
14 298.150000 -1.000000 0.200000 0.500000 0.100000 110.000000 0.000000 -207572.962428 18.959297 24.961691
14 298.150000 -1.000000 0.200000 0.500000 0.100000 110.000000 0.000000 -207517.552386 17.990230 24.954958
13 298.150000 -1.000000 0.300000 0.500000 0.100000 110.000000 0.000000 -207925.180990 16.386769 25.157800
13 298.150000 -1.000000 0.300000 0.500000 0.100000 110.000000 0.000000 -207909.772343 14.555675 25.042668
13 298.150000 -1.000000 0.300000 0.500000 0.100000 110.000000 0.000000 -207911.246496 11.623862 25.099596
13 298.150000 -1.000000 0.300000 0.500000 0.100000 110.000000 0.000000 -207763.076389 12.008025 25.003011
13 298.150000 -1.000000 0.300000 0.500000 0.100000 110.000000 0.000000 -208301.346388 16.816143 24.898915
12 298.150000 -1.000000 0.400000 0.500000 0.100000 110.000000 0.000000 -207716.518402 -4.230102 24.871184
12 298.150000 -1.000000 0.400000 0.500000 0.100000 110.000000 0.000000 -207815.378106 14.834788 25.067241
12 298.150000 -1.000000 0.400000 0.500000 0.100000 110.000000 0.000000 -207761.023590 8.487915 25.037469
13 298.150000 -1.000000 0.300000 0.500000 0.100000 110.000000 0.000000 -207945.349896 9.461302 25.132524
13 298.150000 -1.000000 0.300000 0.500000 0.100000 110.000000 0.000000 -207712.857516 5.439055 24.601636
13 298.150000 -1.000000 0.300000 0.500000 0.100000 110.000000 0.000000 -207968.250588 7.399791 24.838651
13 298.150000 -1.000000 0.300000 0.500000 0.100000 110.000000 0.000000 -208289.151882 2.341277 24.887286
14 298.150000 -1.000000 0.200000 0.500000 0.100000 110.000000 0.000000 -207774.181933 5.840207 24.888885
13 298.150000 -1.000000 0.300000 0.500000 0.100000 110.000000 0.000000 -208241.699490 1.118110 25.176658
11 298.150000 -1.000000 0.500000 0.500000 0.100000 110.000000 0.000000 -208134.166804 2.320595 24.947399
10 298.150000 1.000000 0.500000 0.500000 0.100000 110.000000 0.000000 -207792.165397 -1.186968 25.244996
9 298.150000 1.000000 0.400000 0.500000 0.100000 110.000000 0.000000 -207401.326072 5.754438 25.148296
8 298.150000 1.000000 0.300000 0.500000 0.100000 110.000000 0.000000 -207951.865892 4.517611 25.130126
11 298.150000 -1.000000 0.500000 0.500000 0.100000 110.000000 0.000000 -207861.896729 -1.416646 25.029889
12 298.150000 -1.000000 0.400000 0.500000 0.100000 110.000000 0.000000 -207669.444378 5.291193 25.140905
12 298.150000 -1.000000 0.400000 0.500000 0.100000 110.000000 0.000000 -207921.817301 14.624594 25.044072
13 298.150000 -1.000000 0.300000 0.500000 0.100000 110.000000 0.000000 -207702.006253 12.688196 24.996133
13 298.150000 -1.000000 0.300000 0.500000 0.100000 110.000000 0.000000 -208018.529388 12.677264 25.030686
13 298.150000 -1.000000 0.300000 0.500000 0.100000 110.000000 0.000000 -207642.635567 10.586364 24.847931
12 298.150000 -1.000000 0.400000 0.500000 0.100000 110.000000 0.000000 -207819.578041 6.496626 25.110489
12 298.150000 -1.000000 0.400000 0.500000 0.100000 110.000000 0.000000 -208157.743753 1.243851 25.116249
12 298.150000 -1.000000 0.400000 0.500000 0.100000 110.000000 0.000000 -207888.343757 14.199948 25.172594
9 298.150000 1.000000 0.400000 0.500000 0.100000 110.000000 0.000000 -207884.059452 0.209154 25.066176
9 298.150000 1.000000 0.400000 0.500000 0.100000 110.000000 0.000000 -207624.249179 18.412078 24.996469
7 298.150000 1.000000 0.200000 0.500000 0.100000 110.000000 0.000000 -207609.099660 11.647282 24.643726
7 298.150000 1.000000 0.200000 0.500000 0.100000 110.000000 0.000000 -208060.780027 12.501281 24.470351
