2 298.150000 1.000000 0.000000 0.200000 0.100000 110.000000 0.000000 -207393.366422 34.510157 25.824910
6 298.150000 1.000000 0.100000 0.500000 0.100000 110.000000 0.000000 -207041.519243 21.386844 24.939533
6 298.150000 1.000000 0.100000 0.500000 0.100000 110.000000 0.000000 -207754.100652 6.411338 25.814999
7 298.150000 1.000000 0.200000 0.500000 0.100000 110.000000 0.000000 -207505.803496 5.676547 25.533692
7 298.150000 1.000000 0.200000 0.500000 0.100000 110.000000 0.000000 -207648.410610 21.424298 25.301670
7 298.150000 1.000000 0.200000 0.500000 0.100000 110.000000 0.000000 -207285.601834 9.363420 25.585409
7 298.150000 1.000000 0.200000 0.500000 0.100000 110.000000 0.000000 -207370.793345 26.221930 24.724756
7 298.150000 1.000000 0.200000 0.500000 0.100000 110.000000 0.000000 -207544.857496 10.404342 25.238228
7 298.150000 1.000000 0.200000 0.500000 0.100000 110.000000 0.000000 -206868.685627 17.066677 25.443955
7 298.150000 1.000000 0.200000 0.500000 0.100000 110.000000 0.000000 -207470.793409 12.879669 25.475925
7 298.150000 1.000000 0.200000 0.500000 0.100000 110.000000 0.000000 -207439.506611 8.248836 25.328269
9 298.150000 1.000000 0.400000 0.500000 0.100000 110.000000 0.000000 -207488.780174 6.418967 24.397125
8 298.150000 1.000000 0.300000 0.500000 0.100000 110.000000 0.000000 -207432.075286 5.208652 25.639055
8 298.150000 1.000000 0.300000 0.500000 0.100000 110.000000 0.000000 -207325.105598 7.421340 25.778527
8 298.150000 1.000000 0.300000 0.500000 0.100000 110.000000 0.000000 -207161.841535 5.308005 25.618433
8 298.150000 1.000000 0.300000 0.500000 0.100000 110.000000 0.000000 -207434.515896 4.684638 25.546760
9 298.150000 1.000000 0.400000 0.500000 0.100000 110.000000 0.000000 -207343.904582 -2.331699 25.501933
9 298.150000 1.000000 0.400000 0.500000 0.100000 110.000000 0.000000 -207375.596431 5.292105 25.681388
7 298.150000 1.000000 0.200000 0.500000 0.100000 110.000000 0.000000 -207625.533762 7.967831 25.515753
7 298.150000 1.000000 0.200000 0.500000 0.100000 110.000000 0.000000 -207286.747935 6.157654 25.549381
7 298.150000 1.000000 0.200000 0.500000 0.100000 110.000000 0.000000 -207498.862209 10.312800 25.642039
8 298.150000 1.000000 0.300000 0.500000 0.100000 110.000000 0.000000 -207079.221730 1.274006 25.566199
8 298.150000 1.000000 0.300000 0.500000 0.100000 110.000000 0.000000 -207041.680466 7.775669 25.605912
8 298.150000 1.000000 0.300000 0.500000 0.100000 110.000000 0.000000 -207187.162988 7.045207 25.577939
7 298.150000 1.000000 0.200000 0.500000 0.100000 110.000000 0.000000 -207452.706561 -1.425743 25.564214
7 298.150000 1.000000 0.200000 0.500000 0.100000 110.000000 0.000000 -207196.636150 20.650372 25.404316
6 298.150000 1.000000 0.100000 0.500000 0.100000 110.000000 0.000000 -207310.528653 41.858699 25.637827
2 298.150000 1.000000 0.000000 0.200000 0.100000 110.000000 0.000000 -207341.318267 59.658157 25.752590
2 298.150000 1.000000 0.000000 0.200000 0.100000 110.000000 0.000000 -207504.139547 40.535358 25.558971
3 298.150000 1.000000 0.000000 0.300000 0.100000 110.000000 0.000000 -207507.481181 79.659914 24.716108
3 298.150000 1.000000 0.000000 0.300000 0.100000 110.000000 0.000000 -207634.759206 57.814886 25.700447
4 298.150000 1.000000 0.000000 0.400000 0.100000 110.000000 0.000000 -207680.905809 81.782948 25.660762
4 298.150000 1.000000 0.000000 0.400000 0.100000 110.000000 0.000000 -207509.011455 46.715345 25.235010
4 298.150000 1.000000 0.000000 0.400000 0.100000 110.000000 0.000000 -207274.098971 64.576927 25.391068
4 298.150000 1.000000 0.000000 0.400000 0.100000 110.000000 0.000000 -207565.823097 42.065648 25.797446
4 298.150000 1.000000 0.000000 0.400000 0.100000 110.000000 0.000000 -207688.492196 62.212440 25.326317
3 298.150000 1.000000 0.000000 0.300000 0.100000 110.000000 0.000000 -207801.295147 62.565143 25.029510
3 298.150000 1.000000 0.000000 0.300000 0.100000 110.000000 0.000000 -207583.006456 45.967862 25.165372
5 298.150000 1.000000 0.000000 0.500000 0.100000 110.000000 0.000000 -207187.483977 74.571923 25.352025
3 298.150000 1.000000 0.000000 0.300000 0.100000 110.000000 0.000000 -207162.850874 84.261664 25.493069
5 298.150000 1.000000 0.000000 0.500000 0.100000 110.000000 0.000000 -207451.543177 82.972112 25.397708
3 298.150000 1.000000 0.000000 0.300000 0.100000 110.000000 0.000000 -207536.817551 65.895643 25.354748
3 298.150000 1.000000 0.000000 0.300000 0.100000 110.000000 0.000000 -207397.305006 57.202070 25.683083
2 298.150000 1.000000 0.000000 0.200000 0.100000 110.000000 0.000000 -207474.550654 84.590232 25.516909
4 298.150000 1.000000 0.000000 0.400000 0.100000 110.000000 0.000000 -207194.535950 71.713726 25.633378
4 298.150000 1.000000 0.000000 0.400000 0.100000 110.000000 0.000000 -207199.936402 84.064859 25.432297
3 298.150000 1.000000 0.000000 0.300000 0.100000 110.000000 0.000000 -207023.111305 49.176290 25.046639
2 298.150000 1.000000 0.000000 0.200000 0.100000 110.000000 0.000000 -207312.284094 76.862424 25.787040
5 298.150000 1.000000 0.000000 0.500000 0.100000 110.000000 0.000000 -207610.563811 44.266242 25.490306
5 298.150000 1.000000 0.000000 0.500000 0.100000 110.000000 0.000000 -207540.908237 43.661626 25.613134
4 298.150000 1.000000 0.000000 0.400000 0.100000 110.000000 0.000000 -207779.982264 97.291998 25.486476
4 298.150000 1.000000 0.000000 0.400000 0.100000 110.000000 0.000000 -207503.717832 110.240503 25.307791
3 298.150000 1.000000 0.000000 0.300000 0.100000 110.000000 0.000000 -207527.301922 70.987350 25.819702
5 298.150000 1.000000 0.000000 0.500000 0.100000 110.000000 0.000000 -207290.955546 42.469114 25.600242
4 298.150000 1.000000 0.000000 0.400000 0.100000 110.000000 0.000000 -207599.770266 79.455858 25.480223
2 298.150000 1.000000 0.000000 0.200000 0.100000 110.000000 0.000000 -207338.702278 108.228736 25.212724
3 298.150000 1.000000 0.000000 0.300000 0.100000 110.000000 0.000000 -207147.558077 26.427016 25.351597
4 298.150000 1.000000 0.000000 0.400000 0.100000 110.000000 0.000000 -207472.313596 43.102948 25.752743
5 298.150000 1.000000 0.000000 0.500000 0.100000 110.000000 0.000000 -207401.305669 47.716637 25.645299
3 298.150000 1.000000 0.000000 0.300000 0.100000 110.000000 0.000000 -207229.784164 44.421583 25.521337
2 298.150000 1.000000 0.000000 0.200000 0.100000 110.000000 0.000000 -207451.475271 79.119385 25.124980
3 298.150000 1.000000 0.000000 0.300000 0.100000 110.000000 0.000000 -207639.705592 88.824470 24.209261
5 298.150000 1.000000 0.000000 0.500000 0.100000 110.000000 0.000000 -207511.525704 58.579762 25.796471
5 298.150000 1.000000 0.000000 0.500000 0.100000 110.000000 0.000000 -207658.161253 64.952577 25.800423
4 298.150000 1.000000 0.000000 0.400000 0.100000 110.000000 0.000000 -207263.135698 77.624968 25.501520
3 298.150000 1.000000 0.000000 0.300000 0.100000 110.000000 0.000000 -207029.606803 77.271141 25.367935
5 298.150000 1.000000 0.000000 0.500000 0.100000 110.000000 0.000000 -207209.772009 72.919946 25.628036
6 298.150000 1.000000 0.100000 0.500000 0.100000 110.000000 0.000000 -207707.286817 14.280748 25.646686
8 298.150000 1.000000 0.300000 0.500000 0.100000 110.000000 0.000000 -207683.861269 6.583435 25.718231
9 298.150000 1.000000 0.400000 0.500000 0.100000 110.000000 0.000000 -207271.459325 4.522274 25.783694
8 298.150000 1.000000 0.300000 0.500000 0.100000 110.000000 0.000000 -207753.307592 10.802595 25.245357
9 298.150000 1.000000 0.400000 0.500000 0.100000 110.000000 0.000000 -207563.413610 -0.631048 25.565688
10 298.150000 1.000000 0.500000 0.500000 0.100000 110.000000 0.000000 -207122.239922 5.652387 25.619924
9 298.150000 1.000000 0.400000 0.500000 0.100000 110.000000 0.000000 -207526.466755 2.755802 25.625484
8 298.150000 1.000000 0.300000 0.500000 0.100000 110.000000 0.000000 -207520.296659 -0.972864 25.602950
9 298.150000 1.000000 0.400000 0.500000 0.100000 110.000000 0.000000 -207677.582398 -3.881225 25.261698
9 298.150000 1.000000 0.400000 0.500000 0.100000 110.000000 0.000000 -207588.815121 -0.308027 25.676663
9 298.150000 1.000000 0.400000 0.500000 0.100000 110.000000 0.000000 -207998.338982 -3.806273 25.660972
12 298.150000 -1.000000 0.400000 0.500000 0.100000 110.000000 0.000000 -207540.403833 1.675682 25.464752
11 298.150000 -1.000000 0.500000 0.500000 0.100000 110.000000 0.000000 -207156.585780 8.251413 25.586350
15 298.150000 -1.000000 0.100000 0.500000 0.100000 110.000000 0.000000 -207745.850869 31.784475 25.359329
15 298.150000 -1.000000 0.100000 0.500000 0.100000 110.000000 0.000000 -207390.327903 16.379311 25.404867
15 298.150000 -1.000000 0.100000 0.500000 0.100000 110.000000 0.000000 -207765.903433 14.265697 25.704643
15 298.150000 -1.000000 0.100000 0.500000 0.100000 110.000000 0.000000 -207653.857016 43.991261 25.530580
15 298.150000 -1.000000 0.100000 0.500000 0.100000 110.000000 0.000000 -207223.499634 29.726951 25.546305
15 298.150000 -1.000000 0.100000 0.500000 0.100000 110.000000 0.000000 -207223.307667 29.123212 25.686449
15 298.150000 -1.000000 0.100000 0.500000 0.100000 110.000000 0.000000 -207478.785091 16.953841 25.423627
15 298.150000 -1.000000 0.100000 0.500000 0.100000 110.000000 0.000000 -207203.642818 14.766111 25.613806
12 298.150000 -1.000000 0.400000 0.500000 0.100000 110.000000 0.000000 -207493.954441 22.518940 25.723487
15 298.150000 -1.000000 0.100000 0.500000 0.100000 110.000000 0.000000 -207170.405906 7.230019 25.765215
14 298.150000 -1.000000 0.200000 0.500000 0.100000 110.000000 0.000000 -207671.549704 9.176073 25.779011
15 298.150000 -1.000000 0.100000 0.500000 0.100000 110.000000 0.000000 -207098.150536 13.517678 25.779192
14 298.150000 -1.000000 0.200000 0.500000 0.100000 110.000000 0.000000 -207140.321028 22.042385 25.767670
18 298.150000 -1.000000 0.000000 0.300000 0.100000 110.000000 0.000000 -207125.231951 84.399481 25.341441
18 298.150000 -1.000000 0.000000 0.300000 0.100000 110.000000 0.000000 -207834.499713 80.856098 25.841784
18 298.150000 -1.000000 0.000000 0.300000 0.100000 110.000000 0.000000 -207532.544435 85.381099 25.348866
19 298.150000 -1.000000 0.000000 0.200000 0.100000 110.000000 0.000000 -207521.989981 87.103006 25.831015
20 298.150000 -1.000000 0.000000 0.100000 0.100000 110.000000 0.000000 -207345.710746 54.732906 25.568998
16 298.150000 -1.000000 0.000000 0.500000 0.100000 110.000000 0.000000 -207442.955654 48.990727 25.697301
18 298.150000 -1.000000 0.000000 0.300000 0.100000 110.000000 0.000000 -207625.256036 50.807655 25.417057
16 298.150000 -1.000000 0.000000 0.500000 0.100000 110.000000 0.000000 -207684.362326 42.061922 25.720977
16 298.150000 -1.000000 0.000000 0.500000 0.100000 110.000000 0.000000 -207097.339503 59.417205 25.472265
18 298.150000 -1.000000 0.000000 0.300000 0.100000 110.000000 0.000000 -207528.388611 100.948301 25.580969
18 298.150000 -1.000000 0.000000 0.300000 0.100000 110.000000 0.000000 -207426.177826 60.650215 25.506757
17 298.150000 -1.000000 0.000000 0.400000 0.100000 110.000000 0.000000 -207320.067116 56.558924 25.670983
19 298.150000 -1.000000 0.000000 0.200000 0.100000 110.000000 0.000000 -207300.390899 114.028090 25.445751
20 298.150000 -1.000000 0.000000 0.100000 0.100000 110.000000 0.000000 -207574.961293 105.789297 25.659182
20 298.150000 -1.000000 0.000000 0.100000 0.100000 110.000000 0.000000 -207399.883808 112.661051 25.511432
20 298.150000 -1.000000 0.000000 0.100000 0.100000 110.000000 0.000000 -207513.560731 149.715868 25.761850
20 298.150000 -1.000000 0.000000 0.100000 0.100000 110.000000 0.000000 -207519.932027 134.000718 25.697064
20 298.150000 -1.000000 0.000000 0.100000 0.100000 110.000000 0.000000 -207370.167295 134.584402 25.677736
20 298.150000 -1.000000 0.000000 0.100000 0.100000 110.000000 0.000000 -207383.930719 139.295823 25.705154
20 298.150000 -1.000000 0.000000 0.100000 0.100000 110.000000 0.000000 -207276.411835 148.794347 25.525036
20 298.150000 -1.000000 0.000000 0.100000 0.100000 110.000000 0.000000 -207424.267536 33.705590 25.240327
17 298.150000 -1.000000 0.000000 0.400000 0.100000 110.000000 0.000000 -207266.717120 79.990681 25.476847
18 298.150000 -1.000000 0.000000 0.300000 0.100000 110.000000 0.000000 -207499.533697 91.612320 25.296532
16 298.150000 -1.000000 0.000000 0.500000 0.100000 110.000000 0.000000 -207133.409200 99.665367 25.745476
19 298.150000 -1.000000 0.000000 0.200000 0.100000 110.000000 0.000000 -207781.065649 129.991999 25.786697
19 298.150000 -1.000000 0.000000 0.200000 0.100000 110.000000 0.000000 -207529.681877 59.673901 25.544083
16 298.150000 -1.000000 0.000000 0.500000 0.100000 110.000000 0.000000 -207685.543519 74.236556 25.448321
18 298.150000 -1.000000 0.000000 0.300000 0.100000 110.000000 0.000000 -207279.914122 112.731352 25.298079
18 298.150000 -1.000000 0.000000 0.300000 0.100000 110.000000 0.000000 -207149.282335 65.253015 25.565970
18 298.150000 -1.000000 0.000000 0.300000 0.100000 110.000000 0.000000 -207573.753155 90.827795 25.608211
19 298.150000 -1.000000 0.000000 0.200000 0.100000 110.000000 0.000000 -207771.334501 102.171470 25.473869
19 298.150000 -1.000000 0.000000 0.200000 0.100000 110.000000 0.000000 -207224.873861 77.624461 25.778454
18 298.150000 -1.000000 0.000000 0.300000 0.100000 110.000000 0.000000 -207045.459898 52.388087 25.731929
17 298.150000 -1.000000 0.000000 0.400000 0.100000 110.000000 0.000000 -207375.788691 68.714932 25.713363
19 298.150000 -1.000000 0.000000 0.200000 0.100000 110.000000 0.000000 -207577.053031 111.156088 25.589153
20 298.150000 -1.000000 0.000000 0.100000 0.100000 110.000000 0.000000 -207570.248727 92.509234 25.735121
17 298.150000 -1.000000 0.000000 0.400000 0.100000 110.000000 0.000000 -207552.101186 52.787956 25.531168
16 298.150000 -1.000000 0.000000 0.500000 0.100000 110.000000 0.000000 -207219.501100 63.997197 25.444679
16 298.150000 -1.000000 0.000000 0.500000 0.100000 110.000000 0.000000 -207159.608098 54.134127 25.718053
16 298.150000 -1.000000 0.000000 0.500000 0.100000 110.000000 0.000000 -207304.443161 39.725213 25.703021
18 298.150000 -1.000000 0.000000 0.300000 0.100000 110.000000 0.000000 -207486.984186 55.879466 25.435564
17 298.150000 -1.000000 0.000000 0.400000 0.100000 110.000000 0.000000 -207347.883307 72.737803 25.577566
20 298.150000 -1.000000 0.000000 0.100000 0.100000 110.000000 0.000000 -207586.630282 114.495657 25.647081
20 298.150000 -1.000000 0.000000 0.100000 0.100000 110.000000 0.000000 -207338.329614 105.691823 25.470368
20 298.150000 -1.000000 0.000000 0.100000 0.100000 110.000000 0.000000 -207627.417891 78.960779 25.294232
19 298.150000 -1.000000 0.000000 0.200000 0.100000 110.000000 0.000000 -207575.730516 127.096326 25.386759
20 298.150000 -1.000000 0.000000 0.100000 0.100000 110.000000 0.000000 -207489.370089 127.193179 25.640941
20 298.150000 -1.000000 0.000000 0.100000 0.100000 110.000000 0.000000 -207299.172990 144.701401 25.472600
20 298.150000 -1.000000 0.000000 0.100000 0.100000 110.000000 0.000000 -207370.744651 112.962984 25.576933
20 298.150000 -1.000000 0.000000 0.100000 0.100000 110.000000 0.000000 -207737.025863 129.882617 25.594812
20 298.150000 -1.000000 0.000000 0.100000 0.100000 110.000000 0.000000 -207290.383361 125.566800 25.578678
20 298.150000 -1.000000 0.000000 0.100000 0.100000 110.000000 0.000000 -207602.391515 118.873657 25.498049
20 298.150000 -1.000000 0.000000 0.100000 0.100000 110.000000 0.000000 -207289.656278 148.152039 25.561499
20 298.150000 -1.000000 0.000000 0.100000 0.100000 110.000000 0.000000 -207322.766829 124.345499 25.735721
20 298.150000 -1.000000 0.000000 0.100000 0.100000 110.000000 0.000000 -207250.616934 127.789629 25.513189
20 298.150000 -1.000000 0.000000 0.100000 0.100000 110.000000 0.000000 -207786.111724 147.968362 25.602823
20 298.150000 -1.000000 0.000000 0.100000 0.100000 110.000000 0.000000 -207939.626210 81.916096 25.207048
20 298.150000 -1.000000 0.000000 0.100000 0.100000 110.000000 0.000000 -207438.050193 119.219938 25.782266
20 298.150000 -1.000000 0.000000 0.100000 0.100000 110.000000 0.000000 -207745.771022 111.715536 25.516511
19 298.150000 -1.000000 0.000000 0.200000 0.100000 110.000000 0.000000 -207706.997788 28.537068 25.602411
14 298.150000 -1.000000 0.200000 0.500000 0.100000 110.000000 0.000000 -207452.657832 15.191587 25.845438
14 298.150000 -1.000000 0.200000 0.500000 0.100000 110.000000 0.000000 -207575.255881 12.122387 25.803688
14 298.150000 -1.000000 0.200000 0.500000 0.100000 110.000000 0.000000 -207475.021083 17.493338 25.484096
15 298.150000 -1.000000 0.100000 0.500000 0.100000 110.000000 0.000000 -207528.897637 39.265481 25.501774
17 298.150000 -1.000000 0.000000 0.400000 0.100000 110.000000 0.000000 -207221.422828 60.148317 25.676399
19 298.150000 -1.000000 0.000000 0.200000 0.100000 110.000000 0.000000 -207631.484583 65.852290 25.591858
19 298.150000 -1.000000 0.000000 0.200000 0.100000 110.000000 0.000000 -207429.662309 85.235739 25.721620
16 298.150000 -1.000000 0.000000 0.500000 0.100000 110.000000 0.000000 -207449.095902 49.282038 25.799453
16 298.150000 -1.000000 0.000000 0.500000 0.100000 110.000000 0.000000 -207376.491315 72.622772 25.600521
16 298.150000 -1.000000 0.000000 0.500000 0.100000 110.000000 0.000000 -207428.816834 84.527821 25.760913
17 298.150000 -1.000000 0.000000 0.400000 0.100000 110.000000 0.000000 -207244.073913 72.550720 25.492818
19 298.150000 -1.000000 0.000000 0.200000 0.100000 110.000000 0.000000 -207738.272438 47.012444 25.618285
18 298.150000 -1.000000 0.000000 0.300000 0.100000 110.000000 0.000000 -207624.987473 35.637052 25.603084
18 298.150000 -1.000000 0.000000 0.300000 0.100000 110.000000 0.000000 -207410.529936 88.658224 25.368722
17 298.150000 -1.000000 0.000000 0.400000 0.100000 110.000000 0.000000 -207263.980742 64.009440 25.455464
17 298.150000 -1.000000 0.000000 0.400000 0.100000 110.000000 0.000000 -207037.414576 54.196819 25.790830
18 298.150000 -1.000000 0.000000 0.300000 0.100000 110.000000 0.000000 -207500.664407 102.125686 25.854782
19 298.150000 -1.000000 0.000000 0.200000 0.100000 110.000000 0.000000 -207598.079144 67.090782 25.312434
19 298.150000 -1.000000 0.000000 0.200000 0.100000 110.000000 0.000000 -206850.208313 118.744708 25.825077
20 298.150000 -1.000000 0.000000 0.100000 0.100000 110.000000 0.000000 -207116.573281 112.070625 25.294506
20 298.150000 -1.000000 0.000000 0.100000 0.100000 110.000000 0.000000 -207531.121130 116.970990 25.791227
20 298.150000 -1.000000 0.000000 0.100000 0.100000 110.000000 0.000000 -207129.698558 115.750536 25.800034
19 298.150000 -1.000000 0.000000 0.200000 0.100000 110.000000 0.000000 -207337.706027 61.761539 25.784455
17 298.150000 -1.000000 0.000000 0.400000 0.100000 110.000000 0.000000 -207178.400466 38.439827 25.431576
19 298.150000 -1.000000 0.000000 0.200000 0.100000 110.000000 0.000000 -207599.901381 118.875049 25.502290
19 298.150000 -1.000000 0.000000 0.200000 0.100000 110.000000 0.000000 -207549.123766 67.598381 25.657995
16 298.150000 -1.000000 0.000000 0.500000 0.100000 110.000000 0.000000 -207559.985010 83.449441 25.671227
16 298.150000 -1.000000 0.000000 0.500000 0.100000 110.000000 0.000000 -207263.573409 41.889919 25.473595
18 298.150000 -1.000000 0.000000 0.300000 0.100000 110.000000 0.000000 -207566.796191 68.566281 25.516463
19 298.150000 -1.000000 0.000000 0.200000 0.100000 110.000000 0.000000 -207447.031605 72.311852 25.653461
17 298.150000 -1.000000 0.000000 0.400000 0.100000 110.000000 0.000000 -207843.864373 68.923073 25.650003
17 298.150000 -1.000000 0.000000 0.400000 0.100000 110.000000 0.000000 -207588.841761 80.038889 25.607657
19 298.150000 -1.000000 0.000000 0.200000 0.100000 110.000000 0.000000 -207520.758750 84.503267 25.515820
18 298.150000 -1.000000 0.000000 0.300000 0.100000 110.000000 0.000000 -207190.663677 81.734691 25.806190
17 298.150000 -1.000000 0.000000 0.400000 0.100000 110.000000 0.000000 -207041.831198 23.927991 25.419431
17 298.150000 -1.000000 0.000000 0.400000 0.100000 110.000000 0.000000 -207179.311531 91.805564 25.441949
16 298.150000 -1.000000 0.000000 0.500000 0.100000 110.000000 0.000000 -207392.541964 71.547244 25.445472
19 298.150000 -1.000000 0.000000 0.200000 0.100000 110.000000 0.000000 -207066.188799 68.813215 25.596598
18 298.150000 -1.000000 0.000000 0.300000 0.100000 110.000000 0.000000 -207226.493777 63.115400 25.732905
18 298.150000 -1.000000 0.000000 0.300000 0.100000 110.000000 0.000000 -207426.492106 83.318361 25.656569
18 298.150000 -1.000000 0.000000 0.300000 0.100000 110.000000 0.000000 -207565.305439 50.587978 25.685687
18 298.150000 -1.000000 0.000000 0.300000 0.100000 110.000000 0.000000 -207145.905667 72.844270 25.761946
18 298.150000 -1.000000 0.000000 0.300000 0.100000 110.000000 0.000000 -207776.650072 118.566586 25.815348
20 298.150000 -1.000000 0.000000 0.100000 0.100000 110.000000 0.000000 -207291.835741 87.544691 25.653596
18 298.150000 -1.000000 0.000000 0.300000 0.100000 110.000000 0.000000 -207460.213081 46.260024 25.322735
17 298.150000 -1.000000 0.000000 0.400000 0.100000 110.000000 0.000000 -207237.104766 80.962617 25.270493
17 298.150000 -1.000000 0.000000 0.400000 0.100000 110.000000 0.000000 -207200.200697 22.828766 25.279553
19 298.150000 -1.000000 0.000000 0.200000 0.100000 110.000000 0.000000 -207646.109543 89.709747 25.352344
20 298.150000 -1.000000 0.000000 0.100000 0.100000 110.000000 0.000000 -207345.182318 47.075743 25.774042
16 298.150000 -1.000000 0.000000 0.500000 0.100000 110.000000 0.000000 -207139.874584 58.180579 25.718036
16 298.150000 -1.000000 0.000000 0.500000 0.100000 110.000000 0.000000 -207437.713292 55.805948 25.711611
17 298.150000 -1.000000 0.000000 0.400000 0.100000 110.000000 0.000000 -207294.548532 79.456792 25.644746
18 298.150000 -1.000000 0.000000 0.300000 0.100000 110.000000 0.000000 -207450.862583 54.509311 25.783031
18 298.150000 -1.000000 0.000000 0.300000 0.100000 110.000000 0.000000 -207306.695062 83.844085 25.524915
17 298.150000 -1.000000 0.000000 0.400000 0.100000 110.000000 0.000000 -207448.137585 53.389805 25.354079
16 298.150000 -1.000000 0.000000 0.500000 0.100000 110.000000 0.000000 -207518.266034 54.516781 25.314375
17 298.150000 -1.000000 0.000000 0.400000 0.100000 110.000000 0.000000 -207626.919514 43.356058 25.695799
16 298.150000 -1.000000 0.000000 0.500000 0.100000 110.000000 0.000000 -207348.816239 52.649048 25.442980
16 298.150000 -1.000000 0.000000 0.500000 0.100000 110.000000 0.000000 -207392.597184 78.012560 25.656284
16 298.150000 -1.000000 0.000000 0.500000 0.100000 110.000000 0.000000 -207370.090497 89.683509 25.462673
16 298.150000 -1.000000 0.000000 0.500000 0.100000 110.000000 0.000000 -208064.778097 69.443183 25.843195
17 298.150000 -1.000000 0.000000 0.400000 0.100000 110.000000 0.000000 -207570.669265 62.675183 25.815609
17 298.150000 -1.000000 0.000000 0.400000 0.100000 110.000000 0.000000 -207449.583940 66.654413 25.673520
16 298.150000 -1.000000 0.000000 0.500000 0.100000 110.000000 0.000000 -207333.423096 79.947739 25.687495
16 298.150000 -1.000000 0.000000 0.500000 0.100000 110.000000 0.000000 -207426.647809 42.992787 25.478277
18 298.150000 -1.000000 0.000000 0.300000 0.100000 110.000000 0.000000 -207583.140975 53.393966 25.797446
16 298.150000 -1.000000 0.000000 0.500000 0.100000 110.000000 0.000000 -207275.937009 74.773716 25.597529
18 298.150000 -1.000000 0.000000 0.300000 0.100000 110.000000 0.000000 -207347.271434 73.546622 25.661110
19 298.150000 -1.000000 0.000000 0.200000 0.100000 110.000000 0.000000 -207273.242793 81.710249 25.782800
17 298.150000 -1.000000 0.000000 0.400000 0.100000 110.000000 0.000000 -207478.372904 51.157020 25.500194
19 298.150000 -1.000000 0.000000 0.200000 0.100000 110.000000 0.000000 -207160.231037 81.642780 25.779755
17 298.150000 -1.000000 0.000000 0.400000 0.100000 110.000000 0.000000 -207708.009847 18.532043 25.634728
19 298.150000 -1.000000 0.000000 0.200000 0.100000 110.000000 0.000000 -207385.980780 79.881850 25.329383
17 298.150000 -1.000000 0.000000 0.400000 0.100000 110.000000 0.000000 -207605.588979 70.609921 25.509514
18 298.150000 -1.000000 0.000000 0.300000 0.100000 110.000000 0.000000 -207835.055827 64.313679 23.941741
16 298.150000 -1.000000 0.000000 0.500000 0.100000 110.000000 0.000000 -207135.021592 61.402205 25.572485
19 298.150000 -1.000000 0.000000 0.200000 0.100000 110.000000 0.000000 -207297.704817 66.411634 25.781247
18 298.150000 -1.000000 0.000000 0.300000 0.100000 110.000000 0.000000 -207191.617450 43.411590 25.625914
18 298.150000 -1.000000 0.000000 0.300000 0.100000 110.000000 0.000000 -207145.023727 53.757194 25.841205
19 298.150000 -1.000000 0.000000 0.200000 0.100000 110.000000 0.000000 -207112.113365 27.939568 25.669562
17 298.150000 -1.000000 0.000000 0.400000 0.100000 110.000000 0.000000 -207269.463577 52.415677 25.800005
16 298.150000 -1.000000 0.000000 0.500000 0.100000 110.000000 0.000000 -207251.934243 88.506943 25.582529
19 298.150000 -1.000000 0.000000 0.200000 0.100000 110.000000 0.000000 -207663.775374 94.385333 25.829889
18 298.150000 -1.000000 0.000000 0.300000 0.100000 110.000000 0.000000 -207361.011130 38.896999 25.553949
16 298.150000 -1.000000 0.000000 0.500000 0.100000 110.000000 0.000000 -207581.793857 65.417279 25.731235
17 298.150000 -1.000000 0.000000 0.400000 0.100000 110.000000 0.000000 -207398.236084 96.047518 25.778789
16 298.150000 -1.000000 0.000000 0.500000 0.100000 110.000000 0.000000 -206957.323532 74.490097 25.840177
17 298.150000 -1.000000 0.000000 0.400000 0.100000 110.000000 0.000000 -207755.828880 86.720565 25.599358
16 298.150000 -1.000000 0.000000 0.500000 0.100000 110.000000 0.000000 -207670.980227 28.387440 25.731788
18 298.150000 -1.000000 0.000000 0.300000 0.100000 110.000000 0.000000 -207376.501849 40.932202 25.487155
16 298.150000 -1.000000 0.000000 0.500000 0.100000 110.000000 0.000000 -207329.757907 65.064873 25.831211
20 298.150000 -1.000000 0.000000 0.100000 0.100000 110.000000 0.000000 -207646.206000 149.318801 25.784688
20 298.150000 -1.000000 0.000000 0.100000 0.100000 110.000000 0.000000 -207817.578114 119.343560 25.594764
20 298.150000 -1.000000 0.000000 0.100000 0.100000 110.000000 0.000000 -207471.936347 140.438360 25.848066
20 298.150000 -1.000000 0.000000 0.100000 0.100000 110.000000 0.000000 -207423.790541 120.781049 25.551461
20 298.150000 -1.000000 0.000000 0.100000 0.100000 110.000000 0.000000 -207596.155672 151.347221 25.760651
20 298.150000 -1.000000 0.000000 0.100000 0.100000 110.000000 0.000000 -207667.664145 128.916242 25.686950
20 298.150000 -1.000000 0.000000 0.100000 0.100000 110.000000 0.000000 -207362.171814 126.673967 25.610603
20 298.150000 -1.000000 0.000000 0.100000 0.100000 110.000000 0.000000 -207828.020512 46.039408 25.654660
