20 298.150000 -1.000000 0.000000 0.100000 0.100000 110.000000 0.000000 -206229.340561 89.488064 25.930855
20 298.150000 -1.000000 0.000000 0.100000 0.100000 110.000000 0.000000 -206290.112853 122.779852 25.975592
20 298.150000 -1.000000 0.000000 0.100000 0.100000 110.000000 0.000000 -205670.987142 105.131194 25.981732
19 298.150000 -1.000000 0.000000 0.200000 0.100000 110.000000 0.000000 -206114.302934 77.371332 25.360262
16 298.150000 -1.000000 0.000000 0.500000 0.100000 110.000000 0.000000 -205725.603675 72.715734 25.579232
19 298.150000 -1.000000 0.000000 0.200000 0.100000 110.000000 0.000000 -205821.712369 55.883891 25.902120
18 298.150000 -1.000000 0.000000 0.300000 0.100000 110.000000 0.000000 -206180.144829 42.647522 25.591405
16 298.150000 -1.000000 0.000000 0.500000 0.100000 110.000000 0.000000 -205933.806642 61.523125 25.784185
19 298.150000 -1.000000 0.000000 0.200000 0.100000 110.000000 0.000000 -206090.954631 23.694147 25.506055
18 298.150000 -1.000000 0.000000 0.300000 0.100000 110.000000 0.000000 -206369.345616 45.721056 25.929854
17 298.150000 -1.000000 0.000000 0.400000 0.100000 110.000000 0.000000 -205996.268323 97.685617 25.612864
19 298.150000 -1.000000 0.000000 0.200000 0.100000 110.000000 0.000000 -206474.155353 64.799811 25.614826
18 298.150000 -1.000000 0.000000 0.300000 0.100000 110.000000 0.000000 -206124.160211 110.699337 25.598749
18 298.150000 -1.000000 0.000000 0.300000 0.100000 110.000000 0.000000 -205782.255283 50.757848 26.006186
19 298.150000 -1.000000 0.000000 0.200000 0.100000 110.000000 0.000000 -206126.459101 107.779352 25.565956
17 298.150000 -1.000000 0.000000 0.400000 0.100000 110.000000 0.000000 -206214.620925 49.587083 25.276411
18 298.150000 -1.000000 0.000000 0.300000 0.100000 110.000000 0.000000 -205600.423412 42.679676 25.493203
18 298.150000 -1.000000 0.000000 0.300000 0.100000 110.000000 0.000000 -206193.483758 83.055155 25.117469
16 298.150000 -1.000000 0.000000 0.500000 0.100000 110.000000 0.000000 -205645.082836 59.337477 26.001181
20 298.150000 -1.000000 0.000000 0.100000 0.100000 110.000000 0.000000 -205729.295601 121.854462 25.615743
20 298.150000 -1.000000 0.000000 0.100000 0.100000 110.000000 0.000000 -206210.921928 96.772416 25.390223
19 298.150000 -1.000000 0.000000 0.200000 0.100000 110.000000 0.000000 -205825.491751 44.576590 25.993707
17 298.150000 -1.000000 0.000000 0.400000 0.100000 110.000000 0.000000 -206128.580250 63.922759 25.560508
17 298.150000 -1.000000 0.000000 0.400000 0.100000 110.000000 0.000000 -206254.170613 99.510237 25.274866
20 298.150000 -1.000000 0.000000 0.100000 0.100000 110.000000 0.000000 -206314.391051 52.575927 25.822110
20 298.150000 -1.000000 0.000000 0.100000 0.100000 110.000000 0.000000 -206002.038594 76.965949 25.180142
18 298.150000 -1.000000 0.000000 0.300000 0.100000 110.000000 0.000000 -205860.445645 77.776828 25.219902
18 298.150000 -1.000000 0.000000 0.300000 0.100000 110.000000 0.000000 -206288.526544 67.722331 25.341268
16 298.150000 -1.000000 0.000000 0.500000 0.100000 110.000000 0.000000 -205892.603541 87.559620 24.912537
19 298.150000 -1.000000 0.000000 0.200000 0.100000 110.000000 0.000000 -206467.937086 78.039340 25.977781
17 298.150000 -1.000000 0.000000 0.400000 0.100000 110.000000 0.000000 -205887.136472 71.287113 25.594700
17 298.150000 -1.000000 0.000000 0.400000 0.100000 110.000000 0.000000 -205872.177481 89.480286 25.430515
18 298.150000 -1.000000 0.000000 0.300000 0.100000 110.000000 0.000000 -205879.275445 123.118173 25.625150
19 298.150000 -1.000000 0.000000 0.200000 0.100000 110.000000 0.000000 -205770.331269 100.323182 25.528209
19 298.150000 -1.000000 0.000000 0.200000 0.100000 110.000000 0.000000 -206063.312424 88.998380 25.040281
18 298.150000 -1.000000 0.000000 0.300000 0.100000 110.000000 0.000000 -206061.642895 51.115354 26.015191
16 298.150000 -1.000000 0.000000 0.500000 0.100000 110.000000 0.000000 -205941.957570 54.376591 25.261738
18 298.150000 -1.000000 0.000000 0.300000 0.100000 110.000000 0.000000 -205797.577763 36.074991 25.800008
19 298.150000 -1.000000 0.000000 0.200000 0.100000 110.000000 0.000000 -206136.969014 120.786778 24.868812
19 298.150000 -1.000000 0.000000 0.200000 0.100000 110.000000 0.000000 -205944.101963 57.766441 25.237565
18 298.150000 -1.000000 0.000000 0.300000 0.100000 110.000000 0.000000 -205988.129438 52.773564 25.578983
18 298.150000 -1.000000 0.000000 0.300000 0.100000 110.000000 0.000000 -205880.740402 116.739684 24.456600
18 298.150000 -1.000000 0.000000 0.300000 0.100000 110.000000 0.000000 -205903.625781 61.928785 25.964545
18 298.150000 -1.000000 0.000000 0.300000 0.100000 110.000000 0.000000 -206086.594452 81.563478 25.886483
20 298.150000 -1.000000 0.000000 0.100000 0.100000 110.000000 0.000000 -206089.385913 133.457839 25.806535
19 298.150000 -1.000000 0.000000 0.200000 0.100000 110.000000 0.000000 -206017.994681 48.968560 25.369077
18 298.150000 -1.000000 0.000000 0.300000 0.100000 110.000000 0.000000 -206139.682797 118.740861 25.908169
18 298.150000 -1.000000 0.000000 0.300000 0.100000 110.000000 0.000000 -206309.947852 76.144224 25.859290
19 298.150000 -1.000000 0.000000 0.200000 0.100000 110.000000 0.000000 -205966.894784 68.459832 25.944609
18 298.150000 -1.000000 0.000000 0.300000 0.100000 110.000000 0.000000 -206001.043169 62.137288 26.003725
17 298.150000 -1.000000 0.000000 0.400000 0.100000 110.000000 0.000000 -205884.398006 80.701633 25.966058
19 298.150000 -1.000000 0.000000 0.200000 0.100000 110.000000 0.000000 -206615.268191 109.364322 25.236728
19 298.150000 -1.000000 0.000000 0.200000 0.100000 110.000000 0.000000 -205606.639433 112.279968 25.813562
19 298.150000 -1.000000 0.000000 0.200000 0.100000 110.000000 0.000000 -206011.040846 90.456352 25.500370
20 298.150000 -1.000000 0.000000 0.100000 0.100000 110.000000 0.000000 -206430.744091 126.451285 25.800435
20 298.150000 -1.000000 0.000000 0.100000 0.100000 110.000000 0.000000 -205709.526667 99.451841 25.540254
20 298.150000 -1.000000 0.000000 0.100000 0.100000 110.000000 0.000000 -206212.853005 88.316639 25.519667
20 298.150000 -1.000000 0.000000 0.100000 0.100000 110.000000 0.000000 -206192.608794 125.049892 25.008293
20 298.150000 -1.000000 0.000000 0.100000 0.100000 110.000000 0.000000 -206273.980241 109.713686 25.657781
20 298.150000 -1.000000 0.000000 0.100000 0.100000 110.000000 0.000000 -205977.826494 91.664721 25.623341
19 298.150000 -1.000000 0.000000 0.200000 0.100000 110.000000 0.000000 -205838.333620 76.470125 24.478934
16 298.150000 -1.000000 0.000000 0.500000 0.100000 110.000000 0.000000 -205938.607832 86.002049 25.739152
17 298.150000 -1.000000 0.000000 0.400000 0.100000 110.000000 0.000000 -206065.201217 33.872817 25.717720
16 298.150000 -1.000000 0.000000 0.500000 0.100000 110.000000 0.000000 -205900.564374 72.987033 24.824377
16 298.150000 -1.000000 0.000000 0.500000 0.100000 110.000000 0.000000 -206245.244715 93.562061 24.751890
16 298.150000 -1.000000 0.000000 0.500000 0.100000 110.000000 0.000000 -205695.058735 93.413296 25.925405
19 298.150000 -1.000000 0.000000 0.200000 0.100000 110.000000 0.000000 -206012.065872 46.997715 25.599312
19 298.150000 -1.000000 0.000000 0.200000 0.100000 110.000000 0.000000 -205669.451143 130.469153 25.950911
19 298.150000 -1.000000 0.000000 0.200000 0.100000 110.000000 0.000000 -205944.286733 85.292386 25.933110
17 298.150000 -1.000000 0.000000 0.400000 0.100000 110.000000 0.000000 -205962.900012 92.258066 25.620003
19 298.150000 -1.000000 0.000000 0.200000 0.100000 110.000000 0.000000 -205664.744182 60.439149 25.964781
17 298.150000 -1.000000 0.000000 0.400000 0.100000 110.000000 0.000000 -206022.239616 77.096154 25.747007
17 298.150000 -1.000000 0.000000 0.400000 0.100000 110.000000 0.000000 -205978.863223 49.770984 25.747245
19 298.150000 -1.000000 0.000000 0.200000 0.100000 110.000000 0.000000 -205944.657358 45.690621 25.448021
20 298.150000 -1.000000 0.000000 0.100000 0.100000 110.000000 0.000000 -206291.038004 123.615955 25.476485
20 298.150000 -1.000000 0.000000 0.100000 0.100000 110.000000 0.000000 -205909.563769 79.546580 25.742180
18 298.150000 -1.000000 0.000000 0.300000 0.100000 110.000000 0.000000 -206191.290890 66.243017 25.582315
16 298.150000 -1.000000 0.000000 0.500000 0.100000 110.000000 0.000000 -205928.572603 47.962649 25.819058
19 298.150000 -1.000000 0.000000 0.200000 0.100000 110.000000 0.000000 -206350.546449 58.114431 25.466775
18 298.150000 -1.000000 0.000000 0.300000 0.100000 110.000000 0.000000 -206266.796414 124.720480 25.453189
18 298.150000 -1.000000 0.000000 0.300000 0.100000 110.000000 0.000000 -206018.602466 51.453015 25.356642
20 298.150000 -1.000000 0.000000 0.100000 0.100000 110.000000 0.000000 -206286.280151 121.792796 25.329702
20 298.150000 -1.000000 0.000000 0.100000 0.100000 110.000000 0.000000 -205923.795737 129.611057 25.517506
20 298.150000 -1.000000 0.000000 0.100000 0.100000 110.000000 0.000000 -205984.799227 132.839852 24.832680
20 298.150000 -1.000000 0.000000 0.100000 0.100000 110.000000 0.000000 -205979.693747 121.098198 24.465030
20 298.150000 -1.000000 0.000000 0.100000 0.100000 110.000000 0.000000 -206370.232116 76.567027 25.854690
19 298.150000 -1.000000 0.000000 0.200000 0.100000 110.000000 0.000000 -206139.256627 90.560628 25.314702
19 298.150000 -1.000000 0.000000 0.200000 0.100000 110.000000 0.000000 -205755.988198 105.742666 25.453370
19 298.150000 -1.000000 0.000000 0.200000 0.100000 110.000000 0.000000 -205986.382189 109.675007 25.137185
20 298.150000 -1.000000 0.000000 0.100000 0.100000 110.000000 0.000000 -205882.017156 113.698677 25.964804
20 298.150000 -1.000000 0.000000 0.100000 0.100000 110.000000 0.000000 -205856.642101 137.594763 25.634802
20 298.150000 -1.000000 0.000000 0.100000 0.100000 110.000000 0.000000 -206229.279686 125.753374 25.518558
20 298.150000 -1.000000 0.000000 0.100000 0.100000 110.000000 0.000000 -206267.213259 84.847081 25.815041
19 298.150000 -1.000000 0.000000 0.200000 0.100000 110.000000 0.000000 -206040.222133 112.450080 25.139749
19 298.150000 -1.000000 0.000000 0.200000 0.100000 110.000000 0.000000 -206356.360432 120.745568 25.728517
20 298.150000 -1.000000 0.000000 0.100000 0.100000 110.000000 0.000000 -205746.593970 121.519036 25.654554
20 298.150000 -1.000000 0.000000 0.100000 0.100000 110.000000 0.000000 -206070.385977 72.976681 25.465815
20 298.150000 -1.000000 0.000000 0.100000 0.100000 110.000000 0.000000 -206067.808334 155.034926 26.017583
20 298.150000 -1.000000 0.000000 0.100000 0.100000 110.000000 0.000000 -205878.734026 120.659142 25.080924
20 298.150000 -1.000000 0.000000 0.100000 0.100000 110.000000 0.000000 -206406.266347 116.654713 25.401116
20 298.150000 -1.000000 0.000000 0.100000 0.100000 110.000000 0.000000 -206099.348240 121.538797 25.542061
20 298.150000 -1.000000 0.000000 0.100000 0.100000 110.000000 0.000000 -206128.532998 140.366945 26.009554
20 298.150000 -1.000000 0.000000 0.100000 0.100000 110.000000 0.000000 -206041.643520 146.069092 25.104774
20 298.150000 -1.000000 0.000000 0.100000 0.100000 110.000000 0.000000 -206019.816763 132.016621 25.985024
20 298.150000 -1.000000 0.000000 0.100000 0.100000 110.000000 0.000000 -206372.350216 52.037829 25.268217
17 298.150000 -1.000000 0.000000 0.400000 0.100000 110.000000 0.000000 -206034.575365 32.192949 24.953329
17 298.150000 -1.000000 0.000000 0.400000 0.100000 110.000000 0.000000 -205551.046380 74.535047 25.441613
19 298.150000 -1.000000 0.000000 0.200000 0.100000 110.000000 0.000000 -206420.142649 55.526566 25.663745
17 298.150000 -1.000000 0.000000 0.400000 0.100000 110.000000 0.000000 -205764.160191 90.181213 25.986176
17 298.150000 -1.000000 0.000000 0.400000 0.100000 110.000000 0.000000 -206042.487309 54.791171 25.223687
18 298.150000 -1.000000 0.000000 0.300000 0.100000 110.000000 0.000000 -206252.531382 68.720007 25.618659
18 298.150000 -1.000000 0.000000 0.300000 0.100000 110.000000 0.000000 -206429.562717 97.462739 25.035031
19 298.150000 -1.000000 0.000000 0.200000 0.100000 110.000000 0.000000 -205750.311387 78.229774 25.431300
19 298.150000 -1.000000 0.000000 0.200000 0.100000 110.000000 0.000000 -206257.500997 123.597494 25.761421
20 298.150000 -1.000000 0.000000 0.100000 0.100000 110.000000 0.000000 -206105.479727 142.046976 24.948206
20 298.150000 -1.000000 0.000000 0.100000 0.100000 110.000000 0.000000 -206272.825108 141.715937 25.007653
20 298.150000 -1.000000 0.000000 0.100000 0.100000 110.000000 0.000000 -206178.911687 124.496331 25.367935
20 298.150000 -1.000000 0.000000 0.100000 0.100000 110.000000 0.000000 -205921.046010 138.824488 24.955484
20 298.150000 -1.000000 0.000000 0.100000 0.100000 110.000000 0.000000 -206339.487238 115.616708 25.855408
20 298.150000 -1.000000 0.000000 0.100000 0.100000 110.000000 0.000000 -206056.589357 131.567651 25.555780
20 298.150000 -1.000000 0.000000 0.100000 0.100000 110.000000 0.000000 -206038.025304 80.193199 25.513448
20 298.150000 -1.000000 0.000000 0.100000 0.100000 110.000000 0.000000 -206287.132399 143.852690 24.952505
20 298.150000 -1.000000 0.000000 0.100000 0.100000 110.000000 0.000000 -206255.357710 135.094295 25.279117
20 298.150000 -1.000000 0.000000 0.100000 0.100000 110.000000 0.000000 -206072.556376 131.515355 25.095056
20 298.150000 -1.000000 0.000000 0.100000 0.100000 110.000000 0.000000 -206338.194788 149.633861 24.311208
21 298.150000 -1.000000 0.000000 0.000000 0.100000 110.000000 0.000000 -205678.786851 186.602971 24.487754
21 298.150000 -1.000000 0.000000 0.000000 0.100000 110.000000 0.000000 -206171.096802 182.555319 24.724323
