16 298.150000 -1.000000 0.000000 0.500000 0.100000 110.000000 0.000000 -208042.153238 66.836180 25.423450
16 298.150000 -1.000000 0.000000 0.500000 0.100000 110.000000 0.000000 -207836.605679 93.986070 25.121539
16 298.150000 -1.000000 0.000000 0.500000 0.100000 110.000000 0.000000 -207708.930556 38.690885 24.859183
18 298.150000 -1.000000 0.000000 0.300000 0.100000 110.000000 0.000000 -207730.793190 81.450524 24.851282
16 298.150000 -1.000000 0.000000 0.500000 0.100000 110.000000 0.000000 -207740.723076 73.879485 25.027062
17 298.150000 -1.000000 0.000000 0.400000 0.100000 110.000000 0.000000 -207976.932618 104.023841 25.025706
19 298.150000 -1.000000 0.000000 0.200000 0.100000 110.000000 0.000000 -207574.148704 141.780015 25.012666
19 298.150000 -1.000000 0.000000 0.200000 0.100000 110.000000 0.000000 -207736.509749 104.776391 24.861671
16 298.150000 -1.000000 0.000000 0.500000 0.100000 110.000000 0.000000 -207747.285920 91.966972 24.878006
18 298.150000 -1.000000 0.000000 0.300000 0.100000 110.000000 0.000000 -207672.313109 121.628974 25.259615
19 298.150000 -1.000000 0.000000 0.200000 0.100000 110.000000 0.000000 -207876.734729 46.213130 24.969201
15 298.150000 -1.000000 0.100000 0.500000 0.100000 110.000000 0.000000 -207832.046498 17.559339 24.940447
13 298.150000 -1.000000 0.300000 0.500000 0.100000 110.000000 0.000000 -207924.014758 12.849089 24.868477
14 298.150000 -1.000000 0.200000 0.500000 0.100000 110.000000 0.000000 -207354.754707 14.209318 25.226334
13 298.150000 -1.000000 0.300000 0.500000 0.100000 110.000000 0.000000 -208041.145784 7.310573 24.931625
13 298.150000 -1.000000 0.300000 0.500000 0.100000 110.000000 0.000000 -208018.333199 2.370446 24.772030
11 298.150000 -1.000000 0.500000 0.500000 0.100000 110.000000 0.000000 -208004.180699 4.114623 24.940435
10 298.150000 1.000000 0.500000 0.500000 0.100000 110.000000 0.000000 -207424.237480 3.316897 24.835082
9 298.150000 1.000000 0.400000 0.500000 0.100000 110.000000 0.000000 -207636.447723 7.777051 24.926357
9 298.150000 1.000000 0.400000 0.500000 0.100000 110.000000 0.000000 -207680.381551 7.608251 25.001673
9 298.150000 1.000000 0.400000 0.500000 0.100000 110.000000 0.000000 -208192.259352 -8.353007 24.880202
9 298.150000 1.000000 0.400000 0.500000 0.100000 110.000000 0.000000 -207924.913282 15.811433 25.037981
9 298.150000 1.000000 0.400000 0.500000 0.100000 110.000000 0.000000 -207977.099152 2.566879 25.048262
9 298.150000 1.000000 0.400000 0.500000 0.100000 110.000000 0.000000 -207321.624306 -0.138232 24.928281
9 298.150000 1.000000 0.400000 0.500000 0.100000 110.000000 0.000000 -207872.550258 6.112933 24.960978
8 298.150000 1.000000 0.300000 0.500000 0.100000 110.000000 0.000000 -208039.080120 10.448055 24.852205
8 298.150000 1.000000 0.300000 0.500000 0.100000 110.000000 0.000000 -207766.809346 8.651721 25.255869
8 298.150000 1.000000 0.300000 0.500000 0.100000 110.000000 0.000000 -207732.136876 0.288089 25.029935
9 298.150000 1.000000 0.400000 0.500000 0.100000 110.000000 0.000000 -207620.524838 6.360186 24.899236
8 298.150000 1.000000 0.300000 0.500000 0.100000 110.000000 0.000000 -207609.723867 19.939080 25.066958
7 298.150000 1.000000 0.200000 0.500000 0.100000 110.000000 0.000000 -207965.454842 23.094837 25.118401
7 298.150000 1.000000 0.200000 0.500000 0.100000 110.000000 0.000000 -207901.821969 21.625538 25.070319
6 298.150000 1.000000 0.100000 0.500000 0.100000 110.000000 0.000000 -207654.266608 31.739154 24.536505
6 298.150000 1.000000 0.100000 0.500000 0.100000 110.000000 0.000000 -207459.155018 25.766328 24.810704
6 298.150000 1.000000 0.100000 0.500000 0.100000 110.000000 0.000000 -207703.879252 36.492704 25.165417
6 298.150000 1.000000 0.100000 0.500000 0.100000 110.000000 0.000000 -208052.973190 23.550196 24.882962
7 298.150000 1.000000 0.200000 0.500000 0.100000 110.000000 0.000000 -207790.028259 7.886821 25.230112
7 298.150000 1.000000 0.200000 0.500000 0.100000 110.000000 0.000000 -207873.197310 0.892433 25.244757
9 298.150000 1.000000 0.400000 0.500000 0.100000 110.000000 0.000000 -207720.275035 2.907632 24.839426
9 298.150000 1.000000 0.400000 0.500000 0.100000 110.000000 0.000000 -207928.592720 -2.953179 25.074611
9 298.150000 1.000000 0.400000 0.500000 0.100000 110.000000 0.000000 -208060.992199 -1.618615 25.023430
9 298.150000 1.000000 0.400000 0.500000 0.100000 110.000000 0.000000 -207557.692325 -0.992074 25.102979
9 298.150000 1.000000 0.400000 0.500000 0.100000 110.000000 0.000000 -207867.309251 6.895890 25.139685
10 298.150000 1.000000 0.500000 0.500000 0.100000 110.000000 0.000000 -207962.385414 1.524898 25.159082
10 298.150000 1.000000 0.500000 0.500000 0.100000 110.000000 0.000000 -207566.751984 0.288713 25.024091
10 298.150000 1.000000 0.500000 0.500000 0.100000 110.000000 0.000000 -207967.116639 -2.629232 24.773451
9 298.150000 1.000000 0.400000 0.500000 0.100000 110.000000 0.000000 -207729.280539 3.855583 24.990109
10 298.150000 1.000000 0.500000 0.500000 0.100000 110.000000 0.000000 -207951.321875 0.551627 25.049009
10 298.150000 1.000000 0.500000 0.500000 0.100000 110.000000 0.000000 -207625.665961 2.967225 25.081387
11 298.150000 -1.000000 0.500000 0.500000 0.100000 110.000000 0.000000 -207987.734973 -1.479456 25.026839
10 298.150000 1.000000 0.500000 0.500000 0.100000 110.000000 0.000000 -207649.588435 -2.428296 24.950907
10 298.150000 1.000000 0.500000 0.500000 0.100000 110.000000 0.000000 -207859.375208 -1.370517 24.697602
12 298.150000 -1.000000 0.400000 0.500000 0.100000 110.000000 0.000000 -207476.396373 -2.673927 25.019001
11 298.150000 -1.000000 0.500000 0.500000 0.100000 110.000000 0.000000 -207473.510669 0.329675 24.933855
12 298.150000 -1.000000 0.400000 0.500000 0.100000 110.000000 0.000000 -207662.694853 1.981428 25.016174
11 298.150000 -1.000000 0.500000 0.500000 0.100000 110.000000 0.000000 -207586.645517 -0.739911 24.657298
11 298.150000 -1.000000 0.500000 0.500000 0.100000 110.000000 0.000000 -207913.603191 -1.417779 24.936302
11 298.150000 -1.000000 0.500000 0.500000 0.100000 110.000000 0.000000 -207856.778463 -1.945451 24.872950
10 298.150000 1.000000 0.500000 0.500000 0.100000 110.000000 0.000000 -207993.203309 -1.783014 24.878944
10 298.150000 1.000000 0.500000 0.500000 0.100000 110.000000 0.000000 -208218.639560 -2.148040 24.905624
10 298.150000 1.000000 0.500000 0.500000 0.100000 110.000000 0.000000 -207675.244569 -5.235838 24.884491
9 298.150000 1.000000 0.400000 0.500000 0.100000 110.000000 0.000000 -207776.833406 6.912001 25.214897
7 298.150000 1.000000 0.200000 0.500000 0.100000 110.000000 0.000000 -208011.124659 6.021093 25.049050
8 298.150000 1.000000 0.300000 0.500000 0.100000 110.000000 0.000000 -207629.355529 8.324875 25.224689
8 298.150000 1.000000 0.300000 0.500000 0.100000 110.000000 0.000000 -207592.469556 -1.912256 25.045660
8 298.150000 1.000000 0.300000 0.500000 0.100000 110.000000 0.000000 -207938.499623 9.221143 24.957829
7 298.150000 1.000000 0.200000 0.500000 0.100000 110.000000 0.000000 -207964.214338 23.157463 25.187493
7 298.150000 1.000000 0.200000 0.500000 0.100000 110.000000 0.000000 -207808.777454 15.004705 25.001460
8 298.150000 1.000000 0.300000 0.500000 0.100000 110.000000 0.000000 -207598.697067 2.694891 25.216292
10 298.150000 1.000000 0.500000 0.500000 0.100000 110.000000 0.000000 -207712.776950 -3.070215 24.926908
10 298.150000 1.000000 0.500000 0.500000 0.100000 110.000000 0.000000 -207831.243432 8.067023 24.875936
9 298.150000 1.000000 0.400000 0.500000 0.100000 110.000000 0.000000 -207963.410057 10.343599 25.126473
7 298.150000 1.000000 0.200000 0.500000 0.100000 110.000000 0.000000 -207985.081110 19.970832 25.178459
7 298.150000 1.000000 0.200000 0.500000 0.100000 110.000000 0.000000 -207841.899081 8.637385 25.157774
8 298.150000 1.000000 0.300000 0.500000 0.100000 110.000000 0.000000 -208129.342495 11.093197 25.226234
7 298.150000 1.000000 0.200000 0.500000 0.100000 110.000000 0.000000 -207867.181015 13.930115 25.070220
7 298.150000 1.000000 0.200000 0.500000 0.100000 110.000000 0.000000 -208133.319390 9.569371 24.979599
8 298.150000 1.000000 0.300000 0.500000 0.100000 110.000000 0.000000 -207556.260492 -0.919388 25.224020
8 298.150000 1.000000 0.300000 0.500000 0.100000 110.000000 0.000000 -207785.357792 12.586702 24.894387
8 298.150000 1.000000 0.300000 0.500000 0.100000 110.000000 0.000000 -207885.161496 15.921676 24.809025
7 298.150000 1.000000 0.200000 0.500000 0.100000 110.000000 0.000000 -207643.702803 2.156636 25.217909
9 298.150000 1.000000 0.400000 0.500000 0.100000 110.000000 0.000000 -208013.606344 -2.606126 24.910261
9 298.150000 1.000000 0.400000 0.500000 0.100000 110.000000 0.000000 -207851.201333 4.756165 24.890702
9 298.150000 1.000000 0.400000 0.500000 0.100000 110.000000 0.000000 -207736.838829 6.210573 24.891105
8 298.150000 1.000000 0.300000 0.500000 0.100000 110.000000 0.000000 -207690.187634 7.857460 24.882941
8 298.150000 1.000000 0.300000 0.500000 0.100000 110.000000 0.000000 -207642.072298 16.286480 24.954285
8 298.150000 1.000000 0.300000 0.500000 0.100000 110.000000 0.000000 -208007.601233 6.205484 25.272319
9 298.150000 1.000000 0.400000 0.500000 0.100000 110.000000 0.000000 -207607.583844 8.562119 24.780052
7 298.150000 1.000000 0.200000 0.500000 0.100000 110.000000 0.000000 -207520.502993 29.362851 24.721935
6 298.150000 1.000000 0.100000 0.500000 0.100000 110.000000 0.000000 -208065.017054 18.538557 25.276674
6 298.150000 1.000000 0.100000 0.500000 0.100000 110.000000 0.000000 -208139.770426 37.152921 24.905846
6 298.150000 1.000000 0.100000 0.500000 0.100000 110.000000 0.000000 -207627.951633 63.989415 25.238199
4 298.150000 1.000000 0.000000 0.400000 0.100000 110.000000 0.000000 -207513.553662 88.007308 25.056332
4 298.150000 1.000000 0.000000 0.400000 0.100000 110.000000 0.000000 -207850.543835 31.305204 25.254067
6 298.150000 1.000000 0.100000 0.500000 0.100000 110.000000 0.000000 -207734.108253 46.802200 25.104298
6 298.150000 1.000000 0.100000 0.500000 0.100000 110.000000 0.000000 -207696.911815 24.553242 25.192031
7 298.150000 1.000000 0.200000 0.500000 0.100000 110.000000 0.000000 -207738.386736 18.762780 24.938272
6 298.150000 1.000000 0.100000 0.500000 0.100000 110.000000 0.000000 -207477.781855 34.179679 24.991126
6 298.150000 1.000000 0.100000 0.500000 0.100000 110.000000 0.000000 -207904.760585 64.640802 24.943002
6 298.150000 1.000000 0.100000 0.500000 0.100000 110.000000 0.000000 -207614.223786 45.857220 24.588361
6 298.150000 1.000000 0.100000 0.500000 0.100000 110.000000 0.000000 -207865.597248 28.111318 24.826005
7 298.150000 1.000000 0.200000 0.500000 0.100000 110.000000 0.000000 -207676.185558 11.461241 24.867692
7 298.150000 1.000000 0.200000 0.500000 0.100000 110.000000 0.000000 -208154.309796 14.948089 24.932936
7 298.150000 1.000000 0.200000 0.500000 0.100000 110.000000 0.000000 -207941.047590 27.207015 24.890605
6 298.150000 1.000000 0.100000 0.500000 0.100000 110.000000 0.000000 -207748.895662 36.794712 25.344669
6 298.150000 1.000000 0.100000 0.500000 0.100000 110.000000 0.000000 -208007.744372 31.433248 25.070725
6 298.150000 1.000000 0.100000 0.500000 0.100000 110.000000 0.000000 -207583.243121 22.367360 25.024209
6 298.150000 1.000000 0.100000 0.500000 0.100000 110.000000 0.000000 -207744.249092 29.211136 24.786227
6 298.150000 1.000000 0.100000 0.500000 0.100000 110.000000 0.000000 -207549.734327 37.495123 25.088767
6 298.150000 1.000000 0.100000 0.500000 0.100000 110.000000 0.000000 -207762.996977 34.219996 25.118920
6 298.150000 1.000000 0.100000 0.500000 0.100000 110.000000 0.000000 -207818.280121 37.926098 24.687780
6 298.150000 1.000000 0.100000 0.500000 0.100000 110.000000 0.000000 -207425.899097 34.367220 24.862664
6 298.150000 1.000000 0.100000 0.500000 0.100000 110.000000 0.000000 -207853.370591 27.331613 24.812270
6 298.150000 1.000000 0.100000 0.500000 0.100000 110.000000 0.000000 -207870.148860 61.444074 24.802797
6 298.150000 1.000000 0.100000 0.500000 0.100000 110.000000 0.000000 -207235.373379 55.552953 24.953399
5 298.150000 1.000000 0.000000 0.500000 0.100000 110.000000 0.000000 -207470.216956 96.883432 24.919119
5 298.150000 1.000000 0.000000 0.500000 0.100000 110.000000 0.000000 -207710.628202 73.547063 24.882451
3 298.150000 1.000000 0.000000 0.300000 0.100000 110.000000 0.000000 -208032.492506 80.914470 24.935331
5 298.150000 1.000000 0.000000 0.500000 0.100000 110.000000 0.000000 -208064.534031 84.392950 25.040851
4 298.150000 1.000000 0.000000 0.400000 0.100000 110.000000 0.000000 -208134.443205 89.400171 25.239254
5 298.150000 1.000000 0.000000 0.500000 0.100000 110.000000 0.000000 -207944.718268 41.913410 25.031527
5 298.150000 1.000000 0.000000 0.500000 0.100000 110.000000 0.000000 -207539.293833 81.178606 25.240632
4 298.150000 1.000000 0.000000 0.400000 0.100000 110.000000 0.000000 -207877.506377 66.241383 24.531188
5 298.150000 1.000000 0.000000 0.500000 0.100000 110.000000 0.000000 -207827.325009 89.785883 24.653109
5 298.150000 1.000000 0.000000 0.500000 0.100000 110.000000 0.000000 -207815.854567 74.678040 24.982839
5 298.150000 1.000000 0.000000 0.500000 0.100000 110.000000 0.000000 -208026.451861 72.507386 24.875754
